[8.454s] Invoking command in '/home/jetson/ros2_ws/src/exer2_control': PYTHONPATH=/home/jetson/ros2_ws/src/build/exer2_control/prefix_override:/usr/lib/python3/dist-packages/colcon_core/task/python/colcon_distutils_commands:/home/jetson/ros2_ws/src/install/exer2_control/lib/python3.8/site-packages:${PYTHONPATH} /usr/bin/python3 -W ignore:setup.py install is deprecated -W ignore:easy_install command is deprecated setup.py egg_info --egg-base ../build/exer2_control build --build-base /home/jetson/ros2_ws/src/build/exer2_control/build install --record /home/jetson/ros2_ws/src/build/exer2_control/install.log --install-scripts $base/lib/exer2_control --single-version-externally-managed install_data
[9.962s] /usr/local/lib/python3.8/dist-packages/setuptools/dist.py:717: UserWarning: Usage of dash-separated 'script-dir' will not be supported in future versions. Please use the underscore name 'script_dir' instead
[9.963s]   warnings.warn(
[10.256s] running egg_info
[10.263s] writing ../build/exer2_control/exer2_control.egg-info/PKG-INFO
[10.263s] writing dependency_links to ../build/exer2_control/exer2_control.egg-info/dependency_links.txt
[10.264s] writing entry points to ../build/exer2_control/exer2_control.egg-info/entry_points.txt
[10.265s] writing requirements to ../build/exer2_control/exer2_control.egg-info/requires.txt
[10.265s] writing top-level names to ../build/exer2_control/exer2_control.egg-info/top_level.txt
[10.281s] reading manifest file '../build/exer2_control/exer2_control.egg-info/SOURCES.txt'
[10.288s] writing manifest file '../build/exer2_control/exer2_control.egg-info/SOURCES.txt'
[10.288s] running build
[10.289s] running build_py
[10.290s] running install
[10.293s] running install_lib
[10.304s] running install_data
[10.305s] running install_egg_info
[10.312s] removing '/home/jetson/ros2_ws/src/install/exer2_control/lib/python3.8/site-packages/exer2_control-0.0.0-py3.8.egg-info' (and everything under it)
[10.313s] Copying ../build/exer2_control/exer2_control.egg-info to /home/jetson/ros2_ws/src/install/exer2_control/lib/python3.8/site-packages/exer2_control-0.0.0-py3.8.egg-info
[10.326s] running install_scripts
[10.421s] Installing controller script to /home/jetson/ros2_ws/src/install/exer2_control/lib/exer2_control
[10.422s] writing list of installed files to '/home/jetson/ros2_ws/src/build/exer2_control/install.log'
[10.618s] Invoked command in '/home/jetson/ros2_ws/src/exer2_control' returned '0': PYTHONPATH=/home/jetson/ros2_ws/src/build/exer2_control/prefix_override:/usr/lib/python3/dist-packages/colcon_core/task/python/colcon_distutils_commands:/home/jetson/ros2_ws/src/install/exer2_control/lib/python3.8/site-packages:${PYTHONPATH} /usr/bin/python3 -W ignore:setup.py install is deprecated -W ignore:easy_install command is deprecated setup.py egg_info --egg-base ../build/exer2_control build --build-base /home/jetson/ros2_ws/src/build/exer2_control/build install --record /home/jetson/ros2_ws/src/build/exer2_control/install.log --install-scripts $base/lib/exer2_control --single-version-externally-managed install_data
