[8.191s] Invoking command in '/home/jetson/ros2_ws/src/dummy_waypoint_publisher': PYTHONPATH=/home/jetson/ros2_ws/src/build/dummy_waypoint_publisher/prefix_override:/usr/lib/python3/dist-packages/colcon_core/task/python/colcon_distutils_commands:/home/jetson/ros2_ws/src/install/dummy_waypoint_publisher/lib/python3.8/site-packages:${PYTHONPATH} /usr/bin/python3 -W ignore:setup.py install is deprecated -W ignore:easy_install command is deprecated setup.py egg_info --egg-base ../build/dummy_waypoint_publisher build --build-base /home/jetson/ros2_ws/src/build/dummy_waypoint_publisher/build install --record /home/jetson/ros2_ws/src/build/dummy_waypoint_publisher/install.log --install-scripts $base/lib/dummy_waypoint_publisher --single-version-externally-managed install_data
[9.611s] /usr/local/lib/python3.8/dist-packages/setuptools/dist.py:717: UserWarning: Usage of dash-separated 'script-dir' will not be supported in future versions. Please use the underscore name 'script_dir' instead
[9.612s]   warnings.warn(
[9.899s] running egg_info
[9.905s] writing ../build/dummy_waypoint_publisher/dummy_waypoint_publisher.egg-info/PKG-INFO
[9.908s] writing dependency_links to ../build/dummy_waypoint_publisher/dummy_waypoint_publisher.egg-info/dependency_links.txt
[9.910s] writing entry points to ../build/dummy_waypoint_publisher/dummy_waypoint_publisher.egg-info/entry_points.txt
[9.913s] writing requirements to ../build/dummy_waypoint_publisher/dummy_waypoint_publisher.egg-info/requires.txt
[9.917s] writing top-level names to ../build/dummy_waypoint_publisher/dummy_waypoint_publisher.egg-info/top_level.txt
[9.942s] reading manifest file '../build/dummy_waypoint_publisher/dummy_waypoint_publisher.egg-info/SOURCES.txt'
[9.958s] writing manifest file '../build/dummy_waypoint_publisher/dummy_waypoint_publisher.egg-info/SOURCES.txt'
[9.962s] running build
[9.963s] running build_py
[9.966s] running install
[9.970s] running install_lib
[9.979s] running install_data
[9.981s] running install_egg_info
[9.992s] removing '/home/jetson/ros2_ws/src/install/dummy_waypoint_publisher/lib/python3.8/site-packages/dummy_waypoint_publisher-0.0.0-py3.8.egg-info' (and everything under it)
[10.002s] Copying ../build/dummy_waypoint_publisher/dummy_waypoint_publisher.egg-info to /home/jetson/ros2_ws/src/install/dummy_waypoint_publisher/lib/python3.8/site-packages/dummy_waypoint_publisher-0.0.0-py3.8.egg-info
[10.016s] running install_scripts
[10.124s] Installing waypoint_publisher script to /home/jetson/ros2_ws/src/install/dummy_waypoint_publisher/lib/dummy_waypoint_publisher
[10.127s] writing list of installed files to '/home/jetson/ros2_ws/src/build/dummy_waypoint_publisher/install.log'
[11.721s] Invoked command in '/home/jetson/ros2_ws/src/dummy_waypoint_publisher' returned '0': PYTHONPATH=/home/jetson/ros2_ws/src/build/dummy_waypoint_publisher/prefix_override:/usr/lib/python3/dist-packages/colcon_core/task/python/colcon_distutils_commands:/home/jetson/ros2_ws/src/install/dummy_waypoint_publisher/lib/python3.8/site-packages:${PYTHONPATH} /usr/bin/python3 -W ignore:setup.py install is deprecated -W ignore:easy_install command is deprecated setup.py egg_info --egg-base ../build/dummy_waypoint_publisher build --build-base /home/jetson/ros2_ws/src/build/dummy_waypoint_publisher/build install --record /home/jetson/ros2_ws/src/build/dummy_waypoint_publisher/install.log --install-scripts $base/lib/dummy_waypoint_publisher --single-version-externally-managed install_data
