[14.642s] Invoking command in '/home/jetson/ros2_ws/src/comm_node': PYTHONPATH=/home/jetson/ros2_ws/build/comm_node/prefix_override:/usr/lib/python3/dist-packages/colcon_core/task/python/colcon_distutils_commands:/home/jetson/ros2_ws/install/comm_node/lib/python3.8/site-packages:${PYTHONPATH} /usr/bin/python3 -W ignore:setup.py install is deprecated -W ignore:easy_install command is deprecated setup.py egg_info --egg-base ../../build/comm_node build --build-base /home/jetson/ros2_ws/build/comm_node/build install --record /home/jetson/ros2_ws/build/comm_node/install.log --install-scripts $base/lib/comm_node --single-version-externally-managed install_data
[17.026s] /usr/local/lib/python3.8/dist-packages/setuptools/dist.py:717: UserWarning: Usage of dash-separated 'script-dir' will not be supported in future versions. Please use the underscore name 'script_dir' instead
[17.026s]   warnings.warn(
[17.204s] running egg_info
[17.207s] writing ../../build/comm_node/comm_node.egg-info/PKG-INFO
[17.209s] writing dependency_links to ../../build/comm_node/comm_node.egg-info/dependency_links.txt
[17.209s] writing entry points to ../../build/comm_node/comm_node.egg-info/entry_points.txt
[17.210s] writing requirements to ../../build/comm_node/comm_node.egg-info/requires.txt
[17.211s] writing top-level names to ../../build/comm_node/comm_node.egg-info/top_level.txt
[17.226s] reading manifest file '../../build/comm_node/comm_node.egg-info/SOURCES.txt'
[17.231s] writing manifest file '../../build/comm_node/comm_node.egg-info/SOURCES.txt'
[17.231s] running build
[17.232s] running build_py
[17.237s] running install
[17.243s] running install_lib
[17.253s] running install_data
[17.254s] running install_egg_info
[17.267s] removing '/home/jetson/ros2_ws/install/comm_node/lib/python3.8/site-packages/comm_node-0.0.1-py3.8.egg-info' (and everything under it)
[17.270s] Copying ../../build/comm_node/comm_node.egg-info to /home/jetson/ros2_ws/install/comm_node/lib/python3.8/site-packages/comm_node-0.0.1-py3.8.egg-info
[17.277s] running install_scripts
[17.407s] Installing comm script to /home/jetson/ros2_ws/install/comm_node/lib/comm_node
[17.426s] writing list of installed files to '/home/jetson/ros2_ws/build/comm_node/install.log'
[18.210s] Invoked command in '/home/jetson/ros2_ws/src/comm_node' returned '0': PYTHONPATH=/home/jetson/ros2_ws/build/comm_node/prefix_override:/usr/lib/python3/dist-packages/colcon_core/task/python/colcon_distutils_commands:/home/jetson/ros2_ws/install/comm_node/lib/python3.8/site-packages:${PYTHONPATH} /usr/bin/python3 -W ignore:setup.py install is deprecated -W ignore:easy_install command is deprecated setup.py egg_info --egg-base ../../build/comm_node build --build-base /home/jetson/ros2_ws/build/comm_node/build install --record /home/jetson/ros2_ws/build/comm_node/install.log --install-scripts $base/lib/comm_node --single-version-externally-managed install_data
