[7.689s] Invoking command in '/home/jetson/ros2_ws/src/image_processor': PYTHONPATH=/home/jetson/ros2_ws/build/image_processor/prefix_override:/usr/lib/python3/dist-packages/colcon_core/task/python/colcon_distutils_commands:/home/jetson/ros2_ws/install/image_processor/lib/python3.8/site-packages:${PYTHONPATH} /usr/bin/python3 -W ignore:setup.py install is deprecated -W ignore:easy_install command is deprecated setup.py egg_info --egg-base ../../build/image_processor build --build-base /home/jetson/ros2_ws/build/image_processor/build install --record /home/jetson/ros2_ws/build/image_processor/install.log --install-scripts $base/lib/image_processor --single-version-externally-managed install_data
[9.626s] /usr/local/lib/python3.8/dist-packages/setuptools/dist.py:717: UserWarning: Usage of dash-separated 'script-dir' will not be supported in future versions. Please use the underscore name 'script_dir' instead
[9.627s]   warnings.warn(
[9.774s] running egg_info
[9.775s] writing ../../build/image_processor/image_processor.egg-info/PKG-INFO
[9.776s] writing dependency_links to ../../build/image_processor/image_processor.egg-info/dependency_links.txt
[9.777s] writing entry points to ../../build/image_processor/image_processor.egg-info/entry_points.txt
[9.778s] writing requirements to ../../build/image_processor/image_processor.egg-info/requires.txt
[9.778s] writing top-level names to ../../build/image_processor/image_processor.egg-info/top_level.txt
[9.798s] reading manifest file '../../build/image_processor/image_processor.egg-info/SOURCES.txt'
[9.803s] writing manifest file '../../build/image_processor/image_processor.egg-info/SOURCES.txt'
[9.803s] running build
[9.804s] running build_py
[9.804s] copying image_processor/state_machine.py -> /home/jetson/ros2_ws/build/image_processor/build/lib/image_processor
[9.807s] running install
[9.812s] running install_lib
[9.818s] copying /home/jetson/ros2_ws/build/image_processor/build/lib/image_processor/state_machine.py -> /home/jetson/ros2_ws/install/image_processor/lib/python3.8/site-packages/image_processor
[9.822s] byte-compiling /home/jetson/ros2_ws/install/image_processor/lib/python3.8/site-packages/image_processor/state_machine.py to state_machine.cpython-38.pyc
[9.829s] running install_data
[9.830s] running install_egg_info
[9.837s] removing '/home/jetson/ros2_ws/install/image_processor/lib/python3.8/site-packages/image_processor-0.0.0-py3.8.egg-info' (and everything under it)
[9.838s] Copying ../../build/image_processor/image_processor.egg-info to /home/jetson/ros2_ws/install/image_processor/lib/python3.8/site-packages/image_processor-0.0.0-py3.8.egg-info
[9.843s] running install_scripts
[9.936s] Installing state_machine script to /home/jetson/ros2_ws/install/image_processor/lib/image_processor
[9.938s] writing list of installed files to '/home/jetson/ros2_ws/build/image_processor/install.log'
[10.548s] Invoked command in '/home/jetson/ros2_ws/src/image_processor' returned '0': PYTHONPATH=/home/jetson/ros2_ws/build/image_processor/prefix_override:/usr/lib/python3/dist-packages/colcon_core/task/python/colcon_distutils_commands:/home/jetson/ros2_ws/install/image_processor/lib/python3.8/site-packages:${PYTHONPATH} /usr/bin/python3 -W ignore:setup.py install is deprecated -W ignore:easy_install command is deprecated setup.py egg_info --egg-base ../../build/image_processor build --build-base /home/jetson/ros2_ws/build/image_processor/build install --record /home/jetson/ros2_ws/build/image_processor/install.log --install-scripts $base/lib/image_processor --single-version-externally-managed install_data
