[7.868s] Invoking command in '/home/jetson/ros2_ws/build/exer3_control': PYTHONPATH=/home/jetson/ros2_ws/build/exer3_control/prefix_override:/usr/lib/python3/dist-packages/colcon_core/task/python/colcon_distutils_commands:/home/jetson/ros2_ws/install/exer3_control/lib/python3.8/site-packages:${PYTHONPATH} /usr/bin/python3 -W ignore:setup.py install is deprecated -W ignore:easy_install command is deprecated setup.py develop --editable --build-directory /home/jetson/ros2_ws/build/exer3_control/build --no-deps symlink_data
[9.890s] /usr/local/lib/python3.8/dist-packages/setuptools/dist.py:717: UserWarning: Usage of dash-separated 'script-dir' will not be supported in future versions. Please use the underscore name 'script_dir' instead
[9.891s]   warnings.warn(
[10.137s] running develop
[11.072s] running egg_info
[11.072s] writing exer3_control.egg-info/PKG-INFO
[11.074s] writing dependency_links to exer3_control.egg-info/dependency_links.txt
[11.075s] writing entry points to exer3_control.egg-info/entry_points.txt
[11.075s] writing requirements to exer3_control.egg-info/requires.txt
[11.075s] writing top-level names to exer3_control.egg-info/top_level.txt
[11.094s] reading manifest file 'exer3_control.egg-info/SOURCES.txt'
[11.098s] writing manifest file 'exer3_control.egg-info/SOURCES.txt'
[11.281s] running build_ext
[11.281s] Creating /home/jetson/ros2_ws/install/exer3_control/lib/python3.8/site-packages/exer3-control.egg-link (link to .)
[11.285s] Installing flight_controller script to /home/jetson/ros2_ws/install/exer3_control/lib/exer3_control
[11.286s] Installing grabber script to /home/jetson/ros2_ws/install/exer3_control/lib/exer3_control
[11.286s] Installing obs_grabber script to /home/jetson/ros2_ws/install/exer3_control/lib/exer3_control
[11.286s] Installing plotter script to /home/jetson/ros2_ws/install/exer3_control/lib/exer3_control
[11.287s] 
[11.288s] Installed /home/jetson/ros2_ws/build/exer3_control
[11.288s] running symlink_data
[14.325s] Invoked command in '/home/jetson/ros2_ws/build/exer3_control' returned '0': PYTHONPATH=/home/jetson/ros2_ws/build/exer3_control/prefix_override:/usr/lib/python3/dist-packages/colcon_core/task/python/colcon_distutils_commands:/home/jetson/ros2_ws/install/exer3_control/lib/python3.8/site-packages:${PYTHONPATH} /usr/bin/python3 -W ignore:setup.py install is deprecated -W ignore:easy_install command is deprecated setup.py develop --editable --build-directory /home/jetson/ros2_ws/build/exer3_control/build --no-deps symlink_data
