[3.582s] Invoking command in '/home/jetson/ros2_ws/src/waypoint_nav': PYTHONPATH=/home/jetson/ros2_ws/build/waypoint_nav/prefix_override:/usr/lib/python3/dist-packages/colcon_core/task/python/colcon_distutils_commands:/home/jetson/ros2_ws/install/waypoint_nav/lib/python3.8/site-packages:${PYTHONPATH} /usr/bin/python3 -W ignore:setup.py install is deprecated -W ignore:easy_install command is deprecated setup.py egg_info --egg-base ../../build/waypoint_nav build --build-base /home/jetson/ros2_ws/build/waypoint_nav/build install --record /home/jetson/ros2_ws/build/waypoint_nav/install.log --install-scripts $base/lib/waypoint_nav --single-version-externally-managed install_data
[4.810s] /usr/local/lib/python3.8/dist-packages/setuptools/dist.py:717: UserWarning: Usage of dash-separated 'script-dir' will not be supported in future versions. Please use the underscore name 'script_dir' instead
[4.813s]   warnings.warn(
[4.958s] running egg_info
[4.964s] writing ../../build/waypoint_nav/waypoint_nav.egg-info/PKG-INFO
[4.965s] writing dependency_links to ../../build/waypoint_nav/waypoint_nav.egg-info/dependency_links.txt
[4.965s] writing entry points to ../../build/waypoint_nav/waypoint_nav.egg-info/entry_points.txt
[4.966s] writing requirements to ../../build/waypoint_nav/waypoint_nav.egg-info/requires.txt
[4.967s] writing top-level names to ../../build/waypoint_nav/waypoint_nav.egg-info/top_level.txt
[4.984s] reading manifest file '../../build/waypoint_nav/waypoint_nav.egg-info/SOURCES.txt'
[4.988s] writing manifest file '../../build/waypoint_nav/waypoint_nav.egg-info/SOURCES.txt'
[4.989s] running build
[4.990s] running build_py
[4.990s] copying waypoint_nav/waypoint.py -> /home/jetson/ros2_ws/build/waypoint_nav/build/lib/waypoint_nav
[4.992s] running install
[4.996s] running install_lib
[5.001s] copying /home/jetson/ros2_ws/build/waypoint_nav/build/lib/waypoint_nav/waypoint.py -> /home/jetson/ros2_ws/install/waypoint_nav/lib/python3.8/site-packages/waypoint_nav
[5.004s] byte-compiling /home/jetson/ros2_ws/install/waypoint_nav/lib/python3.8/site-packages/waypoint_nav/waypoint.py to waypoint.cpython-38.pyc
[5.018s] running install_data
[5.018s] running install_egg_info
[5.025s] removing '/home/jetson/ros2_ws/install/waypoint_nav/lib/python3.8/site-packages/waypoint_nav-0.0.0-py3.8.egg-info' (and everything under it)
[5.034s] Copying ../../build/waypoint_nav/waypoint_nav.egg-info to /home/jetson/ros2_ws/install/waypoint_nav/lib/python3.8/site-packages/waypoint_nav-0.0.0-py3.8.egg-info
[5.040s] running install_scripts
[5.121s] Installing waypoint script to /home/jetson/ros2_ws/install/waypoint_nav/lib/waypoint_nav
[5.122s] writing list of installed files to '/home/jetson/ros2_ws/build/waypoint_nav/install.log'
[5.230s] Invoked command in '/home/jetson/ros2_ws/src/waypoint_nav' returned '0': PYTHONPATH=/home/jetson/ros2_ws/build/waypoint_nav/prefix_override:/usr/lib/python3/dist-packages/colcon_core/task/python/colcon_distutils_commands:/home/jetson/ros2_ws/install/waypoint_nav/lib/python3.8/site-packages:${PYTHONPATH} /usr/bin/python3 -W ignore:setup.py install is deprecated -W ignore:easy_install command is deprecated setup.py egg_info --egg-base ../../build/waypoint_nav build --build-base /home/jetson/ros2_ws/build/waypoint_nav/build install --record /home/jetson/ros2_ws/build/waypoint_nav/install.log --install-scripts $base/lib/waypoint_nav --single-version-externally-managed install_data
