[5.052s] Invoking command in '/home/jetson/ros2_ws/src/vicon_bridge': PYTHONPATH=/home/jetson/ros2_ws/src/build/vicon_bridge/prefix_override:/usr/lib/python3/dist-packages/colcon_core/task/python/colcon_distutils_commands:/home/jetson/ros2_ws/src/install/vicon_bridge/lib/python3.8/site-packages:${PYTHONPATH} /usr/bin/python3 -W ignore:setup.py install is deprecated -W ignore:easy_install command is deprecated setup.py egg_info --egg-base ../build/vicon_bridge build --build-base /home/jetson/ros2_ws/src/build/vicon_bridge/build install --record /home/jetson/ros2_ws/src/build/vicon_bridge/install.log --install-scripts $base/lib/vicon_bridge --single-version-externally-managed install_data
[6.246s] /usr/local/lib/python3.8/dist-packages/setuptools/dist.py:717: UserWarning: Usage of dash-separated 'script-dir' will not be supported in future versions. Please use the underscore name 'script_dir' instead
[6.247s]   warnings.warn(
[6.389s] running egg_info
[6.397s] writing ../build/vicon_bridge/vicon_bridge.egg-info/PKG-INFO
[6.398s] writing dependency_links to ../build/vicon_bridge/vicon_bridge.egg-info/dependency_links.txt
[6.398s] writing entry points to ../build/vicon_bridge/vicon_bridge.egg-info/entry_points.txt
[6.399s] writing requirements to ../build/vicon_bridge/vicon_bridge.egg-info/requires.txt
[6.399s] writing top-level names to ../build/vicon_bridge/vicon_bridge.egg-info/top_level.txt
[6.407s] reading manifest file '../build/vicon_bridge/vicon_bridge.egg-info/SOURCES.txt'
[6.412s] writing manifest file '../build/vicon_bridge/vicon_bridge.egg-info/SOURCES.txt'
[6.413s] running build
[6.413s] running build_py
[6.415s] running install
[6.418s] running install_lib
[6.424s] running install_data
[6.424s] running install_egg_info
[6.432s] removing '/home/jetson/ros2_ws/src/install/vicon_bridge/lib/python3.8/site-packages/vicon_bridge-0.0.0-py3.8.egg-info' (and everything under it)
[6.433s] Copying ../build/vicon_bridge/vicon_bridge.egg-info to /home/jetson/ros2_ws/src/install/vicon_bridge/lib/python3.8/site-packages/vicon_bridge-0.0.0-py3.8.egg-info
[6.438s] running install_scripts
[6.522s] Installing vicon_bridge script to /home/jetson/ros2_ws/src/install/vicon_bridge/lib/vicon_bridge
[6.523s] writing list of installed files to '/home/jetson/ros2_ws/src/build/vicon_bridge/install.log'
[6.637s] Invoked command in '/home/jetson/ros2_ws/src/vicon_bridge' returned '0': PYTHONPATH=/home/jetson/ros2_ws/src/build/vicon_bridge/prefix_override:/usr/lib/python3/dist-packages/colcon_core/task/python/colcon_distutils_commands:/home/jetson/ros2_ws/src/install/vicon_bridge/lib/python3.8/site-packages:${PYTHONPATH} /usr/bin/python3 -W ignore:setup.py install is deprecated -W ignore:easy_install command is deprecated setup.py egg_info --egg-base ../build/vicon_bridge build --build-base /home/jetson/ros2_ws/src/build/vicon_bridge/build install --record /home/jetson/ros2_ws/src/build/vicon_bridge/install.log --install-scripts $base/lib/vicon_bridge --single-version-externally-managed install_data
