[8.177s] Invoking command in '/home/jetson/ros2_ws/src/dummy_vicon_republisher': PYTHONPATH=/home/jetson/ros2_ws/src/build/dummy_vicon_republisher/prefix_override:/usr/lib/python3/dist-packages/colcon_core/task/python/colcon_distutils_commands:/home/jetson/ros2_ws/src/install/dummy_vicon_republisher/lib/python3.8/site-packages:${PYTHONPATH} /usr/bin/python3 -W ignore:setup.py install is deprecated -W ignore:easy_install command is deprecated setup.py egg_info --egg-base ../build/dummy_vicon_republisher build --build-base /home/jetson/ros2_ws/src/build/dummy_vicon_republisher/build install --record /home/jetson/ros2_ws/src/build/dummy_vicon_republisher/install.log --install-scripts $base/lib/dummy_vicon_republisher --single-version-externally-managed install_data
[9.970s] /usr/local/lib/python3.8/dist-packages/setuptools/dist.py:717: UserWarning: Usage of dash-separated 'script-dir' will not be supported in future versions. Please use the underscore name 'script_dir' instead
[9.971s]   warnings.warn(
[10.360s] running egg_info
[10.370s] writing ../build/dummy_vicon_republisher/dummy_vicon_republisher.egg-info/PKG-INFO
[10.370s] writing dependency_links to ../build/dummy_vicon_republisher/dummy_vicon_republisher.egg-info/dependency_links.txt
[10.374s] writing entry points to ../build/dummy_vicon_republisher/dummy_vicon_republisher.egg-info/entry_points.txt
[10.374s] writing requirements to ../build/dummy_vicon_republisher/dummy_vicon_republisher.egg-info/requires.txt
[10.375s] writing top-level names to ../build/dummy_vicon_republisher/dummy_vicon_republisher.egg-info/top_level.txt
[10.389s] reading manifest file '../build/dummy_vicon_republisher/dummy_vicon_republisher.egg-info/SOURCES.txt'
[10.390s] writing manifest file '../build/dummy_vicon_republisher/dummy_vicon_republisher.egg-info/SOURCES.txt'
[10.390s] running build
[10.391s] running build_py
[10.391s] running install
[10.392s] running install_lib
[10.401s] running install_data
[10.402s] running install_egg_info
[10.413s] removing '/home/jetson/ros2_ws/src/install/dummy_vicon_republisher/lib/python3.8/site-packages/dummy_vicon_republisher-0.0.0-py3.8.egg-info' (and everything under it)
[10.416s] Copying ../build/dummy_vicon_republisher/dummy_vicon_republisher.egg-info to /home/jetson/ros2_ws/src/install/dummy_vicon_republisher/lib/python3.8/site-packages/dummy_vicon_republisher-0.0.0-py3.8.egg-info
[10.421s] running install_scripts
[10.635s] Installing dummy_vicon_republisher script to /home/jetson/ros2_ws/src/install/dummy_vicon_republisher/lib/dummy_vicon_republisher
[10.641s] writing list of installed files to '/home/jetson/ros2_ws/src/build/dummy_vicon_republisher/install.log'
[14.434s] Invoked command in '/home/jetson/ros2_ws/src/dummy_vicon_republisher' returned '0': PYTHONPATH=/home/jetson/ros2_ws/src/build/dummy_vicon_republisher/prefix_override:/usr/lib/python3/dist-packages/colcon_core/task/python/colcon_distutils_commands:/home/jetson/ros2_ws/src/install/dummy_vicon_republisher/lib/python3.8/site-packages:${PYTHONPATH} /usr/bin/python3 -W ignore:setup.py install is deprecated -W ignore:easy_install command is deprecated setup.py egg_info --egg-base ../build/dummy_vicon_republisher build --build-base /home/jetson/ros2_ws/src/build/dummy_vicon_republisher/build install --record /home/jetson/ros2_ws/src/build/dummy_vicon_republisher/install.log --install-scripts $base/lib/dummy_vicon_republisher --single-version-externally-managed install_data
