[7.168s] Invoking command in '/home/jetson/ros2_ws/src/exer2_control': PYTHONPATH=/home/jetson/ros2_ws/build/exer2_control/prefix_override:/usr/lib/python3/dist-packages/colcon_core/task/python/colcon_distutils_commands:/home/jetson/ros2_ws/install/exer2_control/lib/python3.8/site-packages:${PYTHONPATH} /usr/bin/python3 -W ignore:setup.py install is deprecated -W ignore:easy_install command is deprecated setup.py egg_info --egg-base ../../build/exer2_control build --build-base /home/jetson/ros2_ws/build/exer2_control/build install --record /home/jetson/ros2_ws/build/exer2_control/install.log --install-scripts $base/lib/exer2_control --single-version-externally-managed install_data
[8.528s] /usr/local/lib/python3.8/dist-packages/setuptools/dist.py:717: UserWarning: Usage of dash-separated 'script-dir' will not be supported in future versions. Please use the underscore name 'script_dir' instead
[8.529s]   warnings.warn(
[8.760s] running egg_info
[8.766s] creating ../../build/exer2_control/exer2_control.egg-info
[8.779s] writing ../../build/exer2_control/exer2_control.egg-info/PKG-INFO
[8.779s] writing dependency_links to ../../build/exer2_control/exer2_control.egg-info/dependency_links.txt
[8.780s] writing entry points to ../../build/exer2_control/exer2_control.egg-info/entry_points.txt
[8.781s] writing requirements to ../../build/exer2_control/exer2_control.egg-info/requires.txt
[8.782s] writing top-level names to ../../build/exer2_control/exer2_control.egg-info/top_level.txt
[8.782s] writing manifest file '../../build/exer2_control/exer2_control.egg-info/SOURCES.txt'
[8.783s] reading manifest file '../../build/exer2_control/exer2_control.egg-info/SOURCES.txt'
[8.784s] writing manifest file '../../build/exer2_control/exer2_control.egg-info/SOURCES.txt'
[8.784s] running build
[8.785s] running build_py
[8.785s] creating /home/jetson/ros2_ws/build/exer2_control/build
[8.786s] creating /home/jetson/ros2_ws/build/exer2_control/build/lib
[8.786s] creating /home/jetson/ros2_ws/build/exer2_control/build/lib/exer2_control
[8.787s] copying exer2_control/controller.py -> /home/jetson/ros2_ws/build/exer2_control/build/lib/exer2_control
[8.787s] copying exer2_control/__init__.py -> /home/jetson/ros2_ws/build/exer2_control/build/lib/exer2_control
[8.798s] running install
[8.799s] running install_lib
[8.800s] creating /home/jetson/ros2_ws/install/exer2_control/lib/python3.8/site-packages/exer2_control
[8.801s] copying /home/jetson/ros2_ws/build/exer2_control/build/lib/exer2_control/controller.py -> /home/jetson/ros2_ws/install/exer2_control/lib/python3.8/site-packages/exer2_control
[8.801s] copying /home/jetson/ros2_ws/build/exer2_control/build/lib/exer2_control/__init__.py -> /home/jetson/ros2_ws/install/exer2_control/lib/python3.8/site-packages/exer2_control
[8.802s] byte-compiling /home/jetson/ros2_ws/install/exer2_control/lib/python3.8/site-packages/exer2_control/controller.py to controller.cpython-38.pyc
[8.810s] byte-compiling /home/jetson/ros2_ws/install/exer2_control/lib/python3.8/site-packages/exer2_control/__init__.py to __init__.cpython-38.pyc
[8.811s] running install_data
[8.811s] creating /home/jetson/ros2_ws/install/exer2_control/share/ament_index
[8.812s] creating /home/jetson/ros2_ws/install/exer2_control/share/ament_index/resource_index
[8.812s] creating /home/jetson/ros2_ws/install/exer2_control/share/ament_index/resource_index/packages
[8.812s] copying resource/exer2_control -> /home/jetson/ros2_ws/install/exer2_control/share/ament_index/resource_index/packages
[8.813s] copying package.xml -> /home/jetson/ros2_ws/install/exer2_control/share/exer2_control
[8.813s] running install_egg_info
[8.815s] Copying ../../build/exer2_control/exer2_control.egg-info to /home/jetson/ros2_ws/install/exer2_control/lib/python3.8/site-packages/exer2_control-0.0.0-py3.8.egg-info
[8.815s] running install_scripts
[8.911s] Installing controller script to /home/jetson/ros2_ws/install/exer2_control/lib/exer2_control
[8.914s] writing list of installed files to '/home/jetson/ros2_ws/build/exer2_control/install.log'
[9.057s] Invoked command in '/home/jetson/ros2_ws/src/exer2_control' returned '0': PYTHONPATH=/home/jetson/ros2_ws/build/exer2_control/prefix_override:/usr/lib/python3/dist-packages/colcon_core/task/python/colcon_distutils_commands:/home/jetson/ros2_ws/install/exer2_control/lib/python3.8/site-packages:${PYTHONPATH} /usr/bin/python3 -W ignore:setup.py install is deprecated -W ignore:easy_install command is deprecated setup.py egg_info --egg-base ../../build/exer2_control build --build-base /home/jetson/ros2_ws/build/exer2_control/build install --record /home/jetson/ros2_ws/build/exer2_control/install.log --install-scripts $base/lib/exer2_control --single-version-externally-managed install_data
