[12.461s] Invoking command in '/home/jetson/ros2_ws/src/api_waypoint': PYTHONPATH=/home/jetson/ros2_ws/src/build/api_waypoint/prefix_override:/usr/lib/python3/dist-packages/colcon_core/task/python/colcon_distutils_commands:/home/jetson/ros2_ws/src/install/api_waypoint/lib/python3.8/site-packages:${PYTHONPATH} /usr/bin/python3 -W ignore:setup.py install is deprecated -W ignore:easy_install command is deprecated setup.py egg_info --egg-base ../build/api_waypoint build --build-base /home/jetson/ros2_ws/src/build/api_waypoint/build install --record /home/jetson/ros2_ws/src/build/api_waypoint/install.log --install-scripts $base/lib/api_waypoint --single-version-externally-managed install_data
[14.542s] /usr/local/lib/python3.8/dist-packages/setuptools/dist.py:717: UserWarning: Usage of dash-separated 'script-dir' will not be supported in future versions. Please use the underscore name 'script_dir' instead
[14.543s]   warnings.warn(
[14.847s] running egg_info
[14.854s] writing ../build/api_waypoint/api_waypoint.egg-info/PKG-INFO
[14.855s] writing dependency_links to ../build/api_waypoint/api_waypoint.egg-info/dependency_links.txt
[14.856s] writing entry points to ../build/api_waypoint/api_waypoint.egg-info/entry_points.txt
[14.856s] writing requirements to ../build/api_waypoint/api_waypoint.egg-info/requires.txt
[14.857s] writing top-level names to ../build/api_waypoint/api_waypoint.egg-info/top_level.txt
[14.894s] reading manifest file '../build/api_waypoint/api_waypoint.egg-info/SOURCES.txt'
[14.904s] writing manifest file '../build/api_waypoint/api_waypoint.egg-info/SOURCES.txt'
[14.911s] running build
[14.911s] running build_py
[14.912s] running install
[14.917s] running install_lib
[14.939s] running install_data
[14.943s] running install_egg_info
[14.954s] removing '/home/jetson/ros2_ws/src/install/api_waypoint/lib/python3.8/site-packages/api_waypoint-0.0.0-py3.8.egg-info' (and everything under it)
[14.970s] Copying ../build/api_waypoint/api_waypoint.egg-info to /home/jetson/ros2_ws/src/install/api_waypoint/lib/python3.8/site-packages/api_waypoint-0.0.0-py3.8.egg-info
[14.985s] running install_scripts
[15.110s] Installing api_waypoint_node script to /home/jetson/ros2_ws/src/install/api_waypoint/lib/api_waypoint
[15.115s] writing list of installed files to '/home/jetson/ros2_ws/src/build/api_waypoint/install.log'
[15.338s] Invoked command in '/home/jetson/ros2_ws/src/api_waypoint' returned '0': PYTHONPATH=/home/jetson/ros2_ws/src/build/api_waypoint/prefix_override:/usr/lib/python3/dist-packages/colcon_core/task/python/colcon_distutils_commands:/home/jetson/ros2_ws/src/install/api_waypoint/lib/python3.8/site-packages:${PYTHONPATH} /usr/bin/python3 -W ignore:setup.py install is deprecated -W ignore:easy_install command is deprecated setup.py egg_info --egg-base ../build/api_waypoint build --build-base /home/jetson/ros2_ws/src/build/api_waypoint/build install --record /home/jetson/ros2_ws/src/build/api_waypoint/install.log --install-scripts $base/lib/api_waypoint --single-version-externally-managed install_data
