/usr/local/lib/python3.8/dist-packages/setuptools/dist.py:717: UserWarning: Usage of dash-separated 'script-dir' will not be supported in future versions. Please use the underscore name 'script_dir' instead
  warnings.warn(
running develop
running egg_info
creating dummy_waypoint_publisher.egg-info
writing dummy_waypoint_publisher.egg-info/PKG-INFO
writing dependency_links to dummy_waypoint_publisher.egg-info/dependency_links.txt
writing entry points to dummy_waypoint_publisher.egg-info/entry_points.txt
writing requirements to dummy_waypoint_publisher.egg-info/requires.txt
writing top-level names to dummy_waypoint_publisher.egg-info/top_level.txt
writing manifest file 'dummy_waypoint_publisher.egg-info/SOURCES.txt'
reading manifest file 'dummy_waypoint_publisher.egg-info/SOURCES.txt'
writing manifest file 'dummy_waypoint_publisher.egg-info/SOURCES.txt'
running build_ext
Creating /home/jetson/ros2_ws/install/dummy_waypoint_publisher/lib/python3.8/site-packages/dummy-waypoint-publisher.egg-link (link to .)
Installing waypoint_publisher script to /home/jetson/ros2_ws/install/dummy_waypoint_publisher/lib/dummy_waypoint_publisher

Installed /home/jetson/ros2_ws/build/dummy_waypoint_publisher
running symlink_data
creating /home/jetson/ros2_ws/install/dummy_waypoint_publisher/share/ament_index
creating /home/jetson/ros2_ws/install/dummy_waypoint_publisher/share/ament_index/resource_index
creating /home/jetson/ros2_ws/install/dummy_waypoint_publisher/share/ament_index/resource_index/packages
symbolically linking /home/jetson/ros2_ws/build/dummy_waypoint_publisher/resource/dummy_waypoint_publisher -> /home/jetson/ros2_ws/install/dummy_waypoint_publisher/share/ament_index/resource_index/packages
symbolically linking /home/jetson/ros2_ws/build/dummy_waypoint_publisher/package.xml -> /home/jetson/ros2_ws/install/dummy_waypoint_publisher/share/dummy_waypoint_publisher
