[8.087s] Invoking command in '/home/jetson/ros2_ws/build/dummy_waypoint_publisher': PYTHONPATH=/home/jetson/ros2_ws/build/dummy_waypoint_publisher/prefix_override:/usr/lib/python3/dist-packages/colcon_core/task/python/colcon_distutils_commands:/home/jetson/ros2_ws/install/dummy_waypoint_publisher/lib/python3.8/site-packages:${PYTHONPATH} /usr/bin/python3 -W ignore:setup.py install is deprecated -W ignore:easy_install command is deprecated setup.py develop --editable --build-directory /home/jetson/ros2_ws/build/dummy_waypoint_publisher/build --no-deps symlink_data
[9.500s] /usr/local/lib/python3.8/dist-packages/setuptools/dist.py:717: UserWarning: Usage of dash-separated 'script-dir' will not be supported in future versions. Please use the underscore name 'script_dir' instead
[9.501s]   warnings.warn(
[9.755s] running develop
[10.674s] running egg_info
[10.675s] creating dummy_waypoint_publisher.egg-info
[10.676s] writing dummy_waypoint_publisher.egg-info/PKG-INFO
[10.677s] writing dependency_links to dummy_waypoint_publisher.egg-info/dependency_links.txt
[10.679s] writing entry points to dummy_waypoint_publisher.egg-info/entry_points.txt
[10.680s] writing requirements to dummy_waypoint_publisher.egg-info/requires.txt
[10.680s] writing top-level names to dummy_waypoint_publisher.egg-info/top_level.txt
[10.687s] writing manifest file 'dummy_waypoint_publisher.egg-info/SOURCES.txt'
[10.695s] reading manifest file 'dummy_waypoint_publisher.egg-info/SOURCES.txt'
[10.701s] writing manifest file 'dummy_waypoint_publisher.egg-info/SOURCES.txt'
[10.905s] running build_ext
[10.906s] Creating /home/jetson/ros2_ws/install/dummy_waypoint_publisher/lib/python3.8/site-packages/dummy-waypoint-publisher.egg-link (link to .)
[10.912s] Installing waypoint_publisher script to /home/jetson/ros2_ws/install/dummy_waypoint_publisher/lib/dummy_waypoint_publisher
[10.914s] 
[10.915s] Installed /home/jetson/ros2_ws/build/dummy_waypoint_publisher
[10.916s] running symlink_data
[10.917s] creating /home/jetson/ros2_ws/install/dummy_waypoint_publisher/share/ament_index
[10.918s] creating /home/jetson/ros2_ws/install/dummy_waypoint_publisher/share/ament_index/resource_index
[10.919s] creating /home/jetson/ros2_ws/install/dummy_waypoint_publisher/share/ament_index/resource_index/packages
[10.920s] symbolically linking /home/jetson/ros2_ws/build/dummy_waypoint_publisher/resource/dummy_waypoint_publisher -> /home/jetson/ros2_ws/install/dummy_waypoint_publisher/share/ament_index/resource_index/packages
[10.921s] symbolically linking /home/jetson/ros2_ws/build/dummy_waypoint_publisher/package.xml -> /home/jetson/ros2_ws/install/dummy_waypoint_publisher/share/dummy_waypoint_publisher
[11.359s] Invoked command in '/home/jetson/ros2_ws/build/dummy_waypoint_publisher' returned '0': PYTHONPATH=/home/jetson/ros2_ws/build/dummy_waypoint_publisher/prefix_override:/usr/lib/python3/dist-packages/colcon_core/task/python/colcon_distutils_commands:/home/jetson/ros2_ws/install/dummy_waypoint_publisher/lib/python3.8/site-packages:${PYTHONPATH} /usr/bin/python3 -W ignore:setup.py install is deprecated -W ignore:easy_install command is deprecated setup.py develop --editable --build-directory /home/jetson/ros2_ws/build/dummy_waypoint_publisher/build --no-deps symlink_data
