[14.994s] Invoking command in '/home/jetson/ros2_ws/build/exer3_control': PYTHONPATH=/home/jetson/ros2_ws/build/exer3_control/prefix_override:/usr/lib/python3/dist-packages/colcon_core/task/python/colcon_distutils_commands:/home/jetson/ros2_ws/install/exer3_control/lib/python3.8/site-packages:${PYTHONPATH} /usr/bin/python3 -W ignore:setup.py install is deprecated -W ignore:easy_install command is deprecated setup.py develop --editable --build-directory /home/jetson/ros2_ws/build/exer3_control/build --no-deps symlink_data
[16.742s] /usr/local/lib/python3.8/dist-packages/setuptools/dist.py:717: UserWarning: Usage of dash-separated 'script-dir' will not be supported in future versions. Please use the underscore name 'script_dir' instead
[16.743s]   warnings.warn(
[17.060s] running develop
[18.191s] running egg_info
[18.192s] writing exer3_control.egg-info/PKG-INFO
[18.193s] writing dependency_links to exer3_control.egg-info/dependency_links.txt
[18.194s] writing entry points to exer3_control.egg-info/entry_points.txt
[18.197s] writing requirements to exer3_control.egg-info/requires.txt
[18.197s] writing top-level names to exer3_control.egg-info/top_level.txt
[18.220s] reading manifest file 'exer3_control.egg-info/SOURCES.txt'
[18.230s] writing manifest file 'exer3_control.egg-info/SOURCES.txt'
[18.486s] running build_ext
[18.488s] Creating /home/jetson/ros2_ws/install/exer3_control/lib/python3.8/site-packages/exer3-control.egg-link (link to .)
[18.492s] Installing flight_controller script to /home/jetson/ros2_ws/install/exer3_control/lib/exer3_control
[18.492s] Installing grabber script to /home/jetson/ros2_ws/install/exer3_control/lib/exer3_control
[18.493s] Installing obs_grabber script to /home/jetson/ros2_ws/install/exer3_control/lib/exer3_control
[18.494s] Installing plotter script to /home/jetson/ros2_ws/install/exer3_control/lib/exer3_control
[18.499s] 
[18.500s] Installed /home/jetson/ros2_ws/build/exer3_control
[18.501s] running symlink_data
[19.268s] Invoked command in '/home/jetson/ros2_ws/build/exer3_control' returned '0': PYTHONPATH=/home/jetson/ros2_ws/build/exer3_control/prefix_override:/usr/lib/python3/dist-packages/colcon_core/task/python/colcon_distutils_commands:/home/jetson/ros2_ws/install/exer3_control/lib/python3.8/site-packages:${PYTHONPATH} /usr/bin/python3 -W ignore:setup.py install is deprecated -W ignore:easy_install command is deprecated setup.py develop --editable --build-directory /home/jetson/ros2_ws/build/exer3_control/build --no-deps symlink_data
