[4.745s] Invoking command in '/home/jetson/ros2_ws/src/exer3_control': PYTHONPATH=/home/jetson/ros2_ws/src/build/exer3_control/prefix_override:/usr/lib/python3/dist-packages/colcon_core/task/python/colcon_distutils_commands:/home/jetson/ros2_ws/src/install/exer3_control/lib/python3.8/site-packages:${PYTHONPATH} /usr/bin/python3 -W ignore:setup.py install is deprecated -W ignore:easy_install command is deprecated setup.py egg_info --egg-base ../build/exer3_control build --build-base /home/jetson/ros2_ws/src/build/exer3_control/build install --record /home/jetson/ros2_ws/src/build/exer3_control/install.log --install-scripts $base/lib/exer3_control --single-version-externally-managed install_data
[6.507s] /usr/local/lib/python3.8/dist-packages/setuptools/dist.py:717: UserWarning: Usage of dash-separated 'script-dir' will not be supported in future versions. Please use the underscore name 'script_dir' instead
[6.510s]   warnings.warn(
[6.669s] running egg_info
[6.672s] writing ../build/exer3_control/exer3_control.egg-info/PKG-INFO
[6.676s] writing dependency_links to ../build/exer3_control/exer3_control.egg-info/dependency_links.txt
[6.677s] writing entry points to ../build/exer3_control/exer3_control.egg-info/entry_points.txt
[6.678s] writing requirements to ../build/exer3_control/exer3_control.egg-info/requires.txt
[6.678s] writing top-level names to ../build/exer3_control/exer3_control.egg-info/top_level.txt
[6.712s] reading manifest file '../build/exer3_control/exer3_control.egg-info/SOURCES.txt'
[6.716s] writing manifest file '../build/exer3_control/exer3_control.egg-info/SOURCES.txt'
[6.719s] running build
[6.719s] running build_py
[6.719s] copying exer3_control/plotter.py -> /home/jetson/ros2_ws/src/build/exer3_control/build/lib/exer3_control
[6.725s] copying exer3_control/obs_grabber.py -> /home/jetson/ros2_ws/src/build/exer3_control/build/lib/exer3_control
[6.727s] copying exer3_control/obs_plotter.py -> /home/jetson/ros2_ws/src/build/exer3_control/build/lib/exer3_control
[6.729s] running install
[6.733s] running install_lib
[6.737s] copying /home/jetson/ros2_ws/src/build/exer3_control/build/lib/exer3_control/plotter.py -> /home/jetson/ros2_ws/src/install/exer3_control/lib/python3.8/site-packages/exer3_control
[6.741s] copying /home/jetson/ros2_ws/src/build/exer3_control/build/lib/exer3_control/obs_grabber.py -> /home/jetson/ros2_ws/src/install/exer3_control/lib/python3.8/site-packages/exer3_control
[6.742s] copying /home/jetson/ros2_ws/src/build/exer3_control/build/lib/exer3_control/obs_plotter.py -> /home/jetson/ros2_ws/src/install/exer3_control/lib/python3.8/site-packages/exer3_control
[6.743s] byte-compiling /home/jetson/ros2_ws/src/install/exer3_control/lib/python3.8/site-packages/exer3_control/plotter.py to plotter.cpython-38.pyc
[6.745s] byte-compiling /home/jetson/ros2_ws/src/install/exer3_control/lib/python3.8/site-packages/exer3_control/obs_grabber.py to obs_grabber.cpython-38.pyc
[6.747s] byte-compiling /home/jetson/ros2_ws/src/install/exer3_control/lib/python3.8/site-packages/exer3_control/obs_plotter.py to obs_plotter.cpython-38.pyc
[6.749s] running install_data
[6.752s] running install_egg_info
[6.759s] removing '/home/jetson/ros2_ws/src/install/exer3_control/lib/python3.8/site-packages/exer3_control-0.0.0-py3.8.egg-info' (and everything under it)
[6.761s] Copying ../build/exer3_control/exer3_control.egg-info to /home/jetson/ros2_ws/src/install/exer3_control/lib/python3.8/site-packages/exer3_control-0.0.0-py3.8.egg-info
[6.767s] running install_scripts
[6.855s] Installing flight_controller script to /home/jetson/ros2_ws/src/install/exer3_control/lib/exer3_control
[6.858s] Installing grabber script to /home/jetson/ros2_ws/src/install/exer3_control/lib/exer3_control
[6.858s] Installing plotter script to /home/jetson/ros2_ws/src/install/exer3_control/lib/exer3_control
[6.860s] writing list of installed files to '/home/jetson/ros2_ws/src/build/exer3_control/install.log'
[6.986s] Invoked command in '/home/jetson/ros2_ws/src/exer3_control' returned '0': PYTHONPATH=/home/jetson/ros2_ws/src/build/exer3_control/prefix_override:/usr/lib/python3/dist-packages/colcon_core/task/python/colcon_distutils_commands:/home/jetson/ros2_ws/src/install/exer3_control/lib/python3.8/site-packages:${PYTHONPATH} /usr/bin/python3 -W ignore:setup.py install is deprecated -W ignore:easy_install command is deprecated setup.py egg_info --egg-base ../build/exer3_control build --build-base /home/jetson/ros2_ws/src/build/exer3_control/build install --record /home/jetson/ros2_ws/src/build/exer3_control/install.log --install-scripts $base/lib/exer3_control --single-version-externally-managed install_data
