[10.154s] Invoking command in '/home/jetson/ros2_ws/src/realsense2mavros': PYTHONPATH=/home/jetson/ros2_ws/build/realsense2mavros/prefix_override:/usr/lib/python3/dist-packages/colcon_core/task/python/colcon_distutils_commands:/home/jetson/ros2_ws/install/realsense2mavros/lib/python3.8/site-packages:${PYTHONPATH} /usr/bin/python3 -W ignore:setup.py install is deprecated -W ignore:easy_install command is deprecated setup.py egg_info --egg-base ../../build/realsense2mavros build --build-base /home/jetson/ros2_ws/build/realsense2mavros/build install --record /home/jetson/ros2_ws/build/realsense2mavros/install.log --install-scripts $base/lib/realsense2mavros --single-version-externally-managed install_data
[12.431s] /usr/local/lib/python3.8/dist-packages/setuptools/dist.py:717: UserWarning: Usage of dash-separated 'script-dir' will not be supported in future versions. Please use the underscore name 'script_dir' instead
[12.431s]   warnings.warn(
[12.649s] running egg_info
[12.651s] writing ../../build/realsense2mavros/realsense2mavros.egg-info/PKG-INFO
[12.658s] writing dependency_links to ../../build/realsense2mavros/realsense2mavros.egg-info/dependency_links.txt
[12.658s] writing entry points to ../../build/realsense2mavros/realsense2mavros.egg-info/entry_points.txt
[12.659s] writing requirements to ../../build/realsense2mavros/realsense2mavros.egg-info/requires.txt
[12.662s] writing top-level names to ../../build/realsense2mavros/realsense2mavros.egg-info/top_level.txt
[12.675s] reading manifest file '../../build/realsense2mavros/realsense2mavros.egg-info/SOURCES.txt'
[12.681s] writing manifest file '../../build/realsense2mavros/realsense2mavros.egg-info/SOURCES.txt'
[12.681s] running build
[12.686s] running build_py
[12.687s] running install
[12.687s] running install_lib
[12.698s] running install_data
[12.700s] running install_egg_info
[12.705s] removing '/home/jetson/ros2_ws/install/realsense2mavros/lib/python3.8/site-packages/realsense2mavros-0.0.0-py3.8.egg-info' (and everything under it)
[12.710s] Copying ../../build/realsense2mavros/realsense2mavros.egg-info to /home/jetson/ros2_ws/install/realsense2mavros/lib/python3.8/site-packages/realsense2mavros-0.0.0-py3.8.egg-info
[12.713s] running install_scripts
[12.822s] Installing realsense2mavros script to /home/jetson/ros2_ws/install/realsense2mavros/lib/realsense2mavros
[12.825s] writing list of installed files to '/home/jetson/ros2_ws/build/realsense2mavros/install.log'
[12.981s] Invoked command in '/home/jetson/ros2_ws/src/realsense2mavros' returned '0': PYTHONPATH=/home/jetson/ros2_ws/build/realsense2mavros/prefix_override:/usr/lib/python3/dist-packages/colcon_core/task/python/colcon_distutils_commands:/home/jetson/ros2_ws/install/realsense2mavros/lib/python3.8/site-packages:${PYTHONPATH} /usr/bin/python3 -W ignore:setup.py install is deprecated -W ignore:easy_install command is deprecated setup.py egg_info --egg-base ../../build/realsense2mavros build --build-base /home/jetson/ros2_ws/build/realsense2mavros/build install --record /home/jetson/ros2_ws/build/realsense2mavros/install.log --install-scripts $base/lib/realsense2mavros --single-version-externally-managed install_data
