[9.923s] Invoking command in '/home/jetson/ros2_ws/src/realsense2mavros': PYTHONPATH=/home/jetson/ros2_ws/src/build/realsense2mavros/prefix_override:/usr/lib/python3/dist-packages/colcon_core/task/python/colcon_distutils_commands:/home/jetson/ros2_ws/src/install/realsense2mavros/lib/python3.8/site-packages:${PYTHONPATH} /usr/bin/python3 -W ignore:setup.py install is deprecated -W ignore:easy_install command is deprecated setup.py egg_info --egg-base ../build/realsense2mavros build --build-base /home/jetson/ros2_ws/src/build/realsense2mavros/build install --record /home/jetson/ros2_ws/src/build/realsense2mavros/install.log --install-scripts $base/lib/realsense2mavros --single-version-externally-managed install_data
[13.009s] /usr/local/lib/python3.8/dist-packages/setuptools/dist.py:717: UserWarning: Usage of dash-separated 'script-dir' will not be supported in future versions. Please use the underscore name 'script_dir' instead
[13.010s]   warnings.warn(
[13.459s] running egg_info
[13.477s] writing ../build/realsense2mavros/realsense2mavros.egg-info/PKG-INFO
[13.484s] writing dependency_links to ../build/realsense2mavros/realsense2mavros.egg-info/dependency_links.txt
[13.491s] writing entry points to ../build/realsense2mavros/realsense2mavros.egg-info/entry_points.txt
[13.495s] writing requirements to ../build/realsense2mavros/realsense2mavros.egg-info/requires.txt
[13.497s] writing top-level names to ../build/realsense2mavros/realsense2mavros.egg-info/top_level.txt
[13.642s] reading manifest file '../build/realsense2mavros/realsense2mavros.egg-info/SOURCES.txt'
[13.652s] writing manifest file '../build/realsense2mavros/realsense2mavros.egg-info/SOURCES.txt'
[13.656s] running build
[13.657s] running build_py
[13.662s] copying realsense2mavros/realsense2mavros.py -> /home/jetson/ros2_ws/src/build/realsense2mavros/build/lib/realsense2mavros
[13.663s] running install
[13.670s] running install_lib
[13.677s] copying /home/jetson/ros2_ws/src/build/realsense2mavros/build/lib/realsense2mavros/realsense2mavros.py -> /home/jetson/ros2_ws/src/install/realsense2mavros/lib/python3.8/site-packages/realsense2mavros
[13.688s] byte-compiling /home/jetson/ros2_ws/src/install/realsense2mavros/lib/python3.8/site-packages/realsense2mavros/realsense2mavros.py to realsense2mavros.cpython-38.pyc
[13.692s] running install_data
[13.693s] running install_egg_info
[13.703s] removing '/home/jetson/ros2_ws/src/install/realsense2mavros/lib/python3.8/site-packages/realsense2mavros-0.0.0-py3.8.egg-info' (and everything under it)
[13.707s] Copying ../build/realsense2mavros/realsense2mavros.egg-info to /home/jetson/ros2_ws/src/install/realsense2mavros/lib/python3.8/site-packages/realsense2mavros-0.0.0-py3.8.egg-info
[13.739s] running install_scripts
[13.913s] Installing realsense2mavros script to /home/jetson/ros2_ws/src/install/realsense2mavros/lib/realsense2mavros
[13.914s] writing list of installed files to '/home/jetson/ros2_ws/src/build/realsense2mavros/install.log'
[16.498s] Invoked command in '/home/jetson/ros2_ws/src/realsense2mavros' returned '0': PYTHONPATH=/home/jetson/ros2_ws/src/build/realsense2mavros/prefix_override:/usr/lib/python3/dist-packages/colcon_core/task/python/colcon_distutils_commands:/home/jetson/ros2_ws/src/install/realsense2mavros/lib/python3.8/site-packages:${PYTHONPATH} /usr/bin/python3 -W ignore:setup.py install is deprecated -W ignore:easy_install command is deprecated setup.py egg_info --egg-base ../build/realsense2mavros build --build-base /home/jetson/ros2_ws/src/build/realsense2mavros/build install --record /home/jetson/ros2_ws/src/build/realsense2mavros/install.log --install-scripts $base/lib/realsense2mavros --single-version-externally-managed install_data
