running egg_info
creating ../build/api_waypoint/api_waypoint.egg-info
writing ../build/api_waypoint/api_waypoint.egg-info/PKG-INFO
writing dependency_links to ../build/api_waypoint/api_waypoint.egg-info/dependency_links.txt
writing entry points to ../build/api_waypoint/api_waypoint.egg-info/entry_points.txt
writing requirements to ../build/api_waypoint/api_waypoint.egg-info/requires.txt
writing top-level names to ../build/api_waypoint/api_waypoint.egg-info/top_level.txt
writing manifest file '../build/api_waypoint/api_waypoint.egg-info/SOURCES.txt'
reading manifest file '../build/api_waypoint/api_waypoint.egg-info/SOURCES.txt'
writing manifest file '../build/api_waypoint/api_waypoint.egg-info/SOURCES.txt'
running build
running build_py
creating /home/jetson/ros2_ws/src/build/api_waypoint/build
creating /home/jetson/ros2_ws/src/build/api_waypoint/build/lib
creating /home/jetson/ros2_ws/src/build/api_waypoint/build/lib/api_waypoint
copying api_waypoint/api_waypoint_node.py -> /home/jetson/ros2_ws/src/build/api_waypoint/build/lib/api_waypoint
copying api_waypoint/__init__.py -> /home/jetson/ros2_ws/src/build/api_waypoint/build/lib/api_waypoint
running install
running install_lib
creating /home/jetson/ros2_ws/src/install/api_waypoint/lib/python3.8/site-packages/api_waypoint
copying /home/jetson/ros2_ws/src/build/api_waypoint/build/lib/api_waypoint/api_waypoint_node.py -> /home/jetson/ros2_ws/src/install/api_waypoint/lib/python3.8/site-packages/api_waypoint
copying /home/jetson/ros2_ws/src/build/api_waypoint/build/lib/api_waypoint/__init__.py -> /home/jetson/ros2_ws/src/install/api_waypoint/lib/python3.8/site-packages/api_waypoint
byte-compiling /home/jetson/ros2_ws/src/install/api_waypoint/lib/python3.8/site-packages/api_waypoint/api_waypoint_node.py to api_waypoint_node.cpython-38.pyc
byte-compiling /home/jetson/ros2_ws/src/install/api_waypoint/lib/python3.8/site-packages/api_waypoint/__init__.py to __init__.cpython-38.pyc
running install_data
creating /home/jetson/ros2_ws/src/install/api_waypoint/share/ament_index
creating /home/jetson/ros2_ws/src/install/api_waypoint/share/ament_index/resource_index
creating /home/jetson/ros2_ws/src/install/api_waypoint/share/ament_index/resource_index/packages
copying resource/api_waypoint -> /home/jetson/ros2_ws/src/install/api_waypoint/share/ament_index/resource_index/packages
copying package.xml -> /home/jetson/ros2_ws/src/install/api_waypoint/share/api_waypoint
running install_egg_info
Copying ../build/api_waypoint/api_waypoint.egg-info to /home/jetson/ros2_ws/src/install/api_waypoint/lib/python3.8/site-packages/api_waypoint-0.0.0-py3.8.egg-info
running install_scripts
Installing api_waypoint_node script to /home/jetson/ros2_ws/src/install/api_waypoint/lib/api_waypoint
writing list of installed files to '/home/jetson/ros2_ws/src/build/api_waypoint/install.log'
