[9.403s] Invoking command in '/home/jetson/ros2_ws/src/api_waypoint': PYTHONPATH=/home/jetson/ros2_ws/src/build/api_waypoint/prefix_override:/usr/lib/python3/dist-packages/colcon_core/task/python/colcon_distutils_commands:/home/jetson/ros2_ws/src/install/api_waypoint/lib/python3.8/site-packages:${PYTHONPATH} /usr/bin/python3 -W ignore:setup.py install is deprecated -W ignore:easy_install command is deprecated setup.py egg_info --egg-base ../build/api_waypoint build --build-base /home/jetson/ros2_ws/src/build/api_waypoint/build install --record /home/jetson/ros2_ws/src/build/api_waypoint/install.log --install-scripts $base/lib/api_waypoint --single-version-externally-managed install_data
[10.980s] /usr/local/lib/python3.8/dist-packages/setuptools/dist.py:717: UserWarning: Usage of dash-separated 'script-dir' will not be supported in future versions. Please use the underscore name 'script_dir' instead
[10.981s]   warnings.warn(
[11.148s] running egg_info
[11.151s] creating ../build/api_waypoint/api_waypoint.egg-info
[11.153s] writing ../build/api_waypoint/api_waypoint.egg-info/PKG-INFO
[11.156s] writing dependency_links to ../build/api_waypoint/api_waypoint.egg-info/dependency_links.txt
[11.163s] writing entry points to ../build/api_waypoint/api_waypoint.egg-info/entry_points.txt
[11.166s] writing requirements to ../build/api_waypoint/api_waypoint.egg-info/requires.txt
[11.166s] writing top-level names to ../build/api_waypoint/api_waypoint.egg-info/top_level.txt
[11.191s] writing manifest file '../build/api_waypoint/api_waypoint.egg-info/SOURCES.txt'
[11.199s] reading manifest file '../build/api_waypoint/api_waypoint.egg-info/SOURCES.txt'
[11.203s] writing manifest file '../build/api_waypoint/api_waypoint.egg-info/SOURCES.txt'
[11.205s] running build
[11.205s] running build_py
[11.207s] creating /home/jetson/ros2_ws/src/build/api_waypoint/build
[11.209s] creating /home/jetson/ros2_ws/src/build/api_waypoint/build/lib
[11.210s] creating /home/jetson/ros2_ws/src/build/api_waypoint/build/lib/api_waypoint
[11.212s] copying api_waypoint/api_waypoint_node.py -> /home/jetson/ros2_ws/src/build/api_waypoint/build/lib/api_waypoint
[11.215s] copying api_waypoint/__init__.py -> /home/jetson/ros2_ws/src/build/api_waypoint/build/lib/api_waypoint
[11.215s] running install
[11.219s] running install_lib
[11.228s] creating /home/jetson/ros2_ws/src/install/api_waypoint/lib/python3.8/site-packages/api_waypoint
[11.229s] copying /home/jetson/ros2_ws/src/build/api_waypoint/build/lib/api_waypoint/api_waypoint_node.py -> /home/jetson/ros2_ws/src/install/api_waypoint/lib/python3.8/site-packages/api_waypoint
[11.230s] copying /home/jetson/ros2_ws/src/build/api_waypoint/build/lib/api_waypoint/__init__.py -> /home/jetson/ros2_ws/src/install/api_waypoint/lib/python3.8/site-packages/api_waypoint
[11.231s] byte-compiling /home/jetson/ros2_ws/src/install/api_waypoint/lib/python3.8/site-packages/api_waypoint/api_waypoint_node.py to api_waypoint_node.cpython-38.pyc
[11.235s] byte-compiling /home/jetson/ros2_ws/src/install/api_waypoint/lib/python3.8/site-packages/api_waypoint/__init__.py to __init__.cpython-38.pyc
[11.237s] running install_data
[11.237s] creating /home/jetson/ros2_ws/src/install/api_waypoint/share/ament_index
[11.238s] creating /home/jetson/ros2_ws/src/install/api_waypoint/share/ament_index/resource_index
[11.238s] creating /home/jetson/ros2_ws/src/install/api_waypoint/share/ament_index/resource_index/packages
[11.238s] copying resource/api_waypoint -> /home/jetson/ros2_ws/src/install/api_waypoint/share/ament_index/resource_index/packages
[11.241s] copying package.xml -> /home/jetson/ros2_ws/src/install/api_waypoint/share/api_waypoint
[11.241s] running install_egg_info
[11.266s] Copying ../build/api_waypoint/api_waypoint.egg-info to /home/jetson/ros2_ws/src/install/api_waypoint/lib/python3.8/site-packages/api_waypoint-0.0.0-py3.8.egg-info
[11.270s] running install_scripts
[11.434s] Installing api_waypoint_node script to /home/jetson/ros2_ws/src/install/api_waypoint/lib/api_waypoint
[11.443s] writing list of installed files to '/home/jetson/ros2_ws/src/build/api_waypoint/install.log'
[11.605s] Invoked command in '/home/jetson/ros2_ws/src/api_waypoint' returned '0': PYTHONPATH=/home/jetson/ros2_ws/src/build/api_waypoint/prefix_override:/usr/lib/python3/dist-packages/colcon_core/task/python/colcon_distutils_commands:/home/jetson/ros2_ws/src/install/api_waypoint/lib/python3.8/site-packages:${PYTHONPATH} /usr/bin/python3 -W ignore:setup.py install is deprecated -W ignore:easy_install command is deprecated setup.py egg_info --egg-base ../build/api_waypoint build --build-base /home/jetson/ros2_ws/src/build/api_waypoint/build install --record /home/jetson/ros2_ws/src/build/api_waypoint/install.log --install-scripts $base/lib/api_waypoint --single-version-externally-managed install_data
