[12.069s] Invoking command in '/home/jetson/ros2_ws/src/comm_node': PYTHONPATH=/home/jetson/ros2_ws/build/comm_node/prefix_override:/usr/lib/python3/dist-packages/colcon_core/task/python/colcon_distutils_commands:/home/jetson/ros2_ws/install/comm_node/lib/python3.8/site-packages:${PYTHONPATH} /usr/bin/python3 -W ignore:setup.py install is deprecated -W ignore:easy_install command is deprecated setup.py egg_info --egg-base ../../build/comm_node build --build-base /home/jetson/ros2_ws/build/comm_node/build install --record /home/jetson/ros2_ws/build/comm_node/install.log --install-scripts $base/lib/comm_node --single-version-externally-managed install_data
[15.209s] /usr/local/lib/python3.8/dist-packages/setuptools/dist.py:717: UserWarning: Usage of dash-separated 'script-dir' will not be supported in future versions. Please use the underscore name 'script_dir' instead
[15.210s]   warnings.warn(
[15.620s] running egg_info
[15.623s] writing ../../build/comm_node/comm_node.egg-info/PKG-INFO
[15.624s] writing dependency_links to ../../build/comm_node/comm_node.egg-info/dependency_links.txt
[15.626s] writing entry points to ../../build/comm_node/comm_node.egg-info/entry_points.txt
[15.628s] writing requirements to ../../build/comm_node/comm_node.egg-info/requires.txt
[15.655s] writing top-level names to ../../build/comm_node/comm_node.egg-info/top_level.txt
[15.671s] reading manifest file '../../build/comm_node/comm_node.egg-info/SOURCES.txt'
[15.685s] writing manifest file '../../build/comm_node/comm_node.egg-info/SOURCES.txt'
[15.689s] running build
[15.693s] running build_py
[15.694s] copying comm_node/comm.py -> /home/jetson/ros2_ws/build/comm_node/build/lib/comm_node
[15.694s] running install
[15.701s] running install_lib
[15.719s] copying /home/jetson/ros2_ws/build/comm_node/build/lib/comm_node/comm.py -> /home/jetson/ros2_ws/install/comm_node/lib/python3.8/site-packages/comm_node
[15.727s] byte-compiling /home/jetson/ros2_ws/install/comm_node/lib/python3.8/site-packages/comm_node/comm.py to comm.cpython-38.pyc
[15.738s] running install_data
[15.750s] running install_egg_info
[15.760s] removing '/home/jetson/ros2_ws/install/comm_node/lib/python3.8/site-packages/comm_node-0.0.1-py3.8.egg-info' (and everything under it)
[15.767s] Copying ../../build/comm_node/comm_node.egg-info to /home/jetson/ros2_ws/install/comm_node/lib/python3.8/site-packages/comm_node-0.0.1-py3.8.egg-info
[15.776s] running install_scripts
[16.049s] Installing comm script to /home/jetson/ros2_ws/install/comm_node/lib/comm_node
[16.059s] writing list of installed files to '/home/jetson/ros2_ws/build/comm_node/install.log'
[16.346s] Invoked command in '/home/jetson/ros2_ws/src/comm_node' returned '0': PYTHONPATH=/home/jetson/ros2_ws/build/comm_node/prefix_override:/usr/lib/python3/dist-packages/colcon_core/task/python/colcon_distutils_commands:/home/jetson/ros2_ws/install/comm_node/lib/python3.8/site-packages:${PYTHONPATH} /usr/bin/python3 -W ignore:setup.py install is deprecated -W ignore:easy_install command is deprecated setup.py egg_info --egg-base ../../build/comm_node build --build-base /home/jetson/ros2_ws/build/comm_node/build install --record /home/jetson/ros2_ws/build/comm_node/install.log --install-scripts $base/lib/comm_node --single-version-externally-managed install_data
