[1.509s] DEBUG:colcon:Command line arguments: ['/usr/bin/colcon', 'build', '--packages-select', 'image_processor', 'api_waypoint_node']
[1.509s] DEBUG:colcon:Parsed command line arguments: Namespace(allow_overriding=[], ament_cmake_args=None, base_paths=['.'], build_base='build', catkin_cmake_args=None, catkin_skip_building_tests=False, cmake_args=None, cmake_clean_cache=False, cmake_clean_first=False, cmake_force_configure=False, cmake_target=None, cmake_target_skip_unavailable=False, continue_on_error=False, event_handlers=None, executor='parallel', ignore_user_meta=False, install_base='install', log_base=None, log_level=None, main=<bound method BuildVerb.main of <colcon_core.verb.build.BuildVerb object at 0x7f8e4a6cd0>>, merge_install=False, metas=['./colcon.meta'], packages_above=None, packages_above_and_dependencies=None, packages_above_depth=None, packages_end=None, packages_ignore=None, packages_ignore_regex=None, packages_select=['image_processor', 'api_waypoint_node'], packages_select_build_failed=False, packages_select_by_dep=None, packages_select_regex=None, packages_select_test_failures=False, packages_skip=None, packages_skip_build_finished=False, packages_skip_by_dep=None, packages_skip_regex=None, packages_skip_test_passed=False, packages_skip_up_to=None, packages_start=None, packages_up_to=None, packages_up_to_regex=None, parallel_workers=4, paths=None, symlink_install=False, test_result_base=None, verb_extension=<colcon_core.verb.build.BuildVerb object at 0x7f8e4a6cd0>, verb_name='build', verb_parser=<colcon_defaults.argument_parser.defaults.DefaultArgumentsDecorator object at 0x7f8e3024c0>)
[2.483s] Level 1:colcon.colcon_core.package_discovery:discover_packages(colcon_meta) check parameters
[2.483s] Level 1:colcon.colcon_core.package_discovery:discover_packages(recursive) check parameters
[2.483s] Level 1:colcon.colcon_core.package_discovery:discover_packages(ignore) check parameters
[2.483s] Level 1:colcon.colcon_core.package_discovery:discover_packages(path) check parameters
[2.483s] Level 1:colcon.colcon_core.package_discovery:discover_packages(colcon_meta) discover
[2.484s] Level 1:colcon.colcon_core.package_discovery:discover_packages(recursive) discover
[2.484s] INFO:colcon.colcon_core.package_discovery:Crawling recursively for packages in '/home/jetson/ros2_ws'
[2.484s] Level 1:colcon.colcon_core.package_identification:_identify(.) by extensions ['ignore', 'ignore_ament_install']
[2.485s] Level 1:colcon.colcon_core.package_identification:_identify(.) by extension 'ignore'
[2.485s] Level 1:colcon.colcon_core.package_identification:_identify(.) by extension 'ignore_ament_install'
[2.485s] Level 1:colcon.colcon_core.package_identification:_identify(.) by extensions ['colcon_pkg']
[2.485s] Level 1:colcon.colcon_core.package_identification:_identify(.) by extension 'colcon_pkg'
[2.486s] Level 1:colcon.colcon_core.package_identification:_identify(.) by extensions ['colcon_meta']
[2.486s] Level 1:colcon.colcon_core.package_identification:_identify(.) by extension 'colcon_meta'
[2.486s] Level 1:colcon.colcon_core.package_identification:_identify(.) by extensions ['ros']
[2.486s] Level 1:colcon.colcon_core.package_identification:_identify(.) by extension 'ros'
[2.572s] Level 1:colcon.colcon_core.package_identification:_identify(.) by extensions ['cmake', 'python']
[2.572s] Level 1:colcon.colcon_core.package_identification:_identify(.) by extension 'cmake'
[2.572s] Level 1:colcon.colcon_core.package_identification:_identify(.) by extension 'python'
[2.572s] Level 1:colcon.colcon_core.package_identification:_identify(.) by extensions ['python_setup_py']
[2.572s] Level 1:colcon.colcon_core.package_identification:_identify(.) by extension 'python_setup_py'
[2.573s] Level 1:colcon.colcon_core.package_identification:_identify(build) by extensions ['ignore', 'ignore_ament_install']
[2.573s] Level 1:colcon.colcon_core.package_identification:_identify(build) by extension 'ignore'
[2.574s] Level 1:colcon.colcon_core.package_identification:_identify(build) ignored
[2.574s] Level 1:colcon.colcon_core.package_identification:_identify(install) by extensions ['ignore', 'ignore_ament_install']
[2.575s] Level 1:colcon.colcon_core.package_identification:_identify(install) by extension 'ignore'
[2.575s] Level 1:colcon.colcon_core.package_identification:_identify(install) ignored
[2.575s] Level 1:colcon.colcon_core.package_identification:_identify(log) by extensions ['ignore', 'ignore_ament_install']
[2.576s] Level 1:colcon.colcon_core.package_identification:_identify(log) by extension 'ignore'
[2.576s] Level 1:colcon.colcon_core.package_identification:_identify(log) ignored
[2.576s] Level 1:colcon.colcon_core.package_identification:_identify(src) by extensions ['ignore', 'ignore_ament_install']
[2.577s] Level 1:colcon.colcon_core.package_identification:_identify(src) by extension 'ignore'
[2.577s] Level 1:colcon.colcon_core.package_identification:_identify(src) by extension 'ignore_ament_install'
[2.577s] Level 1:colcon.colcon_core.package_identification:_identify(src) by extensions ['colcon_pkg']
[2.577s] Level 1:colcon.colcon_core.package_identification:_identify(src) by extension 'colcon_pkg'
[2.577s] Level 1:colcon.colcon_core.package_identification:_identify(src) by extensions ['colcon_meta']
[2.578s] Level 1:colcon.colcon_core.package_identification:_identify(src) by extension 'colcon_meta'
[2.578s] Level 1:colcon.colcon_core.package_identification:_identify(src) by extensions ['ros']
[2.578s] Level 1:colcon.colcon_core.package_identification:_identify(src) by extension 'ros'
[2.578s] Level 1:colcon.colcon_core.package_identification:_identify(src) by extensions ['cmake', 'python']
[2.578s] Level 1:colcon.colcon_core.package_identification:_identify(src) by extension 'cmake'
[2.579s] Level 1:colcon.colcon_core.package_identification:_identify(src) by extension 'python'
[2.579s] Level 1:colcon.colcon_core.package_identification:_identify(src) by extensions ['python_setup_py']
[2.579s] Level 1:colcon.colcon_core.package_identification:_identify(src) by extension 'python_setup_py'
[2.579s] Level 1:colcon.colcon_core.package_identification:_identify(src/api_waypoint) by extensions ['ignore', 'ignore_ament_install']
[2.580s] Level 1:colcon.colcon_core.package_identification:_identify(src/api_waypoint) by extension 'ignore'
[2.580s] Level 1:colcon.colcon_core.package_identification:_identify(src/api_waypoint) by extension 'ignore_ament_install'
[2.580s] Level 1:colcon.colcon_core.package_identification:_identify(src/api_waypoint) by extensions ['colcon_pkg']
[2.580s] Level 1:colcon.colcon_core.package_identification:_identify(src/api_waypoint) by extension 'colcon_pkg'
[2.580s] Level 1:colcon.colcon_core.package_identification:_identify(src/api_waypoint) by extensions ['colcon_meta']
[2.580s] Level 1:colcon.colcon_core.package_identification:_identify(src/api_waypoint) by extension 'colcon_meta'
[2.581s] Level 1:colcon.colcon_core.package_identification:_identify(src/api_waypoint) by extensions ['ros']
[2.581s] Level 1:colcon.colcon_core.package_identification:_identify(src/api_waypoint) by extension 'ros'
[2.591s] DEBUG:colcon.colcon_core.package_identification:Package 'src/api_waypoint' with type 'ros.ament_python' and name 'api_waypoint'
[2.591s] Level 1:colcon.colcon_core.package_identification:_identify(src/build) by extensions ['ignore', 'ignore_ament_install']
[2.592s] Level 1:colcon.colcon_core.package_identification:_identify(src/build) by extension 'ignore'
[2.592s] Level 1:colcon.colcon_core.package_identification:_identify(src/build) ignored
[2.592s] Level 1:colcon.colcon_core.package_identification:_identify(src/comm_node) by extensions ['ignore', 'ignore_ament_install']
[2.592s] Level 1:colcon.colcon_core.package_identification:_identify(src/comm_node) by extension 'ignore'
[2.593s] Level 1:colcon.colcon_core.package_identification:_identify(src/comm_node) by extension 'ignore_ament_install'
[2.593s] Level 1:colcon.colcon_core.package_identification:_identify(src/comm_node) by extensions ['colcon_pkg']
[2.593s] Level 1:colcon.colcon_core.package_identification:_identify(src/comm_node) by extension 'colcon_pkg'
[2.593s] Level 1:colcon.colcon_core.package_identification:_identify(src/comm_node) by extensions ['colcon_meta']
[2.593s] Level 1:colcon.colcon_core.package_identification:_identify(src/comm_node) by extension 'colcon_meta'
[2.594s] Level 1:colcon.colcon_core.package_identification:_identify(src/comm_node) by extensions ['ros']
[2.594s] Level 1:colcon.colcon_core.package_identification:_identify(src/comm_node) by extension 'ros'
[2.597s] DEBUG:colcon.colcon_core.package_identification:Package 'src/comm_node' with type 'ros.ament_python' and name 'comm_node'
[2.597s] Level 1:colcon.colcon_core.package_identification:_identify(src/crack_comm) by extensions ['ignore', 'ignore_ament_install']
[2.597s] Level 1:colcon.colcon_core.package_identification:_identify(src/crack_comm) by extension 'ignore'
[2.598s] Level 1:colcon.colcon_core.package_identification:_identify(src/crack_comm) by extension 'ignore_ament_install'
[2.598s] Level 1:colcon.colcon_core.package_identification:_identify(src/crack_comm) by extensions ['colcon_pkg']
[2.598s] Level 1:colcon.colcon_core.package_identification:_identify(src/crack_comm) by extension 'colcon_pkg'
[2.598s] Level 1:colcon.colcon_core.package_identification:_identify(src/crack_comm) by extensions ['colcon_meta']
[2.598s] Level 1:colcon.colcon_core.package_identification:_identify(src/crack_comm) by extension 'colcon_meta'
[2.598s] Level 1:colcon.colcon_core.package_identification:_identify(src/crack_comm) by extensions ['ros']
[2.599s] Level 1:colcon.colcon_core.package_identification:_identify(src/crack_comm) by extension 'ros'
[2.601s] DEBUG:colcon.colcon_core.package_identification:Package 'src/crack_comm' with type 'ros.ament_python' and name 'crack_comm'
[2.601s] Level 1:colcon.colcon_core.package_identification:_identify(src/crack_controller) by extensions ['ignore', 'ignore_ament_install']
[2.601s] Level 1:colcon.colcon_core.package_identification:_identify(src/crack_controller) by extension 'ignore'
[2.602s] Level 1:colcon.colcon_core.package_identification:_identify(src/crack_controller) by extension 'ignore_ament_install'
[2.602s] Level 1:colcon.colcon_core.package_identification:_identify(src/crack_controller) by extensions ['colcon_pkg']
[2.602s] Level 1:colcon.colcon_core.package_identification:_identify(src/crack_controller) by extension 'colcon_pkg'
[2.602s] Level 1:colcon.colcon_core.package_identification:_identify(src/crack_controller) by extensions ['colcon_meta']
[2.602s] Level 1:colcon.colcon_core.package_identification:_identify(src/crack_controller) by extension 'colcon_meta'
[2.603s] Level 1:colcon.colcon_core.package_identification:_identify(src/crack_controller) by extensions ['ros']
[2.603s] Level 1:colcon.colcon_core.package_identification:_identify(src/crack_controller) by extension 'ros'
[2.605s] DEBUG:colcon.colcon_core.package_identification:Package 'src/crack_controller' with type 'ros.ament_python' and name 'crack_controller'
[2.605s] Level 1:colcon.colcon_core.package_identification:_identify(src/drone_images) by extensions ['ignore', 'ignore_ament_install']
[2.605s] Level 1:colcon.colcon_core.package_identification:_identify(src/drone_images) by extension 'ignore'
[2.606s] Level 1:colcon.colcon_core.package_identification:_identify(src/drone_images) by extension 'ignore_ament_install'
[2.606s] Level 1:colcon.colcon_core.package_identification:_identify(src/drone_images) by extensions ['colcon_pkg']
[2.606s] Level 1:colcon.colcon_core.package_identification:_identify(src/drone_images) by extension 'colcon_pkg'
[2.606s] Level 1:colcon.colcon_core.package_identification:_identify(src/drone_images) by extensions ['colcon_meta']
[2.606s] Level 1:colcon.colcon_core.package_identification:_identify(src/drone_images) by extension 'colcon_meta'
[2.607s] Level 1:colcon.colcon_core.package_identification:_identify(src/drone_images) by extensions ['ros']
[2.607s] Level 1:colcon.colcon_core.package_identification:_identify(src/drone_images) by extension 'ros'
[2.607s] Level 1:colcon.colcon_core.package_identification:_identify(src/drone_images) by extensions ['cmake', 'python']
[2.607s] Level 1:colcon.colcon_core.package_identification:_identify(src/drone_images) by extension 'cmake'
[2.607s] Level 1:colcon.colcon_core.package_identification:_identify(src/drone_images) by extension 'python'
[2.608s] Level 1:colcon.colcon_core.package_identification:_identify(src/drone_images) by extensions ['python_setup_py']
[2.608s] Level 1:colcon.colcon_core.package_identification:_identify(src/drone_images) by extension 'python_setup_py'
[2.608s] Level 1:colcon.colcon_core.package_identification:_identify(src/dummy_vicon_republisher) by extensions ['ignore', 'ignore_ament_install']
[2.608s] Level 1:colcon.colcon_core.package_identification:_identify(src/dummy_vicon_republisher) by extension 'ignore'
[2.609s] Level 1:colcon.colcon_core.package_identification:_identify(src/dummy_vicon_republisher) by extension 'ignore_ament_install'
[2.609s] Level 1:colcon.colcon_core.package_identification:_identify(src/dummy_vicon_republisher) by extensions ['colcon_pkg']
[2.609s] Level 1:colcon.colcon_core.package_identification:_identify(src/dummy_vicon_republisher) by extension 'colcon_pkg'
[2.609s] Level 1:colcon.colcon_core.package_identification:_identify(src/dummy_vicon_republisher) by extensions ['colcon_meta']
[2.609s] Level 1:colcon.colcon_core.package_identification:_identify(src/dummy_vicon_republisher) by extension 'colcon_meta'
[2.609s] Level 1:colcon.colcon_core.package_identification:_identify(src/dummy_vicon_republisher) by extensions ['ros']
[2.610s] Level 1:colcon.colcon_core.package_identification:_identify(src/dummy_vicon_republisher) by extension 'ros'
[2.612s] DEBUG:colcon.colcon_core.package_identification:Package 'src/dummy_vicon_republisher' with type 'ros.ament_python' and name 'dummy_vicon_republisher'
[2.613s] Level 1:colcon.colcon_core.package_identification:_identify(src/dummy_waypoint_publisher) by extensions ['ignore', 'ignore_ament_install']
[2.613s] Level 1:colcon.colcon_core.package_identification:_identify(src/dummy_waypoint_publisher) by extension 'ignore'
[2.613s] Level 1:colcon.colcon_core.package_identification:_identify(src/dummy_waypoint_publisher) by extension 'ignore_ament_install'
[2.614s] Level 1:colcon.colcon_core.package_identification:_identify(src/dummy_waypoint_publisher) by extensions ['colcon_pkg']
[2.614s] Level 1:colcon.colcon_core.package_identification:_identify(src/dummy_waypoint_publisher) by extension 'colcon_pkg'
[2.614s] Level 1:colcon.colcon_core.package_identification:_identify(src/dummy_waypoint_publisher) by extensions ['colcon_meta']
[2.614s] Level 1:colcon.colcon_core.package_identification:_identify(src/dummy_waypoint_publisher) by extension 'colcon_meta'
[2.614s] Level 1:colcon.colcon_core.package_identification:_identify(src/dummy_waypoint_publisher) by extensions ['ros']
[2.615s] Level 1:colcon.colcon_core.package_identification:_identify(src/dummy_waypoint_publisher) by extension 'ros'
[2.618s] DEBUG:colcon.colcon_core.package_identification:Package 'src/dummy_waypoint_publisher' with type 'ros.ament_python' and name 'dummy_waypoint_publisher'
[2.618s] Level 1:colcon.colcon_core.package_identification:_identify(src/exer2_control) by extensions ['ignore', 'ignore_ament_install']
[2.618s] Level 1:colcon.colcon_core.package_identification:_identify(src/exer2_control) by extension 'ignore'
[2.619s] Level 1:colcon.colcon_core.package_identification:_identify(src/exer2_control) by extension 'ignore_ament_install'
[2.619s] Level 1:colcon.colcon_core.package_identification:_identify(src/exer2_control) by extensions ['colcon_pkg']
[2.619s] Level 1:colcon.colcon_core.package_identification:_identify(src/exer2_control) by extension 'colcon_pkg'
[2.619s] Level 1:colcon.colcon_core.package_identification:_identify(src/exer2_control) by extensions ['colcon_meta']
[2.619s] Level 1:colcon.colcon_core.package_identification:_identify(src/exer2_control) by extension 'colcon_meta'
[2.619s] Level 1:colcon.colcon_core.package_identification:_identify(src/exer2_control) by extensions ['ros']
[2.620s] Level 1:colcon.colcon_core.package_identification:_identify(src/exer2_control) by extension 'ros'
[2.622s] DEBUG:colcon.colcon_core.package_identification:Package 'src/exer2_control' with type 'ros.ament_python' and name 'exer2_control'
[2.622s] Level 1:colcon.colcon_core.package_identification:_identify(src/exer3_control) by extensions ['ignore', 'ignore_ament_install']
[2.623s] Level 1:colcon.colcon_core.package_identification:_identify(src/exer3_control) by extension 'ignore'
[2.623s] Level 1:colcon.colcon_core.package_identification:_identify(src/exer3_control) by extension 'ignore_ament_install'
[2.623s] Level 1:colcon.colcon_core.package_identification:_identify(src/exer3_control) by extensions ['colcon_pkg']
[2.623s] Level 1:colcon.colcon_core.package_identification:_identify(src/exer3_control) by extension 'colcon_pkg'
[2.623s] Level 1:colcon.colcon_core.package_identification:_identify(src/exer3_control) by extensions ['colcon_meta']
[2.623s] Level 1:colcon.colcon_core.package_identification:_identify(src/exer3_control) by extension 'colcon_meta'
[2.624s] Level 1:colcon.colcon_core.package_identification:_identify(src/exer3_control) by extensions ['ros']
[2.624s] Level 1:colcon.colcon_core.package_identification:_identify(src/exer3_control) by extension 'ros'
[2.627s] DEBUG:colcon.colcon_core.package_identification:Package 'src/exer3_control' with type 'ros.ament_python' and name 'exer3_control'
[2.628s] Level 1:colcon.colcon_core.package_identification:_identify(src/image_processor) by extensions ['ignore', 'ignore_ament_install']
[2.628s] Level 1:colcon.colcon_core.package_identification:_identify(src/image_processor) by extension 'ignore'
[2.629s] Level 1:colcon.colcon_core.package_identification:_identify(src/image_processor) by extension 'ignore_ament_install'
[2.629s] Level 1:colcon.colcon_core.package_identification:_identify(src/image_processor) by extensions ['colcon_pkg']
[2.629s] Level 1:colcon.colcon_core.package_identification:_identify(src/image_processor) by extension 'colcon_pkg'
[2.629s] Level 1:colcon.colcon_core.package_identification:_identify(src/image_processor) by extensions ['colcon_meta']
[2.629s] Level 1:colcon.colcon_core.package_identification:_identify(src/image_processor) by extension 'colcon_meta'
[2.630s] Level 1:colcon.colcon_core.package_identification:_identify(src/image_processor) by extensions ['ros']
[2.630s] Level 1:colcon.colcon_core.package_identification:_identify(src/image_processor) by extension 'ros'
[2.632s] DEBUG:colcon.colcon_core.package_identification:Package 'src/image_processor' with type 'ros.ament_python' and name 'image_processor'
[2.632s] Level 1:colcon.colcon_core.package_identification:_identify(src/image_saver) by extensions ['ignore', 'ignore_ament_install']
[2.633s] Level 1:colcon.colcon_core.package_identification:_identify(src/image_saver) by extension 'ignore'
[2.633s] Level 1:colcon.colcon_core.package_identification:_identify(src/image_saver) by extension 'ignore_ament_install'
[2.633s] Level 1:colcon.colcon_core.package_identification:_identify(src/image_saver) by extensions ['colcon_pkg']
[2.633s] Level 1:colcon.colcon_core.package_identification:_identify(src/image_saver) by extension 'colcon_pkg'
[2.633s] Level 1:colcon.colcon_core.package_identification:_identify(src/image_saver) by extensions ['colcon_meta']
[2.634s] Level 1:colcon.colcon_core.package_identification:_identify(src/image_saver) by extension 'colcon_meta'
[2.634s] Level 1:colcon.colcon_core.package_identification:_identify(src/image_saver) by extensions ['ros']
[2.634s] Level 1:colcon.colcon_core.package_identification:_identify(src/image_saver) by extension 'ros'
[2.637s] DEBUG:colcon.colcon_core.package_identification:Package 'src/image_saver' with type 'ros.ament_python' and name 'image_saver'
[2.638s] Level 1:colcon.colcon_core.package_identification:_identify(src/install) by extensions ['ignore', 'ignore_ament_install']
[2.638s] Level 1:colcon.colcon_core.package_identification:_identify(src/install) by extension 'ignore'
[2.638s] Level 1:colcon.colcon_core.package_identification:_identify(src/install) ignored
[2.639s] Level 1:colcon.colcon_core.package_identification:_identify(src/launcher) by extensions ['ignore', 'ignore_ament_install']
[2.639s] Level 1:colcon.colcon_core.package_identification:_identify(src/launcher) by extension 'ignore'
[2.639s] Level 1:colcon.colcon_core.package_identification:_identify(src/launcher) by extension 'ignore_ament_install'
[2.640s] Level 1:colcon.colcon_core.package_identification:_identify(src/launcher) by extensions ['colcon_pkg']
[2.640s] Level 1:colcon.colcon_core.package_identification:_identify(src/launcher) by extension 'colcon_pkg'
[2.640s] Level 1:colcon.colcon_core.package_identification:_identify(src/launcher) by extensions ['colcon_meta']
[2.640s] Level 1:colcon.colcon_core.package_identification:_identify(src/launcher) by extension 'colcon_meta'
[2.640s] Level 1:colcon.colcon_core.package_identification:_identify(src/launcher) by extensions ['ros']
[2.640s] Level 1:colcon.colcon_core.package_identification:_identify(src/launcher) by extension 'ros'
[2.641s] Level 1:colcon.colcon_core.package_identification:_identify(src/launcher) by extensions ['cmake', 'python']
[2.641s] Level 1:colcon.colcon_core.package_identification:_identify(src/launcher) by extension 'cmake'
[2.641s] Level 1:colcon.colcon_core.package_identification:_identify(src/launcher) by extension 'python'
[2.641s] Level 1:colcon.colcon_core.package_identification:_identify(src/launcher) by extensions ['python_setup_py']
[2.641s] Level 1:colcon.colcon_core.package_identification:_identify(src/launcher) by extension 'python_setup_py'
[2.642s] Level 1:colcon.colcon_core.package_identification:_identify(src/log) by extensions ['ignore', 'ignore_ament_install']
[2.643s] Level 1:colcon.colcon_core.package_identification:_identify(src/log) by extension 'ignore'
[2.643s] Level 1:colcon.colcon_core.package_identification:_identify(src/log) ignored
[2.643s] Level 1:colcon.colcon_core.package_identification:_identify(src/myenv) by extensions ['ignore', 'ignore_ament_install']
[2.643s] Level 1:colcon.colcon_core.package_identification:_identify(src/myenv) by extension 'ignore'
[2.644s] Level 1:colcon.colcon_core.package_identification:_identify(src/myenv) by extension 'ignore_ament_install'
[2.644s] Level 1:colcon.colcon_core.package_identification:_identify(src/myenv) by extensions ['colcon_pkg']
[2.644s] Level 1:colcon.colcon_core.package_identification:_identify(src/myenv) by extension 'colcon_pkg'
[2.644s] Level 1:colcon.colcon_core.package_identification:_identify(src/myenv) by extensions ['colcon_meta']
[2.644s] Level 1:colcon.colcon_core.package_identification:_identify(src/myenv) by extension 'colcon_meta'
[2.644s] Level 1:colcon.colcon_core.package_identification:_identify(src/myenv) by extensions ['ros']
[2.645s] Level 1:colcon.colcon_core.package_identification:_identify(src/myenv) by extension 'ros'
[2.645s] Level 1:colcon.colcon_core.package_identification:_identify(src/myenv) by extensions ['cmake', 'python']
[2.645s] Level 1:colcon.colcon_core.package_identification:_identify(src/myenv) by extension 'cmake'
[2.645s] Level 1:colcon.colcon_core.package_identification:_identify(src/myenv) by extension 'python'
[2.645s] Level 1:colcon.colcon_core.package_identification:_identify(src/myenv) by extensions ['python_setup_py']
[2.646s] Level 1:colcon.colcon_core.package_identification:_identify(src/myenv) by extension 'python_setup_py'
[2.646s] Level 1:colcon.colcon_core.package_identification:_identify(src/myenv/bin) by extensions ['ignore', 'ignore_ament_install']
[2.646s] Level 1:colcon.colcon_core.package_identification:_identify(src/myenv/bin) by extension 'ignore'
[2.647s] Level 1:colcon.colcon_core.package_identification:_identify(src/myenv/bin) by extension 'ignore_ament_install'
[2.647s] Level 1:colcon.colcon_core.package_identification:_identify(src/myenv/bin) by extensions ['colcon_pkg']
[2.647s] Level 1:colcon.colcon_core.package_identification:_identify(src/myenv/bin) by extension 'colcon_pkg'
[2.647s] Level 1:colcon.colcon_core.package_identification:_identify(src/myenv/bin) by extensions ['colcon_meta']
[2.647s] Level 1:colcon.colcon_core.package_identification:_identify(src/myenv/bin) by extension 'colcon_meta'
[2.647s] Level 1:colcon.colcon_core.package_identification:_identify(src/myenv/bin) by extensions ['ros']
[2.648s] Level 1:colcon.colcon_core.package_identification:_identify(src/myenv/bin) by extension 'ros'
[2.648s] Level 1:colcon.colcon_core.package_identification:_identify(src/myenv/bin) by extensions ['cmake', 'python']
[2.648s] Level 1:colcon.colcon_core.package_identification:_identify(src/myenv/bin) by extension 'cmake'
[2.648s] Level 1:colcon.colcon_core.package_identification:_identify(src/myenv/bin) by extension 'python'
[2.648s] Level 1:colcon.colcon_core.package_identification:_identify(src/myenv/bin) by extensions ['python_setup_py']
[2.648s] Level 1:colcon.colcon_core.package_identification:_identify(src/myenv/bin) by extension 'python_setup_py'
[2.649s] Level 1:colcon.colcon_core.package_identification:_identify(src/myenv/include) by extensions ['ignore', 'ignore_ament_install']
[2.649s] Level 1:colcon.colcon_core.package_identification:_identify(src/myenv/include) by extension 'ignore'
[2.649s] Level 1:colcon.colcon_core.package_identification:_identify(src/myenv/include) by extension 'ignore_ament_install'
[2.650s] Level 1:colcon.colcon_core.package_identification:_identify(src/myenv/include) by extensions ['colcon_pkg']
[2.650s] Level 1:colcon.colcon_core.package_identification:_identify(src/myenv/include) by extension 'colcon_pkg'
[2.650s] Level 1:colcon.colcon_core.package_identification:_identify(src/myenv/include) by extensions ['colcon_meta']
[2.650s] Level 1:colcon.colcon_core.package_identification:_identify(src/myenv/include) by extension 'colcon_meta'
[2.650s] Level 1:colcon.colcon_core.package_identification:_identify(src/myenv/include) by extensions ['ros']
[2.650s] Level 1:colcon.colcon_core.package_identification:_identify(src/myenv/include) by extension 'ros'
[2.651s] Level 1:colcon.colcon_core.package_identification:_identify(src/myenv/include) by extensions ['cmake', 'python']
[2.651s] Level 1:colcon.colcon_core.package_identification:_identify(src/myenv/include) by extension 'cmake'
[2.651s] Level 1:colcon.colcon_core.package_identification:_identify(src/myenv/include) by extension 'python'
[2.651s] Level 1:colcon.colcon_core.package_identification:_identify(src/myenv/include) by extensions ['python_setup_py']
[2.651s] Level 1:colcon.colcon_core.package_identification:_identify(src/myenv/include) by extension 'python_setup_py'
[2.652s] Level 1:colcon.colcon_core.package_identification:_identify(src/myenv/lib) by extensions ['ignore', 'ignore_ament_install']
[2.652s] Level 1:colcon.colcon_core.package_identification:_identify(src/myenv/lib) by extension 'ignore'
[2.652s] Level 1:colcon.colcon_core.package_identification:_identify(src/myenv/lib) by extension 'ignore_ament_install'
[2.652s] Level 1:colcon.colcon_core.package_identification:_identify(src/myenv/lib) by extensions ['colcon_pkg']
[2.652s] Level 1:colcon.colcon_core.package_identification:_identify(src/myenv/lib) by extension 'colcon_pkg'
[2.653s] Level 1:colcon.colcon_core.package_identification:_identify(src/myenv/lib) by extensions ['colcon_meta']
[2.653s] Level 1:colcon.colcon_core.package_identification:_identify(src/myenv/lib) by extension 'colcon_meta'
[2.653s] Level 1:colcon.colcon_core.package_identification:_identify(src/myenv/lib) by extensions ['ros']
[2.653s] Level 1:colcon.colcon_core.package_identification:_identify(src/myenv/lib) by extension 'ros'
[2.653s] Level 1:colcon.colcon_core.package_identification:_identify(src/myenv/lib) by extensions ['cmake', 'python']
[2.654s] Level 1:colcon.colcon_core.package_identification:_identify(src/myenv/lib) by extension 'cmake'
[2.654s] Level 1:colcon.colcon_core.package_identification:_identify(src/myenv/lib) by extension 'python'
[2.654s] Level 1:colcon.colcon_core.package_identification:_identify(src/myenv/lib) by extensions ['python_setup_py']
[2.654s] Level 1:colcon.colcon_core.package_identification:_identify(src/myenv/lib) by extension 'python_setup_py'
[2.655s] Level 1:colcon.colcon_core.package_identification:_identify(src/myenv/lib/python3.6) by extensions ['ignore', 'ignore_ament_install']
[2.655s] Level 1:colcon.colcon_core.package_identification:_identify(src/myenv/lib/python3.6) by extension 'ignore'
[2.655s] Level 1:colcon.colcon_core.package_identification:_identify(src/myenv/lib/python3.6) by extension 'ignore_ament_install'
[2.655s] Level 1:colcon.colcon_core.package_identification:_identify(src/myenv/lib/python3.6) by extensions ['colcon_pkg']
[2.656s] Level 1:colcon.colcon_core.package_identification:_identify(src/myenv/lib/python3.6) by extension 'colcon_pkg'
[2.656s] Level 1:colcon.colcon_core.package_identification:_identify(src/myenv/lib/python3.6) by extensions ['colcon_meta']
[2.656s] Level 1:colcon.colcon_core.package_identification:_identify(src/myenv/lib/python3.6) by extension 'colcon_meta'
[2.656s] Level 1:colcon.colcon_core.package_identification:_identify(src/myenv/lib/python3.6) by extensions ['ros']
[2.656s] Level 1:colcon.colcon_core.package_identification:_identify(src/myenv/lib/python3.6) by extension 'ros'
[2.657s] Level 1:colcon.colcon_core.package_identification:_identify(src/myenv/lib/python3.6) by extensions ['cmake', 'python']
[2.657s] Level 1:colcon.colcon_core.package_identification:_identify(src/myenv/lib/python3.6) by extension 'cmake'
[2.657s] Level 1:colcon.colcon_core.package_identification:_identify(src/myenv/lib/python3.6) by extension 'python'
[2.657s] Level 1:colcon.colcon_core.package_identification:_identify(src/myenv/lib/python3.6) by extensions ['python_setup_py']
[2.657s] Level 1:colcon.colcon_core.package_identification:_identify(src/myenv/lib/python3.6) by extension 'python_setup_py'
[2.658s] Level 1:colcon.colcon_core.package_identification:_identify(src/myenv/lib/python3.6/site-packages) by extensions ['ignore', 'ignore_ament_install']
[2.658s] Level 1:colcon.colcon_core.package_identification:_identify(src/myenv/lib/python3.6/site-packages) by extension 'ignore'
[2.658s] Level 1:colcon.colcon_core.package_identification:_identify(src/myenv/lib/python3.6/site-packages) by extension 'ignore_ament_install'
[2.658s] Level 1:colcon.colcon_core.package_identification:_identify(src/myenv/lib/python3.6/site-packages) by extensions ['colcon_pkg']
[2.658s] Level 1:colcon.colcon_core.package_identification:_identify(src/myenv/lib/python3.6/site-packages) by extension 'colcon_pkg'
[2.659s] Level 1:colcon.colcon_core.package_identification:_identify(src/myenv/lib/python3.6/site-packages) by extensions ['colcon_meta']
[2.659s] Level 1:colcon.colcon_core.package_identification:_identify(src/myenv/lib/python3.6/site-packages) by extension 'colcon_meta'
[2.659s] Level 1:colcon.colcon_core.package_identification:_identify(src/myenv/lib/python3.6/site-packages) by extensions ['ros']
[2.659s] Level 1:colcon.colcon_core.package_identification:_identify(src/myenv/lib/python3.6/site-packages) by extension 'ros'
[2.659s] Level 1:colcon.colcon_core.package_identification:_identify(src/myenv/lib/python3.6/site-packages) by extensions ['cmake', 'python']
[2.660s] Level 1:colcon.colcon_core.package_identification:_identify(src/myenv/lib/python3.6/site-packages) by extension 'cmake'
[2.660s] Level 1:colcon.colcon_core.package_identification:_identify(src/myenv/lib/python3.6/site-packages) by extension 'python'
[2.660s] Level 1:colcon.colcon_core.package_identification:_identify(src/myenv/lib/python3.6/site-packages) by extensions ['python_setup_py']
[2.660s] Level 1:colcon.colcon_core.package_identification:_identify(src/myenv/lib/python3.6/site-packages) by extension 'python_setup_py'
[2.661s] Level 1:colcon.colcon_core.package_identification:_identify(src/px4_autonomy_modules) by extensions ['ignore', 'ignore_ament_install']
[2.661s] Level 1:colcon.colcon_core.package_identification:_identify(src/px4_autonomy_modules) by extension 'ignore'
[2.661s] Level 1:colcon.colcon_core.package_identification:_identify(src/px4_autonomy_modules) by extension 'ignore_ament_install'
[2.661s] Level 1:colcon.colcon_core.package_identification:_identify(src/px4_autonomy_modules) by extensions ['colcon_pkg']
[2.661s] Level 1:colcon.colcon_core.package_identification:_identify(src/px4_autonomy_modules) by extension 'colcon_pkg'
[2.662s] Level 1:colcon.colcon_core.package_identification:_identify(src/px4_autonomy_modules) by extensions ['colcon_meta']
[2.662s] Level 1:colcon.colcon_core.package_identification:_identify(src/px4_autonomy_modules) by extension 'colcon_meta'
[2.662s] Level 1:colcon.colcon_core.package_identification:_identify(src/px4_autonomy_modules) by extensions ['ros']
[2.662s] Level 1:colcon.colcon_core.package_identification:_identify(src/px4_autonomy_modules) by extension 'ros'
[2.667s] DEBUG:colcon.colcon_core.package_identification:Package 'src/px4_autonomy_modules' with type 'ros.ament_cmake' and name 'px4_autonomy_modules'
[2.667s] Level 1:colcon.colcon_core.package_identification:_identify(src/realsense2mavros) by extensions ['ignore', 'ignore_ament_install']
[2.668s] Level 1:colcon.colcon_core.package_identification:_identify(src/realsense2mavros) by extension 'ignore'
[2.668s] Level 1:colcon.colcon_core.package_identification:_identify(src/realsense2mavros) by extension 'ignore_ament_install'
[2.668s] Level 1:colcon.colcon_core.package_identification:_identify(src/realsense2mavros) by extensions ['colcon_pkg']
[2.668s] Level 1:colcon.colcon_core.package_identification:_identify(src/realsense2mavros) by extension 'colcon_pkg'
[2.668s] Level 1:colcon.colcon_core.package_identification:_identify(src/realsense2mavros) by extensions ['colcon_meta']
[2.669s] Level 1:colcon.colcon_core.package_identification:_identify(src/realsense2mavros) by extension 'colcon_meta'
[2.669s] Level 1:colcon.colcon_core.package_identification:_identify(src/realsense2mavros) by extensions ['ros']
[2.669s] Level 1:colcon.colcon_core.package_identification:_identify(src/realsense2mavros) by extension 'ros'
[2.672s] DEBUG:colcon.colcon_core.package_identification:Package 'src/realsense2mavros' with type 'ros.ament_python' and name 'realsense2mavros'
[2.673s] Level 1:colcon.colcon_core.package_identification:_identify(src/task2) by extensions ['ignore', 'ignore_ament_install']
[2.673s] Level 1:colcon.colcon_core.package_identification:_identify(src/task2) by extension 'ignore'
[2.673s] Level 1:colcon.colcon_core.package_identification:_identify(src/task2) by extension 'ignore_ament_install'
[2.673s] Level 1:colcon.colcon_core.package_identification:_identify(src/task2) by extensions ['colcon_pkg']
[2.673s] Level 1:colcon.colcon_core.package_identification:_identify(src/task2) by extension 'colcon_pkg'
[2.674s] Level 1:colcon.colcon_core.package_identification:_identify(src/task2) by extensions ['colcon_meta']
[2.674s] Level 1:colcon.colcon_core.package_identification:_identify(src/task2) by extension 'colcon_meta'
[2.674s] Level 1:colcon.colcon_core.package_identification:_identify(src/task2) by extensions ['ros']
[2.674s] Level 1:colcon.colcon_core.package_identification:_identify(src/task2) by extension 'ros'
[2.675s] Level 1:colcon.colcon_core.package_identification:_identify(src/task2) by extensions ['cmake', 'python']
[2.675s] Level 1:colcon.colcon_core.package_identification:_identify(src/task2) by extension 'cmake'
[2.675s] Level 1:colcon.colcon_core.package_identification:_identify(src/task2) by extension 'python'
[2.675s] Level 1:colcon.colcon_core.package_identification:_identify(src/task2) by extensions ['python_setup_py']
[2.675s] Level 1:colcon.colcon_core.package_identification:_identify(src/task2) by extension 'python_setup_py'
[2.676s] Level 1:colcon.colcon_core.package_identification:_identify(src/unit_tester) by extensions ['ignore', 'ignore_ament_install']
[2.676s] Level 1:colcon.colcon_core.package_identification:_identify(src/unit_tester) by extension 'ignore'
[2.676s] Level 1:colcon.colcon_core.package_identification:_identify(src/unit_tester) by extension 'ignore_ament_install'
[2.677s] Level 1:colcon.colcon_core.package_identification:_identify(src/unit_tester) by extensions ['colcon_pkg']
[2.677s] Level 1:colcon.colcon_core.package_identification:_identify(src/unit_tester) by extension 'colcon_pkg'
[2.677s] Level 1:colcon.colcon_core.package_identification:_identify(src/unit_tester) by extensions ['colcon_meta']
[2.677s] Level 1:colcon.colcon_core.package_identification:_identify(src/unit_tester) by extension 'colcon_meta'
[2.677s] Level 1:colcon.colcon_core.package_identification:_identify(src/unit_tester) by extensions ['ros']
[2.677s] Level 1:colcon.colcon_core.package_identification:_identify(src/unit_tester) by extension 'ros'
[2.680s] DEBUG:colcon.colcon_core.package_identification:Package 'src/unit_tester' with type 'ros.ament_python' and name 'unit_tester'
[2.680s] Level 1:colcon.colcon_core.package_identification:_identify(src/vicon_bridge) by extensions ['ignore', 'ignore_ament_install']
[2.680s] Level 1:colcon.colcon_core.package_identification:_identify(src/vicon_bridge) by extension 'ignore'
[2.680s] Level 1:colcon.colcon_core.package_identification:_identify(src/vicon_bridge) by extension 'ignore_ament_install'
[2.681s] Level 1:colcon.colcon_core.package_identification:_identify(src/vicon_bridge) by extensions ['colcon_pkg']
[2.681s] Level 1:colcon.colcon_core.package_identification:_identify(src/vicon_bridge) by extension 'colcon_pkg'
[2.681s] Level 1:colcon.colcon_core.package_identification:_identify(src/vicon_bridge) by extensions ['colcon_meta']
[2.681s] Level 1:colcon.colcon_core.package_identification:_identify(src/vicon_bridge) by extension 'colcon_meta'
[2.681s] Level 1:colcon.colcon_core.package_identification:_identify(src/vicon_bridge) by extensions ['ros']
[2.681s] Level 1:colcon.colcon_core.package_identification:_identify(src/vicon_bridge) by extension 'ros'
[2.685s] DEBUG:colcon.colcon_core.package_identification:Package 'src/vicon_bridge' with type 'ros.ament_python' and name 'vicon_bridge'
[2.685s] Level 1:colcon.colcon_core.package_identification:_identify(src/vicon_obstacle_republisher) by extensions ['ignore', 'ignore_ament_install']
[2.685s] Level 1:colcon.colcon_core.package_identification:_identify(src/vicon_obstacle_republisher) by extension 'ignore'
[2.686s] Level 1:colcon.colcon_core.package_identification:_identify(src/vicon_obstacle_republisher) by extension 'ignore_ament_install'
[2.686s] Level 1:colcon.colcon_core.package_identification:_identify(src/vicon_obstacle_republisher) by extensions ['colcon_pkg']
[2.686s] Level 1:colcon.colcon_core.package_identification:_identify(src/vicon_obstacle_republisher) by extension 'colcon_pkg'
[2.686s] Level 1:colcon.colcon_core.package_identification:_identify(src/vicon_obstacle_republisher) by extensions ['colcon_meta']
[2.686s] Level 1:colcon.colcon_core.package_identification:_identify(src/vicon_obstacle_republisher) by extension 'colcon_meta'
[2.687s] Level 1:colcon.colcon_core.package_identification:_identify(src/vicon_obstacle_republisher) by extensions ['ros']
[2.687s] Level 1:colcon.colcon_core.package_identification:_identify(src/vicon_obstacle_republisher) by extension 'ros'
[2.689s] DEBUG:colcon.colcon_core.package_identification:Package 'src/vicon_obstacle_republisher' with type 'ros.ament_python' and name 'vicon_obstacle_republisher'
[2.689s] Level 1:colcon.colcon_core.package_identification:_identify(src/waypoint_nav) by extensions ['ignore', 'ignore_ament_install']
[2.689s] Level 1:colcon.colcon_core.package_identification:_identify(src/waypoint_nav) by extension 'ignore'
[2.690s] Level 1:colcon.colcon_core.package_identification:_identify(src/waypoint_nav) by extension 'ignore_ament_install'
[2.690s] Level 1:colcon.colcon_core.package_identification:_identify(src/waypoint_nav) by extensions ['colcon_pkg']
[2.690s] Level 1:colcon.colcon_core.package_identification:_identify(src/waypoint_nav) by extension 'colcon_pkg'
[2.690s] Level 1:colcon.colcon_core.package_identification:_identify(src/waypoint_nav) by extensions ['colcon_meta']
[2.690s] Level 1:colcon.colcon_core.package_identification:_identify(src/waypoint_nav) by extension 'colcon_meta'
[2.691s] Level 1:colcon.colcon_core.package_identification:_identify(src/waypoint_nav) by extensions ['ros']
[2.691s] Level 1:colcon.colcon_core.package_identification:_identify(src/waypoint_nav) by extension 'ros'
[2.694s] DEBUG:colcon.colcon_core.package_identification:Package 'src/waypoint_nav' with type 'ros.ament_python' and name 'waypoint_nav'
[2.694s] Level 1:colcon.colcon_core.package_discovery:discover_packages(recursive) using defaults
[2.695s] Level 1:colcon.colcon_core.package_discovery:discover_packages(ignore) discover
[2.695s] Level 1:colcon.colcon_core.package_discovery:discover_packages(ignore) using defaults
[2.695s] Level 1:colcon.colcon_core.package_discovery:discover_packages(path) discover
[2.695s] Level 1:colcon.colcon_core.package_discovery:discover_packages(path) using defaults
[2.696s] WARNING:colcon.colcon_core.package_selection:ignoring unknown package 'api_waypoint_node' in --packages-select
[2.799s] INFO:colcon.colcon_core.package_selection:Skipping not selected package 'api_waypoint' in 'src/api_waypoint'
[2.800s] INFO:colcon.colcon_core.package_selection:Skipping not selected package 'comm_node' in 'src/comm_node'
[2.800s] INFO:colcon.colcon_core.package_selection:Skipping not selected package 'crack_comm' in 'src/crack_comm'
[2.800s] INFO:colcon.colcon_core.package_selection:Skipping not selected package 'crack_controller' in 'src/crack_controller'
[2.800s] INFO:colcon.colcon_core.package_selection:Skipping not selected package 'dummy_vicon_republisher' in 'src/dummy_vicon_republisher'
[2.800s] INFO:colcon.colcon_core.package_selection:Skipping not selected package 'dummy_waypoint_publisher' in 'src/dummy_waypoint_publisher'
[2.800s] INFO:colcon.colcon_core.package_selection:Skipping not selected package 'exer2_control' in 'src/exer2_control'
[2.800s] INFO:colcon.colcon_core.package_selection:Skipping not selected package 'exer3_control' in 'src/exer3_control'
[2.801s] INFO:colcon.colcon_core.package_selection:Skipping not selected package 'image_saver' in 'src/image_saver'
[2.801s] INFO:colcon.colcon_core.package_selection:Skipping not selected package 'px4_autonomy_modules' in 'src/px4_autonomy_modules'
[2.801s] INFO:colcon.colcon_core.package_selection:Skipping not selected package 'realsense2mavros' in 'src/realsense2mavros'
[2.801s] INFO:colcon.colcon_core.package_selection:Skipping not selected package 'unit_tester' in 'src/unit_tester'
[2.801s] INFO:colcon.colcon_core.package_selection:Skipping not selected package 'vicon_bridge' in 'src/vicon_bridge'
[2.801s] INFO:colcon.colcon_core.package_selection:Skipping not selected package 'vicon_obstacle_republisher' in 'src/vicon_obstacle_republisher'
[2.801s] INFO:colcon.colcon_core.package_selection:Skipping not selected package 'waypoint_nav' in 'src/waypoint_nav'
[2.803s] Level 1:colcon.colcon_core.package_discovery:discover_packages(prefix_path) check parameters
[2.803s] Level 1:colcon.colcon_core.package_discovery:discover_packages(prefix_path) discover
[2.814s] DEBUG:colcon.colcon_installed_package_information.package_discovery:Found 16 installed packages in /home/jetson/ros2_ws/install
[2.821s] DEBUG:colcon.colcon_installed_package_information.package_discovery:Found 271 installed packages in /opt/ros/foxy
[2.830s] Level 1:colcon.colcon_core.package_discovery:discover_packages(prefix_path) using defaults
[3.146s] Level 5:colcon.colcon_core.verb:set package 'image_processor' build argument 'cmake_args' from command line to 'None'
[3.147s] Level 5:colcon.colcon_core.verb:set package 'image_processor' build argument 'cmake_target' from command line to 'None'
[3.147s] Level 5:colcon.colcon_core.verb:set package 'image_processor' build argument 'cmake_target_skip_unavailable' from command line to 'False'
[3.147s] Level 5:colcon.colcon_core.verb:set package 'image_processor' build argument 'cmake_clean_cache' from command line to 'False'
[3.147s] Level 5:colcon.colcon_core.verb:set package 'image_processor' build argument 'cmake_clean_first' from command line to 'False'
[3.147s] Level 5:colcon.colcon_core.verb:set package 'image_processor' build argument 'cmake_force_configure' from command line to 'False'
[3.147s] Level 5:colcon.colcon_core.verb:set package 'image_processor' build argument 'ament_cmake_args' from command line to 'None'
[3.148s] Level 5:colcon.colcon_core.verb:set package 'image_processor' build argument 'catkin_cmake_args' from command line to 'None'
[3.148s] Level 5:colcon.colcon_core.verb:set package 'image_processor' build argument 'catkin_skip_building_tests' from command line to 'False'
[3.148s] DEBUG:colcon.colcon_core.verb:Building package 'image_processor' with the following arguments: {'ament_cmake_args': None, 'build_base': '/home/jetson/ros2_ws/build/image_processor', 'catkin_cmake_args': None, 'catkin_skip_building_tests': False, 'cmake_args': None, 'cmake_clean_cache': False, 'cmake_clean_first': False, 'cmake_force_configure': False, 'cmake_target': None, 'cmake_target_skip_unavailable': False, 'install_base': '/home/jetson/ros2_ws/install/image_processor', 'merge_install': False, 'path': '/home/jetson/ros2_ws/src/image_processor', 'symlink_install': False, 'test_result_base': None}
[3.148s] INFO:colcon.colcon_core.executor:Executing jobs using 'parallel' executor
[3.152s] DEBUG:colcon.colcon_parallel_executor.executor.parallel:run_until_complete
[3.153s] INFO:colcon.colcon_ros.task.ament_python.build:Building ROS package in '/home/jetson/ros2_ws/src/image_processor' with build type 'ament_python'
[3.153s] Level 1:colcon.colcon_core.shell:create_environment_hook('image_processor', 'ament_prefix_path')
[3.164s] INFO:colcon.colcon_core.plugin_system:Skipping extension 'colcon_core.shell.bat': Not used on non-Windows systems
[3.165s] INFO:colcon.colcon_core.shell:Creating environment hook '/home/jetson/ros2_ws/install/image_processor/share/image_processor/hook/ament_prefix_path.ps1'
[3.167s] INFO:colcon.colcon_core.shell:Creating environment descriptor '/home/jetson/ros2_ws/install/image_processor/share/image_processor/hook/ament_prefix_path.dsv'
[3.169s] INFO:colcon.colcon_core.shell:Creating environment hook '/home/jetson/ros2_ws/install/image_processor/share/image_processor/hook/ament_prefix_path.sh'
[3.173s] INFO:colcon.colcon_core.shell:Skip shell extension 'powershell' for command environment: Not usable outside of PowerShell
[3.173s] DEBUG:colcon.colcon_core.shell:Skip shell extension 'dsv' for command environment
[6.248s] INFO:colcon.colcon_core.task.python.build:Building Python package in '/home/jetson/ros2_ws/src/image_processor'
[6.249s] INFO:colcon.colcon_core.shell:Skip shell extension 'powershell' for command environment: Not usable outside of PowerShell
[6.249s] DEBUG:colcon.colcon_core.shell:Skip shell extension 'dsv' for command environment
[9.863s] DEBUG:colcon.colcon_core.event_handler.log_command:Invoking command in '/home/jetson/ros2_ws/src/image_processor': PYTHONPATH=/home/jetson/ros2_ws/build/image_processor/prefix_override:/usr/lib/python3/dist-packages/colcon_core/task/python/colcon_distutils_commands:/home/jetson/ros2_ws/install/image_processor/lib/python3.8/site-packages:${PYTHONPATH} /usr/bin/python3 -W ignore:setup.py install is deprecated -W ignore:easy_install command is deprecated setup.py egg_info --egg-base ../../build/image_processor build --build-base /home/jetson/ros2_ws/build/image_processor/build install --record /home/jetson/ros2_ws/build/image_processor/install.log --install-scripts $base/lib/image_processor --single-version-externally-managed install_data
[12.505s] DEBUG:colcon.colcon_core.event_handler.log_command:Invoked command in '/home/jetson/ros2_ws/src/image_processor' returned '0': PYTHONPATH=/home/jetson/ros2_ws/build/image_processor/prefix_override:/usr/lib/python3/dist-packages/colcon_core/task/python/colcon_distutils_commands:/home/jetson/ros2_ws/install/image_processor/lib/python3.8/site-packages:${PYTHONPATH} /usr/bin/python3 -W ignore:setup.py install is deprecated -W ignore:easy_install command is deprecated setup.py egg_info --egg-base ../../build/image_processor build --build-base /home/jetson/ros2_ws/build/image_processor/build install --record /home/jetson/ros2_ws/build/image_processor/install.log --install-scripts $base/lib/image_processor --single-version-externally-managed install_data
[12.515s] Level 1:colcon.colcon_core.environment:checking '/home/jetson/ros2_ws/install/image_processor' for CMake module files
[12.517s] Level 1:colcon.colcon_core.environment:checking '/home/jetson/ros2_ws/install/image_processor' for CMake config files
[12.520s] Level 1:colcon.colcon_core.environment:checking '/home/jetson/ros2_ws/install/image_processor/lib'
[12.521s] Level 1:colcon.colcon_core.environment:checking '/home/jetson/ros2_ws/install/image_processor/bin'
[12.521s] Level 1:colcon.colcon_core.environment:checking '/home/jetson/ros2_ws/install/image_processor/lib/pkgconfig/image_processor.pc'
[12.522s] Level 1:colcon.colcon_core.environment:checking '/home/jetson/ros2_ws/install/image_processor/lib/python3.8/site-packages'
[12.522s] Level 1:colcon.colcon_core.shell:create_environment_hook('image_processor', 'pythonpath')
[12.523s] INFO:colcon.colcon_core.shell:Creating environment hook '/home/jetson/ros2_ws/install/image_processor/share/image_processor/hook/pythonpath.ps1'
[12.526s] INFO:colcon.colcon_core.shell:Creating environment descriptor '/home/jetson/ros2_ws/install/image_processor/share/image_processor/hook/pythonpath.dsv'
[12.528s] INFO:colcon.colcon_core.shell:Creating environment hook '/home/jetson/ros2_ws/install/image_processor/share/image_processor/hook/pythonpath.sh'
[12.530s] Level 1:colcon.colcon_core.environment:checking '/home/jetson/ros2_ws/install/image_processor/bin'
[12.530s] Level 1:colcon.colcon_core.environment:create_environment_scripts_only(image_processor)
[12.531s] INFO:colcon.colcon_core.shell:Creating package script '/home/jetson/ros2_ws/install/image_processor/share/image_processor/package.ps1'
[12.535s] INFO:colcon.colcon_core.shell:Creating package descriptor '/home/jetson/ros2_ws/install/image_processor/share/image_processor/package.dsv'
[12.537s] INFO:colcon.colcon_core.shell:Creating package script '/home/jetson/ros2_ws/install/image_processor/share/image_processor/package.sh'
[12.541s] INFO:colcon.colcon_core.shell:Creating package script '/home/jetson/ros2_ws/install/image_processor/share/image_processor/package.bash'
[12.544s] INFO:colcon.colcon_core.shell:Creating package script '/home/jetson/ros2_ws/install/image_processor/share/image_processor/package.zsh'
[12.547s] Level 1:colcon.colcon_core.environment:create_file_with_runtime_dependencies(/home/jetson/ros2_ws/install/image_processor/share/colcon-core/packages/image_processor)
[12.548s] DEBUG:colcon.colcon_parallel_executor.executor.parallel:closing loop
[12.548s] DEBUG:colcon.colcon_parallel_executor.executor.parallel:loop closed
[12.548s] DEBUG:colcon.colcon_parallel_executor.executor.parallel:run_until_complete finished with '0'
[12.549s] DEBUG:colcon.colcon_core.event_reactor:joining thread
[12.574s] INFO:colcon.colcon_core.plugin_system:Skipping extension 'colcon_notification.desktop_notification.terminal_notifier': Not used on non-Darwin systems
[12.575s] INFO:colcon.colcon_core.plugin_system:Skipping extension 'colcon_notification.desktop_notification.win32': Not used on non-Windows systems
[12.575s] INFO:colcon.colcon_notification.desktop_notification:Sending desktop notification using 'notify2'
[12.631s] DEBUG:colcon.colcon_core.event_reactor:joined thread
[12.633s] INFO:colcon.colcon_core.shell:Creating prefix script '/home/jetson/ros2_ws/install/local_setup.ps1'
[12.637s] INFO:colcon.colcon_core.shell:Creating prefix util module '/home/jetson/ros2_ws/install/_local_setup_util_ps1.py'
[12.644s] INFO:colcon.colcon_core.shell:Creating prefix chain script '/home/jetson/ros2_ws/install/setup.ps1'
[12.651s] INFO:colcon.colcon_core.shell:Creating prefix script '/home/jetson/ros2_ws/install/local_setup.sh'
[12.654s] INFO:colcon.colcon_core.shell:Creating prefix util module '/home/jetson/ros2_ws/install/_local_setup_util_sh.py'
[12.657s] INFO:colcon.colcon_core.shell:Creating prefix chain script '/home/jetson/ros2_ws/install/setup.sh'
[12.665s] INFO:colcon.colcon_core.shell:Creating prefix script '/home/jetson/ros2_ws/install/local_setup.bash'
[12.668s] INFO:colcon.colcon_core.shell:Creating prefix chain script '/home/jetson/ros2_ws/install/setup.bash'
[12.676s] INFO:colcon.colcon_core.shell:Creating prefix script '/home/jetson/ros2_ws/install/local_setup.zsh'
[12.678s] INFO:colcon.colcon_core.shell:Creating prefix chain script '/home/jetson/ros2_ws/install/setup.zsh'
