[3.484s] Invoking command in '/home/jetson/ros2_ws/src/waypoint_nav': PYTHONPATH=/home/jetson/ros2_ws/build/waypoint_nav/prefix_override:/usr/lib/python3/dist-packages/colcon_core/task/python/colcon_distutils_commands:/home/jetson/ros2_ws/install/waypoint_nav/lib/python3.8/site-packages:${PYTHONPATH} /usr/bin/python3 -W ignore:setup.py install is deprecated -W ignore:easy_install command is deprecated setup.py egg_info --egg-base ../../build/waypoint_nav build --build-base /home/jetson/ros2_ws/build/waypoint_nav/build install --record /home/jetson/ros2_ws/build/waypoint_nav/install.log --install-scripts $base/lib/waypoint_nav --single-version-externally-managed install_data
[4.604s] /usr/local/lib/python3.8/dist-packages/setuptools/dist.py:717: UserWarning: Usage of dash-separated 'script-dir' will not be supported in future versions. Please use the underscore name 'script_dir' instead
[4.605s]   warnings.warn(
[4.748s] running egg_info
[4.755s] writing ../../build/waypoint_nav/waypoint_nav.egg-info/PKG-INFO
[4.755s] writing dependency_links to ../../build/waypoint_nav/waypoint_nav.egg-info/dependency_links.txt
[4.759s] writing entry points to ../../build/waypoint_nav/waypoint_nav.egg-info/entry_points.txt
[4.759s] writing requirements to ../../build/waypoint_nav/waypoint_nav.egg-info/requires.txt
[4.760s] writing top-level names to ../../build/waypoint_nav/waypoint_nav.egg-info/top_level.txt
[4.767s] reading manifest file '../../build/waypoint_nav/waypoint_nav.egg-info/SOURCES.txt'
[4.771s] writing manifest file '../../build/waypoint_nav/waypoint_nav.egg-info/SOURCES.txt'
[4.772s] running build
[4.773s] running build_py
[4.773s] copying waypoint_nav/waypoint.py -> /home/jetson/ros2_ws/build/waypoint_nav/build/lib/waypoint_nav
[4.774s] running install
[4.779s] running install_lib
[4.783s] copying /home/jetson/ros2_ws/build/waypoint_nav/build/lib/waypoint_nav/waypoint.py -> /home/jetson/ros2_ws/install/waypoint_nav/lib/python3.8/site-packages/waypoint_nav
[4.786s] byte-compiling /home/jetson/ros2_ws/install/waypoint_nav/lib/python3.8/site-packages/waypoint_nav/waypoint.py to waypoint.cpython-38.pyc
[4.792s] running install_data
[4.794s] running install_egg_info
[4.800s] removing '/home/jetson/ros2_ws/install/waypoint_nav/lib/python3.8/site-packages/waypoint_nav-0.0.0-py3.8.egg-info' (and everything under it)
[4.802s] Copying ../../build/waypoint_nav/waypoint_nav.egg-info to /home/jetson/ros2_ws/install/waypoint_nav/lib/python3.8/site-packages/waypoint_nav-0.0.0-py3.8.egg-info
[4.806s] running install_scripts
[4.885s] Installing waypoint script to /home/jetson/ros2_ws/install/waypoint_nav/lib/waypoint_nav
[4.886s] writing list of installed files to '/home/jetson/ros2_ws/build/waypoint_nav/install.log'
[4.987s] Invoked command in '/home/jetson/ros2_ws/src/waypoint_nav' returned '0': PYTHONPATH=/home/jetson/ros2_ws/build/waypoint_nav/prefix_override:/usr/lib/python3/dist-packages/colcon_core/task/python/colcon_distutils_commands:/home/jetson/ros2_ws/install/waypoint_nav/lib/python3.8/site-packages:${PYTHONPATH} /usr/bin/python3 -W ignore:setup.py install is deprecated -W ignore:easy_install command is deprecated setup.py egg_info --egg-base ../../build/waypoint_nav build --build-base /home/jetson/ros2_ws/build/waypoint_nav/build install --record /home/jetson/ros2_ws/build/waypoint_nav/install.log --install-scripts $base/lib/waypoint_nav --single-version-externally-managed install_data
