[9.692s] Invoking command in '/home/jetson/ros2_ws/src/image_saver': PYTHONPATH=/home/jetson/ros2_ws/build/image_saver/prefix_override:/usr/lib/python3/dist-packages/colcon_core/task/python/colcon_distutils_commands:/home/jetson/ros2_ws/install/image_saver/lib/python3.8/site-packages:${PYTHONPATH} /usr/bin/python3 -W ignore:setup.py install is deprecated -W ignore:easy_install command is deprecated setup.py egg_info --egg-base ../../build/image_saver build --build-base /home/jetson/ros2_ws/build/image_saver/build install --record /home/jetson/ros2_ws/build/image_saver/install.log --install-scripts $base/lib/image_saver --single-version-externally-managed install_data
[11.177s] /usr/local/lib/python3.8/dist-packages/setuptools/dist.py:717: UserWarning: Usage of dash-separated 'script-dir' will not be supported in future versions. Please use the underscore name 'script_dir' instead
[11.178s]   warnings.warn(
[11.356s] running egg_info
[11.362s] writing ../../build/image_saver/image_saver.egg-info/PKG-INFO
[11.364s] writing dependency_links to ../../build/image_saver/image_saver.egg-info/dependency_links.txt
[11.365s] writing entry points to ../../build/image_saver/image_saver.egg-info/entry_points.txt
[11.367s] writing requirements to ../../build/image_saver/image_saver.egg-info/requires.txt
[11.368s] writing top-level names to ../../build/image_saver/image_saver.egg-info/top_level.txt
[11.393s] reading manifest file '../../build/image_saver/image_saver.egg-info/SOURCES.txt'
[11.398s] writing manifest file '../../build/image_saver/image_saver.egg-info/SOURCES.txt'
[11.399s] running build
[11.400s] running build_py
[11.403s] running install
[11.407s] running install_lib
[11.416s] running install_data
[11.417s] running install_egg_info
[11.426s] removing '/home/jetson/ros2_ws/install/image_saver/lib/python3.8/site-packages/image_saver-0.0.0-py3.8.egg-info' (and everything under it)
[11.427s] Copying ../../build/image_saver/image_saver.egg-info to /home/jetson/ros2_ws/install/image_saver/lib/python3.8/site-packages/image_saver-0.0.0-py3.8.egg-info
[11.433s] running install_scripts
[11.530s] Installing camera_saver script to /home/jetson/ros2_ws/install/image_saver/lib/image_saver
[11.533s] writing list of installed files to '/home/jetson/ros2_ws/build/image_saver/install.log'
[13.698s] Invoked command in '/home/jetson/ros2_ws/src/image_saver' returned '0': PYTHONPATH=/home/jetson/ros2_ws/build/image_saver/prefix_override:/usr/lib/python3/dist-packages/colcon_core/task/python/colcon_distutils_commands:/home/jetson/ros2_ws/install/image_saver/lib/python3.8/site-packages:${PYTHONPATH} /usr/bin/python3 -W ignore:setup.py install is deprecated -W ignore:easy_install command is deprecated setup.py egg_info --egg-base ../../build/image_saver build --build-base /home/jetson/ros2_ws/build/image_saver/build install --record /home/jetson/ros2_ws/build/image_saver/install.log --install-scripts $base/lib/image_saver --single-version-externally-managed install_data
