[9.860s] Invoking command in '/home/jetson/ros2_ws/build/realsense2mavros': PYTHONPATH=/home/jetson/ros2_ws/build/realsense2mavros/prefix_override:/usr/lib/python3/dist-packages/colcon_core/task/python/colcon_distutils_commands:/home/jetson/ros2_ws/install/realsense2mavros/lib/python3.8/site-packages:${PYTHONPATH} /usr/bin/python3 -W ignore:setup.py install is deprecated -W ignore:easy_install command is deprecated setup.py develop --uninstall --editable --build-directory /home/jetson/ros2_ws/build/realsense2mavros/build
[11.868s] /usr/local/lib/python3.8/dist-packages/setuptools/dist.py:717: UserWarning: Usage of dash-separated 'script-dir' will not be supported in future versions. Please use the underscore name 'script_dir' instead
[11.868s]   warnings.warn(
[12.104s] running develop
[13.058s] Removing /home/jetson/ros2_ws/install/realsense2mavros/lib/python3.8/site-packages/realsense2mavros.egg-link (link to .)
[18.773s] Invoked command in '/home/jetson/ros2_ws/build/realsense2mavros' returned '0': PYTHONPATH=/home/jetson/ros2_ws/build/realsense2mavros/prefix_override:/usr/lib/python3/dist-packages/colcon_core/task/python/colcon_distutils_commands:/home/jetson/ros2_ws/install/realsense2mavros/lib/python3.8/site-packages:${PYTHONPATH} /usr/bin/python3 -W ignore:setup.py install is deprecated -W ignore:easy_install command is deprecated setup.py develop --uninstall --editable --build-directory /home/jetson/ros2_ws/build/realsense2mavros/build
[18.784s] Invoking command in '/home/jetson/ros2_ws/src/realsense2mavros': PYTHONPATH=/home/jetson/ros2_ws/build/realsense2mavros/prefix_override:/usr/lib/python3/dist-packages/colcon_core/task/python/colcon_distutils_commands:/home/jetson/ros2_ws/install/realsense2mavros/lib/python3.8/site-packages:${PYTHONPATH} /usr/bin/python3 -W ignore:setup.py install is deprecated -W ignore:easy_install command is deprecated setup.py egg_info --egg-base ../../build/realsense2mavros build --build-base /home/jetson/ros2_ws/build/realsense2mavros/build install --record /home/jetson/ros2_ws/build/realsense2mavros/install.log --install-scripts $base/lib/realsense2mavros --single-version-externally-managed install_data --force
[20.827s] /usr/local/lib/python3.8/dist-packages/setuptools/dist.py:717: UserWarning: Usage of dash-separated 'script-dir' will not be supported in future versions. Please use the underscore name 'script_dir' instead
[20.827s]   warnings.warn(
[20.976s] running egg_info
[20.979s] writing ../../build/realsense2mavros/realsense2mavros.egg-info/PKG-INFO
[20.980s] writing dependency_links to ../../build/realsense2mavros/realsense2mavros.egg-info/dependency_links.txt
[20.981s] writing entry points to ../../build/realsense2mavros/realsense2mavros.egg-info/entry_points.txt
[20.981s] writing requirements to ../../build/realsense2mavros/realsense2mavros.egg-info/requires.txt
[20.982s] writing top-level names to ../../build/realsense2mavros/realsense2mavros.egg-info/top_level.txt
[20.996s] reading manifest file '../../build/realsense2mavros/realsense2mavros.egg-info/SOURCES.txt'
[21.001s] writing manifest file '../../build/realsense2mavros/realsense2mavros.egg-info/SOURCES.txt'
[21.002s] running build
[21.002s] running build_py
[21.003s] creating /home/jetson/ros2_ws/build/realsense2mavros/build
[21.003s] creating /home/jetson/ros2_ws/build/realsense2mavros/build/lib
[21.003s] creating /home/jetson/ros2_ws/build/realsense2mavros/build/lib/realsense2mavros
[21.004s] copying realsense2mavros/realsense2mavros.py -> /home/jetson/ros2_ws/build/realsense2mavros/build/lib/realsense2mavros
[21.004s] copying realsense2mavros/__init__.py -> /home/jetson/ros2_ws/build/realsense2mavros/build/lib/realsense2mavros
[21.005s] running install
[21.009s] running install_lib
[21.013s] creating /home/jetson/ros2_ws/install/realsense2mavros/lib/python3.8/site-packages/realsense2mavros
[21.013s] copying /home/jetson/ros2_ws/build/realsense2mavros/build/lib/realsense2mavros/realsense2mavros.py -> /home/jetson/ros2_ws/install/realsense2mavros/lib/python3.8/site-packages/realsense2mavros
[21.014s] copying /home/jetson/ros2_ws/build/realsense2mavros/build/lib/realsense2mavros/__init__.py -> /home/jetson/ros2_ws/install/realsense2mavros/lib/python3.8/site-packages/realsense2mavros
[21.017s] byte-compiling /home/jetson/ros2_ws/install/realsense2mavros/lib/python3.8/site-packages/realsense2mavros/realsense2mavros.py to realsense2mavros.cpython-38.pyc
[21.019s] byte-compiling /home/jetson/ros2_ws/install/realsense2mavros/lib/python3.8/site-packages/realsense2mavros/__init__.py to __init__.cpython-38.pyc
[21.020s] running install_data
[21.020s] copying resource/realsense2mavros -> /home/jetson/ros2_ws/install/realsense2mavros/share/ament_index/resource_index/packages
[21.028s] copying package.xml -> /home/jetson/ros2_ws/install/realsense2mavros/share/realsense2mavros
[21.029s] running install_egg_info
[21.032s] Copying ../../build/realsense2mavros/realsense2mavros.egg-info to /home/jetson/ros2_ws/install/realsense2mavros/lib/python3.8/site-packages/realsense2mavros-0.0.0-py3.8.egg-info
[21.037s] running install_scripts
[21.135s] Installing realsense2mavros script to /home/jetson/ros2_ws/install/realsense2mavros/lib/realsense2mavros
[21.136s] writing list of installed files to '/home/jetson/ros2_ws/build/realsense2mavros/install.log'
[21.750s] Invoked command in '/home/jetson/ros2_ws/src/realsense2mavros' returned '0': PYTHONPATH=/home/jetson/ros2_ws/build/realsense2mavros/prefix_override:/usr/lib/python3/dist-packages/colcon_core/task/python/colcon_distutils_commands:/home/jetson/ros2_ws/install/realsense2mavros/lib/python3.8/site-packages:${PYTHONPATH} /usr/bin/python3 -W ignore:setup.py install is deprecated -W ignore:easy_install command is deprecated setup.py egg_info --egg-base ../../build/realsense2mavros build --build-base /home/jetson/ros2_ws/build/realsense2mavros/build install --record /home/jetson/ros2_ws/build/realsense2mavros/install.log --install-scripts $base/lib/realsense2mavros --single-version-externally-managed install_data --force
