[7.236s] Invoking command in '/home/jetson/ros2_ws/src/vicon_bridge': PYTHONPATH=/home/jetson/ros2_ws/src/build/vicon_bridge/prefix_override:/usr/lib/python3/dist-packages/colcon_core/task/python/colcon_distutils_commands:/home/jetson/ros2_ws/src/install/vicon_bridge/lib/python3.8/site-packages:${PYTHONPATH} /usr/bin/python3 -W ignore:setup.py install is deprecated -W ignore:easy_install command is deprecated setup.py egg_info --egg-base ../build/vicon_bridge build --build-base /home/jetson/ros2_ws/src/build/vicon_bridge/build install --record /home/jetson/ros2_ws/src/build/vicon_bridge/install.log --install-scripts $base/lib/vicon_bridge --single-version-externally-managed install_data
[8.896s] /usr/local/lib/python3.8/dist-packages/setuptools/dist.py:717: UserWarning: Usage of dash-separated 'script-dir' will not be supported in future versions. Please use the underscore name 'script_dir' instead
[8.897s]   warnings.warn(
[9.068s] running egg_info
[9.071s] writing ../build/vicon_bridge/vicon_bridge.egg-info/PKG-INFO
[9.076s] writing dependency_links to ../build/vicon_bridge/vicon_bridge.egg-info/dependency_links.txt
[9.077s] writing entry points to ../build/vicon_bridge/vicon_bridge.egg-info/entry_points.txt
[9.077s] writing requirements to ../build/vicon_bridge/vicon_bridge.egg-info/requires.txt
[9.078s] writing top-level names to ../build/vicon_bridge/vicon_bridge.egg-info/top_level.txt
[9.097s] reading manifest file '../build/vicon_bridge/vicon_bridge.egg-info/SOURCES.txt'
[9.107s] writing manifest file '../build/vicon_bridge/vicon_bridge.egg-info/SOURCES.txt'
[9.110s] running build
[9.111s] running build_py
[9.115s] running install
[9.117s] running install_lib
[9.133s] running install_data
[9.136s] running install_egg_info
[9.146s] removing '/home/jetson/ros2_ws/src/install/vicon_bridge/lib/python3.8/site-packages/vicon_bridge-0.0.0-py3.8.egg-info' (and everything under it)
[9.150s] Copying ../build/vicon_bridge/vicon_bridge.egg-info to /home/jetson/ros2_ws/src/install/vicon_bridge/lib/python3.8/site-packages/vicon_bridge-0.0.0-py3.8.egg-info
[9.153s] running install_scripts
[9.302s] Installing vicon_bridge script to /home/jetson/ros2_ws/src/install/vicon_bridge/lib/vicon_bridge
[9.308s] writing list of installed files to '/home/jetson/ros2_ws/src/build/vicon_bridge/install.log'
[9.444s] Invoked command in '/home/jetson/ros2_ws/src/vicon_bridge' returned '0': PYTHONPATH=/home/jetson/ros2_ws/src/build/vicon_bridge/prefix_override:/usr/lib/python3/dist-packages/colcon_core/task/python/colcon_distutils_commands:/home/jetson/ros2_ws/src/install/vicon_bridge/lib/python3.8/site-packages:${PYTHONPATH} /usr/bin/python3 -W ignore:setup.py install is deprecated -W ignore:easy_install command is deprecated setup.py egg_info --egg-base ../build/vicon_bridge build --build-base /home/jetson/ros2_ws/src/build/vicon_bridge/build install --record /home/jetson/ros2_ws/src/build/vicon_bridge/install.log --install-scripts $base/lib/vicon_bridge --single-version-externally-managed install_data
