[7.413s] Invoking command in '/home/jetson/ros2_ws/src/image_processor': PYTHONPATH=/home/jetson/ros2_ws/build/image_processor/prefix_override:/usr/lib/python3/dist-packages/colcon_core/task/python/colcon_distutils_commands:/home/jetson/ros2_ws/install/image_processor/lib/python3.8/site-packages:${PYTHONPATH} /usr/bin/python3 -W ignore:setup.py install is deprecated -W ignore:easy_install command is deprecated setup.py egg_info --egg-base ../../build/image_processor build --build-base /home/jetson/ros2_ws/build/image_processor/build install --record /home/jetson/ros2_ws/build/image_processor/install.log --install-scripts $base/lib/image_processor --single-version-externally-managed install_data
[9.334s] /usr/local/lib/python3.8/dist-packages/setuptools/dist.py:717: UserWarning: Usage of dash-separated 'script-dir' will not be supported in future versions. Please use the underscore name 'script_dir' instead
[9.335s]   warnings.warn(
[9.482s] running egg_info
[9.484s] writing ../../build/image_processor/image_processor.egg-info/PKG-INFO
[9.485s] writing dependency_links to ../../build/image_processor/image_processor.egg-info/dependency_links.txt
[9.486s] writing entry points to ../../build/image_processor/image_processor.egg-info/entry_points.txt
[9.486s] writing requirements to ../../build/image_processor/image_processor.egg-info/requires.txt
[9.487s] writing top-level names to ../../build/image_processor/image_processor.egg-info/top_level.txt
[9.505s] reading manifest file '../../build/image_processor/image_processor.egg-info/SOURCES.txt'
[9.510s] writing manifest file '../../build/image_processor/image_processor.egg-info/SOURCES.txt'
[9.511s] running build
[9.511s] running build_py
[9.512s] copying image_processor/state_machine.py -> /home/jetson/ros2_ws/build/image_processor/build/lib/image_processor
[9.513s] copying image_processor/darknet_dir/inference_darknet.py -> /home/jetson/ros2_ws/build/image_processor/build/lib/image_processor/darknet_dir
[9.515s] running install
[9.520s] running install_lib
[9.524s] copying /home/jetson/ros2_ws/build/image_processor/build/lib/image_processor/darknet_dir/inference_darknet.py -> /home/jetson/ros2_ws/install/image_processor/lib/python3.8/site-packages/image_processor/darknet_dir
[9.525s] copying /home/jetson/ros2_ws/build/image_processor/build/lib/image_processor/state_machine.py -> /home/jetson/ros2_ws/install/image_processor/lib/python3.8/site-packages/image_processor
[9.529s] byte-compiling /home/jetson/ros2_ws/install/image_processor/lib/python3.8/site-packages/image_processor/darknet_dir/inference_darknet.py to inference_darknet.cpython-38.pyc
[9.533s] byte-compiling /home/jetson/ros2_ws/install/image_processor/lib/python3.8/site-packages/image_processor/state_machine.py to state_machine.cpython-38.pyc
[9.541s] running install_data
[9.541s] running install_egg_info
[9.549s] removing '/home/jetson/ros2_ws/install/image_processor/lib/python3.8/site-packages/image_processor-0.0.0-py3.8.egg-info' (and everything under it)
[9.550s] Copying ../../build/image_processor/image_processor.egg-info to /home/jetson/ros2_ws/install/image_processor/lib/python3.8/site-packages/image_processor-0.0.0-py3.8.egg-info
[9.554s] running install_scripts
[9.651s] Installing state_machine script to /home/jetson/ros2_ws/install/image_processor/lib/image_processor
[9.652s] writing list of installed files to '/home/jetson/ros2_ws/build/image_processor/install.log'
[10.263s] Invoked command in '/home/jetson/ros2_ws/src/image_processor' returned '0': PYTHONPATH=/home/jetson/ros2_ws/build/image_processor/prefix_override:/usr/lib/python3/dist-packages/colcon_core/task/python/colcon_distutils_commands:/home/jetson/ros2_ws/install/image_processor/lib/python3.8/site-packages:${PYTHONPATH} /usr/bin/python3 -W ignore:setup.py install is deprecated -W ignore:easy_install command is deprecated setup.py egg_info --egg-base ../../build/image_processor build --build-base /home/jetson/ros2_ws/build/image_processor/build install --record /home/jetson/ros2_ws/build/image_processor/install.log --install-scripts $base/lib/image_processor --single-version-externally-managed install_data
