[6.929s] Invoking command in '/home/jetson/ros2_ws/src/realsense2mavros': PYTHONPATH=/home/jetson/ros2_ws/src/build/realsense2mavros/prefix_override:/usr/lib/python3/dist-packages/colcon_core/task/python/colcon_distutils_commands:/home/jetson/ros2_ws/src/install/realsense2mavros/lib/python3.8/site-packages:${PYTHONPATH} /usr/bin/python3 -W ignore:setup.py install is deprecated -W ignore:easy_install command is deprecated setup.py egg_info --egg-base ../build/realsense2mavros build --build-base /home/jetson/ros2_ws/src/build/realsense2mavros/build install --record /home/jetson/ros2_ws/src/build/realsense2mavros/install.log --install-scripts $base/lib/realsense2mavros --single-version-externally-managed install_data
[9.552s] /usr/local/lib/python3.8/dist-packages/setuptools/dist.py:717: UserWarning: Usage of dash-separated 'script-dir' will not be supported in future versions. Please use the underscore name 'script_dir' instead
[9.553s]   warnings.warn(
[9.883s] running egg_info
[9.889s] writing ../build/realsense2mavros/realsense2mavros.egg-info/PKG-INFO
[9.897s] writing dependency_links to ../build/realsense2mavros/realsense2mavros.egg-info/dependency_links.txt
[9.898s] writing entry points to ../build/realsense2mavros/realsense2mavros.egg-info/entry_points.txt
[9.899s] writing requirements to ../build/realsense2mavros/realsense2mavros.egg-info/requires.txt
[9.899s] writing top-level names to ../build/realsense2mavros/realsense2mavros.egg-info/top_level.txt
[9.912s] reading manifest file '../build/realsense2mavros/realsense2mavros.egg-info/SOURCES.txt'
[9.928s] writing manifest file '../build/realsense2mavros/realsense2mavros.egg-info/SOURCES.txt'
[9.928s] running build
[9.935s] running build_py
[9.935s] running install
[9.936s] running install_lib
[9.944s] running install_data
[9.948s] running install_egg_info
[9.971s] removing '/home/jetson/ros2_ws/src/install/realsense2mavros/lib/python3.8/site-packages/realsense2mavros-0.0.0-py3.8.egg-info' (and everything under it)
[9.972s] Copying ../build/realsense2mavros/realsense2mavros.egg-info to /home/jetson/ros2_ws/src/install/realsense2mavros/lib/python3.8/site-packages/realsense2mavros-0.0.0-py3.8.egg-info
[9.988s] running install_scripts
[10.084s] Installing realsense2mavros script to /home/jetson/ros2_ws/src/install/realsense2mavros/lib/realsense2mavros
[10.087s] writing list of installed files to '/home/jetson/ros2_ws/src/build/realsense2mavros/install.log'
[11.668s] Invoked command in '/home/jetson/ros2_ws/src/realsense2mavros' returned '0': PYTHONPATH=/home/jetson/ros2_ws/src/build/realsense2mavros/prefix_override:/usr/lib/python3/dist-packages/colcon_core/task/python/colcon_distutils_commands:/home/jetson/ros2_ws/src/install/realsense2mavros/lib/python3.8/site-packages:${PYTHONPATH} /usr/bin/python3 -W ignore:setup.py install is deprecated -W ignore:easy_install command is deprecated setup.py egg_info --egg-base ../build/realsense2mavros build --build-base /home/jetson/ros2_ws/src/build/realsense2mavros/build install --record /home/jetson/ros2_ws/src/build/realsense2mavros/install.log --install-scripts $base/lib/realsense2mavros --single-version-externally-managed install_data
