[10.745s] Invoking command in '/home/jetson/ros2_ws/src/image_saver': PYTHONPATH=/home/jetson/ros2_ws/build/image_saver/prefix_override:/usr/lib/python3/dist-packages/colcon_core/task/python/colcon_distutils_commands:/home/jetson/ros2_ws/install/image_saver/lib/python3.8/site-packages:${PYTHONPATH} /usr/bin/python3 -W ignore:setup.py install is deprecated -W ignore:easy_install command is deprecated setup.py egg_info --egg-base ../../build/image_saver build --build-base /home/jetson/ros2_ws/build/image_saver/build install --record /home/jetson/ros2_ws/build/image_saver/install.log --install-scripts $base/lib/image_saver --single-version-externally-managed install_data
[12.703s] /usr/local/lib/python3.8/dist-packages/setuptools/dist.py:717: UserWarning: Usage of dash-separated 'script-dir' will not be supported in future versions. Please use the underscore name 'script_dir' instead
[12.703s]   warnings.warn(
[12.875s] running egg_info
[12.878s] writing ../../build/image_saver/image_saver.egg-info/PKG-INFO
[12.883s] writing dependency_links to ../../build/image_saver/image_saver.egg-info/dependency_links.txt
[12.884s] writing entry points to ../../build/image_saver/image_saver.egg-info/entry_points.txt
[12.885s] writing requirements to ../../build/image_saver/image_saver.egg-info/requires.txt
[12.885s] writing top-level names to ../../build/image_saver/image_saver.egg-info/top_level.txt
[12.901s] reading manifest file '../../build/image_saver/image_saver.egg-info/SOURCES.txt'
[12.907s] writing manifest file '../../build/image_saver/image_saver.egg-info/SOURCES.txt'
[12.908s] running build
[12.909s] running build_py
[12.914s] running install
[12.919s] running install_lib
[12.930s] running install_data
[12.931s] running install_egg_info
[12.941s] removing '/home/jetson/ros2_ws/install/image_saver/lib/python3.8/site-packages/image_saver-0.0.0-py3.8.egg-info' (and everything under it)
[12.942s] Copying ../../build/image_saver/image_saver.egg-info to /home/jetson/ros2_ws/install/image_saver/lib/python3.8/site-packages/image_saver-0.0.0-py3.8.egg-info
[12.951s] running install_scripts
[13.057s] Installing camera_saver script to /home/jetson/ros2_ws/install/image_saver/lib/image_saver
[13.061s] writing list of installed files to '/home/jetson/ros2_ws/build/image_saver/install.log'
[15.016s] Invoked command in '/home/jetson/ros2_ws/src/image_saver' returned '0': PYTHONPATH=/home/jetson/ros2_ws/build/image_saver/prefix_override:/usr/lib/python3/dist-packages/colcon_core/task/python/colcon_distutils_commands:/home/jetson/ros2_ws/install/image_saver/lib/python3.8/site-packages:${PYTHONPATH} /usr/bin/python3 -W ignore:setup.py install is deprecated -W ignore:easy_install command is deprecated setup.py egg_info --egg-base ../../build/image_saver build --build-base /home/jetson/ros2_ws/build/image_saver/build install --record /home/jetson/ros2_ws/build/image_saver/install.log --install-scripts $base/lib/image_saver --single-version-externally-managed install_data
