[9.261s] Invoking command in '/home/jetson/ros2_ws/src/realsense2mavros': PYTHONPATH=/home/jetson/ros2_ws/src/build/realsense2mavros/prefix_override:/usr/lib/python3/dist-packages/colcon_core/task/python/colcon_distutils_commands:/home/jetson/ros2_ws/src/install/realsense2mavros/lib/python3.8/site-packages:${PYTHONPATH} /usr/bin/python3 -W ignore:setup.py install is deprecated -W ignore:easy_install command is deprecated setup.py egg_info --egg-base ../build/realsense2mavros build --build-base /home/jetson/ros2_ws/src/build/realsense2mavros/build install --record /home/jetson/ros2_ws/src/build/realsense2mavros/install.log --install-scripts $base/lib/realsense2mavros --single-version-externally-managed install_data
[11.716s] /usr/local/lib/python3.8/dist-packages/setuptools/dist.py:717: UserWarning: Usage of dash-separated 'script-dir' will not be supported in future versions. Please use the underscore name 'script_dir' instead
[11.716s]   warnings.warn(
[11.989s] running egg_info
[11.993s] writing ../build/realsense2mavros/realsense2mavros.egg-info/PKG-INFO
[12.006s] writing dependency_links to ../build/realsense2mavros/realsense2mavros.egg-info/dependency_links.txt
[12.008s] writing entry points to ../build/realsense2mavros/realsense2mavros.egg-info/entry_points.txt
[12.009s] writing requirements to ../build/realsense2mavros/realsense2mavros.egg-info/requires.txt
[12.009s] writing top-level names to ../build/realsense2mavros/realsense2mavros.egg-info/top_level.txt
[12.035s] reading manifest file '../build/realsense2mavros/realsense2mavros.egg-info/SOURCES.txt'
[12.041s] writing manifest file '../build/realsense2mavros/realsense2mavros.egg-info/SOURCES.txt'
[12.050s] running build
[12.050s] running build_py
[12.051s] running install
[12.055s] running install_lib
[12.075s] running install_data
[12.078s] running install_egg_info
[12.088s] removing '/home/jetson/ros2_ws/src/install/realsense2mavros/lib/python3.8/site-packages/realsense2mavros-0.0.0-py3.8.egg-info' (and everything under it)
[12.093s] Copying ../build/realsense2mavros/realsense2mavros.egg-info to /home/jetson/ros2_ws/src/install/realsense2mavros/lib/python3.8/site-packages/realsense2mavros-0.0.0-py3.8.egg-info
[12.109s] running install_scripts
[12.393s] Installing realsense2mavros script to /home/jetson/ros2_ws/src/install/realsense2mavros/lib/realsense2mavros
[12.403s] writing list of installed files to '/home/jetson/ros2_ws/src/build/realsense2mavros/install.log'
[12.691s] Invoked command in '/home/jetson/ros2_ws/src/realsense2mavros' returned '0': PYTHONPATH=/home/jetson/ros2_ws/src/build/realsense2mavros/prefix_override:/usr/lib/python3/dist-packages/colcon_core/task/python/colcon_distutils_commands:/home/jetson/ros2_ws/src/install/realsense2mavros/lib/python3.8/site-packages:${PYTHONPATH} /usr/bin/python3 -W ignore:setup.py install is deprecated -W ignore:easy_install command is deprecated setup.py egg_info --egg-base ../build/realsense2mavros build --build-base /home/jetson/ros2_ws/src/build/realsense2mavros/build install --record /home/jetson/ros2_ws/src/build/realsense2mavros/install.log --install-scripts $base/lib/realsense2mavros --single-version-externally-managed install_data
