[21.854s] Invoking command in '/home/jetson/ros2_ws/src/exer2_control': PYTHONPATH=/home/jetson/ros2_ws/src/build/exer2_control/prefix_override:/usr/lib/python3/dist-packages/colcon_core/task/python/colcon_distutils_commands:/home/jetson/ros2_ws/src/install/exer2_control/lib/python3.8/site-packages:${PYTHONPATH} /usr/bin/python3 -W ignore:setup.py install is deprecated -W ignore:easy_install command is deprecated setup.py egg_info --egg-base ../build/exer2_control build --build-base /home/jetson/ros2_ws/src/build/exer2_control/build install --record /home/jetson/ros2_ws/src/build/exer2_control/install.log --install-scripts $base/lib/exer2_control --single-version-externally-managed install_data
[26.741s] /usr/local/lib/python3.8/dist-packages/setuptools/dist.py:717: UserWarning: Usage of dash-separated 'script-dir' will not be supported in future versions. Please use the underscore name 'script_dir' instead
[26.742s]   warnings.warn(
[27.088s] running egg_info
[27.126s] writing ../build/exer2_control/exer2_control.egg-info/PKG-INFO
[27.128s] writing dependency_links to ../build/exer2_control/exer2_control.egg-info/dependency_links.txt
[27.137s] writing entry points to ../build/exer2_control/exer2_control.egg-info/entry_points.txt
[27.138s] writing requirements to ../build/exer2_control/exer2_control.egg-info/requires.txt
[27.138s] writing top-level names to ../build/exer2_control/exer2_control.egg-info/top_level.txt
[27.178s] reading manifest file '../build/exer2_control/exer2_control.egg-info/SOURCES.txt'
[27.208s] writing manifest file '../build/exer2_control/exer2_control.egg-info/SOURCES.txt'
[27.212s] running build
[27.213s] running build_py
[27.216s] running install
[27.240s] running install_lib
[27.272s] running install_data
[27.283s] running install_egg_info
[27.303s] removing '/home/jetson/ros2_ws/src/install/exer2_control/lib/python3.8/site-packages/exer2_control-0.0.0-py3.8.egg-info' (and everything under it)
[27.314s] Copying ../build/exer2_control/exer2_control.egg-info to /home/jetson/ros2_ws/src/install/exer2_control/lib/python3.8/site-packages/exer2_control-0.0.0-py3.8.egg-info
[27.330s] running install_scripts
[27.587s] Installing controller script to /home/jetson/ros2_ws/src/install/exer2_control/lib/exer2_control
[27.604s] writing list of installed files to '/home/jetson/ros2_ws/src/build/exer2_control/install.log'
[28.174s] Invoked command in '/home/jetson/ros2_ws/src/exer2_control' returned '0': PYTHONPATH=/home/jetson/ros2_ws/src/build/exer2_control/prefix_override:/usr/lib/python3/dist-packages/colcon_core/task/python/colcon_distutils_commands:/home/jetson/ros2_ws/src/install/exer2_control/lib/python3.8/site-packages:${PYTHONPATH} /usr/bin/python3 -W ignore:setup.py install is deprecated -W ignore:easy_install command is deprecated setup.py egg_info --egg-base ../build/exer2_control build --build-base /home/jetson/ros2_ws/src/build/exer2_control/build install --record /home/jetson/ros2_ws/src/build/exer2_control/install.log --install-scripts $base/lib/exer2_control --single-version-externally-managed install_data
