[1.345s] DEBUG:colcon:Command line arguments: ['/usr/bin/colcon', 'build']
[1.346s] DEBUG:colcon:Parsed command line arguments: Namespace(allow_overriding=[], ament_cmake_args=None, base_paths=['.'], build_base='build', catkin_cmake_args=None, catkin_skip_building_tests=False, cmake_args=None, cmake_clean_cache=False, cmake_clean_first=False, cmake_force_configure=False, cmake_target=None, cmake_target_skip_unavailable=False, continue_on_error=False, event_handlers=None, executor='parallel', ignore_user_meta=False, install_base='install', log_base=None, log_level=None, main=<bound method BuildVerb.main of <colcon_core.verb.build.BuildVerb object at 0x7fa8f1c550>>, merge_install=False, metas=['./colcon.meta'], packages_above=None, packages_above_and_dependencies=None, packages_above_depth=None, packages_end=None, packages_ignore=None, packages_ignore_regex=None, packages_select=None, packages_select_build_failed=False, packages_select_by_dep=None, packages_select_regex=None, packages_select_test_failures=False, packages_skip=None, packages_skip_build_finished=False, packages_skip_by_dep=None, packages_skip_regex=None, packages_skip_test_passed=False, packages_skip_up_to=None, packages_start=None, packages_up_to=None, packages_up_to_regex=None, parallel_workers=4, paths=None, symlink_install=False, test_result_base=None, verb_extension=<colcon_core.verb.build.BuildVerb object at 0x7fa8f1c550>, verb_name='build', verb_parser=<colcon_defaults.argument_parser.defaults.DefaultArgumentsDecorator object at 0x7fa8d751f0>)
[2.767s] Level 1:colcon.colcon_core.package_discovery:discover_packages(colcon_meta) check parameters
[2.769s] Level 1:colcon.colcon_core.package_discovery:discover_packages(recursive) check parameters
[2.770s] Level 1:colcon.colcon_core.package_discovery:discover_packages(ignore) check parameters
[2.771s] Level 1:colcon.colcon_core.package_discovery:discover_packages(path) check parameters
[2.772s] Level 1:colcon.colcon_core.package_discovery:discover_packages(colcon_meta) discover
[2.774s] Level 1:colcon.colcon_core.package_discovery:discover_packages(recursive) discover
[2.775s] INFO:colcon.colcon_core.package_discovery:Crawling recursively for packages in '/home/jetson/ros2_ws/src'
[2.777s] Level 1:colcon.colcon_core.package_identification:_identify(.) by extensions ['ignore', 'ignore_ament_install']
[2.779s] Level 1:colcon.colcon_core.package_identification:_identify(.) by extension 'ignore'
[2.781s] Level 1:colcon.colcon_core.package_identification:_identify(.) by extension 'ignore_ament_install'
[2.782s] Level 1:colcon.colcon_core.package_identification:_identify(.) by extensions ['colcon_pkg']
[2.784s] Level 1:colcon.colcon_core.package_identification:_identify(.) by extension 'colcon_pkg'
[2.786s] Level 1:colcon.colcon_core.package_identification:_identify(.) by extensions ['colcon_meta']
[2.787s] Level 1:colcon.colcon_core.package_identification:_identify(.) by extension 'colcon_meta'
[2.789s] Level 1:colcon.colcon_core.package_identification:_identify(.) by extensions ['ros']
[2.791s] Level 1:colcon.colcon_core.package_identification:_identify(.) by extension 'ros'
[3.065s] Level 1:colcon.colcon_core.package_identification:_identify(.) by extensions ['cmake', 'python']
[3.066s] Level 1:colcon.colcon_core.package_identification:_identify(.) by extension 'cmake'
[3.067s] Level 1:colcon.colcon_core.package_identification:_identify(.) by extension 'python'
[3.067s] Level 1:colcon.colcon_core.package_identification:_identify(.) by extensions ['python_setup_py']
[3.067s] Level 1:colcon.colcon_core.package_identification:_identify(.) by extension 'python_setup_py'
[3.068s] Level 1:colcon.colcon_core.package_identification:_identify(build) by extensions ['ignore', 'ignore_ament_install']
[3.069s] Level 1:colcon.colcon_core.package_identification:_identify(build) by extension 'ignore'
[3.069s] Level 1:colcon.colcon_core.package_identification:_identify(build) ignored
[3.070s] Level 1:colcon.colcon_core.package_identification:_identify(comm_node) by extensions ['ignore', 'ignore_ament_install']
[3.071s] Level 1:colcon.colcon_core.package_identification:_identify(comm_node) by extension 'ignore'
[3.071s] Level 1:colcon.colcon_core.package_identification:_identify(comm_node) by extension 'ignore_ament_install'
[3.071s] Level 1:colcon.colcon_core.package_identification:_identify(comm_node) by extensions ['colcon_pkg']
[3.072s] Level 1:colcon.colcon_core.package_identification:_identify(comm_node) by extension 'colcon_pkg'
[3.072s] Level 1:colcon.colcon_core.package_identification:_identify(comm_node) by extensions ['colcon_meta']
[3.072s] Level 1:colcon.colcon_core.package_identification:_identify(comm_node) by extension 'colcon_meta'
[3.072s] Level 1:colcon.colcon_core.package_identification:_identify(comm_node) by extensions ['ros']
[3.072s] Level 1:colcon.colcon_core.package_identification:_identify(comm_node) by extension 'ros'
[3.106s] DEBUG:colcon.colcon_core.package_identification:Package 'comm_node' with type 'ros.ament_python' and name 'comm_node'
[3.106s] Level 1:colcon.colcon_core.package_identification:_identify(exer2_control) by extensions ['ignore', 'ignore_ament_install']
[3.107s] Level 1:colcon.colcon_core.package_identification:_identify(exer2_control) by extension 'ignore'
[3.107s] Level 1:colcon.colcon_core.package_identification:_identify(exer2_control) by extension 'ignore_ament_install'
[3.108s] Level 1:colcon.colcon_core.package_identification:_identify(exer2_control) by extensions ['colcon_pkg']
[3.109s] Level 1:colcon.colcon_core.package_identification:_identify(exer2_control) by extension 'colcon_pkg'
[3.110s] Level 1:colcon.colcon_core.package_identification:_identify(exer2_control) by extensions ['colcon_meta']
[3.115s] Level 1:colcon.colcon_core.package_identification:_identify(exer2_control) by extension 'colcon_meta'
[3.116s] Level 1:colcon.colcon_core.package_identification:_identify(exer2_control) by extensions ['ros']
[3.117s] Level 1:colcon.colcon_core.package_identification:_identify(exer2_control) by extension 'ros'
[3.121s] DEBUG:colcon.colcon_core.package_identification:Package 'exer2_control' with type 'ros.ament_python' and name 'exer2_control'
[3.123s] Level 1:colcon.colcon_core.package_identification:_identify(install) by extensions ['ignore', 'ignore_ament_install']
[3.125s] Level 1:colcon.colcon_core.package_identification:_identify(install) by extension 'ignore'
[3.126s] Level 1:colcon.colcon_core.package_identification:_identify(install) ignored
[3.131s] Level 1:colcon.colcon_core.package_identification:_identify(log) by extensions ['ignore', 'ignore_ament_install']
[3.132s] Level 1:colcon.colcon_core.package_identification:_identify(log) by extension 'ignore'
[3.132s] Level 1:colcon.colcon_core.package_identification:_identify(log) ignored
[3.133s] Level 1:colcon.colcon_core.package_identification:_identify(px4_autonomy_modules) by extensions ['ignore', 'ignore_ament_install']
[3.134s] Level 1:colcon.colcon_core.package_identification:_identify(px4_autonomy_modules) by extension 'ignore'
[3.137s] Level 1:colcon.colcon_core.package_identification:_identify(px4_autonomy_modules) by extension 'ignore_ament_install'
[3.137s] Level 1:colcon.colcon_core.package_identification:_identify(px4_autonomy_modules) by extensions ['colcon_pkg']
[3.138s] Level 1:colcon.colcon_core.package_identification:_identify(px4_autonomy_modules) by extension 'colcon_pkg'
[3.138s] Level 1:colcon.colcon_core.package_identification:_identify(px4_autonomy_modules) by extensions ['colcon_meta']
[3.138s] Level 1:colcon.colcon_core.package_identification:_identify(px4_autonomy_modules) by extension 'colcon_meta'
[3.138s] Level 1:colcon.colcon_core.package_identification:_identify(px4_autonomy_modules) by extensions ['ros']
[3.139s] Level 1:colcon.colcon_core.package_identification:_identify(px4_autonomy_modules) by extension 'ros'
[3.147s] DEBUG:colcon.colcon_core.package_identification:Package 'px4_autonomy_modules' with type 'ros.ament_cmake' and name 'px4_autonomy_modules'
[3.148s] Level 1:colcon.colcon_core.package_identification:_identify(realsense2mavros) by extensions ['ignore', 'ignore_ament_install']
[3.149s] Level 1:colcon.colcon_core.package_identification:_identify(realsense2mavros) by extension 'ignore'
[3.149s] Level 1:colcon.colcon_core.package_identification:_identify(realsense2mavros) by extension 'ignore_ament_install'
[3.151s] Level 1:colcon.colcon_core.package_identification:_identify(realsense2mavros) by extensions ['colcon_pkg']
[3.151s] Level 1:colcon.colcon_core.package_identification:_identify(realsense2mavros) by extension 'colcon_pkg'
[3.152s] Level 1:colcon.colcon_core.package_identification:_identify(realsense2mavros) by extensions ['colcon_meta']
[3.153s] Level 1:colcon.colcon_core.package_identification:_identify(realsense2mavros) by extension 'colcon_meta'
[3.154s] Level 1:colcon.colcon_core.package_identification:_identify(realsense2mavros) by extensions ['ros']
[3.154s] Level 1:colcon.colcon_core.package_identification:_identify(realsense2mavros) by extension 'ros'
[3.163s] DEBUG:colcon.colcon_core.package_identification:Package 'realsense2mavros' with type 'ros.ament_python' and name 'realsense2mavros'
[3.164s] Level 1:colcon.colcon_core.package_identification:_identify(task2) by extensions ['ignore', 'ignore_ament_install']
[3.165s] Level 1:colcon.colcon_core.package_identification:_identify(task2) by extension 'ignore'
[3.166s] Level 1:colcon.colcon_core.package_identification:_identify(task2) by extension 'ignore_ament_install'
[3.166s] Level 1:colcon.colcon_core.package_identification:_identify(task2) by extensions ['colcon_pkg']
[3.167s] Level 1:colcon.colcon_core.package_identification:_identify(task2) by extension 'colcon_pkg'
[3.168s] Level 1:colcon.colcon_core.package_identification:_identify(task2) by extensions ['colcon_meta']
[3.168s] Level 1:colcon.colcon_core.package_identification:_identify(task2) by extension 'colcon_meta'
[3.169s] Level 1:colcon.colcon_core.package_identification:_identify(task2) by extensions ['ros']
[3.169s] Level 1:colcon.colcon_core.package_identification:_identify(task2) by extension 'ros'
[3.170s] Level 1:colcon.colcon_core.package_identification:_identify(task2) by extensions ['cmake', 'python']
[3.171s] Level 1:colcon.colcon_core.package_identification:_identify(task2) by extension 'cmake'
[3.171s] Level 1:colcon.colcon_core.package_identification:_identify(task2) by extension 'python'
[3.172s] Level 1:colcon.colcon_core.package_identification:_identify(task2) by extensions ['python_setup_py']
[3.173s] Level 1:colcon.colcon_core.package_identification:_identify(task2) by extension 'python_setup_py'
[3.174s] Level 1:colcon.colcon_core.package_identification:_identify(unit_tester) by extensions ['ignore', 'ignore_ament_install']
[3.175s] Level 1:colcon.colcon_core.package_identification:_identify(unit_tester) by extension 'ignore'
[3.176s] Level 1:colcon.colcon_core.package_identification:_identify(unit_tester) by extension 'ignore_ament_install'
[3.177s] Level 1:colcon.colcon_core.package_identification:_identify(unit_tester) by extensions ['colcon_pkg']
[3.177s] Level 1:colcon.colcon_core.package_identification:_identify(unit_tester) by extension 'colcon_pkg'
[3.178s] Level 1:colcon.colcon_core.package_identification:_identify(unit_tester) by extensions ['colcon_meta']
[3.179s] Level 1:colcon.colcon_core.package_identification:_identify(unit_tester) by extension 'colcon_meta'
[3.180s] Level 1:colcon.colcon_core.package_identification:_identify(unit_tester) by extensions ['ros']
[3.180s] Level 1:colcon.colcon_core.package_identification:_identify(unit_tester) by extension 'ros'
[3.189s] DEBUG:colcon.colcon_core.package_identification:Package 'unit_tester' with type 'ros.ament_python' and name 'unit_tester'
[3.190s] Level 1:colcon.colcon_core.package_identification:_identify(vicon_bridge) by extensions ['ignore', 'ignore_ament_install']
[3.196s] Level 1:colcon.colcon_core.package_identification:_identify(vicon_bridge) by extension 'ignore'
[3.197s] Level 1:colcon.colcon_core.package_identification:_identify(vicon_bridge) by extension 'ignore_ament_install'
[3.197s] Level 1:colcon.colcon_core.package_identification:_identify(vicon_bridge) by extensions ['colcon_pkg']
[3.197s] Level 1:colcon.colcon_core.package_identification:_identify(vicon_bridge) by extension 'colcon_pkg'
[3.198s] Level 1:colcon.colcon_core.package_identification:_identify(vicon_bridge) by extensions ['colcon_meta']
[3.198s] Level 1:colcon.colcon_core.package_identification:_identify(vicon_bridge) by extension 'colcon_meta'
[3.198s] Level 1:colcon.colcon_core.package_identification:_identify(vicon_bridge) by extensions ['ros']
[3.202s] Level 1:colcon.colcon_core.package_identification:_identify(vicon_bridge) by extension 'ros'
[3.212s] DEBUG:colcon.colcon_core.package_identification:Package 'vicon_bridge' with type 'ros.ament_python' and name 'vicon_bridge'
[3.213s] Level 1:colcon.colcon_core.package_discovery:discover_packages(recursive) using defaults
[3.213s] Level 1:colcon.colcon_core.package_discovery:discover_packages(ignore) discover
[3.213s] Level 1:colcon.colcon_core.package_discovery:discover_packages(ignore) using defaults
[3.213s] Level 1:colcon.colcon_core.package_discovery:discover_packages(path) discover
[3.214s] Level 1:colcon.colcon_core.package_discovery:discover_packages(path) using defaults
[3.359s] Level 1:colcon.colcon_core.package_discovery:discover_packages(prefix_path) check parameters
[3.360s] Level 1:colcon.colcon_core.package_discovery:discover_packages(prefix_path) discover
[3.378s] DEBUG:colcon.colcon_installed_package_information.package_discovery:Found 6 installed packages in /home/jetson/ros2_ws/src/install
[3.382s] DEBUG:colcon.colcon_installed_package_information.package_discovery:Found 6 installed packages in /home/jetson/ros2_ws/install
[3.392s] DEBUG:colcon.colcon_installed_package_information.package_discovery:Found 267 installed packages in /opt/ros/foxy
[3.406s] Level 1:colcon.colcon_core.package_discovery:discover_packages(prefix_path) using defaults
[4.048s] Level 5:colcon.colcon_core.verb:set package 'comm_node' build argument 'cmake_args' from command line to 'None'
[4.048s] Level 5:colcon.colcon_core.verb:set package 'comm_node' build argument 'cmake_target' from command line to 'None'
[4.048s] Level 5:colcon.colcon_core.verb:set package 'comm_node' build argument 'cmake_target_skip_unavailable' from command line to 'False'
[4.049s] Level 5:colcon.colcon_core.verb:set package 'comm_node' build argument 'cmake_clean_cache' from command line to 'False'
[4.049s] Level 5:colcon.colcon_core.verb:set package 'comm_node' build argument 'cmake_clean_first' from command line to 'False'
[4.049s] Level 5:colcon.colcon_core.verb:set package 'comm_node' build argument 'cmake_force_configure' from command line to 'False'
[4.049s] Level 5:colcon.colcon_core.verb:set package 'comm_node' build argument 'ament_cmake_args' from command line to 'None'
[4.049s] Level 5:colcon.colcon_core.verb:set package 'comm_node' build argument 'catkin_cmake_args' from command line to 'None'
[4.050s] Level 5:colcon.colcon_core.verb:set package 'comm_node' build argument 'catkin_skip_building_tests' from command line to 'False'
[4.050s] DEBUG:colcon.colcon_core.verb:Building package 'comm_node' with the following arguments: {'ament_cmake_args': None, 'build_base': '/home/jetson/ros2_ws/src/build/comm_node', 'catkin_cmake_args': None, 'catkin_skip_building_tests': False, 'cmake_args': None, 'cmake_clean_cache': False, 'cmake_clean_first': False, 'cmake_force_configure': False, 'cmake_target': None, 'cmake_target_skip_unavailable': False, 'install_base': '/home/jetson/ros2_ws/src/install/comm_node', 'merge_install': False, 'path': '/home/jetson/ros2_ws/src/comm_node', 'symlink_install': False, 'test_result_base': None}
[4.052s] Level 5:colcon.colcon_core.verb:set package 'exer2_control' build argument 'cmake_args' from command line to 'None'
[4.053s] Level 5:colcon.colcon_core.verb:set package 'exer2_control' build argument 'cmake_target' from command line to 'None'
[4.053s] Level 5:colcon.colcon_core.verb:set package 'exer2_control' build argument 'cmake_target_skip_unavailable' from command line to 'False'
[4.053s] Level 5:colcon.colcon_core.verb:set package 'exer2_control' build argument 'cmake_clean_cache' from command line to 'False'
[4.054s] Level 5:colcon.colcon_core.verb:set package 'exer2_control' build argument 'cmake_clean_first' from command line to 'False'
[4.054s] Level 5:colcon.colcon_core.verb:set package 'exer2_control' build argument 'cmake_force_configure' from command line to 'False'
[4.054s] Level 5:colcon.colcon_core.verb:set package 'exer2_control' build argument 'ament_cmake_args' from command line to 'None'
[4.054s] Level 5:colcon.colcon_core.verb:set package 'exer2_control' build argument 'catkin_cmake_args' from command line to 'None'
[4.054s] Level 5:colcon.colcon_core.verb:set package 'exer2_control' build argument 'catkin_skip_building_tests' from command line to 'False'
[4.054s] DEBUG:colcon.colcon_core.verb:Building package 'exer2_control' with the following arguments: {'ament_cmake_args': None, 'build_base': '/home/jetson/ros2_ws/src/build/exer2_control', 'catkin_cmake_args': None, 'catkin_skip_building_tests': False, 'cmake_args': None, 'cmake_clean_cache': False, 'cmake_clean_first': False, 'cmake_force_configure': False, 'cmake_target': None, 'cmake_target_skip_unavailable': False, 'install_base': '/home/jetson/ros2_ws/src/install/exer2_control', 'merge_install': False, 'path': '/home/jetson/ros2_ws/src/exer2_control', 'symlink_install': False, 'test_result_base': None}
[4.057s] Level 5:colcon.colcon_core.verb:set package 'px4_autonomy_modules' build argument 'cmake_args' from command line to 'None'
[4.057s] Level 5:colcon.colcon_core.verb:set package 'px4_autonomy_modules' build argument 'cmake_target' from command line to 'None'
[4.058s] Level 5:colcon.colcon_core.verb:set package 'px4_autonomy_modules' build argument 'cmake_target_skip_unavailable' from command line to 'False'
[4.058s] Level 5:colcon.colcon_core.verb:set package 'px4_autonomy_modules' build argument 'cmake_clean_cache' from command line to 'False'
[4.058s] Level 5:colcon.colcon_core.verb:set package 'px4_autonomy_modules' build argument 'cmake_clean_first' from command line to 'False'
[4.058s] Level 5:colcon.colcon_core.verb:set package 'px4_autonomy_modules' build argument 'cmake_force_configure' from command line to 'False'
[4.058s] Level 5:colcon.colcon_core.verb:set package 'px4_autonomy_modules' build argument 'ament_cmake_args' from command line to 'None'
[4.058s] Level 5:colcon.colcon_core.verb:set package 'px4_autonomy_modules' build argument 'catkin_cmake_args' from command line to 'None'
[4.058s] Level 5:colcon.colcon_core.verb:set package 'px4_autonomy_modules' build argument 'catkin_skip_building_tests' from command line to 'False'
[4.059s] DEBUG:colcon.colcon_core.verb:Building package 'px4_autonomy_modules' with the following arguments: {'ament_cmake_args': None, 'build_base': '/home/jetson/ros2_ws/src/build/px4_autonomy_modules', 'catkin_cmake_args': None, 'catkin_skip_building_tests': False, 'cmake_args': None, 'cmake_clean_cache': False, 'cmake_clean_first': False, 'cmake_force_configure': False, 'cmake_target': None, 'cmake_target_skip_unavailable': False, 'install_base': '/home/jetson/ros2_ws/src/install/px4_autonomy_modules', 'merge_install': False, 'path': '/home/jetson/ros2_ws/src/px4_autonomy_modules', 'symlink_install': False, 'test_result_base': None}
[4.061s] Level 5:colcon.colcon_core.verb:set package 'realsense2mavros' build argument 'cmake_args' from command line to 'None'
[4.061s] Level 5:colcon.colcon_core.verb:set package 'realsense2mavros' build argument 'cmake_target' from command line to 'None'
[4.062s] Level 5:colcon.colcon_core.verb:set package 'realsense2mavros' build argument 'cmake_target_skip_unavailable' from command line to 'False'
[4.062s] Level 5:colcon.colcon_core.verb:set package 'realsense2mavros' build argument 'cmake_clean_cache' from command line to 'False'
[4.062s] Level 5:colcon.colcon_core.verb:set package 'realsense2mavros' build argument 'cmake_clean_first' from command line to 'False'
[4.062s] Level 5:colcon.colcon_core.verb:set package 'realsense2mavros' build argument 'cmake_force_configure' from command line to 'False'
[4.062s] Level 5:colcon.colcon_core.verb:set package 'realsense2mavros' build argument 'ament_cmake_args' from command line to 'None'
[4.062s] Level 5:colcon.colcon_core.verb:set package 'realsense2mavros' build argument 'catkin_cmake_args' from command line to 'None'
[4.063s] Level 5:colcon.colcon_core.verb:set package 'realsense2mavros' build argument 'catkin_skip_building_tests' from command line to 'False'
[4.063s] DEBUG:colcon.colcon_core.verb:Building package 'realsense2mavros' with the following arguments: {'ament_cmake_args': None, 'build_base': '/home/jetson/ros2_ws/src/build/realsense2mavros', 'catkin_cmake_args': None, 'catkin_skip_building_tests': False, 'cmake_args': None, 'cmake_clean_cache': False, 'cmake_clean_first': False, 'cmake_force_configure': False, 'cmake_target': None, 'cmake_target_skip_unavailable': False, 'install_base': '/home/jetson/ros2_ws/src/install/realsense2mavros', 'merge_install': False, 'path': '/home/jetson/ros2_ws/src/realsense2mavros', 'symlink_install': False, 'test_result_base': None}
[4.066s] Level 5:colcon.colcon_core.verb:set package 'unit_tester' build argument 'cmake_args' from command line to 'None'
[4.066s] Level 5:colcon.colcon_core.verb:set package 'unit_tester' build argument 'cmake_target' from command line to 'None'
[4.066s] Level 5:colcon.colcon_core.verb:set package 'unit_tester' build argument 'cmake_target_skip_unavailable' from command line to 'False'
[4.066s] Level 5:colcon.colcon_core.verb:set package 'unit_tester' build argument 'cmake_clean_cache' from command line to 'False'
[4.066s] Level 5:colcon.colcon_core.verb:set package 'unit_tester' build argument 'cmake_clean_first' from command line to 'False'
[4.067s] Level 5:colcon.colcon_core.verb:set package 'unit_tester' build argument 'cmake_force_configure' from command line to 'False'
[4.067s] Level 5:colcon.colcon_core.verb:set package 'unit_tester' build argument 'ament_cmake_args' from command line to 'None'
[4.067s] Level 5:colcon.colcon_core.verb:set package 'unit_tester' build argument 'catkin_cmake_args' from command line to 'None'
[4.067s] Level 5:colcon.colcon_core.verb:set package 'unit_tester' build argument 'catkin_skip_building_tests' from command line to 'False'
[4.067s] DEBUG:colcon.colcon_core.verb:Building package 'unit_tester' with the following arguments: {'ament_cmake_args': None, 'build_base': '/home/jetson/ros2_ws/src/build/unit_tester', 'catkin_cmake_args': None, 'catkin_skip_building_tests': False, 'cmake_args': None, 'cmake_clean_cache': False, 'cmake_clean_first': False, 'cmake_force_configure': False, 'cmake_target': None, 'cmake_target_skip_unavailable': False, 'install_base': '/home/jetson/ros2_ws/src/install/unit_tester', 'merge_install': False, 'path': '/home/jetson/ros2_ws/src/unit_tester', 'symlink_install': False, 'test_result_base': None}
[4.070s] Level 5:colcon.colcon_core.verb:set package 'vicon_bridge' build argument 'cmake_args' from command line to 'None'
[4.070s] Level 5:colcon.colcon_core.verb:set package 'vicon_bridge' build argument 'cmake_target' from command line to 'None'
[4.070s] Level 5:colcon.colcon_core.verb:set package 'vicon_bridge' build argument 'cmake_target_skip_unavailable' from command line to 'False'
[4.071s] Level 5:colcon.colcon_core.verb:set package 'vicon_bridge' build argument 'cmake_clean_cache' from command line to 'False'
[4.071s] Level 5:colcon.colcon_core.verb:set package 'vicon_bridge' build argument 'cmake_clean_first' from command line to 'False'
[4.071s] Level 5:colcon.colcon_core.verb:set package 'vicon_bridge' build argument 'cmake_force_configure' from command line to 'False'
[4.071s] Level 5:colcon.colcon_core.verb:set package 'vicon_bridge' build argument 'ament_cmake_args' from command line to 'None'
[4.071s] Level 5:colcon.colcon_core.verb:set package 'vicon_bridge' build argument 'catkin_cmake_args' from command line to 'None'
[4.071s] Level 5:colcon.colcon_core.verb:set package 'vicon_bridge' build argument 'catkin_skip_building_tests' from command line to 'False'
[4.072s] DEBUG:colcon.colcon_core.verb:Building package 'vicon_bridge' with the following arguments: {'ament_cmake_args': None, 'build_base': '/home/jetson/ros2_ws/src/build/vicon_bridge', 'catkin_cmake_args': None, 'catkin_skip_building_tests': False, 'cmake_args': None, 'cmake_clean_cache': False, 'cmake_clean_first': False, 'cmake_force_configure': False, 'cmake_target': None, 'cmake_target_skip_unavailable': False, 'install_base': '/home/jetson/ros2_ws/src/install/vicon_bridge', 'merge_install': False, 'path': '/home/jetson/ros2_ws/src/vicon_bridge', 'symlink_install': False, 'test_result_base': None}
[4.073s] INFO:colcon.colcon_core.executor:Executing jobs using 'parallel' executor
[4.079s] DEBUG:colcon.colcon_parallel_executor.executor.parallel:run_until_complete
[4.082s] INFO:colcon.colcon_ros.task.ament_python.build:Building ROS package in '/home/jetson/ros2_ws/src/comm_node' with build type 'ament_python'
[4.083s] Level 1:colcon.colcon_core.shell:create_environment_hook('comm_node', 'ament_prefix_path')
[4.108s] INFO:colcon.colcon_core.plugin_system:Skipping extension 'colcon_core.shell.bat': Not used on non-Windows systems
[4.109s] INFO:colcon.colcon_core.shell:Creating environment hook '/home/jetson/ros2_ws/src/install/comm_node/share/comm_node/hook/ament_prefix_path.ps1'
[4.114s] INFO:colcon.colcon_core.shell:Creating environment descriptor '/home/jetson/ros2_ws/src/install/comm_node/share/comm_node/hook/ament_prefix_path.dsv'
[4.117s] INFO:colcon.colcon_core.shell:Creating environment hook '/home/jetson/ros2_ws/src/install/comm_node/share/comm_node/hook/ament_prefix_path.sh'
[4.122s] INFO:colcon.colcon_core.shell:Skip shell extension 'powershell' for command environment: Not usable outside of PowerShell
[4.123s] DEBUG:colcon.colcon_core.shell:Skip shell extension 'dsv' for command environment
[4.153s] INFO:colcon.colcon_ros.task.ament_python.build:Building ROS package in '/home/jetson/ros2_ws/src/exer2_control' with build type 'ament_python'
[4.154s] Level 1:colcon.colcon_core.shell:create_environment_hook('exer2_control', 'ament_prefix_path')
[4.156s] INFO:colcon.colcon_core.shell:Creating environment hook '/home/jetson/ros2_ws/src/install/exer2_control/share/exer2_control/hook/ament_prefix_path.ps1'
[4.160s] INFO:colcon.colcon_core.shell:Creating environment descriptor '/home/jetson/ros2_ws/src/install/exer2_control/share/exer2_control/hook/ament_prefix_path.dsv'
[4.161s] INFO:colcon.colcon_core.shell:Creating environment hook '/home/jetson/ros2_ws/src/install/exer2_control/share/exer2_control/hook/ament_prefix_path.sh'
[4.164s] INFO:colcon.colcon_core.shell:Skip shell extension 'powershell' for command environment: Not usable outside of PowerShell
[4.165s] DEBUG:colcon.colcon_core.shell:Skip shell extension 'dsv' for command environment
[4.201s] INFO:colcon.colcon_ros.task.ament_cmake.build:Building ROS package in '/home/jetson/ros2_ws/src/px4_autonomy_modules' with build type 'ament_cmake'
[4.202s] INFO:colcon.colcon_cmake.task.cmake.build:Building CMake package in '/home/jetson/ros2_ws/src/px4_autonomy_modules'
[4.204s] INFO:colcon.colcon_core.shell:Skip shell extension 'powershell' for command environment: Not usable outside of PowerShell
[4.205s] DEBUG:colcon.colcon_core.shell:Skip shell extension 'dsv' for command environment
[4.238s] INFO:colcon.colcon_ros.task.ament_python.build:Building ROS package in '/home/jetson/ros2_ws/src/realsense2mavros' with build type 'ament_python'
[4.239s] Level 1:colcon.colcon_core.shell:create_environment_hook('realsense2mavros', 'ament_prefix_path')
[4.242s] INFO:colcon.colcon_core.shell:Creating environment hook '/home/jetson/ros2_ws/src/install/realsense2mavros/share/realsense2mavros/hook/ament_prefix_path.ps1'
[4.245s] INFO:colcon.colcon_core.shell:Creating environment descriptor '/home/jetson/ros2_ws/src/install/realsense2mavros/share/realsense2mavros/hook/ament_prefix_path.dsv'
[4.247s] INFO:colcon.colcon_core.shell:Creating environment hook '/home/jetson/ros2_ws/src/install/realsense2mavros/share/realsense2mavros/hook/ament_prefix_path.sh'
[4.251s] INFO:colcon.colcon_core.shell:Skip shell extension 'powershell' for command environment: Not usable outside of PowerShell
[4.251s] DEBUG:colcon.colcon_core.shell:Skip shell extension 'dsv' for command environment
[6.293s] INFO:colcon.colcon_core.task.python.build:Building Python package in '/home/jetson/ros2_ws/src/comm_node'
[6.295s] INFO:colcon.colcon_core.shell:Skip shell extension 'powershell' for command environment: Not usable outside of PowerShell
[6.295s] DEBUG:colcon.colcon_core.shell:Skip shell extension 'dsv' for command environment
[7.888s] INFO:colcon.colcon_core.task.python.build:Building Python package in '/home/jetson/ros2_ws/src/exer2_control'
[7.890s] INFO:colcon.colcon_core.shell:Skip shell extension 'powershell' for command environment: Not usable outside of PowerShell
[7.890s] DEBUG:colcon.colcon_core.shell:Skip shell extension 'dsv' for command environment
[7.942s] DEBUG:colcon.colcon_core.event_handler.log_command:Invoking command in '/home/jetson/ros2_ws/src/build/px4_autonomy_modules': CMAKE_PREFIX_PATH=${CMAKE_PREFIX_PATH}:/home/jetson/ros2_ws/src/install/vicon_bridge:/home/jetson/ros2_ws/src/install/unit_tester:/home/jetson/ros2_ws/src/install/realsense2mavros:/home/jetson/ros2_ws/src/install/exer2_control:/home/jetson/ros2_ws/src/install/comm_node:/home/jetson/ros2_ws/install/vicon_bridge:/home/jetson/ros2_ws/install/unit_tester:/home/jetson/ros2_ws/install/realsense2mavros:/home/jetson/ros2_ws/install/exer2_control:/home/jetson/ros2_ws/install/comm_node:/opt/ros/foxy /usr/bin/cmake --build /home/jetson/ros2_ws/src/build/px4_autonomy_modules -- -j4 -l4
[9.482s] INFO:colcon.colcon_core.task.python.build:Building Python package in '/home/jetson/ros2_ws/src/realsense2mavros'
[9.484s] INFO:colcon.colcon_core.shell:Skip shell extension 'powershell' for command environment: Not usable outside of PowerShell
[9.485s] DEBUG:colcon.colcon_core.shell:Skip shell extension 'dsv' for command environment
[9.524s] DEBUG:colcon.colcon_core.event_handler.log_command:Invoked command in '/home/jetson/ros2_ws/src/build/px4_autonomy_modules' returned '0': CMAKE_PREFIX_PATH=${CMAKE_PREFIX_PATH}:/home/jetson/ros2_ws/src/install/vicon_bridge:/home/jetson/ros2_ws/src/install/unit_tester:/home/jetson/ros2_ws/src/install/realsense2mavros:/home/jetson/ros2_ws/src/install/exer2_control:/home/jetson/ros2_ws/src/install/comm_node:/home/jetson/ros2_ws/install/vicon_bridge:/home/jetson/ros2_ws/install/unit_tester:/home/jetson/ros2_ws/install/realsense2mavros:/home/jetson/ros2_ws/install/exer2_control:/home/jetson/ros2_ws/install/comm_node:/opt/ros/foxy /usr/bin/cmake --build /home/jetson/ros2_ws/src/build/px4_autonomy_modules -- -j4 -l4
[9.570s] DEBUG:colcon.colcon_core.event_handler.log_command:Invoking command in '/home/jetson/ros2_ws/src/build/px4_autonomy_modules': CMAKE_PREFIX_PATH=${CMAKE_PREFIX_PATH}:/home/jetson/ros2_ws/src/install/vicon_bridge:/home/jetson/ros2_ws/src/install/unit_tester:/home/jetson/ros2_ws/src/install/realsense2mavros:/home/jetson/ros2_ws/src/install/exer2_control:/home/jetson/ros2_ws/src/install/comm_node:/home/jetson/ros2_ws/install/vicon_bridge:/home/jetson/ros2_ws/install/unit_tester:/home/jetson/ros2_ws/install/realsense2mavros:/home/jetson/ros2_ws/install/exer2_control:/home/jetson/ros2_ws/install/comm_node:/opt/ros/foxy /usr/bin/cmake --install /home/jetson/ros2_ws/src/build/px4_autonomy_modules
[9.670s] Level 1:colcon.colcon_core.environment:create_environment_scripts_only(px4_autonomy_modules)
[9.672s] DEBUG:colcon.colcon_core.event_handler.log_command:Invoked command in '/home/jetson/ros2_ws/src/build/px4_autonomy_modules' returned '0': CMAKE_PREFIX_PATH=${CMAKE_PREFIX_PATH}:/home/jetson/ros2_ws/src/install/vicon_bridge:/home/jetson/ros2_ws/src/install/unit_tester:/home/jetson/ros2_ws/src/install/realsense2mavros:/home/jetson/ros2_ws/src/install/exer2_control:/home/jetson/ros2_ws/src/install/comm_node:/home/jetson/ros2_ws/install/vicon_bridge:/home/jetson/ros2_ws/install/unit_tester:/home/jetson/ros2_ws/install/realsense2mavros:/home/jetson/ros2_ws/install/exer2_control:/home/jetson/ros2_ws/install/comm_node:/opt/ros/foxy /usr/bin/cmake --install /home/jetson/ros2_ws/src/build/px4_autonomy_modules
[9.698s] Level 1:colcon.colcon_core.environment:checking '/home/jetson/ros2_ws/src/install/px4_autonomy_modules' for CMake module files
[9.703s] Level 1:colcon.colcon_core.environment:checking '/home/jetson/ros2_ws/src/install/px4_autonomy_modules' for CMake config files
[9.704s] Level 1:colcon.colcon_core.shell:create_environment_hook('px4_autonomy_modules', 'cmake_prefix_path')
[9.706s] INFO:colcon.colcon_core.shell:Creating environment hook '/home/jetson/ros2_ws/src/install/px4_autonomy_modules/share/px4_autonomy_modules/hook/cmake_prefix_path.ps1'
[9.710s] INFO:colcon.colcon_core.shell:Creating environment descriptor '/home/jetson/ros2_ws/src/install/px4_autonomy_modules/share/px4_autonomy_modules/hook/cmake_prefix_path.dsv'
[9.713s] INFO:colcon.colcon_core.shell:Creating environment hook '/home/jetson/ros2_ws/src/install/px4_autonomy_modules/share/px4_autonomy_modules/hook/cmake_prefix_path.sh'
[9.734s] Level 1:colcon.colcon_core.environment:checking '/home/jetson/ros2_ws/src/install/px4_autonomy_modules/bin'
[9.735s] Level 1:colcon.colcon_core.environment:checking '/home/jetson/ros2_ws/src/install/px4_autonomy_modules/lib/pkgconfig/px4_autonomy_modules.pc'
[9.747s] Level 1:colcon.colcon_core.environment:checking '/home/jetson/ros2_ws/src/install/px4_autonomy_modules/lib/python3.8/site-packages'
[9.802s] Level 1:colcon.colcon_core.environment:checking '/home/jetson/ros2_ws/src/install/px4_autonomy_modules/bin'
[9.809s] INFO:colcon.colcon_core.shell:Creating package script '/home/jetson/ros2_ws/src/install/px4_autonomy_modules/share/px4_autonomy_modules/package.ps1'
[9.828s] INFO:colcon.colcon_core.shell:Creating package descriptor '/home/jetson/ros2_ws/src/install/px4_autonomy_modules/share/px4_autonomy_modules/package.dsv'
[9.844s] INFO:colcon.colcon_core.shell:Creating package script '/home/jetson/ros2_ws/src/install/px4_autonomy_modules/share/px4_autonomy_modules/package.sh'
[9.865s] INFO:colcon.colcon_core.shell:Creating package script '/home/jetson/ros2_ws/src/install/px4_autonomy_modules/share/px4_autonomy_modules/package.bash'
[9.901s] INFO:colcon.colcon_core.shell:Creating package script '/home/jetson/ros2_ws/src/install/px4_autonomy_modules/share/px4_autonomy_modules/package.zsh'
[9.906s] Level 1:colcon.colcon_core.environment:create_file_with_runtime_dependencies(/home/jetson/ros2_ws/src/install/px4_autonomy_modules/share/colcon-core/packages/px4_autonomy_modules)
[9.919s] Level 1:colcon.colcon_core.environment:create_environment_scripts_only(px4_autonomy_modules)
[9.922s] Level 1:colcon.colcon_core.environment:checking '/home/jetson/ros2_ws/src/install/px4_autonomy_modules' for CMake module files
[9.927s] Level 1:colcon.colcon_core.environment:checking '/home/jetson/ros2_ws/src/install/px4_autonomy_modules' for CMake config files
[9.929s] Level 1:colcon.colcon_core.shell:create_environment_hook('px4_autonomy_modules', 'cmake_prefix_path')
[9.932s] INFO:colcon.colcon_core.shell:Creating environment hook '/home/jetson/ros2_ws/src/install/px4_autonomy_modules/share/px4_autonomy_modules/hook/cmake_prefix_path.ps1'
[9.938s] INFO:colcon.colcon_core.shell:Creating environment descriptor '/home/jetson/ros2_ws/src/install/px4_autonomy_modules/share/px4_autonomy_modules/hook/cmake_prefix_path.dsv'
[9.943s] INFO:colcon.colcon_core.shell:Creating environment hook '/home/jetson/ros2_ws/src/install/px4_autonomy_modules/share/px4_autonomy_modules/hook/cmake_prefix_path.sh'
[9.950s] Level 1:colcon.colcon_core.environment:checking '/home/jetson/ros2_ws/src/install/px4_autonomy_modules/bin'
[9.952s] Level 1:colcon.colcon_core.environment:checking '/home/jetson/ros2_ws/src/install/px4_autonomy_modules/lib/pkgconfig/px4_autonomy_modules.pc'
[9.955s] Level 1:colcon.colcon_core.environment:checking '/home/jetson/ros2_ws/src/install/px4_autonomy_modules/lib/python3.8/site-packages'
[9.957s] Level 1:colcon.colcon_core.environment:checking '/home/jetson/ros2_ws/src/install/px4_autonomy_modules/bin'
[9.960s] INFO:colcon.colcon_core.shell:Creating package script '/home/jetson/ros2_ws/src/install/px4_autonomy_modules/share/px4_autonomy_modules/package.ps1'
[9.967s] INFO:colcon.colcon_core.shell:Creating package descriptor '/home/jetson/ros2_ws/src/install/px4_autonomy_modules/share/px4_autonomy_modules/package.dsv'
[9.973s] INFO:colcon.colcon_core.shell:Creating package script '/home/jetson/ros2_ws/src/install/px4_autonomy_modules/share/px4_autonomy_modules/package.sh'
[9.979s] INFO:colcon.colcon_core.shell:Creating package script '/home/jetson/ros2_ws/src/install/px4_autonomy_modules/share/px4_autonomy_modules/package.bash'
[9.985s] INFO:colcon.colcon_core.shell:Creating package script '/home/jetson/ros2_ws/src/install/px4_autonomy_modules/share/px4_autonomy_modules/package.zsh'
[9.993s] Level 1:colcon.colcon_core.environment:create_file_with_runtime_dependencies(/home/jetson/ros2_ws/src/install/px4_autonomy_modules/share/colcon-core/packages/px4_autonomy_modules)
[10.007s] INFO:colcon.colcon_ros.task.ament_python.build:Building ROS package in '/home/jetson/ros2_ws/src/unit_tester' with build type 'ament_python'
[10.012s] Level 1:colcon.colcon_core.shell:create_environment_hook('unit_tester', 'ament_prefix_path')
[10.018s] INFO:colcon.colcon_core.shell:Creating environment hook '/home/jetson/ros2_ws/src/install/unit_tester/share/unit_tester/hook/ament_prefix_path.ps1'
[10.026s] INFO:colcon.colcon_core.shell:Creating environment descriptor '/home/jetson/ros2_ws/src/install/unit_tester/share/unit_tester/hook/ament_prefix_path.dsv'
[10.033s] INFO:colcon.colcon_core.shell:Creating environment hook '/home/jetson/ros2_ws/src/install/unit_tester/share/unit_tester/hook/ament_prefix_path.sh'
[10.042s] INFO:colcon.colcon_core.shell:Skip shell extension 'powershell' for command environment: Not usable outside of PowerShell
[10.043s] DEBUG:colcon.colcon_core.shell:Skip shell extension 'dsv' for command environment
[13.311s] INFO:colcon.colcon_core.task.python.build:Building Python package in '/home/jetson/ros2_ws/src/unit_tester'
[13.314s] INFO:colcon.colcon_core.shell:Skip shell extension 'powershell' for command environment: Not usable outside of PowerShell
[13.314s] DEBUG:colcon.colcon_core.shell:Skip shell extension 'dsv' for command environment
[14.163s] DEBUG:colcon.colcon_core.event_handler.log_command:Invoking command in '/home/jetson/ros2_ws/src/realsense2mavros': PYTHONPATH=/home/jetson/ros2_ws/src/build/realsense2mavros/prefix_override:/usr/lib/python3/dist-packages/colcon_core/task/python/colcon_distutils_commands:/home/jetson/ros2_ws/src/install/realsense2mavros/lib/python3.8/site-packages:${PYTHONPATH} /usr/bin/python3 -W ignore:setup.py install is deprecated -W ignore:easy_install command is deprecated setup.py egg_info --egg-base ../build/realsense2mavros build --build-base /home/jetson/ros2_ws/src/build/realsense2mavros/build install --record /home/jetson/ros2_ws/src/build/realsense2mavros/install.log --install-scripts $base/lib/realsense2mavros --single-version-externally-managed install_data
[14.315s] DEBUG:colcon.colcon_core.event_handler.log_command:Invoking command in '/home/jetson/ros2_ws/src/exer2_control': PYTHONPATH=/home/jetson/ros2_ws/src/build/exer2_control/prefix_override:/usr/lib/python3/dist-packages/colcon_core/task/python/colcon_distutils_commands:/home/jetson/ros2_ws/src/install/exer2_control/lib/python3.8/site-packages:${PYTHONPATH} /usr/bin/python3 -W ignore:setup.py install is deprecated -W ignore:easy_install command is deprecated setup.py egg_info --egg-base ../build/exer2_control build --build-base /home/jetson/ros2_ws/src/build/exer2_control/build install --record /home/jetson/ros2_ws/src/build/exer2_control/install.log --install-scripts $base/lib/exer2_control --single-version-externally-managed install_data
[14.367s] DEBUG:colcon.colcon_core.event_handler.log_command:Invoking command in '/home/jetson/ros2_ws/src/comm_node': PYTHONPATH=/home/jetson/ros2_ws/src/build/comm_node/prefix_override:/usr/lib/python3/dist-packages/colcon_core/task/python/colcon_distutils_commands:/home/jetson/ros2_ws/src/install/comm_node/lib/python3.8/site-packages:${PYTHONPATH} /usr/bin/python3 -W ignore:setup.py install is deprecated -W ignore:easy_install command is deprecated setup.py egg_info --egg-base ../build/comm_node build --build-base /home/jetson/ros2_ws/src/build/comm_node/build install --record /home/jetson/ros2_ws/src/build/comm_node/install.log --install-scripts $base/lib/comm_node --single-version-externally-managed install_data
[17.993s] Level 1:colcon.colcon_core.environment:checking '/home/jetson/ros2_ws/src/install/comm_node' for CMake module files
[17.998s] Level 1:colcon.colcon_core.environment:checking '/home/jetson/ros2_ws/src/install/comm_node' for CMake config files
[17.995s] DEBUG:colcon.colcon_core.event_handler.log_command:Invoked command in '/home/jetson/ros2_ws/src/comm_node' returned '0': PYTHONPATH=/home/jetson/ros2_ws/src/build/comm_node/prefix_override:/usr/lib/python3/dist-packages/colcon_core/task/python/colcon_distutils_commands:/home/jetson/ros2_ws/src/install/comm_node/lib/python3.8/site-packages:${PYTHONPATH} /usr/bin/python3 -W ignore:setup.py install is deprecated -W ignore:easy_install command is deprecated setup.py egg_info --egg-base ../build/comm_node build --build-base /home/jetson/ros2_ws/src/build/comm_node/build install --record /home/jetson/ros2_ws/src/build/comm_node/install.log --install-scripts $base/lib/comm_node --single-version-externally-managed install_data
[18.003s] Level 1:colcon.colcon_core.environment:checking '/home/jetson/ros2_ws/src/install/comm_node/lib'
[18.005s] Level 1:colcon.colcon_core.environment:checking '/home/jetson/ros2_ws/src/install/comm_node/bin'
[18.006s] Level 1:colcon.colcon_core.environment:checking '/home/jetson/ros2_ws/src/install/comm_node/lib/pkgconfig/comm_node.pc'
[18.008s] Level 1:colcon.colcon_core.environment:checking '/home/jetson/ros2_ws/src/install/comm_node/lib/python3.8/site-packages'
[18.009s] Level 1:colcon.colcon_core.shell:create_environment_hook('comm_node', 'pythonpath')
[18.011s] INFO:colcon.colcon_core.shell:Creating environment hook '/home/jetson/ros2_ws/src/install/comm_node/share/comm_node/hook/pythonpath.ps1'
[18.031s] INFO:colcon.colcon_core.shell:Creating environment descriptor '/home/jetson/ros2_ws/src/install/comm_node/share/comm_node/hook/pythonpath.dsv'
[18.043s] INFO:colcon.colcon_core.shell:Creating environment hook '/home/jetson/ros2_ws/src/install/comm_node/share/comm_node/hook/pythonpath.sh'
[18.054s] Level 1:colcon.colcon_core.environment:checking '/home/jetson/ros2_ws/src/install/comm_node/bin'
[18.055s] Level 1:colcon.colcon_core.environment:create_environment_scripts_only(comm_node)
[18.058s] INFO:colcon.colcon_core.shell:Creating package script '/home/jetson/ros2_ws/src/install/comm_node/share/comm_node/package.ps1'
[18.065s] INFO:colcon.colcon_core.shell:Creating package descriptor '/home/jetson/ros2_ws/src/install/comm_node/share/comm_node/package.dsv'
[18.072s] INFO:colcon.colcon_core.shell:Creating package script '/home/jetson/ros2_ws/src/install/comm_node/share/comm_node/package.sh'
[18.084s] INFO:colcon.colcon_core.shell:Creating package script '/home/jetson/ros2_ws/src/install/comm_node/share/comm_node/package.bash'
[18.092s] INFO:colcon.colcon_core.shell:Creating package script '/home/jetson/ros2_ws/src/install/comm_node/share/comm_node/package.zsh'
[18.095s] Level 1:colcon.colcon_core.environment:create_file_with_runtime_dependencies(/home/jetson/ros2_ws/src/install/comm_node/share/colcon-core/packages/comm_node)
[18.104s] INFO:colcon.colcon_ros.task.ament_python.build:Building ROS package in '/home/jetson/ros2_ws/src/vicon_bridge' with build type 'ament_python'
[18.108s] Level 1:colcon.colcon_core.shell:create_environment_hook('vicon_bridge', 'ament_prefix_path')
[18.109s] INFO:colcon.colcon_core.shell:Creating environment hook '/home/jetson/ros2_ws/src/install/vicon_bridge/share/vicon_bridge/hook/ament_prefix_path.ps1'
[18.122s] INFO:colcon.colcon_core.shell:Creating environment descriptor '/home/jetson/ros2_ws/src/install/vicon_bridge/share/vicon_bridge/hook/ament_prefix_path.dsv'
[18.126s] INFO:colcon.colcon_core.shell:Creating environment hook '/home/jetson/ros2_ws/src/install/vicon_bridge/share/vicon_bridge/hook/ament_prefix_path.sh'
[18.149s] INFO:colcon.colcon_core.shell:Skip shell extension 'powershell' for command environment: Not usable outside of PowerShell
[18.150s] DEBUG:colcon.colcon_core.shell:Skip shell extension 'dsv' for command environment
[20.612s] INFO:colcon.colcon_core.task.python.build:Building Python package in '/home/jetson/ros2_ws/src/vicon_bridge'
[20.614s] INFO:colcon.colcon_core.shell:Skip shell extension 'powershell' for command environment: Not usable outside of PowerShell
[20.615s] DEBUG:colcon.colcon_core.shell:Skip shell extension 'dsv' for command environment
[20.674s] Level 1:colcon.colcon_core.environment:checking '/home/jetson/ros2_ws/src/install/exer2_control' for CMake module files
[20.679s] DEBUG:colcon.colcon_core.event_handler.log_command:Invoked command in '/home/jetson/ros2_ws/src/exer2_control' returned '0': PYTHONPATH=/home/jetson/ros2_ws/src/build/exer2_control/prefix_override:/usr/lib/python3/dist-packages/colcon_core/task/python/colcon_distutils_commands:/home/jetson/ros2_ws/src/install/exer2_control/lib/python3.8/site-packages:${PYTHONPATH} /usr/bin/python3 -W ignore:setup.py install is deprecated -W ignore:easy_install command is deprecated setup.py egg_info --egg-base ../build/exer2_control build --build-base /home/jetson/ros2_ws/src/build/exer2_control/build install --record /home/jetson/ros2_ws/src/build/exer2_control/install.log --install-scripts $base/lib/exer2_control --single-version-externally-managed install_data
[20.682s] Level 1:colcon.colcon_core.environment:checking '/home/jetson/ros2_ws/src/install/exer2_control' for CMake config files
[20.685s] Level 1:colcon.colcon_core.environment:checking '/home/jetson/ros2_ws/src/install/exer2_control/lib'
[20.686s] Level 1:colcon.colcon_core.environment:checking '/home/jetson/ros2_ws/src/install/exer2_control/bin'
[20.687s] Level 1:colcon.colcon_core.environment:checking '/home/jetson/ros2_ws/src/install/exer2_control/lib/pkgconfig/exer2_control.pc'
[20.690s] Level 1:colcon.colcon_core.environment:checking '/home/jetson/ros2_ws/src/install/exer2_control/lib/python3.8/site-packages'
[20.691s] Level 1:colcon.colcon_core.shell:create_environment_hook('exer2_control', 'pythonpath')
[20.692s] INFO:colcon.colcon_core.shell:Creating environment hook '/home/jetson/ros2_ws/src/install/exer2_control/share/exer2_control/hook/pythonpath.ps1'
[20.699s] INFO:colcon.colcon_core.shell:Creating environment descriptor '/home/jetson/ros2_ws/src/install/exer2_control/share/exer2_control/hook/pythonpath.dsv'
[20.702s] INFO:colcon.colcon_core.shell:Creating environment hook '/home/jetson/ros2_ws/src/install/exer2_control/share/exer2_control/hook/pythonpath.sh'
[20.706s] Level 1:colcon.colcon_core.environment:checking '/home/jetson/ros2_ws/src/install/exer2_control/bin'
[20.707s] Level 1:colcon.colcon_core.environment:create_environment_scripts_only(exer2_control)
[20.709s] INFO:colcon.colcon_core.shell:Creating package script '/home/jetson/ros2_ws/src/install/exer2_control/share/exer2_control/package.ps1'
[20.714s] INFO:colcon.colcon_core.shell:Creating package descriptor '/home/jetson/ros2_ws/src/install/exer2_control/share/exer2_control/package.dsv'
[20.719s] INFO:colcon.colcon_core.shell:Creating package script '/home/jetson/ros2_ws/src/install/exer2_control/share/exer2_control/package.sh'
[20.723s] INFO:colcon.colcon_core.shell:Creating package script '/home/jetson/ros2_ws/src/install/exer2_control/share/exer2_control/package.bash'
[20.726s] INFO:colcon.colcon_core.shell:Creating package script '/home/jetson/ros2_ws/src/install/exer2_control/share/exer2_control/package.zsh'
[20.729s] Level 1:colcon.colcon_core.environment:create_file_with_runtime_dependencies(/home/jetson/ros2_ws/src/install/exer2_control/share/colcon-core/packages/exer2_control)
[20.732s] Level 1:colcon.colcon_core.environment:checking '/home/jetson/ros2_ws/src/install/realsense2mavros' for CMake module files
[20.738s] DEBUG:colcon.colcon_core.event_handler.log_command:Invoked command in '/home/jetson/ros2_ws/src/realsense2mavros' returned '0': PYTHONPATH=/home/jetson/ros2_ws/src/build/realsense2mavros/prefix_override:/usr/lib/python3/dist-packages/colcon_core/task/python/colcon_distutils_commands:/home/jetson/ros2_ws/src/install/realsense2mavros/lib/python3.8/site-packages:${PYTHONPATH} /usr/bin/python3 -W ignore:setup.py install is deprecated -W ignore:easy_install command is deprecated setup.py egg_info --egg-base ../build/realsense2mavros build --build-base /home/jetson/ros2_ws/src/build/realsense2mavros/build install --record /home/jetson/ros2_ws/src/build/realsense2mavros/install.log --install-scripts $base/lib/realsense2mavros --single-version-externally-managed install_data
[20.740s] Level 1:colcon.colcon_core.environment:checking '/home/jetson/ros2_ws/src/install/realsense2mavros' for CMake config files
[20.742s] Level 1:colcon.colcon_core.environment:checking '/home/jetson/ros2_ws/src/install/realsense2mavros/lib'
[20.743s] Level 1:colcon.colcon_core.environment:checking '/home/jetson/ros2_ws/src/install/realsense2mavros/bin'
[20.743s] Level 1:colcon.colcon_core.environment:checking '/home/jetson/ros2_ws/src/install/realsense2mavros/lib/pkgconfig/realsense2mavros.pc'
[20.744s] Level 1:colcon.colcon_core.environment:checking '/home/jetson/ros2_ws/src/install/realsense2mavros/lib/python3.8/site-packages'
[20.744s] Level 1:colcon.colcon_core.shell:create_environment_hook('realsense2mavros', 'pythonpath')
[20.745s] INFO:colcon.colcon_core.shell:Creating environment hook '/home/jetson/ros2_ws/src/install/realsense2mavros/share/realsense2mavros/hook/pythonpath.ps1'
[20.748s] INFO:colcon.colcon_core.shell:Creating environment descriptor '/home/jetson/ros2_ws/src/install/realsense2mavros/share/realsense2mavros/hook/pythonpath.dsv'
[20.751s] INFO:colcon.colcon_core.shell:Creating environment hook '/home/jetson/ros2_ws/src/install/realsense2mavros/share/realsense2mavros/hook/pythonpath.sh'
[20.755s] Level 1:colcon.colcon_core.environment:checking '/home/jetson/ros2_ws/src/install/realsense2mavros/bin'
[20.755s] Level 1:colcon.colcon_core.environment:create_environment_scripts_only(realsense2mavros)
[20.757s] INFO:colcon.colcon_core.shell:Creating package script '/home/jetson/ros2_ws/src/install/realsense2mavros/share/realsense2mavros/package.ps1'
[20.762s] INFO:colcon.colcon_core.shell:Creating package descriptor '/home/jetson/ros2_ws/src/install/realsense2mavros/share/realsense2mavros/package.dsv'
[20.765s] INFO:colcon.colcon_core.shell:Creating package script '/home/jetson/ros2_ws/src/install/realsense2mavros/share/realsense2mavros/package.sh'
[20.767s] INFO:colcon.colcon_core.shell:Creating package script '/home/jetson/ros2_ws/src/install/realsense2mavros/share/realsense2mavros/package.bash'
[20.769s] INFO:colcon.colcon_core.shell:Creating package script '/home/jetson/ros2_ws/src/install/realsense2mavros/share/realsense2mavros/package.zsh'
[20.772s] Level 1:colcon.colcon_core.environment:create_file_with_runtime_dependencies(/home/jetson/ros2_ws/src/install/realsense2mavros/share/colcon-core/packages/realsense2mavros)
[20.785s] DEBUG:colcon.colcon_core.event_handler.log_command:Invoking command in '/home/jetson/ros2_ws/src/unit_tester': PYTHONPATH=/home/jetson/ros2_ws/src/build/unit_tester/prefix_override:/usr/lib/python3/dist-packages/colcon_core/task/python/colcon_distutils_commands:/home/jetson/ros2_ws/src/install/unit_tester/lib/python3.8/site-packages:${PYTHONPATH} /usr/bin/python3 -W ignore:setup.py install is deprecated -W ignore:easy_install command is deprecated setup.py egg_info --egg-base ../build/unit_tester build --build-base /home/jetson/ros2_ws/src/build/unit_tester/build install --record /home/jetson/ros2_ws/src/build/unit_tester/install.log --install-scripts $base/lib/unit_tester --single-version-externally-managed install_data
[22.508s] Level 1:colcon.colcon_core.environment:checking '/home/jetson/ros2_ws/src/install/unit_tester' for CMake module files
[22.510s] DEBUG:colcon.colcon_core.event_handler.log_command:Invoked command in '/home/jetson/ros2_ws/src/unit_tester' returned '0': PYTHONPATH=/home/jetson/ros2_ws/src/build/unit_tester/prefix_override:/usr/lib/python3/dist-packages/colcon_core/task/python/colcon_distutils_commands:/home/jetson/ros2_ws/src/install/unit_tester/lib/python3.8/site-packages:${PYTHONPATH} /usr/bin/python3 -W ignore:setup.py install is deprecated -W ignore:easy_install command is deprecated setup.py egg_info --egg-base ../build/unit_tester build --build-base /home/jetson/ros2_ws/src/build/unit_tester/build install --record /home/jetson/ros2_ws/src/build/unit_tester/install.log --install-scripts $base/lib/unit_tester --single-version-externally-managed install_data
[22.513s] Level 1:colcon.colcon_core.environment:checking '/home/jetson/ros2_ws/src/install/unit_tester' for CMake config files
[22.519s] Level 1:colcon.colcon_core.environment:checking '/home/jetson/ros2_ws/src/install/unit_tester/lib'
[22.520s] Level 1:colcon.colcon_core.environment:checking '/home/jetson/ros2_ws/src/install/unit_tester/bin'
[22.521s] Level 1:colcon.colcon_core.environment:checking '/home/jetson/ros2_ws/src/install/unit_tester/lib/pkgconfig/unit_tester.pc'
[22.523s] Level 1:colcon.colcon_core.environment:checking '/home/jetson/ros2_ws/src/install/unit_tester/lib/python3.8/site-packages'
[22.524s] Level 1:colcon.colcon_core.shell:create_environment_hook('unit_tester', 'pythonpath')
[22.527s] INFO:colcon.colcon_core.shell:Creating environment hook '/home/jetson/ros2_ws/src/install/unit_tester/share/unit_tester/hook/pythonpath.ps1'
[22.531s] INFO:colcon.colcon_core.shell:Creating environment descriptor '/home/jetson/ros2_ws/src/install/unit_tester/share/unit_tester/hook/pythonpath.dsv'
[22.534s] INFO:colcon.colcon_core.shell:Creating environment hook '/home/jetson/ros2_ws/src/install/unit_tester/share/unit_tester/hook/pythonpath.sh'
[22.538s] Level 1:colcon.colcon_core.environment:checking '/home/jetson/ros2_ws/src/install/unit_tester/bin'
[22.538s] Level 1:colcon.colcon_core.environment:create_environment_scripts_only(unit_tester)
[22.540s] INFO:colcon.colcon_core.shell:Creating package script '/home/jetson/ros2_ws/src/install/unit_tester/share/unit_tester/package.ps1'
[22.544s] INFO:colcon.colcon_core.shell:Creating package descriptor '/home/jetson/ros2_ws/src/install/unit_tester/share/unit_tester/package.dsv'
[22.547s] INFO:colcon.colcon_core.shell:Creating package script '/home/jetson/ros2_ws/src/install/unit_tester/share/unit_tester/package.sh'
[22.553s] INFO:colcon.colcon_core.shell:Creating package script '/home/jetson/ros2_ws/src/install/unit_tester/share/unit_tester/package.bash'
[22.559s] INFO:colcon.colcon_core.shell:Creating package script '/home/jetson/ros2_ws/src/install/unit_tester/share/unit_tester/package.zsh'
[22.561s] Level 1:colcon.colcon_core.environment:create_file_with_runtime_dependencies(/home/jetson/ros2_ws/src/install/unit_tester/share/colcon-core/packages/unit_tester)
[23.064s] DEBUG:colcon.colcon_core.event_handler.log_command:Invoking command in '/home/jetson/ros2_ws/src/vicon_bridge': PYTHONPATH=/home/jetson/ros2_ws/src/build/vicon_bridge/prefix_override:/usr/lib/python3/dist-packages/colcon_core/task/python/colcon_distutils_commands:/home/jetson/ros2_ws/src/install/vicon_bridge/lib/python3.8/site-packages:${PYTHONPATH} /usr/bin/python3 -W ignore:setup.py install is deprecated -W ignore:easy_install command is deprecated setup.py egg_info --egg-base ../build/vicon_bridge build --build-base /home/jetson/ros2_ws/src/build/vicon_bridge/build install --record /home/jetson/ros2_ws/src/build/vicon_bridge/install.log --install-scripts $base/lib/vicon_bridge --single-version-externally-managed install_data
[24.978s] Level 1:colcon.colcon_core.environment:checking '/home/jetson/ros2_ws/src/install/vicon_bridge' for CMake module files
[24.981s] DEBUG:colcon.colcon_core.event_handler.log_command:Invoked command in '/home/jetson/ros2_ws/src/vicon_bridge' returned '0': PYTHONPATH=/home/jetson/ros2_ws/src/build/vicon_bridge/prefix_override:/usr/lib/python3/dist-packages/colcon_core/task/python/colcon_distutils_commands:/home/jetson/ros2_ws/src/install/vicon_bridge/lib/python3.8/site-packages:${PYTHONPATH} /usr/bin/python3 -W ignore:setup.py install is deprecated -W ignore:easy_install command is deprecated setup.py egg_info --egg-base ../build/vicon_bridge build --build-base /home/jetson/ros2_ws/src/build/vicon_bridge/build install --record /home/jetson/ros2_ws/src/build/vicon_bridge/install.log --install-scripts $base/lib/vicon_bridge --single-version-externally-managed install_data
[24.985s] Level 1:colcon.colcon_core.environment:checking '/home/jetson/ros2_ws/src/install/vicon_bridge' for CMake config files
[24.989s] Level 1:colcon.colcon_core.environment:checking '/home/jetson/ros2_ws/src/install/vicon_bridge/lib'
[24.990s] Level 1:colcon.colcon_core.environment:checking '/home/jetson/ros2_ws/src/install/vicon_bridge/bin'
[24.991s] Level 1:colcon.colcon_core.environment:checking '/home/jetson/ros2_ws/src/install/vicon_bridge/lib/pkgconfig/vicon_bridge.pc'
[24.993s] Level 1:colcon.colcon_core.environment:checking '/home/jetson/ros2_ws/src/install/vicon_bridge/lib/python3.8/site-packages'
[24.994s] Level 1:colcon.colcon_core.shell:create_environment_hook('vicon_bridge', 'pythonpath')
[24.996s] INFO:colcon.colcon_core.shell:Creating environment hook '/home/jetson/ros2_ws/src/install/vicon_bridge/share/vicon_bridge/hook/pythonpath.ps1'
[25.001s] INFO:colcon.colcon_core.shell:Creating environment descriptor '/home/jetson/ros2_ws/src/install/vicon_bridge/share/vicon_bridge/hook/pythonpath.dsv'
[25.004s] INFO:colcon.colcon_core.shell:Creating environment hook '/home/jetson/ros2_ws/src/install/vicon_bridge/share/vicon_bridge/hook/pythonpath.sh'
[25.007s] Level 1:colcon.colcon_core.environment:checking '/home/jetson/ros2_ws/src/install/vicon_bridge/bin'
[25.008s] Level 1:colcon.colcon_core.environment:create_environment_scripts_only(vicon_bridge)
[25.010s] INFO:colcon.colcon_core.shell:Creating package script '/home/jetson/ros2_ws/src/install/vicon_bridge/share/vicon_bridge/package.ps1'
[25.013s] INFO:colcon.colcon_core.shell:Creating package descriptor '/home/jetson/ros2_ws/src/install/vicon_bridge/share/vicon_bridge/package.dsv'
[25.015s] INFO:colcon.colcon_core.shell:Creating package script '/home/jetson/ros2_ws/src/install/vicon_bridge/share/vicon_bridge/package.sh'
[25.017s] INFO:colcon.colcon_core.shell:Creating package script '/home/jetson/ros2_ws/src/install/vicon_bridge/share/vicon_bridge/package.bash'
[25.019s] INFO:colcon.colcon_core.shell:Creating package script '/home/jetson/ros2_ws/src/install/vicon_bridge/share/vicon_bridge/package.zsh'
[25.021s] Level 1:colcon.colcon_core.environment:create_file_with_runtime_dependencies(/home/jetson/ros2_ws/src/install/vicon_bridge/share/colcon-core/packages/vicon_bridge)
[25.023s] DEBUG:colcon.colcon_parallel_executor.executor.parallel:closing loop
[25.024s] DEBUG:colcon.colcon_parallel_executor.executor.parallel:loop closed
[25.024s] DEBUG:colcon.colcon_parallel_executor.executor.parallel:run_until_complete finished with '0'
[25.025s] DEBUG:colcon.colcon_core.event_reactor:joining thread
[25.083s] INFO:colcon.colcon_core.plugin_system:Skipping extension 'colcon_notification.desktop_notification.terminal_notifier': Not used on non-Darwin systems
[25.084s] INFO:colcon.colcon_core.plugin_system:Skipping extension 'colcon_notification.desktop_notification.win32': Not used on non-Windows systems
[25.084s] INFO:colcon.colcon_notification.desktop_notification:Sending desktop notification using 'notify2'
[25.132s] DEBUG:colcon.colcon_core.event_reactor:joined thread
[25.134s] INFO:colcon.colcon_core.shell:Creating prefix script '/home/jetson/ros2_ws/src/install/local_setup.ps1'
[25.140s] INFO:colcon.colcon_core.shell:Creating prefix util module '/home/jetson/ros2_ws/src/install/_local_setup_util_ps1.py'
[25.149s] INFO:colcon.colcon_core.shell:Creating prefix chain script '/home/jetson/ros2_ws/src/install/setup.ps1'
[25.158s] INFO:colcon.colcon_core.shell:Creating prefix script '/home/jetson/ros2_ws/src/install/local_setup.sh'
[25.163s] INFO:colcon.colcon_core.shell:Creating prefix util module '/home/jetson/ros2_ws/src/install/_local_setup_util_sh.py'
[25.165s] INFO:colcon.colcon_core.shell:Creating prefix chain script '/home/jetson/ros2_ws/src/install/setup.sh'
[25.182s] INFO:colcon.colcon_core.shell:Creating prefix script '/home/jetson/ros2_ws/src/install/local_setup.bash'
[25.186s] INFO:colcon.colcon_core.shell:Creating prefix chain script '/home/jetson/ros2_ws/src/install/setup.bash'
[25.194s] INFO:colcon.colcon_core.shell:Creating prefix script '/home/jetson/ros2_ws/src/install/local_setup.zsh'
[25.197s] INFO:colcon.colcon_core.shell:Creating prefix chain script '/home/jetson/ros2_ws/src/install/setup.zsh'
