[9.327s] Invoking command in '/home/jetson/ros2_ws/src/comm_node': PYTHONPATH=/home/jetson/ros2_ws/src/build/comm_node/prefix_override:/usr/lib/python3/dist-packages/colcon_core/task/python/colcon_distutils_commands:/home/jetson/ros2_ws/src/install/comm_node/lib/python3.8/site-packages:${PYTHONPATH} /usr/bin/python3 -W ignore:setup.py install is deprecated -W ignore:easy_install command is deprecated setup.py egg_info --egg-base ../build/comm_node build --build-base /home/jetson/ros2_ws/src/build/comm_node/build install --record /home/jetson/ros2_ws/src/build/comm_node/install.log --install-scripts $base/lib/comm_node --single-version-externally-managed install_data
[11.262s] /usr/local/lib/python3.8/dist-packages/setuptools/dist.py:717: UserWarning: Usage of dash-separated 'script-dir' will not be supported in future versions. Please use the underscore name 'script_dir' instead
[11.265s]   warnings.warn(
[11.499s] running egg_info
[11.509s] writing ../build/comm_node/comm_node.egg-info/PKG-INFO
[11.512s] writing dependency_links to ../build/comm_node/comm_node.egg-info/dependency_links.txt
[11.516s] writing entry points to ../build/comm_node/comm_node.egg-info/entry_points.txt
[11.518s] writing requirements to ../build/comm_node/comm_node.egg-info/requires.txt
[11.521s] writing top-level names to ../build/comm_node/comm_node.egg-info/top_level.txt
[11.546s] reading manifest file '../build/comm_node/comm_node.egg-info/SOURCES.txt'
[11.558s] writing manifest file '../build/comm_node/comm_node.egg-info/SOURCES.txt'
[11.564s] running build
[11.567s] running build_py
[11.571s] copying comm_node/comm.py -> /home/jetson/ros2_ws/src/build/comm_node/build/lib/comm_node
[11.573s] running install
[11.584s] running install_lib
[11.596s] copying /home/jetson/ros2_ws/src/build/comm_node/build/lib/comm_node/comm.py -> /home/jetson/ros2_ws/src/install/comm_node/lib/python3.8/site-packages/comm_node
[11.615s] byte-compiling /home/jetson/ros2_ws/src/install/comm_node/lib/python3.8/site-packages/comm_node/comm.py to comm.cpython-38.pyc
[11.637s] running install_data
[11.638s] running install_egg_info
[11.645s] removing '/home/jetson/ros2_ws/src/install/comm_node/lib/python3.8/site-packages/comm_node-0.0.1-py3.8.egg-info' (and everything under it)
[11.680s] Copying ../build/comm_node/comm_node.egg-info to /home/jetson/ros2_ws/src/install/comm_node/lib/python3.8/site-packages/comm_node-0.0.1-py3.8.egg-info
[11.710s] running install_scripts
[11.859s] Installing comm script to /home/jetson/ros2_ws/src/install/comm_node/lib/comm_node
[11.864s] writing list of installed files to '/home/jetson/ros2_ws/src/build/comm_node/install.log'
[12.241s] Invoked command in '/home/jetson/ros2_ws/src/comm_node' returned '0': PYTHONPATH=/home/jetson/ros2_ws/src/build/comm_node/prefix_override:/usr/lib/python3/dist-packages/colcon_core/task/python/colcon_distutils_commands:/home/jetson/ros2_ws/src/install/comm_node/lib/python3.8/site-packages:${PYTHONPATH} /usr/bin/python3 -W ignore:setup.py install is deprecated -W ignore:easy_install command is deprecated setup.py egg_info --egg-base ../build/comm_node build --build-base /home/jetson/ros2_ws/src/build/comm_node/build install --record /home/jetson/ros2_ws/src/build/comm_node/install.log --install-scripts $base/lib/comm_node --single-version-externally-managed install_data
