[8.641s] Invoking command in '/home/jetson/ros2_ws/src/exer2_control': PYTHONPATH=/home/jetson/ros2_ws/src/build/exer2_control/prefix_override:/usr/lib/python3/dist-packages/colcon_core/task/python/colcon_distutils_commands:/home/jetson/ros2_ws/src/install/exer2_control/lib/python3.8/site-packages:${PYTHONPATH} /usr/bin/python3 -W ignore:setup.py install is deprecated -W ignore:easy_install command is deprecated setup.py egg_info --egg-base ../build/exer2_control build --build-base /home/jetson/ros2_ws/src/build/exer2_control/build install --record /home/jetson/ros2_ws/src/build/exer2_control/install.log --install-scripts $base/lib/exer2_control --single-version-externally-managed install_data
[10.315s] /usr/local/lib/python3.8/dist-packages/setuptools/dist.py:717: UserWarning: Usage of dash-separated 'script-dir' will not be supported in future versions. Please use the underscore name 'script_dir' instead
[10.315s]   warnings.warn(
[10.538s] running egg_info
[10.542s] writing ../build/exer2_control/exer2_control.egg-info/PKG-INFO
[10.545s] writing dependency_links to ../build/exer2_control/exer2_control.egg-info/dependency_links.txt
[10.546s] writing entry points to ../build/exer2_control/exer2_control.egg-info/entry_points.txt
[10.546s] writing requirements to ../build/exer2_control/exer2_control.egg-info/requires.txt
[10.547s] writing top-level names to ../build/exer2_control/exer2_control.egg-info/top_level.txt
[10.577s] reading manifest file '../build/exer2_control/exer2_control.egg-info/SOURCES.txt'
[10.584s] writing manifest file '../build/exer2_control/exer2_control.egg-info/SOURCES.txt'
[10.586s] running build
[10.587s] running build_py
[10.591s] running install
[10.599s] running install_lib
[10.611s] running install_data
[10.614s] running install_egg_info
[10.626s] removing '/home/jetson/ros2_ws/src/install/exer2_control/lib/python3.8/site-packages/exer2_control-0.0.0-py3.8.egg-info' (and everything under it)
[10.649s] Copying ../build/exer2_control/exer2_control.egg-info to /home/jetson/ros2_ws/src/install/exer2_control/lib/python3.8/site-packages/exer2_control-0.0.0-py3.8.egg-info
[10.674s] running install_scripts
[10.777s] Installing controller script to /home/jetson/ros2_ws/src/install/exer2_control/lib/exer2_control
[10.781s] writing list of installed files to '/home/jetson/ros2_ws/src/build/exer2_control/install.log'
[10.914s] Invoked command in '/home/jetson/ros2_ws/src/exer2_control' returned '0': PYTHONPATH=/home/jetson/ros2_ws/src/build/exer2_control/prefix_override:/usr/lib/python3/dist-packages/colcon_core/task/python/colcon_distutils_commands:/home/jetson/ros2_ws/src/install/exer2_control/lib/python3.8/site-packages:${PYTHONPATH} /usr/bin/python3 -W ignore:setup.py install is deprecated -W ignore:easy_install command is deprecated setup.py egg_info --egg-base ../build/exer2_control build --build-base /home/jetson/ros2_ws/src/build/exer2_control/build install --record /home/jetson/ros2_ws/src/build/exer2_control/install.log --install-scripts $base/lib/exer2_control --single-version-externally-managed install_data
