[5.317s] Invoking command in '/home/jetson/ros2_ws/src/exer3_control': PYTHONPATH=/home/jetson/ros2_ws/build/exer3_control/prefix_override:/usr/lib/python3/dist-packages/colcon_core/task/python/colcon_distutils_commands:/home/jetson/ros2_ws/install/exer3_control/lib/python3.8/site-packages:${PYTHONPATH} /usr/bin/python3 -W ignore:setup.py install is deprecated -W ignore:easy_install command is deprecated setup.py egg_info --egg-base ../../build/exer3_control build --build-base /home/jetson/ros2_ws/build/exer3_control/build install --record /home/jetson/ros2_ws/build/exer3_control/install.log --install-scripts $base/lib/exer3_control --single-version-externally-managed install_data
[6.715s] /usr/local/lib/python3.8/dist-packages/setuptools/dist.py:717: UserWarning: Usage of dash-separated 'script-dir' will not be supported in future versions. Please use the underscore name 'script_dir' instead
[6.716s]   warnings.warn(
[6.883s] running egg_info
[6.889s] writing ../../build/exer3_control/exer3_control.egg-info/PKG-INFO
[6.892s] writing dependency_links to ../../build/exer3_control/exer3_control.egg-info/dependency_links.txt
[6.893s] writing entry points to ../../build/exer3_control/exer3_control.egg-info/entry_points.txt
[6.894s] writing requirements to ../../build/exer3_control/exer3_control.egg-info/requires.txt
[6.894s] writing top-level names to ../../build/exer3_control/exer3_control.egg-info/top_level.txt
[6.923s] reading manifest file '../../build/exer3_control/exer3_control.egg-info/SOURCES.txt'
[6.927s] writing manifest file '../../build/exer3_control/exer3_control.egg-info/SOURCES.txt'
[6.929s] running build
[6.930s] running build_py
[6.933s] running install
[6.938s] running install_lib
[6.948s] byte-compiling /home/jetson/ros2_ws/install/exer3_control/lib/python3.8/site-packages/exer3_control/grabber.py to grabber.cpython-38.pyc
[6.952s] running install_data
[6.954s] running install_egg_info
[6.965s] removing '/home/jetson/ros2_ws/install/exer3_control/lib/python3.8/site-packages/exer3_control-0.0.0-py3.8.egg-info' (and everything under it)
[6.968s] Copying ../../build/exer3_control/exer3_control.egg-info to /home/jetson/ros2_ws/install/exer3_control/lib/python3.8/site-packages/exer3_control-0.0.0-py3.8.egg-info
[6.977s] running install_scripts
[7.079s] Installing flight_controller script to /home/jetson/ros2_ws/install/exer3_control/lib/exer3_control
[7.084s] Installing grabber script to /home/jetson/ros2_ws/install/exer3_control/lib/exer3_control
[7.084s] writing list of installed files to '/home/jetson/ros2_ws/build/exer3_control/install.log'
[7.198s] Invoked command in '/home/jetson/ros2_ws/src/exer3_control' returned '0': PYTHONPATH=/home/jetson/ros2_ws/build/exer3_control/prefix_override:/usr/lib/python3/dist-packages/colcon_core/task/python/colcon_distutils_commands:/home/jetson/ros2_ws/install/exer3_control/lib/python3.8/site-packages:${PYTHONPATH} /usr/bin/python3 -W ignore:setup.py install is deprecated -W ignore:easy_install command is deprecated setup.py egg_info --egg-base ../../build/exer3_control build --build-base /home/jetson/ros2_ws/build/exer3_control/build install --record /home/jetson/ros2_ws/build/exer3_control/install.log --install-scripts $base/lib/exer3_control --single-version-externally-managed install_data
