[12.043s] Invoking command in '/home/jetson/ros2_ws/src/dummy_vicon_republisher': PYTHONPATH=/home/jetson/ros2_ws/build/dummy_vicon_republisher/prefix_override:/usr/lib/python3/dist-packages/colcon_core/task/python/colcon_distutils_commands:/home/jetson/ros2_ws/install/dummy_vicon_republisher/lib/python3.8/site-packages:${PYTHONPATH} /usr/bin/python3 -W ignore:setup.py install is deprecated -W ignore:easy_install command is deprecated setup.py egg_info --egg-base ../../build/dummy_vicon_republisher build --build-base /home/jetson/ros2_ws/build/dummy_vicon_republisher/build install --record /home/jetson/ros2_ws/build/dummy_vicon_republisher/install.log --install-scripts $base/lib/dummy_vicon_republisher --single-version-externally-managed install_data
[15.151s] /usr/local/lib/python3.8/dist-packages/setuptools/dist.py:717: UserWarning: Usage of dash-separated 'script-dir' will not be supported in future versions. Please use the underscore name 'script_dir' instead
[15.152s]   warnings.warn(
[15.517s] running egg_info
[15.528s] writing ../../build/dummy_vicon_republisher/dummy_vicon_republisher.egg-info/PKG-INFO
[15.569s] writing dependency_links to ../../build/dummy_vicon_republisher/dummy_vicon_republisher.egg-info/dependency_links.txt
[15.570s] writing entry points to ../../build/dummy_vicon_republisher/dummy_vicon_republisher.egg-info/entry_points.txt
[15.570s] writing requirements to ../../build/dummy_vicon_republisher/dummy_vicon_republisher.egg-info/requires.txt
[15.574s] writing top-level names to ../../build/dummy_vicon_republisher/dummy_vicon_republisher.egg-info/top_level.txt
[15.595s] reading manifest file '../../build/dummy_vicon_republisher/dummy_vicon_republisher.egg-info/SOURCES.txt'
[15.613s] writing manifest file '../../build/dummy_vicon_republisher/dummy_vicon_republisher.egg-info/SOURCES.txt'
[15.614s] running build
[15.614s] running build_py
[15.619s] running install
[15.633s] running install_lib
[15.666s] running install_data
[15.667s] running install_egg_info
[15.682s] removing '/home/jetson/ros2_ws/install/dummy_vicon_republisher/lib/python3.8/site-packages/dummy_vicon_republisher-0.0.0-py3.8.egg-info' (and everything under it)
[15.683s] Copying ../../build/dummy_vicon_republisher/dummy_vicon_republisher.egg-info to /home/jetson/ros2_ws/install/dummy_vicon_republisher/lib/python3.8/site-packages/dummy_vicon_republisher-0.0.0-py3.8.egg-info
[15.704s] running install_scripts
[16.004s] Installing dummy_vicon_republisher script to /home/jetson/ros2_ws/install/dummy_vicon_republisher/lib/dummy_vicon_republisher
[16.010s] writing list of installed files to '/home/jetson/ros2_ws/build/dummy_vicon_republisher/install.log'
[16.440s] Invoked command in '/home/jetson/ros2_ws/src/dummy_vicon_republisher' returned '0': PYTHONPATH=/home/jetson/ros2_ws/build/dummy_vicon_republisher/prefix_override:/usr/lib/python3/dist-packages/colcon_core/task/python/colcon_distutils_commands:/home/jetson/ros2_ws/install/dummy_vicon_republisher/lib/python3.8/site-packages:${PYTHONPATH} /usr/bin/python3 -W ignore:setup.py install is deprecated -W ignore:easy_install command is deprecated setup.py egg_info --egg-base ../../build/dummy_vicon_republisher build --build-base /home/jetson/ros2_ws/build/dummy_vicon_republisher/build install --record /home/jetson/ros2_ws/build/dummy_vicon_republisher/install.log --install-scripts $base/lib/dummy_vicon_republisher --single-version-externally-managed install_data
