[10.726s] Invoking command in '/home/jetson/ros2_ws/src/api_waypoint': PYTHONPATH=/home/jetson/ros2_ws/src/build/api_waypoint/prefix_override:/usr/lib/python3/dist-packages/colcon_core/task/python/colcon_distutils_commands:/home/jetson/ros2_ws/src/install/api_waypoint/lib/python3.8/site-packages:${PYTHONPATH} /usr/bin/python3 -W ignore:setup.py install is deprecated -W ignore:easy_install command is deprecated setup.py egg_info --egg-base ../build/api_waypoint build --build-base /home/jetson/ros2_ws/src/build/api_waypoint/build install --record /home/jetson/ros2_ws/src/build/api_waypoint/install.log --install-scripts $base/lib/api_waypoint --single-version-externally-managed install_data
[12.748s] /usr/local/lib/python3.8/dist-packages/setuptools/dist.py:717: UserWarning: Usage of dash-separated 'script-dir' will not be supported in future versions. Please use the underscore name 'script_dir' instead
[12.760s]   warnings.warn(
[13.062s] running egg_info
[13.066s] writing ../build/api_waypoint/api_waypoint.egg-info/PKG-INFO
[13.067s] writing dependency_links to ../build/api_waypoint/api_waypoint.egg-info/dependency_links.txt
[13.067s] writing entry points to ../build/api_waypoint/api_waypoint.egg-info/entry_points.txt
[13.068s] writing requirements to ../build/api_waypoint/api_waypoint.egg-info/requires.txt
[13.068s] writing top-level names to ../build/api_waypoint/api_waypoint.egg-info/top_level.txt
[13.088s] reading manifest file '../build/api_waypoint/api_waypoint.egg-info/SOURCES.txt'
[13.092s] writing manifest file '../build/api_waypoint/api_waypoint.egg-info/SOURCES.txt'
[13.094s] running build
[13.095s] running build_py
[13.096s] running install
[13.100s] running install_lib
[13.150s] running install_data
[13.152s] running install_egg_info
[13.166s] removing '/home/jetson/ros2_ws/src/install/api_waypoint/lib/python3.8/site-packages/api_waypoint-0.0.0-py3.8.egg-info' (and everything under it)
[13.181s] Copying ../build/api_waypoint/api_waypoint.egg-info to /home/jetson/ros2_ws/src/install/api_waypoint/lib/python3.8/site-packages/api_waypoint-0.0.0-py3.8.egg-info
[13.203s] running install_scripts
[13.358s] Installing api_waypoint_node script to /home/jetson/ros2_ws/src/install/api_waypoint/lib/api_waypoint
[13.359s] writing list of installed files to '/home/jetson/ros2_ws/src/build/api_waypoint/install.log'
[13.481s] Invoked command in '/home/jetson/ros2_ws/src/api_waypoint' returned '0': PYTHONPATH=/home/jetson/ros2_ws/src/build/api_waypoint/prefix_override:/usr/lib/python3/dist-packages/colcon_core/task/python/colcon_distutils_commands:/home/jetson/ros2_ws/src/install/api_waypoint/lib/python3.8/site-packages:${PYTHONPATH} /usr/bin/python3 -W ignore:setup.py install is deprecated -W ignore:easy_install command is deprecated setup.py egg_info --egg-base ../build/api_waypoint build --build-base /home/jetson/ros2_ws/src/build/api_waypoint/build install --record /home/jetson/ros2_ws/src/build/api_waypoint/install.log --install-scripts $base/lib/api_waypoint --single-version-externally-managed install_data
