[4.791s] Invoking command in '/home/jetson/ros2_ws/src/waypoint_nav': PYTHONPATH=/home/jetson/ros2_ws/build/waypoint_nav/prefix_override:/usr/lib/python3/dist-packages/colcon_core/task/python/colcon_distutils_commands:/home/jetson/ros2_ws/install/waypoint_nav/lib/python3.8/site-packages:${PYTHONPATH} /usr/bin/python3 -W ignore:setup.py install is deprecated -W ignore:easy_install command is deprecated setup.py egg_info --egg-base ../../build/waypoint_nav build --build-base /home/jetson/ros2_ws/build/waypoint_nav/build install --record /home/jetson/ros2_ws/build/waypoint_nav/install.log --install-scripts $base/lib/waypoint_nav --single-version-externally-managed install_data
[6.132s] /usr/local/lib/python3.8/dist-packages/setuptools/dist.py:717: UserWarning: Usage of dash-separated 'script-dir' will not be supported in future versions. Please use the underscore name 'script_dir' instead
[6.132s]   warnings.warn(
[6.298s] running egg_info
[6.301s] writing ../../build/waypoint_nav/waypoint_nav.egg-info/PKG-INFO
[6.302s] writing dependency_links to ../../build/waypoint_nav/waypoint_nav.egg-info/dependency_links.txt
[6.305s] writing entry points to ../../build/waypoint_nav/waypoint_nav.egg-info/entry_points.txt
[6.307s] writing requirements to ../../build/waypoint_nav/waypoint_nav.egg-info/requires.txt
[6.310s] writing top-level names to ../../build/waypoint_nav/waypoint_nav.egg-info/top_level.txt
[6.334s] reading manifest file '../../build/waypoint_nav/waypoint_nav.egg-info/SOURCES.txt'
[6.340s] writing manifest file '../../build/waypoint_nav/waypoint_nav.egg-info/SOURCES.txt'
[6.340s] running build
[6.341s] running build_py
[6.342s] copying waypoint_nav/waypoint.py -> /home/jetson/ros2_ws/build/waypoint_nav/build/lib/waypoint_nav
[6.342s] running install
[6.345s] running install_lib
[6.351s] copying /home/jetson/ros2_ws/build/waypoint_nav/build/lib/waypoint_nav/waypoint.py -> /home/jetson/ros2_ws/install/waypoint_nav/lib/python3.8/site-packages/waypoint_nav
[6.356s] byte-compiling /home/jetson/ros2_ws/install/waypoint_nav/lib/python3.8/site-packages/waypoint_nav/waypoint.py to waypoint.cpython-38.pyc
[6.366s] running install_data
[6.367s] running install_egg_info
[6.376s] removing '/home/jetson/ros2_ws/install/waypoint_nav/lib/python3.8/site-packages/waypoint_nav-0.0.0-py3.8.egg-info' (and everything under it)
[6.378s] Copying ../../build/waypoint_nav/waypoint_nav.egg-info to /home/jetson/ros2_ws/install/waypoint_nav/lib/python3.8/site-packages/waypoint_nav-0.0.0-py3.8.egg-info
[6.389s] running install_scripts
[6.487s] Installing waypoint script to /home/jetson/ros2_ws/install/waypoint_nav/lib/waypoint_nav
[6.488s] writing list of installed files to '/home/jetson/ros2_ws/build/waypoint_nav/install.log'
[6.603s] Invoked command in '/home/jetson/ros2_ws/src/waypoint_nav' returned '0': PYTHONPATH=/home/jetson/ros2_ws/build/waypoint_nav/prefix_override:/usr/lib/python3/dist-packages/colcon_core/task/python/colcon_distutils_commands:/home/jetson/ros2_ws/install/waypoint_nav/lib/python3.8/site-packages:${PYTHONPATH} /usr/bin/python3 -W ignore:setup.py install is deprecated -W ignore:easy_install command is deprecated setup.py egg_info --egg-base ../../build/waypoint_nav build --build-base /home/jetson/ros2_ws/build/waypoint_nav/build install --record /home/jetson/ros2_ws/build/waypoint_nav/install.log --install-scripts $base/lib/waypoint_nav --single-version-externally-managed install_data
