[4.539s] Invoking command in '/home/jetson/ros2_ws/src/exer3_control': PYTHONPATH=/home/jetson/ros2_ws/build/exer3_control/prefix_override:/usr/lib/python3/dist-packages/colcon_core/task/python/colcon_distutils_commands:/home/jetson/ros2_ws/install/exer3_control/lib/python3.8/site-packages:${PYTHONPATH} /usr/bin/python3 -W ignore:setup.py install is deprecated -W ignore:easy_install command is deprecated setup.py egg_info --egg-base ../../build/exer3_control build --build-base /home/jetson/ros2_ws/build/exer3_control/build install --record /home/jetson/ros2_ws/build/exer3_control/install.log --install-scripts $base/lib/exer3_control --single-version-externally-managed install_data
[5.803s] /usr/local/lib/python3.8/dist-packages/setuptools/dist.py:717: UserWarning: Usage of dash-separated 'script-dir' will not be supported in future versions. Please use the underscore name 'script_dir' instead
[5.803s]   warnings.warn(
[5.959s] running egg_info
[5.967s] writing ../../build/exer3_control/exer3_control.egg-info/PKG-INFO
[5.968s] writing dependency_links to ../../build/exer3_control/exer3_control.egg-info/dependency_links.txt
[5.968s] writing entry points to ../../build/exer3_control/exer3_control.egg-info/entry_points.txt
[5.969s] writing requirements to ../../build/exer3_control/exer3_control.egg-info/requires.txt
[5.969s] writing top-level names to ../../build/exer3_control/exer3_control.egg-info/top_level.txt
[6.005s] reading manifest file '../../build/exer3_control/exer3_control.egg-info/SOURCES.txt'
[6.010s] writing manifest file '../../build/exer3_control/exer3_control.egg-info/SOURCES.txt'
[6.011s] running build
[6.011s] running build_py
[6.011s] copying exer3_control/plotter.py -> /home/jetson/ros2_ws/build/exer3_control/build/lib/exer3_control
[6.014s] copying exer3_control/grabber.py -> /home/jetson/ros2_ws/build/exer3_control/build/lib/exer3_control
[6.015s] running install
[6.018s] running install_lib
[6.023s] copying /home/jetson/ros2_ws/build/exer3_control/build/lib/exer3_control/plotter.py -> /home/jetson/ros2_ws/install/exer3_control/lib/python3.8/site-packages/exer3_control
[6.023s] copying /home/jetson/ros2_ws/build/exer3_control/build/lib/exer3_control/grabber.py -> /home/jetson/ros2_ws/install/exer3_control/lib/python3.8/site-packages/exer3_control
[6.026s] byte-compiling /home/jetson/ros2_ws/install/exer3_control/lib/python3.8/site-packages/exer3_control/plotter.py to plotter.cpython-38.pyc
[6.028s] byte-compiling /home/jetson/ros2_ws/install/exer3_control/lib/python3.8/site-packages/exer3_control/grabber.py to grabber.cpython-38.pyc
[6.031s] running install_data
[6.031s] running install_egg_info
[6.043s] removing '/home/jetson/ros2_ws/install/exer3_control/lib/python3.8/site-packages/exer3_control-0.0.0-py3.8.egg-info' (and everything under it)
[6.044s] Copying ../../build/exer3_control/exer3_control.egg-info to /home/jetson/ros2_ws/install/exer3_control/lib/python3.8/site-packages/exer3_control-0.0.0-py3.8.egg-info
[6.045s] running install_scripts
[6.131s] Installing flight_controller script to /home/jetson/ros2_ws/install/exer3_control/lib/exer3_control
[6.131s] Installing grabber script to /home/jetson/ros2_ws/install/exer3_control/lib/exer3_control
[6.133s] writing list of installed files to '/home/jetson/ros2_ws/build/exer3_control/install.log'
[6.243s] Invoked command in '/home/jetson/ros2_ws/src/exer3_control' returned '0': PYTHONPATH=/home/jetson/ros2_ws/build/exer3_control/prefix_override:/usr/lib/python3/dist-packages/colcon_core/task/python/colcon_distutils_commands:/home/jetson/ros2_ws/install/exer3_control/lib/python3.8/site-packages:${PYTHONPATH} /usr/bin/python3 -W ignore:setup.py install is deprecated -W ignore:easy_install command is deprecated setup.py egg_info --egg-base ../../build/exer3_control build --build-base /home/jetson/ros2_ws/build/exer3_control/build install --record /home/jetson/ros2_ws/build/exer3_control/install.log --install-scripts $base/lib/exer3_control --single-version-externally-managed install_data
