[2.814s] DEBUG:colcon:Command line arguments: ['/usr/bin/colcon', 'build', '--packages-select', 'crack_comm', 'crack_controller', 'api_waypoint']
[2.814s] DEBUG:colcon:Parsed command line arguments: Namespace(allow_overriding=[], ament_cmake_args=None, base_paths=['.'], build_base='build', catkin_cmake_args=None, catkin_skip_building_tests=False, cmake_args=None, cmake_clean_cache=False, cmake_clean_first=False, cmake_force_configure=False, cmake_target=None, cmake_target_skip_unavailable=False, continue_on_error=False, event_handlers=None, executor='parallel', ignore_user_meta=False, install_base='install', log_base=None, log_level=None, main=<bound method BuildVerb.main of <colcon_core.verb.build.BuildVerb object at 0x7faa75d130>>, merge_install=False, metas=['./colcon.meta'], packages_above=None, packages_above_and_dependencies=None, packages_above_depth=None, packages_end=None, packages_ignore=None, packages_ignore_regex=None, packages_select=['crack_comm', 'crack_controller', 'api_waypoint'], packages_select_build_failed=False, packages_select_by_dep=None, packages_select_regex=None, packages_select_test_failures=False, packages_skip=None, packages_skip_build_finished=False, packages_skip_by_dep=None, packages_skip_regex=None, packages_skip_test_passed=False, packages_skip_up_to=None, packages_start=None, packages_up_to=None, packages_up_to_regex=None, parallel_workers=4, paths=None, symlink_install=False, test_result_base=None, verb_extension=<colcon_core.verb.build.BuildVerb object at 0x7faa75d130>, verb_name='build', verb_parser=<colcon_defaults.argument_parser.defaults.DefaultArgumentsDecorator object at 0x7faa6e3910>)
[4.090s] Level 1:colcon.colcon_core.package_discovery:discover_packages(colcon_meta) check parameters
[4.091s] Level 1:colcon.colcon_core.package_discovery:discover_packages(recursive) check parameters
[4.091s] Level 1:colcon.colcon_core.package_discovery:discover_packages(ignore) check parameters
[4.092s] Level 1:colcon.colcon_core.package_discovery:discover_packages(path) check parameters
[4.092s] Level 1:colcon.colcon_core.package_discovery:discover_packages(colcon_meta) discover
[4.092s] Level 1:colcon.colcon_core.package_discovery:discover_packages(recursive) discover
[4.093s] INFO:colcon.colcon_core.package_discovery:Crawling recursively for packages in '/home/jetson/ros2_ws/src'
[4.093s] Level 1:colcon.colcon_core.package_identification:_identify(.) by extensions ['ignore', 'ignore_ament_install']
[4.093s] Level 1:colcon.colcon_core.package_identification:_identify(.) by extension 'ignore'
[4.094s] Level 1:colcon.colcon_core.package_identification:_identify(.) by extension 'ignore_ament_install'
[4.094s] Level 1:colcon.colcon_core.package_identification:_identify(.) by extensions ['colcon_pkg']
[4.094s] Level 1:colcon.colcon_core.package_identification:_identify(.) by extension 'colcon_pkg'
[4.094s] Level 1:colcon.colcon_core.package_identification:_identify(.) by extensions ['colcon_meta']
[4.095s] Level 1:colcon.colcon_core.package_identification:_identify(.) by extension 'colcon_meta'
[4.095s] Level 1:colcon.colcon_core.package_identification:_identify(.) by extensions ['ros']
[4.095s] Level 1:colcon.colcon_core.package_identification:_identify(.) by extension 'ros'
[4.195s] Level 1:colcon.colcon_core.package_identification:_identify(.) by extensions ['cmake', 'python']
[4.195s] Level 1:colcon.colcon_core.package_identification:_identify(.) by extension 'cmake'
[4.195s] Level 1:colcon.colcon_core.package_identification:_identify(.) by extension 'python'
[4.196s] Level 1:colcon.colcon_core.package_identification:_identify(.) by extensions ['python_setup_py']
[4.196s] Level 1:colcon.colcon_core.package_identification:_identify(.) by extension 'python_setup_py'
[4.197s] Level 1:colcon.colcon_core.package_identification:_identify(api_waypoint) by extensions ['ignore', 'ignore_ament_install']
[4.197s] Level 1:colcon.colcon_core.package_identification:_identify(api_waypoint) by extension 'ignore'
[4.198s] Level 1:colcon.colcon_core.package_identification:_identify(api_waypoint) by extension 'ignore_ament_install'
[4.198s] Level 1:colcon.colcon_core.package_identification:_identify(api_waypoint) by extensions ['colcon_pkg']
[4.198s] Level 1:colcon.colcon_core.package_identification:_identify(api_waypoint) by extension 'colcon_pkg'
[4.198s] Level 1:colcon.colcon_core.package_identification:_identify(api_waypoint) by extensions ['colcon_meta']
[4.198s] Level 1:colcon.colcon_core.package_identification:_identify(api_waypoint) by extension 'colcon_meta'
[4.199s] Level 1:colcon.colcon_core.package_identification:_identify(api_waypoint) by extensions ['ros']
[4.199s] Level 1:colcon.colcon_core.package_identification:_identify(api_waypoint) by extension 'ros'
[4.222s] DEBUG:colcon.colcon_core.package_identification:Package 'api_waypoint' with type 'ros.ament_python' and name 'api_waypoint'
[4.223s] Level 1:colcon.colcon_core.package_identification:_identify(build) by extensions ['ignore', 'ignore_ament_install']
[4.224s] Level 1:colcon.colcon_core.package_identification:_identify(build) by extension 'ignore'
[4.224s] Level 1:colcon.colcon_core.package_identification:_identify(build) ignored
[4.225s] Level 1:colcon.colcon_core.package_identification:_identify(comm_node) by extensions ['ignore', 'ignore_ament_install']
[4.226s] Level 1:colcon.colcon_core.package_identification:_identify(comm_node) by extension 'ignore'
[4.226s] Level 1:colcon.colcon_core.package_identification:_identify(comm_node) by extension 'ignore_ament_install'
[4.226s] Level 1:colcon.colcon_core.package_identification:_identify(comm_node) by extensions ['colcon_pkg']
[4.226s] Level 1:colcon.colcon_core.package_identification:_identify(comm_node) by extension 'colcon_pkg'
[4.227s] Level 1:colcon.colcon_core.package_identification:_identify(comm_node) by extensions ['colcon_meta']
[4.227s] Level 1:colcon.colcon_core.package_identification:_identify(comm_node) by extension 'colcon_meta'
[4.227s] Level 1:colcon.colcon_core.package_identification:_identify(comm_node) by extensions ['ros']
[4.227s] Level 1:colcon.colcon_core.package_identification:_identify(comm_node) by extension 'ros'
[4.239s] DEBUG:colcon.colcon_core.package_identification:Package 'comm_node' with type 'ros.ament_python' and name 'comm_node'
[4.239s] Level 1:colcon.colcon_core.package_identification:_identify(crack_comm) by extensions ['ignore', 'ignore_ament_install']
[4.240s] Level 1:colcon.colcon_core.package_identification:_identify(crack_comm) by extension 'ignore'
[4.240s] Level 1:colcon.colcon_core.package_identification:_identify(crack_comm) by extension 'ignore_ament_install'
[4.240s] Level 1:colcon.colcon_core.package_identification:_identify(crack_comm) by extensions ['colcon_pkg']
[4.240s] Level 1:colcon.colcon_core.package_identification:_identify(crack_comm) by extension 'colcon_pkg'
[4.241s] Level 1:colcon.colcon_core.package_identification:_identify(crack_comm) by extensions ['colcon_meta']
[4.241s] Level 1:colcon.colcon_core.package_identification:_identify(crack_comm) by extension 'colcon_meta'
[4.241s] Level 1:colcon.colcon_core.package_identification:_identify(crack_comm) by extensions ['ros']
[4.241s] Level 1:colcon.colcon_core.package_identification:_identify(crack_comm) by extension 'ros'
[4.245s] DEBUG:colcon.colcon_core.package_identification:Package 'crack_comm' with type 'ros.ament_python' and name 'crack_comm'
[4.245s] Level 1:colcon.colcon_core.package_identification:_identify(crack_controller) by extensions ['ignore', 'ignore_ament_install']
[4.246s] Level 1:colcon.colcon_core.package_identification:_identify(crack_controller) by extension 'ignore'
[4.246s] Level 1:colcon.colcon_core.package_identification:_identify(crack_controller) by extension 'ignore_ament_install'
[4.246s] Level 1:colcon.colcon_core.package_identification:_identify(crack_controller) by extensions ['colcon_pkg']
[4.246s] Level 1:colcon.colcon_core.package_identification:_identify(crack_controller) by extension 'colcon_pkg'
[4.247s] Level 1:colcon.colcon_core.package_identification:_identify(crack_controller) by extensions ['colcon_meta']
[4.247s] Level 1:colcon.colcon_core.package_identification:_identify(crack_controller) by extension 'colcon_meta'
[4.247s] Level 1:colcon.colcon_core.package_identification:_identify(crack_controller) by extensions ['ros']
[4.247s] Level 1:colcon.colcon_core.package_identification:_identify(crack_controller) by extension 'ros'
[4.251s] DEBUG:colcon.colcon_core.package_identification:Package 'crack_controller' with type 'ros.ament_python' and name 'crack_controller'
[4.252s] Level 1:colcon.colcon_core.package_identification:_identify(drone_images) by extensions ['ignore', 'ignore_ament_install']
[4.252s] Level 1:colcon.colcon_core.package_identification:_identify(drone_images) by extension 'ignore'
[4.253s] Level 1:colcon.colcon_core.package_identification:_identify(drone_images) by extension 'ignore_ament_install'
[4.253s] Level 1:colcon.colcon_core.package_identification:_identify(drone_images) by extensions ['colcon_pkg']
[4.253s] Level 1:colcon.colcon_core.package_identification:_identify(drone_images) by extension 'colcon_pkg'
[4.254s] Level 1:colcon.colcon_core.package_identification:_identify(drone_images) by extensions ['colcon_meta']
[4.254s] Level 1:colcon.colcon_core.package_identification:_identify(drone_images) by extension 'colcon_meta'
[4.254s] Level 1:colcon.colcon_core.package_identification:_identify(drone_images) by extensions ['ros']
[4.254s] Level 1:colcon.colcon_core.package_identification:_identify(drone_images) by extension 'ros'
[4.255s] Level 1:colcon.colcon_core.package_identification:_identify(drone_images) by extensions ['cmake', 'python']
[4.255s] Level 1:colcon.colcon_core.package_identification:_identify(drone_images) by extension 'cmake'
[4.255s] Level 1:colcon.colcon_core.package_identification:_identify(drone_images) by extension 'python'
[4.255s] Level 1:colcon.colcon_core.package_identification:_identify(drone_images) by extensions ['python_setup_py']
[4.255s] Level 1:colcon.colcon_core.package_identification:_identify(drone_images) by extension 'python_setup_py'
[4.257s] Level 1:colcon.colcon_core.package_identification:_identify(dummy_vicon_republisher) by extensions ['ignore', 'ignore_ament_install']
[4.257s] Level 1:colcon.colcon_core.package_identification:_identify(dummy_vicon_republisher) by extension 'ignore'
[4.257s] Level 1:colcon.colcon_core.package_identification:_identify(dummy_vicon_republisher) by extension 'ignore_ament_install'
[4.258s] Level 1:colcon.colcon_core.package_identification:_identify(dummy_vicon_republisher) by extensions ['colcon_pkg']
[4.258s] Level 1:colcon.colcon_core.package_identification:_identify(dummy_vicon_republisher) by extension 'colcon_pkg'
[4.258s] Level 1:colcon.colcon_core.package_identification:_identify(dummy_vicon_republisher) by extensions ['colcon_meta']
[4.258s] Level 1:colcon.colcon_core.package_identification:_identify(dummy_vicon_republisher) by extension 'colcon_meta'
[4.258s] Level 1:colcon.colcon_core.package_identification:_identify(dummy_vicon_republisher) by extensions ['ros']
[4.259s] Level 1:colcon.colcon_core.package_identification:_identify(dummy_vicon_republisher) by extension 'ros'
[4.269s] DEBUG:colcon.colcon_core.package_identification:Package 'dummy_vicon_republisher' with type 'ros.ament_python' and name 'dummy_vicon_republisher'
[4.270s] Level 1:colcon.colcon_core.package_identification:_identify(dummy_waypoint_publisher) by extensions ['ignore', 'ignore_ament_install']
[4.270s] Level 1:colcon.colcon_core.package_identification:_identify(dummy_waypoint_publisher) by extension 'ignore'
[4.271s] Level 1:colcon.colcon_core.package_identification:_identify(dummy_waypoint_publisher) by extension 'ignore_ament_install'
[4.271s] Level 1:colcon.colcon_core.package_identification:_identify(dummy_waypoint_publisher) by extensions ['colcon_pkg']
[4.271s] Level 1:colcon.colcon_core.package_identification:_identify(dummy_waypoint_publisher) by extension 'colcon_pkg'
[4.271s] Level 1:colcon.colcon_core.package_identification:_identify(dummy_waypoint_publisher) by extensions ['colcon_meta']
[4.271s] Level 1:colcon.colcon_core.package_identification:_identify(dummy_waypoint_publisher) by extension 'colcon_meta'
[4.272s] Level 1:colcon.colcon_core.package_identification:_identify(dummy_waypoint_publisher) by extensions ['ros']
[4.272s] Level 1:colcon.colcon_core.package_identification:_identify(dummy_waypoint_publisher) by extension 'ros'
[4.281s] DEBUG:colcon.colcon_core.package_identification:Package 'dummy_waypoint_publisher' with type 'ros.ament_python' and name 'dummy_waypoint_publisher'
[4.283s] Level 1:colcon.colcon_core.package_identification:_identify(exer2_control) by extensions ['ignore', 'ignore_ament_install']
[4.283s] Level 1:colcon.colcon_core.package_identification:_identify(exer2_control) by extension 'ignore'
[4.284s] Level 1:colcon.colcon_core.package_identification:_identify(exer2_control) by extension 'ignore_ament_install'
[4.284s] Level 1:colcon.colcon_core.package_identification:_identify(exer2_control) by extensions ['colcon_pkg']
[4.284s] Level 1:colcon.colcon_core.package_identification:_identify(exer2_control) by extension 'colcon_pkg'
[4.284s] Level 1:colcon.colcon_core.package_identification:_identify(exer2_control) by extensions ['colcon_meta']
[4.285s] Level 1:colcon.colcon_core.package_identification:_identify(exer2_control) by extension 'colcon_meta'
[4.285s] Level 1:colcon.colcon_core.package_identification:_identify(exer2_control) by extensions ['ros']
[4.285s] Level 1:colcon.colcon_core.package_identification:_identify(exer2_control) by extension 'ros'
[4.289s] DEBUG:colcon.colcon_core.package_identification:Package 'exer2_control' with type 'ros.ament_python' and name 'exer2_control'
[4.290s] Level 1:colcon.colcon_core.package_identification:_identify(exer3_control) by extensions ['ignore', 'ignore_ament_install']
[4.290s] Level 1:colcon.colcon_core.package_identification:_identify(exer3_control) by extension 'ignore'
[4.290s] Level 1:colcon.colcon_core.package_identification:_identify(exer3_control) by extension 'ignore_ament_install'
[4.291s] Level 1:colcon.colcon_core.package_identification:_identify(exer3_control) by extensions ['colcon_pkg']
[4.291s] Level 1:colcon.colcon_core.package_identification:_identify(exer3_control) by extension 'colcon_pkg'
[4.291s] Level 1:colcon.colcon_core.package_identification:_identify(exer3_control) by extensions ['colcon_meta']
[4.291s] Level 1:colcon.colcon_core.package_identification:_identify(exer3_control) by extension 'colcon_meta'
[4.291s] Level 1:colcon.colcon_core.package_identification:_identify(exer3_control) by extensions ['ros']
[4.291s] Level 1:colcon.colcon_core.package_identification:_identify(exer3_control) by extension 'ros'
[4.302s] DEBUG:colcon.colcon_core.package_identification:Package 'exer3_control' with type 'ros.ament_python' and name 'exer3_control'
[4.303s] Level 1:colcon.colcon_core.package_identification:_identify(image_processor) by extensions ['ignore', 'ignore_ament_install']
[4.303s] Level 1:colcon.colcon_core.package_identification:_identify(image_processor) by extension 'ignore'
[4.303s] Level 1:colcon.colcon_core.package_identification:_identify(image_processor) by extension 'ignore_ament_install'
[4.304s] Level 1:colcon.colcon_core.package_identification:_identify(image_processor) by extensions ['colcon_pkg']
[4.304s] Level 1:colcon.colcon_core.package_identification:_identify(image_processor) by extension 'colcon_pkg'
[4.304s] Level 1:colcon.colcon_core.package_identification:_identify(image_processor) by extensions ['colcon_meta']
[4.304s] Level 1:colcon.colcon_core.package_identification:_identify(image_processor) by extension 'colcon_meta'
[4.305s] Level 1:colcon.colcon_core.package_identification:_identify(image_processor) by extensions ['ros']
[4.305s] Level 1:colcon.colcon_core.package_identification:_identify(image_processor) by extension 'ros'
[4.315s] DEBUG:colcon.colcon_core.package_identification:Package 'image_processor' with type 'ros.ament_python' and name 'image_processor'
[4.315s] Level 1:colcon.colcon_core.package_identification:_identify(image_saver) by extensions ['ignore', 'ignore_ament_install']
[4.316s] Level 1:colcon.colcon_core.package_identification:_identify(image_saver) by extension 'ignore'
[4.316s] Level 1:colcon.colcon_core.package_identification:_identify(image_saver) by extension 'ignore_ament_install'
[4.317s] Level 1:colcon.colcon_core.package_identification:_identify(image_saver) by extensions ['colcon_pkg']
[4.317s] Level 1:colcon.colcon_core.package_identification:_identify(image_saver) by extension 'colcon_pkg'
[4.317s] Level 1:colcon.colcon_core.package_identification:_identify(image_saver) by extensions ['colcon_meta']
[4.317s] Level 1:colcon.colcon_core.package_identification:_identify(image_saver) by extension 'colcon_meta'
[4.318s] Level 1:colcon.colcon_core.package_identification:_identify(image_saver) by extensions ['ros']
[4.318s] Level 1:colcon.colcon_core.package_identification:_identify(image_saver) by extension 'ros'
[4.326s] DEBUG:colcon.colcon_core.package_identification:Package 'image_saver' with type 'ros.ament_python' and name 'image_saver'
[4.327s] Level 1:colcon.colcon_core.package_identification:_identify(install) by extensions ['ignore', 'ignore_ament_install']
[4.327s] Level 1:colcon.colcon_core.package_identification:_identify(install) by extension 'ignore'
[4.327s] Level 1:colcon.colcon_core.package_identification:_identify(install) ignored
[4.329s] Level 1:colcon.colcon_core.package_identification:_identify(launcher) by extensions ['ignore', 'ignore_ament_install']
[4.329s] Level 1:colcon.colcon_core.package_identification:_identify(launcher) by extension 'ignore'
[4.329s] Level 1:colcon.colcon_core.package_identification:_identify(launcher) by extension 'ignore_ament_install'
[4.330s] Level 1:colcon.colcon_core.package_identification:_identify(launcher) by extensions ['colcon_pkg']
[4.330s] Level 1:colcon.colcon_core.package_identification:_identify(launcher) by extension 'colcon_pkg'
[4.330s] Level 1:colcon.colcon_core.package_identification:_identify(launcher) by extensions ['colcon_meta']
[4.330s] Level 1:colcon.colcon_core.package_identification:_identify(launcher) by extension 'colcon_meta'
[4.330s] Level 1:colcon.colcon_core.package_identification:_identify(launcher) by extensions ['ros']
[4.330s] Level 1:colcon.colcon_core.package_identification:_identify(launcher) by extension 'ros'
[4.331s] Level 1:colcon.colcon_core.package_identification:_identify(launcher) by extensions ['cmake', 'python']
[4.331s] Level 1:colcon.colcon_core.package_identification:_identify(launcher) by extension 'cmake'
[4.331s] Level 1:colcon.colcon_core.package_identification:_identify(launcher) by extension 'python'
[4.331s] Level 1:colcon.colcon_core.package_identification:_identify(launcher) by extensions ['python_setup_py']
[4.332s] Level 1:colcon.colcon_core.package_identification:_identify(launcher) by extension 'python_setup_py'
[4.332s] Level 1:colcon.colcon_core.package_identification:_identify(log) by extensions ['ignore', 'ignore_ament_install']
[4.333s] Level 1:colcon.colcon_core.package_identification:_identify(log) by extension 'ignore'
[4.333s] Level 1:colcon.colcon_core.package_identification:_identify(log) ignored
[4.342s] Level 1:colcon.colcon_core.package_identification:_identify(myenv) by extensions ['ignore', 'ignore_ament_install']
[4.343s] Level 1:colcon.colcon_core.package_identification:_identify(myenv) by extension 'ignore'
[4.343s] Level 1:colcon.colcon_core.package_identification:_identify(myenv) by extension 'ignore_ament_install'
[4.344s] Level 1:colcon.colcon_core.package_identification:_identify(myenv) by extensions ['colcon_pkg']
[4.344s] Level 1:colcon.colcon_core.package_identification:_identify(myenv) by extension 'colcon_pkg'
[4.344s] Level 1:colcon.colcon_core.package_identification:_identify(myenv) by extensions ['colcon_meta']
[4.344s] Level 1:colcon.colcon_core.package_identification:_identify(myenv) by extension 'colcon_meta'
[4.344s] Level 1:colcon.colcon_core.package_identification:_identify(myenv) by extensions ['ros']
[4.345s] Level 1:colcon.colcon_core.package_identification:_identify(myenv) by extension 'ros'
[4.345s] Level 1:colcon.colcon_core.package_identification:_identify(myenv) by extensions ['cmake', 'python']
[4.345s] Level 1:colcon.colcon_core.package_identification:_identify(myenv) by extension 'cmake'
[4.346s] Level 1:colcon.colcon_core.package_identification:_identify(myenv) by extension 'python'
[4.346s] Level 1:colcon.colcon_core.package_identification:_identify(myenv) by extensions ['python_setup_py']
[4.346s] Level 1:colcon.colcon_core.package_identification:_identify(myenv) by extension 'python_setup_py'
[4.358s] Level 1:colcon.colcon_core.package_identification:_identify(myenv/bin) by extensions ['ignore', 'ignore_ament_install']
[4.358s] Level 1:colcon.colcon_core.package_identification:_identify(myenv/bin) by extension 'ignore'
[4.359s] Level 1:colcon.colcon_core.package_identification:_identify(myenv/bin) by extension 'ignore_ament_install'
[4.359s] Level 1:colcon.colcon_core.package_identification:_identify(myenv/bin) by extensions ['colcon_pkg']
[4.359s] Level 1:colcon.colcon_core.package_identification:_identify(myenv/bin) by extension 'colcon_pkg'
[4.359s] Level 1:colcon.colcon_core.package_identification:_identify(myenv/bin) by extensions ['colcon_meta']
[4.360s] Level 1:colcon.colcon_core.package_identification:_identify(myenv/bin) by extension 'colcon_meta'
[4.360s] Level 1:colcon.colcon_core.package_identification:_identify(myenv/bin) by extensions ['ros']
[4.360s] Level 1:colcon.colcon_core.package_identification:_identify(myenv/bin) by extension 'ros'
[4.361s] Level 1:colcon.colcon_core.package_identification:_identify(myenv/bin) by extensions ['cmake', 'python']
[4.361s] Level 1:colcon.colcon_core.package_identification:_identify(myenv/bin) by extension 'cmake'
[4.361s] Level 1:colcon.colcon_core.package_identification:_identify(myenv/bin) by extension 'python'
[4.361s] Level 1:colcon.colcon_core.package_identification:_identify(myenv/bin) by extensions ['python_setup_py']
[4.361s] Level 1:colcon.colcon_core.package_identification:_identify(myenv/bin) by extension 'python_setup_py'
[4.362s] Level 1:colcon.colcon_core.package_identification:_identify(myenv/include) by extensions ['ignore', 'ignore_ament_install']
[4.363s] Level 1:colcon.colcon_core.package_identification:_identify(myenv/include) by extension 'ignore'
[4.363s] Level 1:colcon.colcon_core.package_identification:_identify(myenv/include) by extension 'ignore_ament_install'
[4.363s] Level 1:colcon.colcon_core.package_identification:_identify(myenv/include) by extensions ['colcon_pkg']
[4.364s] Level 1:colcon.colcon_core.package_identification:_identify(myenv/include) by extension 'colcon_pkg'
[4.364s] Level 1:colcon.colcon_core.package_identification:_identify(myenv/include) by extensions ['colcon_meta']
[4.364s] Level 1:colcon.colcon_core.package_identification:_identify(myenv/include) by extension 'colcon_meta'
[4.364s] Level 1:colcon.colcon_core.package_identification:_identify(myenv/include) by extensions ['ros']
[4.364s] Level 1:colcon.colcon_core.package_identification:_identify(myenv/include) by extension 'ros'
[4.365s] Level 1:colcon.colcon_core.package_identification:_identify(myenv/include) by extensions ['cmake', 'python']
[4.365s] Level 1:colcon.colcon_core.package_identification:_identify(myenv/include) by extension 'cmake'
[4.365s] Level 1:colcon.colcon_core.package_identification:_identify(myenv/include) by extension 'python'
[4.365s] Level 1:colcon.colcon_core.package_identification:_identify(myenv/include) by extensions ['python_setup_py']
[4.366s] Level 1:colcon.colcon_core.package_identification:_identify(myenv/include) by extension 'python_setup_py'
[4.367s] Level 1:colcon.colcon_core.package_identification:_identify(myenv/lib) by extensions ['ignore', 'ignore_ament_install']
[4.367s] Level 1:colcon.colcon_core.package_identification:_identify(myenv/lib) by extension 'ignore'
[4.367s] Level 1:colcon.colcon_core.package_identification:_identify(myenv/lib) by extension 'ignore_ament_install'
[4.368s] Level 1:colcon.colcon_core.package_identification:_identify(myenv/lib) by extensions ['colcon_pkg']
[4.368s] Level 1:colcon.colcon_core.package_identification:_identify(myenv/lib) by extension 'colcon_pkg'
[4.368s] Level 1:colcon.colcon_core.package_identification:_identify(myenv/lib) by extensions ['colcon_meta']
[4.368s] Level 1:colcon.colcon_core.package_identification:_identify(myenv/lib) by extension 'colcon_meta'
[4.368s] Level 1:colcon.colcon_core.package_identification:_identify(myenv/lib) by extensions ['ros']
[4.369s] Level 1:colcon.colcon_core.package_identification:_identify(myenv/lib) by extension 'ros'
[4.369s] Level 1:colcon.colcon_core.package_identification:_identify(myenv/lib) by extensions ['cmake', 'python']
[4.369s] Level 1:colcon.colcon_core.package_identification:_identify(myenv/lib) by extension 'cmake'
[4.369s] Level 1:colcon.colcon_core.package_identification:_identify(myenv/lib) by extension 'python'
[4.370s] Level 1:colcon.colcon_core.package_identification:_identify(myenv/lib) by extensions ['python_setup_py']
[4.370s] Level 1:colcon.colcon_core.package_identification:_identify(myenv/lib) by extension 'python_setup_py'
[4.371s] Level 1:colcon.colcon_core.package_identification:_identify(myenv/lib/python3.6) by extensions ['ignore', 'ignore_ament_install']
[4.371s] Level 1:colcon.colcon_core.package_identification:_identify(myenv/lib/python3.6) by extension 'ignore'
[4.371s] Level 1:colcon.colcon_core.package_identification:_identify(myenv/lib/python3.6) by extension 'ignore_ament_install'
[4.372s] Level 1:colcon.colcon_core.package_identification:_identify(myenv/lib/python3.6) by extensions ['colcon_pkg']
[4.372s] Level 1:colcon.colcon_core.package_identification:_identify(myenv/lib/python3.6) by extension 'colcon_pkg'
[4.372s] Level 1:colcon.colcon_core.package_identification:_identify(myenv/lib/python3.6) by extensions ['colcon_meta']
[4.372s] Level 1:colcon.colcon_core.package_identification:_identify(myenv/lib/python3.6) by extension 'colcon_meta'
[4.372s] Level 1:colcon.colcon_core.package_identification:_identify(myenv/lib/python3.6) by extensions ['ros']
[4.373s] Level 1:colcon.colcon_core.package_identification:_identify(myenv/lib/python3.6) by extension 'ros'
[4.373s] Level 1:colcon.colcon_core.package_identification:_identify(myenv/lib/python3.6) by extensions ['cmake', 'python']
[4.373s] Level 1:colcon.colcon_core.package_identification:_identify(myenv/lib/python3.6) by extension 'cmake'
[4.373s] Level 1:colcon.colcon_core.package_identification:_identify(myenv/lib/python3.6) by extension 'python'
[4.374s] Level 1:colcon.colcon_core.package_identification:_identify(myenv/lib/python3.6) by extensions ['python_setup_py']
[4.374s] Level 1:colcon.colcon_core.package_identification:_identify(myenv/lib/python3.6) by extension 'python_setup_py'
[4.375s] Level 1:colcon.colcon_core.package_identification:_identify(myenv/lib/python3.6/site-packages) by extensions ['ignore', 'ignore_ament_install']
[4.375s] Level 1:colcon.colcon_core.package_identification:_identify(myenv/lib/python3.6/site-packages) by extension 'ignore'
[4.376s] Level 1:colcon.colcon_core.package_identification:_identify(myenv/lib/python3.6/site-packages) by extension 'ignore_ament_install'
[4.376s] Level 1:colcon.colcon_core.package_identification:_identify(myenv/lib/python3.6/site-packages) by extensions ['colcon_pkg']
[4.376s] Level 1:colcon.colcon_core.package_identification:_identify(myenv/lib/python3.6/site-packages) by extension 'colcon_pkg'
[4.376s] Level 1:colcon.colcon_core.package_identification:_identify(myenv/lib/python3.6/site-packages) by extensions ['colcon_meta']
[4.377s] Level 1:colcon.colcon_core.package_identification:_identify(myenv/lib/python3.6/site-packages) by extension 'colcon_meta'
[4.377s] Level 1:colcon.colcon_core.package_identification:_identify(myenv/lib/python3.6/site-packages) by extensions ['ros']
[4.377s] Level 1:colcon.colcon_core.package_identification:_identify(myenv/lib/python3.6/site-packages) by extension 'ros'
[4.378s] Level 1:colcon.colcon_core.package_identification:_identify(myenv/lib/python3.6/site-packages) by extensions ['cmake', 'python']
[4.378s] Level 1:colcon.colcon_core.package_identification:_identify(myenv/lib/python3.6/site-packages) by extension 'cmake'
[4.378s] Level 1:colcon.colcon_core.package_identification:_identify(myenv/lib/python3.6/site-packages) by extension 'python'
[4.378s] Level 1:colcon.colcon_core.package_identification:_identify(myenv/lib/python3.6/site-packages) by extensions ['python_setup_py']
[4.378s] Level 1:colcon.colcon_core.package_identification:_identify(myenv/lib/python3.6/site-packages) by extension 'python_setup_py'
[4.380s] Level 1:colcon.colcon_core.package_identification:_identify(px4_autonomy_modules) by extensions ['ignore', 'ignore_ament_install']
[4.380s] Level 1:colcon.colcon_core.package_identification:_identify(px4_autonomy_modules) by extension 'ignore'
[4.380s] Level 1:colcon.colcon_core.package_identification:_identify(px4_autonomy_modules) by extension 'ignore_ament_install'
[4.381s] Level 1:colcon.colcon_core.package_identification:_identify(px4_autonomy_modules) by extensions ['colcon_pkg']
[4.381s] Level 1:colcon.colcon_core.package_identification:_identify(px4_autonomy_modules) by extension 'colcon_pkg'
[4.381s] Level 1:colcon.colcon_core.package_identification:_identify(px4_autonomy_modules) by extensions ['colcon_meta']
[4.382s] Level 1:colcon.colcon_core.package_identification:_identify(px4_autonomy_modules) by extension 'colcon_meta'
[4.382s] Level 1:colcon.colcon_core.package_identification:_identify(px4_autonomy_modules) by extensions ['ros']
[4.382s] Level 1:colcon.colcon_core.package_identification:_identify(px4_autonomy_modules) by extension 'ros'
[4.394s] DEBUG:colcon.colcon_core.package_identification:Package 'px4_autonomy_modules' with type 'ros.ament_cmake' and name 'px4_autonomy_modules'
[4.396s] Level 1:colcon.colcon_core.package_identification:_identify(realsense2mavros) by extensions ['ignore', 'ignore_ament_install']
[4.396s] Level 1:colcon.colcon_core.package_identification:_identify(realsense2mavros) by extension 'ignore'
[4.397s] Level 1:colcon.colcon_core.package_identification:_identify(realsense2mavros) by extension 'ignore_ament_install'
[4.397s] Level 1:colcon.colcon_core.package_identification:_identify(realsense2mavros) by extensions ['colcon_pkg']
[4.397s] Level 1:colcon.colcon_core.package_identification:_identify(realsense2mavros) by extension 'colcon_pkg'
[4.398s] Level 1:colcon.colcon_core.package_identification:_identify(realsense2mavros) by extensions ['colcon_meta']
[4.398s] Level 1:colcon.colcon_core.package_identification:_identify(realsense2mavros) by extension 'colcon_meta'
[4.398s] Level 1:colcon.colcon_core.package_identification:_identify(realsense2mavros) by extensions ['ros']
[4.398s] Level 1:colcon.colcon_core.package_identification:_identify(realsense2mavros) by extension 'ros'
[4.410s] DEBUG:colcon.colcon_core.package_identification:Package 'realsense2mavros' with type 'ros.ament_python' and name 'realsense2mavros'
[4.411s] Level 1:colcon.colcon_core.package_identification:_identify(task2) by extensions ['ignore', 'ignore_ament_install']
[4.412s] Level 1:colcon.colcon_core.package_identification:_identify(task2) by extension 'ignore'
[4.412s] Level 1:colcon.colcon_core.package_identification:_identify(task2) by extension 'ignore_ament_install'
[4.412s] Level 1:colcon.colcon_core.package_identification:_identify(task2) by extensions ['colcon_pkg']
[4.412s] Level 1:colcon.colcon_core.package_identification:_identify(task2) by extension 'colcon_pkg'
[4.413s] Level 1:colcon.colcon_core.package_identification:_identify(task2) by extensions ['colcon_meta']
[4.413s] Level 1:colcon.colcon_core.package_identification:_identify(task2) by extension 'colcon_meta'
[4.413s] Level 1:colcon.colcon_core.package_identification:_identify(task2) by extensions ['ros']
[4.413s] Level 1:colcon.colcon_core.package_identification:_identify(task2) by extension 'ros'
[4.414s] Level 1:colcon.colcon_core.package_identification:_identify(task2) by extensions ['cmake', 'python']
[4.414s] Level 1:colcon.colcon_core.package_identification:_identify(task2) by extension 'cmake'
[4.414s] Level 1:colcon.colcon_core.package_identification:_identify(task2) by extension 'python'
[4.414s] Level 1:colcon.colcon_core.package_identification:_identify(task2) by extensions ['python_setup_py']
[4.414s] Level 1:colcon.colcon_core.package_identification:_identify(task2) by extension 'python_setup_py'
[4.416s] Level 1:colcon.colcon_core.package_identification:_identify(unit_tester) by extensions ['ignore', 'ignore_ament_install']
[4.417s] Level 1:colcon.colcon_core.package_identification:_identify(unit_tester) by extension 'ignore'
[4.417s] Level 1:colcon.colcon_core.package_identification:_identify(unit_tester) by extension 'ignore_ament_install'
[4.417s] Level 1:colcon.colcon_core.package_identification:_identify(unit_tester) by extensions ['colcon_pkg']
[4.418s] Level 1:colcon.colcon_core.package_identification:_identify(unit_tester) by extension 'colcon_pkg'
[4.418s] Level 1:colcon.colcon_core.package_identification:_identify(unit_tester) by extensions ['colcon_meta']
[4.418s] Level 1:colcon.colcon_core.package_identification:_identify(unit_tester) by extension 'colcon_meta'
[4.418s] Level 1:colcon.colcon_core.package_identification:_identify(unit_tester) by extensions ['ros']
[4.418s] Level 1:colcon.colcon_core.package_identification:_identify(unit_tester) by extension 'ros'
[4.422s] DEBUG:colcon.colcon_core.package_identification:Package 'unit_tester' with type 'ros.ament_python' and name 'unit_tester'
[4.423s] Level 1:colcon.colcon_core.package_identification:_identify(vicon_bridge) by extensions ['ignore', 'ignore_ament_install']
[4.423s] Level 1:colcon.colcon_core.package_identification:_identify(vicon_bridge) by extension 'ignore'
[4.424s] Level 1:colcon.colcon_core.package_identification:_identify(vicon_bridge) by extension 'ignore_ament_install'
[4.424s] Level 1:colcon.colcon_core.package_identification:_identify(vicon_bridge) by extensions ['colcon_pkg']
[4.424s] Level 1:colcon.colcon_core.package_identification:_identify(vicon_bridge) by extension 'colcon_pkg'
[4.424s] Level 1:colcon.colcon_core.package_identification:_identify(vicon_bridge) by extensions ['colcon_meta']
[4.425s] Level 1:colcon.colcon_core.package_identification:_identify(vicon_bridge) by extension 'colcon_meta'
[4.425s] Level 1:colcon.colcon_core.package_identification:_identify(vicon_bridge) by extensions ['ros']
[4.425s] Level 1:colcon.colcon_core.package_identification:_identify(vicon_bridge) by extension 'ros'
[4.429s] DEBUG:colcon.colcon_core.package_identification:Package 'vicon_bridge' with type 'ros.ament_python' and name 'vicon_bridge'
[4.431s] Level 1:colcon.colcon_core.package_identification:_identify(vicon_obstacle_republisher) by extensions ['ignore', 'ignore_ament_install']
[4.431s] Level 1:colcon.colcon_core.package_identification:_identify(vicon_obstacle_republisher) by extension 'ignore'
[4.431s] Level 1:colcon.colcon_core.package_identification:_identify(vicon_obstacle_republisher) by extension 'ignore_ament_install'
[4.432s] Level 1:colcon.colcon_core.package_identification:_identify(vicon_obstacle_republisher) by extensions ['colcon_pkg']
[4.432s] Level 1:colcon.colcon_core.package_identification:_identify(vicon_obstacle_republisher) by extension 'colcon_pkg'
[4.432s] Level 1:colcon.colcon_core.package_identification:_identify(vicon_obstacle_republisher) by extensions ['colcon_meta']
[4.432s] Level 1:colcon.colcon_core.package_identification:_identify(vicon_obstacle_republisher) by extension 'colcon_meta'
[4.433s] Level 1:colcon.colcon_core.package_identification:_identify(vicon_obstacle_republisher) by extensions ['ros']
[4.433s] Level 1:colcon.colcon_core.package_identification:_identify(vicon_obstacle_republisher) by extension 'ros'
[4.444s] DEBUG:colcon.colcon_core.package_identification:Package 'vicon_obstacle_republisher' with type 'ros.ament_python' and name 'vicon_obstacle_republisher'
[4.445s] Level 1:colcon.colcon_core.package_identification:_identify(waypoint_nav) by extensions ['ignore', 'ignore_ament_install']
[4.445s] Level 1:colcon.colcon_core.package_identification:_identify(waypoint_nav) by extension 'ignore'
[4.446s] Level 1:colcon.colcon_core.package_identification:_identify(waypoint_nav) by extension 'ignore_ament_install'
[4.446s] Level 1:colcon.colcon_core.package_identification:_identify(waypoint_nav) by extensions ['colcon_pkg']
[4.446s] Level 1:colcon.colcon_core.package_identification:_identify(waypoint_nav) by extension 'colcon_pkg'
[4.446s] Level 1:colcon.colcon_core.package_identification:_identify(waypoint_nav) by extensions ['colcon_meta']
[4.447s] Level 1:colcon.colcon_core.package_identification:_identify(waypoint_nav) by extension 'colcon_meta'
[4.447s] Level 1:colcon.colcon_core.package_identification:_identify(waypoint_nav) by extensions ['ros']
[4.447s] Level 1:colcon.colcon_core.package_identification:_identify(waypoint_nav) by extension 'ros'
[4.460s] DEBUG:colcon.colcon_core.package_identification:Package 'waypoint_nav' with type 'ros.ament_python' and name 'waypoint_nav'
[4.461s] Level 1:colcon.colcon_core.package_discovery:discover_packages(recursive) using defaults
[4.461s] Level 1:colcon.colcon_core.package_discovery:discover_packages(ignore) discover
[4.461s] Level 1:colcon.colcon_core.package_discovery:discover_packages(ignore) using defaults
[4.461s] Level 1:colcon.colcon_core.package_discovery:discover_packages(path) discover
[4.461s] Level 1:colcon.colcon_core.package_discovery:discover_packages(path) using defaults
[4.657s] INFO:colcon.colcon_core.package_selection:Skipping not selected package 'comm_node' in 'comm_node'
[4.657s] INFO:colcon.colcon_core.package_selection:Skipping not selected package 'dummy_vicon_republisher' in 'dummy_vicon_republisher'
[4.657s] INFO:colcon.colcon_core.package_selection:Skipping not selected package 'dummy_waypoint_publisher' in 'dummy_waypoint_publisher'
[4.658s] INFO:colcon.colcon_core.package_selection:Skipping not selected package 'exer2_control' in 'exer2_control'
[4.658s] INFO:colcon.colcon_core.package_selection:Skipping not selected package 'exer3_control' in 'exer3_control'
[4.658s] INFO:colcon.colcon_core.package_selection:Skipping not selected package 'image_processor' in 'image_processor'
[4.658s] INFO:colcon.colcon_core.package_selection:Skipping not selected package 'image_saver' in 'image_saver'
[4.658s] INFO:colcon.colcon_core.package_selection:Skipping not selected package 'px4_autonomy_modules' in 'px4_autonomy_modules'
[4.658s] INFO:colcon.colcon_core.package_selection:Skipping not selected package 'realsense2mavros' in 'realsense2mavros'
[4.658s] INFO:colcon.colcon_core.package_selection:Skipping not selected package 'unit_tester' in 'unit_tester'
[4.658s] INFO:colcon.colcon_core.package_selection:Skipping not selected package 'vicon_bridge' in 'vicon_bridge'
[4.659s] INFO:colcon.colcon_core.package_selection:Skipping not selected package 'vicon_obstacle_republisher' in 'vicon_obstacle_republisher'
[4.659s] INFO:colcon.colcon_core.package_selection:Skipping not selected package 'waypoint_nav' in 'waypoint_nav'
[4.661s] Level 1:colcon.colcon_core.package_discovery:discover_packages(prefix_path) check parameters
[4.662s] Level 1:colcon.colcon_core.package_discovery:discover_packages(prefix_path) discover
[4.756s] DEBUG:colcon.colcon_installed_package_information.package_discovery:Found 16 installed packages in /home/jetson/ros2_ws/src/install
[4.801s] DEBUG:colcon.colcon_installed_package_information.package_discovery:Found 16 installed packages in /home/jetson/ros2_ws/install
[4.818s] DEBUG:colcon.colcon_installed_package_information.package_discovery:Found 271 installed packages in /opt/ros/foxy
[4.827s] Level 1:colcon.colcon_core.package_discovery:discover_packages(prefix_path) using defaults
[5.528s] Level 5:colcon.colcon_core.verb:set package 'api_waypoint' build argument 'cmake_args' from command line to 'None'
[5.528s] Level 5:colcon.colcon_core.verb:set package 'api_waypoint' build argument 'cmake_target' from command line to 'None'
[5.528s] Level 5:colcon.colcon_core.verb:set package 'api_waypoint' build argument 'cmake_target_skip_unavailable' from command line to 'False'
[5.528s] Level 5:colcon.colcon_core.verb:set package 'api_waypoint' build argument 'cmake_clean_cache' from command line to 'False'
[5.528s] Level 5:colcon.colcon_core.verb:set package 'api_waypoint' build argument 'cmake_clean_first' from command line to 'False'
[5.529s] Level 5:colcon.colcon_core.verb:set package 'api_waypoint' build argument 'cmake_force_configure' from command line to 'False'
[5.529s] Level 5:colcon.colcon_core.verb:set package 'api_waypoint' build argument 'ament_cmake_args' from command line to 'None'
[5.529s] Level 5:colcon.colcon_core.verb:set package 'api_waypoint' build argument 'catkin_cmake_args' from command line to 'None'
[5.529s] Level 5:colcon.colcon_core.verb:set package 'api_waypoint' build argument 'catkin_skip_building_tests' from command line to 'False'
[5.529s] DEBUG:colcon.colcon_core.verb:Building package 'api_waypoint' with the following arguments: {'ament_cmake_args': None, 'build_base': '/home/jetson/ros2_ws/src/build/api_waypoint', 'catkin_cmake_args': None, 'catkin_skip_building_tests': False, 'cmake_args': None, 'cmake_clean_cache': False, 'cmake_clean_first': False, 'cmake_force_configure': False, 'cmake_target': None, 'cmake_target_skip_unavailable': False, 'install_base': '/home/jetson/ros2_ws/src/install/api_waypoint', 'merge_install': False, 'path': '/home/jetson/ros2_ws/src/api_waypoint', 'symlink_install': False, 'test_result_base': None}
[5.531s] Level 5:colcon.colcon_core.verb:set package 'crack_comm' build argument 'cmake_args' from command line to 'None'
[5.531s] Level 5:colcon.colcon_core.verb:set package 'crack_comm' build argument 'cmake_target' from command line to 'None'
[5.532s] Level 5:colcon.colcon_core.verb:set package 'crack_comm' build argument 'cmake_target_skip_unavailable' from command line to 'False'
[5.532s] Level 5:colcon.colcon_core.verb:set package 'crack_comm' build argument 'cmake_clean_cache' from command line to 'False'
[5.532s] Level 5:colcon.colcon_core.verb:set package 'crack_comm' build argument 'cmake_clean_first' from command line to 'False'
[5.532s] Level 5:colcon.colcon_core.verb:set package 'crack_comm' build argument 'cmake_force_configure' from command line to 'False'
[5.532s] Level 5:colcon.colcon_core.verb:set package 'crack_comm' build argument 'ament_cmake_args' from command line to 'None'
[5.532s] Level 5:colcon.colcon_core.verb:set package 'crack_comm' build argument 'catkin_cmake_args' from command line to 'None'
[5.532s] Level 5:colcon.colcon_core.verb:set package 'crack_comm' build argument 'catkin_skip_building_tests' from command line to 'False'
[5.533s] DEBUG:colcon.colcon_core.verb:Building package 'crack_comm' with the following arguments: {'ament_cmake_args': None, 'build_base': '/home/jetson/ros2_ws/src/build/crack_comm', 'catkin_cmake_args': None, 'catkin_skip_building_tests': False, 'cmake_args': None, 'cmake_clean_cache': False, 'cmake_clean_first': False, 'cmake_force_configure': False, 'cmake_target': None, 'cmake_target_skip_unavailable': False, 'install_base': '/home/jetson/ros2_ws/src/install/crack_comm', 'merge_install': False, 'path': '/home/jetson/ros2_ws/src/crack_comm', 'symlink_install': False, 'test_result_base': None}
[5.534s] Level 5:colcon.colcon_core.verb:set package 'crack_controller' build argument 'cmake_args' from command line to 'None'
[5.535s] Level 5:colcon.colcon_core.verb:set package 'crack_controller' build argument 'cmake_target' from command line to 'None'
[5.535s] Level 5:colcon.colcon_core.verb:set package 'crack_controller' build argument 'cmake_target_skip_unavailable' from command line to 'False'
[5.535s] Level 5:colcon.colcon_core.verb:set package 'crack_controller' build argument 'cmake_clean_cache' from command line to 'False'
[5.535s] Level 5:colcon.colcon_core.verb:set package 'crack_controller' build argument 'cmake_clean_first' from command line to 'False'
[5.535s] Level 5:colcon.colcon_core.verb:set package 'crack_controller' build argument 'cmake_force_configure' from command line to 'False'
[5.535s] Level 5:colcon.colcon_core.verb:set package 'crack_controller' build argument 'ament_cmake_args' from command line to 'None'
[5.535s] Level 5:colcon.colcon_core.verb:set package 'crack_controller' build argument 'catkin_cmake_args' from command line to 'None'
[5.536s] Level 5:colcon.colcon_core.verb:set package 'crack_controller' build argument 'catkin_skip_building_tests' from command line to 'False'
[5.536s] DEBUG:colcon.colcon_core.verb:Building package 'crack_controller' with the following arguments: {'ament_cmake_args': None, 'build_base': '/home/jetson/ros2_ws/src/build/crack_controller', 'catkin_cmake_args': None, 'catkin_skip_building_tests': False, 'cmake_args': None, 'cmake_clean_cache': False, 'cmake_clean_first': False, 'cmake_force_configure': False, 'cmake_target': None, 'cmake_target_skip_unavailable': False, 'install_base': '/home/jetson/ros2_ws/src/install/crack_controller', 'merge_install': False, 'path': '/home/jetson/ros2_ws/src/crack_controller', 'symlink_install': False, 'test_result_base': None}
[5.537s] INFO:colcon.colcon_core.executor:Executing jobs using 'parallel' executor
[5.541s] DEBUG:colcon.colcon_parallel_executor.executor.parallel:run_until_complete
[5.542s] INFO:colcon.colcon_ros.task.ament_python.build:Building ROS package in '/home/jetson/ros2_ws/src/api_waypoint' with build type 'ament_python'
[5.543s] Level 1:colcon.colcon_core.shell:create_environment_hook('api_waypoint', 'ament_prefix_path')
[5.573s] INFO:colcon.colcon_core.plugin_system:Skipping extension 'colcon_core.shell.bat': Not used on non-Windows systems
[5.574s] INFO:colcon.colcon_core.shell:Creating environment hook '/home/jetson/ros2_ws/src/install/api_waypoint/share/api_waypoint/hook/ament_prefix_path.ps1'
[5.581s] INFO:colcon.colcon_core.shell:Creating environment descriptor '/home/jetson/ros2_ws/src/install/api_waypoint/share/api_waypoint/hook/ament_prefix_path.dsv'
[5.585s] INFO:colcon.colcon_core.shell:Creating environment hook '/home/jetson/ros2_ws/src/install/api_waypoint/share/api_waypoint/hook/ament_prefix_path.sh'
[5.590s] INFO:colcon.colcon_core.shell:Skip shell extension 'powershell' for command environment: Not usable outside of PowerShell
[5.590s] DEBUG:colcon.colcon_core.shell:Skip shell extension 'dsv' for command environment
[5.628s] INFO:colcon.colcon_ros.task.ament_python.build:Building ROS package in '/home/jetson/ros2_ws/src/crack_comm' with build type 'ament_python'
[5.630s] Level 1:colcon.colcon_core.shell:create_environment_hook('crack_comm', 'ament_prefix_path')
[5.632s] INFO:colcon.colcon_core.shell:Creating environment hook '/home/jetson/ros2_ws/src/install/crack_comm/share/crack_comm/hook/ament_prefix_path.ps1'
[5.636s] INFO:colcon.colcon_core.shell:Creating environment descriptor '/home/jetson/ros2_ws/src/install/crack_comm/share/crack_comm/hook/ament_prefix_path.dsv'
[5.639s] INFO:colcon.colcon_core.shell:Creating environment hook '/home/jetson/ros2_ws/src/install/crack_comm/share/crack_comm/hook/ament_prefix_path.sh'
[5.643s] INFO:colcon.colcon_core.shell:Skip shell extension 'powershell' for command environment: Not usable outside of PowerShell
[5.643s] DEBUG:colcon.colcon_core.shell:Skip shell extension 'dsv' for command environment
[5.681s] INFO:colcon.colcon_ros.task.ament_python.build:Building ROS package in '/home/jetson/ros2_ws/src/crack_controller' with build type 'ament_python'
[5.682s] Level 1:colcon.colcon_core.shell:create_environment_hook('crack_controller', 'ament_prefix_path')
[5.684s] INFO:colcon.colcon_core.shell:Creating environment hook '/home/jetson/ros2_ws/src/install/crack_controller/share/crack_controller/hook/ament_prefix_path.ps1'
[5.690s] INFO:colcon.colcon_core.shell:Creating environment descriptor '/home/jetson/ros2_ws/src/install/crack_controller/share/crack_controller/hook/ament_prefix_path.dsv'
[5.693s] INFO:colcon.colcon_core.shell:Creating environment hook '/home/jetson/ros2_ws/src/install/crack_controller/share/crack_controller/hook/ament_prefix_path.sh'
[5.700s] INFO:colcon.colcon_core.shell:Skip shell extension 'powershell' for command environment: Not usable outside of PowerShell
[5.700s] DEBUG:colcon.colcon_core.shell:Skip shell extension 'dsv' for command environment
[7.437s] INFO:colcon.colcon_core.task.python.build:Building Python package in '/home/jetson/ros2_ws/src/api_waypoint'
[7.438s] INFO:colcon.colcon_core.shell:Skip shell extension 'powershell' for command environment: Not usable outside of PowerShell
[7.439s] DEBUG:colcon.colcon_core.shell:Skip shell extension 'dsv' for command environment
[9.109s] INFO:colcon.colcon_core.task.python.build:Building Python package in '/home/jetson/ros2_ws/src/crack_comm'
[9.111s] INFO:colcon.colcon_core.shell:Skip shell extension 'powershell' for command environment: Not usable outside of PowerShell
[9.111s] DEBUG:colcon.colcon_core.shell:Skip shell extension 'dsv' for command environment
[10.880s] INFO:colcon.colcon_core.task.python.build:Building Python package in '/home/jetson/ros2_ws/src/crack_controller'
[10.881s] INFO:colcon.colcon_core.shell:Skip shell extension 'powershell' for command environment: Not usable outside of PowerShell
[10.882s] DEBUG:colcon.colcon_core.shell:Skip shell extension 'dsv' for command environment
[14.234s] DEBUG:colcon.colcon_core.event_handler.log_command:Invoking command in '/home/jetson/ros2_ws/src/crack_controller': PYTHONPATH=/home/jetson/ros2_ws/src/build/crack_controller/prefix_override:/usr/lib/python3/dist-packages/colcon_core/task/python/colcon_distutils_commands:/home/jetson/ros2_ws/src/install/crack_controller/lib/python3.8/site-packages:${PYTHONPATH} /usr/bin/python3 -W ignore:setup.py install is deprecated -W ignore:easy_install command is deprecated setup.py egg_info --egg-base ../build/crack_controller build --build-base /home/jetson/ros2_ws/src/build/crack_controller/build install --record /home/jetson/ros2_ws/src/build/crack_controller/install.log --install-scripts $base/lib/crack_controller --single-version-externally-managed install_data
[14.279s] DEBUG:colcon.colcon_core.event_handler.log_command:Invoking command in '/home/jetson/ros2_ws/src/api_waypoint': PYTHONPATH=/home/jetson/ros2_ws/src/build/api_waypoint/prefix_override:/usr/lib/python3/dist-packages/colcon_core/task/python/colcon_distutils_commands:/home/jetson/ros2_ws/src/install/api_waypoint/lib/python3.8/site-packages:${PYTHONPATH} /usr/bin/python3 -W ignore:setup.py install is deprecated -W ignore:easy_install command is deprecated setup.py egg_info --egg-base ../build/api_waypoint build --build-base /home/jetson/ros2_ws/src/build/api_waypoint/build install --record /home/jetson/ros2_ws/src/build/api_waypoint/install.log --install-scripts $base/lib/api_waypoint --single-version-externally-managed install_data
[14.287s] DEBUG:colcon.colcon_core.event_handler.log_command:Invoking command in '/home/jetson/ros2_ws/src/crack_comm': PYTHONPATH=/home/jetson/ros2_ws/src/build/crack_comm/prefix_override:/usr/lib/python3/dist-packages/colcon_core/task/python/colcon_distutils_commands:/home/jetson/ros2_ws/src/install/crack_comm/lib/python3.8/site-packages:${PYTHONPATH} /usr/bin/python3 -W ignore:setup.py install is deprecated -W ignore:easy_install command is deprecated setup.py egg_info --egg-base ../build/crack_comm build --build-base /home/jetson/ros2_ws/src/build/crack_comm/build install --record /home/jetson/ros2_ws/src/build/crack_comm/install.log --install-scripts $base/lib/crack_comm --single-version-externally-managed install_data
[16.501s] DEBUG:colcon.colcon_core.event_handler.log_command:Invoked command in '/home/jetson/ros2_ws/src/api_waypoint' returned '0': PYTHONPATH=/home/jetson/ros2_ws/src/build/api_waypoint/prefix_override:/usr/lib/python3/dist-packages/colcon_core/task/python/colcon_distutils_commands:/home/jetson/ros2_ws/src/install/api_waypoint/lib/python3.8/site-packages:${PYTHONPATH} /usr/bin/python3 -W ignore:setup.py install is deprecated -W ignore:easy_install command is deprecated setup.py egg_info --egg-base ../build/api_waypoint build --build-base /home/jetson/ros2_ws/src/build/api_waypoint/build install --record /home/jetson/ros2_ws/src/build/api_waypoint/install.log --install-scripts $base/lib/api_waypoint --single-version-externally-managed install_data
[16.560s] Level 1:colcon.colcon_core.environment:checking '/home/jetson/ros2_ws/src/install/api_waypoint' for CMake module files
[16.563s] Level 1:colcon.colcon_core.environment:checking '/home/jetson/ros2_ws/src/install/api_waypoint' for CMake config files
[16.567s] Level 1:colcon.colcon_core.environment:checking '/home/jetson/ros2_ws/src/install/api_waypoint/lib'
[16.575s] Level 1:colcon.colcon_core.environment:checking '/home/jetson/ros2_ws/src/install/api_waypoint/bin'
[16.584s] Level 1:colcon.colcon_core.environment:checking '/home/jetson/ros2_ws/src/install/api_waypoint/lib/pkgconfig/api_waypoint.pc'
[16.586s] Level 1:colcon.colcon_core.environment:checking '/home/jetson/ros2_ws/src/install/api_waypoint/lib/python3.8/site-packages'
[16.586s] Level 1:colcon.colcon_core.shell:create_environment_hook('api_waypoint', 'pythonpath')
[16.589s] INFO:colcon.colcon_core.shell:Creating environment hook '/home/jetson/ros2_ws/src/install/api_waypoint/share/api_waypoint/hook/pythonpath.ps1'
[16.594s] INFO:colcon.colcon_core.shell:Creating environment descriptor '/home/jetson/ros2_ws/src/install/api_waypoint/share/api_waypoint/hook/pythonpath.dsv'
[16.598s] INFO:colcon.colcon_core.shell:Creating environment hook '/home/jetson/ros2_ws/src/install/api_waypoint/share/api_waypoint/hook/pythonpath.sh'
[16.603s] Level 1:colcon.colcon_core.environment:checking '/home/jetson/ros2_ws/src/install/api_waypoint/bin'
[16.604s] Level 1:colcon.colcon_core.environment:create_environment_scripts_only(api_waypoint)
[16.607s] INFO:colcon.colcon_core.shell:Creating package script '/home/jetson/ros2_ws/src/install/api_waypoint/share/api_waypoint/package.ps1'
[16.620s] INFO:colcon.colcon_core.shell:Creating package descriptor '/home/jetson/ros2_ws/src/install/api_waypoint/share/api_waypoint/package.dsv'
[16.628s] INFO:colcon.colcon_core.shell:Creating package script '/home/jetson/ros2_ws/src/install/api_waypoint/share/api_waypoint/package.sh'
[16.638s] INFO:colcon.colcon_core.shell:Creating package script '/home/jetson/ros2_ws/src/install/api_waypoint/share/api_waypoint/package.bash'
[16.646s] INFO:colcon.colcon_core.shell:Creating package script '/home/jetson/ros2_ws/src/install/api_waypoint/share/api_waypoint/package.zsh'
[16.653s] Level 1:colcon.colcon_core.environment:create_file_with_runtime_dependencies(/home/jetson/ros2_ws/src/install/api_waypoint/share/colcon-core/packages/api_waypoint)
[16.724s] Level 1:colcon.colcon_core.environment:checking '/home/jetson/ros2_ws/src/install/crack_controller' for CMake module files
[16.728s] Level 1:colcon.colcon_core.environment:checking '/home/jetson/ros2_ws/src/install/crack_controller' for CMake config files
[16.731s] DEBUG:colcon.colcon_core.event_handler.log_command:Invoked command in '/home/jetson/ros2_ws/src/crack_controller' returned '0': PYTHONPATH=/home/jetson/ros2_ws/src/build/crack_controller/prefix_override:/usr/lib/python3/dist-packages/colcon_core/task/python/colcon_distutils_commands:/home/jetson/ros2_ws/src/install/crack_controller/lib/python3.8/site-packages:${PYTHONPATH} /usr/bin/python3 -W ignore:setup.py install is deprecated -W ignore:easy_install command is deprecated setup.py egg_info --egg-base ../build/crack_controller build --build-base /home/jetson/ros2_ws/src/build/crack_controller/build install --record /home/jetson/ros2_ws/src/build/crack_controller/install.log --install-scripts $base/lib/crack_controller --single-version-externally-managed install_data
[16.733s] Level 1:colcon.colcon_core.environment:checking '/home/jetson/ros2_ws/src/install/crack_controller/lib'
[16.734s] Level 1:colcon.colcon_core.environment:checking '/home/jetson/ros2_ws/src/install/crack_controller/bin'
[16.735s] Level 1:colcon.colcon_core.environment:checking '/home/jetson/ros2_ws/src/install/crack_controller/lib/pkgconfig/crack_controller.pc'
[16.736s] Level 1:colcon.colcon_core.environment:checking '/home/jetson/ros2_ws/src/install/crack_controller/lib/python3.8/site-packages'
[16.736s] Level 1:colcon.colcon_core.shell:create_environment_hook('crack_controller', 'pythonpath')
[16.738s] INFO:colcon.colcon_core.shell:Creating environment hook '/home/jetson/ros2_ws/src/install/crack_controller/share/crack_controller/hook/pythonpath.ps1'
[16.747s] INFO:colcon.colcon_core.shell:Creating environment descriptor '/home/jetson/ros2_ws/src/install/crack_controller/share/crack_controller/hook/pythonpath.dsv'
[16.750s] INFO:colcon.colcon_core.shell:Creating environment hook '/home/jetson/ros2_ws/src/install/crack_controller/share/crack_controller/hook/pythonpath.sh'
[16.754s] Level 1:colcon.colcon_core.environment:checking '/home/jetson/ros2_ws/src/install/crack_controller/bin'
[16.755s] Level 1:colcon.colcon_core.environment:create_environment_scripts_only(crack_controller)
[16.758s] INFO:colcon.colcon_core.shell:Creating package script '/home/jetson/ros2_ws/src/install/crack_controller/share/crack_controller/package.ps1'
[16.762s] INFO:colcon.colcon_core.shell:Creating package descriptor '/home/jetson/ros2_ws/src/install/crack_controller/share/crack_controller/package.dsv'
[16.765s] INFO:colcon.colcon_core.shell:Creating package script '/home/jetson/ros2_ws/src/install/crack_controller/share/crack_controller/package.sh'
[16.768s] INFO:colcon.colcon_core.shell:Creating package script '/home/jetson/ros2_ws/src/install/crack_controller/share/crack_controller/package.bash'
[16.770s] INFO:colcon.colcon_core.shell:Creating package script '/home/jetson/ros2_ws/src/install/crack_controller/share/crack_controller/package.zsh'
[16.773s] Level 1:colcon.colcon_core.environment:create_file_with_runtime_dependencies(/home/jetson/ros2_ws/src/install/crack_controller/share/colcon-core/packages/crack_controller)
[16.839s] Level 1:colcon.colcon_core.environment:checking '/home/jetson/ros2_ws/src/install/crack_comm' for CMake module files
[16.842s] DEBUG:colcon.colcon_core.event_handler.log_command:Invoked command in '/home/jetson/ros2_ws/src/crack_comm' returned '0': PYTHONPATH=/home/jetson/ros2_ws/src/build/crack_comm/prefix_override:/usr/lib/python3/dist-packages/colcon_core/task/python/colcon_distutils_commands:/home/jetson/ros2_ws/src/install/crack_comm/lib/python3.8/site-packages:${PYTHONPATH} /usr/bin/python3 -W ignore:setup.py install is deprecated -W ignore:easy_install command is deprecated setup.py egg_info --egg-base ../build/crack_comm build --build-base /home/jetson/ros2_ws/src/build/crack_comm/build install --record /home/jetson/ros2_ws/src/build/crack_comm/install.log --install-scripts $base/lib/crack_comm --single-version-externally-managed install_data
[16.843s] Level 1:colcon.colcon_core.environment:checking '/home/jetson/ros2_ws/src/install/crack_comm' for CMake config files
[16.845s] Level 1:colcon.colcon_core.environment:checking '/home/jetson/ros2_ws/src/install/crack_comm/lib'
[16.846s] Level 1:colcon.colcon_core.environment:checking '/home/jetson/ros2_ws/src/install/crack_comm/bin'
[16.846s] Level 1:colcon.colcon_core.environment:checking '/home/jetson/ros2_ws/src/install/crack_comm/lib/pkgconfig/crack_comm.pc'
[16.847s] Level 1:colcon.colcon_core.environment:checking '/home/jetson/ros2_ws/src/install/crack_comm/lib/python3.8/site-packages'
[16.847s] Level 1:colcon.colcon_core.shell:create_environment_hook('crack_comm', 'pythonpath')
[16.849s] INFO:colcon.colcon_core.shell:Creating environment hook '/home/jetson/ros2_ws/src/install/crack_comm/share/crack_comm/hook/pythonpath.ps1'
[16.852s] INFO:colcon.colcon_core.shell:Creating environment descriptor '/home/jetson/ros2_ws/src/install/crack_comm/share/crack_comm/hook/pythonpath.dsv'
[16.855s] INFO:colcon.colcon_core.shell:Creating environment hook '/home/jetson/ros2_ws/src/install/crack_comm/share/crack_comm/hook/pythonpath.sh'
[16.859s] Level 1:colcon.colcon_core.environment:checking '/home/jetson/ros2_ws/src/install/crack_comm/bin'
[16.860s] Level 1:colcon.colcon_core.environment:create_environment_scripts_only(crack_comm)
[16.862s] INFO:colcon.colcon_core.shell:Creating package script '/home/jetson/ros2_ws/src/install/crack_comm/share/crack_comm/package.ps1'
[16.865s] INFO:colcon.colcon_core.shell:Creating package descriptor '/home/jetson/ros2_ws/src/install/crack_comm/share/crack_comm/package.dsv'
[16.867s] INFO:colcon.colcon_core.shell:Creating package script '/home/jetson/ros2_ws/src/install/crack_comm/share/crack_comm/package.sh'
[16.869s] INFO:colcon.colcon_core.shell:Creating package script '/home/jetson/ros2_ws/src/install/crack_comm/share/crack_comm/package.bash'
[16.871s] INFO:colcon.colcon_core.shell:Creating package script '/home/jetson/ros2_ws/src/install/crack_comm/share/crack_comm/package.zsh'
[16.873s] Level 1:colcon.colcon_core.environment:create_file_with_runtime_dependencies(/home/jetson/ros2_ws/src/install/crack_comm/share/colcon-core/packages/crack_comm)
[16.875s] DEBUG:colcon.colcon_parallel_executor.executor.parallel:closing loop
[16.876s] DEBUG:colcon.colcon_parallel_executor.executor.parallel:loop closed
[16.877s] DEBUG:colcon.colcon_parallel_executor.executor.parallel:run_until_complete finished with '0'
[16.878s] DEBUG:colcon.colcon_core.event_reactor:joining thread
[16.921s] INFO:colcon.colcon_core.plugin_system:Skipping extension 'colcon_notification.desktop_notification.terminal_notifier': Not used on non-Darwin systems
[16.922s] INFO:colcon.colcon_core.plugin_system:Skipping extension 'colcon_notification.desktop_notification.win32': Not used on non-Windows systems
[16.923s] INFO:colcon.colcon_notification.desktop_notification:Sending desktop notification using 'notify2'
[16.990s] DEBUG:colcon.colcon_core.event_reactor:joined thread
[16.991s] INFO:colcon.colcon_core.shell:Creating prefix script '/home/jetson/ros2_ws/src/install/local_setup.ps1'
[16.998s] INFO:colcon.colcon_core.shell:Creating prefix util module '/home/jetson/ros2_ws/src/install/_local_setup_util_ps1.py'
[17.007s] INFO:colcon.colcon_core.shell:Creating prefix chain script '/home/jetson/ros2_ws/src/install/setup.ps1'
[17.019s] INFO:colcon.colcon_core.shell:Creating prefix script '/home/jetson/ros2_ws/src/install/local_setup.sh'
[17.025s] INFO:colcon.colcon_core.shell:Creating prefix util module '/home/jetson/ros2_ws/src/install/_local_setup_util_sh.py'
[17.028s] INFO:colcon.colcon_core.shell:Creating prefix chain script '/home/jetson/ros2_ws/src/install/setup.sh'
[17.040s] INFO:colcon.colcon_core.shell:Creating prefix script '/home/jetson/ros2_ws/src/install/local_setup.bash'
[17.044s] INFO:colcon.colcon_core.shell:Creating prefix chain script '/home/jetson/ros2_ws/src/install/setup.bash'
[17.057s] INFO:colcon.colcon_core.shell:Creating prefix script '/home/jetson/ros2_ws/src/install/local_setup.zsh'
[17.062s] INFO:colcon.colcon_core.shell:Creating prefix chain script '/home/jetson/ros2_ws/src/install/setup.zsh'
