/usr/local/lib/python3.8/dist-packages/setuptools/dist.py:717: UserWarning: Usage of dash-separated 'script-dir' will not be supported in future versions. Please use the underscore name 'script_dir' instead
  warnings.warn(
running egg_info
creating ../build/realsense2mavros/realsense2mavros.egg-info
writing ../build/realsense2mavros/realsense2mavros.egg-info/PKG-INFO
writing dependency_links to ../build/realsense2mavros/realsense2mavros.egg-info/dependency_links.txt
writing entry points to ../build/realsense2mavros/realsense2mavros.egg-info/entry_points.txt
writing requirements to ../build/realsense2mavros/realsense2mavros.egg-info/requires.txt
writing top-level names to ../build/realsense2mavros/realsense2mavros.egg-info/top_level.txt
writing manifest file '../build/realsense2mavros/realsense2mavros.egg-info/SOURCES.txt'
reading manifest file '../build/realsense2mavros/realsense2mavros.egg-info/SOURCES.txt'
writing manifest file '../build/realsense2mavros/realsense2mavros.egg-info/SOURCES.txt'
running build
running build_py
creating /home/jetson/ros2_ws/src/build/realsense2mavros/build
creating /home/jetson/ros2_ws/src/build/realsense2mavros/build/lib
creating /home/jetson/ros2_ws/src/build/realsense2mavros/build/lib/realsense2mavros
copying realsense2mavros/realsense2mavros.py -> /home/jetson/ros2_ws/src/build/realsense2mavros/build/lib/realsense2mavros
copying realsense2mavros/__init__.py -> /home/jetson/ros2_ws/src/build/realsense2mavros/build/lib/realsense2mavros
running install
running install_lib
creating /home/jetson/ros2_ws/src/install/realsense2mavros/lib/python3.8/site-packages/realsense2mavros
copying /home/jetson/ros2_ws/src/build/realsense2mavros/build/lib/realsense2mavros/realsense2mavros.py -> /home/jetson/ros2_ws/src/install/realsense2mavros/lib/python3.8/site-packages/realsense2mavros
copying /home/jetson/ros2_ws/src/build/realsense2mavros/build/lib/realsense2mavros/__init__.py -> /home/jetson/ros2_ws/src/install/realsense2mavros/lib/python3.8/site-packages/realsense2mavros
byte-compiling /home/jetson/ros2_ws/src/install/realsense2mavros/lib/python3.8/site-packages/realsense2mavros/realsense2mavros.py to realsense2mavros.cpython-38.pyc
byte-compiling /home/jetson/ros2_ws/src/install/realsense2mavros/lib/python3.8/site-packages/realsense2mavros/__init__.py to __init__.cpython-38.pyc
running install_data
creating /home/jetson/ros2_ws/src/install/realsense2mavros/share/ament_index
creating /home/jetson/ros2_ws/src/install/realsense2mavros/share/ament_index/resource_index
creating /home/jetson/ros2_ws/src/install/realsense2mavros/share/ament_index/resource_index/packages
copying resource/realsense2mavros -> /home/jetson/ros2_ws/src/install/realsense2mavros/share/ament_index/resource_index/packages
copying package.xml -> /home/jetson/ros2_ws/src/install/realsense2mavros/share/realsense2mavros
running install_egg_info
Copying ../build/realsense2mavros/realsense2mavros.egg-info to /home/jetson/ros2_ws/src/install/realsense2mavros/lib/python3.8/site-packages/realsense2mavros-0.0.0-py3.8.egg-info
running install_scripts
Installing realsense2mavros script to /home/jetson/ros2_ws/src/install/realsense2mavros/lib/realsense2mavros
writing list of installed files to '/home/jetson/ros2_ws/src/build/realsense2mavros/install.log'
