[11.293s] Invoking command in '/home/jetson/ros2_ws/src/dummy_waypoint_publisher': PYTHONPATH=/home/jetson/ros2_ws/build/dummy_waypoint_publisher/prefix_override:/usr/lib/python3/dist-packages/colcon_core/task/python/colcon_distutils_commands:/home/jetson/ros2_ws/install/dummy_waypoint_publisher/lib/python3.8/site-packages:${PYTHONPATH} /usr/bin/python3 -W ignore:setup.py install is deprecated -W ignore:easy_install command is deprecated setup.py egg_info --egg-base ../../build/dummy_waypoint_publisher build --build-base /home/jetson/ros2_ws/build/dummy_waypoint_publisher/build install --record /home/jetson/ros2_ws/build/dummy_waypoint_publisher/install.log --install-scripts $base/lib/dummy_waypoint_publisher --single-version-externally-managed install_data
[12.836s] /usr/local/lib/python3.8/dist-packages/setuptools/dist.py:717: UserWarning: Usage of dash-separated 'script-dir' will not be supported in future versions. Please use the underscore name 'script_dir' instead
[12.837s]   warnings.warn(
[12.996s] running egg_info
[13.000s] writing ../../build/dummy_waypoint_publisher/dummy_waypoint_publisher.egg-info/PKG-INFO
[13.003s] writing dependency_links to ../../build/dummy_waypoint_publisher/dummy_waypoint_publisher.egg-info/dependency_links.txt
[13.004s] writing entry points to ../../build/dummy_waypoint_publisher/dummy_waypoint_publisher.egg-info/entry_points.txt
[13.007s] writing requirements to ../../build/dummy_waypoint_publisher/dummy_waypoint_publisher.egg-info/requires.txt
[13.008s] writing top-level names to ../../build/dummy_waypoint_publisher/dummy_waypoint_publisher.egg-info/top_level.txt
[13.023s] reading manifest file '../../build/dummy_waypoint_publisher/dummy_waypoint_publisher.egg-info/SOURCES.txt'
[13.031s] writing manifest file '../../build/dummy_waypoint_publisher/dummy_waypoint_publisher.egg-info/SOURCES.txt'
[13.032s] running build
[13.033s] running build_py
[13.035s] running install
[13.039s] running install_lib
[13.054s] running install_data
[13.055s] running install_egg_info
[13.061s] removing '/home/jetson/ros2_ws/install/dummy_waypoint_publisher/lib/python3.8/site-packages/dummy_waypoint_publisher-0.0.0-py3.8.egg-info' (and everything under it)
[13.063s] Copying ../../build/dummy_waypoint_publisher/dummy_waypoint_publisher.egg-info to /home/jetson/ros2_ws/install/dummy_waypoint_publisher/lib/python3.8/site-packages/dummy_waypoint_publisher-0.0.0-py3.8.egg-info
[13.065s] running install_scripts
[13.168s] Installing waypoint_publisher script to /home/jetson/ros2_ws/install/dummy_waypoint_publisher/lib/dummy_waypoint_publisher
[13.168s] writing list of installed files to '/home/jetson/ros2_ws/build/dummy_waypoint_publisher/install.log'
[13.779s] Invoked command in '/home/jetson/ros2_ws/src/dummy_waypoint_publisher' returned '0': PYTHONPATH=/home/jetson/ros2_ws/build/dummy_waypoint_publisher/prefix_override:/usr/lib/python3/dist-packages/colcon_core/task/python/colcon_distutils_commands:/home/jetson/ros2_ws/install/dummy_waypoint_publisher/lib/python3.8/site-packages:${PYTHONPATH} /usr/bin/python3 -W ignore:setup.py install is deprecated -W ignore:easy_install command is deprecated setup.py egg_info --egg-base ../../build/dummy_waypoint_publisher build --build-base /home/jetson/ros2_ws/build/dummy_waypoint_publisher/build install --record /home/jetson/ros2_ws/build/dummy_waypoint_publisher/install.log --install-scripts $base/lib/dummy_waypoint_publisher --single-version-externally-managed install_data
