[6.141s] Invoking command in '/home/jetson/ros2_ws/src/realsense2mavros': PYTHONPATH=/home/jetson/ros2_ws/src/build/realsense2mavros/prefix_override:/usr/lib/python3/dist-packages/colcon_core/task/python/colcon_distutils_commands:/home/jetson/ros2_ws/src/install/realsense2mavros/lib/python3.8/site-packages:${PYTHONPATH} /usr/bin/python3 -W ignore:setup.py install is deprecated -W ignore:easy_install command is deprecated setup.py egg_info --egg-base ../build/realsense2mavros build --build-base /home/jetson/ros2_ws/src/build/realsense2mavros/build install --record /home/jetson/ros2_ws/src/build/realsense2mavros/install.log --install-scripts $base/lib/realsense2mavros --single-version-externally-managed install_data
[7.532s] /usr/local/lib/python3.8/dist-packages/setuptools/dist.py:717: UserWarning: Usage of dash-separated 'script-dir' will not be supported in future versions. Please use the underscore name 'script_dir' instead
[7.535s]   warnings.warn(
[7.690s] running egg_info
[7.695s] writing ../build/realsense2mavros/realsense2mavros.egg-info/PKG-INFO
[7.698s] writing dependency_links to ../build/realsense2mavros/realsense2mavros.egg-info/dependency_links.txt
[7.699s] writing entry points to ../build/realsense2mavros/realsense2mavros.egg-info/entry_points.txt
[7.700s] writing requirements to ../build/realsense2mavros/realsense2mavros.egg-info/requires.txt
[7.702s] writing top-level names to ../build/realsense2mavros/realsense2mavros.egg-info/top_level.txt
[7.716s] reading manifest file '../build/realsense2mavros/realsense2mavros.egg-info/SOURCES.txt'
[7.723s] writing manifest file '../build/realsense2mavros/realsense2mavros.egg-info/SOURCES.txt'
[7.726s] running build
[7.727s] running build_py
[7.728s] copying realsense2mavros/realsense2mavros.py -> /home/jetson/ros2_ws/src/build/realsense2mavros/build/lib/realsense2mavros
[7.735s] running install
[7.740s] running install_lib
[7.746s] copying /home/jetson/ros2_ws/src/build/realsense2mavros/build/lib/realsense2mavros/realsense2mavros.py -> /home/jetson/ros2_ws/src/install/realsense2mavros/lib/python3.8/site-packages/realsense2mavros
[7.752s] byte-compiling /home/jetson/ros2_ws/src/install/realsense2mavros/lib/python3.8/site-packages/realsense2mavros/realsense2mavros.py to realsense2mavros.cpython-38.pyc
[7.759s] running install_data
[7.760s] running install_egg_info
[7.769s] removing '/home/jetson/ros2_ws/src/install/realsense2mavros/lib/python3.8/site-packages/realsense2mavros-0.0.0-py3.8.egg-info' (and everything under it)
[7.778s] Copying ../build/realsense2mavros/realsense2mavros.egg-info to /home/jetson/ros2_ws/src/install/realsense2mavros/lib/python3.8/site-packages/realsense2mavros-0.0.0-py3.8.egg-info
[7.796s] running install_scripts
[7.891s] Installing realsense2mavros script to /home/jetson/ros2_ws/src/install/realsense2mavros/lib/realsense2mavros
[7.895s] writing list of installed files to '/home/jetson/ros2_ws/src/build/realsense2mavros/install.log'
[8.013s] Invoked command in '/home/jetson/ros2_ws/src/realsense2mavros' returned '0': PYTHONPATH=/home/jetson/ros2_ws/src/build/realsense2mavros/prefix_override:/usr/lib/python3/dist-packages/colcon_core/task/python/colcon_distutils_commands:/home/jetson/ros2_ws/src/install/realsense2mavros/lib/python3.8/site-packages:${PYTHONPATH} /usr/bin/python3 -W ignore:setup.py install is deprecated -W ignore:easy_install command is deprecated setup.py egg_info --egg-base ../build/realsense2mavros build --build-base /home/jetson/ros2_ws/src/build/realsense2mavros/build install --record /home/jetson/ros2_ws/src/build/realsense2mavros/install.log --install-scripts $base/lib/realsense2mavros --single-version-externally-managed install_data
