[3.305s] Invoking command in '/home/jetson/ros2_ws/src/build/px4_autonomy_modules': CMAKE_PREFIX_PATH=${CMAKE_PREFIX_PATH}:/home/jetson/ros2_ws/src/install/vicon_bridge:/home/jetson/ros2_ws/src/install/unit_tester:/home/jetson/ros2_ws/src/install/realsense2mavros:/home/jetson/ros2_ws/src/install/exer2_control:/home/jetson/ros2_ws/src/install/comm_node:/home/jetson/ros2_ws/install/vicon_bridge:/home/jetson/ros2_ws/install/unit_tester:/home/jetson/ros2_ws/install/realsense2mavros:/home/jetson/ros2_ws/install/exer2_control:/home/jetson/ros2_ws/install/comm_node:/opt/ros/foxy /usr/bin/cmake --build /home/jetson/ros2_ws/src/build/px4_autonomy_modules -- -j4 -l4
[5.090s] Invoked command in '/home/jetson/ros2_ws/src/build/px4_autonomy_modules' returned '0': CMAKE_PREFIX_PATH=${CMAKE_PREFIX_PATH}:/home/jetson/ros2_ws/src/install/vicon_bridge:/home/jetson/ros2_ws/src/install/unit_tester:/home/jetson/ros2_ws/src/install/realsense2mavros:/home/jetson/ros2_ws/src/install/exer2_control:/home/jetson/ros2_ws/src/install/comm_node:/home/jetson/ros2_ws/install/vicon_bridge:/home/jetson/ros2_ws/install/unit_tester:/home/jetson/ros2_ws/install/realsense2mavros:/home/jetson/ros2_ws/install/exer2_control:/home/jetson/ros2_ws/install/comm_node:/opt/ros/foxy /usr/bin/cmake --build /home/jetson/ros2_ws/src/build/px4_autonomy_modules -- -j4 -l4
[5.145s] Invoking command in '/home/jetson/ros2_ws/src/build/px4_autonomy_modules': CMAKE_PREFIX_PATH=${CMAKE_PREFIX_PATH}:/home/jetson/ros2_ws/src/install/vicon_bridge:/home/jetson/ros2_ws/src/install/unit_tester:/home/jetson/ros2_ws/src/install/realsense2mavros:/home/jetson/ros2_ws/src/install/exer2_control:/home/jetson/ros2_ws/src/install/comm_node:/home/jetson/ros2_ws/install/vicon_bridge:/home/jetson/ros2_ws/install/unit_tester:/home/jetson/ros2_ws/install/realsense2mavros:/home/jetson/ros2_ws/install/exer2_control:/home/jetson/ros2_ws/install/comm_node:/opt/ros/foxy /usr/bin/cmake --install /home/jetson/ros2_ws/src/build/px4_autonomy_modules
[5.189s] -- Install configuration: ""
[5.189s] -- Up-to-date: /home/jetson/ros2_ws/src/install/px4_autonomy_modules/share/px4_autonomy_modules/launch
[5.190s] -- Up-to-date: /home/jetson/ros2_ws/src/install/px4_autonomy_modules/share/px4_autonomy_modules/launch/px4_config.yaml
[5.190s] -- Up-to-date: /home/jetson/ros2_ws/src/install/px4_autonomy_modules/share/px4_autonomy_modules/launch/px4_pluginlists.yaml
[5.191s] -- Up-to-date: /home/jetson/ros2_ws/src/install/px4_autonomy_modules/share/px4_autonomy_modules/launch/mavros.launch.py
[5.191s] -- Up-to-date: /home/jetson/ros2_ws/src/install/px4_autonomy_modules/share/ament_index/resource_index/package_run_dependencies/px4_autonomy_modules
[5.191s] -- Up-to-date: /home/jetson/ros2_ws/src/install/px4_autonomy_modules/share/ament_index/resource_index/parent_prefix_path/px4_autonomy_modules
[5.192s] -- Up-to-date: /home/jetson/ros2_ws/src/install/px4_autonomy_modules/share/px4_autonomy_modules/environment/ament_prefix_path.sh
[5.192s] -- Up-to-date: /home/jetson/ros2_ws/src/install/px4_autonomy_modules/share/px4_autonomy_modules/environment/ament_prefix_path.dsv
[5.193s] -- Up-to-date: /home/jetson/ros2_ws/src/install/px4_autonomy_modules/share/px4_autonomy_modules/environment/path.sh
[5.193s] -- Up-to-date: /home/jetson/ros2_ws/src/install/px4_autonomy_modules/share/px4_autonomy_modules/environment/path.dsv
[5.194s] -- Up-to-date: /home/jetson/ros2_ws/src/install/px4_autonomy_modules/share/px4_autonomy_modules/local_setup.bash
[5.202s] -- Up-to-date: /home/jetson/ros2_ws/src/install/px4_autonomy_modules/share/px4_autonomy_modules/local_setup.sh
[5.204s] -- Up-to-date: /home/jetson/ros2_ws/src/install/px4_autonomy_modules/share/px4_autonomy_modules/local_setup.zsh
[5.205s] -- Up-to-date: /home/jetson/ros2_ws/src/install/px4_autonomy_modules/share/px4_autonomy_modules/local_setup.dsv
[5.207s] -- Installing: /home/jetson/ros2_ws/src/install/px4_autonomy_modules/share/px4_autonomy_modules/package.dsv
[5.207s] -- Up-to-date: /home/jetson/ros2_ws/src/install/px4_autonomy_modules/share/ament_index/resource_index/packages/px4_autonomy_modules
[5.208s] -- Up-to-date: /home/jetson/ros2_ws/src/install/px4_autonomy_modules/share/px4_autonomy_modules/cmake/px4_autonomy_modulesConfig.cmake
[5.208s] -- Up-to-date: /home/jetson/ros2_ws/src/install/px4_autonomy_modules/share/px4_autonomy_modules/cmake/px4_autonomy_modulesConfig-version.cmake
[5.209s] -- Up-to-date: /home/jetson/ros2_ws/src/install/px4_autonomy_modules/share/px4_autonomy_modules/package.xml
[5.221s] Invoked command in '/home/jetson/ros2_ws/src/build/px4_autonomy_modules' returned '0': CMAKE_PREFIX_PATH=${CMAKE_PREFIX_PATH}:/home/jetson/ros2_ws/src/install/vicon_bridge:/home/jetson/ros2_ws/src/install/unit_tester:/home/jetson/ros2_ws/src/install/realsense2mavros:/home/jetson/ros2_ws/src/install/exer2_control:/home/jetson/ros2_ws/src/install/comm_node:/home/jetson/ros2_ws/install/vicon_bridge:/home/jetson/ros2_ws/install/unit_tester:/home/jetson/ros2_ws/install/realsense2mavros:/home/jetson/ros2_ws/install/exer2_control:/home/jetson/ros2_ws/install/comm_node:/opt/ros/foxy /usr/bin/cmake --install /home/jetson/ros2_ws/src/build/px4_autonomy_modules
