[15.335s] Invoking command in '/home/jetson/ros2_ws/src/api_waypoint': PYTHONPATH=/home/jetson/ros2_ws/src/build/api_waypoint/prefix_override:/usr/lib/python3/dist-packages/colcon_core/task/python/colcon_distutils_commands:/home/jetson/ros2_ws/src/install/api_waypoint/lib/python3.8/site-packages:${PYTHONPATH} /usr/bin/python3 -W ignore:setup.py install is deprecated -W ignore:easy_install command is deprecated setup.py egg_info --egg-base ../build/api_waypoint build --build-base /home/jetson/ros2_ws/src/build/api_waypoint/build install --record /home/jetson/ros2_ws/src/build/api_waypoint/install.log --install-scripts $base/lib/api_waypoint --single-version-externally-managed install_data
[20.111s] /usr/local/lib/python3.8/dist-packages/setuptools/dist.py:717: UserWarning: Usage of dash-separated 'script-dir' will not be supported in future versions. Please use the underscore name 'script_dir' instead
[20.114s]   warnings.warn(
[20.706s] running egg_info
[20.718s] writing ../build/api_waypoint/api_waypoint.egg-info/PKG-INFO
[20.731s] writing dependency_links to ../build/api_waypoint/api_waypoint.egg-info/dependency_links.txt
[20.732s] writing entry points to ../build/api_waypoint/api_waypoint.egg-info/entry_points.txt
[20.733s] writing requirements to ../build/api_waypoint/api_waypoint.egg-info/requires.txt
[20.734s] writing top-level names to ../build/api_waypoint/api_waypoint.egg-info/top_level.txt
[20.840s] reading manifest file '../build/api_waypoint/api_waypoint.egg-info/SOURCES.txt'
[20.880s] writing manifest file '../build/api_waypoint/api_waypoint.egg-info/SOURCES.txt'
[20.882s] running build
[20.883s] running build_py
[20.913s] running install
[20.934s] running install_lib
[20.971s] running install_data
[20.996s] running install_egg_info
[21.067s] removing '/home/jetson/ros2_ws/src/install/api_waypoint/lib/python3.8/site-packages/api_waypoint-0.0.0-py3.8.egg-info' (and everything under it)
[21.076s] Copying ../build/api_waypoint/api_waypoint.egg-info to /home/jetson/ros2_ws/src/install/api_waypoint/lib/python3.8/site-packages/api_waypoint-0.0.0-py3.8.egg-info
[21.109s] running install_scripts
[21.415s] Installing api_waypoint_node script to /home/jetson/ros2_ws/src/install/api_waypoint/lib/api_waypoint
[21.425s] writing list of installed files to '/home/jetson/ros2_ws/src/build/api_waypoint/install.log'
[21.889s] Invoked command in '/home/jetson/ros2_ws/src/api_waypoint' returned '0': PYTHONPATH=/home/jetson/ros2_ws/src/build/api_waypoint/prefix_override:/usr/lib/python3/dist-packages/colcon_core/task/python/colcon_distutils_commands:/home/jetson/ros2_ws/src/install/api_waypoint/lib/python3.8/site-packages:${PYTHONPATH} /usr/bin/python3 -W ignore:setup.py install is deprecated -W ignore:easy_install command is deprecated setup.py egg_info --egg-base ../build/api_waypoint build --build-base /home/jetson/ros2_ws/src/build/api_waypoint/build install --record /home/jetson/ros2_ws/src/build/api_waypoint/install.log --install-scripts $base/lib/api_waypoint --single-version-externally-managed install_data
