[10.877s] Invoking command in '/home/jetson/ros2_ws/src/realsense2mavros': PYTHONPATH=/home/jetson/ros2_ws/src/build/realsense2mavros/prefix_override:/usr/lib/python3/dist-packages/colcon_core/task/python/colcon_distutils_commands:/home/jetson/ros2_ws/src/install/realsense2mavros/lib/python3.8/site-packages:${PYTHONPATH} /usr/bin/python3 -W ignore:setup.py install is deprecated -W ignore:easy_install command is deprecated setup.py egg_info --egg-base ../build/realsense2mavros build --build-base /home/jetson/ros2_ws/src/build/realsense2mavros/build install --record /home/jetson/ros2_ws/src/build/realsense2mavros/install.log --install-scripts $base/lib/realsense2mavros --single-version-externally-managed install_data
[13.261s] /usr/local/lib/python3.8/dist-packages/setuptools/dist.py:717: UserWarning: Usage of dash-separated 'script-dir' will not be supported in future versions. Please use the underscore name 'script_dir' instead
[13.262s]   warnings.warn(
[13.639s] running egg_info
[13.643s] writing ../build/realsense2mavros/realsense2mavros.egg-info/PKG-INFO
[13.645s] writing dependency_links to ../build/realsense2mavros/realsense2mavros.egg-info/dependency_links.txt
[13.647s] writing entry points to ../build/realsense2mavros/realsense2mavros.egg-info/entry_points.txt
[13.648s] writing requirements to ../build/realsense2mavros/realsense2mavros.egg-info/requires.txt
[13.649s] writing top-level names to ../build/realsense2mavros/realsense2mavros.egg-info/top_level.txt
[13.666s] reading manifest file '../build/realsense2mavros/realsense2mavros.egg-info/SOURCES.txt'
[13.674s] writing manifest file '../build/realsense2mavros/realsense2mavros.egg-info/SOURCES.txt'
[13.676s] running build
[13.676s] running build_py
[13.679s] running install
[13.683s] running install_lib
[13.691s] running install_data
[13.693s] running install_egg_info
[13.704s] removing '/home/jetson/ros2_ws/src/install/realsense2mavros/lib/python3.8/site-packages/realsense2mavros-0.0.0-py3.8.egg-info' (and everything under it)
[13.707s] Copying ../build/realsense2mavros/realsense2mavros.egg-info to /home/jetson/ros2_ws/src/install/realsense2mavros/lib/python3.8/site-packages/realsense2mavros-0.0.0-py3.8.egg-info
[13.713s] running install_scripts
[13.803s] Installing realsense2mavros script to /home/jetson/ros2_ws/src/install/realsense2mavros/lib/realsense2mavros
[13.807s] writing list of installed files to '/home/jetson/ros2_ws/src/build/realsense2mavros/install.log'
[15.026s] Invoked command in '/home/jetson/ros2_ws/src/realsense2mavros' returned '0': PYTHONPATH=/home/jetson/ros2_ws/src/build/realsense2mavros/prefix_override:/usr/lib/python3/dist-packages/colcon_core/task/python/colcon_distutils_commands:/home/jetson/ros2_ws/src/install/realsense2mavros/lib/python3.8/site-packages:${PYTHONPATH} /usr/bin/python3 -W ignore:setup.py install is deprecated -W ignore:easy_install command is deprecated setup.py egg_info --egg-base ../build/realsense2mavros build --build-base /home/jetson/ros2_ws/src/build/realsense2mavros/build install --record /home/jetson/ros2_ws/src/build/realsense2mavros/install.log --install-scripts $base/lib/realsense2mavros --single-version-externally-managed install_data
