[21.338s] Invoking command in '/home/jetson/ros2_ws/src/exer3_control': PYTHONPATH=/home/jetson/ros2_ws/src/build/exer3_control/prefix_override:/usr/lib/python3/dist-packages/colcon_core/task/python/colcon_distutils_commands:/home/jetson/ros2_ws/src/install/exer3_control/lib/python3.8/site-packages:${PYTHONPATH} /usr/bin/python3 -W ignore:setup.py install is deprecated -W ignore:easy_install command is deprecated setup.py egg_info --egg-base ../build/exer3_control build --build-base /home/jetson/ros2_ws/src/build/exer3_control/build install --record /home/jetson/ros2_ws/src/build/exer3_control/install.log --install-scripts $base/lib/exer3_control --single-version-externally-managed install_data
[26.402s] /usr/local/lib/python3.8/dist-packages/setuptools/dist.py:717: UserWarning: Usage of dash-separated 'script-dir' will not be supported in future versions. Please use the underscore name 'script_dir' instead
[26.408s]   warnings.warn(
[26.770s] running egg_info
[26.778s] writing ../build/exer3_control/exer3_control.egg-info/PKG-INFO
[26.781s] writing dependency_links to ../build/exer3_control/exer3_control.egg-info/dependency_links.txt
[26.787s] writing entry points to ../build/exer3_control/exer3_control.egg-info/entry_points.txt
[26.788s] writing requirements to ../build/exer3_control/exer3_control.egg-info/requires.txt
[26.789s] writing top-level names to ../build/exer3_control/exer3_control.egg-info/top_level.txt
[26.837s] reading manifest file '../build/exer3_control/exer3_control.egg-info/SOURCES.txt'
[26.852s] writing manifest file '../build/exer3_control/exer3_control.egg-info/SOURCES.txt'
[26.852s] running build
[26.859s] running build_py
[26.877s] running install
[26.882s] running install_lib
[26.906s] running install_data
[26.911s] running install_egg_info
[26.934s] removing '/home/jetson/ros2_ws/src/install/exer3_control/lib/python3.8/site-packages/exer3_control-0.0.0-py3.8.egg-info' (and everything under it)
[26.940s] Copying ../build/exer3_control/exer3_control.egg-info to /home/jetson/ros2_ws/src/install/exer3_control/lib/python3.8/site-packages/exer3_control-0.0.0-py3.8.egg-info
[26.968s] running install_scripts
[27.330s] Installing flight_controller script to /home/jetson/ros2_ws/src/install/exer3_control/lib/exer3_control
[27.358s] Installing grabber script to /home/jetson/ros2_ws/src/install/exer3_control/lib/exer3_control
[27.359s] Installing obs_grabber script to /home/jetson/ros2_ws/src/install/exer3_control/lib/exer3_control
[27.359s] Installing plotter script to /home/jetson/ros2_ws/src/install/exer3_control/lib/exer3_control
[27.364s] writing list of installed files to '/home/jetson/ros2_ws/src/build/exer3_control/install.log'
[27.670s] Invoked command in '/home/jetson/ros2_ws/src/exer3_control' returned '0': PYTHONPATH=/home/jetson/ros2_ws/src/build/exer3_control/prefix_override:/usr/lib/python3/dist-packages/colcon_core/task/python/colcon_distutils_commands:/home/jetson/ros2_ws/src/install/exer3_control/lib/python3.8/site-packages:${PYTHONPATH} /usr/bin/python3 -W ignore:setup.py install is deprecated -W ignore:easy_install command is deprecated setup.py egg_info --egg-base ../build/exer3_control build --build-base /home/jetson/ros2_ws/src/build/exer3_control/build install --record /home/jetson/ros2_ws/src/build/exer3_control/install.log --install-scripts $base/lib/exer3_control --single-version-externally-managed install_data
