[5.578s] Invoking command in '/home/jetson/ros2_ws/src/waypoint_nav': PYTHONPATH=/home/jetson/ros2_ws/src/build/waypoint_nav/prefix_override:/usr/lib/python3/dist-packages/colcon_core/task/python/colcon_distutils_commands:/home/jetson/ros2_ws/src/install/waypoint_nav/lib/python3.8/site-packages:${PYTHONPATH} /usr/bin/python3 -W ignore:setup.py install is deprecated -W ignore:easy_install command is deprecated setup.py egg_info --egg-base ../build/waypoint_nav build --build-base /home/jetson/ros2_ws/src/build/waypoint_nav/build install --record /home/jetson/ros2_ws/src/build/waypoint_nav/install.log --install-scripts $base/lib/waypoint_nav --single-version-externally-managed install_data
[7.181s] /usr/local/lib/python3.8/dist-packages/setuptools/dist.py:717: UserWarning: Usage of dash-separated 'script-dir' will not be supported in future versions. Please use the underscore name 'script_dir' instead
[7.182s]   warnings.warn(
[7.339s] running egg_info
[7.341s] writing ../build/waypoint_nav/waypoint_nav.egg-info/PKG-INFO
[7.345s] writing dependency_links to ../build/waypoint_nav/waypoint_nav.egg-info/dependency_links.txt
[7.345s] writing entry points to ../build/waypoint_nav/waypoint_nav.egg-info/entry_points.txt
[7.346s] writing requirements to ../build/waypoint_nav/waypoint_nav.egg-info/requires.txt
[7.353s] writing top-level names to ../build/waypoint_nav/waypoint_nav.egg-info/top_level.txt
[7.370s] reading manifest file '../build/waypoint_nav/waypoint_nav.egg-info/SOURCES.txt'
[7.375s] writing manifest file '../build/waypoint_nav/waypoint_nav.egg-info/SOURCES.txt'
[7.376s] running build
[7.377s] running build_py
[7.378s] copying waypoint_nav/waypoint.py -> /home/jetson/ros2_ws/src/build/waypoint_nav/build/lib/waypoint_nav
[7.381s] running install
[7.385s] running install_lib
[7.389s] copying /home/jetson/ros2_ws/src/build/waypoint_nav/build/lib/waypoint_nav/waypoint.py -> /home/jetson/ros2_ws/src/install/waypoint_nav/lib/python3.8/site-packages/waypoint_nav
[7.393s] byte-compiling /home/jetson/ros2_ws/src/install/waypoint_nav/lib/python3.8/site-packages/waypoint_nav/waypoint.py to waypoint.cpython-38.pyc
[7.402s] running install_data
[7.404s] running install_egg_info
[7.412s] removing '/home/jetson/ros2_ws/src/install/waypoint_nav/lib/python3.8/site-packages/waypoint_nav-0.0.0-py3.8.egg-info' (and everything under it)
[7.414s] Copying ../build/waypoint_nav/waypoint_nav.egg-info to /home/jetson/ros2_ws/src/install/waypoint_nav/lib/python3.8/site-packages/waypoint_nav-0.0.0-py3.8.egg-info
[7.419s] running install_scripts
[7.508s] Installing waypoint script to /home/jetson/ros2_ws/src/install/waypoint_nav/lib/waypoint_nav
[7.511s] writing list of installed files to '/home/jetson/ros2_ws/src/build/waypoint_nav/install.log'
[7.625s] Invoked command in '/home/jetson/ros2_ws/src/waypoint_nav' returned '0': PYTHONPATH=/home/jetson/ros2_ws/src/build/waypoint_nav/prefix_override:/usr/lib/python3/dist-packages/colcon_core/task/python/colcon_distutils_commands:/home/jetson/ros2_ws/src/install/waypoint_nav/lib/python3.8/site-packages:${PYTHONPATH} /usr/bin/python3 -W ignore:setup.py install is deprecated -W ignore:easy_install command is deprecated setup.py egg_info --egg-base ../build/waypoint_nav build --build-base /home/jetson/ros2_ws/src/build/waypoint_nav/build install --record /home/jetson/ros2_ws/src/build/waypoint_nav/install.log --install-scripts $base/lib/waypoint_nav --single-version-externally-managed install_data
