[4.892s] DEBUG:colcon:Command line arguments: ['/usr/bin/colcon', 'build']
[4.892s] DEBUG:colcon:Parsed command line arguments: Namespace(allow_overriding=[], ament_cmake_args=None, base_paths=['.'], build_base='build', catkin_cmake_args=None, catkin_skip_building_tests=False, cmake_args=None, cmake_clean_cache=False, cmake_clean_first=False, cmake_force_configure=False, cmake_target=None, cmake_target_skip_unavailable=False, continue_on_error=False, event_handlers=None, executor='parallel', ignore_user_meta=False, install_base='install', log_base=None, log_level=None, main=<bound method BuildVerb.main of <colcon_core.verb.build.BuildVerb object at 0x7fb6102580>>, merge_install=False, metas=['./colcon.meta'], packages_above=None, packages_above_and_dependencies=None, packages_above_depth=None, packages_end=None, packages_ignore=None, packages_ignore_regex=None, packages_select=None, packages_select_build_failed=False, packages_select_by_dep=None, packages_select_regex=None, packages_select_test_failures=False, packages_skip=None, packages_skip_build_finished=False, packages_skip_by_dep=None, packages_skip_regex=None, packages_skip_test_passed=False, packages_skip_up_to=None, packages_start=None, packages_up_to=None, packages_up_to_regex=None, parallel_workers=4, paths=None, symlink_install=False, test_result_base=None, verb_extension=<colcon_core.verb.build.BuildVerb object at 0x7fb6102580>, verb_name='build', verb_parser=<colcon_defaults.argument_parser.defaults.DefaultArgumentsDecorator object at 0x7fb5f5a0a0>)
[6.771s] Level 1:colcon.colcon_core.package_discovery:discover_packages(colcon_meta) check parameters
[6.772s] Level 1:colcon.colcon_core.package_discovery:discover_packages(recursive) check parameters
[6.772s] Level 1:colcon.colcon_core.package_discovery:discover_packages(ignore) check parameters
[6.772s] Level 1:colcon.colcon_core.package_discovery:discover_packages(path) check parameters
[6.773s] Level 1:colcon.colcon_core.package_discovery:discover_packages(colcon_meta) discover
[6.773s] Level 1:colcon.colcon_core.package_discovery:discover_packages(recursive) discover
[6.774s] INFO:colcon.colcon_core.package_discovery:Crawling recursively for packages in '/home/jetson/ros2_ws'
[6.775s] Level 1:colcon.colcon_core.package_identification:_identify(.) by extensions ['ignore', 'ignore_ament_install']
[6.777s] Level 1:colcon.colcon_core.package_identification:_identify(.) by extension 'ignore'
[6.778s] Level 1:colcon.colcon_core.package_identification:_identify(.) by extension 'ignore_ament_install'
[6.779s] Level 1:colcon.colcon_core.package_identification:_identify(.) by extensions ['colcon_pkg']
[6.779s] Level 1:colcon.colcon_core.package_identification:_identify(.) by extension 'colcon_pkg'
[6.780s] Level 1:colcon.colcon_core.package_identification:_identify(.) by extensions ['colcon_meta']
[6.780s] Level 1:colcon.colcon_core.package_identification:_identify(.) by extension 'colcon_meta'
[6.780s] Level 1:colcon.colcon_core.package_identification:_identify(.) by extensions ['ros']
[6.780s] Level 1:colcon.colcon_core.package_identification:_identify(.) by extension 'ros'
[6.937s] Level 1:colcon.colcon_core.package_identification:_identify(.) by extensions ['cmake', 'python']
[6.937s] Level 1:colcon.colcon_core.package_identification:_identify(.) by extension 'cmake'
[6.937s] Level 1:colcon.colcon_core.package_identification:_identify(.) by extension 'python'
[6.938s] Level 1:colcon.colcon_core.package_identification:_identify(.) by extensions ['python_setup_py']
[6.938s] Level 1:colcon.colcon_core.package_identification:_identify(.) by extension 'python_setup_py'
[6.939s] Level 1:colcon.colcon_core.package_identification:_identify(build) by extensions ['ignore', 'ignore_ament_install']
[6.939s] Level 1:colcon.colcon_core.package_identification:_identify(build) by extension 'ignore'
[6.939s] Level 1:colcon.colcon_core.package_identification:_identify(build) ignored
[6.940s] Level 1:colcon.colcon_core.package_identification:_identify(install) by extensions ['ignore', 'ignore_ament_install']
[6.941s] Level 1:colcon.colcon_core.package_identification:_identify(install) by extension 'ignore'
[6.941s] Level 1:colcon.colcon_core.package_identification:_identify(install) ignored
[6.942s] Level 1:colcon.colcon_core.package_identification:_identify(log) by extensions ['ignore', 'ignore_ament_install']
[6.942s] Level 1:colcon.colcon_core.package_identification:_identify(log) by extension 'ignore'
[6.943s] Level 1:colcon.colcon_core.package_identification:_identify(log) ignored
[6.943s] Level 1:colcon.colcon_core.package_identification:_identify(src) by extensions ['ignore', 'ignore_ament_install']
[6.944s] Level 1:colcon.colcon_core.package_identification:_identify(src) by extension 'ignore'
[6.944s] Level 1:colcon.colcon_core.package_identification:_identify(src) by extension 'ignore_ament_install'
[6.945s] Level 1:colcon.colcon_core.package_identification:_identify(src) by extensions ['colcon_pkg']
[6.945s] Level 1:colcon.colcon_core.package_identification:_identify(src) by extension 'colcon_pkg'
[6.945s] Level 1:colcon.colcon_core.package_identification:_identify(src) by extensions ['colcon_meta']
[6.945s] Level 1:colcon.colcon_core.package_identification:_identify(src) by extension 'colcon_meta'
[6.946s] Level 1:colcon.colcon_core.package_identification:_identify(src) by extensions ['ros']
[6.946s] Level 1:colcon.colcon_core.package_identification:_identify(src) by extension 'ros'
[6.946s] Level 1:colcon.colcon_core.package_identification:_identify(src) by extensions ['cmake', 'python']
[6.946s] Level 1:colcon.colcon_core.package_identification:_identify(src) by extension 'cmake'
[6.947s] Level 1:colcon.colcon_core.package_identification:_identify(src) by extension 'python'
[6.947s] Level 1:colcon.colcon_core.package_identification:_identify(src) by extensions ['python_setup_py']
[6.947s] Level 1:colcon.colcon_core.package_identification:_identify(src) by extension 'python_setup_py'
[6.948s] Level 1:colcon.colcon_core.package_identification:_identify(src/comm_node) by extensions ['ignore', 'ignore_ament_install']
[6.948s] Level 1:colcon.colcon_core.package_identification:_identify(src/comm_node) by extension 'ignore'
[6.949s] Level 1:colcon.colcon_core.package_identification:_identify(src/comm_node) by extension 'ignore_ament_install'
[6.949s] Level 1:colcon.colcon_core.package_identification:_identify(src/comm_node) by extensions ['colcon_pkg']
[6.949s] Level 1:colcon.colcon_core.package_identification:_identify(src/comm_node) by extension 'colcon_pkg'
[6.950s] Level 1:colcon.colcon_core.package_identification:_identify(src/comm_node) by extensions ['colcon_meta']
[6.950s] Level 1:colcon.colcon_core.package_identification:_identify(src/comm_node) by extension 'colcon_meta'
[6.950s] Level 1:colcon.colcon_core.package_identification:_identify(src/comm_node) by extensions ['ros']
[6.950s] Level 1:colcon.colcon_core.package_identification:_identify(src/comm_node) by extension 'ros'
[6.984s] DEBUG:colcon.colcon_core.package_identification:Package 'src/comm_node' with type 'ros.ament_python' and name 'comm_node'
[6.985s] Level 1:colcon.colcon_core.package_identification:_identify(src/exer2_control) by extensions ['ignore', 'ignore_ament_install']
[6.985s] Level 1:colcon.colcon_core.package_identification:_identify(src/exer2_control) by extension 'ignore'
[6.986s] Level 1:colcon.colcon_core.package_identification:_identify(src/exer2_control) by extension 'ignore_ament_install'
[6.986s] Level 1:colcon.colcon_core.package_identification:_identify(src/exer2_control) by extensions ['colcon_pkg']
[6.987s] Level 1:colcon.colcon_core.package_identification:_identify(src/exer2_control) by extension 'colcon_pkg'
[6.987s] Level 1:colcon.colcon_core.package_identification:_identify(src/exer2_control) by extensions ['colcon_meta']
[6.987s] Level 1:colcon.colcon_core.package_identification:_identify(src/exer2_control) by extension 'colcon_meta'
[6.988s] Level 1:colcon.colcon_core.package_identification:_identify(src/exer2_control) by extensions ['ros']
[6.988s] Level 1:colcon.colcon_core.package_identification:_identify(src/exer2_control) by extension 'ros'
[6.992s] DEBUG:colcon.colcon_core.package_identification:Package 'src/exer2_control' with type 'ros.ament_python' and name 'exer2_control'
[6.992s] Level 1:colcon.colcon_core.package_identification:_identify(src/px4_autonomy_modules) by extensions ['ignore', 'ignore_ament_install']
[6.993s] Level 1:colcon.colcon_core.package_identification:_identify(src/px4_autonomy_modules) by extension 'ignore'
[6.993s] Level 1:colcon.colcon_core.package_identification:_identify(src/px4_autonomy_modules) by extension 'ignore_ament_install'
[6.994s] Level 1:colcon.colcon_core.package_identification:_identify(src/px4_autonomy_modules) by extensions ['colcon_pkg']
[6.994s] Level 1:colcon.colcon_core.package_identification:_identify(src/px4_autonomy_modules) by extension 'colcon_pkg'
[6.994s] Level 1:colcon.colcon_core.package_identification:_identify(src/px4_autonomy_modules) by extensions ['colcon_meta']
[6.994s] Level 1:colcon.colcon_core.package_identification:_identify(src/px4_autonomy_modules) by extension 'colcon_meta'
[6.995s] Level 1:colcon.colcon_core.package_identification:_identify(src/px4_autonomy_modules) by extensions ['ros']
[6.995s] Level 1:colcon.colcon_core.package_identification:_identify(src/px4_autonomy_modules) by extension 'ros'
[7.001s] DEBUG:colcon.colcon_core.package_identification:Package 'src/px4_autonomy_modules' with type 'ros.ament_cmake' and name 'px4_autonomy_modules'
[7.002s] Level 1:colcon.colcon_core.package_identification:_identify(src/realsense2mavros) by extensions ['ignore', 'ignore_ament_install']
[7.003s] Level 1:colcon.colcon_core.package_identification:_identify(src/realsense2mavros) by extension 'ignore'
[7.003s] Level 1:colcon.colcon_core.package_identification:_identify(src/realsense2mavros) by extension 'ignore_ament_install'
[7.004s] Level 1:colcon.colcon_core.package_identification:_identify(src/realsense2mavros) by extensions ['colcon_pkg']
[7.009s] Level 1:colcon.colcon_core.package_identification:_identify(src/realsense2mavros) by extension 'colcon_pkg'
[7.010s] Level 1:colcon.colcon_core.package_identification:_identify(src/realsense2mavros) by extensions ['colcon_meta']
[7.010s] Level 1:colcon.colcon_core.package_identification:_identify(src/realsense2mavros) by extension 'colcon_meta'
[7.011s] Level 1:colcon.colcon_core.package_identification:_identify(src/realsense2mavros) by extensions ['ros']
[7.011s] Level 1:colcon.colcon_core.package_identification:_identify(src/realsense2mavros) by extension 'ros'
[7.016s] DEBUG:colcon.colcon_core.package_identification:Package 'src/realsense2mavros' with type 'ros.ament_python' and name 'realsense2mavros'
[7.017s] Level 1:colcon.colcon_core.package_identification:_identify(src/task2) by extensions ['ignore', 'ignore_ament_install']
[7.017s] Level 1:colcon.colcon_core.package_identification:_identify(src/task2) by extension 'ignore'
[7.018s] Level 1:colcon.colcon_core.package_identification:_identify(src/task2) by extension 'ignore_ament_install'
[7.018s] Level 1:colcon.colcon_core.package_identification:_identify(src/task2) by extensions ['colcon_pkg']
[7.018s] Level 1:colcon.colcon_core.package_identification:_identify(src/task2) by extension 'colcon_pkg'
[7.019s] Level 1:colcon.colcon_core.package_identification:_identify(src/task2) by extensions ['colcon_meta']
[7.019s] Level 1:colcon.colcon_core.package_identification:_identify(src/task2) by extension 'colcon_meta'
[7.019s] Level 1:colcon.colcon_core.package_identification:_identify(src/task2) by extensions ['ros']
[7.019s] Level 1:colcon.colcon_core.package_identification:_identify(src/task2) by extension 'ros'
[7.020s] Level 1:colcon.colcon_core.package_identification:_identify(src/task2) by extensions ['cmake', 'python']
[7.020s] Level 1:colcon.colcon_core.package_identification:_identify(src/task2) by extension 'cmake'
[7.020s] Level 1:colcon.colcon_core.package_identification:_identify(src/task2) by extension 'python'
[7.021s] Level 1:colcon.colcon_core.package_identification:_identify(src/task2) by extensions ['python_setup_py']
[7.021s] Level 1:colcon.colcon_core.package_identification:_identify(src/task2) by extension 'python_setup_py'
[7.022s] Level 1:colcon.colcon_core.package_identification:_identify(src/vicon_bridge) by extensions ['ignore', 'ignore_ament_install']
[7.022s] Level 1:colcon.colcon_core.package_identification:_identify(src/vicon_bridge) by extension 'ignore'
[7.023s] Level 1:colcon.colcon_core.package_identification:_identify(src/vicon_bridge) by extension 'ignore_ament_install'
[7.023s] Level 1:colcon.colcon_core.package_identification:_identify(src/vicon_bridge) by extensions ['colcon_pkg']
[7.024s] Level 1:colcon.colcon_core.package_identification:_identify(src/vicon_bridge) by extension 'colcon_pkg'
[7.024s] Level 1:colcon.colcon_core.package_identification:_identify(src/vicon_bridge) by extensions ['colcon_meta']
[7.025s] Level 1:colcon.colcon_core.package_identification:_identify(src/vicon_bridge) by extension 'colcon_meta'
[7.025s] Level 1:colcon.colcon_core.package_identification:_identify(src/vicon_bridge) by extensions ['ros']
[7.025s] Level 1:colcon.colcon_core.package_identification:_identify(src/vicon_bridge) by extension 'ros'
[7.031s] DEBUG:colcon.colcon_core.package_identification:Package 'src/vicon_bridge' with type 'ros.ament_python' and name 'vicon_bridge'
[7.032s] Level 1:colcon.colcon_core.package_discovery:discover_packages(recursive) using defaults
[7.032s] Level 1:colcon.colcon_core.package_discovery:discover_packages(ignore) discover
[7.032s] Level 1:colcon.colcon_core.package_discovery:discover_packages(ignore) using defaults
[7.032s] Level 1:colcon.colcon_core.package_discovery:discover_packages(path) discover
[7.033s] Level 1:colcon.colcon_core.package_discovery:discover_packages(path) using defaults
[7.200s] Level 1:colcon.colcon_core.package_discovery:discover_packages(prefix_path) check parameters
[7.201s] Level 1:colcon.colcon_core.package_discovery:discover_packages(prefix_path) discover
[7.252s] DEBUG:colcon.colcon_installed_package_information.package_discovery:Found 5 installed packages in /home/jetson/ros2_ws/install
[7.259s] DEBUG:colcon.colcon_installed_package_information.package_discovery:Found 267 installed packages in /opt/ros/foxy
[7.273s] Level 1:colcon.colcon_core.package_discovery:discover_packages(prefix_path) using defaults
[7.713s] Level 5:colcon.colcon_core.verb:set package 'comm_node' build argument 'cmake_args' from command line to 'None'
[7.713s] Level 5:colcon.colcon_core.verb:set package 'comm_node' build argument 'cmake_target' from command line to 'None'
[7.713s] Level 5:colcon.colcon_core.verb:set package 'comm_node' build argument 'cmake_target_skip_unavailable' from command line to 'False'
[7.714s] Level 5:colcon.colcon_core.verb:set package 'comm_node' build argument 'cmake_clean_cache' from command line to 'False'
[7.714s] Level 5:colcon.colcon_core.verb:set package 'comm_node' build argument 'cmake_clean_first' from command line to 'False'
[7.714s] Level 5:colcon.colcon_core.verb:set package 'comm_node' build argument 'cmake_force_configure' from command line to 'False'
[7.714s] Level 5:colcon.colcon_core.verb:set package 'comm_node' build argument 'ament_cmake_args' from command line to 'None'
[7.714s] Level 5:colcon.colcon_core.verb:set package 'comm_node' build argument 'catkin_cmake_args' from command line to 'None'
[7.714s] Level 5:colcon.colcon_core.verb:set package 'comm_node' build argument 'catkin_skip_building_tests' from command line to 'False'
[7.714s] DEBUG:colcon.colcon_core.verb:Building package 'comm_node' with the following arguments: {'ament_cmake_args': None, 'build_base': '/home/jetson/ros2_ws/build/comm_node', 'catkin_cmake_args': None, 'catkin_skip_building_tests': False, 'cmake_args': None, 'cmake_clean_cache': False, 'cmake_clean_first': False, 'cmake_force_configure': False, 'cmake_target': None, 'cmake_target_skip_unavailable': False, 'install_base': '/home/jetson/ros2_ws/install/comm_node', 'merge_install': False, 'path': '/home/jetson/ros2_ws/src/comm_node', 'symlink_install': False, 'test_result_base': None}
[7.716s] Level 5:colcon.colcon_core.verb:set package 'exer2_control' build argument 'cmake_args' from command line to 'None'
[7.717s] Level 5:colcon.colcon_core.verb:set package 'exer2_control' build argument 'cmake_target' from command line to 'None'
[7.717s] Level 5:colcon.colcon_core.verb:set package 'exer2_control' build argument 'cmake_target_skip_unavailable' from command line to 'False'
[7.717s] Level 5:colcon.colcon_core.verb:set package 'exer2_control' build argument 'cmake_clean_cache' from command line to 'False'
[7.717s] Level 5:colcon.colcon_core.verb:set package 'exer2_control' build argument 'cmake_clean_first' from command line to 'False'
[7.717s] Level 5:colcon.colcon_core.verb:set package 'exer2_control' build argument 'cmake_force_configure' from command line to 'False'
[7.717s] Level 5:colcon.colcon_core.verb:set package 'exer2_control' build argument 'ament_cmake_args' from command line to 'None'
[7.717s] Level 5:colcon.colcon_core.verb:set package 'exer2_control' build argument 'catkin_cmake_args' from command line to 'None'
[7.718s] Level 5:colcon.colcon_core.verb:set package 'exer2_control' build argument 'catkin_skip_building_tests' from command line to 'False'
[7.718s] DEBUG:colcon.colcon_core.verb:Building package 'exer2_control' with the following arguments: {'ament_cmake_args': None, 'build_base': '/home/jetson/ros2_ws/build/exer2_control', 'catkin_cmake_args': None, 'catkin_skip_building_tests': False, 'cmake_args': None, 'cmake_clean_cache': False, 'cmake_clean_first': False, 'cmake_force_configure': False, 'cmake_target': None, 'cmake_target_skip_unavailable': False, 'install_base': '/home/jetson/ros2_ws/install/exer2_control', 'merge_install': False, 'path': '/home/jetson/ros2_ws/src/exer2_control', 'symlink_install': False, 'test_result_base': None}
[7.720s] Level 5:colcon.colcon_core.verb:set package 'px4_autonomy_modules' build argument 'cmake_args' from command line to 'None'
[7.720s] Level 5:colcon.colcon_core.verb:set package 'px4_autonomy_modules' build argument 'cmake_target' from command line to 'None'
[7.720s] Level 5:colcon.colcon_core.verb:set package 'px4_autonomy_modules' build argument 'cmake_target_skip_unavailable' from command line to 'False'
[7.720s] Level 5:colcon.colcon_core.verb:set package 'px4_autonomy_modules' build argument 'cmake_clean_cache' from command line to 'False'
[7.720s] Level 5:colcon.colcon_core.verb:set package 'px4_autonomy_modules' build argument 'cmake_clean_first' from command line to 'False'
[7.720s] Level 5:colcon.colcon_core.verb:set package 'px4_autonomy_modules' build argument 'cmake_force_configure' from command line to 'False'
[7.721s] Level 5:colcon.colcon_core.verb:set package 'px4_autonomy_modules' build argument 'ament_cmake_args' from command line to 'None'
[7.721s] Level 5:colcon.colcon_core.verb:set package 'px4_autonomy_modules' build argument 'catkin_cmake_args' from command line to 'None'
[7.721s] Level 5:colcon.colcon_core.verb:set package 'px4_autonomy_modules' build argument 'catkin_skip_building_tests' from command line to 'False'
[7.721s] DEBUG:colcon.colcon_core.verb:Building package 'px4_autonomy_modules' with the following arguments: {'ament_cmake_args': None, 'build_base': '/home/jetson/ros2_ws/build/px4_autonomy_modules', 'catkin_cmake_args': None, 'catkin_skip_building_tests': False, 'cmake_args': None, 'cmake_clean_cache': False, 'cmake_clean_first': False, 'cmake_force_configure': False, 'cmake_target': None, 'cmake_target_skip_unavailable': False, 'install_base': '/home/jetson/ros2_ws/install/px4_autonomy_modules', 'merge_install': False, 'path': '/home/jetson/ros2_ws/src/px4_autonomy_modules', 'symlink_install': False, 'test_result_base': None}
[7.723s] Level 5:colcon.colcon_core.verb:set package 'realsense2mavros' build argument 'cmake_args' from command line to 'None'
[7.723s] Level 5:colcon.colcon_core.verb:set package 'realsense2mavros' build argument 'cmake_target' from command line to 'None'
[7.723s] Level 5:colcon.colcon_core.verb:set package 'realsense2mavros' build argument 'cmake_target_skip_unavailable' from command line to 'False'
[7.723s] Level 5:colcon.colcon_core.verb:set package 'realsense2mavros' build argument 'cmake_clean_cache' from command line to 'False'
[7.724s] Level 5:colcon.colcon_core.verb:set package 'realsense2mavros' build argument 'cmake_clean_first' from command line to 'False'
[7.724s] Level 5:colcon.colcon_core.verb:set package 'realsense2mavros' build argument 'cmake_force_configure' from command line to 'False'
[7.724s] Level 5:colcon.colcon_core.verb:set package 'realsense2mavros' build argument 'ament_cmake_args' from command line to 'None'
[7.724s] Level 5:colcon.colcon_core.verb:set package 'realsense2mavros' build argument 'catkin_cmake_args' from command line to 'None'
[7.724s] Level 5:colcon.colcon_core.verb:set package 'realsense2mavros' build argument 'catkin_skip_building_tests' from command line to 'False'
[7.724s] DEBUG:colcon.colcon_core.verb:Building package 'realsense2mavros' with the following arguments: {'ament_cmake_args': None, 'build_base': '/home/jetson/ros2_ws/build/realsense2mavros', 'catkin_cmake_args': None, 'catkin_skip_building_tests': False, 'cmake_args': None, 'cmake_clean_cache': False, 'cmake_clean_first': False, 'cmake_force_configure': False, 'cmake_target': None, 'cmake_target_skip_unavailable': False, 'install_base': '/home/jetson/ros2_ws/install/realsense2mavros', 'merge_install': False, 'path': '/home/jetson/ros2_ws/src/realsense2mavros', 'symlink_install': False, 'test_result_base': None}
[7.726s] Level 5:colcon.colcon_core.verb:set package 'vicon_bridge' build argument 'cmake_args' from command line to 'None'
[7.727s] Level 5:colcon.colcon_core.verb:set package 'vicon_bridge' build argument 'cmake_target' from command line to 'None'
[7.727s] Level 5:colcon.colcon_core.verb:set package 'vicon_bridge' build argument 'cmake_target_skip_unavailable' from command line to 'False'
[7.727s] Level 5:colcon.colcon_core.verb:set package 'vicon_bridge' build argument 'cmake_clean_cache' from command line to 'False'
[7.727s] Level 5:colcon.colcon_core.verb:set package 'vicon_bridge' build argument 'cmake_clean_first' from command line to 'False'
[7.727s] Level 5:colcon.colcon_core.verb:set package 'vicon_bridge' build argument 'cmake_force_configure' from command line to 'False'
[7.727s] Level 5:colcon.colcon_core.verb:set package 'vicon_bridge' build argument 'ament_cmake_args' from command line to 'None'
[7.727s] Level 5:colcon.colcon_core.verb:set package 'vicon_bridge' build argument 'catkin_cmake_args' from command line to 'None'
[7.728s] Level 5:colcon.colcon_core.verb:set package 'vicon_bridge' build argument 'catkin_skip_building_tests' from command line to 'False'
[7.728s] DEBUG:colcon.colcon_core.verb:Building package 'vicon_bridge' with the following arguments: {'ament_cmake_args': None, 'build_base': '/home/jetson/ros2_ws/build/vicon_bridge', 'catkin_cmake_args': None, 'catkin_skip_building_tests': False, 'cmake_args': None, 'cmake_clean_cache': False, 'cmake_clean_first': False, 'cmake_force_configure': False, 'cmake_target': None, 'cmake_target_skip_unavailable': False, 'install_base': '/home/jetson/ros2_ws/install/vicon_bridge', 'merge_install': False, 'path': '/home/jetson/ros2_ws/src/vicon_bridge', 'symlink_install': False, 'test_result_base': None}
[7.728s] INFO:colcon.colcon_core.executor:Executing jobs using 'parallel' executor
[7.733s] DEBUG:colcon.colcon_parallel_executor.executor.parallel:run_until_complete
[7.735s] INFO:colcon.colcon_ros.task.ament_python.build:Building ROS package in '/home/jetson/ros2_ws/src/comm_node' with build type 'ament_python'
[7.735s] Level 1:colcon.colcon_core.shell:create_environment_hook('comm_node', 'ament_prefix_path')
[7.754s] INFO:colcon.colcon_core.plugin_system:Skipping extension 'colcon_core.shell.bat': Not used on non-Windows systems
[7.755s] INFO:colcon.colcon_core.shell:Creating environment hook '/home/jetson/ros2_ws/install/comm_node/share/comm_node/hook/ament_prefix_path.ps1'
[7.768s] INFO:colcon.colcon_core.shell:Creating environment descriptor '/home/jetson/ros2_ws/install/comm_node/share/comm_node/hook/ament_prefix_path.dsv'
[7.772s] INFO:colcon.colcon_core.shell:Creating environment hook '/home/jetson/ros2_ws/install/comm_node/share/comm_node/hook/ament_prefix_path.sh'
[7.777s] INFO:colcon.colcon_core.shell:Skip shell extension 'powershell' for command environment: Not usable outside of PowerShell
[7.778s] DEBUG:colcon.colcon_core.shell:Skip shell extension 'dsv' for command environment
[7.799s] INFO:colcon.colcon_ros.task.ament_python.build:Building ROS package in '/home/jetson/ros2_ws/src/exer2_control' with build type 'ament_python'
[7.800s] Level 1:colcon.colcon_core.shell:create_environment_hook('exer2_control', 'ament_prefix_path')
[7.801s] INFO:colcon.colcon_core.shell:Creating environment hook '/home/jetson/ros2_ws/install/exer2_control/share/exer2_control/hook/ament_prefix_path.ps1'
[7.806s] INFO:colcon.colcon_core.shell:Creating environment descriptor '/home/jetson/ros2_ws/install/exer2_control/share/exer2_control/hook/ament_prefix_path.dsv'
[7.808s] INFO:colcon.colcon_core.shell:Creating environment hook '/home/jetson/ros2_ws/install/exer2_control/share/exer2_control/hook/ament_prefix_path.sh'
[7.811s] INFO:colcon.colcon_core.shell:Skip shell extension 'powershell' for command environment: Not usable outside of PowerShell
[7.812s] DEBUG:colcon.colcon_core.shell:Skip shell extension 'dsv' for command environment
[7.833s] INFO:colcon.colcon_ros.task.ament_cmake.build:Building ROS package in '/home/jetson/ros2_ws/src/px4_autonomy_modules' with build type 'ament_cmake'
[7.836s] INFO:colcon.colcon_cmake.task.cmake.build:Building CMake package in '/home/jetson/ros2_ws/src/px4_autonomy_modules'
[7.838s] INFO:colcon.colcon_core.shell:Skip shell extension 'powershell' for command environment: Not usable outside of PowerShell
[7.839s] DEBUG:colcon.colcon_core.shell:Skip shell extension 'dsv' for command environment
[7.860s] INFO:colcon.colcon_ros.task.ament_python.build:Building ROS package in '/home/jetson/ros2_ws/src/realsense2mavros' with build type 'ament_python'
[7.862s] Level 1:colcon.colcon_core.shell:create_environment_hook('realsense2mavros', 'ament_prefix_path')
[7.863s] INFO:colcon.colcon_core.shell:Creating environment hook '/home/jetson/ros2_ws/install/realsense2mavros/share/realsense2mavros/hook/ament_prefix_path.ps1'
[7.867s] INFO:colcon.colcon_core.shell:Creating environment descriptor '/home/jetson/ros2_ws/install/realsense2mavros/share/realsense2mavros/hook/ament_prefix_path.dsv'
[7.869s] INFO:colcon.colcon_core.shell:Creating environment hook '/home/jetson/ros2_ws/install/realsense2mavros/share/realsense2mavros/hook/ament_prefix_path.sh'
[7.872s] INFO:colcon.colcon_core.shell:Skip shell extension 'powershell' for command environment: Not usable outside of PowerShell
[7.872s] DEBUG:colcon.colcon_core.shell:Skip shell extension 'dsv' for command environment
[9.301s] INFO:colcon.colcon_core.task.python.build:Building Python package in '/home/jetson/ros2_ws/src/comm_node'
[9.303s] INFO:colcon.colcon_core.shell:Skip shell extension 'powershell' for command environment: Not usable outside of PowerShell
[9.303s] DEBUG:colcon.colcon_core.shell:Skip shell extension 'dsv' for command environment
[10.679s] INFO:colcon.colcon_core.task.python.build:Building Python package in '/home/jetson/ros2_ws/src/exer2_control'
[10.681s] INFO:colcon.colcon_core.shell:Skip shell extension 'powershell' for command environment: Not usable outside of PowerShell
[10.682s] DEBUG:colcon.colcon_core.shell:Skip shell extension 'dsv' for command environment
[10.719s] DEBUG:colcon.colcon_core.event_handler.log_command:Invoking command in '/home/jetson/ros2_ws/build/px4_autonomy_modules': CMAKE_PREFIX_PATH=${CMAKE_PREFIX_PATH}:/home/jetson/ros2_ws/install/vicon_bridge:/home/jetson/ros2_ws/install/realsense2mavros:/home/jetson/ros2_ws/install/exer2_control:/home/jetson/ros2_ws/install/comm_node:/opt/ros/foxy /usr/bin/cmake --build /home/jetson/ros2_ws/build/px4_autonomy_modules -- -j4 -l4
[12.158s] INFO:colcon.colcon_core.task.python.build:Building Python package in '/home/jetson/ros2_ws/src/realsense2mavros'
[12.160s] INFO:colcon.colcon_core.shell:Skip shell extension 'powershell' for command environment: Not usable outside of PowerShell
[12.160s] DEBUG:colcon.colcon_core.shell:Skip shell extension 'dsv' for command environment
[12.190s] DEBUG:colcon.colcon_core.event_handler.log_command:Invoked command in '/home/jetson/ros2_ws/build/px4_autonomy_modules' returned '0': CMAKE_PREFIX_PATH=${CMAKE_PREFIX_PATH}:/home/jetson/ros2_ws/install/vicon_bridge:/home/jetson/ros2_ws/install/realsense2mavros:/home/jetson/ros2_ws/install/exer2_control:/home/jetson/ros2_ws/install/comm_node:/opt/ros/foxy /usr/bin/cmake --build /home/jetson/ros2_ws/build/px4_autonomy_modules -- -j4 -l4
[12.246s] DEBUG:colcon.colcon_core.event_handler.log_command:Invoking command in '/home/jetson/ros2_ws/build/px4_autonomy_modules': CMAKE_PREFIX_PATH=${CMAKE_PREFIX_PATH}:/home/jetson/ros2_ws/install/vicon_bridge:/home/jetson/ros2_ws/install/realsense2mavros:/home/jetson/ros2_ws/install/exer2_control:/home/jetson/ros2_ws/install/comm_node:/opt/ros/foxy /usr/bin/cmake --install /home/jetson/ros2_ws/build/px4_autonomy_modules
[12.371s] Level 1:colcon.colcon_core.environment:create_environment_scripts_only(px4_autonomy_modules)
[12.373s] DEBUG:colcon.colcon_core.event_handler.log_command:Invoked command in '/home/jetson/ros2_ws/build/px4_autonomy_modules' returned '0': CMAKE_PREFIX_PATH=${CMAKE_PREFIX_PATH}:/home/jetson/ros2_ws/install/vicon_bridge:/home/jetson/ros2_ws/install/realsense2mavros:/home/jetson/ros2_ws/install/exer2_control:/home/jetson/ros2_ws/install/comm_node:/opt/ros/foxy /usr/bin/cmake --install /home/jetson/ros2_ws/build/px4_autonomy_modules
[12.408s] Level 1:colcon.colcon_core.environment:checking '/home/jetson/ros2_ws/install/px4_autonomy_modules' for CMake module files
[12.415s] Level 1:colcon.colcon_core.environment:checking '/home/jetson/ros2_ws/install/px4_autonomy_modules' for CMake config files
[12.422s] Level 1:colcon.colcon_core.shell:create_environment_hook('px4_autonomy_modules', 'cmake_prefix_path')
[12.423s] INFO:colcon.colcon_core.shell:Creating environment hook '/home/jetson/ros2_ws/install/px4_autonomy_modules/share/px4_autonomy_modules/hook/cmake_prefix_path.ps1'
[12.426s] INFO:colcon.colcon_core.shell:Creating environment descriptor '/home/jetson/ros2_ws/install/px4_autonomy_modules/share/px4_autonomy_modules/hook/cmake_prefix_path.dsv'
[12.428s] INFO:colcon.colcon_core.shell:Creating environment hook '/home/jetson/ros2_ws/install/px4_autonomy_modules/share/px4_autonomy_modules/hook/cmake_prefix_path.sh'
[12.437s] Level 1:colcon.colcon_core.environment:checking '/home/jetson/ros2_ws/install/px4_autonomy_modules/bin'
[12.437s] Level 1:colcon.colcon_core.environment:checking '/home/jetson/ros2_ws/install/px4_autonomy_modules/lib/pkgconfig/px4_autonomy_modules.pc'
[12.438s] Level 1:colcon.colcon_core.environment:checking '/home/jetson/ros2_ws/install/px4_autonomy_modules/lib/python3.8/site-packages'
[12.439s] Level 1:colcon.colcon_core.environment:checking '/home/jetson/ros2_ws/install/px4_autonomy_modules/bin'
[12.446s] INFO:colcon.colcon_core.shell:Creating package script '/home/jetson/ros2_ws/install/px4_autonomy_modules/share/px4_autonomy_modules/package.ps1'
[12.456s] INFO:colcon.colcon_core.shell:Creating package descriptor '/home/jetson/ros2_ws/install/px4_autonomy_modules/share/px4_autonomy_modules/package.dsv'
[12.463s] INFO:colcon.colcon_core.shell:Creating package script '/home/jetson/ros2_ws/install/px4_autonomy_modules/share/px4_autonomy_modules/package.sh'
[12.477s] INFO:colcon.colcon_core.shell:Creating package script '/home/jetson/ros2_ws/install/px4_autonomy_modules/share/px4_autonomy_modules/package.bash'
[12.482s] INFO:colcon.colcon_core.shell:Creating package script '/home/jetson/ros2_ws/install/px4_autonomy_modules/share/px4_autonomy_modules/package.zsh'
[12.489s] Level 1:colcon.colcon_core.environment:create_file_with_runtime_dependencies(/home/jetson/ros2_ws/install/px4_autonomy_modules/share/colcon-core/packages/px4_autonomy_modules)
[12.492s] Level 1:colcon.colcon_core.environment:create_environment_scripts_only(px4_autonomy_modules)
[12.494s] Level 1:colcon.colcon_core.environment:checking '/home/jetson/ros2_ws/install/px4_autonomy_modules' for CMake module files
[12.497s] Level 1:colcon.colcon_core.environment:checking '/home/jetson/ros2_ws/install/px4_autonomy_modules' for CMake config files
[12.498s] Level 1:colcon.colcon_core.shell:create_environment_hook('px4_autonomy_modules', 'cmake_prefix_path')
[12.501s] INFO:colcon.colcon_core.shell:Creating environment hook '/home/jetson/ros2_ws/install/px4_autonomy_modules/share/px4_autonomy_modules/hook/cmake_prefix_path.ps1'
[12.508s] INFO:colcon.colcon_core.shell:Creating environment descriptor '/home/jetson/ros2_ws/install/px4_autonomy_modules/share/px4_autonomy_modules/hook/cmake_prefix_path.dsv'
[12.510s] INFO:colcon.colcon_core.shell:Creating environment hook '/home/jetson/ros2_ws/install/px4_autonomy_modules/share/px4_autonomy_modules/hook/cmake_prefix_path.sh'
[12.515s] Level 1:colcon.colcon_core.environment:checking '/home/jetson/ros2_ws/install/px4_autonomy_modules/bin'
[12.516s] Level 1:colcon.colcon_core.environment:checking '/home/jetson/ros2_ws/install/px4_autonomy_modules/lib/pkgconfig/px4_autonomy_modules.pc'
[12.521s] Level 1:colcon.colcon_core.environment:checking '/home/jetson/ros2_ws/install/px4_autonomy_modules/lib/python3.8/site-packages'
[12.529s] Level 1:colcon.colcon_core.environment:checking '/home/jetson/ros2_ws/install/px4_autonomy_modules/bin'
[12.531s] INFO:colcon.colcon_core.shell:Creating package script '/home/jetson/ros2_ws/install/px4_autonomy_modules/share/px4_autonomy_modules/package.ps1'
[12.534s] INFO:colcon.colcon_core.shell:Creating package descriptor '/home/jetson/ros2_ws/install/px4_autonomy_modules/share/px4_autonomy_modules/package.dsv'
[12.539s] INFO:colcon.colcon_core.shell:Creating package script '/home/jetson/ros2_ws/install/px4_autonomy_modules/share/px4_autonomy_modules/package.sh'
[12.541s] INFO:colcon.colcon_core.shell:Creating package script '/home/jetson/ros2_ws/install/px4_autonomy_modules/share/px4_autonomy_modules/package.bash'
[12.545s] INFO:colcon.colcon_core.shell:Creating package script '/home/jetson/ros2_ws/install/px4_autonomy_modules/share/px4_autonomy_modules/package.zsh'
[12.561s] Level 1:colcon.colcon_core.environment:create_file_with_runtime_dependencies(/home/jetson/ros2_ws/install/px4_autonomy_modules/share/colcon-core/packages/px4_autonomy_modules)
[12.566s] INFO:colcon.colcon_ros.task.ament_python.build:Building ROS package in '/home/jetson/ros2_ws/src/vicon_bridge' with build type 'ament_python'
[12.568s] Level 1:colcon.colcon_core.shell:create_environment_hook('vicon_bridge', 'ament_prefix_path')
[12.571s] INFO:colcon.colcon_core.shell:Creating environment hook '/home/jetson/ros2_ws/install/vicon_bridge/share/vicon_bridge/hook/ament_prefix_path.ps1'
[12.575s] INFO:colcon.colcon_core.shell:Creating environment descriptor '/home/jetson/ros2_ws/install/vicon_bridge/share/vicon_bridge/hook/ament_prefix_path.dsv'
[12.581s] INFO:colcon.colcon_core.shell:Creating environment hook '/home/jetson/ros2_ws/install/vicon_bridge/share/vicon_bridge/hook/ament_prefix_path.sh'
[12.587s] INFO:colcon.colcon_core.shell:Skip shell extension 'powershell' for command environment: Not usable outside of PowerShell
[12.587s] DEBUG:colcon.colcon_core.shell:Skip shell extension 'dsv' for command environment
[14.928s] INFO:colcon.colcon_core.task.python.build:Building Python package in '/home/jetson/ros2_ws/src/vicon_bridge'
[14.930s] INFO:colcon.colcon_core.shell:Skip shell extension 'powershell' for command environment: Not usable outside of PowerShell
[14.930s] DEBUG:colcon.colcon_core.shell:Skip shell extension 'dsv' for command environment
[15.542s] DEBUG:colcon.colcon_core.event_handler.log_command:Invoking command in '/home/jetson/ros2_ws/src/exer2_control': PYTHONPATH=/home/jetson/ros2_ws/build/exer2_control/prefix_override:/usr/lib/python3/dist-packages/colcon_core/task/python/colcon_distutils_commands:/home/jetson/ros2_ws/install/exer2_control/lib/python3.8/site-packages:${PYTHONPATH} /usr/bin/python3 -W ignore:setup.py install is deprecated -W ignore:easy_install command is deprecated setup.py egg_info --egg-base ../../build/exer2_control build --build-base /home/jetson/ros2_ws/build/exer2_control/build install --record /home/jetson/ros2_ws/build/exer2_control/install.log --install-scripts $base/lib/exer2_control --single-version-externally-managed install_data
[15.572s] DEBUG:colcon.colcon_core.event_handler.log_command:Invoking command in '/home/jetson/ros2_ws/src/comm_node': PYTHONPATH=/home/jetson/ros2_ws/build/comm_node/prefix_override:/usr/lib/python3/dist-packages/colcon_core/task/python/colcon_distutils_commands:/home/jetson/ros2_ws/install/comm_node/lib/python3.8/site-packages:${PYTHONPATH} /usr/bin/python3 -W ignore:setup.py install is deprecated -W ignore:easy_install command is deprecated setup.py egg_info --egg-base ../../build/comm_node build --build-base /home/jetson/ros2_ws/build/comm_node/build install --record /home/jetson/ros2_ws/build/comm_node/install.log --install-scripts $base/lib/comm_node --single-version-externally-managed install_data
[15.587s] DEBUG:colcon.colcon_core.event_handler.log_command:Invoking command in '/home/jetson/ros2_ws/src/realsense2mavros': PYTHONPATH=/home/jetson/ros2_ws/build/realsense2mavros/prefix_override:/usr/lib/python3/dist-packages/colcon_core/task/python/colcon_distutils_commands:/home/jetson/ros2_ws/install/realsense2mavros/lib/python3.8/site-packages:${PYTHONPATH} /usr/bin/python3 -W ignore:setup.py install is deprecated -W ignore:easy_install command is deprecated setup.py egg_info --egg-base ../../build/realsense2mavros build --build-base /home/jetson/ros2_ws/build/realsense2mavros/build install --record /home/jetson/ros2_ws/build/realsense2mavros/install.log --install-scripts $base/lib/realsense2mavros --single-version-externally-managed install_data
[17.461s] DEBUG:colcon.colcon_core.event_handler.log_command:Invoking command in '/home/jetson/ros2_ws/src/vicon_bridge': PYTHONPATH=/home/jetson/ros2_ws/build/vicon_bridge/prefix_override:/usr/lib/python3/dist-packages/colcon_core/task/python/colcon_distutils_commands:/home/jetson/ros2_ws/install/vicon_bridge/lib/python3.8/site-packages:${PYTHONPATH} /usr/bin/python3 -W ignore:setup.py install is deprecated -W ignore:easy_install command is deprecated setup.py egg_info --egg-base ../../build/vicon_bridge build --build-base /home/jetson/ros2_ws/build/vicon_bridge/build install --record /home/jetson/ros2_ws/build/vicon_bridge/install.log --install-scripts $base/lib/vicon_bridge --single-version-externally-managed install_data
[17.802s] Level 1:colcon.colcon_core.environment:checking '/home/jetson/ros2_ws/install/exer2_control' for CMake module files
[17.808s] Level 1:colcon.colcon_core.environment:checking '/home/jetson/ros2_ws/install/exer2_control' for CMake config files
[17.804s] DEBUG:colcon.colcon_core.event_handler.log_command:Invoked command in '/home/jetson/ros2_ws/src/exer2_control' returned '0': PYTHONPATH=/home/jetson/ros2_ws/build/exer2_control/prefix_override:/usr/lib/python3/dist-packages/colcon_core/task/python/colcon_distutils_commands:/home/jetson/ros2_ws/install/exer2_control/lib/python3.8/site-packages:${PYTHONPATH} /usr/bin/python3 -W ignore:setup.py install is deprecated -W ignore:easy_install command is deprecated setup.py egg_info --egg-base ../../build/exer2_control build --build-base /home/jetson/ros2_ws/build/exer2_control/build install --record /home/jetson/ros2_ws/build/exer2_control/install.log --install-scripts $base/lib/exer2_control --single-version-externally-managed install_data
[17.824s] Level 1:colcon.colcon_core.environment:checking '/home/jetson/ros2_ws/install/exer2_control/lib'
[17.825s] Level 1:colcon.colcon_core.environment:checking '/home/jetson/ros2_ws/install/exer2_control/bin'
[17.827s] Level 1:colcon.colcon_core.environment:checking '/home/jetson/ros2_ws/install/exer2_control/lib/pkgconfig/exer2_control.pc'
[17.829s] Level 1:colcon.colcon_core.environment:checking '/home/jetson/ros2_ws/install/exer2_control/lib/python3.8/site-packages'
[17.832s] Level 1:colcon.colcon_core.shell:create_environment_hook('exer2_control', 'pythonpath')
[17.834s] INFO:colcon.colcon_core.shell:Creating environment hook '/home/jetson/ros2_ws/install/exer2_control/share/exer2_control/hook/pythonpath.ps1'
[17.849s] INFO:colcon.colcon_core.shell:Creating environment descriptor '/home/jetson/ros2_ws/install/exer2_control/share/exer2_control/hook/pythonpath.dsv'
[17.853s] INFO:colcon.colcon_core.shell:Creating environment hook '/home/jetson/ros2_ws/install/exer2_control/share/exer2_control/hook/pythonpath.sh'
[17.855s] Level 1:colcon.colcon_core.environment:checking '/home/jetson/ros2_ws/install/exer2_control/bin'
[17.856s] Level 1:colcon.colcon_core.environment:create_environment_scripts_only(exer2_control)
[17.858s] INFO:colcon.colcon_core.shell:Creating package script '/home/jetson/ros2_ws/install/exer2_control/share/exer2_control/package.ps1'
[17.861s] INFO:colcon.colcon_core.shell:Creating package descriptor '/home/jetson/ros2_ws/install/exer2_control/share/exer2_control/package.dsv'
[17.866s] INFO:colcon.colcon_core.shell:Creating package script '/home/jetson/ros2_ws/install/exer2_control/share/exer2_control/package.sh'
[17.881s] INFO:colcon.colcon_core.shell:Creating package script '/home/jetson/ros2_ws/install/exer2_control/share/exer2_control/package.bash'
[17.883s] INFO:colcon.colcon_core.shell:Creating package script '/home/jetson/ros2_ws/install/exer2_control/share/exer2_control/package.zsh'
[17.909s] Level 1:colcon.colcon_core.environment:create_file_with_runtime_dependencies(/home/jetson/ros2_ws/install/exer2_control/share/colcon-core/packages/exer2_control)
[17.931s] Level 1:colcon.colcon_core.environment:checking '/home/jetson/ros2_ws/install/comm_node' for CMake module files
[17.934s] Level 1:colcon.colcon_core.environment:checking '/home/jetson/ros2_ws/install/comm_node' for CMake config files
[17.937s] DEBUG:colcon.colcon_core.event_handler.log_command:Invoked command in '/home/jetson/ros2_ws/src/comm_node' returned '0': PYTHONPATH=/home/jetson/ros2_ws/build/comm_node/prefix_override:/usr/lib/python3/dist-packages/colcon_core/task/python/colcon_distutils_commands:/home/jetson/ros2_ws/install/comm_node/lib/python3.8/site-packages:${PYTHONPATH} /usr/bin/python3 -W ignore:setup.py install is deprecated -W ignore:easy_install command is deprecated setup.py egg_info --egg-base ../../build/comm_node build --build-base /home/jetson/ros2_ws/build/comm_node/build install --record /home/jetson/ros2_ws/build/comm_node/install.log --install-scripts $base/lib/comm_node --single-version-externally-managed install_data
[17.944s] Level 1:colcon.colcon_core.environment:checking '/home/jetson/ros2_ws/install/comm_node/lib'
[17.945s] Level 1:colcon.colcon_core.environment:checking '/home/jetson/ros2_ws/install/comm_node/bin'
[17.945s] Level 1:colcon.colcon_core.environment:checking '/home/jetson/ros2_ws/install/comm_node/lib/pkgconfig/comm_node.pc'
[17.946s] Level 1:colcon.colcon_core.environment:checking '/home/jetson/ros2_ws/install/comm_node/lib/python3.8/site-packages'
[17.946s] Level 1:colcon.colcon_core.shell:create_environment_hook('comm_node', 'pythonpath')
[17.947s] INFO:colcon.colcon_core.shell:Creating environment hook '/home/jetson/ros2_ws/install/comm_node/share/comm_node/hook/pythonpath.ps1'
[17.949s] INFO:colcon.colcon_core.shell:Creating environment descriptor '/home/jetson/ros2_ws/install/comm_node/share/comm_node/hook/pythonpath.dsv'
[17.951s] INFO:colcon.colcon_core.shell:Creating environment hook '/home/jetson/ros2_ws/install/comm_node/share/comm_node/hook/pythonpath.sh'
[17.965s] Level 1:colcon.colcon_core.environment:checking '/home/jetson/ros2_ws/install/comm_node/bin'
[17.965s] Level 1:colcon.colcon_core.environment:create_environment_scripts_only(comm_node)
[17.967s] INFO:colcon.colcon_core.shell:Creating package script '/home/jetson/ros2_ws/install/comm_node/share/comm_node/package.ps1'
[17.970s] INFO:colcon.colcon_core.shell:Creating package descriptor '/home/jetson/ros2_ws/install/comm_node/share/comm_node/package.dsv'
[17.973s] INFO:colcon.colcon_core.shell:Creating package script '/home/jetson/ros2_ws/install/comm_node/share/comm_node/package.sh'
[17.989s] INFO:colcon.colcon_core.shell:Creating package script '/home/jetson/ros2_ws/install/comm_node/share/comm_node/package.bash'
[17.991s] INFO:colcon.colcon_core.shell:Creating package script '/home/jetson/ros2_ws/install/comm_node/share/comm_node/package.zsh'
[17.993s] Level 1:colcon.colcon_core.environment:create_file_with_runtime_dependencies(/home/jetson/ros2_ws/install/comm_node/share/colcon-core/packages/comm_node)
[18.134s] DEBUG:colcon.colcon_core.event_handler.log_command:Invoked command in '/home/jetson/ros2_ws/src/realsense2mavros' returned '0': PYTHONPATH=/home/jetson/ros2_ws/build/realsense2mavros/prefix_override:/usr/lib/python3/dist-packages/colcon_core/task/python/colcon_distutils_commands:/home/jetson/ros2_ws/install/realsense2mavros/lib/python3.8/site-packages:${PYTHONPATH} /usr/bin/python3 -W ignore:setup.py install is deprecated -W ignore:easy_install command is deprecated setup.py egg_info --egg-base ../../build/realsense2mavros build --build-base /home/jetson/ros2_ws/build/realsense2mavros/build install --record /home/jetson/ros2_ws/build/realsense2mavros/install.log --install-scripts $base/lib/realsense2mavros --single-version-externally-managed install_data
[18.135s] Level 1:colcon.colcon_core.environment:checking '/home/jetson/ros2_ws/install/realsense2mavros' for CMake module files
[18.138s] Level 1:colcon.colcon_core.environment:checking '/home/jetson/ros2_ws/install/realsense2mavros' for CMake config files
[18.141s] Level 1:colcon.colcon_core.environment:checking '/home/jetson/ros2_ws/install/realsense2mavros/lib'
[18.142s] Level 1:colcon.colcon_core.environment:checking '/home/jetson/ros2_ws/install/realsense2mavros/bin'
[18.142s] Level 1:colcon.colcon_core.environment:checking '/home/jetson/ros2_ws/install/realsense2mavros/lib/pkgconfig/realsense2mavros.pc'
[18.143s] Level 1:colcon.colcon_core.environment:checking '/home/jetson/ros2_ws/install/realsense2mavros/lib/python3.8/site-packages'
[18.144s] Level 1:colcon.colcon_core.shell:create_environment_hook('realsense2mavros', 'pythonpath')
[18.145s] INFO:colcon.colcon_core.shell:Creating environment hook '/home/jetson/ros2_ws/install/realsense2mavros/share/realsense2mavros/hook/pythonpath.ps1'
[18.149s] INFO:colcon.colcon_core.shell:Creating environment descriptor '/home/jetson/ros2_ws/install/realsense2mavros/share/realsense2mavros/hook/pythonpath.dsv'
[18.154s] INFO:colcon.colcon_core.shell:Creating environment hook '/home/jetson/ros2_ws/install/realsense2mavros/share/realsense2mavros/hook/pythonpath.sh'
[18.158s] Level 1:colcon.colcon_core.environment:checking '/home/jetson/ros2_ws/install/realsense2mavros/bin'
[18.161s] Level 1:colcon.colcon_core.environment:create_environment_scripts_only(realsense2mavros)
[18.164s] INFO:colcon.colcon_core.shell:Creating package script '/home/jetson/ros2_ws/install/realsense2mavros/share/realsense2mavros/package.ps1'
[18.168s] INFO:colcon.colcon_core.shell:Creating package descriptor '/home/jetson/ros2_ws/install/realsense2mavros/share/realsense2mavros/package.dsv'
[18.171s] INFO:colcon.colcon_core.shell:Creating package script '/home/jetson/ros2_ws/install/realsense2mavros/share/realsense2mavros/package.sh'
[18.173s] INFO:colcon.colcon_core.shell:Creating package script '/home/jetson/ros2_ws/install/realsense2mavros/share/realsense2mavros/package.bash'
[18.177s] INFO:colcon.colcon_core.shell:Creating package script '/home/jetson/ros2_ws/install/realsense2mavros/share/realsense2mavros/package.zsh'
[18.193s] Level 1:colcon.colcon_core.environment:create_file_with_runtime_dependencies(/home/jetson/ros2_ws/install/realsense2mavros/share/colcon-core/packages/realsense2mavros)
[20.003s] Level 1:colcon.colcon_core.environment:checking '/home/jetson/ros2_ws/install/vicon_bridge' for CMake module files
[20.006s] DEBUG:colcon.colcon_core.event_handler.log_command:Invoked command in '/home/jetson/ros2_ws/src/vicon_bridge' returned '0': PYTHONPATH=/home/jetson/ros2_ws/build/vicon_bridge/prefix_override:/usr/lib/python3/dist-packages/colcon_core/task/python/colcon_distutils_commands:/home/jetson/ros2_ws/install/vicon_bridge/lib/python3.8/site-packages:${PYTHONPATH} /usr/bin/python3 -W ignore:setup.py install is deprecated -W ignore:easy_install command is deprecated setup.py egg_info --egg-base ../../build/vicon_bridge build --build-base /home/jetson/ros2_ws/build/vicon_bridge/build install --record /home/jetson/ros2_ws/build/vicon_bridge/install.log --install-scripts $base/lib/vicon_bridge --single-version-externally-managed install_data
[20.008s] Level 1:colcon.colcon_core.environment:checking '/home/jetson/ros2_ws/install/vicon_bridge' for CMake config files
[20.011s] Level 1:colcon.colcon_core.environment:checking '/home/jetson/ros2_ws/install/vicon_bridge/lib'
[20.012s] Level 1:colcon.colcon_core.environment:checking '/home/jetson/ros2_ws/install/vicon_bridge/bin'
[20.012s] Level 1:colcon.colcon_core.environment:checking '/home/jetson/ros2_ws/install/vicon_bridge/lib/pkgconfig/vicon_bridge.pc'
[20.016s] Level 1:colcon.colcon_core.environment:checking '/home/jetson/ros2_ws/install/vicon_bridge/lib/python3.8/site-packages'
[20.018s] Level 1:colcon.colcon_core.shell:create_environment_hook('vicon_bridge', 'pythonpath')
[20.026s] INFO:colcon.colcon_core.shell:Creating environment hook '/home/jetson/ros2_ws/install/vicon_bridge/share/vicon_bridge/hook/pythonpath.ps1'
[20.028s] INFO:colcon.colcon_core.shell:Creating environment descriptor '/home/jetson/ros2_ws/install/vicon_bridge/share/vicon_bridge/hook/pythonpath.dsv'
[20.041s] INFO:colcon.colcon_core.shell:Creating environment hook '/home/jetson/ros2_ws/install/vicon_bridge/share/vicon_bridge/hook/pythonpath.sh'
[20.052s] Level 1:colcon.colcon_core.environment:checking '/home/jetson/ros2_ws/install/vicon_bridge/bin'
[20.052s] Level 1:colcon.colcon_core.environment:create_environment_scripts_only(vicon_bridge)
[20.054s] INFO:colcon.colcon_core.shell:Creating package script '/home/jetson/ros2_ws/install/vicon_bridge/share/vicon_bridge/package.ps1'
[20.066s] INFO:colcon.colcon_core.shell:Creating package descriptor '/home/jetson/ros2_ws/install/vicon_bridge/share/vicon_bridge/package.dsv'
[20.073s] INFO:colcon.colcon_core.shell:Creating package script '/home/jetson/ros2_ws/install/vicon_bridge/share/vicon_bridge/package.sh'
[20.076s] INFO:colcon.colcon_core.shell:Creating package script '/home/jetson/ros2_ws/install/vicon_bridge/share/vicon_bridge/package.bash'
[20.078s] INFO:colcon.colcon_core.shell:Creating package script '/home/jetson/ros2_ws/install/vicon_bridge/share/vicon_bridge/package.zsh'
[20.080s] Level 1:colcon.colcon_core.environment:create_file_with_runtime_dependencies(/home/jetson/ros2_ws/install/vicon_bridge/share/colcon-core/packages/vicon_bridge)
[20.084s] DEBUG:colcon.colcon_parallel_executor.executor.parallel:closing loop
[20.084s] DEBUG:colcon.colcon_parallel_executor.executor.parallel:loop closed
[20.085s] DEBUG:colcon.colcon_parallel_executor.executor.parallel:run_until_complete finished with '0'
[20.085s] DEBUG:colcon.colcon_core.event_reactor:joining thread
[20.241s] INFO:colcon.colcon_core.plugin_system:Skipping extension 'colcon_notification.desktop_notification.terminal_notifier': Not used on non-Darwin systems
[20.242s] INFO:colcon.colcon_core.plugin_system:Skipping extension 'colcon_notification.desktop_notification.win32': Not used on non-Windows systems
[20.242s] INFO:colcon.colcon_notification.desktop_notification:Sending desktop notification using 'notify2'
[20.689s] DEBUG:colcon.colcon_core.event_reactor:joined thread
[20.691s] INFO:colcon.colcon_core.shell:Creating prefix script '/home/jetson/ros2_ws/install/local_setup.ps1'
[20.745s] INFO:colcon.colcon_core.shell:Creating prefix util module '/home/jetson/ros2_ws/install/_local_setup_util_ps1.py'
[20.767s] INFO:colcon.colcon_core.shell:Creating prefix chain script '/home/jetson/ros2_ws/install/setup.ps1'
[20.787s] INFO:colcon.colcon_core.shell:Creating prefix script '/home/jetson/ros2_ws/install/local_setup.sh'
[20.800s] INFO:colcon.colcon_core.shell:Creating prefix util module '/home/jetson/ros2_ws/install/_local_setup_util_sh.py'
[20.803s] INFO:colcon.colcon_core.shell:Creating prefix chain script '/home/jetson/ros2_ws/install/setup.sh'
[20.811s] INFO:colcon.colcon_core.shell:Creating prefix script '/home/jetson/ros2_ws/install/local_setup.bash'
[20.815s] INFO:colcon.colcon_core.shell:Creating prefix chain script '/home/jetson/ros2_ws/install/setup.bash'
[20.857s] INFO:colcon.colcon_core.shell:Creating prefix script '/home/jetson/ros2_ws/install/local_setup.zsh'
[20.863s] INFO:colcon.colcon_core.shell:Creating prefix chain script '/home/jetson/ros2_ws/install/setup.zsh'
