[7.141s] Invoking command in '/home/jetson/ros2_ws/src/realsense2mavros': PYTHONPATH=/home/jetson/ros2_ws/src/build/realsense2mavros/prefix_override:/usr/lib/python3/dist-packages/colcon_core/task/python/colcon_distutils_commands:/home/jetson/ros2_ws/src/install/realsense2mavros/lib/python3.8/site-packages:${PYTHONPATH} /usr/bin/python3 -W ignore:setup.py install is deprecated -W ignore:easy_install command is deprecated setup.py egg_info --egg-base ../build/realsense2mavros build --build-base /home/jetson/ros2_ws/src/build/realsense2mavros/build install --record /home/jetson/ros2_ws/src/build/realsense2mavros/install.log --install-scripts $base/lib/realsense2mavros --single-version-externally-managed install_data
[8.863s] /usr/local/lib/python3.8/dist-packages/setuptools/dist.py:717: UserWarning: Usage of dash-separated 'script-dir' will not be supported in future versions. Please use the underscore name 'script_dir' instead
[8.864s]   warnings.warn(
[9.114s] running egg_info
[9.118s] writing ../build/realsense2mavros/realsense2mavros.egg-info/PKG-INFO
[9.121s] writing dependency_links to ../build/realsense2mavros/realsense2mavros.egg-info/dependency_links.txt
[9.122s] writing entry points to ../build/realsense2mavros/realsense2mavros.egg-info/entry_points.txt
[9.124s] writing requirements to ../build/realsense2mavros/realsense2mavros.egg-info/requires.txt
[9.125s] writing top-level names to ../build/realsense2mavros/realsense2mavros.egg-info/top_level.txt
[9.142s] reading manifest file '../build/realsense2mavros/realsense2mavros.egg-info/SOURCES.txt'
[9.148s] writing manifest file '../build/realsense2mavros/realsense2mavros.egg-info/SOURCES.txt'
[9.150s] running build
[9.151s] running build_py
[9.154s] running install
[9.159s] running install_lib
[9.168s] running install_data
[9.170s] running install_egg_info
[9.181s] removing '/home/jetson/ros2_ws/src/install/realsense2mavros/lib/python3.8/site-packages/realsense2mavros-0.0.0-py3.8.egg-info' (and everything under it)
[9.191s] Copying ../build/realsense2mavros/realsense2mavros.egg-info to /home/jetson/ros2_ws/src/install/realsense2mavros/lib/python3.8/site-packages/realsense2mavros-0.0.0-py3.8.egg-info
[9.196s] running install_scripts
[9.287s] Installing realsense2mavros script to /home/jetson/ros2_ws/src/install/realsense2mavros/lib/realsense2mavros
[9.288s] writing list of installed files to '/home/jetson/ros2_ws/src/build/realsense2mavros/install.log'
[9.398s] Invoked command in '/home/jetson/ros2_ws/src/realsense2mavros' returned '0': PYTHONPATH=/home/jetson/ros2_ws/src/build/realsense2mavros/prefix_override:/usr/lib/python3/dist-packages/colcon_core/task/python/colcon_distutils_commands:/home/jetson/ros2_ws/src/install/realsense2mavros/lib/python3.8/site-packages:${PYTHONPATH} /usr/bin/python3 -W ignore:setup.py install is deprecated -W ignore:easy_install command is deprecated setup.py egg_info --egg-base ../build/realsense2mavros build --build-base /home/jetson/ros2_ws/src/build/realsense2mavros/build install --record /home/jetson/ros2_ws/src/build/realsense2mavros/install.log --install-scripts $base/lib/realsense2mavros --single-version-externally-managed install_data
