[5.410s] Invoking command in '/home/jetson/ros2_ws/build/image_processor': PYTHONPATH=/home/jetson/ros2_ws/build/image_processor/prefix_override:/usr/lib/python3/dist-packages/colcon_core/task/python/colcon_distutils_commands:/home/jetson/ros2_ws/install/image_processor/lib/python3.8/site-packages:${PYTHONPATH} /usr/bin/python3 -W ignore:setup.py install is deprecated -W ignore:easy_install command is deprecated setup.py develop --editable --build-directory /home/jetson/ros2_ws/build/image_processor/build --no-deps symlink_data
[7.106s] /usr/local/lib/python3.8/dist-packages/setuptools/dist.py:717: UserWarning: Usage of dash-separated 'script-dir' will not be supported in future versions. Please use the underscore name 'script_dir' instead
[7.107s]   warnings.warn(
[7.411s] running develop
[8.627s] running egg_info
[8.628s] creating image_processor.egg-info
[8.628s] writing image_processor.egg-info/PKG-INFO
[8.629s] writing dependency_links to image_processor.egg-info/dependency_links.txt
[8.630s] writing entry points to image_processor.egg-info/entry_points.txt
[8.630s] writing requirements to image_processor.egg-info/requires.txt
[8.631s] writing top-level names to image_processor.egg-info/top_level.txt
[8.641s] writing manifest file 'image_processor.egg-info/SOURCES.txt'
[8.649s] reading manifest file 'image_processor.egg-info/SOURCES.txt'
[8.653s] writing manifest file 'image_processor.egg-info/SOURCES.txt'
[8.889s] running build_ext
[8.890s] Creating /home/jetson/ros2_ws/install/image_processor/lib/python3.8/site-packages/image-processor.egg-link (link to .)
[8.894s] Installing state_machine script to /home/jetson/ros2_ws/install/image_processor/lib/image_processor
[8.896s] 
[8.897s] Installed /home/jetson/ros2_ws/build/image_processor
[8.897s] running symlink_data
[8.898s] creating /home/jetson/ros2_ws/install/image_processor/share/ament_index
[8.898s] creating /home/jetson/ros2_ws/install/image_processor/share/ament_index/resource_index
[8.899s] creating /home/jetson/ros2_ws/install/image_processor/share/ament_index/resource_index/packages
[8.900s] symbolically linking /home/jetson/ros2_ws/build/image_processor/resource/image_processor -> /home/jetson/ros2_ws/install/image_processor/share/ament_index/resource_index/packages
[8.900s] symbolically linking /home/jetson/ros2_ws/build/image_processor/package.xml -> /home/jetson/ros2_ws/install/image_processor/share/image_processor
[9.073s] Invoked command in '/home/jetson/ros2_ws/build/image_processor' returned '0': PYTHONPATH=/home/jetson/ros2_ws/build/image_processor/prefix_override:/usr/lib/python3/dist-packages/colcon_core/task/python/colcon_distutils_commands:/home/jetson/ros2_ws/install/image_processor/lib/python3.8/site-packages:${PYTHONPATH} /usr/bin/python3 -W ignore:setup.py install is deprecated -W ignore:easy_install command is deprecated setup.py develop --editable --build-directory /home/jetson/ros2_ws/build/image_processor/build --no-deps symlink_data
