running egg_info
creating ../build/comm_node/comm_node.egg-info
writing ../build/comm_node/comm_node.egg-info/PKG-INFO
writing dependency_links to ../build/comm_node/comm_node.egg-info/dependency_links.txt
writing entry points to ../build/comm_node/comm_node.egg-info/entry_points.txt
writing requirements to ../build/comm_node/comm_node.egg-info/requires.txt
writing top-level names to ../build/comm_node/comm_node.egg-info/top_level.txt
writing manifest file '../build/comm_node/comm_node.egg-info/SOURCES.txt'
reading manifest file '../build/comm_node/comm_node.egg-info/SOURCES.txt'
writing manifest file '../build/comm_node/comm_node.egg-info/SOURCES.txt'
running build
running build_py
creating /home/jetson/ros2_ws/src/build/comm_node/build
creating /home/jetson/ros2_ws/src/build/comm_node/build/lib
creating /home/jetson/ros2_ws/src/build/comm_node/build/lib/comm_node
copying comm_node/__init__.py -> /home/jetson/ros2_ws/src/build/comm_node/build/lib/comm_node
copying comm_node/comm.py -> /home/jetson/ros2_ws/src/build/comm_node/build/lib/comm_node
running install
running install_lib
creating /home/jetson/ros2_ws/src/install/comm_node/lib/python3.8/site-packages/comm_node
copying /home/jetson/ros2_ws/src/build/comm_node/build/lib/comm_node/__init__.py -> /home/jetson/ros2_ws/src/install/comm_node/lib/python3.8/site-packages/comm_node
copying /home/jetson/ros2_ws/src/build/comm_node/build/lib/comm_node/comm.py -> /home/jetson/ros2_ws/src/install/comm_node/lib/python3.8/site-packages/comm_node
byte-compiling /home/jetson/ros2_ws/src/install/comm_node/lib/python3.8/site-packages/comm_node/__init__.py to __init__.cpython-38.pyc
byte-compiling /home/jetson/ros2_ws/src/install/comm_node/lib/python3.8/site-packages/comm_node/comm.py to comm.cpython-38.pyc
running install_data
creating /home/jetson/ros2_ws/src/install/comm_node/share/ament_index
creating /home/jetson/ros2_ws/src/install/comm_node/share/ament_index/resource_index
creating /home/jetson/ros2_ws/src/install/comm_node/share/ament_index/resource_index/packages
copying resource/comm_node -> /home/jetson/ros2_ws/src/install/comm_node/share/ament_index/resource_index/packages
copying package.xml -> /home/jetson/ros2_ws/src/install/comm_node/share/comm_node
running install_egg_info
Copying ../build/comm_node/comm_node.egg-info to /home/jetson/ros2_ws/src/install/comm_node/lib/python3.8/site-packages/comm_node-0.0.1-py3.8.egg-info
running install_scripts
Installing comm script to /home/jetson/ros2_ws/src/install/comm_node/lib/comm_node
writing list of installed files to '/home/jetson/ros2_ws/src/build/comm_node/install.log'
