[9.995s] Invoking command in '/home/jetson/ros2_ws/src/comm_node': PYTHONPATH=/home/jetson/ros2_ws/build/comm_node/prefix_override:/usr/lib/python3/dist-packages/colcon_core/task/python/colcon_distutils_commands:/home/jetson/ros2_ws/install/comm_node/lib/python3.8/site-packages:${PYTHONPATH} /usr/bin/python3 -W ignore:setup.py install is deprecated -W ignore:easy_install command is deprecated setup.py egg_info --egg-base ../../build/comm_node build --build-base /home/jetson/ros2_ws/build/comm_node/build install --record /home/jetson/ros2_ws/build/comm_node/install.log --install-scripts $base/lib/comm_node --single-version-externally-managed install_data
[12.450s] /usr/local/lib/python3.8/dist-packages/setuptools/dist.py:717: UserWarning: Usage of dash-separated 'script-dir' will not be supported in future versions. Please use the underscore name 'script_dir' instead
[12.451s]   warnings.warn(
[12.810s] running egg_info
[12.821s] writing ../../build/comm_node/comm_node.egg-info/PKG-INFO
[12.825s] writing dependency_links to ../../build/comm_node/comm_node.egg-info/dependency_links.txt
[12.829s] writing entry points to ../../build/comm_node/comm_node.egg-info/entry_points.txt
[12.832s] writing requirements to ../../build/comm_node/comm_node.egg-info/requires.txt
[12.834s] writing top-level names to ../../build/comm_node/comm_node.egg-info/top_level.txt
[12.870s] reading manifest file '../../build/comm_node/comm_node.egg-info/SOURCES.txt'
[12.897s] writing manifest file '../../build/comm_node/comm_node.egg-info/SOURCES.txt'
[12.900s] running build
[12.901s] running build_py
[12.901s] copying comm_node/comm.py -> /home/jetson/ros2_ws/build/comm_node/build/lib/comm_node
[12.905s] running install
[12.913s] running install_lib
[12.922s] copying /home/jetson/ros2_ws/build/comm_node/build/lib/comm_node/comm.py -> /home/jetson/ros2_ws/install/comm_node/lib/python3.8/site-packages/comm_node
[12.929s] byte-compiling /home/jetson/ros2_ws/install/comm_node/lib/python3.8/site-packages/comm_node/comm.py to comm.cpython-38.pyc
[12.942s] running install_data
[12.945s] running install_egg_info
[12.968s] removing '/home/jetson/ros2_ws/install/comm_node/lib/python3.8/site-packages/comm_node-0.0.1-py3.8.egg-info' (and everything under it)
[12.969s] Copying ../../build/comm_node/comm_node.egg-info to /home/jetson/ros2_ws/install/comm_node/lib/python3.8/site-packages/comm_node-0.0.1-py3.8.egg-info
[12.975s] running install_scripts
[13.167s] Installing comm script to /home/jetson/ros2_ws/install/comm_node/lib/comm_node
[13.179s] writing list of installed files to '/home/jetson/ros2_ws/build/comm_node/install.log'
[13.413s] Invoked command in '/home/jetson/ros2_ws/src/comm_node' returned '0': PYTHONPATH=/home/jetson/ros2_ws/build/comm_node/prefix_override:/usr/lib/python3/dist-packages/colcon_core/task/python/colcon_distutils_commands:/home/jetson/ros2_ws/install/comm_node/lib/python3.8/site-packages:${PYTHONPATH} /usr/bin/python3 -W ignore:setup.py install is deprecated -W ignore:easy_install command is deprecated setup.py egg_info --egg-base ../../build/comm_node build --build-base /home/jetson/ros2_ws/build/comm_node/build install --record /home/jetson/ros2_ws/build/comm_node/install.log --install-scripts $base/lib/comm_node --single-version-externally-managed install_data
