running develop
Removing /home/jetson/ros2_ws/install/image_processor/lib/python3.8/site-packages/image-processor.egg-link (link to .)
running egg_info
writing ../../build/image_processor/image_processor.egg-info/PKG-INFO
writing dependency_links to ../../build/image_processor/image_processor.egg-info/dependency_links.txt
writing entry points to ../../build/image_processor/image_processor.egg-info/entry_points.txt
writing requirements to ../../build/image_processor/image_processor.egg-info/requires.txt
writing top-level names to ../../build/image_processor/image_processor.egg-info/top_level.txt
reading manifest file '../../build/image_processor/image_processor.egg-info/SOURCES.txt'
writing manifest file '../../build/image_processor/image_processor.egg-info/SOURCES.txt'
running build
running build_py
creating /home/jetson/ros2_ws/build/image_processor/build
creating /home/jetson/ros2_ws/build/image_processor/build/lib
creating /home/jetson/ros2_ws/build/image_processor/build/lib/image_processor
copying image_processor/__init__.py -> /home/jetson/ros2_ws/build/image_processor/build/lib/image_processor
copying image_processor/state_machine.py -> /home/jetson/ros2_ws/build/image_processor/build/lib/image_processor
creating /home/jetson/ros2_ws/build/image_processor/build/lib/image_processor/darknet_dir
copying image_processor/darknet_dir/darknet.py -> /home/jetson/ros2_ws/build/image_processor/build/lib/image_processor/darknet_dir
copying image_processor/darknet_dir/inference_darknet.py -> /home/jetson/ros2_ws/build/image_processor/build/lib/image_processor/darknet_dir
copying image_processor/darknet_dir/darknet_video.py -> /home/jetson/ros2_ws/build/image_processor/build/lib/image_processor/darknet_dir
copying image_processor/darknet_dir/__init__.py -> /home/jetson/ros2_ws/build/image_processor/build/lib/image_processor/darknet_dir
copying image_processor/darknet_dir/darknet_images.py -> /home/jetson/ros2_ws/build/image_processor/build/lib/image_processor/darknet_dir
running install
running install_lib
creating /home/jetson/ros2_ws/install/image_processor/lib/python3.8/site-packages/image_processor
creating /home/jetson/ros2_ws/install/image_processor/lib/python3.8/site-packages/image_processor/darknet_dir
copying /home/jetson/ros2_ws/build/image_processor/build/lib/image_processor/darknet_dir/darknet.py -> /home/jetson/ros2_ws/install/image_processor/lib/python3.8/site-packages/image_processor/darknet_dir
copying /home/jetson/ros2_ws/build/image_processor/build/lib/image_processor/darknet_dir/inference_darknet.py -> /home/jetson/ros2_ws/install/image_processor/lib/python3.8/site-packages/image_processor/darknet_dir
copying /home/jetson/ros2_ws/build/image_processor/build/lib/image_processor/darknet_dir/darknet_video.py -> /home/jetson/ros2_ws/install/image_processor/lib/python3.8/site-packages/image_processor/darknet_dir
copying /home/jetson/ros2_ws/build/image_processor/build/lib/image_processor/darknet_dir/__init__.py -> /home/jetson/ros2_ws/install/image_processor/lib/python3.8/site-packages/image_processor/darknet_dir
copying /home/jetson/ros2_ws/build/image_processor/build/lib/image_processor/darknet_dir/darknet_images.py -> /home/jetson/ros2_ws/install/image_processor/lib/python3.8/site-packages/image_processor/darknet_dir
copying /home/jetson/ros2_ws/build/image_processor/build/lib/image_processor/__init__.py -> /home/jetson/ros2_ws/install/image_processor/lib/python3.8/site-packages/image_processor
copying /home/jetson/ros2_ws/build/image_processor/build/lib/image_processor/state_machine.py -> /home/jetson/ros2_ws/install/image_processor/lib/python3.8/site-packages/image_processor
byte-compiling /home/jetson/ros2_ws/install/image_processor/lib/python3.8/site-packages/image_processor/darknet_dir/darknet.py to darknet.cpython-38.pyc
byte-compiling /home/jetson/ros2_ws/install/image_processor/lib/python3.8/site-packages/image_processor/darknet_dir/inference_darknet.py to inference_darknet.cpython-38.pyc
byte-compiling /home/jetson/ros2_ws/install/image_processor/lib/python3.8/site-packages/image_processor/darknet_dir/darknet_video.py to darknet_video.cpython-38.pyc
byte-compiling /home/jetson/ros2_ws/install/image_processor/lib/python3.8/site-packages/image_processor/darknet_dir/__init__.py to __init__.cpython-38.pyc
byte-compiling /home/jetson/ros2_ws/install/image_processor/lib/python3.8/site-packages/image_processor/darknet_dir/darknet_images.py to darknet_images.cpython-38.pyc
byte-compiling /home/jetson/ros2_ws/install/image_processor/lib/python3.8/site-packages/image_processor/__init__.py to __init__.cpython-38.pyc
byte-compiling /home/jetson/ros2_ws/install/image_processor/lib/python3.8/site-packages/image_processor/state_machine.py to state_machine.cpython-38.pyc
running install_data
copying resource/image_processor -> /home/jetson/ros2_ws/install/image_processor/share/ament_index/resource_index/packages
copying package.xml -> /home/jetson/ros2_ws/install/image_processor/share/image_processor
running install_egg_info
Copying ../../build/image_processor/image_processor.egg-info to /home/jetson/ros2_ws/install/image_processor/lib/python3.8/site-packages/image_processor-0.0.0-py3.8.egg-info
running install_scripts
Installing state_machine script to /home/jetson/ros2_ws/install/image_processor/lib/image_processor
writing list of installed files to '/home/jetson/ros2_ws/build/image_processor/install.log'
