[7.303s] Invoking command in '/home/jetson/ros2_ws/src/exer3_control': PYTHONPATH=/home/jetson/ros2_ws/src/build/exer3_control/prefix_override:/usr/lib/python3/dist-packages/colcon_core/task/python/colcon_distutils_commands:/home/jetson/ros2_ws/src/install/exer3_control/lib/python3.8/site-packages:${PYTHONPATH} /usr/bin/python3 -W ignore:setup.py install is deprecated -W ignore:easy_install command is deprecated setup.py egg_info --egg-base ../build/exer3_control build --build-base /home/jetson/ros2_ws/src/build/exer3_control/build install --record /home/jetson/ros2_ws/src/build/exer3_control/install.log --install-scripts $base/lib/exer3_control --single-version-externally-managed install_data
[9.163s] /usr/local/lib/python3.8/dist-packages/setuptools/dist.py:717: UserWarning: Usage of dash-separated 'script-dir' will not be supported in future versions. Please use the underscore name 'script_dir' instead
[9.165s]   warnings.warn(
[9.368s] running egg_info
[9.373s] writing ../build/exer3_control/exer3_control.egg-info/PKG-INFO
[9.374s] writing dependency_links to ../build/exer3_control/exer3_control.egg-info/dependency_links.txt
[9.375s] writing entry points to ../build/exer3_control/exer3_control.egg-info/entry_points.txt
[9.376s] writing requirements to ../build/exer3_control/exer3_control.egg-info/requires.txt
[9.380s] writing top-level names to ../build/exer3_control/exer3_control.egg-info/top_level.txt
[9.388s] reading manifest file '../build/exer3_control/exer3_control.egg-info/SOURCES.txt'
[9.396s] writing manifest file '../build/exer3_control/exer3_control.egg-info/SOURCES.txt'
[9.400s] running build
[9.400s] running build_py
[9.403s] running install
[9.405s] running install_lib
[9.412s] running install_data
[9.413s] running install_egg_info
[9.421s] removing '/home/jetson/ros2_ws/src/install/exer3_control/lib/python3.8/site-packages/exer3_control-0.0.0-py3.8.egg-info' (and everything under it)
[9.422s] Copying ../build/exer3_control/exer3_control.egg-info to /home/jetson/ros2_ws/src/install/exer3_control/lib/python3.8/site-packages/exer3_control-0.0.0-py3.8.egg-info
[9.435s] running install_scripts
[9.618s] Installing flight_controller script to /home/jetson/ros2_ws/src/install/exer3_control/lib/exer3_control
[9.620s] Installing grabber script to /home/jetson/ros2_ws/src/install/exer3_control/lib/exer3_control
[9.621s] Installing plotter script to /home/jetson/ros2_ws/src/install/exer3_control/lib/exer3_control
[9.623s] writing list of installed files to '/home/jetson/ros2_ws/src/build/exer3_control/install.log'
[9.937s] Invoked command in '/home/jetson/ros2_ws/src/exer3_control' returned '0': PYTHONPATH=/home/jetson/ros2_ws/src/build/exer3_control/prefix_override:/usr/lib/python3/dist-packages/colcon_core/task/python/colcon_distutils_commands:/home/jetson/ros2_ws/src/install/exer3_control/lib/python3.8/site-packages:${PYTHONPATH} /usr/bin/python3 -W ignore:setup.py install is deprecated -W ignore:easy_install command is deprecated setup.py egg_info --egg-base ../build/exer3_control build --build-base /home/jetson/ros2_ws/src/build/exer3_control/build install --record /home/jetson/ros2_ws/src/build/exer3_control/install.log --install-scripts $base/lib/exer3_control --single-version-externally-managed install_data
