[0.682s] Invoking command in '/home/jetson/ros2_ws/build/px4_autonomy_modules': CMAKE_PREFIX_PATH=${CMAKE_PREFIX_PATH}:/home/jetson/ros2_ws/install/waypoint_nav:/home/jetson/ros2_ws/install/vicon_obstacle_republisher:/home/jetson/ros2_ws/install/vicon_bridge:/home/jetson/ros2_ws/install/unit_tester:/home/jetson/ros2_ws/install/realsense2mavros:/home/jetson/ros2_ws/install/image_saver:/home/jetson/ros2_ws/install/image_processor:/home/jetson/ros2_ws/install/exer3_control:/home/jetson/ros2_ws/install/exer2_control:/home/jetson/ros2_ws/install/dummy_waypoint_publisher:/home/jetson/ros2_ws/install/dummy_vicon_republisher:/home/jetson/ros2_ws/install/crack_controller:/home/jetson/ros2_ws/install/crack_comm:/home/jetson/ros2_ws/install/comm_node:/home/jetson/ros2_ws/install/api_waypoint:/opt/ros/foxy /usr/bin/cmake --build /home/jetson/ros2_ws/build/px4_autonomy_modules -- -j4 -l4
[1.495s] (Argus) Error FileOperationFailed: Socket poll failed: Interrupted system call (in src/rpc/socket/common/SocketUtils.cpp, function readSocket(), line 69)
[1.497s] (Argus) Error FileOperationFailed: Unexpected error in reading socket (in src/rpc/socket/client/ClientSocketManager.cpp, function recvThreadCore(), line 266)
[1.498s] (Argus) Error FileOperationFailed: Receiving thread terminated with error (in src/rpc/socket/client/ClientSocketManager.cpp, function recvThreadWrapper(), line 368)
[1.800s] (Argus) Error InvalidState: Receive thread is not running cannot send. (in src/rpc/socket/client/ClientSocketManager.cpp, function send(), line 96)
[1.801s] (Argus) Error InvalidState:  (propagating from src/rpc/socket/client/SocketClientDispatch.cpp, function dispatch(), line 91)
[3.746s] Invoked command in '/home/jetson/ros2_ws/build/px4_autonomy_modules' returned '0': CMAKE_PREFIX_PATH=${CMAKE_PREFIX_PATH}:/home/jetson/ros2_ws/install/waypoint_nav:/home/jetson/ros2_ws/install/vicon_obstacle_republisher:/home/jetson/ros2_ws/install/vicon_bridge:/home/jetson/ros2_ws/install/unit_tester:/home/jetson/ros2_ws/install/realsense2mavros:/home/jetson/ros2_ws/install/image_saver:/home/jetson/ros2_ws/install/image_processor:/home/jetson/ros2_ws/install/exer3_control:/home/jetson/ros2_ws/install/exer2_control:/home/jetson/ros2_ws/install/dummy_waypoint_publisher:/home/jetson/ros2_ws/install/dummy_vicon_republisher:/home/jetson/ros2_ws/install/crack_controller:/home/jetson/ros2_ws/install/crack_comm:/home/jetson/ros2_ws/install/comm_node:/home/jetson/ros2_ws/install/api_waypoint:/opt/ros/foxy /usr/bin/cmake --build /home/jetson/ros2_ws/build/px4_autonomy_modules -- -j4 -l4
[4.351s] Invoking command in '/home/jetson/ros2_ws/build/px4_autonomy_modules': CMAKE_PREFIX_PATH=${CMAKE_PREFIX_PATH}:/home/jetson/ros2_ws/install/waypoint_nav:/home/jetson/ros2_ws/install/vicon_obstacle_republisher:/home/jetson/ros2_ws/install/vicon_bridge:/home/jetson/ros2_ws/install/unit_tester:/home/jetson/ros2_ws/install/realsense2mavros:/home/jetson/ros2_ws/install/image_saver:/home/jetson/ros2_ws/install/image_processor:/home/jetson/ros2_ws/install/exer3_control:/home/jetson/ros2_ws/install/exer2_control:/home/jetson/ros2_ws/install/dummy_waypoint_publisher:/home/jetson/ros2_ws/install/dummy_vicon_republisher:/home/jetson/ros2_ws/install/crack_controller:/home/jetson/ros2_ws/install/crack_comm:/home/jetson/ros2_ws/install/comm_node:/home/jetson/ros2_ws/install/api_waypoint:/opt/ros/foxy /usr/bin/cmake --install /home/jetson/ros2_ws/build/px4_autonomy_modules
[4.463s] -- Install configuration: ""
[4.465s] -- Execute custom install script
[4.468s] -- Up-to-date symlink: /home/jetson/ros2_ws/install/px4_autonomy_modules/share/px4_autonomy_modules/launch/mavros.launch.py
[4.469s] -- Up-to-date symlink: /home/jetson/ros2_ws/install/px4_autonomy_modules/share/px4_autonomy_modules/launch/px4_config.yaml
[4.470s] -- Up-to-date symlink: /home/jetson/ros2_ws/install/px4_autonomy_modules/share/px4_autonomy_modules/launch/px4_pluginlists.yaml
[4.472s] -- Up-to-date symlink: /home/jetson/ros2_ws/install/px4_autonomy_modules/share/ament_index/resource_index/package_run_dependencies/px4_autonomy_modules
[4.475s] -- Up-to-date symlink: /home/jetson/ros2_ws/install/px4_autonomy_modules/share/ament_index/resource_index/parent_prefix_path/px4_autonomy_modules
[4.477s] -- Up-to-date symlink: /home/jetson/ros2_ws/install/px4_autonomy_modules/share/px4_autonomy_modules/environment/ament_prefix_path.sh
[4.477s] -- Up-to-date symlink: /home/jetson/ros2_ws/install/px4_autonomy_modules/share/px4_autonomy_modules/environment/ament_prefix_path.dsv
[4.479s] -- Up-to-date symlink: /home/jetson/ros2_ws/install/px4_autonomy_modules/share/px4_autonomy_modules/environment/path.sh
[4.480s] -- Up-to-date symlink: /home/jetson/ros2_ws/install/px4_autonomy_modules/share/px4_autonomy_modules/environment/path.dsv
[4.481s] -- Up-to-date symlink: /home/jetson/ros2_ws/install/px4_autonomy_modules/share/px4_autonomy_modules/local_setup.bash
[4.483s] -- Up-to-date symlink: /home/jetson/ros2_ws/install/px4_autonomy_modules/share/px4_autonomy_modules/local_setup.sh
[4.484s] -- Up-to-date symlink: /home/jetson/ros2_ws/install/px4_autonomy_modules/share/px4_autonomy_modules/local_setup.zsh
[4.485s] -- Up-to-date symlink: /home/jetson/ros2_ws/install/px4_autonomy_modules/share/px4_autonomy_modules/local_setup.dsv
[4.486s] -- Symlinking: /home/jetson/ros2_ws/install/px4_autonomy_modules/share/px4_autonomy_modules/package.dsv
[4.597s] -- Up-to-date symlink: /home/jetson/ros2_ws/install/px4_autonomy_modules/share/ament_index/resource_index/packages/px4_autonomy_modules
[4.597s] -- Up-to-date symlink: /home/jetson/ros2_ws/install/px4_autonomy_modules/share/px4_autonomy_modules/cmake/px4_autonomy_modulesConfig.cmake
[4.598s] -- Up-to-date symlink: /home/jetson/ros2_ws/install/px4_autonomy_modules/share/px4_autonomy_modules/cmake/px4_autonomy_modulesConfig-version.cmake
[4.598s] -- Up-to-date symlink: /home/jetson/ros2_ws/install/px4_autonomy_modules/share/px4_autonomy_modules/package.xml
[5.115s] Invoked command in '/home/jetson/ros2_ws/build/px4_autonomy_modules' returned '0': CMAKE_PREFIX_PATH=${CMAKE_PREFIX_PATH}:/home/jetson/ros2_ws/install/waypoint_nav:/home/jetson/ros2_ws/install/vicon_obstacle_republisher:/home/jetson/ros2_ws/install/vicon_bridge:/home/jetson/ros2_ws/install/unit_tester:/home/jetson/ros2_ws/install/realsense2mavros:/home/jetson/ros2_ws/install/image_saver:/home/jetson/ros2_ws/install/image_processor:/home/jetson/ros2_ws/install/exer3_control:/home/jetson/ros2_ws/install/exer2_control:/home/jetson/ros2_ws/install/dummy_waypoint_publisher:/home/jetson/ros2_ws/install/dummy_vicon_republisher:/home/jetson/ros2_ws/install/crack_controller:/home/jetson/ros2_ws/install/crack_comm:/home/jetson/ros2_ws/install/comm_node:/home/jetson/ros2_ws/install/api_waypoint:/opt/ros/foxy /usr/bin/cmake --install /home/jetson/ros2_ws/build/px4_autonomy_modules
