[0.266s] Invoking command in '/home/jetson/ros2_ws/src/build/px4_autonomy_modules': CMAKE_PREFIX_PATH=${CMAKE_PREFIX_PATH}:/home/jetson/ros2_ws/install/waypoint_nav:/home/jetson/ros2_ws/install/vicon_obstacle_republisher:/home/jetson/ros2_ws/install/vicon_bridge:/home/jetson/ros2_ws/install/unit_tester:/home/jetson/ros2_ws/install/realsense2mavros:/home/jetson/ros2_ws/install/image_saver:/home/jetson/ros2_ws/install/exer3_control:/home/jetson/ros2_ws/install/exer2_control:/home/jetson/ros2_ws/install/dummy_waypoint_publisher:/home/jetson/ros2_ws/install/dummy_vicon_republisher:/home/jetson/ros2_ws/install/crack_controller:/home/jetson/ros2_ws/install/crack_comm:/home/jetson/ros2_ws/install/comm_node:/home/jetson/ros2_ws/install/api_waypoint:/opt/ros/foxy /usr/bin/cmake --build /home/jetson/ros2_ws/src/build/px4_autonomy_modules -- -j4 -l4
[2.362s] Invoked command in '/home/jetson/ros2_ws/src/build/px4_autonomy_modules' returned '0': CMAKE_PREFIX_PATH=${CMAKE_PREFIX_PATH}:/home/jetson/ros2_ws/install/waypoint_nav:/home/jetson/ros2_ws/install/vicon_obstacle_republisher:/home/jetson/ros2_ws/install/vicon_bridge:/home/jetson/ros2_ws/install/unit_tester:/home/jetson/ros2_ws/install/realsense2mavros:/home/jetson/ros2_ws/install/image_saver:/home/jetson/ros2_ws/install/exer3_control:/home/jetson/ros2_ws/install/exer2_control:/home/jetson/ros2_ws/install/dummy_waypoint_publisher:/home/jetson/ros2_ws/install/dummy_vicon_republisher:/home/jetson/ros2_ws/install/crack_controller:/home/jetson/ros2_ws/install/crack_comm:/home/jetson/ros2_ws/install/comm_node:/home/jetson/ros2_ws/install/api_waypoint:/opt/ros/foxy /usr/bin/cmake --build /home/jetson/ros2_ws/src/build/px4_autonomy_modules -- -j4 -l4
[2.430s] Invoking command in '/home/jetson/ros2_ws/src/build/px4_autonomy_modules': CMAKE_PREFIX_PATH=${CMAKE_PREFIX_PATH}:/home/jetson/ros2_ws/install/waypoint_nav:/home/jetson/ros2_ws/install/vicon_obstacle_republisher:/home/jetson/ros2_ws/install/vicon_bridge:/home/jetson/ros2_ws/install/unit_tester:/home/jetson/ros2_ws/install/realsense2mavros:/home/jetson/ros2_ws/install/image_saver:/home/jetson/ros2_ws/install/exer3_control:/home/jetson/ros2_ws/install/exer2_control:/home/jetson/ros2_ws/install/dummy_waypoint_publisher:/home/jetson/ros2_ws/install/dummy_vicon_republisher:/home/jetson/ros2_ws/install/crack_controller:/home/jetson/ros2_ws/install/crack_comm:/home/jetson/ros2_ws/install/comm_node:/home/jetson/ros2_ws/install/api_waypoint:/opt/ros/foxy /usr/bin/cmake --install /home/jetson/ros2_ws/src/build/px4_autonomy_modules
[2.490s] -- Install configuration: ""
[2.490s] -- Up-to-date: /home/jetson/ros2_ws/src/install/px4_autonomy_modules/share/px4_autonomy_modules/launch
[2.498s] -- Up-to-date: /home/jetson/ros2_ws/src/install/px4_autonomy_modules/share/px4_autonomy_modules/launch/px4_config.yaml
[2.499s] -- Up-to-date: /home/jetson/ros2_ws/src/install/px4_autonomy_modules/share/px4_autonomy_modules/launch/px4_pluginlists.yaml
[2.507s] -- Up-to-date: /home/jetson/ros2_ws/src/install/px4_autonomy_modules/share/px4_autonomy_modules/launch/mavros.launch.py
[2.508s] -- Up-to-date: /home/jetson/ros2_ws/src/install/px4_autonomy_modules/share/ament_index/resource_index/package_run_dependencies/px4_autonomy_modules
[2.508s] -- Up-to-date: /home/jetson/ros2_ws/src/install/px4_autonomy_modules/share/ament_index/resource_index/parent_prefix_path/px4_autonomy_modules
[2.510s] -- Up-to-date: /home/jetson/ros2_ws/src/install/px4_autonomy_modules/share/px4_autonomy_modules/environment/ament_prefix_path.sh
[2.511s] -- Up-to-date: /home/jetson/ros2_ws/src/install/px4_autonomy_modules/share/px4_autonomy_modules/environment/ament_prefix_path.dsv
[2.511s] -- Up-to-date: /home/jetson/ros2_ws/src/install/px4_autonomy_modules/share/px4_autonomy_modules/environment/path.sh
[2.512s] -- Up-to-date: /home/jetson/ros2_ws/src/install/px4_autonomy_modules/share/px4_autonomy_modules/environment/path.dsv
[2.512s] -- Up-to-date: /home/jetson/ros2_ws/src/install/px4_autonomy_modules/share/px4_autonomy_modules/local_setup.bash
[2.512s] -- Up-to-date: /home/jetson/ros2_ws/src/install/px4_autonomy_modules/share/px4_autonomy_modules/local_setup.sh
[2.513s] -- Up-to-date: /home/jetson/ros2_ws/src/install/px4_autonomy_modules/share/px4_autonomy_modules/local_setup.zsh
[2.513s] -- Up-to-date: /home/jetson/ros2_ws/src/install/px4_autonomy_modules/share/px4_autonomy_modules/local_setup.dsv
[2.514s] -- Installing: /home/jetson/ros2_ws/src/install/px4_autonomy_modules/share/px4_autonomy_modules/package.dsv
[2.514s] -- Up-to-date: /home/jetson/ros2_ws/src/install/px4_autonomy_modules/share/ament_index/resource_index/packages/px4_autonomy_modules
[2.526s] -- Up-to-date: /home/jetson/ros2_ws/src/install/px4_autonomy_modules/share/px4_autonomy_modules/cmake/px4_autonomy_modulesConfig.cmake
[2.527s] -- Up-to-date: /home/jetson/ros2_ws/src/install/px4_autonomy_modules/share/px4_autonomy_modules/cmake/px4_autonomy_modulesConfig-version.cmake
[2.527s] -- Up-to-date: /home/jetson/ros2_ws/src/install/px4_autonomy_modules/share/px4_autonomy_modules/package.xml
[2.560s] Invoked command in '/home/jetson/ros2_ws/src/build/px4_autonomy_modules' returned '0': CMAKE_PREFIX_PATH=${CMAKE_PREFIX_PATH}:/home/jetson/ros2_ws/install/waypoint_nav:/home/jetson/ros2_ws/install/vicon_obstacle_republisher:/home/jetson/ros2_ws/install/vicon_bridge:/home/jetson/ros2_ws/install/unit_tester:/home/jetson/ros2_ws/install/realsense2mavros:/home/jetson/ros2_ws/install/image_saver:/home/jetson/ros2_ws/install/exer3_control:/home/jetson/ros2_ws/install/exer2_control:/home/jetson/ros2_ws/install/dummy_waypoint_publisher:/home/jetson/ros2_ws/install/dummy_vicon_republisher:/home/jetson/ros2_ws/install/crack_controller:/home/jetson/ros2_ws/install/crack_comm:/home/jetson/ros2_ws/install/comm_node:/home/jetson/ros2_ws/install/api_waypoint:/opt/ros/foxy /usr/bin/cmake --install /home/jetson/ros2_ws/src/build/px4_autonomy_modules
