[7.671s] Invoking command in '/home/jetson/ros2_ws/src/comm_node': PYTHONPATH=/home/jetson/ros2_ws/src/build/comm_node/prefix_override:/usr/lib/python3/dist-packages/colcon_core/task/python/colcon_distutils_commands:/home/jetson/ros2_ws/src/install/comm_node/lib/python3.8/site-packages:${PYTHONPATH} /usr/bin/python3 -W ignore:setup.py install is deprecated -W ignore:easy_install command is deprecated setup.py egg_info --egg-base ../build/comm_node build --build-base /home/jetson/ros2_ws/src/build/comm_node/build install --record /home/jetson/ros2_ws/src/build/comm_node/install.log --install-scripts $base/lib/comm_node --single-version-externally-managed install_data
[9.364s] /usr/local/lib/python3.8/dist-packages/setuptools/dist.py:717: UserWarning: Usage of dash-separated 'script-dir' will not be supported in future versions. Please use the underscore name 'script_dir' instead
[9.365s]   warnings.warn(
[9.562s] running egg_info
[9.565s] writing ../build/comm_node/comm_node.egg-info/PKG-INFO
[9.569s] writing dependency_links to ../build/comm_node/comm_node.egg-info/dependency_links.txt
[9.570s] writing entry points to ../build/comm_node/comm_node.egg-info/entry_points.txt
[9.577s] writing requirements to ../build/comm_node/comm_node.egg-info/requires.txt
[9.582s] writing top-level names to ../build/comm_node/comm_node.egg-info/top_level.txt
[9.585s] reading manifest file '../build/comm_node/comm_node.egg-info/SOURCES.txt'
[9.590s] writing manifest file '../build/comm_node/comm_node.egg-info/SOURCES.txt'
[9.595s] running build
[9.603s] running build_py
[9.607s] running install
[9.610s] running install_lib
[9.612s] running install_data
[9.613s] running install_egg_info
[9.623s] removing '/home/jetson/ros2_ws/src/install/comm_node/lib/python3.8/site-packages/comm_node-0.0.1-py3.8.egg-info' (and everything under it)
[9.634s] Copying ../build/comm_node/comm_node.egg-info to /home/jetson/ros2_ws/src/install/comm_node/lib/python3.8/site-packages/comm_node-0.0.1-py3.8.egg-info
[9.635s] running install_scripts
[9.755s] Installing comm script to /home/jetson/ros2_ws/src/install/comm_node/lib/comm_node
[9.760s] writing list of installed files to '/home/jetson/ros2_ws/src/build/comm_node/install.log'
[9.924s] Invoked command in '/home/jetson/ros2_ws/src/comm_node' returned '0': PYTHONPATH=/home/jetson/ros2_ws/src/build/comm_node/prefix_override:/usr/lib/python3/dist-packages/colcon_core/task/python/colcon_distutils_commands:/home/jetson/ros2_ws/src/install/comm_node/lib/python3.8/site-packages:${PYTHONPATH} /usr/bin/python3 -W ignore:setup.py install is deprecated -W ignore:easy_install command is deprecated setup.py egg_info --egg-base ../build/comm_node build --build-base /home/jetson/ros2_ws/src/build/comm_node/build install --record /home/jetson/ros2_ws/src/build/comm_node/install.log --install-scripts $base/lib/comm_node --single-version-externally-managed install_data
