[25.460s] Invoking command in '/home/jetson/ros2_ws/src/image_processor': PYTHONPATH=/home/jetson/ros2_ws/build/image_processor/prefix_override:/usr/lib/python3/dist-packages/colcon_core/task/python/colcon_distutils_commands:/home/jetson/ros2_ws/install/image_processor/lib/python3.8/site-packages:${PYTHONPATH} /usr/bin/python3 -W ignore:setup.py install is deprecated -W ignore:easy_install command is deprecated setup.py egg_info --egg-base ../../build/image_processor build --build-base /home/jetson/ros2_ws/build/image_processor/build install --record /home/jetson/ros2_ws/build/image_processor/install.log --install-scripts $base/lib/image_processor --single-version-externally-managed install_data
[28.682s] /usr/local/lib/python3.8/dist-packages/setuptools/dist.py:717: UserWarning: Usage of dash-separated 'script-dir' will not be supported in future versions. Please use the underscore name 'script_dir' instead
[28.683s]   warnings.warn(
[28.902s] running egg_info
[28.905s] writing ../../build/image_processor/image_processor.egg-info/PKG-INFO
[28.907s] writing dependency_links to ../../build/image_processor/image_processor.egg-info/dependency_links.txt
[28.908s] writing entry points to ../../build/image_processor/image_processor.egg-info/entry_points.txt
[28.909s] writing requirements to ../../build/image_processor/image_processor.egg-info/requires.txt
[28.909s] writing top-level names to ../../build/image_processor/image_processor.egg-info/top_level.txt
[28.934s] reading manifest file '../../build/image_processor/image_processor.egg-info/SOURCES.txt'
[28.935s] writing manifest file '../../build/image_processor/image_processor.egg-info/SOURCES.txt'
[28.936s] running build
[28.936s] running build_py
[28.944s] copying image_processor/state_machine.py -> /home/jetson/ros2_ws/build/image_processor/build/lib/image_processor
[28.962s] running install
[28.967s] running install_lib
[28.975s] copying /home/jetson/ros2_ws/build/image_processor/build/lib/image_processor/state_machine.py -> /home/jetson/ros2_ws/install/image_processor/lib/python3.8/site-packages/image_processor
[28.982s] byte-compiling /home/jetson/ros2_ws/install/image_processor/lib/python3.8/site-packages/image_processor/state_machine.py to state_machine.cpython-38.pyc
[28.993s] running install_data
[29.003s] running install_egg_info
[29.013s] removing '/home/jetson/ros2_ws/install/image_processor/lib/python3.8/site-packages/image_processor-0.0.0-py3.8.egg-info' (and everything under it)
[29.021s] Copying ../../build/image_processor/image_processor.egg-info to /home/jetson/ros2_ws/install/image_processor/lib/python3.8/site-packages/image_processor-0.0.0-py3.8.egg-info
[29.030s] running install_scripts
[29.166s] Installing state_machine script to /home/jetson/ros2_ws/install/image_processor/lib/image_processor
[29.213s] writing list of installed files to '/home/jetson/ros2_ws/build/image_processor/install.log'
[30.025s] Invoked command in '/home/jetson/ros2_ws/src/image_processor' returned '0': PYTHONPATH=/home/jetson/ros2_ws/build/image_processor/prefix_override:/usr/lib/python3/dist-packages/colcon_core/task/python/colcon_distutils_commands:/home/jetson/ros2_ws/install/image_processor/lib/python3.8/site-packages:${PYTHONPATH} /usr/bin/python3 -W ignore:setup.py install is deprecated -W ignore:easy_install command is deprecated setup.py egg_info --egg-base ../../build/image_processor build --build-base /home/jetson/ros2_ws/build/image_processor/build install --record /home/jetson/ros2_ws/build/image_processor/install.log --install-scripts $base/lib/image_processor --single-version-externally-managed install_data
