[7.460s] Invoking command in '/home/jetson/ros2_ws/src/waypoint_nav': PYTHONPATH=/home/jetson/ros2_ws/src/build/waypoint_nav/prefix_override:/usr/lib/python3/dist-packages/colcon_core/task/python/colcon_distutils_commands:/home/jetson/ros2_ws/src/install/waypoint_nav/lib/python3.8/site-packages:${PYTHONPATH} /usr/bin/python3 -W ignore:setup.py install is deprecated -W ignore:easy_install command is deprecated setup.py egg_info --egg-base ../build/waypoint_nav build --build-base /home/jetson/ros2_ws/src/build/waypoint_nav/build install --record /home/jetson/ros2_ws/src/build/waypoint_nav/install.log --install-scripts $base/lib/waypoint_nav --single-version-externally-managed install_data
[8.837s] /usr/local/lib/python3.8/dist-packages/setuptools/dist.py:717: UserWarning: Usage of dash-separated 'script-dir' will not be supported in future versions. Please use the underscore name 'script_dir' instead
[8.838s]   warnings.warn(
[9.012s] running egg_info
[9.013s] writing ../build/waypoint_nav/waypoint_nav.egg-info/PKG-INFO
[9.013s] writing dependency_links to ../build/waypoint_nav/waypoint_nav.egg-info/dependency_links.txt
[9.014s] writing entry points to ../build/waypoint_nav/waypoint_nav.egg-info/entry_points.txt
[9.014s] writing requirements to ../build/waypoint_nav/waypoint_nav.egg-info/requires.txt
[9.015s] writing top-level names to ../build/waypoint_nav/waypoint_nav.egg-info/top_level.txt
[9.027s] reading manifest file '../build/waypoint_nav/waypoint_nav.egg-info/SOURCES.txt'
[9.034s] writing manifest file '../build/waypoint_nav/waypoint_nav.egg-info/SOURCES.txt'
[9.034s] running build
[9.035s] running build_py
[9.035s] running install
[9.039s] running install_lib
[9.047s] running install_data
[9.047s] running install_egg_info
[9.062s] removing '/home/jetson/ros2_ws/src/install/waypoint_nav/lib/python3.8/site-packages/waypoint_nav-0.0.0-py3.8.egg-info' (and everything under it)
[9.063s] Copying ../build/waypoint_nav/waypoint_nav.egg-info to /home/jetson/ros2_ws/src/install/waypoint_nav/lib/python3.8/site-packages/waypoint_nav-0.0.0-py3.8.egg-info
[9.063s] running install_scripts
[9.228s] Installing waypoint script to /home/jetson/ros2_ws/src/install/waypoint_nav/lib/waypoint_nav
[9.231s] writing list of installed files to '/home/jetson/ros2_ws/src/build/waypoint_nav/install.log'
[9.341s] Invoked command in '/home/jetson/ros2_ws/src/waypoint_nav' returned '0': PYTHONPATH=/home/jetson/ros2_ws/src/build/waypoint_nav/prefix_override:/usr/lib/python3/dist-packages/colcon_core/task/python/colcon_distutils_commands:/home/jetson/ros2_ws/src/install/waypoint_nav/lib/python3.8/site-packages:${PYTHONPATH} /usr/bin/python3 -W ignore:setup.py install is deprecated -W ignore:easy_install command is deprecated setup.py egg_info --egg-base ../build/waypoint_nav build --build-base /home/jetson/ros2_ws/src/build/waypoint_nav/build install --record /home/jetson/ros2_ws/src/build/waypoint_nav/install.log --install-scripts $base/lib/waypoint_nav --single-version-externally-managed install_data
