[0.962s] DEBUG:colcon:Command line arguments: ['/usr/bin/colcon', 'build', '--packages-select', 'image_processor']
[0.962s] DEBUG:colcon:Parsed command line arguments: Namespace(allow_overriding=[], ament_cmake_args=None, base_paths=['.'], build_base='build', catkin_cmake_args=None, catkin_skip_building_tests=False, cmake_args=None, cmake_clean_cache=False, cmake_clean_first=False, cmake_force_configure=False, cmake_target=None, cmake_target_skip_unavailable=False, continue_on_error=False, event_handlers=None, executor='parallel', ignore_user_meta=False, install_base='install', log_base=None, log_level=None, main=<bound method BuildVerb.main of <colcon_core.verb.build.BuildVerb object at 0x7fb63d9880>>, merge_install=False, metas=['./colcon.meta'], packages_above=None, packages_above_and_dependencies=None, packages_above_depth=None, packages_end=None, packages_ignore=None, packages_ignore_regex=None, packages_select=['image_processor'], packages_select_build_failed=False, packages_select_by_dep=None, packages_select_regex=None, packages_select_test_failures=False, packages_skip=None, packages_skip_build_finished=False, packages_skip_by_dep=None, packages_skip_regex=None, packages_skip_test_passed=False, packages_skip_up_to=None, packages_start=None, packages_up_to=None, packages_up_to_regex=None, parallel_workers=4, paths=None, symlink_install=False, test_result_base=None, verb_extension=<colcon_core.verb.build.BuildVerb object at 0x7fb63d9880>, verb_name='build', verb_parser=<colcon_defaults.argument_parser.defaults.DefaultArgumentsDecorator object at 0x7fb6237370>)
[1.993s] Level 1:colcon.colcon_core.package_discovery:discover_packages(colcon_meta) check parameters
[1.994s] Level 1:colcon.colcon_core.package_discovery:discover_packages(recursive) check parameters
[1.994s] Level 1:colcon.colcon_core.package_discovery:discover_packages(ignore) check parameters
[1.994s] Level 1:colcon.colcon_core.package_discovery:discover_packages(path) check parameters
[1.994s] Level 1:colcon.colcon_core.package_discovery:discover_packages(colcon_meta) discover
[1.994s] Level 1:colcon.colcon_core.package_discovery:discover_packages(recursive) discover
[1.995s] INFO:colcon.colcon_core.package_discovery:Crawling recursively for packages in '/home/jetson/ros2_ws/src'
[1.995s] Level 1:colcon.colcon_core.package_identification:_identify(.) by extensions ['ignore', 'ignore_ament_install']
[1.996s] Level 1:colcon.colcon_core.package_identification:_identify(.) by extension 'ignore'
[1.996s] Level 1:colcon.colcon_core.package_identification:_identify(.) by extension 'ignore_ament_install'
[1.996s] Level 1:colcon.colcon_core.package_identification:_identify(.) by extensions ['colcon_pkg']
[1.996s] Level 1:colcon.colcon_core.package_identification:_identify(.) by extension 'colcon_pkg'
[1.997s] Level 1:colcon.colcon_core.package_identification:_identify(.) by extensions ['colcon_meta']
[1.997s] Level 1:colcon.colcon_core.package_identification:_identify(.) by extension 'colcon_meta'
[1.997s] Level 1:colcon.colcon_core.package_identification:_identify(.) by extensions ['ros']
[1.997s] Level 1:colcon.colcon_core.package_identification:_identify(.) by extension 'ros'
[2.084s] Level 1:colcon.colcon_core.package_identification:_identify(.) by extensions ['cmake', 'python']
[2.084s] Level 1:colcon.colcon_core.package_identification:_identify(.) by extension 'cmake'
[2.084s] Level 1:colcon.colcon_core.package_identification:_identify(.) by extension 'python'
[2.085s] Level 1:colcon.colcon_core.package_identification:_identify(.) by extensions ['python_setup_py']
[2.085s] Level 1:colcon.colcon_core.package_identification:_identify(.) by extension 'python_setup_py'
[2.085s] Level 1:colcon.colcon_core.package_identification:_identify(api_waypoint) by extensions ['ignore', 'ignore_ament_install']
[2.086s] Level 1:colcon.colcon_core.package_identification:_identify(api_waypoint) by extension 'ignore'
[2.086s] Level 1:colcon.colcon_core.package_identification:_identify(api_waypoint) by extension 'ignore_ament_install'
[2.086s] Level 1:colcon.colcon_core.package_identification:_identify(api_waypoint) by extensions ['colcon_pkg']
[2.086s] Level 1:colcon.colcon_core.package_identification:_identify(api_waypoint) by extension 'colcon_pkg'
[2.087s] Level 1:colcon.colcon_core.package_identification:_identify(api_waypoint) by extensions ['colcon_meta']
[2.087s] Level 1:colcon.colcon_core.package_identification:_identify(api_waypoint) by extension 'colcon_meta'
[2.087s] Level 1:colcon.colcon_core.package_identification:_identify(api_waypoint) by extensions ['ros']
[2.087s] Level 1:colcon.colcon_core.package_identification:_identify(api_waypoint) by extension 'ros'
[2.097s] DEBUG:colcon.colcon_core.package_identification:Package 'api_waypoint' with type 'ros.ament_python' and name 'api_waypoint'
[2.097s] Level 1:colcon.colcon_core.package_identification:_identify(build) by extensions ['ignore', 'ignore_ament_install']
[2.098s] Level 1:colcon.colcon_core.package_identification:_identify(build) by extension 'ignore'
[2.098s] Level 1:colcon.colcon_core.package_identification:_identify(build) ignored
[2.099s] Level 1:colcon.colcon_core.package_identification:_identify(comm_node) by extensions ['ignore', 'ignore_ament_install']
[2.099s] Level 1:colcon.colcon_core.package_identification:_identify(comm_node) by extension 'ignore'
[2.099s] Level 1:colcon.colcon_core.package_identification:_identify(comm_node) by extension 'ignore_ament_install'
[2.099s] Level 1:colcon.colcon_core.package_identification:_identify(comm_node) by extensions ['colcon_pkg']
[2.100s] Level 1:colcon.colcon_core.package_identification:_identify(comm_node) by extension 'colcon_pkg'
[2.100s] Level 1:colcon.colcon_core.package_identification:_identify(comm_node) by extensions ['colcon_meta']
[2.100s] Level 1:colcon.colcon_core.package_identification:_identify(comm_node) by extension 'colcon_meta'
[2.100s] Level 1:colcon.colcon_core.package_identification:_identify(comm_node) by extensions ['ros']
[2.100s] Level 1:colcon.colcon_core.package_identification:_identify(comm_node) by extension 'ros'
[2.103s] DEBUG:colcon.colcon_core.package_identification:Package 'comm_node' with type 'ros.ament_python' and name 'comm_node'
[2.104s] Level 1:colcon.colcon_core.package_identification:_identify(crack_comm) by extensions ['ignore', 'ignore_ament_install']
[2.104s] Level 1:colcon.colcon_core.package_identification:_identify(crack_comm) by extension 'ignore'
[2.105s] Level 1:colcon.colcon_core.package_identification:_identify(crack_comm) by extension 'ignore_ament_install'
[2.105s] Level 1:colcon.colcon_core.package_identification:_identify(crack_comm) by extensions ['colcon_pkg']
[2.105s] Level 1:colcon.colcon_core.package_identification:_identify(crack_comm) by extension 'colcon_pkg'
[2.105s] Level 1:colcon.colcon_core.package_identification:_identify(crack_comm) by extensions ['colcon_meta']
[2.105s] Level 1:colcon.colcon_core.package_identification:_identify(crack_comm) by extension 'colcon_meta'
[2.106s] Level 1:colcon.colcon_core.package_identification:_identify(crack_comm) by extensions ['ros']
[2.106s] Level 1:colcon.colcon_core.package_identification:_identify(crack_comm) by extension 'ros'
[2.108s] DEBUG:colcon.colcon_core.package_identification:Package 'crack_comm' with type 'ros.ament_python' and name 'crack_comm'
[2.109s] Level 1:colcon.colcon_core.package_identification:_identify(crack_controller) by extensions ['ignore', 'ignore_ament_install']
[2.109s] Level 1:colcon.colcon_core.package_identification:_identify(crack_controller) by extension 'ignore'
[2.109s] Level 1:colcon.colcon_core.package_identification:_identify(crack_controller) by extension 'ignore_ament_install'
[2.109s] Level 1:colcon.colcon_core.package_identification:_identify(crack_controller) by extensions ['colcon_pkg']
[2.110s] Level 1:colcon.colcon_core.package_identification:_identify(crack_controller) by extension 'colcon_pkg'
[2.110s] Level 1:colcon.colcon_core.package_identification:_identify(crack_controller) by extensions ['colcon_meta']
[2.110s] Level 1:colcon.colcon_core.package_identification:_identify(crack_controller) by extension 'colcon_meta'
[2.110s] Level 1:colcon.colcon_core.package_identification:_identify(crack_controller) by extensions ['ros']
[2.110s] Level 1:colcon.colcon_core.package_identification:_identify(crack_controller) by extension 'ros'
[2.112s] DEBUG:colcon.colcon_core.package_identification:Package 'crack_controller' with type 'ros.ament_python' and name 'crack_controller'
[2.113s] Level 1:colcon.colcon_core.package_identification:_identify(drone_images) by extensions ['ignore', 'ignore_ament_install']
[2.113s] Level 1:colcon.colcon_core.package_identification:_identify(drone_images) by extension 'ignore'
[2.113s] Level 1:colcon.colcon_core.package_identification:_identify(drone_images) by extension 'ignore_ament_install'
[2.114s] Level 1:colcon.colcon_core.package_identification:_identify(drone_images) by extensions ['colcon_pkg']
[2.114s] Level 1:colcon.colcon_core.package_identification:_identify(drone_images) by extension 'colcon_pkg'
[2.114s] Level 1:colcon.colcon_core.package_identification:_identify(drone_images) by extensions ['colcon_meta']
[2.114s] Level 1:colcon.colcon_core.package_identification:_identify(drone_images) by extension 'colcon_meta'
[2.114s] Level 1:colcon.colcon_core.package_identification:_identify(drone_images) by extensions ['ros']
[2.115s] Level 1:colcon.colcon_core.package_identification:_identify(drone_images) by extension 'ros'
[2.115s] Level 1:colcon.colcon_core.package_identification:_identify(drone_images) by extensions ['cmake', 'python']
[2.115s] Level 1:colcon.colcon_core.package_identification:_identify(drone_images) by extension 'cmake'
[2.115s] Level 1:colcon.colcon_core.package_identification:_identify(drone_images) by extension 'python'
[2.115s] Level 1:colcon.colcon_core.package_identification:_identify(drone_images) by extensions ['python_setup_py']
[2.115s] Level 1:colcon.colcon_core.package_identification:_identify(drone_images) by extension 'python_setup_py'
[2.116s] Level 1:colcon.colcon_core.package_identification:_identify(dummy_vicon_republisher) by extensions ['ignore', 'ignore_ament_install']
[2.116s] Level 1:colcon.colcon_core.package_identification:_identify(dummy_vicon_republisher) by extension 'ignore'
[2.116s] Level 1:colcon.colcon_core.package_identification:_identify(dummy_vicon_republisher) by extension 'ignore_ament_install'
[2.117s] Level 1:colcon.colcon_core.package_identification:_identify(dummy_vicon_republisher) by extensions ['colcon_pkg']
[2.117s] Level 1:colcon.colcon_core.package_identification:_identify(dummy_vicon_republisher) by extension 'colcon_pkg'
[2.117s] Level 1:colcon.colcon_core.package_identification:_identify(dummy_vicon_republisher) by extensions ['colcon_meta']
[2.117s] Level 1:colcon.colcon_core.package_identification:_identify(dummy_vicon_republisher) by extension 'colcon_meta'
[2.117s] Level 1:colcon.colcon_core.package_identification:_identify(dummy_vicon_republisher) by extensions ['ros']
[2.117s] Level 1:colcon.colcon_core.package_identification:_identify(dummy_vicon_republisher) by extension 'ros'
[2.120s] DEBUG:colcon.colcon_core.package_identification:Package 'dummy_vicon_republisher' with type 'ros.ament_python' and name 'dummy_vicon_republisher'
[2.121s] Level 1:colcon.colcon_core.package_identification:_identify(dummy_waypoint_publisher) by extensions ['ignore', 'ignore_ament_install']
[2.121s] Level 1:colcon.colcon_core.package_identification:_identify(dummy_waypoint_publisher) by extension 'ignore'
[2.121s] Level 1:colcon.colcon_core.package_identification:_identify(dummy_waypoint_publisher) by extension 'ignore_ament_install'
[2.122s] Level 1:colcon.colcon_core.package_identification:_identify(dummy_waypoint_publisher) by extensions ['colcon_pkg']
[2.122s] Level 1:colcon.colcon_core.package_identification:_identify(dummy_waypoint_publisher) by extension 'colcon_pkg'
[2.122s] Level 1:colcon.colcon_core.package_identification:_identify(dummy_waypoint_publisher) by extensions ['colcon_meta']
[2.122s] Level 1:colcon.colcon_core.package_identification:_identify(dummy_waypoint_publisher) by extension 'colcon_meta'
[2.123s] Level 1:colcon.colcon_core.package_identification:_identify(dummy_waypoint_publisher) by extensions ['ros']
[2.123s] Level 1:colcon.colcon_core.package_identification:_identify(dummy_waypoint_publisher) by extension 'ros'
[2.126s] DEBUG:colcon.colcon_core.package_identification:Package 'dummy_waypoint_publisher' with type 'ros.ament_python' and name 'dummy_waypoint_publisher'
[2.126s] Level 1:colcon.colcon_core.package_identification:_identify(exer2_control) by extensions ['ignore', 'ignore_ament_install']
[2.127s] Level 1:colcon.colcon_core.package_identification:_identify(exer2_control) by extension 'ignore'
[2.127s] Level 1:colcon.colcon_core.package_identification:_identify(exer2_control) by extension 'ignore_ament_install'
[2.127s] Level 1:colcon.colcon_core.package_identification:_identify(exer2_control) by extensions ['colcon_pkg']
[2.127s] Level 1:colcon.colcon_core.package_identification:_identify(exer2_control) by extension 'colcon_pkg'
[2.127s] Level 1:colcon.colcon_core.package_identification:_identify(exer2_control) by extensions ['colcon_meta']
[2.128s] Level 1:colcon.colcon_core.package_identification:_identify(exer2_control) by extension 'colcon_meta'
[2.128s] Level 1:colcon.colcon_core.package_identification:_identify(exer2_control) by extensions ['ros']
[2.128s] Level 1:colcon.colcon_core.package_identification:_identify(exer2_control) by extension 'ros'
[2.130s] DEBUG:colcon.colcon_core.package_identification:Package 'exer2_control' with type 'ros.ament_python' and name 'exer2_control'
[2.131s] Level 1:colcon.colcon_core.package_identification:_identify(exer3_control) by extensions ['ignore', 'ignore_ament_install']
[2.131s] Level 1:colcon.colcon_core.package_identification:_identify(exer3_control) by extension 'ignore'
[2.131s] Level 1:colcon.colcon_core.package_identification:_identify(exer3_control) by extension 'ignore_ament_install'
[2.131s] Level 1:colcon.colcon_core.package_identification:_identify(exer3_control) by extensions ['colcon_pkg']
[2.132s] Level 1:colcon.colcon_core.package_identification:_identify(exer3_control) by extension 'colcon_pkg'
[2.132s] Level 1:colcon.colcon_core.package_identification:_identify(exer3_control) by extensions ['colcon_meta']
[2.132s] Level 1:colcon.colcon_core.package_identification:_identify(exer3_control) by extension 'colcon_meta'
[2.132s] Level 1:colcon.colcon_core.package_identification:_identify(exer3_control) by extensions ['ros']
[2.132s] Level 1:colcon.colcon_core.package_identification:_identify(exer3_control) by extension 'ros'
[2.136s] DEBUG:colcon.colcon_core.package_identification:Package 'exer3_control' with type 'ros.ament_python' and name 'exer3_control'
[2.136s] Level 1:colcon.colcon_core.package_identification:_identify(image_processor) by extensions ['ignore', 'ignore_ament_install']
[2.137s] Level 1:colcon.colcon_core.package_identification:_identify(image_processor) by extension 'ignore'
[2.137s] Level 1:colcon.colcon_core.package_identification:_identify(image_processor) by extension 'ignore_ament_install'
[2.137s] Level 1:colcon.colcon_core.package_identification:_identify(image_processor) by extensions ['colcon_pkg']
[2.137s] Level 1:colcon.colcon_core.package_identification:_identify(image_processor) by extension 'colcon_pkg'
[2.137s] Level 1:colcon.colcon_core.package_identification:_identify(image_processor) by extensions ['colcon_meta']
[2.138s] Level 1:colcon.colcon_core.package_identification:_identify(image_processor) by extension 'colcon_meta'
[2.138s] Level 1:colcon.colcon_core.package_identification:_identify(image_processor) by extensions ['ros']
[2.138s] Level 1:colcon.colcon_core.package_identification:_identify(image_processor) by extension 'ros'
[2.141s] DEBUG:colcon.colcon_core.package_identification:Package 'image_processor' with type 'ros.ament_python' and name 'image_processor'
[2.141s] Level 1:colcon.colcon_core.package_identification:_identify(image_saver) by extensions ['ignore', 'ignore_ament_install']
[2.141s] Level 1:colcon.colcon_core.package_identification:_identify(image_saver) by extension 'ignore'
[2.142s] Level 1:colcon.colcon_core.package_identification:_identify(image_saver) by extension 'ignore_ament_install'
[2.142s] Level 1:colcon.colcon_core.package_identification:_identify(image_saver) by extensions ['colcon_pkg']
[2.142s] Level 1:colcon.colcon_core.package_identification:_identify(image_saver) by extension 'colcon_pkg'
[2.142s] Level 1:colcon.colcon_core.package_identification:_identify(image_saver) by extensions ['colcon_meta']
[2.143s] Level 1:colcon.colcon_core.package_identification:_identify(image_saver) by extension 'colcon_meta'
[2.143s] Level 1:colcon.colcon_core.package_identification:_identify(image_saver) by extensions ['ros']
[2.143s] Level 1:colcon.colcon_core.package_identification:_identify(image_saver) by extension 'ros'
[2.147s] DEBUG:colcon.colcon_core.package_identification:Package 'image_saver' with type 'ros.ament_python' and name 'image_saver'
[2.147s] Level 1:colcon.colcon_core.package_identification:_identify(install) by extensions ['ignore', 'ignore_ament_install']
[2.147s] Level 1:colcon.colcon_core.package_identification:_identify(install) by extension 'ignore'
[2.148s] Level 1:colcon.colcon_core.package_identification:_identify(install) ignored
[2.148s] Level 1:colcon.colcon_core.package_identification:_identify(launcher) by extensions ['ignore', 'ignore_ament_install']
[2.148s] Level 1:colcon.colcon_core.package_identification:_identify(launcher) by extension 'ignore'
[2.149s] Level 1:colcon.colcon_core.package_identification:_identify(launcher) by extension 'ignore_ament_install'
[2.149s] Level 1:colcon.colcon_core.package_identification:_identify(launcher) by extensions ['colcon_pkg']
[2.149s] Level 1:colcon.colcon_core.package_identification:_identify(launcher) by extension 'colcon_pkg'
[2.149s] Level 1:colcon.colcon_core.package_identification:_identify(launcher) by extensions ['colcon_meta']
[2.149s] Level 1:colcon.colcon_core.package_identification:_identify(launcher) by extension 'colcon_meta'
[2.149s] Level 1:colcon.colcon_core.package_identification:_identify(launcher) by extensions ['ros']
[2.150s] Level 1:colcon.colcon_core.package_identification:_identify(launcher) by extension 'ros'
[2.150s] Level 1:colcon.colcon_core.package_identification:_identify(launcher) by extensions ['cmake', 'python']
[2.150s] Level 1:colcon.colcon_core.package_identification:_identify(launcher) by extension 'cmake'
[2.150s] Level 1:colcon.colcon_core.package_identification:_identify(launcher) by extension 'python'
[2.150s] Level 1:colcon.colcon_core.package_identification:_identify(launcher) by extensions ['python_setup_py']
[2.151s] Level 1:colcon.colcon_core.package_identification:_identify(launcher) by extension 'python_setup_py'
[2.152s] Level 1:colcon.colcon_core.package_identification:_identify(log) by extensions ['ignore', 'ignore_ament_install']
[2.152s] Level 1:colcon.colcon_core.package_identification:_identify(log) by extension 'ignore'
[2.152s] Level 1:colcon.colcon_core.package_identification:_identify(log) ignored
[2.153s] Level 1:colcon.colcon_core.package_identification:_identify(myenv) by extensions ['ignore', 'ignore_ament_install']
[2.153s] Level 1:colcon.colcon_core.package_identification:_identify(myenv) by extension 'ignore'
[2.153s] Level 1:colcon.colcon_core.package_identification:_identify(myenv) by extension 'ignore_ament_install'
[2.153s] Level 1:colcon.colcon_core.package_identification:_identify(myenv) by extensions ['colcon_pkg']
[2.154s] Level 1:colcon.colcon_core.package_identification:_identify(myenv) by extension 'colcon_pkg'
[2.154s] Level 1:colcon.colcon_core.package_identification:_identify(myenv) by extensions ['colcon_meta']
[2.154s] Level 1:colcon.colcon_core.package_identification:_identify(myenv) by extension 'colcon_meta'
[2.154s] Level 1:colcon.colcon_core.package_identification:_identify(myenv) by extensions ['ros']
[2.154s] Level 1:colcon.colcon_core.package_identification:_identify(myenv) by extension 'ros'
[2.155s] Level 1:colcon.colcon_core.package_identification:_identify(myenv) by extensions ['cmake', 'python']
[2.155s] Level 1:colcon.colcon_core.package_identification:_identify(myenv) by extension 'cmake'
[2.155s] Level 1:colcon.colcon_core.package_identification:_identify(myenv) by extension 'python'
[2.155s] Level 1:colcon.colcon_core.package_identification:_identify(myenv) by extensions ['python_setup_py']
[2.155s] Level 1:colcon.colcon_core.package_identification:_identify(myenv) by extension 'python_setup_py'
[2.156s] Level 1:colcon.colcon_core.package_identification:_identify(myenv/bin) by extensions ['ignore', 'ignore_ament_install']
[2.156s] Level 1:colcon.colcon_core.package_identification:_identify(myenv/bin) by extension 'ignore'
[2.156s] Level 1:colcon.colcon_core.package_identification:_identify(myenv/bin) by extension 'ignore_ament_install'
[2.156s] Level 1:colcon.colcon_core.package_identification:_identify(myenv/bin) by extensions ['colcon_pkg']
[2.157s] Level 1:colcon.colcon_core.package_identification:_identify(myenv/bin) by extension 'colcon_pkg'
[2.157s] Level 1:colcon.colcon_core.package_identification:_identify(myenv/bin) by extensions ['colcon_meta']
[2.157s] Level 1:colcon.colcon_core.package_identification:_identify(myenv/bin) by extension 'colcon_meta'
[2.157s] Level 1:colcon.colcon_core.package_identification:_identify(myenv/bin) by extensions ['ros']
[2.157s] Level 1:colcon.colcon_core.package_identification:_identify(myenv/bin) by extension 'ros'
[2.158s] Level 1:colcon.colcon_core.package_identification:_identify(myenv/bin) by extensions ['cmake', 'python']
[2.158s] Level 1:colcon.colcon_core.package_identification:_identify(myenv/bin) by extension 'cmake'
[2.158s] Level 1:colcon.colcon_core.package_identification:_identify(myenv/bin) by extension 'python'
[2.158s] Level 1:colcon.colcon_core.package_identification:_identify(myenv/bin) by extensions ['python_setup_py']
[2.158s] Level 1:colcon.colcon_core.package_identification:_identify(myenv/bin) by extension 'python_setup_py'
[2.159s] Level 1:colcon.colcon_core.package_identification:_identify(myenv/include) by extensions ['ignore', 'ignore_ament_install']
[2.159s] Level 1:colcon.colcon_core.package_identification:_identify(myenv/include) by extension 'ignore'
[2.159s] Level 1:colcon.colcon_core.package_identification:_identify(myenv/include) by extension 'ignore_ament_install'
[2.159s] Level 1:colcon.colcon_core.package_identification:_identify(myenv/include) by extensions ['colcon_pkg']
[2.160s] Level 1:colcon.colcon_core.package_identification:_identify(myenv/include) by extension 'colcon_pkg'
[2.160s] Level 1:colcon.colcon_core.package_identification:_identify(myenv/include) by extensions ['colcon_meta']
[2.160s] Level 1:colcon.colcon_core.package_identification:_identify(myenv/include) by extension 'colcon_meta'
[2.160s] Level 1:colcon.colcon_core.package_identification:_identify(myenv/include) by extensions ['ros']
[2.160s] Level 1:colcon.colcon_core.package_identification:_identify(myenv/include) by extension 'ros'
[2.161s] Level 1:colcon.colcon_core.package_identification:_identify(myenv/include) by extensions ['cmake', 'python']
[2.161s] Level 1:colcon.colcon_core.package_identification:_identify(myenv/include) by extension 'cmake'
[2.161s] Level 1:colcon.colcon_core.package_identification:_identify(myenv/include) by extension 'python'
[2.161s] Level 1:colcon.colcon_core.package_identification:_identify(myenv/include) by extensions ['python_setup_py']
[2.161s] Level 1:colcon.colcon_core.package_identification:_identify(myenv/include) by extension 'python_setup_py'
[2.162s] Level 1:colcon.colcon_core.package_identification:_identify(myenv/lib) by extensions ['ignore', 'ignore_ament_install']
[2.162s] Level 1:colcon.colcon_core.package_identification:_identify(myenv/lib) by extension 'ignore'
[2.162s] Level 1:colcon.colcon_core.package_identification:_identify(myenv/lib) by extension 'ignore_ament_install'
[2.163s] Level 1:colcon.colcon_core.package_identification:_identify(myenv/lib) by extensions ['colcon_pkg']
[2.163s] Level 1:colcon.colcon_core.package_identification:_identify(myenv/lib) by extension 'colcon_pkg'
[2.163s] Level 1:colcon.colcon_core.package_identification:_identify(myenv/lib) by extensions ['colcon_meta']
[2.163s] Level 1:colcon.colcon_core.package_identification:_identify(myenv/lib) by extension 'colcon_meta'
[2.163s] Level 1:colcon.colcon_core.package_identification:_identify(myenv/lib) by extensions ['ros']
[2.164s] Level 1:colcon.colcon_core.package_identification:_identify(myenv/lib) by extension 'ros'
[2.164s] Level 1:colcon.colcon_core.package_identification:_identify(myenv/lib) by extensions ['cmake', 'python']
[2.164s] Level 1:colcon.colcon_core.package_identification:_identify(myenv/lib) by extension 'cmake'
[2.164s] Level 1:colcon.colcon_core.package_identification:_identify(myenv/lib) by extension 'python'
[2.164s] Level 1:colcon.colcon_core.package_identification:_identify(myenv/lib) by extensions ['python_setup_py']
[2.165s] Level 1:colcon.colcon_core.package_identification:_identify(myenv/lib) by extension 'python_setup_py'
[2.165s] Level 1:colcon.colcon_core.package_identification:_identify(myenv/lib/python3.6) by extensions ['ignore', 'ignore_ament_install']
[2.165s] Level 1:colcon.colcon_core.package_identification:_identify(myenv/lib/python3.6) by extension 'ignore'
[2.166s] Level 1:colcon.colcon_core.package_identification:_identify(myenv/lib/python3.6) by extension 'ignore_ament_install'
[2.166s] Level 1:colcon.colcon_core.package_identification:_identify(myenv/lib/python3.6) by extensions ['colcon_pkg']
[2.166s] Level 1:colcon.colcon_core.package_identification:_identify(myenv/lib/python3.6) by extension 'colcon_pkg'
[2.166s] Level 1:colcon.colcon_core.package_identification:_identify(myenv/lib/python3.6) by extensions ['colcon_meta']
[2.166s] Level 1:colcon.colcon_core.package_identification:_identify(myenv/lib/python3.6) by extension 'colcon_meta'
[2.166s] Level 1:colcon.colcon_core.package_identification:_identify(myenv/lib/python3.6) by extensions ['ros']
[2.167s] Level 1:colcon.colcon_core.package_identification:_identify(myenv/lib/python3.6) by extension 'ros'
[2.167s] Level 1:colcon.colcon_core.package_identification:_identify(myenv/lib/python3.6) by extensions ['cmake', 'python']
[2.167s] Level 1:colcon.colcon_core.package_identification:_identify(myenv/lib/python3.6) by extension 'cmake'
[2.167s] Level 1:colcon.colcon_core.package_identification:_identify(myenv/lib/python3.6) by extension 'python'
[2.167s] Level 1:colcon.colcon_core.package_identification:_identify(myenv/lib/python3.6) by extensions ['python_setup_py']
[2.168s] Level 1:colcon.colcon_core.package_identification:_identify(myenv/lib/python3.6) by extension 'python_setup_py'
[2.168s] Level 1:colcon.colcon_core.package_identification:_identify(myenv/lib/python3.6/site-packages) by extensions ['ignore', 'ignore_ament_install']
[2.168s] Level 1:colcon.colcon_core.package_identification:_identify(myenv/lib/python3.6/site-packages) by extension 'ignore'
[2.169s] Level 1:colcon.colcon_core.package_identification:_identify(myenv/lib/python3.6/site-packages) by extension 'ignore_ament_install'
[2.169s] Level 1:colcon.colcon_core.package_identification:_identify(myenv/lib/python3.6/site-packages) by extensions ['colcon_pkg']
[2.169s] Level 1:colcon.colcon_core.package_identification:_identify(myenv/lib/python3.6/site-packages) by extension 'colcon_pkg'
[2.169s] Level 1:colcon.colcon_core.package_identification:_identify(myenv/lib/python3.6/site-packages) by extensions ['colcon_meta']
[2.169s] Level 1:colcon.colcon_core.package_identification:_identify(myenv/lib/python3.6/site-packages) by extension 'colcon_meta'
[2.169s] Level 1:colcon.colcon_core.package_identification:_identify(myenv/lib/python3.6/site-packages) by extensions ['ros']
[2.170s] Level 1:colcon.colcon_core.package_identification:_identify(myenv/lib/python3.6/site-packages) by extension 'ros'
[2.170s] Level 1:colcon.colcon_core.package_identification:_identify(myenv/lib/python3.6/site-packages) by extensions ['cmake', 'python']
[2.170s] Level 1:colcon.colcon_core.package_identification:_identify(myenv/lib/python3.6/site-packages) by extension 'cmake'
[2.170s] Level 1:colcon.colcon_core.package_identification:_identify(myenv/lib/python3.6/site-packages) by extension 'python'
[2.170s] Level 1:colcon.colcon_core.package_identification:_identify(myenv/lib/python3.6/site-packages) by extensions ['python_setup_py']
[2.171s] Level 1:colcon.colcon_core.package_identification:_identify(myenv/lib/python3.6/site-packages) by extension 'python_setup_py'
[2.171s] Level 1:colcon.colcon_core.package_identification:_identify(px4_autonomy_modules) by extensions ['ignore', 'ignore_ament_install']
[2.171s] Level 1:colcon.colcon_core.package_identification:_identify(px4_autonomy_modules) by extension 'ignore'
[2.172s] Level 1:colcon.colcon_core.package_identification:_identify(px4_autonomy_modules) by extension 'ignore_ament_install'
[2.172s] Level 1:colcon.colcon_core.package_identification:_identify(px4_autonomy_modules) by extensions ['colcon_pkg']
[2.172s] Level 1:colcon.colcon_core.package_identification:_identify(px4_autonomy_modules) by extension 'colcon_pkg'
[2.172s] Level 1:colcon.colcon_core.package_identification:_identify(px4_autonomy_modules) by extensions ['colcon_meta']
[2.172s] Level 1:colcon.colcon_core.package_identification:_identify(px4_autonomy_modules) by extension 'colcon_meta'
[2.173s] Level 1:colcon.colcon_core.package_identification:_identify(px4_autonomy_modules) by extensions ['ros']
[2.173s] Level 1:colcon.colcon_core.package_identification:_identify(px4_autonomy_modules) by extension 'ros'
[2.177s] DEBUG:colcon.colcon_core.package_identification:Package 'px4_autonomy_modules' with type 'ros.ament_cmake' and name 'px4_autonomy_modules'
[2.178s] Level 1:colcon.colcon_core.package_identification:_identify(realsense2mavros) by extensions ['ignore', 'ignore_ament_install']
[2.178s] Level 1:colcon.colcon_core.package_identification:_identify(realsense2mavros) by extension 'ignore'
[2.178s] Level 1:colcon.colcon_core.package_identification:_identify(realsense2mavros) by extension 'ignore_ament_install'
[2.179s] Level 1:colcon.colcon_core.package_identification:_identify(realsense2mavros) by extensions ['colcon_pkg']
[2.179s] Level 1:colcon.colcon_core.package_identification:_identify(realsense2mavros) by extension 'colcon_pkg'
[2.179s] Level 1:colcon.colcon_core.package_identification:_identify(realsense2mavros) by extensions ['colcon_meta']
[2.179s] Level 1:colcon.colcon_core.package_identification:_identify(realsense2mavros) by extension 'colcon_meta'
[2.179s] Level 1:colcon.colcon_core.package_identification:_identify(realsense2mavros) by extensions ['ros']
[2.180s] Level 1:colcon.colcon_core.package_identification:_identify(realsense2mavros) by extension 'ros'
[2.183s] DEBUG:colcon.colcon_core.package_identification:Package 'realsense2mavros' with type 'ros.ament_python' and name 'realsense2mavros'
[2.183s] Level 1:colcon.colcon_core.package_identification:_identify(task2) by extensions ['ignore', 'ignore_ament_install']
[2.184s] Level 1:colcon.colcon_core.package_identification:_identify(task2) by extension 'ignore'
[2.184s] Level 1:colcon.colcon_core.package_identification:_identify(task2) by extension 'ignore_ament_install'
[2.184s] Level 1:colcon.colcon_core.package_identification:_identify(task2) by extensions ['colcon_pkg']
[2.185s] Level 1:colcon.colcon_core.package_identification:_identify(task2) by extension 'colcon_pkg'
[2.185s] Level 1:colcon.colcon_core.package_identification:_identify(task2) by extensions ['colcon_meta']
[2.185s] Level 1:colcon.colcon_core.package_identification:_identify(task2) by extension 'colcon_meta'
[2.185s] Level 1:colcon.colcon_core.package_identification:_identify(task2) by extensions ['ros']
[2.185s] Level 1:colcon.colcon_core.package_identification:_identify(task2) by extension 'ros'
[2.186s] Level 1:colcon.colcon_core.package_identification:_identify(task2) by extensions ['cmake', 'python']
[2.186s] Level 1:colcon.colcon_core.package_identification:_identify(task2) by extension 'cmake'
[2.186s] Level 1:colcon.colcon_core.package_identification:_identify(task2) by extension 'python'
[2.186s] Level 1:colcon.colcon_core.package_identification:_identify(task2) by extensions ['python_setup_py']
[2.186s] Level 1:colcon.colcon_core.package_identification:_identify(task2) by extension 'python_setup_py'
[2.187s] Level 1:colcon.colcon_core.package_identification:_identify(unit_tester) by extensions ['ignore', 'ignore_ament_install']
[2.187s] Level 1:colcon.colcon_core.package_identification:_identify(unit_tester) by extension 'ignore'
[2.187s] Level 1:colcon.colcon_core.package_identification:_identify(unit_tester) by extension 'ignore_ament_install'
[2.187s] Level 1:colcon.colcon_core.package_identification:_identify(unit_tester) by extensions ['colcon_pkg']
[2.188s] Level 1:colcon.colcon_core.package_identification:_identify(unit_tester) by extension 'colcon_pkg'
[2.188s] Level 1:colcon.colcon_core.package_identification:_identify(unit_tester) by extensions ['colcon_meta']
[2.188s] Level 1:colcon.colcon_core.package_identification:_identify(unit_tester) by extension 'colcon_meta'
[2.188s] Level 1:colcon.colcon_core.package_identification:_identify(unit_tester) by extensions ['ros']
[2.188s] Level 1:colcon.colcon_core.package_identification:_identify(unit_tester) by extension 'ros'
[2.191s] DEBUG:colcon.colcon_core.package_identification:Package 'unit_tester' with type 'ros.ament_python' and name 'unit_tester'
[2.191s] Level 1:colcon.colcon_core.package_identification:_identify(vicon_bridge) by extensions ['ignore', 'ignore_ament_install']
[2.191s] Level 1:colcon.colcon_core.package_identification:_identify(vicon_bridge) by extension 'ignore'
[2.192s] Level 1:colcon.colcon_core.package_identification:_identify(vicon_bridge) by extension 'ignore_ament_install'
[2.192s] Level 1:colcon.colcon_core.package_identification:_identify(vicon_bridge) by extensions ['colcon_pkg']
[2.192s] Level 1:colcon.colcon_core.package_identification:_identify(vicon_bridge) by extension 'colcon_pkg'
[2.192s] Level 1:colcon.colcon_core.package_identification:_identify(vicon_bridge) by extensions ['colcon_meta']
[2.192s] Level 1:colcon.colcon_core.package_identification:_identify(vicon_bridge) by extension 'colcon_meta'
[2.193s] Level 1:colcon.colcon_core.package_identification:_identify(vicon_bridge) by extensions ['ros']
[2.193s] Level 1:colcon.colcon_core.package_identification:_identify(vicon_bridge) by extension 'ros'
[2.196s] DEBUG:colcon.colcon_core.package_identification:Package 'vicon_bridge' with type 'ros.ament_python' and name 'vicon_bridge'
[2.197s] Level 1:colcon.colcon_core.package_identification:_identify(vicon_obstacle_republisher) by extensions ['ignore', 'ignore_ament_install']
[2.197s] Level 1:colcon.colcon_core.package_identification:_identify(vicon_obstacle_republisher) by extension 'ignore'
[2.197s] Level 1:colcon.colcon_core.package_identification:_identify(vicon_obstacle_republisher) by extension 'ignore_ament_install'
[2.197s] Level 1:colcon.colcon_core.package_identification:_identify(vicon_obstacle_republisher) by extensions ['colcon_pkg']
[2.197s] Level 1:colcon.colcon_core.package_identification:_identify(vicon_obstacle_republisher) by extension 'colcon_pkg'
[2.198s] Level 1:colcon.colcon_core.package_identification:_identify(vicon_obstacle_republisher) by extensions ['colcon_meta']
[2.198s] Level 1:colcon.colcon_core.package_identification:_identify(vicon_obstacle_republisher) by extension 'colcon_meta'
[2.198s] Level 1:colcon.colcon_core.package_identification:_identify(vicon_obstacle_republisher) by extensions ['ros']
[2.198s] Level 1:colcon.colcon_core.package_identification:_identify(vicon_obstacle_republisher) by extension 'ros'
[2.200s] DEBUG:colcon.colcon_core.package_identification:Package 'vicon_obstacle_republisher' with type 'ros.ament_python' and name 'vicon_obstacle_republisher'
[2.201s] Level 1:colcon.colcon_core.package_identification:_identify(waypoint_nav) by extensions ['ignore', 'ignore_ament_install']
[2.201s] Level 1:colcon.colcon_core.package_identification:_identify(waypoint_nav) by extension 'ignore'
[2.201s] Level 1:colcon.colcon_core.package_identification:_identify(waypoint_nav) by extension 'ignore_ament_install'
[2.202s] Level 1:colcon.colcon_core.package_identification:_identify(waypoint_nav) by extensions ['colcon_pkg']
[2.202s] Level 1:colcon.colcon_core.package_identification:_identify(waypoint_nav) by extension 'colcon_pkg'
[2.202s] Level 1:colcon.colcon_core.package_identification:_identify(waypoint_nav) by extensions ['colcon_meta']
[2.202s] Level 1:colcon.colcon_core.package_identification:_identify(waypoint_nav) by extension 'colcon_meta'
[2.203s] Level 1:colcon.colcon_core.package_identification:_identify(waypoint_nav) by extensions ['ros']
[2.203s] Level 1:colcon.colcon_core.package_identification:_identify(waypoint_nav) by extension 'ros'
[2.206s] DEBUG:colcon.colcon_core.package_identification:Package 'waypoint_nav' with type 'ros.ament_python' and name 'waypoint_nav'
[2.207s] Level 1:colcon.colcon_core.package_discovery:discover_packages(recursive) using defaults
[2.207s] Level 1:colcon.colcon_core.package_discovery:discover_packages(ignore) discover
[2.207s] Level 1:colcon.colcon_core.package_discovery:discover_packages(ignore) using defaults
[2.207s] Level 1:colcon.colcon_core.package_discovery:discover_packages(path) discover
[2.207s] Level 1:colcon.colcon_core.package_discovery:discover_packages(path) using defaults
[2.315s] INFO:colcon.colcon_core.package_selection:Skipping not selected package 'api_waypoint' in 'api_waypoint'
[2.315s] INFO:colcon.colcon_core.package_selection:Skipping not selected package 'comm_node' in 'comm_node'
[2.316s] INFO:colcon.colcon_core.package_selection:Skipping not selected package 'crack_comm' in 'crack_comm'
[2.316s] INFO:colcon.colcon_core.package_selection:Skipping not selected package 'crack_controller' in 'crack_controller'
[2.317s] INFO:colcon.colcon_core.package_selection:Skipping not selected package 'dummy_vicon_republisher' in 'dummy_vicon_republisher'
[2.317s] INFO:colcon.colcon_core.package_selection:Skipping not selected package 'dummy_waypoint_publisher' in 'dummy_waypoint_publisher'
[2.318s] INFO:colcon.colcon_core.package_selection:Skipping not selected package 'exer2_control' in 'exer2_control'
[2.318s] INFO:colcon.colcon_core.package_selection:Skipping not selected package 'exer3_control' in 'exer3_control'
[2.319s] INFO:colcon.colcon_core.package_selection:Skipping not selected package 'image_saver' in 'image_saver'
[2.319s] INFO:colcon.colcon_core.package_selection:Skipping not selected package 'px4_autonomy_modules' in 'px4_autonomy_modules'
[2.320s] INFO:colcon.colcon_core.package_selection:Skipping not selected package 'realsense2mavros' in 'realsense2mavros'
[2.320s] INFO:colcon.colcon_core.package_selection:Skipping not selected package 'unit_tester' in 'unit_tester'
[2.320s] INFO:colcon.colcon_core.package_selection:Skipping not selected package 'vicon_bridge' in 'vicon_bridge'
[2.320s] INFO:colcon.colcon_core.package_selection:Skipping not selected package 'vicon_obstacle_republisher' in 'vicon_obstacle_republisher'
[2.320s] INFO:colcon.colcon_core.package_selection:Skipping not selected package 'waypoint_nav' in 'waypoint_nav'
[2.322s] Level 1:colcon.colcon_core.package_discovery:discover_packages(prefix_path) check parameters
[2.323s] Level 1:colcon.colcon_core.package_discovery:discover_packages(prefix_path) discover
[2.338s] DEBUG:colcon.colcon_installed_package_information.package_discovery:Found 16 installed packages in /home/jetson/ros2_ws/install
[2.346s] DEBUG:colcon.colcon_installed_package_information.package_discovery:Found 271 installed packages in /opt/ros/foxy
[2.355s] Level 1:colcon.colcon_core.package_discovery:discover_packages(prefix_path) using defaults
[2.674s] Level 5:colcon.colcon_core.verb:set package 'image_processor' build argument 'cmake_args' from command line to 'None'
[2.675s] Level 5:colcon.colcon_core.verb:set package 'image_processor' build argument 'cmake_target' from command line to 'None'
[2.675s] Level 5:colcon.colcon_core.verb:set package 'image_processor' build argument 'cmake_target_skip_unavailable' from command line to 'False'
[2.675s] Level 5:colcon.colcon_core.verb:set package 'image_processor' build argument 'cmake_clean_cache' from command line to 'False'
[2.675s] Level 5:colcon.colcon_core.verb:set package 'image_processor' build argument 'cmake_clean_first' from command line to 'False'
[2.675s] Level 5:colcon.colcon_core.verb:set package 'image_processor' build argument 'cmake_force_configure' from command line to 'False'
[2.675s] Level 5:colcon.colcon_core.verb:set package 'image_processor' build argument 'ament_cmake_args' from command line to 'None'
[2.675s] Level 5:colcon.colcon_core.verb:set package 'image_processor' build argument 'catkin_cmake_args' from command line to 'None'
[2.676s] Level 5:colcon.colcon_core.verb:set package 'image_processor' build argument 'catkin_skip_building_tests' from command line to 'False'
[2.676s] DEBUG:colcon.colcon_core.verb:Building package 'image_processor' with the following arguments: {'ament_cmake_args': None, 'build_base': '/home/jetson/ros2_ws/src/build/image_processor', 'catkin_cmake_args': None, 'catkin_skip_building_tests': False, 'cmake_args': None, 'cmake_clean_cache': False, 'cmake_clean_first': False, 'cmake_force_configure': False, 'cmake_target': None, 'cmake_target_skip_unavailable': False, 'install_base': '/home/jetson/ros2_ws/src/install/image_processor', 'merge_install': False, 'path': '/home/jetson/ros2_ws/src/image_processor', 'symlink_install': False, 'test_result_base': None}
[2.676s] INFO:colcon.colcon_core.executor:Executing jobs using 'parallel' executor
[2.682s] DEBUG:colcon.colcon_parallel_executor.executor.parallel:run_until_complete
[2.683s] INFO:colcon.colcon_ros.task.ament_python.build:Building ROS package in '/home/jetson/ros2_ws/src/image_processor' with build type 'ament_python'
[2.683s] Level 1:colcon.colcon_core.shell:create_environment_hook('image_processor', 'ament_prefix_path')
[2.695s] INFO:colcon.colcon_core.plugin_system:Skipping extension 'colcon_core.shell.bat': Not used on non-Windows systems
[2.697s] INFO:colcon.colcon_core.shell:Creating environment hook '/home/jetson/ros2_ws/src/install/image_processor/share/image_processor/hook/ament_prefix_path.ps1'
[2.702s] INFO:colcon.colcon_core.shell:Creating environment descriptor '/home/jetson/ros2_ws/src/install/image_processor/share/image_processor/hook/ament_prefix_path.dsv'
[2.705s] INFO:colcon.colcon_core.shell:Creating environment hook '/home/jetson/ros2_ws/src/install/image_processor/share/image_processor/hook/ament_prefix_path.sh'
[2.710s] INFO:colcon.colcon_core.shell:Skip shell extension 'powershell' for command environment: Not usable outside of PowerShell
[2.710s] DEBUG:colcon.colcon_core.shell:Skip shell extension 'dsv' for command environment
[4.422s] INFO:colcon.colcon_core.task.python.build:Building Python package in '/home/jetson/ros2_ws/src/image_processor'
[4.424s] INFO:colcon.colcon_core.shell:Skip shell extension 'powershell' for command environment: Not usable outside of PowerShell
[4.424s] DEBUG:colcon.colcon_core.shell:Skip shell extension 'dsv' for command environment
[6.869s] DEBUG:colcon.colcon_core.event_handler.log_command:Invoking command in '/home/jetson/ros2_ws/src/image_processor': PYTHONPATH=/home/jetson/ros2_ws/src/build/image_processor/prefix_override:/usr/lib/python3/dist-packages/colcon_core/task/python/colcon_distutils_commands:/home/jetson/ros2_ws/src/install/image_processor/lib/python3.8/site-packages:${PYTHONPATH} /usr/bin/python3 -W ignore:setup.py install is deprecated -W ignore:easy_install command is deprecated setup.py egg_info --egg-base ../build/image_processor build --build-base /home/jetson/ros2_ws/src/build/image_processor/build install --record /home/jetson/ros2_ws/src/build/image_processor/install.log --install-scripts $base/lib/image_processor --single-version-externally-managed install_data
[8.535s] DEBUG:colcon.colcon_core.event_handler.log_command:Invoked command in '/home/jetson/ros2_ws/src/image_processor' returned '0': PYTHONPATH=/home/jetson/ros2_ws/src/build/image_processor/prefix_override:/usr/lib/python3/dist-packages/colcon_core/task/python/colcon_distutils_commands:/home/jetson/ros2_ws/src/install/image_processor/lib/python3.8/site-packages:${PYTHONPATH} /usr/bin/python3 -W ignore:setup.py install is deprecated -W ignore:easy_install command is deprecated setup.py egg_info --egg-base ../build/image_processor build --build-base /home/jetson/ros2_ws/src/build/image_processor/build install --record /home/jetson/ros2_ws/src/build/image_processor/install.log --install-scripts $base/lib/image_processor --single-version-externally-managed install_data
[8.567s] Level 1:colcon.colcon_core.environment:checking '/home/jetson/ros2_ws/src/install/image_processor' for CMake module files
[8.569s] Level 1:colcon.colcon_core.environment:checking '/home/jetson/ros2_ws/src/install/image_processor' for CMake config files
[8.572s] Level 1:colcon.colcon_core.environment:checking '/home/jetson/ros2_ws/src/install/image_processor/lib'
[8.573s] Level 1:colcon.colcon_core.environment:checking '/home/jetson/ros2_ws/src/install/image_processor/bin'
[8.573s] Level 1:colcon.colcon_core.environment:checking '/home/jetson/ros2_ws/src/install/image_processor/lib/pkgconfig/image_processor.pc'
[8.574s] Level 1:colcon.colcon_core.environment:checking '/home/jetson/ros2_ws/src/install/image_processor/lib/python3.8/site-packages'
[8.574s] Level 1:colcon.colcon_core.shell:create_environment_hook('image_processor', 'pythonpath')
[8.576s] INFO:colcon.colcon_core.shell:Creating environment hook '/home/jetson/ros2_ws/src/install/image_processor/share/image_processor/hook/pythonpath.ps1'
[8.578s] INFO:colcon.colcon_core.shell:Creating environment descriptor '/home/jetson/ros2_ws/src/install/image_processor/share/image_processor/hook/pythonpath.dsv'
[8.579s] INFO:colcon.colcon_core.shell:Creating environment hook '/home/jetson/ros2_ws/src/install/image_processor/share/image_processor/hook/pythonpath.sh'
[8.581s] Level 1:colcon.colcon_core.environment:checking '/home/jetson/ros2_ws/src/install/image_processor/bin'
[8.581s] Level 1:colcon.colcon_core.environment:create_environment_scripts_only(image_processor)
[8.583s] INFO:colcon.colcon_core.shell:Creating package script '/home/jetson/ros2_ws/src/install/image_processor/share/image_processor/package.ps1'
[8.588s] INFO:colcon.colcon_core.shell:Creating package descriptor '/home/jetson/ros2_ws/src/install/image_processor/share/image_processor/package.dsv'
[8.591s] INFO:colcon.colcon_core.shell:Creating package script '/home/jetson/ros2_ws/src/install/image_processor/share/image_processor/package.sh'
[8.595s] INFO:colcon.colcon_core.shell:Creating package script '/home/jetson/ros2_ws/src/install/image_processor/share/image_processor/package.bash'
[8.600s] INFO:colcon.colcon_core.shell:Creating package script '/home/jetson/ros2_ws/src/install/image_processor/share/image_processor/package.zsh'
[8.603s] Level 1:colcon.colcon_core.environment:create_file_with_runtime_dependencies(/home/jetson/ros2_ws/src/install/image_processor/share/colcon-core/packages/image_processor)
[8.605s] DEBUG:colcon.colcon_parallel_executor.executor.parallel:closing loop
[8.606s] DEBUG:colcon.colcon_parallel_executor.executor.parallel:loop closed
[8.606s] DEBUG:colcon.colcon_parallel_executor.executor.parallel:run_until_complete finished with '0'
[8.606s] DEBUG:colcon.colcon_core.event_reactor:joining thread
[8.634s] INFO:colcon.colcon_core.plugin_system:Skipping extension 'colcon_notification.desktop_notification.terminal_notifier': Not used on non-Darwin systems
[8.634s] INFO:colcon.colcon_core.plugin_system:Skipping extension 'colcon_notification.desktop_notification.win32': Not used on non-Windows systems
[8.635s] INFO:colcon.colcon_notification.desktop_notification:Sending desktop notification using 'notify2'
[8.705s] DEBUG:colcon.colcon_core.event_reactor:joined thread
[8.707s] INFO:colcon.colcon_core.shell:Creating prefix script '/home/jetson/ros2_ws/src/install/local_setup.ps1'
[8.711s] INFO:colcon.colcon_core.shell:Creating prefix util module '/home/jetson/ros2_ws/src/install/_local_setup_util_ps1.py'
[8.719s] INFO:colcon.colcon_core.shell:Creating prefix chain script '/home/jetson/ros2_ws/src/install/setup.ps1'
[8.726s] INFO:colcon.colcon_core.shell:Creating prefix script '/home/jetson/ros2_ws/src/install/local_setup.sh'
[8.728s] INFO:colcon.colcon_core.shell:Creating prefix util module '/home/jetson/ros2_ws/src/install/_local_setup_util_sh.py'
[8.731s] INFO:colcon.colcon_core.shell:Creating prefix chain script '/home/jetson/ros2_ws/src/install/setup.sh'
[8.738s] INFO:colcon.colcon_core.shell:Creating prefix script '/home/jetson/ros2_ws/src/install/local_setup.bash'
[8.741s] INFO:colcon.colcon_core.shell:Creating prefix chain script '/home/jetson/ros2_ws/src/install/setup.bash'
[8.749s] INFO:colcon.colcon_core.shell:Creating prefix script '/home/jetson/ros2_ws/src/install/local_setup.zsh'
[8.751s] INFO:colcon.colcon_core.shell:Creating prefix chain script '/home/jetson/ros2_ws/src/install/setup.zsh'
