[0.912s] DEBUG:colcon:Command line arguments: ['/usr/bin/colcon', 'build']
[0.912s] DEBUG:colcon:Parsed command line arguments: Namespace(allow_overriding=[], ament_cmake_args=None, base_paths=['.'], build_base='build', catkin_cmake_args=None, catkin_skip_building_tests=False, cmake_args=None, cmake_clean_cache=False, cmake_clean_first=False, cmake_force_configure=False, cmake_target=None, cmake_target_skip_unavailable=False, continue_on_error=False, event_handlers=None, executor='parallel', ignore_user_meta=False, install_base='install', log_base=None, log_level=None, main=<bound method BuildVerb.main of <colcon_core.verb.build.BuildVerb object at 0x7fa034c580>>, merge_install=False, metas=['./colcon.meta'], packages_above=None, packages_above_and_dependencies=None, packages_above_depth=None, packages_end=None, packages_ignore=None, packages_ignore_regex=None, packages_select=None, packages_select_build_failed=False, packages_select_by_dep=None, packages_select_regex=None, packages_select_test_failures=False, packages_skip=None, packages_skip_build_finished=False, packages_skip_by_dep=None, packages_skip_regex=None, packages_skip_test_passed=False, packages_skip_up_to=None, packages_start=None, packages_up_to=None, packages_up_to_regex=None, parallel_workers=4, paths=None, symlink_install=False, test_result_base=None, verb_extension=<colcon_core.verb.build.BuildVerb object at 0x7fa034c580>, verb_name='build', verb_parser=<colcon_defaults.argument_parser.defaults.DefaultArgumentsDecorator object at 0x7fa01a5220>)
[1.834s] Level 1:colcon.colcon_core.package_discovery:discover_packages(colcon_meta) check parameters
[1.834s] Level 1:colcon.colcon_core.package_discovery:discover_packages(recursive) check parameters
[1.834s] Level 1:colcon.colcon_core.package_discovery:discover_packages(ignore) check parameters
[1.834s] Level 1:colcon.colcon_core.package_discovery:discover_packages(path) check parameters
[1.835s] Level 1:colcon.colcon_core.package_discovery:discover_packages(colcon_meta) discover
[1.835s] Level 1:colcon.colcon_core.package_discovery:discover_packages(recursive) discover
[1.835s] INFO:colcon.colcon_core.package_discovery:Crawling recursively for packages in '/home/jetson/ros2_ws/src'
[1.836s] Level 1:colcon.colcon_core.package_identification:_identify(.) by extensions ['ignore', 'ignore_ament_install']
[1.836s] Level 1:colcon.colcon_core.package_identification:_identify(.) by extension 'ignore'
[1.836s] Level 1:colcon.colcon_core.package_identification:_identify(.) by extension 'ignore_ament_install'
[1.836s] Level 1:colcon.colcon_core.package_identification:_identify(.) by extensions ['colcon_pkg']
[1.837s] Level 1:colcon.colcon_core.package_identification:_identify(.) by extension 'colcon_pkg'
[1.837s] Level 1:colcon.colcon_core.package_identification:_identify(.) by extensions ['colcon_meta']
[1.837s] Level 1:colcon.colcon_core.package_identification:_identify(.) by extension 'colcon_meta'
[1.837s] Level 1:colcon.colcon_core.package_identification:_identify(.) by extensions ['ros']
[1.837s] Level 1:colcon.colcon_core.package_identification:_identify(.) by extension 'ros'
[1.923s] Level 1:colcon.colcon_core.package_identification:_identify(.) by extensions ['cmake', 'python']
[1.924s] Level 1:colcon.colcon_core.package_identification:_identify(.) by extension 'cmake'
[1.924s] Level 1:colcon.colcon_core.package_identification:_identify(.) by extension 'python'
[1.924s] Level 1:colcon.colcon_core.package_identification:_identify(.) by extensions ['python_setup_py']
[1.924s] Level 1:colcon.colcon_core.package_identification:_identify(.) by extension 'python_setup_py'
[1.925s] Level 1:colcon.colcon_core.package_identification:_identify(build) by extensions ['ignore', 'ignore_ament_install']
[1.925s] Level 1:colcon.colcon_core.package_identification:_identify(build) by extension 'ignore'
[1.925s] Level 1:colcon.colcon_core.package_identification:_identify(build) ignored
[1.926s] Level 1:colcon.colcon_core.package_identification:_identify(comm_node) by extensions ['ignore', 'ignore_ament_install']
[1.926s] Level 1:colcon.colcon_core.package_identification:_identify(comm_node) by extension 'ignore'
[1.926s] Level 1:colcon.colcon_core.package_identification:_identify(comm_node) by extension 'ignore_ament_install'
[1.927s] Level 1:colcon.colcon_core.package_identification:_identify(comm_node) by extensions ['colcon_pkg']
[1.927s] Level 1:colcon.colcon_core.package_identification:_identify(comm_node) by extension 'colcon_pkg'
[1.927s] Level 1:colcon.colcon_core.package_identification:_identify(comm_node) by extensions ['colcon_meta']
[1.927s] Level 1:colcon.colcon_core.package_identification:_identify(comm_node) by extension 'colcon_meta'
[1.928s] Level 1:colcon.colcon_core.package_identification:_identify(comm_node) by extensions ['ros']
[1.928s] Level 1:colcon.colcon_core.package_identification:_identify(comm_node) by extension 'ros'
[1.937s] DEBUG:colcon.colcon_core.package_identification:Package 'comm_node' with type 'ros.ament_python' and name 'comm_node'
[1.938s] Level 1:colcon.colcon_core.package_identification:_identify(exer2_control) by extensions ['ignore', 'ignore_ament_install']
[1.938s] Level 1:colcon.colcon_core.package_identification:_identify(exer2_control) by extension 'ignore'
[1.939s] Level 1:colcon.colcon_core.package_identification:_identify(exer2_control) by extension 'ignore_ament_install'
[1.939s] Level 1:colcon.colcon_core.package_identification:_identify(exer2_control) by extensions ['colcon_pkg']
[1.939s] Level 1:colcon.colcon_core.package_identification:_identify(exer2_control) by extension 'colcon_pkg'
[1.939s] Level 1:colcon.colcon_core.package_identification:_identify(exer2_control) by extensions ['colcon_meta']
[1.939s] Level 1:colcon.colcon_core.package_identification:_identify(exer2_control) by extension 'colcon_meta'
[1.940s] Level 1:colcon.colcon_core.package_identification:_identify(exer2_control) by extensions ['ros']
[1.940s] Level 1:colcon.colcon_core.package_identification:_identify(exer2_control) by extension 'ros'
[1.942s] DEBUG:colcon.colcon_core.package_identification:Package 'exer2_control' with type 'ros.ament_python' and name 'exer2_control'
[1.942s] Level 1:colcon.colcon_core.package_identification:_identify(install) by extensions ['ignore', 'ignore_ament_install']
[1.943s] Level 1:colcon.colcon_core.package_identification:_identify(install) by extension 'ignore'
[1.943s] Level 1:colcon.colcon_core.package_identification:_identify(install) ignored
[1.943s] Level 1:colcon.colcon_core.package_identification:_identify(log) by extensions ['ignore', 'ignore_ament_install']
[1.944s] Level 1:colcon.colcon_core.package_identification:_identify(log) by extension 'ignore'
[1.944s] Level 1:colcon.colcon_core.package_identification:_identify(log) ignored
[1.944s] Level 1:colcon.colcon_core.package_identification:_identify(px4_autonomy_modules) by extensions ['ignore', 'ignore_ament_install']
[1.945s] Level 1:colcon.colcon_core.package_identification:_identify(px4_autonomy_modules) by extension 'ignore'
[1.945s] Level 1:colcon.colcon_core.package_identification:_identify(px4_autonomy_modules) by extension 'ignore_ament_install'
[1.945s] Level 1:colcon.colcon_core.package_identification:_identify(px4_autonomy_modules) by extensions ['colcon_pkg']
[1.945s] Level 1:colcon.colcon_core.package_identification:_identify(px4_autonomy_modules) by extension 'colcon_pkg'
[1.945s] Level 1:colcon.colcon_core.package_identification:_identify(px4_autonomy_modules) by extensions ['colcon_meta']
[1.945s] Level 1:colcon.colcon_core.package_identification:_identify(px4_autonomy_modules) by extension 'colcon_meta'
[1.946s] Level 1:colcon.colcon_core.package_identification:_identify(px4_autonomy_modules) by extensions ['ros']
[1.946s] Level 1:colcon.colcon_core.package_identification:_identify(px4_autonomy_modules) by extension 'ros'
[1.950s] DEBUG:colcon.colcon_core.package_identification:Package 'px4_autonomy_modules' with type 'ros.ament_cmake' and name 'px4_autonomy_modules'
[1.951s] Level 1:colcon.colcon_core.package_identification:_identify(realsense2mavros) by extensions ['ignore', 'ignore_ament_install']
[1.951s] Level 1:colcon.colcon_core.package_identification:_identify(realsense2mavros) by extension 'ignore'
[1.951s] Level 1:colcon.colcon_core.package_identification:_identify(realsense2mavros) by extension 'ignore_ament_install'
[1.952s] Level 1:colcon.colcon_core.package_identification:_identify(realsense2mavros) by extensions ['colcon_pkg']
[1.952s] Level 1:colcon.colcon_core.package_identification:_identify(realsense2mavros) by extension 'colcon_pkg'
[1.952s] Level 1:colcon.colcon_core.package_identification:_identify(realsense2mavros) by extensions ['colcon_meta']
[1.952s] Level 1:colcon.colcon_core.package_identification:_identify(realsense2mavros) by extension 'colcon_meta'
[1.952s] Level 1:colcon.colcon_core.package_identification:_identify(realsense2mavros) by extensions ['ros']
[1.952s] Level 1:colcon.colcon_core.package_identification:_identify(realsense2mavros) by extension 'ros'
[1.956s] DEBUG:colcon.colcon_core.package_identification:Package 'realsense2mavros' with type 'ros.ament_python' and name 'realsense2mavros'
[1.956s] Level 1:colcon.colcon_core.package_identification:_identify(task2) by extensions ['ignore', 'ignore_ament_install']
[1.956s] Level 1:colcon.colcon_core.package_identification:_identify(task2) by extension 'ignore'
[1.957s] Level 1:colcon.colcon_core.package_identification:_identify(task2) by extension 'ignore_ament_install'
[1.957s] Level 1:colcon.colcon_core.package_identification:_identify(task2) by extensions ['colcon_pkg']
[1.957s] Level 1:colcon.colcon_core.package_identification:_identify(task2) by extension 'colcon_pkg'
[1.957s] Level 1:colcon.colcon_core.package_identification:_identify(task2) by extensions ['colcon_meta']
[1.957s] Level 1:colcon.colcon_core.package_identification:_identify(task2) by extension 'colcon_meta'
[1.957s] Level 1:colcon.colcon_core.package_identification:_identify(task2) by extensions ['ros']
[1.958s] Level 1:colcon.colcon_core.package_identification:_identify(task2) by extension 'ros'
[1.958s] Level 1:colcon.colcon_core.package_identification:_identify(task2) by extensions ['cmake', 'python']
[1.958s] Level 1:colcon.colcon_core.package_identification:_identify(task2) by extension 'cmake'
[1.958s] Level 1:colcon.colcon_core.package_identification:_identify(task2) by extension 'python'
[1.958s] Level 1:colcon.colcon_core.package_identification:_identify(task2) by extensions ['python_setup_py']
[1.959s] Level 1:colcon.colcon_core.package_identification:_identify(task2) by extension 'python_setup_py'
[1.959s] Level 1:colcon.colcon_core.package_identification:_identify(unit_tester) by extensions ['ignore', 'ignore_ament_install']
[1.959s] Level 1:colcon.colcon_core.package_identification:_identify(unit_tester) by extension 'ignore'
[1.959s] Level 1:colcon.colcon_core.package_identification:_identify(unit_tester) by extension 'ignore_ament_install'
[1.960s] Level 1:colcon.colcon_core.package_identification:_identify(unit_tester) by extensions ['colcon_pkg']
[1.960s] Level 1:colcon.colcon_core.package_identification:_identify(unit_tester) by extension 'colcon_pkg'
[1.960s] Level 1:colcon.colcon_core.package_identification:_identify(unit_tester) by extensions ['colcon_meta']
[1.960s] Level 1:colcon.colcon_core.package_identification:_identify(unit_tester) by extension 'colcon_meta'
[1.960s] Level 1:colcon.colcon_core.package_identification:_identify(unit_tester) by extensions ['ros']
[1.961s] Level 1:colcon.colcon_core.package_identification:_identify(unit_tester) by extension 'ros'
[1.963s] DEBUG:colcon.colcon_core.package_identification:Package 'unit_tester' with type 'ros.ament_python' and name 'unit_tester'
[1.963s] Level 1:colcon.colcon_core.package_identification:_identify(vicon_bridge) by extensions ['ignore', 'ignore_ament_install']
[1.964s] Level 1:colcon.colcon_core.package_identification:_identify(vicon_bridge) by extension 'ignore'
[1.964s] Level 1:colcon.colcon_core.package_identification:_identify(vicon_bridge) by extension 'ignore_ament_install'
[1.964s] Level 1:colcon.colcon_core.package_identification:_identify(vicon_bridge) by extensions ['colcon_pkg']
[1.965s] Level 1:colcon.colcon_core.package_identification:_identify(vicon_bridge) by extension 'colcon_pkg'
[1.965s] Level 1:colcon.colcon_core.package_identification:_identify(vicon_bridge) by extensions ['colcon_meta']
[1.965s] Level 1:colcon.colcon_core.package_identification:_identify(vicon_bridge) by extension 'colcon_meta'
[1.965s] Level 1:colcon.colcon_core.package_identification:_identify(vicon_bridge) by extensions ['ros']
[1.965s] Level 1:colcon.colcon_core.package_identification:_identify(vicon_bridge) by extension 'ros'
[1.968s] DEBUG:colcon.colcon_core.package_identification:Package 'vicon_bridge' with type 'ros.ament_python' and name 'vicon_bridge'
[1.968s] Level 1:colcon.colcon_core.package_discovery:discover_packages(recursive) using defaults
[1.968s] Level 1:colcon.colcon_core.package_discovery:discover_packages(ignore) discover
[1.969s] Level 1:colcon.colcon_core.package_discovery:discover_packages(ignore) using defaults
[1.969s] Level 1:colcon.colcon_core.package_discovery:discover_packages(path) discover
[1.969s] Level 1:colcon.colcon_core.package_discovery:discover_packages(path) using defaults
[2.066s] Level 1:colcon.colcon_core.package_discovery:discover_packages(prefix_path) check parameters
[2.066s] Level 1:colcon.colcon_core.package_discovery:discover_packages(prefix_path) discover
[2.076s] DEBUG:colcon.colcon_installed_package_information.package_discovery:Found 6 installed packages in /home/jetson/ros2_ws/src/install
[2.079s] DEBUG:colcon.colcon_installed_package_information.package_discovery:Found 6 installed packages in /home/jetson/ros2_ws/install
[2.087s] DEBUG:colcon.colcon_installed_package_information.package_discovery:Found 267 installed packages in /opt/ros/foxy
[2.100s] Level 1:colcon.colcon_core.package_discovery:discover_packages(prefix_path) using defaults
[2.464s] Level 5:colcon.colcon_core.verb:set package 'comm_node' build argument 'cmake_args' from command line to 'None'
[2.464s] Level 5:colcon.colcon_core.verb:set package 'comm_node' build argument 'cmake_target' from command line to 'None'
[2.464s] Level 5:colcon.colcon_core.verb:set package 'comm_node' build argument 'cmake_target_skip_unavailable' from command line to 'False'
[2.465s] Level 5:colcon.colcon_core.verb:set package 'comm_node' build argument 'cmake_clean_cache' from command line to 'False'
[2.465s] Level 5:colcon.colcon_core.verb:set package 'comm_node' build argument 'cmake_clean_first' from command line to 'False'
[2.465s] Level 5:colcon.colcon_core.verb:set package 'comm_node' build argument 'cmake_force_configure' from command line to 'False'
[2.465s] Level 5:colcon.colcon_core.verb:set package 'comm_node' build argument 'ament_cmake_args' from command line to 'None'
[2.465s] Level 5:colcon.colcon_core.verb:set package 'comm_node' build argument 'catkin_cmake_args' from command line to 'None'
[2.465s] Level 5:colcon.colcon_core.verb:set package 'comm_node' build argument 'catkin_skip_building_tests' from command line to 'False'
[2.465s] DEBUG:colcon.colcon_core.verb:Building package 'comm_node' with the following arguments: {'ament_cmake_args': None, 'build_base': '/home/jetson/ros2_ws/src/build/comm_node', 'catkin_cmake_args': None, 'catkin_skip_building_tests': False, 'cmake_args': None, 'cmake_clean_cache': False, 'cmake_clean_first': False, 'cmake_force_configure': False, 'cmake_target': None, 'cmake_target_skip_unavailable': False, 'install_base': '/home/jetson/ros2_ws/src/install/comm_node', 'merge_install': False, 'path': '/home/jetson/ros2_ws/src/comm_node', 'symlink_install': False, 'test_result_base': None}
[2.468s] Level 5:colcon.colcon_core.verb:set package 'exer2_control' build argument 'cmake_args' from command line to 'None'
[2.468s] Level 5:colcon.colcon_core.verb:set package 'exer2_control' build argument 'cmake_target' from command line to 'None'
[2.468s] Level 5:colcon.colcon_core.verb:set package 'exer2_control' build argument 'cmake_target_skip_unavailable' from command line to 'False'
[2.468s] Level 5:colcon.colcon_core.verb:set package 'exer2_control' build argument 'cmake_clean_cache' from command line to 'False'
[2.468s] Level 5:colcon.colcon_core.verb:set package 'exer2_control' build argument 'cmake_clean_first' from command line to 'False'
[2.468s] Level 5:colcon.colcon_core.verb:set package 'exer2_control' build argument 'cmake_force_configure' from command line to 'False'
[2.468s] Level 5:colcon.colcon_core.verb:set package 'exer2_control' build argument 'ament_cmake_args' from command line to 'None'
[2.469s] Level 5:colcon.colcon_core.verb:set package 'exer2_control' build argument 'catkin_cmake_args' from command line to 'None'
[2.469s] Level 5:colcon.colcon_core.verb:set package 'exer2_control' build argument 'catkin_skip_building_tests' from command line to 'False'
[2.469s] DEBUG:colcon.colcon_core.verb:Building package 'exer2_control' with the following arguments: {'ament_cmake_args': None, 'build_base': '/home/jetson/ros2_ws/src/build/exer2_control', 'catkin_cmake_args': None, 'catkin_skip_building_tests': False, 'cmake_args': None, 'cmake_clean_cache': False, 'cmake_clean_first': False, 'cmake_force_configure': False, 'cmake_target': None, 'cmake_target_skip_unavailable': False, 'install_base': '/home/jetson/ros2_ws/src/install/exer2_control', 'merge_install': False, 'path': '/home/jetson/ros2_ws/src/exer2_control', 'symlink_install': False, 'test_result_base': None}
[2.471s] Level 5:colcon.colcon_core.verb:set package 'px4_autonomy_modules' build argument 'cmake_args' from command line to 'None'
[2.471s] Level 5:colcon.colcon_core.verb:set package 'px4_autonomy_modules' build argument 'cmake_target' from command line to 'None'
[2.471s] Level 5:colcon.colcon_core.verb:set package 'px4_autonomy_modules' build argument 'cmake_target_skip_unavailable' from command line to 'False'
[2.471s] Level 5:colcon.colcon_core.verb:set package 'px4_autonomy_modules' build argument 'cmake_clean_cache' from command line to 'False'
[2.472s] Level 5:colcon.colcon_core.verb:set package 'px4_autonomy_modules' build argument 'cmake_clean_first' from command line to 'False'
[2.472s] Level 5:colcon.colcon_core.verb:set package 'px4_autonomy_modules' build argument 'cmake_force_configure' from command line to 'False'
[2.472s] Level 5:colcon.colcon_core.verb:set package 'px4_autonomy_modules' build argument 'ament_cmake_args' from command line to 'None'
[2.472s] Level 5:colcon.colcon_core.verb:set package 'px4_autonomy_modules' build argument 'catkin_cmake_args' from command line to 'None'
[2.472s] Level 5:colcon.colcon_core.verb:set package 'px4_autonomy_modules' build argument 'catkin_skip_building_tests' from command line to 'False'
[2.472s] DEBUG:colcon.colcon_core.verb:Building package 'px4_autonomy_modules' with the following arguments: {'ament_cmake_args': None, 'build_base': '/home/jetson/ros2_ws/src/build/px4_autonomy_modules', 'catkin_cmake_args': None, 'catkin_skip_building_tests': False, 'cmake_args': None, 'cmake_clean_cache': False, 'cmake_clean_first': False, 'cmake_force_configure': False, 'cmake_target': None, 'cmake_target_skip_unavailable': False, 'install_base': '/home/jetson/ros2_ws/src/install/px4_autonomy_modules', 'merge_install': False, 'path': '/home/jetson/ros2_ws/src/px4_autonomy_modules', 'symlink_install': False, 'test_result_base': None}
[2.474s] Level 5:colcon.colcon_core.verb:set package 'realsense2mavros' build argument 'cmake_args' from command line to 'None'
[2.474s] Level 5:colcon.colcon_core.verb:set package 'realsense2mavros' build argument 'cmake_target' from command line to 'None'
[2.475s] Level 5:colcon.colcon_core.verb:set package 'realsense2mavros' build argument 'cmake_target_skip_unavailable' from command line to 'False'
[2.475s] Level 5:colcon.colcon_core.verb:set package 'realsense2mavros' build argument 'cmake_clean_cache' from command line to 'False'
[2.475s] Level 5:colcon.colcon_core.verb:set package 'realsense2mavros' build argument 'cmake_clean_first' from command line to 'False'
[2.475s] Level 5:colcon.colcon_core.verb:set package 'realsense2mavros' build argument 'cmake_force_configure' from command line to 'False'
[2.475s] Level 5:colcon.colcon_core.verb:set package 'realsense2mavros' build argument 'ament_cmake_args' from command line to 'None'
[2.475s] Level 5:colcon.colcon_core.verb:set package 'realsense2mavros' build argument 'catkin_cmake_args' from command line to 'None'
[2.475s] Level 5:colcon.colcon_core.verb:set package 'realsense2mavros' build argument 'catkin_skip_building_tests' from command line to 'False'
[2.476s] DEBUG:colcon.colcon_core.verb:Building package 'realsense2mavros' with the following arguments: {'ament_cmake_args': None, 'build_base': '/home/jetson/ros2_ws/src/build/realsense2mavros', 'catkin_cmake_args': None, 'catkin_skip_building_tests': False, 'cmake_args': None, 'cmake_clean_cache': False, 'cmake_clean_first': False, 'cmake_force_configure': False, 'cmake_target': None, 'cmake_target_skip_unavailable': False, 'install_base': '/home/jetson/ros2_ws/src/install/realsense2mavros', 'merge_install': False, 'path': '/home/jetson/ros2_ws/src/realsense2mavros', 'symlink_install': False, 'test_result_base': None}
[2.478s] Level 5:colcon.colcon_core.verb:set package 'unit_tester' build argument 'cmake_args' from command line to 'None'
[2.478s] Level 5:colcon.colcon_core.verb:set package 'unit_tester' build argument 'cmake_target' from command line to 'None'
[2.478s] Level 5:colcon.colcon_core.verb:set package 'unit_tester' build argument 'cmake_target_skip_unavailable' from command line to 'False'
[2.478s] Level 5:colcon.colcon_core.verb:set package 'unit_tester' build argument 'cmake_clean_cache' from command line to 'False'
[2.478s] Level 5:colcon.colcon_core.verb:set package 'unit_tester' build argument 'cmake_clean_first' from command line to 'False'
[2.478s] Level 5:colcon.colcon_core.verb:set package 'unit_tester' build argument 'cmake_force_configure' from command line to 'False'
[2.478s] Level 5:colcon.colcon_core.verb:set package 'unit_tester' build argument 'ament_cmake_args' from command line to 'None'
[2.479s] Level 5:colcon.colcon_core.verb:set package 'unit_tester' build argument 'catkin_cmake_args' from command line to 'None'
[2.479s] Level 5:colcon.colcon_core.verb:set package 'unit_tester' build argument 'catkin_skip_building_tests' from command line to 'False'
[2.479s] DEBUG:colcon.colcon_core.verb:Building package 'unit_tester' with the following arguments: {'ament_cmake_args': None, 'build_base': '/home/jetson/ros2_ws/src/build/unit_tester', 'catkin_cmake_args': None, 'catkin_skip_building_tests': False, 'cmake_args': None, 'cmake_clean_cache': False, 'cmake_clean_first': False, 'cmake_force_configure': False, 'cmake_target': None, 'cmake_target_skip_unavailable': False, 'install_base': '/home/jetson/ros2_ws/src/install/unit_tester', 'merge_install': False, 'path': '/home/jetson/ros2_ws/src/unit_tester', 'symlink_install': False, 'test_result_base': None}
[2.481s] Level 5:colcon.colcon_core.verb:set package 'vicon_bridge' build argument 'cmake_args' from command line to 'None'
[2.481s] Level 5:colcon.colcon_core.verb:set package 'vicon_bridge' build argument 'cmake_target' from command line to 'None'
[2.481s] Level 5:colcon.colcon_core.verb:set package 'vicon_bridge' build argument 'cmake_target_skip_unavailable' from command line to 'False'
[2.481s] Level 5:colcon.colcon_core.verb:set package 'vicon_bridge' build argument 'cmake_clean_cache' from command line to 'False'
[2.482s] Level 5:colcon.colcon_core.verb:set package 'vicon_bridge' build argument 'cmake_clean_first' from command line to 'False'
[2.482s] Level 5:colcon.colcon_core.verb:set package 'vicon_bridge' build argument 'cmake_force_configure' from command line to 'False'
[2.482s] Level 5:colcon.colcon_core.verb:set package 'vicon_bridge' build argument 'ament_cmake_args' from command line to 'None'
[2.482s] Level 5:colcon.colcon_core.verb:set package 'vicon_bridge' build argument 'catkin_cmake_args' from command line to 'None'
[2.482s] Level 5:colcon.colcon_core.verb:set package 'vicon_bridge' build argument 'catkin_skip_building_tests' from command line to 'False'
[2.482s] DEBUG:colcon.colcon_core.verb:Building package 'vicon_bridge' with the following arguments: {'ament_cmake_args': None, 'build_base': '/home/jetson/ros2_ws/src/build/vicon_bridge', 'catkin_cmake_args': None, 'catkin_skip_building_tests': False, 'cmake_args': None, 'cmake_clean_cache': False, 'cmake_clean_first': False, 'cmake_force_configure': False, 'cmake_target': None, 'cmake_target_skip_unavailable': False, 'install_base': '/home/jetson/ros2_ws/src/install/vicon_bridge', 'merge_install': False, 'path': '/home/jetson/ros2_ws/src/vicon_bridge', 'symlink_install': False, 'test_result_base': None}
[2.483s] INFO:colcon.colcon_core.executor:Executing jobs using 'parallel' executor
[2.487s] DEBUG:colcon.colcon_parallel_executor.executor.parallel:run_until_complete
[2.489s] INFO:colcon.colcon_ros.task.ament_python.build:Building ROS package in '/home/jetson/ros2_ws/src/comm_node' with build type 'ament_python'
[2.489s] Level 1:colcon.colcon_core.shell:create_environment_hook('comm_node', 'ament_prefix_path')
[2.499s] INFO:colcon.colcon_core.plugin_system:Skipping extension 'colcon_core.shell.bat': Not used on non-Windows systems
[2.501s] INFO:colcon.colcon_core.shell:Creating environment hook '/home/jetson/ros2_ws/src/install/comm_node/share/comm_node/hook/ament_prefix_path.ps1'
[2.504s] INFO:colcon.colcon_core.shell:Creating environment descriptor '/home/jetson/ros2_ws/src/install/comm_node/share/comm_node/hook/ament_prefix_path.dsv'
[2.506s] INFO:colcon.colcon_core.shell:Creating environment hook '/home/jetson/ros2_ws/src/install/comm_node/share/comm_node/hook/ament_prefix_path.sh'
[2.509s] INFO:colcon.colcon_core.shell:Skip shell extension 'powershell' for command environment: Not usable outside of PowerShell
[2.510s] DEBUG:colcon.colcon_core.shell:Skip shell extension 'dsv' for command environment
[2.535s] INFO:colcon.colcon_ros.task.ament_python.build:Building ROS package in '/home/jetson/ros2_ws/src/exer2_control' with build type 'ament_python'
[2.536s] Level 1:colcon.colcon_core.shell:create_environment_hook('exer2_control', 'ament_prefix_path')
[2.538s] INFO:colcon.colcon_core.shell:Creating environment hook '/home/jetson/ros2_ws/src/install/exer2_control/share/exer2_control/hook/ament_prefix_path.ps1'
[2.541s] INFO:colcon.colcon_core.shell:Creating environment descriptor '/home/jetson/ros2_ws/src/install/exer2_control/share/exer2_control/hook/ament_prefix_path.dsv'
[2.543s] INFO:colcon.colcon_core.shell:Creating environment hook '/home/jetson/ros2_ws/src/install/exer2_control/share/exer2_control/hook/ament_prefix_path.sh'
[2.546s] INFO:colcon.colcon_core.shell:Skip shell extension 'powershell' for command environment: Not usable outside of PowerShell
[2.546s] DEBUG:colcon.colcon_core.shell:Skip shell extension 'dsv' for command environment
[2.571s] INFO:colcon.colcon_ros.task.ament_cmake.build:Building ROS package in '/home/jetson/ros2_ws/src/px4_autonomy_modules' with build type 'ament_cmake'
[2.572s] INFO:colcon.colcon_cmake.task.cmake.build:Building CMake package in '/home/jetson/ros2_ws/src/px4_autonomy_modules'
[2.574s] INFO:colcon.colcon_core.shell:Skip shell extension 'powershell' for command environment: Not usable outside of PowerShell
[2.575s] DEBUG:colcon.colcon_core.shell:Skip shell extension 'dsv' for command environment
[2.601s] INFO:colcon.colcon_ros.task.ament_python.build:Building ROS package in '/home/jetson/ros2_ws/src/realsense2mavros' with build type 'ament_python'
[2.602s] Level 1:colcon.colcon_core.shell:create_environment_hook('realsense2mavros', 'ament_prefix_path')
[2.605s] INFO:colcon.colcon_core.shell:Creating environment hook '/home/jetson/ros2_ws/src/install/realsense2mavros/share/realsense2mavros/hook/ament_prefix_path.ps1'
[2.608s] INFO:colcon.colcon_core.shell:Creating environment descriptor '/home/jetson/ros2_ws/src/install/realsense2mavros/share/realsense2mavros/hook/ament_prefix_path.dsv'
[2.610s] INFO:colcon.colcon_core.shell:Creating environment hook '/home/jetson/ros2_ws/src/install/realsense2mavros/share/realsense2mavros/hook/ament_prefix_path.sh'
[2.612s] INFO:colcon.colcon_core.shell:Skip shell extension 'powershell' for command environment: Not usable outside of PowerShell
[2.613s] DEBUG:colcon.colcon_core.shell:Skip shell extension 'dsv' for command environment
[3.928s] INFO:colcon.colcon_core.task.python.build:Building Python package in '/home/jetson/ros2_ws/src/comm_node'
[3.930s] INFO:colcon.colcon_core.shell:Skip shell extension 'powershell' for command environment: Not usable outside of PowerShell
[3.930s] DEBUG:colcon.colcon_core.shell:Skip shell extension 'dsv' for command environment
[5.240s] INFO:colcon.colcon_core.task.python.build:Building Python package in '/home/jetson/ros2_ws/src/exer2_control'
[5.242s] INFO:colcon.colcon_core.shell:Skip shell extension 'powershell' for command environment: Not usable outside of PowerShell
[5.242s] DEBUG:colcon.colcon_core.shell:Skip shell extension 'dsv' for command environment
[5.278s] DEBUG:colcon.colcon_core.event_handler.log_command:Invoking command in '/home/jetson/ros2_ws/src/build/px4_autonomy_modules': CMAKE_PREFIX_PATH=${CMAKE_PREFIX_PATH}:/home/jetson/ros2_ws/src/install/vicon_bridge:/home/jetson/ros2_ws/src/install/unit_tester:/home/jetson/ros2_ws/src/install/realsense2mavros:/home/jetson/ros2_ws/src/install/exer2_control:/home/jetson/ros2_ws/src/install/comm_node:/home/jetson/ros2_ws/install/vicon_bridge:/home/jetson/ros2_ws/install/unit_tester:/home/jetson/ros2_ws/install/realsense2mavros:/home/jetson/ros2_ws/install/exer2_control:/home/jetson/ros2_ws/install/comm_node:/opt/ros/foxy /usr/bin/cmake --build /home/jetson/ros2_ws/src/build/px4_autonomy_modules -- -j4 -l4
[6.574s] INFO:colcon.colcon_core.task.python.build:Building Python package in '/home/jetson/ros2_ws/src/realsense2mavros'
[6.575s] INFO:colcon.colcon_core.shell:Skip shell extension 'powershell' for command environment: Not usable outside of PowerShell
[6.576s] DEBUG:colcon.colcon_core.shell:Skip shell extension 'dsv' for command environment
[6.608s] DEBUG:colcon.colcon_core.event_handler.log_command:Invoked command in '/home/jetson/ros2_ws/src/build/px4_autonomy_modules' returned '0': CMAKE_PREFIX_PATH=${CMAKE_PREFIX_PATH}:/home/jetson/ros2_ws/src/install/vicon_bridge:/home/jetson/ros2_ws/src/install/unit_tester:/home/jetson/ros2_ws/src/install/realsense2mavros:/home/jetson/ros2_ws/src/install/exer2_control:/home/jetson/ros2_ws/src/install/comm_node:/home/jetson/ros2_ws/install/vicon_bridge:/home/jetson/ros2_ws/install/unit_tester:/home/jetson/ros2_ws/install/realsense2mavros:/home/jetson/ros2_ws/install/exer2_control:/home/jetson/ros2_ws/install/comm_node:/opt/ros/foxy /usr/bin/cmake --build /home/jetson/ros2_ws/src/build/px4_autonomy_modules -- -j4 -l4
[6.652s] DEBUG:colcon.colcon_core.event_handler.log_command:Invoking command in '/home/jetson/ros2_ws/src/build/px4_autonomy_modules': CMAKE_PREFIX_PATH=${CMAKE_PREFIX_PATH}:/home/jetson/ros2_ws/src/install/vicon_bridge:/home/jetson/ros2_ws/src/install/unit_tester:/home/jetson/ros2_ws/src/install/realsense2mavros:/home/jetson/ros2_ws/src/install/exer2_control:/home/jetson/ros2_ws/src/install/comm_node:/home/jetson/ros2_ws/install/vicon_bridge:/home/jetson/ros2_ws/install/unit_tester:/home/jetson/ros2_ws/install/realsense2mavros:/home/jetson/ros2_ws/install/exer2_control:/home/jetson/ros2_ws/install/comm_node:/opt/ros/foxy /usr/bin/cmake --install /home/jetson/ros2_ws/src/build/px4_autonomy_modules
[6.719s] Level 1:colcon.colcon_core.environment:create_environment_scripts_only(px4_autonomy_modules)
[6.721s] DEBUG:colcon.colcon_core.event_handler.log_command:Invoked command in '/home/jetson/ros2_ws/src/build/px4_autonomy_modules' returned '0': CMAKE_PREFIX_PATH=${CMAKE_PREFIX_PATH}:/home/jetson/ros2_ws/src/install/vicon_bridge:/home/jetson/ros2_ws/src/install/unit_tester:/home/jetson/ros2_ws/src/install/realsense2mavros:/home/jetson/ros2_ws/src/install/exer2_control:/home/jetson/ros2_ws/src/install/comm_node:/home/jetson/ros2_ws/install/vicon_bridge:/home/jetson/ros2_ws/install/unit_tester:/home/jetson/ros2_ws/install/realsense2mavros:/home/jetson/ros2_ws/install/exer2_control:/home/jetson/ros2_ws/install/comm_node:/opt/ros/foxy /usr/bin/cmake --install /home/jetson/ros2_ws/src/build/px4_autonomy_modules
[6.734s] Level 1:colcon.colcon_core.environment:checking '/home/jetson/ros2_ws/src/install/px4_autonomy_modules' for CMake module files
[6.737s] Level 1:colcon.colcon_core.environment:checking '/home/jetson/ros2_ws/src/install/px4_autonomy_modules' for CMake config files
[6.738s] Level 1:colcon.colcon_core.shell:create_environment_hook('px4_autonomy_modules', 'cmake_prefix_path')
[6.740s] INFO:colcon.colcon_core.shell:Creating environment hook '/home/jetson/ros2_ws/src/install/px4_autonomy_modules/share/px4_autonomy_modules/hook/cmake_prefix_path.ps1'
[6.744s] INFO:colcon.colcon_core.shell:Creating environment descriptor '/home/jetson/ros2_ws/src/install/px4_autonomy_modules/share/px4_autonomy_modules/hook/cmake_prefix_path.dsv'
[6.746s] INFO:colcon.colcon_core.shell:Creating environment hook '/home/jetson/ros2_ws/src/install/px4_autonomy_modules/share/px4_autonomy_modules/hook/cmake_prefix_path.sh'
[6.749s] Level 1:colcon.colcon_core.environment:checking '/home/jetson/ros2_ws/src/install/px4_autonomy_modules/bin'
[6.749s] Level 1:colcon.colcon_core.environment:checking '/home/jetson/ros2_ws/src/install/px4_autonomy_modules/lib/pkgconfig/px4_autonomy_modules.pc'
[6.750s] Level 1:colcon.colcon_core.environment:checking '/home/jetson/ros2_ws/src/install/px4_autonomy_modules/lib/python3.8/site-packages'
[6.751s] Level 1:colcon.colcon_core.environment:checking '/home/jetson/ros2_ws/src/install/px4_autonomy_modules/bin'
[6.753s] INFO:colcon.colcon_core.shell:Creating package script '/home/jetson/ros2_ws/src/install/px4_autonomy_modules/share/px4_autonomy_modules/package.ps1'
[6.757s] INFO:colcon.colcon_core.shell:Creating package descriptor '/home/jetson/ros2_ws/src/install/px4_autonomy_modules/share/px4_autonomy_modules/package.dsv'
[6.759s] INFO:colcon.colcon_core.shell:Creating package script '/home/jetson/ros2_ws/src/install/px4_autonomy_modules/share/px4_autonomy_modules/package.sh'
[6.763s] INFO:colcon.colcon_core.shell:Creating package script '/home/jetson/ros2_ws/src/install/px4_autonomy_modules/share/px4_autonomy_modules/package.bash'
[6.767s] INFO:colcon.colcon_core.shell:Creating package script '/home/jetson/ros2_ws/src/install/px4_autonomy_modules/share/px4_autonomy_modules/package.zsh'
[6.770s] Level 1:colcon.colcon_core.environment:create_file_with_runtime_dependencies(/home/jetson/ros2_ws/src/install/px4_autonomy_modules/share/colcon-core/packages/px4_autonomy_modules)
[6.773s] Level 1:colcon.colcon_core.environment:create_environment_scripts_only(px4_autonomy_modules)
[6.774s] Level 1:colcon.colcon_core.environment:checking '/home/jetson/ros2_ws/src/install/px4_autonomy_modules' for CMake module files
[6.777s] Level 1:colcon.colcon_core.environment:checking '/home/jetson/ros2_ws/src/install/px4_autonomy_modules' for CMake config files
[6.778s] Level 1:colcon.colcon_core.shell:create_environment_hook('px4_autonomy_modules', 'cmake_prefix_path')
[6.779s] INFO:colcon.colcon_core.shell:Creating environment hook '/home/jetson/ros2_ws/src/install/px4_autonomy_modules/share/px4_autonomy_modules/hook/cmake_prefix_path.ps1'
[6.781s] INFO:colcon.colcon_core.shell:Creating environment descriptor '/home/jetson/ros2_ws/src/install/px4_autonomy_modules/share/px4_autonomy_modules/hook/cmake_prefix_path.dsv'
[6.783s] INFO:colcon.colcon_core.shell:Creating environment hook '/home/jetson/ros2_ws/src/install/px4_autonomy_modules/share/px4_autonomy_modules/hook/cmake_prefix_path.sh'
[6.785s] Level 1:colcon.colcon_core.environment:checking '/home/jetson/ros2_ws/src/install/px4_autonomy_modules/bin'
[6.786s] Level 1:colcon.colcon_core.environment:checking '/home/jetson/ros2_ws/src/install/px4_autonomy_modules/lib/pkgconfig/px4_autonomy_modules.pc'
[6.786s] Level 1:colcon.colcon_core.environment:checking '/home/jetson/ros2_ws/src/install/px4_autonomy_modules/lib/python3.8/site-packages'
[6.787s] Level 1:colcon.colcon_core.environment:checking '/home/jetson/ros2_ws/src/install/px4_autonomy_modules/bin'
[6.789s] INFO:colcon.colcon_core.shell:Creating package script '/home/jetson/ros2_ws/src/install/px4_autonomy_modules/share/px4_autonomy_modules/package.ps1'
[6.792s] INFO:colcon.colcon_core.shell:Creating package descriptor '/home/jetson/ros2_ws/src/install/px4_autonomy_modules/share/px4_autonomy_modules/package.dsv'
[6.794s] INFO:colcon.colcon_core.shell:Creating package script '/home/jetson/ros2_ws/src/install/px4_autonomy_modules/share/px4_autonomy_modules/package.sh'
[6.797s] INFO:colcon.colcon_core.shell:Creating package script '/home/jetson/ros2_ws/src/install/px4_autonomy_modules/share/px4_autonomy_modules/package.bash'
[6.799s] INFO:colcon.colcon_core.shell:Creating package script '/home/jetson/ros2_ws/src/install/px4_autonomy_modules/share/px4_autonomy_modules/package.zsh'
[6.801s] Level 1:colcon.colcon_core.environment:create_file_with_runtime_dependencies(/home/jetson/ros2_ws/src/install/px4_autonomy_modules/share/colcon-core/packages/px4_autonomy_modules)
[6.804s] INFO:colcon.colcon_ros.task.ament_python.build:Building ROS package in '/home/jetson/ros2_ws/src/unit_tester' with build type 'ament_python'
[6.806s] Level 1:colcon.colcon_core.shell:create_environment_hook('unit_tester', 'ament_prefix_path')
[6.807s] INFO:colcon.colcon_core.shell:Creating environment hook '/home/jetson/ros2_ws/src/install/unit_tester/share/unit_tester/hook/ament_prefix_path.ps1'
[6.809s] INFO:colcon.colcon_core.shell:Creating environment descriptor '/home/jetson/ros2_ws/src/install/unit_tester/share/unit_tester/hook/ament_prefix_path.dsv'
[6.811s] INFO:colcon.colcon_core.shell:Creating environment hook '/home/jetson/ros2_ws/src/install/unit_tester/share/unit_tester/hook/ament_prefix_path.sh'
[6.814s] INFO:colcon.colcon_core.shell:Skip shell extension 'powershell' for command environment: Not usable outside of PowerShell
[6.814s] DEBUG:colcon.colcon_core.shell:Skip shell extension 'dsv' for command environment
[8.366s] INFO:colcon.colcon_core.task.python.build:Building Python package in '/home/jetson/ros2_ws/src/unit_tester'
[8.368s] INFO:colcon.colcon_core.shell:Skip shell extension 'powershell' for command environment: Not usable outside of PowerShell
[8.368s] DEBUG:colcon.colcon_core.shell:Skip shell extension 'dsv' for command environment
[8.765s] DEBUG:colcon.colcon_core.event_handler.log_command:Invoking command in '/home/jetson/ros2_ws/src/comm_node': PYTHONPATH=/home/jetson/ros2_ws/src/build/comm_node/prefix_override:/usr/lib/python3/dist-packages/colcon_core/task/python/colcon_distutils_commands:/home/jetson/ros2_ws/src/install/comm_node/lib/python3.8/site-packages:${PYTHONPATH} /usr/bin/python3 -W ignore:setup.py install is deprecated -W ignore:easy_install command is deprecated setup.py egg_info --egg-base ../build/comm_node build --build-base /home/jetson/ros2_ws/src/build/comm_node/build install --record /home/jetson/ros2_ws/src/build/comm_node/install.log --install-scripts $base/lib/comm_node --single-version-externally-managed install_data
[8.896s] DEBUG:colcon.colcon_core.event_handler.log_command:Invoking command in '/home/jetson/ros2_ws/src/exer2_control': PYTHONPATH=/home/jetson/ros2_ws/src/build/exer2_control/prefix_override:/usr/lib/python3/dist-packages/colcon_core/task/python/colcon_distutils_commands:/home/jetson/ros2_ws/src/install/exer2_control/lib/python3.8/site-packages:${PYTHONPATH} /usr/bin/python3 -W ignore:setup.py install is deprecated -W ignore:easy_install command is deprecated setup.py egg_info --egg-base ../build/exer2_control build --build-base /home/jetson/ros2_ws/src/build/exer2_control/build install --record /home/jetson/ros2_ws/src/build/exer2_control/install.log --install-scripts $base/lib/exer2_control --single-version-externally-managed install_data
[8.923s] DEBUG:colcon.colcon_core.event_handler.log_command:Invoking command in '/home/jetson/ros2_ws/src/realsense2mavros': PYTHONPATH=/home/jetson/ros2_ws/src/build/realsense2mavros/prefix_override:/usr/lib/python3/dist-packages/colcon_core/task/python/colcon_distutils_commands:/home/jetson/ros2_ws/src/install/realsense2mavros/lib/python3.8/site-packages:${PYTHONPATH} /usr/bin/python3 -W ignore:setup.py install is deprecated -W ignore:easy_install command is deprecated setup.py egg_info --egg-base ../build/realsense2mavros build --build-base /home/jetson/ros2_ws/src/build/realsense2mavros/build install --record /home/jetson/ros2_ws/src/build/realsense2mavros/install.log --install-scripts $base/lib/realsense2mavros --single-version-externally-managed install_data
[10.519s] Level 1:colcon.colcon_core.environment:checking '/home/jetson/ros2_ws/src/install/comm_node' for CMake module files
[10.521s] DEBUG:colcon.colcon_core.event_handler.log_command:Invoked command in '/home/jetson/ros2_ws/src/comm_node' returned '0': PYTHONPATH=/home/jetson/ros2_ws/src/build/comm_node/prefix_override:/usr/lib/python3/dist-packages/colcon_core/task/python/colcon_distutils_commands:/home/jetson/ros2_ws/src/install/comm_node/lib/python3.8/site-packages:${PYTHONPATH} /usr/bin/python3 -W ignore:setup.py install is deprecated -W ignore:easy_install command is deprecated setup.py egg_info --egg-base ../build/comm_node build --build-base /home/jetson/ros2_ws/src/build/comm_node/build install --record /home/jetson/ros2_ws/src/build/comm_node/install.log --install-scripts $base/lib/comm_node --single-version-externally-managed install_data
[10.524s] Level 1:colcon.colcon_core.environment:checking '/home/jetson/ros2_ws/src/install/comm_node' for CMake config files
[10.529s] Level 1:colcon.colcon_core.environment:checking '/home/jetson/ros2_ws/src/install/comm_node/lib'
[10.530s] Level 1:colcon.colcon_core.environment:checking '/home/jetson/ros2_ws/src/install/comm_node/bin'
[10.531s] Level 1:colcon.colcon_core.environment:checking '/home/jetson/ros2_ws/src/install/comm_node/lib/pkgconfig/comm_node.pc'
[10.533s] Level 1:colcon.colcon_core.environment:checking '/home/jetson/ros2_ws/src/install/comm_node/lib/python3.8/site-packages'
[10.534s] Level 1:colcon.colcon_core.shell:create_environment_hook('comm_node', 'pythonpath')
[10.536s] INFO:colcon.colcon_core.shell:Creating environment hook '/home/jetson/ros2_ws/src/install/comm_node/share/comm_node/hook/pythonpath.ps1'
[10.539s] INFO:colcon.colcon_core.shell:Creating environment descriptor '/home/jetson/ros2_ws/src/install/comm_node/share/comm_node/hook/pythonpath.dsv'
[10.541s] INFO:colcon.colcon_core.shell:Creating environment hook '/home/jetson/ros2_ws/src/install/comm_node/share/comm_node/hook/pythonpath.sh'
[10.545s] Level 1:colcon.colcon_core.environment:checking '/home/jetson/ros2_ws/src/install/comm_node/bin'
[10.546s] Level 1:colcon.colcon_core.environment:create_environment_scripts_only(comm_node)
[10.548s] INFO:colcon.colcon_core.shell:Creating package script '/home/jetson/ros2_ws/src/install/comm_node/share/comm_node/package.ps1'
[10.552s] INFO:colcon.colcon_core.shell:Creating package descriptor '/home/jetson/ros2_ws/src/install/comm_node/share/comm_node/package.dsv'
[10.555s] INFO:colcon.colcon_core.shell:Creating package script '/home/jetson/ros2_ws/src/install/comm_node/share/comm_node/package.sh'
[10.558s] INFO:colcon.colcon_core.shell:Creating package script '/home/jetson/ros2_ws/src/install/comm_node/share/comm_node/package.bash'
[10.563s] INFO:colcon.colcon_core.shell:Creating package script '/home/jetson/ros2_ws/src/install/comm_node/share/comm_node/package.zsh'
[10.565s] Level 1:colcon.colcon_core.environment:create_file_with_runtime_dependencies(/home/jetson/ros2_ws/src/install/comm_node/share/colcon-core/packages/comm_node)
[10.574s] INFO:colcon.colcon_ros.task.ament_python.build:Building ROS package in '/home/jetson/ros2_ws/src/vicon_bridge' with build type 'ament_python'
[10.579s] Level 1:colcon.colcon_core.shell:create_environment_hook('vicon_bridge', 'ament_prefix_path')
[10.587s] INFO:colcon.colcon_core.shell:Creating environment hook '/home/jetson/ros2_ws/src/install/vicon_bridge/share/vicon_bridge/hook/ament_prefix_path.ps1'
[10.590s] INFO:colcon.colcon_core.shell:Creating environment descriptor '/home/jetson/ros2_ws/src/install/vicon_bridge/share/vicon_bridge/hook/ament_prefix_path.dsv'
[10.593s] INFO:colcon.colcon_core.shell:Creating environment hook '/home/jetson/ros2_ws/src/install/vicon_bridge/share/vicon_bridge/hook/ament_prefix_path.sh'
[10.597s] INFO:colcon.colcon_core.shell:Skip shell extension 'powershell' for command environment: Not usable outside of PowerShell
[10.598s] DEBUG:colcon.colcon_core.shell:Skip shell extension 'dsv' for command environment
[10.643s] Level 1:colcon.colcon_core.environment:checking '/home/jetson/ros2_ws/src/install/realsense2mavros' for CMake module files
[10.647s] DEBUG:colcon.colcon_core.event_handler.log_command:Invoked command in '/home/jetson/ros2_ws/src/realsense2mavros' returned '0': PYTHONPATH=/home/jetson/ros2_ws/src/build/realsense2mavros/prefix_override:/usr/lib/python3/dist-packages/colcon_core/task/python/colcon_distutils_commands:/home/jetson/ros2_ws/src/install/realsense2mavros/lib/python3.8/site-packages:${PYTHONPATH} /usr/bin/python3 -W ignore:setup.py install is deprecated -W ignore:easy_install command is deprecated setup.py egg_info --egg-base ../build/realsense2mavros build --build-base /home/jetson/ros2_ws/src/build/realsense2mavros/build install --record /home/jetson/ros2_ws/src/build/realsense2mavros/install.log --install-scripts $base/lib/realsense2mavros --single-version-externally-managed install_data
[10.649s] Level 1:colcon.colcon_core.environment:checking '/home/jetson/ros2_ws/src/install/realsense2mavros' for CMake config files
[10.652s] Level 1:colcon.colcon_core.environment:checking '/home/jetson/ros2_ws/src/install/realsense2mavros/lib'
[10.652s] Level 1:colcon.colcon_core.environment:checking '/home/jetson/ros2_ws/src/install/realsense2mavros/bin'
[10.653s] Level 1:colcon.colcon_core.environment:checking '/home/jetson/ros2_ws/src/install/realsense2mavros/lib/pkgconfig/realsense2mavros.pc'
[10.654s] Level 1:colcon.colcon_core.environment:checking '/home/jetson/ros2_ws/src/install/realsense2mavros/lib/python3.8/site-packages'
[10.654s] Level 1:colcon.colcon_core.shell:create_environment_hook('realsense2mavros', 'pythonpath')
[10.656s] INFO:colcon.colcon_core.shell:Creating environment hook '/home/jetson/ros2_ws/src/install/realsense2mavros/share/realsense2mavros/hook/pythonpath.ps1'
[10.659s] INFO:colcon.colcon_core.shell:Creating environment descriptor '/home/jetson/ros2_ws/src/install/realsense2mavros/share/realsense2mavros/hook/pythonpath.dsv'
[10.661s] INFO:colcon.colcon_core.shell:Creating environment hook '/home/jetson/ros2_ws/src/install/realsense2mavros/share/realsense2mavros/hook/pythonpath.sh'
[10.664s] Level 1:colcon.colcon_core.environment:checking '/home/jetson/ros2_ws/src/install/realsense2mavros/bin'
[10.665s] Level 1:colcon.colcon_core.environment:create_environment_scripts_only(realsense2mavros)
[10.667s] INFO:colcon.colcon_core.shell:Creating package script '/home/jetson/ros2_ws/src/install/realsense2mavros/share/realsense2mavros/package.ps1'
[10.670s] INFO:colcon.colcon_core.shell:Creating package descriptor '/home/jetson/ros2_ws/src/install/realsense2mavros/share/realsense2mavros/package.dsv'
[10.673s] INFO:colcon.colcon_core.shell:Creating package script '/home/jetson/ros2_ws/src/install/realsense2mavros/share/realsense2mavros/package.sh'
[10.677s] INFO:colcon.colcon_core.shell:Creating package script '/home/jetson/ros2_ws/src/install/realsense2mavros/share/realsense2mavros/package.bash'
[10.679s] INFO:colcon.colcon_core.shell:Creating package script '/home/jetson/ros2_ws/src/install/realsense2mavros/share/realsense2mavros/package.zsh'
[10.681s] Level 1:colcon.colcon_core.environment:create_file_with_runtime_dependencies(/home/jetson/ros2_ws/src/install/realsense2mavros/share/colcon-core/packages/realsense2mavros)
[11.965s] INFO:colcon.colcon_core.task.python.build:Building Python package in '/home/jetson/ros2_ws/src/vicon_bridge'
[11.966s] INFO:colcon.colcon_core.shell:Skip shell extension 'powershell' for command environment: Not usable outside of PowerShell
[11.966s] DEBUG:colcon.colcon_core.shell:Skip shell extension 'dsv' for command environment
[11.997s] Level 1:colcon.colcon_core.environment:checking '/home/jetson/ros2_ws/src/install/exer2_control' for CMake module files
[12.000s] DEBUG:colcon.colcon_core.event_handler.log_command:Invoked command in '/home/jetson/ros2_ws/src/exer2_control' returned '0': PYTHONPATH=/home/jetson/ros2_ws/src/build/exer2_control/prefix_override:/usr/lib/python3/dist-packages/colcon_core/task/python/colcon_distutils_commands:/home/jetson/ros2_ws/src/install/exer2_control/lib/python3.8/site-packages:${PYTHONPATH} /usr/bin/python3 -W ignore:setup.py install is deprecated -W ignore:easy_install command is deprecated setup.py egg_info --egg-base ../build/exer2_control build --build-base /home/jetson/ros2_ws/src/build/exer2_control/build install --record /home/jetson/ros2_ws/src/build/exer2_control/install.log --install-scripts $base/lib/exer2_control --single-version-externally-managed install_data
[12.001s] Level 1:colcon.colcon_core.environment:checking '/home/jetson/ros2_ws/src/install/exer2_control' for CMake config files
[12.004s] Level 1:colcon.colcon_core.environment:checking '/home/jetson/ros2_ws/src/install/exer2_control/lib'
[12.004s] Level 1:colcon.colcon_core.environment:checking '/home/jetson/ros2_ws/src/install/exer2_control/bin'
[12.004s] Level 1:colcon.colcon_core.environment:checking '/home/jetson/ros2_ws/src/install/exer2_control/lib/pkgconfig/exer2_control.pc'
[12.005s] Level 1:colcon.colcon_core.environment:checking '/home/jetson/ros2_ws/src/install/exer2_control/lib/python3.8/site-packages'
[12.005s] Level 1:colcon.colcon_core.shell:create_environment_hook('exer2_control', 'pythonpath')
[12.007s] INFO:colcon.colcon_core.shell:Creating environment hook '/home/jetson/ros2_ws/src/install/exer2_control/share/exer2_control/hook/pythonpath.ps1'
[12.008s] INFO:colcon.colcon_core.shell:Creating environment descriptor '/home/jetson/ros2_ws/src/install/exer2_control/share/exer2_control/hook/pythonpath.dsv'
[12.010s] INFO:colcon.colcon_core.shell:Creating environment hook '/home/jetson/ros2_ws/src/install/exer2_control/share/exer2_control/hook/pythonpath.sh'
[12.012s] Level 1:colcon.colcon_core.environment:checking '/home/jetson/ros2_ws/src/install/exer2_control/bin'
[12.012s] Level 1:colcon.colcon_core.environment:create_environment_scripts_only(exer2_control)
[12.014s] INFO:colcon.colcon_core.shell:Creating package script '/home/jetson/ros2_ws/src/install/exer2_control/share/exer2_control/package.ps1'
[12.016s] INFO:colcon.colcon_core.shell:Creating package descriptor '/home/jetson/ros2_ws/src/install/exer2_control/share/exer2_control/package.dsv'
[12.018s] INFO:colcon.colcon_core.shell:Creating package script '/home/jetson/ros2_ws/src/install/exer2_control/share/exer2_control/package.sh'
[12.019s] INFO:colcon.colcon_core.shell:Creating package script '/home/jetson/ros2_ws/src/install/exer2_control/share/exer2_control/package.bash'
[12.021s] INFO:colcon.colcon_core.shell:Creating package script '/home/jetson/ros2_ws/src/install/exer2_control/share/exer2_control/package.zsh'
[12.022s] Level 1:colcon.colcon_core.environment:create_file_with_runtime_dependencies(/home/jetson/ros2_ws/src/install/exer2_control/share/colcon-core/packages/exer2_control)
[12.036s] DEBUG:colcon.colcon_core.event_handler.log_command:Invoking command in '/home/jetson/ros2_ws/src/unit_tester': PYTHONPATH=/home/jetson/ros2_ws/src/build/unit_tester/prefix_override:/usr/lib/python3/dist-packages/colcon_core/task/python/colcon_distutils_commands:/home/jetson/ros2_ws/src/install/unit_tester/lib/python3.8/site-packages:${PYTHONPATH} /usr/bin/python3 -W ignore:setup.py install is deprecated -W ignore:easy_install command is deprecated setup.py egg_info --egg-base ../build/unit_tester build --build-base /home/jetson/ros2_ws/src/build/unit_tester/build install --record /home/jetson/ros2_ws/src/build/unit_tester/install.log --install-scripts $base/lib/unit_tester --single-version-externally-managed install_data
[13.520s] Level 1:colcon.colcon_core.environment:checking '/home/jetson/ros2_ws/src/install/unit_tester' for CMake module files
[13.523s] DEBUG:colcon.colcon_core.event_handler.log_command:Invoked command in '/home/jetson/ros2_ws/src/unit_tester' returned '0': PYTHONPATH=/home/jetson/ros2_ws/src/build/unit_tester/prefix_override:/usr/lib/python3/dist-packages/colcon_core/task/python/colcon_distutils_commands:/home/jetson/ros2_ws/src/install/unit_tester/lib/python3.8/site-packages:${PYTHONPATH} /usr/bin/python3 -W ignore:setup.py install is deprecated -W ignore:easy_install command is deprecated setup.py egg_info --egg-base ../build/unit_tester build --build-base /home/jetson/ros2_ws/src/build/unit_tester/build install --record /home/jetson/ros2_ws/src/build/unit_tester/install.log --install-scripts $base/lib/unit_tester --single-version-externally-managed install_data
[13.524s] Level 1:colcon.colcon_core.environment:checking '/home/jetson/ros2_ws/src/install/unit_tester' for CMake config files
[13.527s] Level 1:colcon.colcon_core.environment:checking '/home/jetson/ros2_ws/src/install/unit_tester/lib'
[13.527s] Level 1:colcon.colcon_core.environment:checking '/home/jetson/ros2_ws/src/install/unit_tester/bin'
[13.527s] Level 1:colcon.colcon_core.environment:checking '/home/jetson/ros2_ws/src/install/unit_tester/lib/pkgconfig/unit_tester.pc'
[13.528s] Level 1:colcon.colcon_core.environment:checking '/home/jetson/ros2_ws/src/install/unit_tester/lib/python3.8/site-packages'
[13.529s] Level 1:colcon.colcon_core.shell:create_environment_hook('unit_tester', 'pythonpath')
[13.530s] INFO:colcon.colcon_core.shell:Creating environment hook '/home/jetson/ros2_ws/src/install/unit_tester/share/unit_tester/hook/pythonpath.ps1'
[13.533s] INFO:colcon.colcon_core.shell:Creating environment descriptor '/home/jetson/ros2_ws/src/install/unit_tester/share/unit_tester/hook/pythonpath.dsv'
[13.535s] INFO:colcon.colcon_core.shell:Creating environment hook '/home/jetson/ros2_ws/src/install/unit_tester/share/unit_tester/hook/pythonpath.sh'
[13.537s] Level 1:colcon.colcon_core.environment:checking '/home/jetson/ros2_ws/src/install/unit_tester/bin'
[13.538s] Level 1:colcon.colcon_core.environment:create_environment_scripts_only(unit_tester)
[13.539s] INFO:colcon.colcon_core.shell:Creating package script '/home/jetson/ros2_ws/src/install/unit_tester/share/unit_tester/package.ps1'
[13.542s] INFO:colcon.colcon_core.shell:Creating package descriptor '/home/jetson/ros2_ws/src/install/unit_tester/share/unit_tester/package.dsv'
[13.544s] INFO:colcon.colcon_core.shell:Creating package script '/home/jetson/ros2_ws/src/install/unit_tester/share/unit_tester/package.sh'
[13.547s] INFO:colcon.colcon_core.shell:Creating package script '/home/jetson/ros2_ws/src/install/unit_tester/share/unit_tester/package.bash'
[13.549s] INFO:colcon.colcon_core.shell:Creating package script '/home/jetson/ros2_ws/src/install/unit_tester/share/unit_tester/package.zsh'
[13.551s] Level 1:colcon.colcon_core.environment:create_file_with_runtime_dependencies(/home/jetson/ros2_ws/src/install/unit_tester/share/colcon-core/packages/unit_tester)
[13.915s] DEBUG:colcon.colcon_core.event_handler.log_command:Invoking command in '/home/jetson/ros2_ws/src/vicon_bridge': PYTHONPATH=/home/jetson/ros2_ws/src/build/vicon_bridge/prefix_override:/usr/lib/python3/dist-packages/colcon_core/task/python/colcon_distutils_commands:/home/jetson/ros2_ws/src/install/vicon_bridge/lib/python3.8/site-packages:${PYTHONPATH} /usr/bin/python3 -W ignore:setup.py install is deprecated -W ignore:easy_install command is deprecated setup.py egg_info --egg-base ../build/vicon_bridge build --build-base /home/jetson/ros2_ws/src/build/vicon_bridge/build install --record /home/jetson/ros2_ws/src/build/vicon_bridge/install.log --install-scripts $base/lib/vicon_bridge --single-version-externally-managed install_data
[15.333s] Level 1:colcon.colcon_core.environment:checking '/home/jetson/ros2_ws/src/install/vicon_bridge' for CMake module files
[15.336s] DEBUG:colcon.colcon_core.event_handler.log_command:Invoked command in '/home/jetson/ros2_ws/src/vicon_bridge' returned '0': PYTHONPATH=/home/jetson/ros2_ws/src/build/vicon_bridge/prefix_override:/usr/lib/python3/dist-packages/colcon_core/task/python/colcon_distutils_commands:/home/jetson/ros2_ws/src/install/vicon_bridge/lib/python3.8/site-packages:${PYTHONPATH} /usr/bin/python3 -W ignore:setup.py install is deprecated -W ignore:easy_install command is deprecated setup.py egg_info --egg-base ../build/vicon_bridge build --build-base /home/jetson/ros2_ws/src/build/vicon_bridge/build install --record /home/jetson/ros2_ws/src/build/vicon_bridge/install.log --install-scripts $base/lib/vicon_bridge --single-version-externally-managed install_data
[15.337s] Level 1:colcon.colcon_core.environment:checking '/home/jetson/ros2_ws/src/install/vicon_bridge' for CMake config files
[15.339s] Level 1:colcon.colcon_core.environment:checking '/home/jetson/ros2_ws/src/install/vicon_bridge/lib'
[15.340s] Level 1:colcon.colcon_core.environment:checking '/home/jetson/ros2_ws/src/install/vicon_bridge/bin'
[15.340s] Level 1:colcon.colcon_core.environment:checking '/home/jetson/ros2_ws/src/install/vicon_bridge/lib/pkgconfig/vicon_bridge.pc'
[15.341s] Level 1:colcon.colcon_core.environment:checking '/home/jetson/ros2_ws/src/install/vicon_bridge/lib/python3.8/site-packages'
[15.341s] Level 1:colcon.colcon_core.shell:create_environment_hook('vicon_bridge', 'pythonpath')
[15.342s] INFO:colcon.colcon_core.shell:Creating environment hook '/home/jetson/ros2_ws/src/install/vicon_bridge/share/vicon_bridge/hook/pythonpath.ps1'
[15.345s] INFO:colcon.colcon_core.shell:Creating environment descriptor '/home/jetson/ros2_ws/src/install/vicon_bridge/share/vicon_bridge/hook/pythonpath.dsv'
[15.347s] INFO:colcon.colcon_core.shell:Creating environment hook '/home/jetson/ros2_ws/src/install/vicon_bridge/share/vicon_bridge/hook/pythonpath.sh'
[15.349s] Level 1:colcon.colcon_core.environment:checking '/home/jetson/ros2_ws/src/install/vicon_bridge/bin'
[15.349s] Level 1:colcon.colcon_core.environment:create_environment_scripts_only(vicon_bridge)
[15.351s] INFO:colcon.colcon_core.shell:Creating package script '/home/jetson/ros2_ws/src/install/vicon_bridge/share/vicon_bridge/package.ps1'
[15.353s] INFO:colcon.colcon_core.shell:Creating package descriptor '/home/jetson/ros2_ws/src/install/vicon_bridge/share/vicon_bridge/package.dsv'
[15.354s] INFO:colcon.colcon_core.shell:Creating package script '/home/jetson/ros2_ws/src/install/vicon_bridge/share/vicon_bridge/package.sh'
[15.356s] INFO:colcon.colcon_core.shell:Creating package script '/home/jetson/ros2_ws/src/install/vicon_bridge/share/vicon_bridge/package.bash'
[15.358s] INFO:colcon.colcon_core.shell:Creating package script '/home/jetson/ros2_ws/src/install/vicon_bridge/share/vicon_bridge/package.zsh'
[15.359s] Level 1:colcon.colcon_core.environment:create_file_with_runtime_dependencies(/home/jetson/ros2_ws/src/install/vicon_bridge/share/colcon-core/packages/vicon_bridge)
[15.360s] DEBUG:colcon.colcon_parallel_executor.executor.parallel:closing loop
[15.361s] DEBUG:colcon.colcon_parallel_executor.executor.parallel:loop closed
[15.362s] DEBUG:colcon.colcon_parallel_executor.executor.parallel:run_until_complete finished with '0'
[15.363s] DEBUG:colcon.colcon_core.event_reactor:joining thread
[15.387s] INFO:colcon.colcon_core.plugin_system:Skipping extension 'colcon_notification.desktop_notification.terminal_notifier': Not used on non-Darwin systems
[15.387s] INFO:colcon.colcon_core.plugin_system:Skipping extension 'colcon_notification.desktop_notification.win32': Not used on non-Windows systems
[15.388s] INFO:colcon.colcon_notification.desktop_notification:Sending desktop notification using 'notify2'
[15.424s] DEBUG:colcon.colcon_core.event_reactor:joined thread
[15.425s] INFO:colcon.colcon_core.shell:Creating prefix script '/home/jetson/ros2_ws/src/install/local_setup.ps1'
[15.429s] INFO:colcon.colcon_core.shell:Creating prefix util module '/home/jetson/ros2_ws/src/install/_local_setup_util_ps1.py'
[15.435s] INFO:colcon.colcon_core.shell:Creating prefix chain script '/home/jetson/ros2_ws/src/install/setup.ps1'
[15.442s] INFO:colcon.colcon_core.shell:Creating prefix script '/home/jetson/ros2_ws/src/install/local_setup.sh'
[15.444s] INFO:colcon.colcon_core.shell:Creating prefix util module '/home/jetson/ros2_ws/src/install/_local_setup_util_sh.py'
[15.447s] INFO:colcon.colcon_core.shell:Creating prefix chain script '/home/jetson/ros2_ws/src/install/setup.sh'
[15.455s] INFO:colcon.colcon_core.shell:Creating prefix script '/home/jetson/ros2_ws/src/install/local_setup.bash'
[15.457s] INFO:colcon.colcon_core.shell:Creating prefix chain script '/home/jetson/ros2_ws/src/install/setup.bash'
[15.464s] INFO:colcon.colcon_core.shell:Creating prefix script '/home/jetson/ros2_ws/src/install/local_setup.zsh'
[15.466s] INFO:colcon.colcon_core.shell:Creating prefix chain script '/home/jetson/ros2_ws/src/install/setup.zsh'
