[12.559s] Invoking command in '/home/jetson/ros2_ws/src/exer2_control': PYTHONPATH=/home/jetson/ros2_ws/src/build/exer2_control/prefix_override:/usr/lib/python3/dist-packages/colcon_core/task/python/colcon_distutils_commands:/home/jetson/ros2_ws/src/install/exer2_control/lib/python3.8/site-packages:${PYTHONPATH} /usr/bin/python3 -W ignore:setup.py install is deprecated -W ignore:easy_install command is deprecated setup.py egg_info --egg-base ../build/exer2_control build --build-base /home/jetson/ros2_ws/src/build/exer2_control/build install --record /home/jetson/ros2_ws/src/build/exer2_control/install.log --install-scripts $base/lib/exer2_control --single-version-externally-managed install_data
[14.581s] /usr/local/lib/python3.8/dist-packages/setuptools/dist.py:717: UserWarning: Usage of dash-separated 'script-dir' will not be supported in future versions. Please use the underscore name 'script_dir' instead
[14.585s]   warnings.warn(
[14.874s] running egg_info
[14.883s] writing ../build/exer2_control/exer2_control.egg-info/PKG-INFO
[14.894s] writing dependency_links to ../build/exer2_control/exer2_control.egg-info/dependency_links.txt
[14.900s] writing entry points to ../build/exer2_control/exer2_control.egg-info/entry_points.txt
[14.908s] writing requirements to ../build/exer2_control/exer2_control.egg-info/requires.txt
[14.913s] writing top-level names to ../build/exer2_control/exer2_control.egg-info/top_level.txt
[14.942s] reading manifest file '../build/exer2_control/exer2_control.egg-info/SOURCES.txt'
[14.956s] writing manifest file '../build/exer2_control/exer2_control.egg-info/SOURCES.txt'
[14.957s] running build
[14.958s] running build_py
[14.958s] running install
[14.959s] running install_lib
[14.973s] running install_data
[14.973s] running install_egg_info
[14.981s] removing '/home/jetson/ros2_ws/src/install/exer2_control/lib/python3.8/site-packages/exer2_control-0.0.0-py3.8.egg-info' (and everything under it)
[14.982s] Copying ../build/exer2_control/exer2_control.egg-info to /home/jetson/ros2_ws/src/install/exer2_control/lib/python3.8/site-packages/exer2_control-0.0.0-py3.8.egg-info
[14.996s] running install_scripts
[15.106s] Installing controller script to /home/jetson/ros2_ws/src/install/exer2_control/lib/exer2_control
[15.109s] writing list of installed files to '/home/jetson/ros2_ws/src/build/exer2_control/install.log'
[15.284s] Invoked command in '/home/jetson/ros2_ws/src/exer2_control' returned '0': PYTHONPATH=/home/jetson/ros2_ws/src/build/exer2_control/prefix_override:/usr/lib/python3/dist-packages/colcon_core/task/python/colcon_distutils_commands:/home/jetson/ros2_ws/src/install/exer2_control/lib/python3.8/site-packages:${PYTHONPATH} /usr/bin/python3 -W ignore:setup.py install is deprecated -W ignore:easy_install command is deprecated setup.py egg_info --egg-base ../build/exer2_control build --build-base /home/jetson/ros2_ws/src/build/exer2_control/build install --record /home/jetson/ros2_ws/src/build/exer2_control/install.log --install-scripts $base/lib/exer2_control --single-version-externally-managed install_data
