[7.083s] Invoking command in '/home/jetson/ros2_ws/src/exer2_control': PYTHONPATH=/home/jetson/ros2_ws/src/build/exer2_control/prefix_override:/usr/lib/python3/dist-packages/colcon_core/task/python/colcon_distutils_commands:/home/jetson/ros2_ws/src/install/exer2_control/lib/python3.8/site-packages:${PYTHONPATH} /usr/bin/python3 -W ignore:setup.py install is deprecated -W ignore:easy_install command is deprecated setup.py egg_info --egg-base ../build/exer2_control build --build-base /home/jetson/ros2_ws/src/build/exer2_control/build install --record /home/jetson/ros2_ws/src/build/exer2_control/install.log --install-scripts $base/lib/exer2_control --single-version-externally-managed install_data
[8.843s] /usr/local/lib/python3.8/dist-packages/setuptools/dist.py:717: UserWarning: Usage of dash-separated 'script-dir' will not be supported in future versions. Please use the underscore name 'script_dir' instead
[8.844s]   warnings.warn(
[9.080s] running egg_info
[9.082s] writing ../build/exer2_control/exer2_control.egg-info/PKG-INFO
[9.102s] writing dependency_links to ../build/exer2_control/exer2_control.egg-info/dependency_links.txt
[9.102s] writing entry points to ../build/exer2_control/exer2_control.egg-info/entry_points.txt
[9.103s] writing requirements to ../build/exer2_control/exer2_control.egg-info/requires.txt
[9.103s] writing top-level names to ../build/exer2_control/exer2_control.egg-info/top_level.txt
[9.116s] reading manifest file '../build/exer2_control/exer2_control.egg-info/SOURCES.txt'
[9.120s] writing manifest file '../build/exer2_control/exer2_control.egg-info/SOURCES.txt'
[9.121s] running build
[9.122s] running build_py
[9.123s] running install
[9.125s] running install_lib
[9.132s] running install_data
[9.132s] running install_egg_info
[9.149s] removing '/home/jetson/ros2_ws/src/install/exer2_control/lib/python3.8/site-packages/exer2_control-0.0.0-py3.8.egg-info' (and everything under it)
[9.150s] Copying ../build/exer2_control/exer2_control.egg-info to /home/jetson/ros2_ws/src/install/exer2_control/lib/python3.8/site-packages/exer2_control-0.0.0-py3.8.egg-info
[9.156s] running install_scripts
[9.271s] Installing controller script to /home/jetson/ros2_ws/src/install/exer2_control/lib/exer2_control
[9.273s] writing list of installed files to '/home/jetson/ros2_ws/src/build/exer2_control/install.log'
[9.403s] Invoked command in '/home/jetson/ros2_ws/src/exer2_control' returned '0': PYTHONPATH=/home/jetson/ros2_ws/src/build/exer2_control/prefix_override:/usr/lib/python3/dist-packages/colcon_core/task/python/colcon_distutils_commands:/home/jetson/ros2_ws/src/install/exer2_control/lib/python3.8/site-packages:${PYTHONPATH} /usr/bin/python3 -W ignore:setup.py install is deprecated -W ignore:easy_install command is deprecated setup.py egg_info --egg-base ../build/exer2_control build --build-base /home/jetson/ros2_ws/src/build/exer2_control/build install --record /home/jetson/ros2_ws/src/build/exer2_control/install.log --install-scripts $base/lib/exer2_control --single-version-externally-managed install_data
