[7.352s] Invoking command in '/home/jetson/ros2_ws/src/waypoint_nav': PYTHONPATH=/home/jetson/ros2_ws/src/build/waypoint_nav/prefix_override:/usr/lib/python3/dist-packages/colcon_core/task/python/colcon_distutils_commands:/home/jetson/ros2_ws/src/install/waypoint_nav/lib/python3.8/site-packages:${PYTHONPATH} /usr/bin/python3 -W ignore:setup.py install is deprecated -W ignore:easy_install command is deprecated setup.py egg_info --egg-base ../build/waypoint_nav build --build-base /home/jetson/ros2_ws/src/build/waypoint_nav/build install --record /home/jetson/ros2_ws/src/build/waypoint_nav/install.log --install-scripts $base/lib/waypoint_nav --single-version-externally-managed install_data
[8.669s] /usr/local/lib/python3.8/dist-packages/setuptools/dist.py:717: UserWarning: Usage of dash-separated 'script-dir' will not be supported in future versions. Please use the underscore name 'script_dir' instead
[8.670s]   warnings.warn(
[8.855s] running egg_info
[8.859s] writing ../build/waypoint_nav/waypoint_nav.egg-info/PKG-INFO
[8.862s] writing dependency_links to ../build/waypoint_nav/waypoint_nav.egg-info/dependency_links.txt
[8.864s] writing entry points to ../build/waypoint_nav/waypoint_nav.egg-info/entry_points.txt
[8.866s] writing requirements to ../build/waypoint_nav/waypoint_nav.egg-info/requires.txt
[8.870s] writing top-level names to ../build/waypoint_nav/waypoint_nav.egg-info/top_level.txt
[8.891s] reading manifest file '../build/waypoint_nav/waypoint_nav.egg-info/SOURCES.txt'
[8.895s] writing manifest file '../build/waypoint_nav/waypoint_nav.egg-info/SOURCES.txt'
[8.898s] running build
[8.900s] running build_py
[8.901s] running install
[8.908s] running install_lib
[8.915s] running install_data
[8.916s] running install_egg_info
[8.929s] removing '/home/jetson/ros2_ws/src/install/waypoint_nav/lib/python3.8/site-packages/waypoint_nav-0.0.0-py3.8.egg-info' (and everything under it)
[8.929s] Copying ../build/waypoint_nav/waypoint_nav.egg-info to /home/jetson/ros2_ws/src/install/waypoint_nav/lib/python3.8/site-packages/waypoint_nav-0.0.0-py3.8.egg-info
[8.942s] running install_scripts
[9.041s] Installing waypoint script to /home/jetson/ros2_ws/src/install/waypoint_nav/lib/waypoint_nav
[9.042s] writing list of installed files to '/home/jetson/ros2_ws/src/build/waypoint_nav/install.log'
[9.142s] Invoked command in '/home/jetson/ros2_ws/src/waypoint_nav' returned '0': PYTHONPATH=/home/jetson/ros2_ws/src/build/waypoint_nav/prefix_override:/usr/lib/python3/dist-packages/colcon_core/task/python/colcon_distutils_commands:/home/jetson/ros2_ws/src/install/waypoint_nav/lib/python3.8/site-packages:${PYTHONPATH} /usr/bin/python3 -W ignore:setup.py install is deprecated -W ignore:easy_install command is deprecated setup.py egg_info --egg-base ../build/waypoint_nav build --build-base /home/jetson/ros2_ws/src/build/waypoint_nav/build install --record /home/jetson/ros2_ws/src/build/waypoint_nav/install.log --install-scripts $base/lib/waypoint_nav --single-version-externally-managed install_data
