[1.045s] DEBUG:colcon:Command line arguments: ['/usr/bin/colcon', 'build']
[1.045s] DEBUG:colcon:Parsed command line arguments: Namespace(allow_overriding=[], ament_cmake_args=None, base_paths=['.'], build_base='build', catkin_cmake_args=None, catkin_skip_building_tests=False, cmake_args=None, cmake_clean_cache=False, cmake_clean_first=False, cmake_force_configure=False, cmake_target=None, cmake_target_skip_unavailable=False, continue_on_error=False, event_handlers=None, executor='parallel', ignore_user_meta=False, install_base='install', log_base=None, log_level=None, main=<bound method BuildVerb.main of <colcon_core.verb.build.BuildVerb object at 0x7f8d96ef70>>, merge_install=False, metas=['./colcon.meta'], packages_above=None, packages_above_and_dependencies=None, packages_above_depth=None, packages_end=None, packages_ignore=None, packages_ignore_regex=None, packages_select=None, packages_select_build_failed=False, packages_select_by_dep=None, packages_select_regex=None, packages_select_test_failures=False, packages_skip=None, packages_skip_build_finished=False, packages_skip_by_dep=None, packages_skip_regex=None, packages_skip_test_passed=False, packages_skip_up_to=None, packages_start=None, packages_up_to=None, packages_up_to_regex=None, parallel_workers=4, paths=None, symlink_install=False, test_result_base=None, verb_extension=<colcon_core.verb.build.BuildVerb object at 0x7f8d96ef70>, verb_name='build', verb_parser=<colcon_defaults.argument_parser.defaults.DefaultArgumentsDecorator object at 0x7f8d8eb340>)
[1.974s] Level 1:colcon.colcon_core.package_discovery:discover_packages(colcon_meta) check parameters
[1.975s] Level 1:colcon.colcon_core.package_discovery:discover_packages(recursive) check parameters
[1.975s] Level 1:colcon.colcon_core.package_discovery:discover_packages(ignore) check parameters
[1.975s] Level 1:colcon.colcon_core.package_discovery:discover_packages(path) check parameters
[1.975s] Level 1:colcon.colcon_core.package_discovery:discover_packages(colcon_meta) discover
[1.976s] Level 1:colcon.colcon_core.package_discovery:discover_packages(recursive) discover
[1.976s] INFO:colcon.colcon_core.package_discovery:Crawling recursively for packages in '/home/jetson/ros2_ws'
[1.976s] Level 1:colcon.colcon_core.package_identification:_identify(.) by extensions ['ignore', 'ignore_ament_install']
[1.977s] Level 1:colcon.colcon_core.package_identification:_identify(.) by extension 'ignore'
[1.977s] Level 1:colcon.colcon_core.package_identification:_identify(.) by extension 'ignore_ament_install'
[1.977s] Level 1:colcon.colcon_core.package_identification:_identify(.) by extensions ['colcon_pkg']
[1.977s] Level 1:colcon.colcon_core.package_identification:_identify(.) by extension 'colcon_pkg'
[1.978s] Level 1:colcon.colcon_core.package_identification:_identify(.) by extensions ['colcon_meta']
[1.978s] Level 1:colcon.colcon_core.package_identification:_identify(.) by extension 'colcon_meta'
[1.978s] Level 1:colcon.colcon_core.package_identification:_identify(.) by extensions ['ros']
[1.978s] Level 1:colcon.colcon_core.package_identification:_identify(.) by extension 'ros'
[2.074s] Level 1:colcon.colcon_core.package_identification:_identify(.) by extensions ['cmake', 'python']
[2.074s] Level 1:colcon.colcon_core.package_identification:_identify(.) by extension 'cmake'
[2.074s] Level 1:colcon.colcon_core.package_identification:_identify(.) by extension 'python'
[2.075s] Level 1:colcon.colcon_core.package_identification:_identify(.) by extensions ['python_setup_py']
[2.075s] Level 1:colcon.colcon_core.package_identification:_identify(.) by extension 'python_setup_py'
[2.075s] Level 1:colcon.colcon_core.package_identification:_identify(build) by extensions ['ignore', 'ignore_ament_install']
[2.076s] Level 1:colcon.colcon_core.package_identification:_identify(build) by extension 'ignore'
[2.076s] Level 1:colcon.colcon_core.package_identification:_identify(build) ignored
[2.076s] Level 1:colcon.colcon_core.package_identification:_identify(install) by extensions ['ignore', 'ignore_ament_install']
[2.077s] Level 1:colcon.colcon_core.package_identification:_identify(install) by extension 'ignore'
[2.077s] Level 1:colcon.colcon_core.package_identification:_identify(install) ignored
[2.078s] Level 1:colcon.colcon_core.package_identification:_identify(log) by extensions ['ignore', 'ignore_ament_install']
[2.078s] Level 1:colcon.colcon_core.package_identification:_identify(log) by extension 'ignore'
[2.079s] Level 1:colcon.colcon_core.package_identification:_identify(log) ignored
[2.079s] Level 1:colcon.colcon_core.package_identification:_identify(src) by extensions ['ignore', 'ignore_ament_install']
[2.079s] Level 1:colcon.colcon_core.package_identification:_identify(src) by extension 'ignore'
[2.080s] Level 1:colcon.colcon_core.package_identification:_identify(src) by extension 'ignore_ament_install'
[2.080s] Level 1:colcon.colcon_core.package_identification:_identify(src) by extensions ['colcon_pkg']
[2.080s] Level 1:colcon.colcon_core.package_identification:_identify(src) by extension 'colcon_pkg'
[2.080s] Level 1:colcon.colcon_core.package_identification:_identify(src) by extensions ['colcon_meta']
[2.080s] Level 1:colcon.colcon_core.package_identification:_identify(src) by extension 'colcon_meta'
[2.081s] Level 1:colcon.colcon_core.package_identification:_identify(src) by extensions ['ros']
[2.081s] Level 1:colcon.colcon_core.package_identification:_identify(src) by extension 'ros'
[2.081s] Level 1:colcon.colcon_core.package_identification:_identify(src) by extensions ['cmake', 'python']
[2.081s] Level 1:colcon.colcon_core.package_identification:_identify(src) by extension 'cmake'
[2.082s] Level 1:colcon.colcon_core.package_identification:_identify(src) by extension 'python'
[2.082s] Level 1:colcon.colcon_core.package_identification:_identify(src) by extensions ['python_setup_py']
[2.082s] Level 1:colcon.colcon_core.package_identification:_identify(src) by extension 'python_setup_py'
[2.082s] Level 1:colcon.colcon_core.package_identification:_identify(src/build) by extensions ['ignore', 'ignore_ament_install']
[2.083s] Level 1:colcon.colcon_core.package_identification:_identify(src/build) by extension 'ignore'
[2.083s] Level 1:colcon.colcon_core.package_identification:_identify(src/build) ignored
[2.083s] Level 1:colcon.colcon_core.package_identification:_identify(src/comm_node) by extensions ['ignore', 'ignore_ament_install']
[2.084s] Level 1:colcon.colcon_core.package_identification:_identify(src/comm_node) by extension 'ignore'
[2.084s] Level 1:colcon.colcon_core.package_identification:_identify(src/comm_node) by extension 'ignore_ament_install'
[2.084s] Level 1:colcon.colcon_core.package_identification:_identify(src/comm_node) by extensions ['colcon_pkg']
[2.084s] Level 1:colcon.colcon_core.package_identification:_identify(src/comm_node) by extension 'colcon_pkg'
[2.084s] Level 1:colcon.colcon_core.package_identification:_identify(src/comm_node) by extensions ['colcon_meta']
[2.085s] Level 1:colcon.colcon_core.package_identification:_identify(src/comm_node) by extension 'colcon_meta'
[2.085s] Level 1:colcon.colcon_core.package_identification:_identify(src/comm_node) by extensions ['ros']
[2.085s] Level 1:colcon.colcon_core.package_identification:_identify(src/comm_node) by extension 'ros'
[2.099s] DEBUG:colcon.colcon_core.package_identification:Package 'src/comm_node' with type 'ros.ament_python' and name 'comm_node'
[2.099s] Level 1:colcon.colcon_core.package_identification:_identify(src/dummy_vicon_republisher) by extensions ['ignore', 'ignore_ament_install']
[2.100s] Level 1:colcon.colcon_core.package_identification:_identify(src/dummy_vicon_republisher) by extension 'ignore'
[2.100s] Level 1:colcon.colcon_core.package_identification:_identify(src/dummy_vicon_republisher) by extension 'ignore_ament_install'
[2.100s] Level 1:colcon.colcon_core.package_identification:_identify(src/dummy_vicon_republisher) by extensions ['colcon_pkg']
[2.100s] Level 1:colcon.colcon_core.package_identification:_identify(src/dummy_vicon_republisher) by extension 'colcon_pkg'
[2.101s] Level 1:colcon.colcon_core.package_identification:_identify(src/dummy_vicon_republisher) by extensions ['colcon_meta']
[2.101s] Level 1:colcon.colcon_core.package_identification:_identify(src/dummy_vicon_republisher) by extension 'colcon_meta'
[2.101s] Level 1:colcon.colcon_core.package_identification:_identify(src/dummy_vicon_republisher) by extensions ['ros']
[2.101s] Level 1:colcon.colcon_core.package_identification:_identify(src/dummy_vicon_republisher) by extension 'ros'
[2.104s] DEBUG:colcon.colcon_core.package_identification:Package 'src/dummy_vicon_republisher' with type 'ros.ament_python' and name 'dummy_vicon_republisher'
[2.105s] Level 1:colcon.colcon_core.package_identification:_identify(src/exer2_control) by extensions ['ignore', 'ignore_ament_install']
[2.105s] Level 1:colcon.colcon_core.package_identification:_identify(src/exer2_control) by extension 'ignore'
[2.106s] Level 1:colcon.colcon_core.package_identification:_identify(src/exer2_control) by extension 'ignore_ament_install'
[2.106s] Level 1:colcon.colcon_core.package_identification:_identify(src/exer2_control) by extensions ['colcon_pkg']
[2.106s] Level 1:colcon.colcon_core.package_identification:_identify(src/exer2_control) by extension 'colcon_pkg'
[2.106s] Level 1:colcon.colcon_core.package_identification:_identify(src/exer2_control) by extensions ['colcon_meta']
[2.106s] Level 1:colcon.colcon_core.package_identification:_identify(src/exer2_control) by extension 'colcon_meta'
[2.107s] Level 1:colcon.colcon_core.package_identification:_identify(src/exer2_control) by extensions ['ros']
[2.107s] Level 1:colcon.colcon_core.package_identification:_identify(src/exer2_control) by extension 'ros'
[2.109s] DEBUG:colcon.colcon_core.package_identification:Package 'src/exer2_control' with type 'ros.ament_python' and name 'exer2_control'
[2.110s] Level 1:colcon.colcon_core.package_identification:_identify(src/install) by extensions ['ignore', 'ignore_ament_install']
[2.110s] Level 1:colcon.colcon_core.package_identification:_identify(src/install) by extension 'ignore'
[2.110s] Level 1:colcon.colcon_core.package_identification:_identify(src/install) ignored
[2.110s] Level 1:colcon.colcon_core.package_identification:_identify(src/launcher) by extensions ['ignore', 'ignore_ament_install']
[2.111s] Level 1:colcon.colcon_core.package_identification:_identify(src/launcher) by extension 'ignore'
[2.111s] Level 1:colcon.colcon_core.package_identification:_identify(src/launcher) by extension 'ignore_ament_install'
[2.111s] Level 1:colcon.colcon_core.package_identification:_identify(src/launcher) by extensions ['colcon_pkg']
[2.111s] Level 1:colcon.colcon_core.package_identification:_identify(src/launcher) by extension 'colcon_pkg'
[2.112s] Level 1:colcon.colcon_core.package_identification:_identify(src/launcher) by extensions ['colcon_meta']
[2.112s] Level 1:colcon.colcon_core.package_identification:_identify(src/launcher) by extension 'colcon_meta'
[2.112s] Level 1:colcon.colcon_core.package_identification:_identify(src/launcher) by extensions ['ros']
[2.112s] Level 1:colcon.colcon_core.package_identification:_identify(src/launcher) by extension 'ros'
[2.113s] Level 1:colcon.colcon_core.package_identification:_identify(src/launcher) by extensions ['cmake', 'python']
[2.113s] Level 1:colcon.colcon_core.package_identification:_identify(src/launcher) by extension 'cmake'
[2.113s] Level 1:colcon.colcon_core.package_identification:_identify(src/launcher) by extension 'python'
[2.113s] Level 1:colcon.colcon_core.package_identification:_identify(src/launcher) by extensions ['python_setup_py']
[2.113s] Level 1:colcon.colcon_core.package_identification:_identify(src/launcher) by extension 'python_setup_py'
[2.114s] Level 1:colcon.colcon_core.package_identification:_identify(src/log) by extensions ['ignore', 'ignore_ament_install']
[2.114s] Level 1:colcon.colcon_core.package_identification:_identify(src/log) by extension 'ignore'
[2.115s] Level 1:colcon.colcon_core.package_identification:_identify(src/log) ignored
[2.115s] Level 1:colcon.colcon_core.package_identification:_identify(src/px4_autonomy_modules) by extensions ['ignore', 'ignore_ament_install']
[2.115s] Level 1:colcon.colcon_core.package_identification:_identify(src/px4_autonomy_modules) by extension 'ignore'
[2.115s] Level 1:colcon.colcon_core.package_identification:_identify(src/px4_autonomy_modules) by extension 'ignore_ament_install'
[2.116s] Level 1:colcon.colcon_core.package_identification:_identify(src/px4_autonomy_modules) by extensions ['colcon_pkg']
[2.116s] Level 1:colcon.colcon_core.package_identification:_identify(src/px4_autonomy_modules) by extension 'colcon_pkg'
[2.116s] Level 1:colcon.colcon_core.package_identification:_identify(src/px4_autonomy_modules) by extensions ['colcon_meta']
[2.116s] Level 1:colcon.colcon_core.package_identification:_identify(src/px4_autonomy_modules) by extension 'colcon_meta'
[2.116s] Level 1:colcon.colcon_core.package_identification:_identify(src/px4_autonomy_modules) by extensions ['ros']
[2.117s] Level 1:colcon.colcon_core.package_identification:_identify(src/px4_autonomy_modules) by extension 'ros'
[2.121s] DEBUG:colcon.colcon_core.package_identification:Package 'src/px4_autonomy_modules' with type 'ros.ament_cmake' and name 'px4_autonomy_modules'
[2.122s] Level 1:colcon.colcon_core.package_identification:_identify(src/realsense2mavros) by extensions ['ignore', 'ignore_ament_install']
[2.122s] Level 1:colcon.colcon_core.package_identification:_identify(src/realsense2mavros) by extension 'ignore'
[2.122s] Level 1:colcon.colcon_core.package_identification:_identify(src/realsense2mavros) by extension 'ignore_ament_install'
[2.123s] Level 1:colcon.colcon_core.package_identification:_identify(src/realsense2mavros) by extensions ['colcon_pkg']
[2.123s] Level 1:colcon.colcon_core.package_identification:_identify(src/realsense2mavros) by extension 'colcon_pkg'
[2.123s] Level 1:colcon.colcon_core.package_identification:_identify(src/realsense2mavros) by extensions ['colcon_meta']
[2.123s] Level 1:colcon.colcon_core.package_identification:_identify(src/realsense2mavros) by extension 'colcon_meta'
[2.123s] Level 1:colcon.colcon_core.package_identification:_identify(src/realsense2mavros) by extensions ['ros']
[2.124s] Level 1:colcon.colcon_core.package_identification:_identify(src/realsense2mavros) by extension 'ros'
[2.127s] DEBUG:colcon.colcon_core.package_identification:Package 'src/realsense2mavros' with type 'ros.ament_python' and name 'realsense2mavros'
[2.127s] Level 1:colcon.colcon_core.package_identification:_identify(src/task2) by extensions ['ignore', 'ignore_ament_install']
[2.128s] Level 1:colcon.colcon_core.package_identification:_identify(src/task2) by extension 'ignore'
[2.128s] Level 1:colcon.colcon_core.package_identification:_identify(src/task2) by extension 'ignore_ament_install'
[2.128s] Level 1:colcon.colcon_core.package_identification:_identify(src/task2) by extensions ['colcon_pkg']
[2.129s] Level 1:colcon.colcon_core.package_identification:_identify(src/task2) by extension 'colcon_pkg'
[2.129s] Level 1:colcon.colcon_core.package_identification:_identify(src/task2) by extensions ['colcon_meta']
[2.129s] Level 1:colcon.colcon_core.package_identification:_identify(src/task2) by extension 'colcon_meta'
[2.129s] Level 1:colcon.colcon_core.package_identification:_identify(src/task2) by extensions ['ros']
[2.130s] Level 1:colcon.colcon_core.package_identification:_identify(src/task2) by extension 'ros'
[2.130s] Level 1:colcon.colcon_core.package_identification:_identify(src/task2) by extensions ['cmake', 'python']
[2.130s] Level 1:colcon.colcon_core.package_identification:_identify(src/task2) by extension 'cmake'
[2.130s] Level 1:colcon.colcon_core.package_identification:_identify(src/task2) by extension 'python'
[2.130s] Level 1:colcon.colcon_core.package_identification:_identify(src/task2) by extensions ['python_setup_py']
[2.131s] Level 1:colcon.colcon_core.package_identification:_identify(src/task2) by extension 'python_setup_py'
[2.131s] Level 1:colcon.colcon_core.package_identification:_identify(src/unit_tester) by extensions ['ignore', 'ignore_ament_install']
[2.131s] Level 1:colcon.colcon_core.package_identification:_identify(src/unit_tester) by extension 'ignore'
[2.132s] Level 1:colcon.colcon_core.package_identification:_identify(src/unit_tester) by extension 'ignore_ament_install'
[2.132s] Level 1:colcon.colcon_core.package_identification:_identify(src/unit_tester) by extensions ['colcon_pkg']
[2.132s] Level 1:colcon.colcon_core.package_identification:_identify(src/unit_tester) by extension 'colcon_pkg'
[2.132s] Level 1:colcon.colcon_core.package_identification:_identify(src/unit_tester) by extensions ['colcon_meta']
[2.132s] Level 1:colcon.colcon_core.package_identification:_identify(src/unit_tester) by extension 'colcon_meta'
[2.133s] Level 1:colcon.colcon_core.package_identification:_identify(src/unit_tester) by extensions ['ros']
[2.133s] Level 1:colcon.colcon_core.package_identification:_identify(src/unit_tester) by extension 'ros'
[2.135s] DEBUG:colcon.colcon_core.package_identification:Package 'src/unit_tester' with type 'ros.ament_python' and name 'unit_tester'
[2.136s] Level 1:colcon.colcon_core.package_identification:_identify(src/vicon_bridge) by extensions ['ignore', 'ignore_ament_install']
[2.136s] Level 1:colcon.colcon_core.package_identification:_identify(src/vicon_bridge) by extension 'ignore'
[2.136s] Level 1:colcon.colcon_core.package_identification:_identify(src/vicon_bridge) by extension 'ignore_ament_install'
[2.136s] Level 1:colcon.colcon_core.package_identification:_identify(src/vicon_bridge) by extensions ['colcon_pkg']
[2.137s] Level 1:colcon.colcon_core.package_identification:_identify(src/vicon_bridge) by extension 'colcon_pkg'
[2.137s] Level 1:colcon.colcon_core.package_identification:_identify(src/vicon_bridge) by extensions ['colcon_meta']
[2.137s] Level 1:colcon.colcon_core.package_identification:_identify(src/vicon_bridge) by extension 'colcon_meta'
[2.137s] Level 1:colcon.colcon_core.package_identification:_identify(src/vicon_bridge) by extensions ['ros']
[2.137s] Level 1:colcon.colcon_core.package_identification:_identify(src/vicon_bridge) by extension 'ros'
[2.140s] DEBUG:colcon.colcon_core.package_identification:Package 'src/vicon_bridge' with type 'ros.ament_python' and name 'vicon_bridge'
[2.140s] Level 1:colcon.colcon_core.package_discovery:discover_packages(recursive) using defaults
[2.141s] Level 1:colcon.colcon_core.package_discovery:discover_packages(ignore) discover
[2.141s] Level 1:colcon.colcon_core.package_discovery:discover_packages(ignore) using defaults
[2.141s] Level 1:colcon.colcon_core.package_discovery:discover_packages(path) discover
[2.141s] Level 1:colcon.colcon_core.package_discovery:discover_packages(path) using defaults
[2.242s] Level 1:colcon.colcon_core.package_discovery:discover_packages(prefix_path) check parameters
[2.243s] Level 1:colcon.colcon_core.package_discovery:discover_packages(prefix_path) discover
[2.256s] DEBUG:colcon.colcon_installed_package_information.package_discovery:Found 7 installed packages in /home/jetson/ros2_ws/install
[2.264s] DEBUG:colcon.colcon_installed_package_information.package_discovery:Found 267 installed packages in /opt/ros/foxy
[2.276s] Level 1:colcon.colcon_core.package_discovery:discover_packages(prefix_path) using defaults
[2.633s] Level 5:colcon.colcon_core.verb:set package 'comm_node' build argument 'cmake_args' from command line to 'None'
[2.634s] Level 5:colcon.colcon_core.verb:set package 'comm_node' build argument 'cmake_target' from command line to 'None'
[2.634s] Level 5:colcon.colcon_core.verb:set package 'comm_node' build argument 'cmake_target_skip_unavailable' from command line to 'False'
[2.634s] Level 5:colcon.colcon_core.verb:set package 'comm_node' build argument 'cmake_clean_cache' from command line to 'False'
[2.634s] Level 5:colcon.colcon_core.verb:set package 'comm_node' build argument 'cmake_clean_first' from command line to 'False'
[2.634s] Level 5:colcon.colcon_core.verb:set package 'comm_node' build argument 'cmake_force_configure' from command line to 'False'
[2.634s] Level 5:colcon.colcon_core.verb:set package 'comm_node' build argument 'ament_cmake_args' from command line to 'None'
[2.635s] Level 5:colcon.colcon_core.verb:set package 'comm_node' build argument 'catkin_cmake_args' from command line to 'None'
[2.635s] Level 5:colcon.colcon_core.verb:set package 'comm_node' build argument 'catkin_skip_building_tests' from command line to 'False'
[2.635s] DEBUG:colcon.colcon_core.verb:Building package 'comm_node' with the following arguments: {'ament_cmake_args': None, 'build_base': '/home/jetson/ros2_ws/build/comm_node', 'catkin_cmake_args': None, 'catkin_skip_building_tests': False, 'cmake_args': None, 'cmake_clean_cache': False, 'cmake_clean_first': False, 'cmake_force_configure': False, 'cmake_target': None, 'cmake_target_skip_unavailable': False, 'install_base': '/home/jetson/ros2_ws/install/comm_node', 'merge_install': False, 'path': '/home/jetson/ros2_ws/src/comm_node', 'symlink_install': False, 'test_result_base': None}
[2.637s] Level 5:colcon.colcon_core.verb:set package 'dummy_vicon_republisher' build argument 'cmake_args' from command line to 'None'
[2.637s] Level 5:colcon.colcon_core.verb:set package 'dummy_vicon_republisher' build argument 'cmake_target' from command line to 'None'
[2.637s] Level 5:colcon.colcon_core.verb:set package 'dummy_vicon_republisher' build argument 'cmake_target_skip_unavailable' from command line to 'False'
[2.637s] Level 5:colcon.colcon_core.verb:set package 'dummy_vicon_republisher' build argument 'cmake_clean_cache' from command line to 'False'
[2.637s] Level 5:colcon.colcon_core.verb:set package 'dummy_vicon_republisher' build argument 'cmake_clean_first' from command line to 'False'
[2.637s] Level 5:colcon.colcon_core.verb:set package 'dummy_vicon_republisher' build argument 'cmake_force_configure' from command line to 'False'
[2.638s] Level 5:colcon.colcon_core.verb:set package 'dummy_vicon_republisher' build argument 'ament_cmake_args' from command line to 'None'
[2.638s] Level 5:colcon.colcon_core.verb:set package 'dummy_vicon_republisher' build argument 'catkin_cmake_args' from command line to 'None'
[2.638s] Level 5:colcon.colcon_core.verb:set package 'dummy_vicon_republisher' build argument 'catkin_skip_building_tests' from command line to 'False'
[2.638s] DEBUG:colcon.colcon_core.verb:Building package 'dummy_vicon_republisher' with the following arguments: {'ament_cmake_args': None, 'build_base': '/home/jetson/ros2_ws/build/dummy_vicon_republisher', 'catkin_cmake_args': None, 'catkin_skip_building_tests': False, 'cmake_args': None, 'cmake_clean_cache': False, 'cmake_clean_first': False, 'cmake_force_configure': False, 'cmake_target': None, 'cmake_target_skip_unavailable': False, 'install_base': '/home/jetson/ros2_ws/install/dummy_vicon_republisher', 'merge_install': False, 'path': '/home/jetson/ros2_ws/src/dummy_vicon_republisher', 'symlink_install': False, 'test_result_base': None}
[2.640s] Level 5:colcon.colcon_core.verb:set package 'exer2_control' build argument 'cmake_args' from command line to 'None'
[2.640s] Level 5:colcon.colcon_core.verb:set package 'exer2_control' build argument 'cmake_target' from command line to 'None'
[2.640s] Level 5:colcon.colcon_core.verb:set package 'exer2_control' build argument 'cmake_target_skip_unavailable' from command line to 'False'
[2.640s] Level 5:colcon.colcon_core.verb:set package 'exer2_control' build argument 'cmake_clean_cache' from command line to 'False'
[2.640s] Level 5:colcon.colcon_core.verb:set package 'exer2_control' build argument 'cmake_clean_first' from command line to 'False'
[2.640s] Level 5:colcon.colcon_core.verb:set package 'exer2_control' build argument 'cmake_force_configure' from command line to 'False'
[2.641s] Level 5:colcon.colcon_core.verb:set package 'exer2_control' build argument 'ament_cmake_args' from command line to 'None'
[2.641s] Level 5:colcon.colcon_core.verb:set package 'exer2_control' build argument 'catkin_cmake_args' from command line to 'None'
[2.641s] Level 5:colcon.colcon_core.verb:set package 'exer2_control' build argument 'catkin_skip_building_tests' from command line to 'False'
[2.641s] DEBUG:colcon.colcon_core.verb:Building package 'exer2_control' with the following arguments: {'ament_cmake_args': None, 'build_base': '/home/jetson/ros2_ws/build/exer2_control', 'catkin_cmake_args': None, 'catkin_skip_building_tests': False, 'cmake_args': None, 'cmake_clean_cache': False, 'cmake_clean_first': False, 'cmake_force_configure': False, 'cmake_target': None, 'cmake_target_skip_unavailable': False, 'install_base': '/home/jetson/ros2_ws/install/exer2_control', 'merge_install': False, 'path': '/home/jetson/ros2_ws/src/exer2_control', 'symlink_install': False, 'test_result_base': None}
[2.643s] Level 5:colcon.colcon_core.verb:set package 'px4_autonomy_modules' build argument 'cmake_args' from command line to 'None'
[2.643s] Level 5:colcon.colcon_core.verb:set package 'px4_autonomy_modules' build argument 'cmake_target' from command line to 'None'
[2.643s] Level 5:colcon.colcon_core.verb:set package 'px4_autonomy_modules' build argument 'cmake_target_skip_unavailable' from command line to 'False'
[2.643s] Level 5:colcon.colcon_core.verb:set package 'px4_autonomy_modules' build argument 'cmake_clean_cache' from command line to 'False'
[2.643s] Level 5:colcon.colcon_core.verb:set package 'px4_autonomy_modules' build argument 'cmake_clean_first' from command line to 'False'
[2.643s] Level 5:colcon.colcon_core.verb:set package 'px4_autonomy_modules' build argument 'cmake_force_configure' from command line to 'False'
[2.643s] Level 5:colcon.colcon_core.verb:set package 'px4_autonomy_modules' build argument 'ament_cmake_args' from command line to 'None'
[2.644s] Level 5:colcon.colcon_core.verb:set package 'px4_autonomy_modules' build argument 'catkin_cmake_args' from command line to 'None'
[2.644s] Level 5:colcon.colcon_core.verb:set package 'px4_autonomy_modules' build argument 'catkin_skip_building_tests' from command line to 'False'
[2.644s] DEBUG:colcon.colcon_core.verb:Building package 'px4_autonomy_modules' with the following arguments: {'ament_cmake_args': None, 'build_base': '/home/jetson/ros2_ws/build/px4_autonomy_modules', 'catkin_cmake_args': None, 'catkin_skip_building_tests': False, 'cmake_args': None, 'cmake_clean_cache': False, 'cmake_clean_first': False, 'cmake_force_configure': False, 'cmake_target': None, 'cmake_target_skip_unavailable': False, 'install_base': '/home/jetson/ros2_ws/install/px4_autonomy_modules', 'merge_install': False, 'path': '/home/jetson/ros2_ws/src/px4_autonomy_modules', 'symlink_install': False, 'test_result_base': None}
[2.646s] Level 5:colcon.colcon_core.verb:set package 'realsense2mavros' build argument 'cmake_args' from command line to 'None'
[2.646s] Level 5:colcon.colcon_core.verb:set package 'realsense2mavros' build argument 'cmake_target' from command line to 'None'
[2.646s] Level 5:colcon.colcon_core.verb:set package 'realsense2mavros' build argument 'cmake_target_skip_unavailable' from command line to 'False'
[2.646s] Level 5:colcon.colcon_core.verb:set package 'realsense2mavros' build argument 'cmake_clean_cache' from command line to 'False'
[2.646s] Level 5:colcon.colcon_core.verb:set package 'realsense2mavros' build argument 'cmake_clean_first' from command line to 'False'
[2.646s] Level 5:colcon.colcon_core.verb:set package 'realsense2mavros' build argument 'cmake_force_configure' from command line to 'False'
[2.646s] Level 5:colcon.colcon_core.verb:set package 'realsense2mavros' build argument 'ament_cmake_args' from command line to 'None'
[2.646s] Level 5:colcon.colcon_core.verb:set package 'realsense2mavros' build argument 'catkin_cmake_args' from command line to 'None'
[2.647s] Level 5:colcon.colcon_core.verb:set package 'realsense2mavros' build argument 'catkin_skip_building_tests' from command line to 'False'
[2.647s] DEBUG:colcon.colcon_core.verb:Building package 'realsense2mavros' with the following arguments: {'ament_cmake_args': None, 'build_base': '/home/jetson/ros2_ws/build/realsense2mavros', 'catkin_cmake_args': None, 'catkin_skip_building_tests': False, 'cmake_args': None, 'cmake_clean_cache': False, 'cmake_clean_first': False, 'cmake_force_configure': False, 'cmake_target': None, 'cmake_target_skip_unavailable': False, 'install_base': '/home/jetson/ros2_ws/install/realsense2mavros', 'merge_install': False, 'path': '/home/jetson/ros2_ws/src/realsense2mavros', 'symlink_install': False, 'test_result_base': None}
[2.648s] Level 5:colcon.colcon_core.verb:set package 'unit_tester' build argument 'cmake_args' from command line to 'None'
[2.649s] Level 5:colcon.colcon_core.verb:set package 'unit_tester' build argument 'cmake_target' from command line to 'None'
[2.649s] Level 5:colcon.colcon_core.verb:set package 'unit_tester' build argument 'cmake_target_skip_unavailable' from command line to 'False'
[2.649s] Level 5:colcon.colcon_core.verb:set package 'unit_tester' build argument 'cmake_clean_cache' from command line to 'False'
[2.649s] Level 5:colcon.colcon_core.verb:set package 'unit_tester' build argument 'cmake_clean_first' from command line to 'False'
[2.649s] Level 5:colcon.colcon_core.verb:set package 'unit_tester' build argument 'cmake_force_configure' from command line to 'False'
[2.649s] Level 5:colcon.colcon_core.verb:set package 'unit_tester' build argument 'ament_cmake_args' from command line to 'None'
[2.649s] Level 5:colcon.colcon_core.verb:set package 'unit_tester' build argument 'catkin_cmake_args' from command line to 'None'
[2.650s] Level 5:colcon.colcon_core.verb:set package 'unit_tester' build argument 'catkin_skip_building_tests' from command line to 'False'
[2.650s] DEBUG:colcon.colcon_core.verb:Building package 'unit_tester' with the following arguments: {'ament_cmake_args': None, 'build_base': '/home/jetson/ros2_ws/build/unit_tester', 'catkin_cmake_args': None, 'catkin_skip_building_tests': False, 'cmake_args': None, 'cmake_clean_cache': False, 'cmake_clean_first': False, 'cmake_force_configure': False, 'cmake_target': None, 'cmake_target_skip_unavailable': False, 'install_base': '/home/jetson/ros2_ws/install/unit_tester', 'merge_install': False, 'path': '/home/jetson/ros2_ws/src/unit_tester', 'symlink_install': False, 'test_result_base': None}
[2.651s] Level 5:colcon.colcon_core.verb:set package 'vicon_bridge' build argument 'cmake_args' from command line to 'None'
[2.651s] Level 5:colcon.colcon_core.verb:set package 'vicon_bridge' build argument 'cmake_target' from command line to 'None'
[2.652s] Level 5:colcon.colcon_core.verb:set package 'vicon_bridge' build argument 'cmake_target_skip_unavailable' from command line to 'False'
[2.652s] Level 5:colcon.colcon_core.verb:set package 'vicon_bridge' build argument 'cmake_clean_cache' from command line to 'False'
[2.652s] Level 5:colcon.colcon_core.verb:set package 'vicon_bridge' build argument 'cmake_clean_first' from command line to 'False'
[2.652s] Level 5:colcon.colcon_core.verb:set package 'vicon_bridge' build argument 'cmake_force_configure' from command line to 'False'
[2.652s] Level 5:colcon.colcon_core.verb:set package 'vicon_bridge' build argument 'ament_cmake_args' from command line to 'None'
[2.652s] Level 5:colcon.colcon_core.verb:set package 'vicon_bridge' build argument 'catkin_cmake_args' from command line to 'None'
[2.652s] Level 5:colcon.colcon_core.verb:set package 'vicon_bridge' build argument 'catkin_skip_building_tests' from command line to 'False'
[2.653s] DEBUG:colcon.colcon_core.verb:Building package 'vicon_bridge' with the following arguments: {'ament_cmake_args': None, 'build_base': '/home/jetson/ros2_ws/build/vicon_bridge', 'catkin_cmake_args': None, 'catkin_skip_building_tests': False, 'cmake_args': None, 'cmake_clean_cache': False, 'cmake_clean_first': False, 'cmake_force_configure': False, 'cmake_target': None, 'cmake_target_skip_unavailable': False, 'install_base': '/home/jetson/ros2_ws/install/vicon_bridge', 'merge_install': False, 'path': '/home/jetson/ros2_ws/src/vicon_bridge', 'symlink_install': False, 'test_result_base': None}
[2.653s] INFO:colcon.colcon_core.executor:Executing jobs using 'parallel' executor
[2.656s] DEBUG:colcon.colcon_parallel_executor.executor.parallel:run_until_complete
[2.657s] INFO:colcon.colcon_ros.task.ament_python.build:Building ROS package in '/home/jetson/ros2_ws/src/comm_node' with build type 'ament_python'
[2.658s] Level 1:colcon.colcon_core.shell:create_environment_hook('comm_node', 'ament_prefix_path')
[2.675s] INFO:colcon.colcon_core.plugin_system:Skipping extension 'colcon_core.shell.bat': Not used on non-Windows systems
[2.676s] INFO:colcon.colcon_core.shell:Creating environment hook '/home/jetson/ros2_ws/install/comm_node/share/comm_node/hook/ament_prefix_path.ps1'
[2.679s] INFO:colcon.colcon_core.shell:Creating environment descriptor '/home/jetson/ros2_ws/install/comm_node/share/comm_node/hook/ament_prefix_path.dsv'
[2.681s] INFO:colcon.colcon_core.shell:Creating environment hook '/home/jetson/ros2_ws/install/comm_node/share/comm_node/hook/ament_prefix_path.sh'
[2.685s] INFO:colcon.colcon_core.shell:Skip shell extension 'powershell' for command environment: Not usable outside of PowerShell
[2.685s] DEBUG:colcon.colcon_core.shell:Skip shell extension 'dsv' for command environment
[2.706s] INFO:colcon.colcon_ros.task.ament_python.build:Building ROS package in '/home/jetson/ros2_ws/src/dummy_vicon_republisher' with build type 'ament_python'
[2.707s] Level 1:colcon.colcon_core.shell:create_environment_hook('dummy_vicon_republisher', 'ament_prefix_path')
[2.709s] INFO:colcon.colcon_core.shell:Creating environment hook '/home/jetson/ros2_ws/install/dummy_vicon_republisher/share/dummy_vicon_republisher/hook/ament_prefix_path.ps1'
[2.712s] INFO:colcon.colcon_core.shell:Creating environment descriptor '/home/jetson/ros2_ws/install/dummy_vicon_republisher/share/dummy_vicon_republisher/hook/ament_prefix_path.dsv'
[2.713s] INFO:colcon.colcon_core.shell:Creating environment hook '/home/jetson/ros2_ws/install/dummy_vicon_republisher/share/dummy_vicon_republisher/hook/ament_prefix_path.sh'
[2.716s] INFO:colcon.colcon_core.shell:Skip shell extension 'powershell' for command environment: Not usable outside of PowerShell
[2.717s] DEBUG:colcon.colcon_core.shell:Skip shell extension 'dsv' for command environment
[2.737s] INFO:colcon.colcon_ros.task.ament_python.build:Building ROS package in '/home/jetson/ros2_ws/src/exer2_control' with build type 'ament_python'
[2.738s] Level 1:colcon.colcon_core.shell:create_environment_hook('exer2_control', 'ament_prefix_path')
[2.739s] INFO:colcon.colcon_core.shell:Creating environment hook '/home/jetson/ros2_ws/install/exer2_control/share/exer2_control/hook/ament_prefix_path.ps1'
[2.743s] INFO:colcon.colcon_core.shell:Creating environment descriptor '/home/jetson/ros2_ws/install/exer2_control/share/exer2_control/hook/ament_prefix_path.dsv'
[2.744s] INFO:colcon.colcon_core.shell:Creating environment hook '/home/jetson/ros2_ws/install/exer2_control/share/exer2_control/hook/ament_prefix_path.sh'
[2.748s] INFO:colcon.colcon_core.shell:Skip shell extension 'powershell' for command environment: Not usable outside of PowerShell
[2.748s] DEBUG:colcon.colcon_core.shell:Skip shell extension 'dsv' for command environment
[2.769s] INFO:colcon.colcon_ros.task.ament_cmake.build:Building ROS package in '/home/jetson/ros2_ws/src/px4_autonomy_modules' with build type 'ament_cmake'
[2.770s] INFO:colcon.colcon_cmake.task.cmake.build:Building CMake package in '/home/jetson/ros2_ws/src/px4_autonomy_modules'
[2.772s] INFO:colcon.colcon_core.shell:Skip shell extension 'powershell' for command environment: Not usable outside of PowerShell
[2.772s] DEBUG:colcon.colcon_core.shell:Skip shell extension 'dsv' for command environment
[4.060s] INFO:colcon.colcon_core.task.python.build:Building Python package in '/home/jetson/ros2_ws/src/comm_node'
[4.062s] INFO:colcon.colcon_core.shell:Skip shell extension 'powershell' for command environment: Not usable outside of PowerShell
[4.062s] DEBUG:colcon.colcon_core.shell:Skip shell extension 'dsv' for command environment
[5.342s] INFO:colcon.colcon_core.task.python.build:Building Python package in '/home/jetson/ros2_ws/src/dummy_vicon_republisher'
[5.344s] INFO:colcon.colcon_core.shell:Skip shell extension 'powershell' for command environment: Not usable outside of PowerShell
[5.344s] DEBUG:colcon.colcon_core.shell:Skip shell extension 'dsv' for command environment
[6.635s] INFO:colcon.colcon_core.task.python.build:Building Python package in '/home/jetson/ros2_ws/src/exer2_control'
[6.637s] INFO:colcon.colcon_core.shell:Skip shell extension 'powershell' for command environment: Not usable outside of PowerShell
[6.637s] DEBUG:colcon.colcon_core.shell:Skip shell extension 'dsv' for command environment
[6.671s] DEBUG:colcon.colcon_core.event_handler.log_command:Invoking command in '/home/jetson/ros2_ws/build/px4_autonomy_modules': CMAKE_PREFIX_PATH=${CMAKE_PREFIX_PATH}:/home/jetson/ros2_ws/install/vicon_bridge:/home/jetson/ros2_ws/install/unit_tester:/home/jetson/ros2_ws/install/realsense2mavros:/home/jetson/ros2_ws/install/exer2_control:/home/jetson/ros2_ws/install/dummy_vicon_republisher:/home/jetson/ros2_ws/install/comm_node:/opt/ros/foxy /usr/bin/cmake --build /home/jetson/ros2_ws/build/px4_autonomy_modules -- -j4 -l4
[6.904s] DEBUG:colcon.colcon_core.event_handler.log_command:Invoked command in '/home/jetson/ros2_ws/build/px4_autonomy_modules' returned '0': CMAKE_PREFIX_PATH=${CMAKE_PREFIX_PATH}:/home/jetson/ros2_ws/install/vicon_bridge:/home/jetson/ros2_ws/install/unit_tester:/home/jetson/ros2_ws/install/realsense2mavros:/home/jetson/ros2_ws/install/exer2_control:/home/jetson/ros2_ws/install/dummy_vicon_republisher:/home/jetson/ros2_ws/install/comm_node:/opt/ros/foxy /usr/bin/cmake --build /home/jetson/ros2_ws/build/px4_autonomy_modules -- -j4 -l4
[6.990s] DEBUG:colcon.colcon_core.event_handler.log_command:Invoking command in '/home/jetson/ros2_ws/build/px4_autonomy_modules': CMAKE_PREFIX_PATH=${CMAKE_PREFIX_PATH}:/home/jetson/ros2_ws/install/vicon_bridge:/home/jetson/ros2_ws/install/unit_tester:/home/jetson/ros2_ws/install/realsense2mavros:/home/jetson/ros2_ws/install/exer2_control:/home/jetson/ros2_ws/install/dummy_vicon_republisher:/home/jetson/ros2_ws/install/comm_node:/opt/ros/foxy /usr/bin/cmake --install /home/jetson/ros2_ws/build/px4_autonomy_modules
[7.106s] Level 1:colcon.colcon_core.environment:create_environment_scripts_only(px4_autonomy_modules)
[7.110s] DEBUG:colcon.colcon_core.event_handler.log_command:Invoked command in '/home/jetson/ros2_ws/build/px4_autonomy_modules' returned '0': CMAKE_PREFIX_PATH=${CMAKE_PREFIX_PATH}:/home/jetson/ros2_ws/install/vicon_bridge:/home/jetson/ros2_ws/install/unit_tester:/home/jetson/ros2_ws/install/realsense2mavros:/home/jetson/ros2_ws/install/exer2_control:/home/jetson/ros2_ws/install/dummy_vicon_republisher:/home/jetson/ros2_ws/install/comm_node:/opt/ros/foxy /usr/bin/cmake --install /home/jetson/ros2_ws/build/px4_autonomy_modules
[7.130s] Level 1:colcon.colcon_core.environment:checking '/home/jetson/ros2_ws/install/px4_autonomy_modules' for CMake module files
[7.133s] Level 1:colcon.colcon_core.environment:checking '/home/jetson/ros2_ws/install/px4_autonomy_modules' for CMake config files
[7.134s] Level 1:colcon.colcon_core.shell:create_environment_hook('px4_autonomy_modules', 'cmake_prefix_path')
[7.135s] INFO:colcon.colcon_core.shell:Creating environment hook '/home/jetson/ros2_ws/install/px4_autonomy_modules/share/px4_autonomy_modules/hook/cmake_prefix_path.ps1'
[7.150s] INFO:colcon.colcon_core.shell:Creating environment descriptor '/home/jetson/ros2_ws/install/px4_autonomy_modules/share/px4_autonomy_modules/hook/cmake_prefix_path.dsv'
[7.152s] INFO:colcon.colcon_core.shell:Creating environment hook '/home/jetson/ros2_ws/install/px4_autonomy_modules/share/px4_autonomy_modules/hook/cmake_prefix_path.sh'
[7.155s] Level 1:colcon.colcon_core.environment:checking '/home/jetson/ros2_ws/install/px4_autonomy_modules/bin'
[7.155s] Level 1:colcon.colcon_core.environment:checking '/home/jetson/ros2_ws/install/px4_autonomy_modules/lib/pkgconfig/px4_autonomy_modules.pc'
[7.156s] Level 1:colcon.colcon_core.environment:checking '/home/jetson/ros2_ws/install/px4_autonomy_modules/lib/python3.8/site-packages'
[7.157s] Level 1:colcon.colcon_core.environment:checking '/home/jetson/ros2_ws/install/px4_autonomy_modules/bin'
[7.170s] INFO:colcon.colcon_core.shell:Creating package script '/home/jetson/ros2_ws/install/px4_autonomy_modules/share/px4_autonomy_modules/package.ps1'
[7.173s] INFO:colcon.colcon_core.shell:Creating package descriptor '/home/jetson/ros2_ws/install/px4_autonomy_modules/share/px4_autonomy_modules/package.dsv'
[7.176s] INFO:colcon.colcon_core.shell:Creating package script '/home/jetson/ros2_ws/install/px4_autonomy_modules/share/px4_autonomy_modules/package.sh'
[7.182s] INFO:colcon.colcon_core.shell:Creating package script '/home/jetson/ros2_ws/install/px4_autonomy_modules/share/px4_autonomy_modules/package.bash'
[7.196s] INFO:colcon.colcon_core.shell:Creating package script '/home/jetson/ros2_ws/install/px4_autonomy_modules/share/px4_autonomy_modules/package.zsh'
[7.199s] Level 1:colcon.colcon_core.environment:create_file_with_runtime_dependencies(/home/jetson/ros2_ws/install/px4_autonomy_modules/share/colcon-core/packages/px4_autonomy_modules)
[7.202s] Level 1:colcon.colcon_core.environment:create_environment_scripts_only(px4_autonomy_modules)
[7.203s] Level 1:colcon.colcon_core.environment:checking '/home/jetson/ros2_ws/install/px4_autonomy_modules' for CMake module files
[7.213s] Level 1:colcon.colcon_core.environment:checking '/home/jetson/ros2_ws/install/px4_autonomy_modules' for CMake config files
[7.214s] Level 1:colcon.colcon_core.shell:create_environment_hook('px4_autonomy_modules', 'cmake_prefix_path')
[7.216s] INFO:colcon.colcon_core.shell:Creating environment hook '/home/jetson/ros2_ws/install/px4_autonomy_modules/share/px4_autonomy_modules/hook/cmake_prefix_path.ps1'
[7.219s] INFO:colcon.colcon_core.shell:Creating environment descriptor '/home/jetson/ros2_ws/install/px4_autonomy_modules/share/px4_autonomy_modules/hook/cmake_prefix_path.dsv'
[7.223s] INFO:colcon.colcon_core.shell:Creating environment hook '/home/jetson/ros2_ws/install/px4_autonomy_modules/share/px4_autonomy_modules/hook/cmake_prefix_path.sh'
[7.227s] Level 1:colcon.colcon_core.environment:checking '/home/jetson/ros2_ws/install/px4_autonomy_modules/bin'
[7.228s] Level 1:colcon.colcon_core.environment:checking '/home/jetson/ros2_ws/install/px4_autonomy_modules/lib/pkgconfig/px4_autonomy_modules.pc'
[7.230s] Level 1:colcon.colcon_core.environment:checking '/home/jetson/ros2_ws/install/px4_autonomy_modules/lib/python3.8/site-packages'
[7.231s] Level 1:colcon.colcon_core.environment:checking '/home/jetson/ros2_ws/install/px4_autonomy_modules/bin'
[7.233s] INFO:colcon.colcon_core.shell:Creating package script '/home/jetson/ros2_ws/install/px4_autonomy_modules/share/px4_autonomy_modules/package.ps1'
[7.238s] INFO:colcon.colcon_core.shell:Creating package descriptor '/home/jetson/ros2_ws/install/px4_autonomy_modules/share/px4_autonomy_modules/package.dsv'
[7.242s] INFO:colcon.colcon_core.shell:Creating package script '/home/jetson/ros2_ws/install/px4_autonomy_modules/share/px4_autonomy_modules/package.sh'
[7.246s] INFO:colcon.colcon_core.shell:Creating package script '/home/jetson/ros2_ws/install/px4_autonomy_modules/share/px4_autonomy_modules/package.bash'
[7.249s] INFO:colcon.colcon_core.shell:Creating package script '/home/jetson/ros2_ws/install/px4_autonomy_modules/share/px4_autonomy_modules/package.zsh'
[7.251s] Level 1:colcon.colcon_core.environment:create_file_with_runtime_dependencies(/home/jetson/ros2_ws/install/px4_autonomy_modules/share/colcon-core/packages/px4_autonomy_modules)
[7.256s] INFO:colcon.colcon_ros.task.ament_python.build:Building ROS package in '/home/jetson/ros2_ws/src/realsense2mavros' with build type 'ament_python'
[7.258s] Level 1:colcon.colcon_core.shell:create_environment_hook('realsense2mavros', 'ament_prefix_path')
[7.261s] INFO:colcon.colcon_core.shell:Creating environment hook '/home/jetson/ros2_ws/install/realsense2mavros/share/realsense2mavros/hook/ament_prefix_path.ps1'
[7.264s] INFO:colcon.colcon_core.shell:Creating environment descriptor '/home/jetson/ros2_ws/install/realsense2mavros/share/realsense2mavros/hook/ament_prefix_path.dsv'
[7.267s] INFO:colcon.colcon_core.shell:Creating environment hook '/home/jetson/ros2_ws/install/realsense2mavros/share/realsense2mavros/hook/ament_prefix_path.sh'
[7.273s] INFO:colcon.colcon_core.shell:Skip shell extension 'powershell' for command environment: Not usable outside of PowerShell
[7.274s] DEBUG:colcon.colcon_core.shell:Skip shell extension 'dsv' for command environment
[8.853s] INFO:colcon.colcon_core.task.python.build:Building Python package in '/home/jetson/ros2_ws/src/realsense2mavros'
[8.856s] INFO:colcon.colcon_core.shell:Skip shell extension 'powershell' for command environment: Not usable outside of PowerShell
[8.858s] DEBUG:colcon.colcon_core.shell:Skip shell extension 'dsv' for command environment
[8.902s] DEBUG:colcon.colcon_core.event_handler.log_command:Invoking command in '/home/jetson/ros2_ws/src/dummy_vicon_republisher': PYTHONPATH=/home/jetson/ros2_ws/build/dummy_vicon_republisher/prefix_override:/usr/lib/python3/dist-packages/colcon_core/task/python/colcon_distutils_commands:/home/jetson/ros2_ws/install/dummy_vicon_republisher/lib/python3.8/site-packages:${PYTHONPATH} /usr/bin/python3 -W ignore:setup.py install is deprecated -W ignore:easy_install command is deprecated setup.py egg_info --egg-base ../../build/dummy_vicon_republisher build --build-base /home/jetson/ros2_ws/build/dummy_vicon_republisher/build install --record /home/jetson/ros2_ws/build/dummy_vicon_republisher/install.log --install-scripts $base/lib/dummy_vicon_republisher --single-version-externally-managed install_data
[8.942s] DEBUG:colcon.colcon_core.event_handler.log_command:Invoking command in '/home/jetson/ros2_ws/src/exer2_control': PYTHONPATH=/home/jetson/ros2_ws/build/exer2_control/prefix_override:/usr/lib/python3/dist-packages/colcon_core/task/python/colcon_distutils_commands:/home/jetson/ros2_ws/install/exer2_control/lib/python3.8/site-packages:${PYTHONPATH} /usr/bin/python3 -W ignore:setup.py install is deprecated -W ignore:easy_install command is deprecated setup.py egg_info --egg-base ../../build/exer2_control build --build-base /home/jetson/ros2_ws/build/exer2_control/build install --record /home/jetson/ros2_ws/build/exer2_control/install.log --install-scripts $base/lib/exer2_control --single-version-externally-managed install_data
[8.983s] DEBUG:colcon.colcon_core.event_handler.log_command:Invoking command in '/home/jetson/ros2_ws/src/comm_node': PYTHONPATH=/home/jetson/ros2_ws/build/comm_node/prefix_override:/usr/lib/python3/dist-packages/colcon_core/task/python/colcon_distutils_commands:/home/jetson/ros2_ws/install/comm_node/lib/python3.8/site-packages:${PYTHONPATH} /usr/bin/python3 -W ignore:setup.py install is deprecated -W ignore:easy_install command is deprecated setup.py egg_info --egg-base ../../build/comm_node build --build-base /home/jetson/ros2_ws/build/comm_node/build install --record /home/jetson/ros2_ws/build/comm_node/install.log --install-scripts $base/lib/comm_node --single-version-externally-managed install_data
[10.757s] Level 1:colcon.colcon_core.environment:checking '/home/jetson/ros2_ws/install/dummy_vicon_republisher' for CMake module files
[10.759s] DEBUG:colcon.colcon_core.event_handler.log_command:Invoked command in '/home/jetson/ros2_ws/src/dummy_vicon_republisher' returned '0': PYTHONPATH=/home/jetson/ros2_ws/build/dummy_vicon_republisher/prefix_override:/usr/lib/python3/dist-packages/colcon_core/task/python/colcon_distutils_commands:/home/jetson/ros2_ws/install/dummy_vicon_republisher/lib/python3.8/site-packages:${PYTHONPATH} /usr/bin/python3 -W ignore:setup.py install is deprecated -W ignore:easy_install command is deprecated setup.py egg_info --egg-base ../../build/dummy_vicon_republisher build --build-base /home/jetson/ros2_ws/build/dummy_vicon_republisher/build install --record /home/jetson/ros2_ws/build/dummy_vicon_republisher/install.log --install-scripts $base/lib/dummy_vicon_republisher --single-version-externally-managed install_data
[10.764s] Level 1:colcon.colcon_core.environment:checking '/home/jetson/ros2_ws/install/dummy_vicon_republisher' for CMake config files
[10.768s] Level 1:colcon.colcon_core.environment:checking '/home/jetson/ros2_ws/install/dummy_vicon_republisher/lib'
[10.769s] Level 1:colcon.colcon_core.environment:checking '/home/jetson/ros2_ws/install/dummy_vicon_republisher/bin'
[10.770s] Level 1:colcon.colcon_core.environment:checking '/home/jetson/ros2_ws/install/dummy_vicon_republisher/lib/pkgconfig/dummy_vicon_republisher.pc'
[10.771s] Level 1:colcon.colcon_core.environment:checking '/home/jetson/ros2_ws/install/dummy_vicon_republisher/lib/python3.8/site-packages'
[10.772s] Level 1:colcon.colcon_core.shell:create_environment_hook('dummy_vicon_republisher', 'pythonpath')
[10.781s] INFO:colcon.colcon_core.shell:Creating environment hook '/home/jetson/ros2_ws/install/dummy_vicon_republisher/share/dummy_vicon_republisher/hook/pythonpath.ps1'
[10.797s] INFO:colcon.colcon_core.shell:Creating environment descriptor '/home/jetson/ros2_ws/install/dummy_vicon_republisher/share/dummy_vicon_republisher/hook/pythonpath.dsv'
[10.800s] INFO:colcon.colcon_core.shell:Creating environment hook '/home/jetson/ros2_ws/install/dummy_vicon_republisher/share/dummy_vicon_republisher/hook/pythonpath.sh'
[10.803s] Level 1:colcon.colcon_core.environment:checking '/home/jetson/ros2_ws/install/dummy_vicon_republisher/bin'
[10.803s] Level 1:colcon.colcon_core.environment:create_environment_scripts_only(dummy_vicon_republisher)
[10.805s] INFO:colcon.colcon_core.shell:Creating package script '/home/jetson/ros2_ws/install/dummy_vicon_republisher/share/dummy_vicon_republisher/package.ps1'
[10.808s] INFO:colcon.colcon_core.shell:Creating package descriptor '/home/jetson/ros2_ws/install/dummy_vicon_republisher/share/dummy_vicon_republisher/package.dsv'
[10.812s] INFO:colcon.colcon_core.shell:Creating package script '/home/jetson/ros2_ws/install/dummy_vicon_republisher/share/dummy_vicon_republisher/package.sh'
[10.817s] INFO:colcon.colcon_core.shell:Creating package script '/home/jetson/ros2_ws/install/dummy_vicon_republisher/share/dummy_vicon_republisher/package.bash'
[10.820s] INFO:colcon.colcon_core.shell:Creating package script '/home/jetson/ros2_ws/install/dummy_vicon_republisher/share/dummy_vicon_republisher/package.zsh'
[10.824s] Level 1:colcon.colcon_core.environment:create_file_with_runtime_dependencies(/home/jetson/ros2_ws/install/dummy_vicon_republisher/share/colcon-core/packages/dummy_vicon_republisher)
[10.829s] INFO:colcon.colcon_ros.task.ament_python.build:Building ROS package in '/home/jetson/ros2_ws/src/unit_tester' with build type 'ament_python'
[10.830s] Level 1:colcon.colcon_core.shell:create_environment_hook('unit_tester', 'ament_prefix_path')
[10.831s] INFO:colcon.colcon_core.shell:Creating environment hook '/home/jetson/ros2_ws/install/unit_tester/share/unit_tester/hook/ament_prefix_path.ps1'
[10.834s] INFO:colcon.colcon_core.shell:Creating environment descriptor '/home/jetson/ros2_ws/install/unit_tester/share/unit_tester/hook/ament_prefix_path.dsv'
[10.836s] INFO:colcon.colcon_core.shell:Creating environment hook '/home/jetson/ros2_ws/install/unit_tester/share/unit_tester/hook/ament_prefix_path.sh'
[10.839s] INFO:colcon.colcon_core.shell:Skip shell extension 'powershell' for command environment: Not usable outside of PowerShell
[10.839s] DEBUG:colcon.colcon_core.shell:Skip shell extension 'dsv' for command environment
[10.865s] Level 1:colcon.colcon_core.environment:checking '/home/jetson/ros2_ws/install/exer2_control' for CMake module files
[10.868s] DEBUG:colcon.colcon_core.event_handler.log_command:Invoked command in '/home/jetson/ros2_ws/src/exer2_control' returned '0': PYTHONPATH=/home/jetson/ros2_ws/build/exer2_control/prefix_override:/usr/lib/python3/dist-packages/colcon_core/task/python/colcon_distutils_commands:/home/jetson/ros2_ws/install/exer2_control/lib/python3.8/site-packages:${PYTHONPATH} /usr/bin/python3 -W ignore:setup.py install is deprecated -W ignore:easy_install command is deprecated setup.py egg_info --egg-base ../../build/exer2_control build --build-base /home/jetson/ros2_ws/build/exer2_control/build install --record /home/jetson/ros2_ws/build/exer2_control/install.log --install-scripts $base/lib/exer2_control --single-version-externally-managed install_data
[10.870s] Level 1:colcon.colcon_core.environment:checking '/home/jetson/ros2_ws/install/exer2_control' for CMake config files
[10.873s] Level 1:colcon.colcon_core.environment:checking '/home/jetson/ros2_ws/install/exer2_control/lib'
[10.873s] Level 1:colcon.colcon_core.environment:checking '/home/jetson/ros2_ws/install/exer2_control/bin'
[10.873s] Level 1:colcon.colcon_core.environment:checking '/home/jetson/ros2_ws/install/exer2_control/lib/pkgconfig/exer2_control.pc'
[10.874s] Level 1:colcon.colcon_core.environment:checking '/home/jetson/ros2_ws/install/exer2_control/lib/python3.8/site-packages'
[10.875s] Level 1:colcon.colcon_core.shell:create_environment_hook('exer2_control', 'pythonpath')
[10.876s] INFO:colcon.colcon_core.shell:Creating environment hook '/home/jetson/ros2_ws/install/exer2_control/share/exer2_control/hook/pythonpath.ps1'
[10.878s] INFO:colcon.colcon_core.shell:Creating environment descriptor '/home/jetson/ros2_ws/install/exer2_control/share/exer2_control/hook/pythonpath.dsv'
[10.880s] INFO:colcon.colcon_core.shell:Creating environment hook '/home/jetson/ros2_ws/install/exer2_control/share/exer2_control/hook/pythonpath.sh'
[10.883s] Level 1:colcon.colcon_core.environment:checking '/home/jetson/ros2_ws/install/exer2_control/bin'
[10.883s] Level 1:colcon.colcon_core.environment:create_environment_scripts_only(exer2_control)
[10.885s] INFO:colcon.colcon_core.shell:Creating package script '/home/jetson/ros2_ws/install/exer2_control/share/exer2_control/package.ps1'
[10.888s] INFO:colcon.colcon_core.shell:Creating package descriptor '/home/jetson/ros2_ws/install/exer2_control/share/exer2_control/package.dsv'
[10.890s] INFO:colcon.colcon_core.shell:Creating package script '/home/jetson/ros2_ws/install/exer2_control/share/exer2_control/package.sh'
[10.892s] INFO:colcon.colcon_core.shell:Creating package script '/home/jetson/ros2_ws/install/exer2_control/share/exer2_control/package.bash'
[10.894s] INFO:colcon.colcon_core.shell:Creating package script '/home/jetson/ros2_ws/install/exer2_control/share/exer2_control/package.zsh'
[10.896s] Level 1:colcon.colcon_core.environment:create_file_with_runtime_dependencies(/home/jetson/ros2_ws/install/exer2_control/share/colcon-core/packages/exer2_control)
[10.899s] Level 1:colcon.colcon_core.environment:checking '/home/jetson/ros2_ws/install/comm_node' for CMake module files
[10.905s] DEBUG:colcon.colcon_core.event_handler.log_command:Invoked command in '/home/jetson/ros2_ws/src/comm_node' returned '0': PYTHONPATH=/home/jetson/ros2_ws/build/comm_node/prefix_override:/usr/lib/python3/dist-packages/colcon_core/task/python/colcon_distutils_commands:/home/jetson/ros2_ws/install/comm_node/lib/python3.8/site-packages:${PYTHONPATH} /usr/bin/python3 -W ignore:setup.py install is deprecated -W ignore:easy_install command is deprecated setup.py egg_info --egg-base ../../build/comm_node build --build-base /home/jetson/ros2_ws/build/comm_node/build install --record /home/jetson/ros2_ws/build/comm_node/install.log --install-scripts $base/lib/comm_node --single-version-externally-managed install_data
[10.906s] Level 1:colcon.colcon_core.environment:checking '/home/jetson/ros2_ws/install/comm_node' for CMake config files
[10.908s] Level 1:colcon.colcon_core.environment:checking '/home/jetson/ros2_ws/install/comm_node/lib'
[10.909s] Level 1:colcon.colcon_core.environment:checking '/home/jetson/ros2_ws/install/comm_node/bin'
[10.909s] Level 1:colcon.colcon_core.environment:checking '/home/jetson/ros2_ws/install/comm_node/lib/pkgconfig/comm_node.pc'
[10.910s] Level 1:colcon.colcon_core.environment:checking '/home/jetson/ros2_ws/install/comm_node/lib/python3.8/site-packages'
[10.910s] Level 1:colcon.colcon_core.shell:create_environment_hook('comm_node', 'pythonpath')
[10.911s] INFO:colcon.colcon_core.shell:Creating environment hook '/home/jetson/ros2_ws/install/comm_node/share/comm_node/hook/pythonpath.ps1'
[10.913s] INFO:colcon.colcon_core.shell:Creating environment descriptor '/home/jetson/ros2_ws/install/comm_node/share/comm_node/hook/pythonpath.dsv'
[10.915s] INFO:colcon.colcon_core.shell:Creating environment hook '/home/jetson/ros2_ws/install/comm_node/share/comm_node/hook/pythonpath.sh'
[10.917s] Level 1:colcon.colcon_core.environment:checking '/home/jetson/ros2_ws/install/comm_node/bin'
[10.918s] Level 1:colcon.colcon_core.environment:create_environment_scripts_only(comm_node)
[10.919s] INFO:colcon.colcon_core.shell:Creating package script '/home/jetson/ros2_ws/install/comm_node/share/comm_node/package.ps1'
[10.922s] INFO:colcon.colcon_core.shell:Creating package descriptor '/home/jetson/ros2_ws/install/comm_node/share/comm_node/package.dsv'
[10.924s] INFO:colcon.colcon_core.shell:Creating package script '/home/jetson/ros2_ws/install/comm_node/share/comm_node/package.sh'
[10.926s] INFO:colcon.colcon_core.shell:Creating package script '/home/jetson/ros2_ws/install/comm_node/share/comm_node/package.bash'
[10.928s] INFO:colcon.colcon_core.shell:Creating package script '/home/jetson/ros2_ws/install/comm_node/share/comm_node/package.zsh'
[10.931s] Level 1:colcon.colcon_core.environment:create_file_with_runtime_dependencies(/home/jetson/ros2_ws/install/comm_node/share/colcon-core/packages/comm_node)
[10.934s] INFO:colcon.colcon_ros.task.ament_python.build:Building ROS package in '/home/jetson/ros2_ws/src/vicon_bridge' with build type 'ament_python'
[10.935s] Level 1:colcon.colcon_core.shell:create_environment_hook('vicon_bridge', 'ament_prefix_path')
[10.936s] INFO:colcon.colcon_core.shell:Creating environment hook '/home/jetson/ros2_ws/install/vicon_bridge/share/vicon_bridge/hook/ament_prefix_path.ps1'
[10.939s] INFO:colcon.colcon_core.shell:Creating environment descriptor '/home/jetson/ros2_ws/install/vicon_bridge/share/vicon_bridge/hook/ament_prefix_path.dsv'
[10.941s] INFO:colcon.colcon_core.shell:Creating environment hook '/home/jetson/ros2_ws/install/vicon_bridge/share/vicon_bridge/hook/ament_prefix_path.sh'
[10.945s] INFO:colcon.colcon_core.shell:Skip shell extension 'powershell' for command environment: Not usable outside of PowerShell
[10.945s] DEBUG:colcon.colcon_core.shell:Skip shell extension 'dsv' for command environment
[12.261s] INFO:colcon.colcon_core.task.python.build:Building Python package in '/home/jetson/ros2_ws/src/unit_tester'
[12.262s] INFO:colcon.colcon_core.shell:Skip shell extension 'powershell' for command environment: Not usable outside of PowerShell
[12.263s] DEBUG:colcon.colcon_core.shell:Skip shell extension 'dsv' for command environment
[13.551s] INFO:colcon.colcon_core.task.python.build:Building Python package in '/home/jetson/ros2_ws/src/vicon_bridge'
[13.552s] INFO:colcon.colcon_core.shell:Skip shell extension 'powershell' for command environment: Not usable outside of PowerShell
[13.553s] DEBUG:colcon.colcon_core.shell:Skip shell extension 'dsv' for command environment
[13.584s] DEBUG:colcon.colcon_core.event_handler.log_command:Invoking command in '/home/jetson/ros2_ws/src/realsense2mavros': PYTHONPATH=/home/jetson/ros2_ws/build/realsense2mavros/prefix_override:/usr/lib/python3/dist-packages/colcon_core/task/python/colcon_distutils_commands:/home/jetson/ros2_ws/install/realsense2mavros/lib/python3.8/site-packages:${PYTHONPATH} /usr/bin/python3 -W ignore:setup.py install is deprecated -W ignore:easy_install command is deprecated setup.py egg_info --egg-base ../../build/realsense2mavros build --build-base /home/jetson/ros2_ws/build/realsense2mavros/build install --record /home/jetson/ros2_ws/build/realsense2mavros/install.log --install-scripts $base/lib/realsense2mavros --single-version-externally-managed install_data
[15.119s] Level 1:colcon.colcon_core.environment:checking '/home/jetson/ros2_ws/install/realsense2mavros' for CMake module files
[15.121s] DEBUG:colcon.colcon_core.event_handler.log_command:Invoked command in '/home/jetson/ros2_ws/src/realsense2mavros' returned '0': PYTHONPATH=/home/jetson/ros2_ws/build/realsense2mavros/prefix_override:/usr/lib/python3/dist-packages/colcon_core/task/python/colcon_distutils_commands:/home/jetson/ros2_ws/install/realsense2mavros/lib/python3.8/site-packages:${PYTHONPATH} /usr/bin/python3 -W ignore:setup.py install is deprecated -W ignore:easy_install command is deprecated setup.py egg_info --egg-base ../../build/realsense2mavros build --build-base /home/jetson/ros2_ws/build/realsense2mavros/build install --record /home/jetson/ros2_ws/build/realsense2mavros/install.log --install-scripts $base/lib/realsense2mavros --single-version-externally-managed install_data
[15.124s] Level 1:colcon.colcon_core.environment:checking '/home/jetson/ros2_ws/install/realsense2mavros' for CMake config files
[15.129s] Level 1:colcon.colcon_core.environment:checking '/home/jetson/ros2_ws/install/realsense2mavros/lib'
[15.131s] Level 1:colcon.colcon_core.environment:checking '/home/jetson/ros2_ws/install/realsense2mavros/bin'
[15.132s] Level 1:colcon.colcon_core.environment:checking '/home/jetson/ros2_ws/install/realsense2mavros/lib/pkgconfig/realsense2mavros.pc'
[15.134s] Level 1:colcon.colcon_core.environment:checking '/home/jetson/ros2_ws/install/realsense2mavros/lib/python3.8/site-packages'
[15.135s] Level 1:colcon.colcon_core.shell:create_environment_hook('realsense2mavros', 'pythonpath')
[15.137s] INFO:colcon.colcon_core.shell:Creating environment hook '/home/jetson/ros2_ws/install/realsense2mavros/share/realsense2mavros/hook/pythonpath.ps1'
[15.141s] INFO:colcon.colcon_core.shell:Creating environment descriptor '/home/jetson/ros2_ws/install/realsense2mavros/share/realsense2mavros/hook/pythonpath.dsv'
[15.144s] INFO:colcon.colcon_core.shell:Creating environment hook '/home/jetson/ros2_ws/install/realsense2mavros/share/realsense2mavros/hook/pythonpath.sh'
[15.148s] Level 1:colcon.colcon_core.environment:checking '/home/jetson/ros2_ws/install/realsense2mavros/bin'
[15.149s] Level 1:colcon.colcon_core.environment:create_environment_scripts_only(realsense2mavros)
[15.151s] INFO:colcon.colcon_core.shell:Creating package script '/home/jetson/ros2_ws/install/realsense2mavros/share/realsense2mavros/package.ps1'
[15.155s] INFO:colcon.colcon_core.shell:Creating package descriptor '/home/jetson/ros2_ws/install/realsense2mavros/share/realsense2mavros/package.dsv'
[15.158s] INFO:colcon.colcon_core.shell:Creating package script '/home/jetson/ros2_ws/install/realsense2mavros/share/realsense2mavros/package.sh'
[15.161s] INFO:colcon.colcon_core.shell:Creating package script '/home/jetson/ros2_ws/install/realsense2mavros/share/realsense2mavros/package.bash'
[15.165s] INFO:colcon.colcon_core.shell:Creating package script '/home/jetson/ros2_ws/install/realsense2mavros/share/realsense2mavros/package.zsh'
[15.166s] Level 1:colcon.colcon_core.environment:create_file_with_runtime_dependencies(/home/jetson/ros2_ws/install/realsense2mavros/share/colcon-core/packages/realsense2mavros)
[15.564s] DEBUG:colcon.colcon_core.event_handler.log_command:Invoking command in '/home/jetson/ros2_ws/src/vicon_bridge': PYTHONPATH=/home/jetson/ros2_ws/build/vicon_bridge/prefix_override:/usr/lib/python3/dist-packages/colcon_core/task/python/colcon_distutils_commands:/home/jetson/ros2_ws/install/vicon_bridge/lib/python3.8/site-packages:${PYTHONPATH} /usr/bin/python3 -W ignore:setup.py install is deprecated -W ignore:easy_install command is deprecated setup.py egg_info --egg-base ../../build/vicon_bridge build --build-base /home/jetson/ros2_ws/build/vicon_bridge/build install --record /home/jetson/ros2_ws/build/vicon_bridge/install.log --install-scripts $base/lib/vicon_bridge --single-version-externally-managed install_data
[15.588s] DEBUG:colcon.colcon_core.event_handler.log_command:Invoking command in '/home/jetson/ros2_ws/src/unit_tester': PYTHONPATH=/home/jetson/ros2_ws/build/unit_tester/prefix_override:/usr/lib/python3/dist-packages/colcon_core/task/python/colcon_distutils_commands:/home/jetson/ros2_ws/install/unit_tester/lib/python3.8/site-packages:${PYTHONPATH} /usr/bin/python3 -W ignore:setup.py install is deprecated -W ignore:easy_install command is deprecated setup.py egg_info --egg-base ../../build/unit_tester build --build-base /home/jetson/ros2_ws/build/unit_tester/build install --record /home/jetson/ros2_ws/build/unit_tester/install.log --install-scripts $base/lib/unit_tester --single-version-externally-managed install_data
[17.042s] Level 1:colcon.colcon_core.environment:checking '/home/jetson/ros2_ws/install/vicon_bridge' for CMake module files
[17.045s] DEBUG:colcon.colcon_core.event_handler.log_command:Invoked command in '/home/jetson/ros2_ws/src/vicon_bridge' returned '0': PYTHONPATH=/home/jetson/ros2_ws/build/vicon_bridge/prefix_override:/usr/lib/python3/dist-packages/colcon_core/task/python/colcon_distutils_commands:/home/jetson/ros2_ws/install/vicon_bridge/lib/python3.8/site-packages:${PYTHONPATH} /usr/bin/python3 -W ignore:setup.py install is deprecated -W ignore:easy_install command is deprecated setup.py egg_info --egg-base ../../build/vicon_bridge build --build-base /home/jetson/ros2_ws/build/vicon_bridge/build install --record /home/jetson/ros2_ws/build/vicon_bridge/install.log --install-scripts $base/lib/vicon_bridge --single-version-externally-managed install_data
[17.046s] Level 1:colcon.colcon_core.environment:checking '/home/jetson/ros2_ws/install/vicon_bridge' for CMake config files
[17.049s] Level 1:colcon.colcon_core.environment:checking '/home/jetson/ros2_ws/install/vicon_bridge/lib'
[17.049s] Level 1:colcon.colcon_core.environment:checking '/home/jetson/ros2_ws/install/vicon_bridge/bin'
[17.050s] Level 1:colcon.colcon_core.environment:checking '/home/jetson/ros2_ws/install/vicon_bridge/lib/pkgconfig/vicon_bridge.pc'
[17.051s] Level 1:colcon.colcon_core.environment:checking '/home/jetson/ros2_ws/install/vicon_bridge/lib/python3.8/site-packages'
[17.051s] Level 1:colcon.colcon_core.shell:create_environment_hook('vicon_bridge', 'pythonpath')
[17.053s] INFO:colcon.colcon_core.shell:Creating environment hook '/home/jetson/ros2_ws/install/vicon_bridge/share/vicon_bridge/hook/pythonpath.ps1'
[17.055s] INFO:colcon.colcon_core.shell:Creating environment descriptor '/home/jetson/ros2_ws/install/vicon_bridge/share/vicon_bridge/hook/pythonpath.dsv'
[17.057s] INFO:colcon.colcon_core.shell:Creating environment hook '/home/jetson/ros2_ws/install/vicon_bridge/share/vicon_bridge/hook/pythonpath.sh'
[17.059s] Level 1:colcon.colcon_core.environment:checking '/home/jetson/ros2_ws/install/vicon_bridge/bin'
[17.060s] Level 1:colcon.colcon_core.environment:create_environment_scripts_only(vicon_bridge)
[17.061s] INFO:colcon.colcon_core.shell:Creating package script '/home/jetson/ros2_ws/install/vicon_bridge/share/vicon_bridge/package.ps1'
[17.064s] INFO:colcon.colcon_core.shell:Creating package descriptor '/home/jetson/ros2_ws/install/vicon_bridge/share/vicon_bridge/package.dsv'
[17.067s] INFO:colcon.colcon_core.shell:Creating package script '/home/jetson/ros2_ws/install/vicon_bridge/share/vicon_bridge/package.sh'
[17.071s] INFO:colcon.colcon_core.shell:Creating package script '/home/jetson/ros2_ws/install/vicon_bridge/share/vicon_bridge/package.bash'
[17.073s] INFO:colcon.colcon_core.shell:Creating package script '/home/jetson/ros2_ws/install/vicon_bridge/share/vicon_bridge/package.zsh'
[17.075s] Level 1:colcon.colcon_core.environment:create_file_with_runtime_dependencies(/home/jetson/ros2_ws/install/vicon_bridge/share/colcon-core/packages/vicon_bridge)
[17.091s] Level 1:colcon.colcon_core.environment:checking '/home/jetson/ros2_ws/install/unit_tester' for CMake module files
[17.094s] DEBUG:colcon.colcon_core.event_handler.log_command:Invoked command in '/home/jetson/ros2_ws/src/unit_tester' returned '0': PYTHONPATH=/home/jetson/ros2_ws/build/unit_tester/prefix_override:/usr/lib/python3/dist-packages/colcon_core/task/python/colcon_distutils_commands:/home/jetson/ros2_ws/install/unit_tester/lib/python3.8/site-packages:${PYTHONPATH} /usr/bin/python3 -W ignore:setup.py install is deprecated -W ignore:easy_install command is deprecated setup.py egg_info --egg-base ../../build/unit_tester build --build-base /home/jetson/ros2_ws/build/unit_tester/build install --record /home/jetson/ros2_ws/build/unit_tester/install.log --install-scripts $base/lib/unit_tester --single-version-externally-managed install_data
[17.095s] Level 1:colcon.colcon_core.environment:checking '/home/jetson/ros2_ws/install/unit_tester' for CMake config files
[17.098s] Level 1:colcon.colcon_core.environment:checking '/home/jetson/ros2_ws/install/unit_tester/lib'
[17.098s] Level 1:colcon.colcon_core.environment:checking '/home/jetson/ros2_ws/install/unit_tester/bin'
[17.098s] Level 1:colcon.colcon_core.environment:checking '/home/jetson/ros2_ws/install/unit_tester/lib/pkgconfig/unit_tester.pc'
[17.099s] Level 1:colcon.colcon_core.environment:checking '/home/jetson/ros2_ws/install/unit_tester/lib/python3.8/site-packages'
[17.100s] Level 1:colcon.colcon_core.shell:create_environment_hook('unit_tester', 'pythonpath')
[17.101s] INFO:colcon.colcon_core.shell:Creating environment hook '/home/jetson/ros2_ws/install/unit_tester/share/unit_tester/hook/pythonpath.ps1'
[17.103s] INFO:colcon.colcon_core.shell:Creating environment descriptor '/home/jetson/ros2_ws/install/unit_tester/share/unit_tester/hook/pythonpath.dsv'
[17.105s] INFO:colcon.colcon_core.shell:Creating environment hook '/home/jetson/ros2_ws/install/unit_tester/share/unit_tester/hook/pythonpath.sh'
[17.108s] Level 1:colcon.colcon_core.environment:checking '/home/jetson/ros2_ws/install/unit_tester/bin'
[17.108s] Level 1:colcon.colcon_core.environment:create_environment_scripts_only(unit_tester)
[17.110s] INFO:colcon.colcon_core.shell:Creating package script '/home/jetson/ros2_ws/install/unit_tester/share/unit_tester/package.ps1'
[17.112s] INFO:colcon.colcon_core.shell:Creating package descriptor '/home/jetson/ros2_ws/install/unit_tester/share/unit_tester/package.dsv'
[17.114s] INFO:colcon.colcon_core.shell:Creating package script '/home/jetson/ros2_ws/install/unit_tester/share/unit_tester/package.sh'
[17.116s] INFO:colcon.colcon_core.shell:Creating package script '/home/jetson/ros2_ws/install/unit_tester/share/unit_tester/package.bash'
[17.118s] INFO:colcon.colcon_core.shell:Creating package script '/home/jetson/ros2_ws/install/unit_tester/share/unit_tester/package.zsh'
[17.119s] Level 1:colcon.colcon_core.environment:create_file_with_runtime_dependencies(/home/jetson/ros2_ws/install/unit_tester/share/colcon-core/packages/unit_tester)
[17.120s] DEBUG:colcon.colcon_parallel_executor.executor.parallel:closing loop
[17.121s] DEBUG:colcon.colcon_parallel_executor.executor.parallel:loop closed
[17.121s] DEBUG:colcon.colcon_parallel_executor.executor.parallel:run_until_complete finished with '0'
[17.121s] DEBUG:colcon.colcon_core.event_reactor:joining thread
[17.144s] INFO:colcon.colcon_core.plugin_system:Skipping extension 'colcon_notification.desktop_notification.terminal_notifier': Not used on non-Darwin systems
[17.144s] INFO:colcon.colcon_core.plugin_system:Skipping extension 'colcon_notification.desktop_notification.win32': Not used on non-Windows systems
[17.145s] INFO:colcon.colcon_notification.desktop_notification:Sending desktop notification using 'notify2'
[17.180s] DEBUG:colcon.colcon_core.event_reactor:joined thread
[17.182s] INFO:colcon.colcon_core.shell:Creating prefix script '/home/jetson/ros2_ws/install/local_setup.ps1'
[17.187s] INFO:colcon.colcon_core.shell:Creating prefix util module '/home/jetson/ros2_ws/install/_local_setup_util_ps1.py'
[17.193s] INFO:colcon.colcon_core.shell:Creating prefix chain script '/home/jetson/ros2_ws/install/setup.ps1'
[17.198s] INFO:colcon.colcon_core.shell:Creating prefix script '/home/jetson/ros2_ws/install/local_setup.sh'
[17.201s] INFO:colcon.colcon_core.shell:Creating prefix util module '/home/jetson/ros2_ws/install/_local_setup_util_sh.py'
[17.203s] INFO:colcon.colcon_core.shell:Creating prefix chain script '/home/jetson/ros2_ws/install/setup.sh'
[17.209s] INFO:colcon.colcon_core.shell:Creating prefix script '/home/jetson/ros2_ws/install/local_setup.bash'
[17.211s] INFO:colcon.colcon_core.shell:Creating prefix chain script '/home/jetson/ros2_ws/install/setup.bash'
[17.216s] INFO:colcon.colcon_core.shell:Creating prefix script '/home/jetson/ros2_ws/install/local_setup.zsh'
[17.218s] INFO:colcon.colcon_core.shell:Creating prefix chain script '/home/jetson/ros2_ws/install/setup.zsh'
