[6.452s] Invoking command in '/home/jetson/ros2_ws/src/exer2_control': PYTHONPATH=/home/jetson/ros2_ws/src/build/exer2_control/prefix_override:/usr/lib/python3/dist-packages/colcon_core/task/python/colcon_distutils_commands:/home/jetson/ros2_ws/src/install/exer2_control/lib/python3.8/site-packages:${PYTHONPATH} /usr/bin/python3 -W ignore:setup.py install is deprecated -W ignore:easy_install command is deprecated setup.py egg_info --egg-base ../build/exer2_control build --build-base /home/jetson/ros2_ws/src/build/exer2_control/build install --record /home/jetson/ros2_ws/src/build/exer2_control/install.log --install-scripts $base/lib/exer2_control --single-version-externally-managed install_data
[8.549s] /usr/local/lib/python3.8/dist-packages/setuptools/dist.py:717: UserWarning: Usage of dash-separated 'script-dir' will not be supported in future versions. Please use the underscore name 'script_dir' instead
[8.551s]   warnings.warn(
[8.896s] running egg_info
[8.906s] writing ../build/exer2_control/exer2_control.egg-info/PKG-INFO
[8.909s] writing dependency_links to ../build/exer2_control/exer2_control.egg-info/dependency_links.txt
[8.912s] writing entry points to ../build/exer2_control/exer2_control.egg-info/entry_points.txt
[8.916s] writing requirements to ../build/exer2_control/exer2_control.egg-info/requires.txt
[8.920s] writing top-level names to ../build/exer2_control/exer2_control.egg-info/top_level.txt
[8.931s] reading manifest file '../build/exer2_control/exer2_control.egg-info/SOURCES.txt'
[8.934s] writing manifest file '../build/exer2_control/exer2_control.egg-info/SOURCES.txt'
[8.934s] running build
[8.940s] running build_py
[8.941s] running install
[8.965s] running install_lib
[8.977s] running install_data
[8.984s] running install_egg_info
[9.009s] removing '/home/jetson/ros2_ws/src/install/exer2_control/lib/python3.8/site-packages/exer2_control-0.0.0-py3.8.egg-info' (and everything under it)
[9.009s] Copying ../build/exer2_control/exer2_control.egg-info to /home/jetson/ros2_ws/src/install/exer2_control/lib/python3.8/site-packages/exer2_control-0.0.0-py3.8.egg-info
[9.013s] running install_scripts
[9.243s] Installing controller script to /home/jetson/ros2_ws/src/install/exer2_control/lib/exer2_control
[9.243s] writing list of installed files to '/home/jetson/ros2_ws/src/build/exer2_control/install.log'
[11.119s] Invoked command in '/home/jetson/ros2_ws/src/exer2_control' returned '0': PYTHONPATH=/home/jetson/ros2_ws/src/build/exer2_control/prefix_override:/usr/lib/python3/dist-packages/colcon_core/task/python/colcon_distutils_commands:/home/jetson/ros2_ws/src/install/exer2_control/lib/python3.8/site-packages:${PYTHONPATH} /usr/bin/python3 -W ignore:setup.py install is deprecated -W ignore:easy_install command is deprecated setup.py egg_info --egg-base ../build/exer2_control build --build-base /home/jetson/ros2_ws/src/build/exer2_control/build install --record /home/jetson/ros2_ws/src/build/exer2_control/install.log --install-scripts $base/lib/exer2_control --single-version-externally-managed install_data
