[6.710s] Invoking command in '/home/jetson/ros2_ws/build/waypoint_nav': PYTHONPATH=/home/jetson/ros2_ws/build/waypoint_nav/prefix_override:/usr/lib/python3/dist-packages/colcon_core/task/python/colcon_distutils_commands:/home/jetson/ros2_ws/install/waypoint_nav/lib/python3.8/site-packages:${PYTHONPATH} /usr/bin/python3 -W ignore:setup.py install is deprecated -W ignore:easy_install command is deprecated setup.py develop --uninstall --editable --build-directory /home/jetson/ros2_ws/build/waypoint_nav/build
[8.603s] /usr/local/lib/python3.8/dist-packages/setuptools/dist.py:717: UserWarning: Usage of dash-separated 'script-dir' will not be supported in future versions. Please use the underscore name 'script_dir' instead
[8.604s]   warnings.warn(
[8.818s] running develop
[9.698s] Removing /home/jetson/ros2_ws/install/waypoint_nav/lib/python3.8/site-packages/waypoint-nav.egg-link (link to .)
[10.319s] Invoked command in '/home/jetson/ros2_ws/build/waypoint_nav' returned '0': PYTHONPATH=/home/jetson/ros2_ws/build/waypoint_nav/prefix_override:/usr/lib/python3/dist-packages/colcon_core/task/python/colcon_distutils_commands:/home/jetson/ros2_ws/install/waypoint_nav/lib/python3.8/site-packages:${PYTHONPATH} /usr/bin/python3 -W ignore:setup.py install is deprecated -W ignore:easy_install command is deprecated setup.py develop --uninstall --editable --build-directory /home/jetson/ros2_ws/build/waypoint_nav/build
[10.329s] Invoking command in '/home/jetson/ros2_ws/src/waypoint_nav': PYTHONPATH=/home/jetson/ros2_ws/build/waypoint_nav/prefix_override:/usr/lib/python3/dist-packages/colcon_core/task/python/colcon_distutils_commands:/home/jetson/ros2_ws/install/waypoint_nav/lib/python3.8/site-packages:${PYTHONPATH} /usr/bin/python3 -W ignore:setup.py install is deprecated -W ignore:easy_install command is deprecated setup.py egg_info --egg-base ../../build/waypoint_nav build --build-base /home/jetson/ros2_ws/build/waypoint_nav/build install --record /home/jetson/ros2_ws/build/waypoint_nav/install.log --install-scripts $base/lib/waypoint_nav --single-version-externally-managed install_data --force
[12.164s] /usr/local/lib/python3.8/dist-packages/setuptools/dist.py:717: UserWarning: Usage of dash-separated 'script-dir' will not be supported in future versions. Please use the underscore name 'script_dir' instead
[12.164s]   warnings.warn(
[12.299s] running egg_info
[12.302s] writing ../../build/waypoint_nav/waypoint_nav.egg-info/PKG-INFO
[12.303s] writing dependency_links to ../../build/waypoint_nav/waypoint_nav.egg-info/dependency_links.txt
[12.303s] writing entry points to ../../build/waypoint_nav/waypoint_nav.egg-info/entry_points.txt
[12.304s] writing requirements to ../../build/waypoint_nav/waypoint_nav.egg-info/requires.txt
[12.304s] writing top-level names to ../../build/waypoint_nav/waypoint_nav.egg-info/top_level.txt
[12.317s] reading manifest file '../../build/waypoint_nav/waypoint_nav.egg-info/SOURCES.txt'
[12.322s] writing manifest file '../../build/waypoint_nav/waypoint_nav.egg-info/SOURCES.txt'
[12.322s] running build
[12.323s] running build_py
[12.323s] creating /home/jetson/ros2_ws/build/waypoint_nav/build
[12.323s] creating /home/jetson/ros2_ws/build/waypoint_nav/build/lib
[12.324s] creating /home/jetson/ros2_ws/build/waypoint_nav/build/lib/waypoint_nav
[12.324s] copying waypoint_nav/waypoint.py -> /home/jetson/ros2_ws/build/waypoint_nav/build/lib/waypoint_nav
[12.325s] copying waypoint_nav/__init__.py -> /home/jetson/ros2_ws/build/waypoint_nav/build/lib/waypoint_nav
[12.325s] running install
[12.329s] running install_lib
[12.333s] creating /home/jetson/ros2_ws/install/waypoint_nav/lib/python3.8/site-packages/waypoint_nav
[12.334s] copying /home/jetson/ros2_ws/build/waypoint_nav/build/lib/waypoint_nav/waypoint.py -> /home/jetson/ros2_ws/install/waypoint_nav/lib/python3.8/site-packages/waypoint_nav
[12.334s] copying /home/jetson/ros2_ws/build/waypoint_nav/build/lib/waypoint_nav/__init__.py -> /home/jetson/ros2_ws/install/waypoint_nav/lib/python3.8/site-packages/waypoint_nav
[12.337s] byte-compiling /home/jetson/ros2_ws/install/waypoint_nav/lib/python3.8/site-packages/waypoint_nav/waypoint.py to waypoint.cpython-38.pyc
[12.344s] byte-compiling /home/jetson/ros2_ws/install/waypoint_nav/lib/python3.8/site-packages/waypoint_nav/__init__.py to __init__.cpython-38.pyc
[12.344s] running install_data
[12.345s] copying resource/waypoint_nav -> /home/jetson/ros2_ws/install/waypoint_nav/share/ament_index/resource_index/packages
[12.347s] copying package.xml -> /home/jetson/ros2_ws/install/waypoint_nav/share/waypoint_nav
[12.347s] running install_egg_info
[12.355s] Copying ../../build/waypoint_nav/waypoint_nav.egg-info to /home/jetson/ros2_ws/install/waypoint_nav/lib/python3.8/site-packages/waypoint_nav-0.0.0-py3.8.egg-info
[12.359s] running install_scripts
[12.449s] Installing waypoint script to /home/jetson/ros2_ws/install/waypoint_nav/lib/waypoint_nav
[12.451s] writing list of installed files to '/home/jetson/ros2_ws/build/waypoint_nav/install.log'
[13.057s] Invoked command in '/home/jetson/ros2_ws/src/waypoint_nav' returned '0': PYTHONPATH=/home/jetson/ros2_ws/build/waypoint_nav/prefix_override:/usr/lib/python3/dist-packages/colcon_core/task/python/colcon_distutils_commands:/home/jetson/ros2_ws/install/waypoint_nav/lib/python3.8/site-packages:${PYTHONPATH} /usr/bin/python3 -W ignore:setup.py install is deprecated -W ignore:easy_install command is deprecated setup.py egg_info --egg-base ../../build/waypoint_nav build --build-base /home/jetson/ros2_ws/build/waypoint_nav/build install --record /home/jetson/ros2_ws/build/waypoint_nav/install.log --install-scripts $base/lib/waypoint_nav --single-version-externally-managed install_data --force
