[9.365s] Invoking command in '/home/jetson/ros2_ws/src/exer2_control': PYTHONPATH=/home/jetson/ros2_ws/src/build/exer2_control/prefix_override:/usr/lib/python3/dist-packages/colcon_core/task/python/colcon_distutils_commands:/home/jetson/ros2_ws/src/install/exer2_control/lib/python3.8/site-packages:${PYTHONPATH} /usr/bin/python3 -W ignore:setup.py install is deprecated -W ignore:easy_install command is deprecated setup.py egg_info --egg-base ../build/exer2_control build --build-base /home/jetson/ros2_ws/src/build/exer2_control/build install --record /home/jetson/ros2_ws/src/build/exer2_control/install.log --install-scripts $base/lib/exer2_control --single-version-externally-managed install_data
[11.758s] /usr/local/lib/python3.8/dist-packages/setuptools/dist.py:717: UserWarning: Usage of dash-separated 'script-dir' will not be supported in future versions. Please use the underscore name 'script_dir' instead
[11.759s]   warnings.warn(
[11.977s] running egg_info
[11.983s] writing ../build/exer2_control/exer2_control.egg-info/PKG-INFO
[11.985s] writing dependency_links to ../build/exer2_control/exer2_control.egg-info/dependency_links.txt
[11.987s] writing entry points to ../build/exer2_control/exer2_control.egg-info/entry_points.txt
[11.988s] writing requirements to ../build/exer2_control/exer2_control.egg-info/requires.txt
[11.990s] writing top-level names to ../build/exer2_control/exer2_control.egg-info/top_level.txt
[12.020s] reading manifest file '../build/exer2_control/exer2_control.egg-info/SOURCES.txt'
[12.039s] writing manifest file '../build/exer2_control/exer2_control.egg-info/SOURCES.txt'
[12.042s] running build
[12.043s] running build_py
[12.043s] running install
[12.069s] running install_lib
[12.105s] running install_data
[12.106s] running install_egg_info
[12.136s] removing '/home/jetson/ros2_ws/src/install/exer2_control/lib/python3.8/site-packages/exer2_control-0.0.0-py3.8.egg-info' (and everything under it)
[12.146s] Copying ../build/exer2_control/exer2_control.egg-info to /home/jetson/ros2_ws/src/install/exer2_control/lib/python3.8/site-packages/exer2_control-0.0.0-py3.8.egg-info
[12.163s] running install_scripts
[12.330s] Installing controller script to /home/jetson/ros2_ws/src/install/exer2_control/lib/exer2_control
[12.333s] writing list of installed files to '/home/jetson/ros2_ws/src/build/exer2_control/install.log'
[12.530s] Invoked command in '/home/jetson/ros2_ws/src/exer2_control' returned '0': PYTHONPATH=/home/jetson/ros2_ws/src/build/exer2_control/prefix_override:/usr/lib/python3/dist-packages/colcon_core/task/python/colcon_distutils_commands:/home/jetson/ros2_ws/src/install/exer2_control/lib/python3.8/site-packages:${PYTHONPATH} /usr/bin/python3 -W ignore:setup.py install is deprecated -W ignore:easy_install command is deprecated setup.py egg_info --egg-base ../build/exer2_control build --build-base /home/jetson/ros2_ws/src/build/exer2_control/build install --record /home/jetson/ros2_ws/src/build/exer2_control/install.log --install-scripts $base/lib/exer2_control --single-version-externally-managed install_data
