[12.166s] Invoking command in '/home/jetson/ros2_ws/src/exer3_control': PYTHONPATH=/home/jetson/ros2_ws/build/exer3_control/prefix_override:/usr/lib/python3/dist-packages/colcon_core/task/python/colcon_distutils_commands:/home/jetson/ros2_ws/install/exer3_control/lib/python3.8/site-packages:${PYTHONPATH} /usr/bin/python3 -W ignore:setup.py install is deprecated -W ignore:easy_install command is deprecated setup.py egg_info --egg-base ../../build/exer3_control build --build-base /home/jetson/ros2_ws/build/exer3_control/build install --record /home/jetson/ros2_ws/build/exer3_control/install.log --install-scripts $base/lib/exer3_control --single-version-externally-managed install_data
[16.513s] /usr/local/lib/python3.8/dist-packages/setuptools/dist.py:717: UserWarning: Usage of dash-separated 'script-dir' will not be supported in future versions. Please use the underscore name 'script_dir' instead
[16.514s]   warnings.warn(
[16.998s] running egg_info
[17.011s] writing ../../build/exer3_control/exer3_control.egg-info/PKG-INFO
[17.014s] writing dependency_links to ../../build/exer3_control/exer3_control.egg-info/dependency_links.txt
[17.017s] writing entry points to ../../build/exer3_control/exer3_control.egg-info/entry_points.txt
[17.019s] writing requirements to ../../build/exer3_control/exer3_control.egg-info/requires.txt
[17.022s] writing top-level names to ../../build/exer3_control/exer3_control.egg-info/top_level.txt
[17.056s] reading manifest file '../../build/exer3_control/exer3_control.egg-info/SOURCES.txt'
[17.082s] writing manifest file '../../build/exer3_control/exer3_control.egg-info/SOURCES.txt'
[17.082s] running build
[17.083s] running build_py
[17.093s] copying exer3_control/grabber.py -> /home/jetson/ros2_ws/build/exer3_control/build/lib/exer3_control
[17.095s] running install
[17.099s] running install_lib
[17.112s] copying /home/jetson/ros2_ws/build/exer3_control/build/lib/exer3_control/grabber.py -> /home/jetson/ros2_ws/install/exer3_control/lib/python3.8/site-packages/exer3_control
[17.119s] byte-compiling /home/jetson/ros2_ws/install/exer3_control/lib/python3.8/site-packages/exer3_control/grabber.py to grabber.cpython-38.pyc
[17.124s] running install_data
[17.125s] running install_egg_info
[17.144s] removing '/home/jetson/ros2_ws/install/exer3_control/lib/python3.8/site-packages/exer3_control-0.0.0-py3.8.egg-info' (and everything under it)
[17.149s] Copying ../../build/exer3_control/exer3_control.egg-info to /home/jetson/ros2_ws/install/exer3_control/lib/python3.8/site-packages/exer3_control-0.0.0-py3.8.egg-info
[17.156s] running install_scripts
[17.376s] Installing flight_controller script to /home/jetson/ros2_ws/install/exer3_control/lib/exer3_control
[17.379s] Installing grabber script to /home/jetson/ros2_ws/install/exer3_control/lib/exer3_control
[17.385s] writing list of installed files to '/home/jetson/ros2_ws/build/exer3_control/install.log'
[17.646s] Invoked command in '/home/jetson/ros2_ws/src/exer3_control' returned '0': PYTHONPATH=/home/jetson/ros2_ws/build/exer3_control/prefix_override:/usr/lib/python3/dist-packages/colcon_core/task/python/colcon_distutils_commands:/home/jetson/ros2_ws/install/exer3_control/lib/python3.8/site-packages:${PYTHONPATH} /usr/bin/python3 -W ignore:setup.py install is deprecated -W ignore:easy_install command is deprecated setup.py egg_info --egg-base ../../build/exer3_control build --build-base /home/jetson/ros2_ws/build/exer3_control/build install --record /home/jetson/ros2_ws/build/exer3_control/install.log --install-scripts $base/lib/exer3_control --single-version-externally-managed install_data
