[7.633s] Invoking command in '/home/jetson/ros2_ws/src/comm_node': PYTHONPATH=/home/jetson/ros2_ws/src/build/comm_node/prefix_override:/usr/lib/python3/dist-packages/colcon_core/task/python/colcon_distutils_commands:/home/jetson/ros2_ws/src/install/comm_node/lib/python3.8/site-packages:${PYTHONPATH} /usr/bin/python3 -W ignore:setup.py install is deprecated -W ignore:easy_install command is deprecated setup.py egg_info --egg-base ../build/comm_node build --build-base /home/jetson/ros2_ws/src/build/comm_node/build install --record /home/jetson/ros2_ws/src/build/comm_node/install.log --install-scripts $base/lib/comm_node --single-version-externally-managed install_data
[9.494s] /usr/local/lib/python3.8/dist-packages/setuptools/dist.py:717: UserWarning: Usage of dash-separated 'script-dir' will not be supported in future versions. Please use the underscore name 'script_dir' instead
[9.495s]   warnings.warn(
[9.781s] running egg_info
[9.788s] writing ../build/comm_node/comm_node.egg-info/PKG-INFO
[9.788s] writing dependency_links to ../build/comm_node/comm_node.egg-info/dependency_links.txt
[9.793s] writing entry points to ../build/comm_node/comm_node.egg-info/entry_points.txt
[9.793s] writing requirements to ../build/comm_node/comm_node.egg-info/requires.txt
[9.794s] writing top-level names to ../build/comm_node/comm_node.egg-info/top_level.txt
[9.829s] reading manifest file '../build/comm_node/comm_node.egg-info/SOURCES.txt'
[9.839s] writing manifest file '../build/comm_node/comm_node.egg-info/SOURCES.txt'
[9.840s] running build
[9.840s] running build_py
[9.846s] running install
[9.851s] running install_lib
[9.865s] running install_data
[9.866s] running install_egg_info
[9.883s] removing '/home/jetson/ros2_ws/src/install/comm_node/lib/python3.8/site-packages/comm_node-0.0.1-py3.8.egg-info' (and everything under it)
[9.885s] Copying ../build/comm_node/comm_node.egg-info to /home/jetson/ros2_ws/src/install/comm_node/lib/python3.8/site-packages/comm_node-0.0.1-py3.8.egg-info
[9.905s] running install_scripts
[10.029s] Installing comm script to /home/jetson/ros2_ws/src/install/comm_node/lib/comm_node
[10.030s] writing list of installed files to '/home/jetson/ros2_ws/src/build/comm_node/install.log'
[11.623s] Invoked command in '/home/jetson/ros2_ws/src/comm_node' returned '0': PYTHONPATH=/home/jetson/ros2_ws/src/build/comm_node/prefix_override:/usr/lib/python3/dist-packages/colcon_core/task/python/colcon_distutils_commands:/home/jetson/ros2_ws/src/install/comm_node/lib/python3.8/site-packages:${PYTHONPATH} /usr/bin/python3 -W ignore:setup.py install is deprecated -W ignore:easy_install command is deprecated setup.py egg_info --egg-base ../build/comm_node build --build-base /home/jetson/ros2_ws/src/build/comm_node/build install --record /home/jetson/ros2_ws/src/build/comm_node/install.log --install-scripts $base/lib/comm_node --single-version-externally-managed install_data
