[6.509s] Invoking command in '/home/jetson/ros2_ws/src/realsense2mavros': PYTHONPATH=/home/jetson/ros2_ws/src/build/realsense2mavros/prefix_override:/usr/lib/python3/dist-packages/colcon_core/task/python/colcon_distutils_commands:/home/jetson/ros2_ws/src/install/realsense2mavros/lib/python3.8/site-packages:${PYTHONPATH} /usr/bin/python3 -W ignore:setup.py install is deprecated -W ignore:easy_install command is deprecated setup.py egg_info --egg-base ../build/realsense2mavros build --build-base /home/jetson/ros2_ws/src/build/realsense2mavros/build install --record /home/jetson/ros2_ws/src/build/realsense2mavros/install.log --install-scripts $base/lib/realsense2mavros --single-version-externally-managed install_data
[7.975s] /usr/local/lib/python3.8/dist-packages/setuptools/dist.py:717: UserWarning: Usage of dash-separated 'script-dir' will not be supported in future versions. Please use the underscore name 'script_dir' instead
[7.976s]   warnings.warn(
[8.157s] running egg_info
[8.160s] writing ../build/realsense2mavros/realsense2mavros.egg-info/PKG-INFO
[8.169s] writing dependency_links to ../build/realsense2mavros/realsense2mavros.egg-info/dependency_links.txt
[8.170s] writing entry points to ../build/realsense2mavros/realsense2mavros.egg-info/entry_points.txt
[8.173s] writing requirements to ../build/realsense2mavros/realsense2mavros.egg-info/requires.txt
[8.177s] writing top-level names to ../build/realsense2mavros/realsense2mavros.egg-info/top_level.txt
[8.180s] reading manifest file '../build/realsense2mavros/realsense2mavros.egg-info/SOURCES.txt'
[8.186s] writing manifest file '../build/realsense2mavros/realsense2mavros.egg-info/SOURCES.txt'
[8.186s] running build
[8.187s] running build_py
[8.188s] running install
[8.195s] running install_lib
[8.200s] running install_data
[8.209s] running install_egg_info
[8.209s] removing '/home/jetson/ros2_ws/src/install/realsense2mavros/lib/python3.8/site-packages/realsense2mavros-0.0.0-py3.8.egg-info' (and everything under it)
[8.212s] Copying ../build/realsense2mavros/realsense2mavros.egg-info to /home/jetson/ros2_ws/src/install/realsense2mavros/lib/python3.8/site-packages/realsense2mavros-0.0.0-py3.8.egg-info
[8.216s] running install_scripts
[8.318s] Installing realsense2mavros script to /home/jetson/ros2_ws/src/install/realsense2mavros/lib/realsense2mavros
[8.319s] writing list of installed files to '/home/jetson/ros2_ws/src/build/realsense2mavros/install.log'
[8.457s] Invoked command in '/home/jetson/ros2_ws/src/realsense2mavros' returned '0': PYTHONPATH=/home/jetson/ros2_ws/src/build/realsense2mavros/prefix_override:/usr/lib/python3/dist-packages/colcon_core/task/python/colcon_distutils_commands:/home/jetson/ros2_ws/src/install/realsense2mavros/lib/python3.8/site-packages:${PYTHONPATH} /usr/bin/python3 -W ignore:setup.py install is deprecated -W ignore:easy_install command is deprecated setup.py egg_info --egg-base ../build/realsense2mavros build --build-base /home/jetson/ros2_ws/src/build/realsense2mavros/build install --record /home/jetson/ros2_ws/src/build/realsense2mavros/install.log --install-scripts $base/lib/realsense2mavros --single-version-externally-managed install_data
