/usr/local/lib/python3.8/dist-packages/setuptools/dist.py:717: UserWarning: Usage of dash-separated 'script-dir' will not be supported in future versions. Please use the underscore name 'script_dir' instead
  warnings.warn(
running egg_info
creating ../build/vicon_obstacle_republisher/vicon_obstacle_republisher.egg-info
writing ../build/vicon_obstacle_republisher/vicon_obstacle_republisher.egg-info/PKG-INFO
writing dependency_links to ../build/vicon_obstacle_republisher/vicon_obstacle_republisher.egg-info/dependency_links.txt
writing entry points to ../build/vicon_obstacle_republisher/vicon_obstacle_republisher.egg-info/entry_points.txt
writing requirements to ../build/vicon_obstacle_republisher/vicon_obstacle_republisher.egg-info/requires.txt
writing top-level names to ../build/vicon_obstacle_republisher/vicon_obstacle_republisher.egg-info/top_level.txt
writing manifest file '../build/vicon_obstacle_republisher/vicon_obstacle_republisher.egg-info/SOURCES.txt'
reading manifest file '../build/vicon_obstacle_republisher/vicon_obstacle_republisher.egg-info/SOURCES.txt'
writing manifest file '../build/vicon_obstacle_republisher/vicon_obstacle_republisher.egg-info/SOURCES.txt'
running build
running build_py
creating /home/jetson/ros2_ws/src/build/vicon_obstacle_republisher/build
creating /home/jetson/ros2_ws/src/build/vicon_obstacle_republisher/build/lib
creating /home/jetson/ros2_ws/src/build/vicon_obstacle_republisher/build/lib/vicon_obstacle_republisher
copying vicon_obstacle_republisher/vicon_obstacle_republisher_node.py -> /home/jetson/ros2_ws/src/build/vicon_obstacle_republisher/build/lib/vicon_obstacle_republisher
copying vicon_obstacle_republisher/__init__.py -> /home/jetson/ros2_ws/src/build/vicon_obstacle_republisher/build/lib/vicon_obstacle_republisher
running install
running install_lib
creating /home/jetson/ros2_ws/src/install/vicon_obstacle_republisher/lib/python3.8/site-packages/vicon_obstacle_republisher
copying /home/jetson/ros2_ws/src/build/vicon_obstacle_republisher/build/lib/vicon_obstacle_republisher/vicon_obstacle_republisher_node.py -> /home/jetson/ros2_ws/src/install/vicon_obstacle_republisher/lib/python3.8/site-packages/vicon_obstacle_republisher
copying /home/jetson/ros2_ws/src/build/vicon_obstacle_republisher/build/lib/vicon_obstacle_republisher/__init__.py -> /home/jetson/ros2_ws/src/install/vicon_obstacle_republisher/lib/python3.8/site-packages/vicon_obstacle_republisher
byte-compiling /home/jetson/ros2_ws/src/install/vicon_obstacle_republisher/lib/python3.8/site-packages/vicon_obstacle_republisher/vicon_obstacle_republisher_node.py to vicon_obstacle_republisher_node.cpython-38.pyc
byte-compiling /home/jetson/ros2_ws/src/install/vicon_obstacle_republisher/lib/python3.8/site-packages/vicon_obstacle_republisher/__init__.py to __init__.cpython-38.pyc
running install_data
creating /home/jetson/ros2_ws/src/install/vicon_obstacle_republisher/share/ament_index
creating /home/jetson/ros2_ws/src/install/vicon_obstacle_republisher/share/ament_index/resource_index
creating /home/jetson/ros2_ws/src/install/vicon_obstacle_republisher/share/ament_index/resource_index/packages
copying resource/vicon_obstacle_republisher -> /home/jetson/ros2_ws/src/install/vicon_obstacle_republisher/share/ament_index/resource_index/packages
copying package.xml -> /home/jetson/ros2_ws/src/install/vicon_obstacle_republisher/share/vicon_obstacle_republisher
running install_egg_info
Copying ../build/vicon_obstacle_republisher/vicon_obstacle_republisher.egg-info to /home/jetson/ros2_ws/src/install/vicon_obstacle_republisher/lib/python3.8/site-packages/vicon_obstacle_republisher-0.0.0-py3.8.egg-info
running install_scripts
Installing vicon_obstacle_republisher_node script to /home/jetson/ros2_ws/src/install/vicon_obstacle_republisher/lib/vicon_obstacle_republisher
writing list of installed files to '/home/jetson/ros2_ws/src/build/vicon_obstacle_republisher/install.log'
