[7.706s] Invoking command in '/home/jetson/ros2_ws/src/dummy_waypoint_publisher': PYTHONPATH=/home/jetson/ros2_ws/src/build/dummy_waypoint_publisher/prefix_override:/usr/lib/python3/dist-packages/colcon_core/task/python/colcon_distutils_commands:/home/jetson/ros2_ws/src/install/dummy_waypoint_publisher/lib/python3.8/site-packages:${PYTHONPATH} /usr/bin/python3 -W ignore:setup.py install is deprecated -W ignore:easy_install command is deprecated setup.py egg_info --egg-base ../build/dummy_waypoint_publisher build --build-base /home/jetson/ros2_ws/src/build/dummy_waypoint_publisher/build install --record /home/jetson/ros2_ws/src/build/dummy_waypoint_publisher/install.log --install-scripts $base/lib/dummy_waypoint_publisher --single-version-externally-managed install_data
[10.158s] /usr/local/lib/python3.8/dist-packages/setuptools/dist.py:717: UserWarning: Usage of dash-separated 'script-dir' will not be supported in future versions. Please use the underscore name 'script_dir' instead
[10.159s]   warnings.warn(
[10.596s] running egg_info
[10.599s] writing ../build/dummy_waypoint_publisher/dummy_waypoint_publisher.egg-info/PKG-INFO
[10.601s] writing dependency_links to ../build/dummy_waypoint_publisher/dummy_waypoint_publisher.egg-info/dependency_links.txt
[10.604s] writing entry points to ../build/dummy_waypoint_publisher/dummy_waypoint_publisher.egg-info/entry_points.txt
[10.604s] writing requirements to ../build/dummy_waypoint_publisher/dummy_waypoint_publisher.egg-info/requires.txt
[10.604s] writing top-level names to ../build/dummy_waypoint_publisher/dummy_waypoint_publisher.egg-info/top_level.txt
[10.626s] reading manifest file '../build/dummy_waypoint_publisher/dummy_waypoint_publisher.egg-info/SOURCES.txt'
[10.633s] writing manifest file '../build/dummy_waypoint_publisher/dummy_waypoint_publisher.egg-info/SOURCES.txt'
[10.640s] running build
[10.640s] running build_py
[10.644s] copying dummy_waypoint_publisher/waypoint_publisher.py -> /home/jetson/ros2_ws/src/build/dummy_waypoint_publisher/build/lib/dummy_waypoint_publisher
[10.645s] running install
[10.651s] running install_lib
[10.672s] copying /home/jetson/ros2_ws/src/build/dummy_waypoint_publisher/build/lib/dummy_waypoint_publisher/waypoint_publisher.py -> /home/jetson/ros2_ws/src/install/dummy_waypoint_publisher/lib/python3.8/site-packages/dummy_waypoint_publisher
[10.674s] byte-compiling /home/jetson/ros2_ws/src/install/dummy_waypoint_publisher/lib/python3.8/site-packages/dummy_waypoint_publisher/waypoint_publisher.py to waypoint_publisher.cpython-38.pyc
[10.680s] running install_data
[10.680s] running install_egg_info
[10.692s] removing '/home/jetson/ros2_ws/src/install/dummy_waypoint_publisher/lib/python3.8/site-packages/dummy_waypoint_publisher-0.0.0-py3.8.egg-info' (and everything under it)
[10.697s] Copying ../build/dummy_waypoint_publisher/dummy_waypoint_publisher.egg-info to /home/jetson/ros2_ws/src/install/dummy_waypoint_publisher/lib/python3.8/site-packages/dummy_waypoint_publisher-0.0.0-py3.8.egg-info
[10.706s] running install_scripts
[10.901s] Installing waypoint_publisher script to /home/jetson/ros2_ws/src/install/dummy_waypoint_publisher/lib/dummy_waypoint_publisher
[10.909s] writing list of installed files to '/home/jetson/ros2_ws/src/build/dummy_waypoint_publisher/install.log'
[11.046s] Invoked command in '/home/jetson/ros2_ws/src/dummy_waypoint_publisher' returned '0': PYTHONPATH=/home/jetson/ros2_ws/src/build/dummy_waypoint_publisher/prefix_override:/usr/lib/python3/dist-packages/colcon_core/task/python/colcon_distutils_commands:/home/jetson/ros2_ws/src/install/dummy_waypoint_publisher/lib/python3.8/site-packages:${PYTHONPATH} /usr/bin/python3 -W ignore:setup.py install is deprecated -W ignore:easy_install command is deprecated setup.py egg_info --egg-base ../build/dummy_waypoint_publisher build --build-base /home/jetson/ros2_ws/src/build/dummy_waypoint_publisher/build install --record /home/jetson/ros2_ws/src/build/dummy_waypoint_publisher/install.log --install-scripts $base/lib/dummy_waypoint_publisher --single-version-externally-managed install_data
