[10.986s] Invoking command in '/home/jetson/ros2_ws/src/exer2_control': PYTHONPATH=/home/jetson/ros2_ws/src/build/exer2_control/prefix_override:/usr/lib/python3/dist-packages/colcon_core/task/python/colcon_distutils_commands:/home/jetson/ros2_ws/src/install/exer2_control/lib/python3.8/site-packages:${PYTHONPATH} /usr/bin/python3 -W ignore:setup.py install is deprecated -W ignore:easy_install command is deprecated setup.py egg_info --egg-base ../build/exer2_control build --build-base /home/jetson/ros2_ws/src/build/exer2_control/build install --record /home/jetson/ros2_ws/src/build/exer2_control/install.log --install-scripts $base/lib/exer2_control --single-version-externally-managed install_data
[13.754s] /usr/local/lib/python3.8/dist-packages/setuptools/dist.py:717: UserWarning: Usage of dash-separated 'script-dir' will not be supported in future versions. Please use the underscore name 'script_dir' instead
[13.754s]   warnings.warn(
[14.097s] running egg_info
[14.103s] writing ../build/exer2_control/exer2_control.egg-info/PKG-INFO
[14.114s] writing dependency_links to ../build/exer2_control/exer2_control.egg-info/dependency_links.txt
[14.117s] writing entry points to ../build/exer2_control/exer2_control.egg-info/entry_points.txt
[14.118s] writing requirements to ../build/exer2_control/exer2_control.egg-info/requires.txt
[14.120s] writing top-level names to ../build/exer2_control/exer2_control.egg-info/top_level.txt
[14.152s] reading manifest file '../build/exer2_control/exer2_control.egg-info/SOURCES.txt'
[14.159s] writing manifest file '../build/exer2_control/exer2_control.egg-info/SOURCES.txt'
[14.161s] running build
[14.162s] running build_py
[14.162s] running install
[14.166s] running install_lib
[14.173s] running install_data
[14.176s] running install_egg_info
[14.189s] removing '/home/jetson/ros2_ws/src/install/exer2_control/lib/python3.8/site-packages/exer2_control-0.0.0-py3.8.egg-info' (and everything under it)
[14.195s] Copying ../build/exer2_control/exer2_control.egg-info to /home/jetson/ros2_ws/src/install/exer2_control/lib/python3.8/site-packages/exer2_control-0.0.0-py3.8.egg-info
[14.196s] running install_scripts
[14.387s] Installing controller script to /home/jetson/ros2_ws/src/install/exer2_control/lib/exer2_control
[14.388s] writing list of installed files to '/home/jetson/ros2_ws/src/build/exer2_control/install.log'
[16.206s] Invoked command in '/home/jetson/ros2_ws/src/exer2_control' returned '0': PYTHONPATH=/home/jetson/ros2_ws/src/build/exer2_control/prefix_override:/usr/lib/python3/dist-packages/colcon_core/task/python/colcon_distutils_commands:/home/jetson/ros2_ws/src/install/exer2_control/lib/python3.8/site-packages:${PYTHONPATH} /usr/bin/python3 -W ignore:setup.py install is deprecated -W ignore:easy_install command is deprecated setup.py egg_info --egg-base ../build/exer2_control build --build-base /home/jetson/ros2_ws/src/build/exer2_control/build install --record /home/jetson/ros2_ws/src/build/exer2_control/install.log --install-scripts $base/lib/exer2_control --single-version-externally-managed install_data
