[10.991s] Invoking command in '/home/jetson/ros2_ws/src/dummy_vicon_republisher': PYTHONPATH=/home/jetson/ros2_ws/build/dummy_vicon_republisher/prefix_override:/usr/lib/python3/dist-packages/colcon_core/task/python/colcon_distutils_commands:/home/jetson/ros2_ws/install/dummy_vicon_republisher/lib/python3.8/site-packages:${PYTHONPATH} /usr/bin/python3 -W ignore:setup.py install is deprecated -W ignore:easy_install command is deprecated setup.py egg_info --egg-base ../../build/dummy_vicon_republisher build --build-base /home/jetson/ros2_ws/build/dummy_vicon_republisher/build install --record /home/jetson/ros2_ws/build/dummy_vicon_republisher/install.log --install-scripts $base/lib/dummy_vicon_republisher --single-version-externally-managed install_data
[12.945s] /usr/local/lib/python3.8/dist-packages/setuptools/dist.py:717: UserWarning: Usage of dash-separated 'script-dir' will not be supported in future versions. Please use the underscore name 'script_dir' instead
[12.947s]   warnings.warn(
[13.147s] running egg_info
[13.164s] writing ../../build/dummy_vicon_republisher/dummy_vicon_republisher.egg-info/PKG-INFO
[13.166s] writing dependency_links to ../../build/dummy_vicon_republisher/dummy_vicon_republisher.egg-info/dependency_links.txt
[13.166s] writing entry points to ../../build/dummy_vicon_republisher/dummy_vicon_republisher.egg-info/entry_points.txt
[13.167s] writing requirements to ../../build/dummy_vicon_republisher/dummy_vicon_republisher.egg-info/requires.txt
[13.168s] writing top-level names to ../../build/dummy_vicon_republisher/dummy_vicon_republisher.egg-info/top_level.txt
[13.194s] reading manifest file '../../build/dummy_vicon_republisher/dummy_vicon_republisher.egg-info/SOURCES.txt'
[13.207s] writing manifest file '../../build/dummy_vicon_republisher/dummy_vicon_republisher.egg-info/SOURCES.txt'
[13.209s] running build
[13.209s] running build_py
[13.213s] copying dummy_vicon_republisher/dummy_vicon_republisher.py -> /home/jetson/ros2_ws/build/dummy_vicon_republisher/build/lib/dummy_vicon_republisher
[13.214s] running install
[13.217s] running install_lib
[13.220s] copying /home/jetson/ros2_ws/build/dummy_vicon_republisher/build/lib/dummy_vicon_republisher/dummy_vicon_republisher.py -> /home/jetson/ros2_ws/install/dummy_vicon_republisher/lib/python3.8/site-packages/dummy_vicon_republisher
[13.289s] byte-compiling /home/jetson/ros2_ws/install/dummy_vicon_republisher/lib/python3.8/site-packages/dummy_vicon_republisher/dummy_vicon_republisher.py to dummy_vicon_republisher.cpython-38.pyc
[13.289s] running install_data
[13.290s] running install_egg_info
[13.307s] removing '/home/jetson/ros2_ws/install/dummy_vicon_republisher/lib/python3.8/site-packages/dummy_vicon_republisher-0.0.0-py3.8.egg-info' (and everything under it)
[13.315s] Copying ../../build/dummy_vicon_republisher/dummy_vicon_republisher.egg-info to /home/jetson/ros2_ws/install/dummy_vicon_republisher/lib/python3.8/site-packages/dummy_vicon_republisher-0.0.0-py3.8.egg-info
[13.321s] running install_scripts
[13.462s] Installing dummy_vicon_republisher script to /home/jetson/ros2_ws/install/dummy_vicon_republisher/lib/dummy_vicon_republisher
[13.542s] writing list of installed files to '/home/jetson/ros2_ws/build/dummy_vicon_republisher/install.log'
[14.263s] Invoked command in '/home/jetson/ros2_ws/src/dummy_vicon_republisher' returned '0': PYTHONPATH=/home/jetson/ros2_ws/build/dummy_vicon_republisher/prefix_override:/usr/lib/python3/dist-packages/colcon_core/task/python/colcon_distutils_commands:/home/jetson/ros2_ws/install/dummy_vicon_republisher/lib/python3.8/site-packages:${PYTHONPATH} /usr/bin/python3 -W ignore:setup.py install is deprecated -W ignore:easy_install command is deprecated setup.py egg_info --egg-base ../../build/dummy_vicon_republisher build --build-base /home/jetson/ros2_ws/build/dummy_vicon_republisher/build install --record /home/jetson/ros2_ws/build/dummy_vicon_republisher/install.log --install-scripts $base/lib/dummy_vicon_republisher --single-version-externally-managed install_data
