[5.545s] Invoking command in '/home/jetson/ros2_ws/build/px4_autonomy_modules': CMAKE_PREFIX_PATH=${CMAKE_PREFIX_PATH}:/home/jetson/ros2_ws/install/waypoint_nav:/home/jetson/ros2_ws/install/vicon_obstacle_republisher:/home/jetson/ros2_ws/install/vicon_bridge:/home/jetson/ros2_ws/install/unit_tester:/home/jetson/ros2_ws/install/realsense2mavros:/home/jetson/ros2_ws/install/image_saver:/home/jetson/ros2_ws/install/image_processor:/home/jetson/ros2_ws/install/exer3_control:/home/jetson/ros2_ws/install/exer2_control:/home/jetson/ros2_ws/install/dummy_waypoint_publisher:/home/jetson/ros2_ws/install/dummy_vicon_republisher:/home/jetson/ros2_ws/install/crack_controller:/home/jetson/ros2_ws/install/crack_comm:/home/jetson/ros2_ws/install/comm_node:/home/jetson/ros2_ws/install/api_waypoint:/opt/ros/foxy /usr/bin/cmake --build /home/jetson/ros2_ws/build/px4_autonomy_modules -- -j4 -l4
[6.340s] (Argus) Error FileOperationFailed: Socket poll failed: Interrupted system call (in src/rpc/socket/common/SocketUtils.cpp, function readSocket(), line 69)
[6.341s] (Argus) Error FileOperationFailed: Unexpected error in reading socket (in src/rpc/socket/client/ClientSocketManager.cpp, function recvThreadCore(), line 266)
[6.342s] (Argus) Error FileOperationFailed: Receiving thread terminated with error (in src/rpc/socket/client/ClientSocketManager.cpp, function recvThreadWrapper(), line 368)
[6.763s] (Argus) Error InvalidState: Receive thread is not running cannot send. (in src/rpc/socket/client/ClientSocketManager.cpp, function send(), line 96)
[6.763s] (Argus) Error InvalidState:  (propagating from src/rpc/socket/client/SocketClientDispatch.cpp, function dispatch(), line 91)
[9.177s] Invoked command in '/home/jetson/ros2_ws/build/px4_autonomy_modules' returned '0': CMAKE_PREFIX_PATH=${CMAKE_PREFIX_PATH}:/home/jetson/ros2_ws/install/waypoint_nav:/home/jetson/ros2_ws/install/vicon_obstacle_republisher:/home/jetson/ros2_ws/install/vicon_bridge:/home/jetson/ros2_ws/install/unit_tester:/home/jetson/ros2_ws/install/realsense2mavros:/home/jetson/ros2_ws/install/image_saver:/home/jetson/ros2_ws/install/image_processor:/home/jetson/ros2_ws/install/exer3_control:/home/jetson/ros2_ws/install/exer2_control:/home/jetson/ros2_ws/install/dummy_waypoint_publisher:/home/jetson/ros2_ws/install/dummy_vicon_republisher:/home/jetson/ros2_ws/install/crack_controller:/home/jetson/ros2_ws/install/crack_comm:/home/jetson/ros2_ws/install/comm_node:/home/jetson/ros2_ws/install/api_waypoint:/opt/ros/foxy /usr/bin/cmake --build /home/jetson/ros2_ws/build/px4_autonomy_modules -- -j4 -l4
[9.795s] Invoking command in '/home/jetson/ros2_ws/build/px4_autonomy_modules': CMAKE_PREFIX_PATH=${CMAKE_PREFIX_PATH}:/home/jetson/ros2_ws/install/waypoint_nav:/home/jetson/ros2_ws/install/vicon_obstacle_republisher:/home/jetson/ros2_ws/install/vicon_bridge:/home/jetson/ros2_ws/install/unit_tester:/home/jetson/ros2_ws/install/realsense2mavros:/home/jetson/ros2_ws/install/image_saver:/home/jetson/ros2_ws/install/image_processor:/home/jetson/ros2_ws/install/exer3_control:/home/jetson/ros2_ws/install/exer2_control:/home/jetson/ros2_ws/install/dummy_waypoint_publisher:/home/jetson/ros2_ws/install/dummy_vicon_republisher:/home/jetson/ros2_ws/install/crack_controller:/home/jetson/ros2_ws/install/crack_comm:/home/jetson/ros2_ws/install/comm_node:/home/jetson/ros2_ws/install/api_waypoint:/opt/ros/foxy /usr/bin/cmake --install /home/jetson/ros2_ws/build/px4_autonomy_modules
[9.918s] -- Install configuration: ""
[9.919s] -- Execute custom install script
[9.922s] -- Up-to-date symlink: /home/jetson/ros2_ws/install/px4_autonomy_modules/share/px4_autonomy_modules/launch/mavros.launch.py
[9.923s] -- Up-to-date symlink: /home/jetson/ros2_ws/install/px4_autonomy_modules/share/px4_autonomy_modules/launch/px4_config.yaml
[9.923s] -- Up-to-date symlink: /home/jetson/ros2_ws/install/px4_autonomy_modules/share/px4_autonomy_modules/launch/px4_pluginlists.yaml
[9.925s] -- Up-to-date symlink: /home/jetson/ros2_ws/install/px4_autonomy_modules/share/ament_index/resource_index/package_run_dependencies/px4_autonomy_modules
[9.926s] -- Up-to-date symlink: /home/jetson/ros2_ws/install/px4_autonomy_modules/share/ament_index/resource_index/parent_prefix_path/px4_autonomy_modules
[9.928s] -- Up-to-date symlink: /home/jetson/ros2_ws/install/px4_autonomy_modules/share/px4_autonomy_modules/environment/ament_prefix_path.sh
[9.929s] -- Up-to-date symlink: /home/jetson/ros2_ws/install/px4_autonomy_modules/share/px4_autonomy_modules/environment/ament_prefix_path.dsv
[9.931s] -- Up-to-date symlink: /home/jetson/ros2_ws/install/px4_autonomy_modules/share/px4_autonomy_modules/environment/path.sh
[9.932s] -- Up-to-date symlink: /home/jetson/ros2_ws/install/px4_autonomy_modules/share/px4_autonomy_modules/environment/path.dsv
[9.938s] -- Up-to-date symlink: /home/jetson/ros2_ws/install/px4_autonomy_modules/share/px4_autonomy_modules/local_setup.bash
[9.939s] -- Up-to-date symlink: /home/jetson/ros2_ws/install/px4_autonomy_modules/share/px4_autonomy_modules/local_setup.sh
[9.940s] -- Up-to-date symlink: /home/jetson/ros2_ws/install/px4_autonomy_modules/share/px4_autonomy_modules/local_setup.zsh
[9.941s] -- Up-to-date symlink: /home/jetson/ros2_ws/install/px4_autonomy_modules/share/px4_autonomy_modules/local_setup.dsv
[9.941s] -- Symlinking: /home/jetson/ros2_ws/install/px4_autonomy_modules/share/px4_autonomy_modules/package.dsv
[10.058s] -- Up-to-date symlink: /home/jetson/ros2_ws/install/px4_autonomy_modules/share/ament_index/resource_index/packages/px4_autonomy_modules
[10.060s] -- Up-to-date symlink: /home/jetson/ros2_ws/install/px4_autonomy_modules/share/px4_autonomy_modules/cmake/px4_autonomy_modulesConfig.cmake
[10.061s] -- Up-to-date symlink: /home/jetson/ros2_ws/install/px4_autonomy_modules/share/px4_autonomy_modules/cmake/px4_autonomy_modulesConfig-version.cmake
[10.062s] -- Up-to-date symlink: /home/jetson/ros2_ws/install/px4_autonomy_modules/share/px4_autonomy_modules/package.xml
[10.596s] Invoked command in '/home/jetson/ros2_ws/build/px4_autonomy_modules' returned '0': CMAKE_PREFIX_PATH=${CMAKE_PREFIX_PATH}:/home/jetson/ros2_ws/install/waypoint_nav:/home/jetson/ros2_ws/install/vicon_obstacle_republisher:/home/jetson/ros2_ws/install/vicon_bridge:/home/jetson/ros2_ws/install/unit_tester:/home/jetson/ros2_ws/install/realsense2mavros:/home/jetson/ros2_ws/install/image_saver:/home/jetson/ros2_ws/install/image_processor:/home/jetson/ros2_ws/install/exer3_control:/home/jetson/ros2_ws/install/exer2_control:/home/jetson/ros2_ws/install/dummy_waypoint_publisher:/home/jetson/ros2_ws/install/dummy_vicon_republisher:/home/jetson/ros2_ws/install/crack_controller:/home/jetson/ros2_ws/install/crack_comm:/home/jetson/ros2_ws/install/comm_node:/home/jetson/ros2_ws/install/api_waypoint:/opt/ros/foxy /usr/bin/cmake --install /home/jetson/ros2_ws/build/px4_autonomy_modules
