[9.337s] Invoking command in '/home/jetson/ros2_ws/src/image_processor': PYTHONPATH=/home/jetson/ros2_ws/build/image_processor/prefix_override:/usr/lib/python3/dist-packages/colcon_core/task/python/colcon_distutils_commands:/home/jetson/ros2_ws/install/image_processor/lib/python3.8/site-packages:${PYTHONPATH} /usr/bin/python3 -W ignore:setup.py install is deprecated -W ignore:easy_install command is deprecated setup.py egg_info --egg-base ../../build/image_processor build --build-base /home/jetson/ros2_ws/build/image_processor/build install --record /home/jetson/ros2_ws/build/image_processor/install.log --install-scripts $base/lib/image_processor --single-version-externally-managed install_data
[11.217s] /usr/local/lib/python3.8/dist-packages/setuptools/dist.py:717: UserWarning: Usage of dash-separated 'script-dir' will not be supported in future versions. Please use the underscore name 'script_dir' instead
[11.217s]   warnings.warn(
[11.359s] running egg_info
[11.363s] writing ../../build/image_processor/image_processor.egg-info/PKG-INFO
[11.364s] writing dependency_links to ../../build/image_processor/image_processor.egg-info/dependency_links.txt
[11.364s] writing entry points to ../../build/image_processor/image_processor.egg-info/entry_points.txt
[11.365s] writing requirements to ../../build/image_processor/image_processor.egg-info/requires.txt
[11.365s] writing top-level names to ../../build/image_processor/image_processor.egg-info/top_level.txt
[11.378s] reading manifest file '../../build/image_processor/image_processor.egg-info/SOURCES.txt'
[11.383s] writing manifest file '../../build/image_processor/image_processor.egg-info/SOURCES.txt'
[11.384s] running build
[11.384s] running build_py
[11.387s] running install
[11.390s] running install_lib
[11.398s] running install_data
[11.398s] running install_egg_info
[11.406s] removing '/home/jetson/ros2_ws/install/image_processor/lib/python3.8/site-packages/image_processor-0.0.0-py3.8.egg-info' (and everything under it)
[11.407s] Copying ../../build/image_processor/image_processor.egg-info to /home/jetson/ros2_ws/install/image_processor/lib/python3.8/site-packages/image_processor-0.0.0-py3.8.egg-info
[11.411s] running install_scripts
[11.503s] Installing state_machine script to /home/jetson/ros2_ws/install/image_processor/lib/image_processor
[11.504s] writing list of installed files to '/home/jetson/ros2_ws/build/image_processor/install.log'
[12.122s] Invoked command in '/home/jetson/ros2_ws/src/image_processor' returned '0': PYTHONPATH=/home/jetson/ros2_ws/build/image_processor/prefix_override:/usr/lib/python3/dist-packages/colcon_core/task/python/colcon_distutils_commands:/home/jetson/ros2_ws/install/image_processor/lib/python3.8/site-packages:${PYTHONPATH} /usr/bin/python3 -W ignore:setup.py install is deprecated -W ignore:easy_install command is deprecated setup.py egg_info --egg-base ../../build/image_processor build --build-base /home/jetson/ros2_ws/build/image_processor/build install --record /home/jetson/ros2_ws/build/image_processor/install.log --install-scripts $base/lib/image_processor --single-version-externally-managed install_data
