[6.494s] Invoking command in '/home/jetson/ros2_ws/build/dummy_vicon_republisher': PYTHONPATH=/home/jetson/ros2_ws/build/dummy_vicon_republisher/prefix_override:/usr/lib/python3/dist-packages/colcon_core/task/python/colcon_distutils_commands:/home/jetson/ros2_ws/install/dummy_vicon_republisher/lib/python3.8/site-packages:${PYTHONPATH} /usr/bin/python3 -W ignore:setup.py install is deprecated -W ignore:easy_install command is deprecated setup.py develop --editable --build-directory /home/jetson/ros2_ws/build/dummy_vicon_republisher/build --no-deps symlink_data
[7.955s] /usr/local/lib/python3.8/dist-packages/setuptools/dist.py:717: UserWarning: Usage of dash-separated 'script-dir' will not be supported in future versions. Please use the underscore name 'script_dir' instead
[7.956s]   warnings.warn(
[8.257s] running develop
[9.237s] running egg_info
[9.239s] creating dummy_vicon_republisher.egg-info
[9.240s] writing dummy_vicon_republisher.egg-info/PKG-INFO
[9.240s] writing dependency_links to dummy_vicon_republisher.egg-info/dependency_links.txt
[9.240s] writing entry points to dummy_vicon_republisher.egg-info/entry_points.txt
[9.241s] writing requirements to dummy_vicon_republisher.egg-info/requires.txt
[9.241s] writing top-level names to dummy_vicon_republisher.egg-info/top_level.txt
[9.249s] writing manifest file 'dummy_vicon_republisher.egg-info/SOURCES.txt'
[9.258s] reading manifest file 'dummy_vicon_republisher.egg-info/SOURCES.txt'
[9.261s] writing manifest file 'dummy_vicon_republisher.egg-info/SOURCES.txt'
[9.462s] running build_ext
[9.464s] Creating /home/jetson/ros2_ws/install/dummy_vicon_republisher/lib/python3.8/site-packages/dummy-vicon-republisher.egg-link (link to .)
[9.468s] Installing dummy_vicon_republisher script to /home/jetson/ros2_ws/install/dummy_vicon_republisher/lib/dummy_vicon_republisher
[9.469s] 
[9.471s] Installed /home/jetson/ros2_ws/build/dummy_vicon_republisher
[9.472s] running symlink_data
[9.473s] creating /home/jetson/ros2_ws/install/dummy_vicon_republisher/share/ament_index
[9.474s] creating /home/jetson/ros2_ws/install/dummy_vicon_republisher/share/ament_index/resource_index
[9.474s] creating /home/jetson/ros2_ws/install/dummy_vicon_republisher/share/ament_index/resource_index/packages
[9.475s] symbolically linking /home/jetson/ros2_ws/build/dummy_vicon_republisher/resource/dummy_vicon_republisher -> /home/jetson/ros2_ws/install/dummy_vicon_republisher/share/ament_index/resource_index/packages
[9.476s] symbolically linking /home/jetson/ros2_ws/build/dummy_vicon_republisher/package.xml -> /home/jetson/ros2_ws/install/dummy_vicon_republisher/share/dummy_vicon_republisher
[9.624s] Invoked command in '/home/jetson/ros2_ws/build/dummy_vicon_republisher' returned '0': PYTHONPATH=/home/jetson/ros2_ws/build/dummy_vicon_republisher/prefix_override:/usr/lib/python3/dist-packages/colcon_core/task/python/colcon_distutils_commands:/home/jetson/ros2_ws/install/dummy_vicon_republisher/lib/python3.8/site-packages:${PYTHONPATH} /usr/bin/python3 -W ignore:setup.py install is deprecated -W ignore:easy_install command is deprecated setup.py develop --editable --build-directory /home/jetson/ros2_ws/build/dummy_vicon_republisher/build --no-deps symlink_data
