[4.604s] Invoking command in '/home/jetson/ros2_ws/src/vicon_bridge': PYTHONPATH=/home/jetson/ros2_ws/src/build/vicon_bridge/prefix_override:/usr/lib/python3/dist-packages/colcon_core/task/python/colcon_distutils_commands:/home/jetson/ros2_ws/src/install/vicon_bridge/lib/python3.8/site-packages:${PYTHONPATH} /usr/bin/python3 -W ignore:setup.py install is deprecated -W ignore:easy_install command is deprecated setup.py egg_info --egg-base ../build/vicon_bridge build --build-base /home/jetson/ros2_ws/src/build/vicon_bridge/build install --record /home/jetson/ros2_ws/src/build/vicon_bridge/install.log --install-scripts $base/lib/vicon_bridge --single-version-externally-managed install_data
[5.688s] /usr/local/lib/python3.8/dist-packages/setuptools/dist.py:717: UserWarning: Usage of dash-separated 'script-dir' will not be supported in future versions. Please use the underscore name 'script_dir' instead
[5.689s]   warnings.warn(
[5.823s] running egg_info
[5.827s] writing ../build/vicon_bridge/vicon_bridge.egg-info/PKG-INFO
[5.828s] writing dependency_links to ../build/vicon_bridge/vicon_bridge.egg-info/dependency_links.txt
[5.828s] writing entry points to ../build/vicon_bridge/vicon_bridge.egg-info/entry_points.txt
[5.829s] writing requirements to ../build/vicon_bridge/vicon_bridge.egg-info/requires.txt
[5.829s] writing top-level names to ../build/vicon_bridge/vicon_bridge.egg-info/top_level.txt
[5.839s] reading manifest file '../build/vicon_bridge/vicon_bridge.egg-info/SOURCES.txt'
[5.844s] writing manifest file '../build/vicon_bridge/vicon_bridge.egg-info/SOURCES.txt'
[5.845s] running build
[5.845s] running build_py
[5.846s] running install
[5.851s] running install_lib
[5.856s] running install_data
[5.857s] running install_egg_info
[5.863s] removing '/home/jetson/ros2_ws/src/install/vicon_bridge/lib/python3.8/site-packages/vicon_bridge-0.0.0-py3.8.egg-info' (and everything under it)
[5.867s] Copying ../build/vicon_bridge/vicon_bridge.egg-info to /home/jetson/ros2_ws/src/install/vicon_bridge/lib/python3.8/site-packages/vicon_bridge-0.0.0-py3.8.egg-info
[5.870s] running install_scripts
[5.948s] Installing vicon_bridge script to /home/jetson/ros2_ws/src/install/vicon_bridge/lib/vicon_bridge
[5.949s] writing list of installed files to '/home/jetson/ros2_ws/src/build/vicon_bridge/install.log'
[6.047s] Invoked command in '/home/jetson/ros2_ws/src/vicon_bridge' returned '0': PYTHONPATH=/home/jetson/ros2_ws/src/build/vicon_bridge/prefix_override:/usr/lib/python3/dist-packages/colcon_core/task/python/colcon_distutils_commands:/home/jetson/ros2_ws/src/install/vicon_bridge/lib/python3.8/site-packages:${PYTHONPATH} /usr/bin/python3 -W ignore:setup.py install is deprecated -W ignore:easy_install command is deprecated setup.py egg_info --egg-base ../build/vicon_bridge build --build-base /home/jetson/ros2_ws/src/build/vicon_bridge/build install --record /home/jetson/ros2_ws/src/build/vicon_bridge/install.log --install-scripts $base/lib/vicon_bridge --single-version-externally-managed install_data
