[1.072s] DEBUG:colcon:Command line arguments: ['/usr/bin/colcon', 'build', '--packages-select', 'waypoint_nav']
[1.072s] DEBUG:colcon:Parsed command line arguments: Namespace(allow_overriding=[], ament_cmake_args=None, base_paths=['.'], build_base='build', catkin_cmake_args=None, catkin_skip_building_tests=False, cmake_args=None, cmake_clean_cache=False, cmake_clean_first=False, cmake_force_configure=False, cmake_target=None, cmake_target_skip_unavailable=False, continue_on_error=False, event_handlers=None, executor='parallel', ignore_user_meta=False, install_base='install', log_base=None, log_level=None, main=<bound method BuildVerb.main of <colcon_core.verb.build.BuildVerb object at 0x7faf2a7160>>, merge_install=False, metas=['./colcon.meta'], packages_above=None, packages_above_and_dependencies=None, packages_above_depth=None, packages_end=None, packages_ignore=None, packages_ignore_regex=None, packages_select=['waypoint_nav'], packages_select_build_failed=False, packages_select_by_dep=None, packages_select_regex=None, packages_select_test_failures=False, packages_skip=None, packages_skip_build_finished=False, packages_skip_by_dep=None, packages_skip_regex=None, packages_skip_test_passed=False, packages_skip_up_to=None, packages_start=None, packages_up_to=None, packages_up_to_regex=None, parallel_workers=4, paths=None, symlink_install=False, test_result_base=None, verb_extension=<colcon_core.verb.build.BuildVerb object at 0x7faf2a7160>, verb_name='build', verb_parser=<colcon_defaults.argument_parser.defaults.DefaultArgumentsDecorator object at 0x7faf231460>)
[2.112s] Level 1:colcon.colcon_core.package_discovery:discover_packages(colcon_meta) check parameters
[2.113s] Level 1:colcon.colcon_core.package_discovery:discover_packages(recursive) check parameters
[2.113s] Level 1:colcon.colcon_core.package_discovery:discover_packages(ignore) check parameters
[2.113s] Level 1:colcon.colcon_core.package_discovery:discover_packages(path) check parameters
[2.113s] Level 1:colcon.colcon_core.package_discovery:discover_packages(colcon_meta) discover
[2.114s] Level 1:colcon.colcon_core.package_discovery:discover_packages(recursive) discover
[2.114s] INFO:colcon.colcon_core.package_discovery:Crawling recursively for packages in '/home/jetson/ros2_ws'
[2.115s] Level 1:colcon.colcon_core.package_identification:_identify(.) by extensions ['ignore', 'ignore_ament_install']
[2.115s] Level 1:colcon.colcon_core.package_identification:_identify(.) by extension 'ignore'
[2.116s] Level 1:colcon.colcon_core.package_identification:_identify(.) by extension 'ignore_ament_install'
[2.116s] Level 1:colcon.colcon_core.package_identification:_identify(.) by extensions ['colcon_pkg']
[2.116s] Level 1:colcon.colcon_core.package_identification:_identify(.) by extension 'colcon_pkg'
[2.116s] Level 1:colcon.colcon_core.package_identification:_identify(.) by extensions ['colcon_meta']
[2.117s] Level 1:colcon.colcon_core.package_identification:_identify(.) by extension 'colcon_meta'
[2.117s] Level 1:colcon.colcon_core.package_identification:_identify(.) by extensions ['ros']
[2.117s] Level 1:colcon.colcon_core.package_identification:_identify(.) by extension 'ros'
[2.213s] Level 1:colcon.colcon_core.package_identification:_identify(.) by extensions ['cmake', 'python']
[2.214s] Level 1:colcon.colcon_core.package_identification:_identify(.) by extension 'cmake'
[2.216s] Level 1:colcon.colcon_core.package_identification:_identify(.) by extension 'python'
[2.217s] Level 1:colcon.colcon_core.package_identification:_identify(.) by extensions ['python_setup_py']
[2.217s] Level 1:colcon.colcon_core.package_identification:_identify(.) by extension 'python_setup_py'
[2.219s] Level 1:colcon.colcon_core.package_identification:_identify(build) by extensions ['ignore', 'ignore_ament_install']
[2.220s] Level 1:colcon.colcon_core.package_identification:_identify(build) by extension 'ignore'
[2.221s] Level 1:colcon.colcon_core.package_identification:_identify(build) ignored
[2.222s] Level 1:colcon.colcon_core.package_identification:_identify(install) by extensions ['ignore', 'ignore_ament_install']
[2.223s] Level 1:colcon.colcon_core.package_identification:_identify(install) by extension 'ignore'
[2.224s] Level 1:colcon.colcon_core.package_identification:_identify(install) ignored
[2.226s] Level 1:colcon.colcon_core.package_identification:_identify(log) by extensions ['ignore', 'ignore_ament_install']
[2.227s] Level 1:colcon.colcon_core.package_identification:_identify(log) by extension 'ignore'
[2.228s] Level 1:colcon.colcon_core.package_identification:_identify(log) ignored
[2.229s] Level 1:colcon.colcon_core.package_identification:_identify(src) by extensions ['ignore', 'ignore_ament_install']
[2.231s] Level 1:colcon.colcon_core.package_identification:_identify(src) by extension 'ignore'
[2.232s] Level 1:colcon.colcon_core.package_identification:_identify(src) by extension 'ignore_ament_install'
[2.233s] Level 1:colcon.colcon_core.package_identification:_identify(src) by extensions ['colcon_pkg']
[2.233s] Level 1:colcon.colcon_core.package_identification:_identify(src) by extension 'colcon_pkg'
[2.234s] Level 1:colcon.colcon_core.package_identification:_identify(src) by extensions ['colcon_meta']
[2.235s] Level 1:colcon.colcon_core.package_identification:_identify(src) by extension 'colcon_meta'
[2.236s] Level 1:colcon.colcon_core.package_identification:_identify(src) by extensions ['ros']
[2.237s] Level 1:colcon.colcon_core.package_identification:_identify(src) by extension 'ros'
[2.238s] Level 1:colcon.colcon_core.package_identification:_identify(src) by extensions ['cmake', 'python']
[2.239s] Level 1:colcon.colcon_core.package_identification:_identify(src) by extension 'cmake'
[2.240s] Level 1:colcon.colcon_core.package_identification:_identify(src) by extension 'python'
[2.241s] Level 1:colcon.colcon_core.package_identification:_identify(src) by extensions ['python_setup_py']
[2.242s] Level 1:colcon.colcon_core.package_identification:_identify(src) by extension 'python_setup_py'
[2.243s] Level 1:colcon.colcon_core.package_identification:_identify(src/build) by extensions ['ignore', 'ignore_ament_install']
[2.245s] Level 1:colcon.colcon_core.package_identification:_identify(src/build) by extension 'ignore'
[2.246s] Level 1:colcon.colcon_core.package_identification:_identify(src/build) ignored
[2.247s] Level 1:colcon.colcon_core.package_identification:_identify(src/comm_node) by extensions ['ignore', 'ignore_ament_install']
[2.248s] Level 1:colcon.colcon_core.package_identification:_identify(src/comm_node) by extension 'ignore'
[2.249s] Level 1:colcon.colcon_core.package_identification:_identify(src/comm_node) by extension 'ignore_ament_install'
[2.250s] Level 1:colcon.colcon_core.package_identification:_identify(src/comm_node) by extensions ['colcon_pkg']
[2.251s] Level 1:colcon.colcon_core.package_identification:_identify(src/comm_node) by extension 'colcon_pkg'
[2.254s] Level 1:colcon.colcon_core.package_identification:_identify(src/comm_node) by extensions ['colcon_meta']
[2.255s] Level 1:colcon.colcon_core.package_identification:_identify(src/comm_node) by extension 'colcon_meta'
[2.256s] Level 1:colcon.colcon_core.package_identification:_identify(src/comm_node) by extensions ['ros']
[2.263s] Level 1:colcon.colcon_core.package_identification:_identify(src/comm_node) by extension 'ros'
[2.275s] DEBUG:colcon.colcon_core.package_identification:Package 'src/comm_node' with type 'ros.ament_python' and name 'comm_node'
[2.276s] Level 1:colcon.colcon_core.package_identification:_identify(src/dummy_vicon_republisher) by extensions ['ignore', 'ignore_ament_install']
[2.277s] Level 1:colcon.colcon_core.package_identification:_identify(src/dummy_vicon_republisher) by extension 'ignore'
[2.278s] Level 1:colcon.colcon_core.package_identification:_identify(src/dummy_vicon_republisher) by extension 'ignore_ament_install'
[2.279s] Level 1:colcon.colcon_core.package_identification:_identify(src/dummy_vicon_republisher) by extensions ['colcon_pkg']
[2.280s] Level 1:colcon.colcon_core.package_identification:_identify(src/dummy_vicon_republisher) by extension 'colcon_pkg'
[2.281s] Level 1:colcon.colcon_core.package_identification:_identify(src/dummy_vicon_republisher) by extensions ['colcon_meta']
[2.282s] Level 1:colcon.colcon_core.package_identification:_identify(src/dummy_vicon_republisher) by extension 'colcon_meta'
[2.282s] Level 1:colcon.colcon_core.package_identification:_identify(src/dummy_vicon_republisher) by extensions ['ros']
[2.283s] Level 1:colcon.colcon_core.package_identification:_identify(src/dummy_vicon_republisher) by extension 'ros'
[2.287s] DEBUG:colcon.colcon_core.package_identification:Package 'src/dummy_vicon_republisher' with type 'ros.ament_python' and name 'dummy_vicon_republisher'
[2.289s] Level 1:colcon.colcon_core.package_identification:_identify(src/dummy_waypoint_publisher) by extensions ['ignore', 'ignore_ament_install']
[2.290s] Level 1:colcon.colcon_core.package_identification:_identify(src/dummy_waypoint_publisher) by extension 'ignore'
[2.291s] Level 1:colcon.colcon_core.package_identification:_identify(src/dummy_waypoint_publisher) by extension 'ignore_ament_install'
[2.292s] Level 1:colcon.colcon_core.package_identification:_identify(src/dummy_waypoint_publisher) by extensions ['colcon_pkg']
[2.293s] Level 1:colcon.colcon_core.package_identification:_identify(src/dummy_waypoint_publisher) by extension 'colcon_pkg'
[2.294s] Level 1:colcon.colcon_core.package_identification:_identify(src/dummy_waypoint_publisher) by extensions ['colcon_meta']
[2.296s] Level 1:colcon.colcon_core.package_identification:_identify(src/dummy_waypoint_publisher) by extension 'colcon_meta'
[2.297s] Level 1:colcon.colcon_core.package_identification:_identify(src/dummy_waypoint_publisher) by extensions ['ros']
[2.298s] Level 1:colcon.colcon_core.package_identification:_identify(src/dummy_waypoint_publisher) by extension 'ros'
[2.303s] DEBUG:colcon.colcon_core.package_identification:Package 'src/dummy_waypoint_publisher' with type 'ros.ament_python' and name 'dummy_waypoint_publisher'
[2.304s] Level 1:colcon.colcon_core.package_identification:_identify(src/exer2_control) by extensions ['ignore', 'ignore_ament_install']
[2.305s] Level 1:colcon.colcon_core.package_identification:_identify(src/exer2_control) by extension 'ignore'
[2.306s] Level 1:colcon.colcon_core.package_identification:_identify(src/exer2_control) by extension 'ignore_ament_install'
[2.307s] Level 1:colcon.colcon_core.package_identification:_identify(src/exer2_control) by extensions ['colcon_pkg']
[2.308s] Level 1:colcon.colcon_core.package_identification:_identify(src/exer2_control) by extension 'colcon_pkg'
[2.309s] Level 1:colcon.colcon_core.package_identification:_identify(src/exer2_control) by extensions ['colcon_meta']
[2.309s] Level 1:colcon.colcon_core.package_identification:_identify(src/exer2_control) by extension 'colcon_meta'
[2.310s] Level 1:colcon.colcon_core.package_identification:_identify(src/exer2_control) by extensions ['ros']
[2.311s] Level 1:colcon.colcon_core.package_identification:_identify(src/exer2_control) by extension 'ros'
[2.320s] DEBUG:colcon.colcon_core.package_identification:Package 'src/exer2_control' with type 'ros.ament_python' and name 'exer2_control'
[2.326s] Level 1:colcon.colcon_core.package_identification:_identify(src/exer3_control) by extensions ['ignore', 'ignore_ament_install']
[2.327s] Level 1:colcon.colcon_core.package_identification:_identify(src/exer3_control) by extension 'ignore'
[2.328s] Level 1:colcon.colcon_core.package_identification:_identify(src/exer3_control) by extension 'ignore_ament_install'
[2.329s] Level 1:colcon.colcon_core.package_identification:_identify(src/exer3_control) by extensions ['colcon_pkg']
[2.330s] Level 1:colcon.colcon_core.package_identification:_identify(src/exer3_control) by extension 'colcon_pkg'
[2.330s] Level 1:colcon.colcon_core.package_identification:_identify(src/exer3_control) by extensions ['colcon_meta']
[2.331s] Level 1:colcon.colcon_core.package_identification:_identify(src/exer3_control) by extension 'colcon_meta'
[2.332s] Level 1:colcon.colcon_core.package_identification:_identify(src/exer3_control) by extensions ['ros']
[2.335s] Level 1:colcon.colcon_core.package_identification:_identify(src/exer3_control) by extension 'ros'
[2.340s] DEBUG:colcon.colcon_core.package_identification:Package 'src/exer3_control' with type 'ros.ament_python' and name 'exer3_control'
[2.342s] Level 1:colcon.colcon_core.package_identification:_identify(src/install) by extensions ['ignore', 'ignore_ament_install']
[2.344s] Level 1:colcon.colcon_core.package_identification:_identify(src/install) by extension 'ignore'
[2.345s] Level 1:colcon.colcon_core.package_identification:_identify(src/install) ignored
[2.345s] Level 1:colcon.colcon_core.package_identification:_identify(src/launcher) by extensions ['ignore', 'ignore_ament_install']
[2.346s] Level 1:colcon.colcon_core.package_identification:_identify(src/launcher) by extension 'ignore'
[2.347s] Level 1:colcon.colcon_core.package_identification:_identify(src/launcher) by extension 'ignore_ament_install'
[2.348s] Level 1:colcon.colcon_core.package_identification:_identify(src/launcher) by extensions ['colcon_pkg']
[2.348s] Level 1:colcon.colcon_core.package_identification:_identify(src/launcher) by extension 'colcon_pkg'
[2.349s] Level 1:colcon.colcon_core.package_identification:_identify(src/launcher) by extensions ['colcon_meta']
[2.349s] Level 1:colcon.colcon_core.package_identification:_identify(src/launcher) by extension 'colcon_meta'
[2.349s] Level 1:colcon.colcon_core.package_identification:_identify(src/launcher) by extensions ['ros']
[2.350s] Level 1:colcon.colcon_core.package_identification:_identify(src/launcher) by extension 'ros'
[2.350s] Level 1:colcon.colcon_core.package_identification:_identify(src/launcher) by extensions ['cmake', 'python']
[2.350s] Level 1:colcon.colcon_core.package_identification:_identify(src/launcher) by extension 'cmake'
[2.351s] Level 1:colcon.colcon_core.package_identification:_identify(src/launcher) by extension 'python'
[2.351s] Level 1:colcon.colcon_core.package_identification:_identify(src/launcher) by extensions ['python_setup_py']
[2.351s] Level 1:colcon.colcon_core.package_identification:_identify(src/launcher) by extension 'python_setup_py'
[2.361s] Level 1:colcon.colcon_core.package_identification:_identify(src/log) by extensions ['ignore', 'ignore_ament_install']
[2.364s] Level 1:colcon.colcon_core.package_identification:_identify(src/log) by extension 'ignore'
[2.364s] Level 1:colcon.colcon_core.package_identification:_identify(src/log) ignored
[2.365s] Level 1:colcon.colcon_core.package_identification:_identify(src/px4_autonomy_modules) by extensions ['ignore', 'ignore_ament_install']
[2.365s] Level 1:colcon.colcon_core.package_identification:_identify(src/px4_autonomy_modules) by extension 'ignore'
[2.366s] Level 1:colcon.colcon_core.package_identification:_identify(src/px4_autonomy_modules) by extension 'ignore_ament_install'
[2.366s] Level 1:colcon.colcon_core.package_identification:_identify(src/px4_autonomy_modules) by extensions ['colcon_pkg']
[2.366s] Level 1:colcon.colcon_core.package_identification:_identify(src/px4_autonomy_modules) by extension 'colcon_pkg'
[2.366s] Level 1:colcon.colcon_core.package_identification:_identify(src/px4_autonomy_modules) by extensions ['colcon_meta']
[2.367s] Level 1:colcon.colcon_core.package_identification:_identify(src/px4_autonomy_modules) by extension 'colcon_meta'
[2.367s] Level 1:colcon.colcon_core.package_identification:_identify(src/px4_autonomy_modules) by extensions ['ros']
[2.367s] Level 1:colcon.colcon_core.package_identification:_identify(src/px4_autonomy_modules) by extension 'ros'
[2.373s] DEBUG:colcon.colcon_core.package_identification:Package 'src/px4_autonomy_modules' with type 'ros.ament_cmake' and name 'px4_autonomy_modules'
[2.374s] Level 1:colcon.colcon_core.package_identification:_identify(src/realsense2mavros) by extensions ['ignore', 'ignore_ament_install']
[2.376s] Level 1:colcon.colcon_core.package_identification:_identify(src/realsense2mavros) by extension 'ignore'
[2.377s] Level 1:colcon.colcon_core.package_identification:_identify(src/realsense2mavros) by extension 'ignore_ament_install'
[2.377s] Level 1:colcon.colcon_core.package_identification:_identify(src/realsense2mavros) by extensions ['colcon_pkg']
[2.377s] Level 1:colcon.colcon_core.package_identification:_identify(src/realsense2mavros) by extension 'colcon_pkg'
[2.378s] Level 1:colcon.colcon_core.package_identification:_identify(src/realsense2mavros) by extensions ['colcon_meta']
[2.378s] Level 1:colcon.colcon_core.package_identification:_identify(src/realsense2mavros) by extension 'colcon_meta'
[2.378s] Level 1:colcon.colcon_core.package_identification:_identify(src/realsense2mavros) by extensions ['ros']
[2.379s] Level 1:colcon.colcon_core.package_identification:_identify(src/realsense2mavros) by extension 'ros'
[2.385s] DEBUG:colcon.colcon_core.package_identification:Package 'src/realsense2mavros' with type 'ros.ament_python' and name 'realsense2mavros'
[2.385s] Level 1:colcon.colcon_core.package_identification:_identify(src/task2) by extensions ['ignore', 'ignore_ament_install']
[2.386s] Level 1:colcon.colcon_core.package_identification:_identify(src/task2) by extension 'ignore'
[2.386s] Level 1:colcon.colcon_core.package_identification:_identify(src/task2) by extension 'ignore_ament_install'
[2.387s] Level 1:colcon.colcon_core.package_identification:_identify(src/task2) by extensions ['colcon_pkg']
[2.387s] Level 1:colcon.colcon_core.package_identification:_identify(src/task2) by extension 'colcon_pkg'
[2.387s] Level 1:colcon.colcon_core.package_identification:_identify(src/task2) by extensions ['colcon_meta']
[2.387s] Level 1:colcon.colcon_core.package_identification:_identify(src/task2) by extension 'colcon_meta'
[2.388s] Level 1:colcon.colcon_core.package_identification:_identify(src/task2) by extensions ['ros']
[2.388s] Level 1:colcon.colcon_core.package_identification:_identify(src/task2) by extension 'ros'
[2.388s] Level 1:colcon.colcon_core.package_identification:_identify(src/task2) by extensions ['cmake', 'python']
[2.389s] Level 1:colcon.colcon_core.package_identification:_identify(src/task2) by extension 'cmake'
[2.389s] Level 1:colcon.colcon_core.package_identification:_identify(src/task2) by extension 'python'
[2.389s] Level 1:colcon.colcon_core.package_identification:_identify(src/task2) by extensions ['python_setup_py']
[2.390s] Level 1:colcon.colcon_core.package_identification:_identify(src/task2) by extension 'python_setup_py'
[2.390s] Level 1:colcon.colcon_core.package_identification:_identify(src/unit_tester) by extensions ['ignore', 'ignore_ament_install']
[2.391s] Level 1:colcon.colcon_core.package_identification:_identify(src/unit_tester) by extension 'ignore'
[2.391s] Level 1:colcon.colcon_core.package_identification:_identify(src/unit_tester) by extension 'ignore_ament_install'
[2.391s] Level 1:colcon.colcon_core.package_identification:_identify(src/unit_tester) by extensions ['colcon_pkg']
[2.392s] Level 1:colcon.colcon_core.package_identification:_identify(src/unit_tester) by extension 'colcon_pkg'
[2.392s] Level 1:colcon.colcon_core.package_identification:_identify(src/unit_tester) by extensions ['colcon_meta']
[2.392s] Level 1:colcon.colcon_core.package_identification:_identify(src/unit_tester) by extension 'colcon_meta'
[2.393s] Level 1:colcon.colcon_core.package_identification:_identify(src/unit_tester) by extensions ['ros']
[2.393s] Level 1:colcon.colcon_core.package_identification:_identify(src/unit_tester) by extension 'ros'
[2.396s] DEBUG:colcon.colcon_core.package_identification:Package 'src/unit_tester' with type 'ros.ament_python' and name 'unit_tester'
[2.396s] Level 1:colcon.colcon_core.package_identification:_identify(src/vicon_bridge) by extensions ['ignore', 'ignore_ament_install']
[2.397s] Level 1:colcon.colcon_core.package_identification:_identify(src/vicon_bridge) by extension 'ignore'
[2.397s] Level 1:colcon.colcon_core.package_identification:_identify(src/vicon_bridge) by extension 'ignore_ament_install'
[2.397s] Level 1:colcon.colcon_core.package_identification:_identify(src/vicon_bridge) by extensions ['colcon_pkg']
[2.398s] Level 1:colcon.colcon_core.package_identification:_identify(src/vicon_bridge) by extension 'colcon_pkg'
[2.398s] Level 1:colcon.colcon_core.package_identification:_identify(src/vicon_bridge) by extensions ['colcon_meta']
[2.398s] Level 1:colcon.colcon_core.package_identification:_identify(src/vicon_bridge) by extension 'colcon_meta'
[2.399s] Level 1:colcon.colcon_core.package_identification:_identify(src/vicon_bridge) by extensions ['ros']
[2.399s] Level 1:colcon.colcon_core.package_identification:_identify(src/vicon_bridge) by extension 'ros'
[2.402s] DEBUG:colcon.colcon_core.package_identification:Package 'src/vicon_bridge' with type 'ros.ament_python' and name 'vicon_bridge'
[2.403s] Level 1:colcon.colcon_core.package_identification:_identify(src/waypoint_nav) by extensions ['ignore', 'ignore_ament_install']
[2.404s] Level 1:colcon.colcon_core.package_identification:_identify(src/waypoint_nav) by extension 'ignore'
[2.404s] Level 1:colcon.colcon_core.package_identification:_identify(src/waypoint_nav) by extension 'ignore_ament_install'
[2.405s] Level 1:colcon.colcon_core.package_identification:_identify(src/waypoint_nav) by extensions ['colcon_pkg']
[2.405s] Level 1:colcon.colcon_core.package_identification:_identify(src/waypoint_nav) by extension 'colcon_pkg'
[2.405s] Level 1:colcon.colcon_core.package_identification:_identify(src/waypoint_nav) by extensions ['colcon_meta']
[2.405s] Level 1:colcon.colcon_core.package_identification:_identify(src/waypoint_nav) by extension 'colcon_meta'
[2.406s] Level 1:colcon.colcon_core.package_identification:_identify(src/waypoint_nav) by extensions ['ros']
[2.406s] Level 1:colcon.colcon_core.package_identification:_identify(src/waypoint_nav) by extension 'ros'
[2.410s] DEBUG:colcon.colcon_core.package_identification:Package 'src/waypoint_nav' with type 'ros.ament_python' and name 'waypoint_nav'
[2.410s] Level 1:colcon.colcon_core.package_discovery:discover_packages(recursive) using defaults
[2.411s] Level 1:colcon.colcon_core.package_discovery:discover_packages(ignore) discover
[2.411s] Level 1:colcon.colcon_core.package_discovery:discover_packages(ignore) using defaults
[2.412s] Level 1:colcon.colcon_core.package_discovery:discover_packages(path) discover
[2.412s] Level 1:colcon.colcon_core.package_discovery:discover_packages(path) using defaults
[2.519s] INFO:colcon.colcon_core.package_selection:Skipping not selected package 'comm_node' in 'src/comm_node'
[2.520s] INFO:colcon.colcon_core.package_selection:Skipping not selected package 'dummy_vicon_republisher' in 'src/dummy_vicon_republisher'
[2.520s] INFO:colcon.colcon_core.package_selection:Skipping not selected package 'dummy_waypoint_publisher' in 'src/dummy_waypoint_publisher'
[2.520s] INFO:colcon.colcon_core.package_selection:Skipping not selected package 'exer2_control' in 'src/exer2_control'
[2.520s] INFO:colcon.colcon_core.package_selection:Skipping not selected package 'exer3_control' in 'src/exer3_control'
[2.520s] INFO:colcon.colcon_core.package_selection:Skipping not selected package 'px4_autonomy_modules' in 'src/px4_autonomy_modules'
[2.521s] INFO:colcon.colcon_core.package_selection:Skipping not selected package 'realsense2mavros' in 'src/realsense2mavros'
[2.521s] INFO:colcon.colcon_core.package_selection:Skipping not selected package 'unit_tester' in 'src/unit_tester'
[2.521s] INFO:colcon.colcon_core.package_selection:Skipping not selected package 'vicon_bridge' in 'src/vicon_bridge'
[2.523s] Level 1:colcon.colcon_core.package_discovery:discover_packages(prefix_path) check parameters
[2.523s] Level 1:colcon.colcon_core.package_discovery:discover_packages(prefix_path) discover
[2.534s] DEBUG:colcon.colcon_installed_package_information.package_discovery:Found 10 installed packages in /home/jetson/ros2_ws/install
[2.542s] DEBUG:colcon.colcon_installed_package_information.package_discovery:Found 267 installed packages in /opt/ros/foxy
[2.557s] Level 1:colcon.colcon_core.package_discovery:discover_packages(prefix_path) using defaults
[2.943s] Level 5:colcon.colcon_core.verb:set package 'waypoint_nav' build argument 'cmake_args' from command line to 'None'
[2.943s] Level 5:colcon.colcon_core.verb:set package 'waypoint_nav' build argument 'cmake_target' from command line to 'None'
[2.943s] Level 5:colcon.colcon_core.verb:set package 'waypoint_nav' build argument 'cmake_target_skip_unavailable' from command line to 'False'
[2.943s] Level 5:colcon.colcon_core.verb:set package 'waypoint_nav' build argument 'cmake_clean_cache' from command line to 'False'
[2.944s] Level 5:colcon.colcon_core.verb:set package 'waypoint_nav' build argument 'cmake_clean_first' from command line to 'False'
[2.944s] Level 5:colcon.colcon_core.verb:set package 'waypoint_nav' build argument 'cmake_force_configure' from command line to 'False'
[2.944s] Level 5:colcon.colcon_core.verb:set package 'waypoint_nav' build argument 'ament_cmake_args' from command line to 'None'
[2.944s] Level 5:colcon.colcon_core.verb:set package 'waypoint_nav' build argument 'catkin_cmake_args' from command line to 'None'
[2.944s] Level 5:colcon.colcon_core.verb:set package 'waypoint_nav' build argument 'catkin_skip_building_tests' from command line to 'False'
[2.944s] DEBUG:colcon.colcon_core.verb:Building package 'waypoint_nav' with the following arguments: {'ament_cmake_args': None, 'build_base': '/home/jetson/ros2_ws/build/waypoint_nav', 'catkin_cmake_args': None, 'catkin_skip_building_tests': False, 'cmake_args': None, 'cmake_clean_cache': False, 'cmake_clean_first': False, 'cmake_force_configure': False, 'cmake_target': None, 'cmake_target_skip_unavailable': False, 'install_base': '/home/jetson/ros2_ws/install/waypoint_nav', 'merge_install': False, 'path': '/home/jetson/ros2_ws/src/waypoint_nav', 'symlink_install': False, 'test_result_base': None}
[2.945s] INFO:colcon.colcon_core.executor:Executing jobs using 'parallel' executor
[2.950s] DEBUG:colcon.colcon_parallel_executor.executor.parallel:run_until_complete
[2.951s] INFO:colcon.colcon_ros.task.ament_python.build:Building ROS package in '/home/jetson/ros2_ws/src/waypoint_nav' with build type 'ament_python'
[2.951s] Level 1:colcon.colcon_core.shell:create_environment_hook('waypoint_nav', 'ament_prefix_path')
[2.963s] INFO:colcon.colcon_core.plugin_system:Skipping extension 'colcon_core.shell.bat': Not used on non-Windows systems
[2.966s] INFO:colcon.colcon_core.shell:Creating environment hook '/home/jetson/ros2_ws/install/waypoint_nav/share/waypoint_nav/hook/ament_prefix_path.ps1'
[2.970s] INFO:colcon.colcon_core.shell:Creating environment descriptor '/home/jetson/ros2_ws/install/waypoint_nav/share/waypoint_nav/hook/ament_prefix_path.dsv'
[2.974s] INFO:colcon.colcon_core.shell:Creating environment hook '/home/jetson/ros2_ws/install/waypoint_nav/share/waypoint_nav/hook/ament_prefix_path.sh'
[2.978s] INFO:colcon.colcon_core.shell:Skip shell extension 'powershell' for command environment: Not usable outside of PowerShell
[2.979s] DEBUG:colcon.colcon_core.shell:Skip shell extension 'dsv' for command environment
[4.498s] INFO:colcon.colcon_core.task.python.build:Building Python package in '/home/jetson/ros2_ws/src/waypoint_nav'
[4.500s] INFO:colcon.colcon_core.shell:Skip shell extension 'powershell' for command environment: Not usable outside of PowerShell
[4.501s] DEBUG:colcon.colcon_core.shell:Skip shell extension 'dsv' for command environment
[6.565s] DEBUG:colcon.colcon_core.event_handler.log_command:Invoking command in '/home/jetson/ros2_ws/src/waypoint_nav': PYTHONPATH=/home/jetson/ros2_ws/build/waypoint_nav/prefix_override:/usr/lib/python3/dist-packages/colcon_core/task/python/colcon_distutils_commands:/home/jetson/ros2_ws/install/waypoint_nav/lib/python3.8/site-packages:${PYTHONPATH} /usr/bin/python3 -W ignore:setup.py install is deprecated -W ignore:easy_install command is deprecated setup.py egg_info --egg-base ../../build/waypoint_nav build --build-base /home/jetson/ros2_ws/build/waypoint_nav/build install --record /home/jetson/ros2_ws/build/waypoint_nav/install.log --install-scripts $base/lib/waypoint_nav --single-version-externally-managed install_data
[8.213s] DEBUG:colcon.colcon_core.event_handler.log_command:Invoked command in '/home/jetson/ros2_ws/src/waypoint_nav' returned '0': PYTHONPATH=/home/jetson/ros2_ws/build/waypoint_nav/prefix_override:/usr/lib/python3/dist-packages/colcon_core/task/python/colcon_distutils_commands:/home/jetson/ros2_ws/install/waypoint_nav/lib/python3.8/site-packages:${PYTHONPATH} /usr/bin/python3 -W ignore:setup.py install is deprecated -W ignore:easy_install command is deprecated setup.py egg_info --egg-base ../../build/waypoint_nav build --build-base /home/jetson/ros2_ws/build/waypoint_nav/build install --record /home/jetson/ros2_ws/build/waypoint_nav/install.log --install-scripts $base/lib/waypoint_nav --single-version-externally-managed install_data
[8.230s] Level 1:colcon.colcon_core.environment:checking '/home/jetson/ros2_ws/install/waypoint_nav' for CMake module files
[8.232s] Level 1:colcon.colcon_core.environment:checking '/home/jetson/ros2_ws/install/waypoint_nav' for CMake config files
[8.236s] Level 1:colcon.colcon_core.environment:checking '/home/jetson/ros2_ws/install/waypoint_nav/lib'
[8.237s] Level 1:colcon.colcon_core.environment:checking '/home/jetson/ros2_ws/install/waypoint_nav/bin'
[8.237s] Level 1:colcon.colcon_core.environment:checking '/home/jetson/ros2_ws/install/waypoint_nav/lib/pkgconfig/waypoint_nav.pc'
[8.238s] Level 1:colcon.colcon_core.environment:checking '/home/jetson/ros2_ws/install/waypoint_nav/lib/python3.8/site-packages'
[8.238s] Level 1:colcon.colcon_core.shell:create_environment_hook('waypoint_nav', 'pythonpath')
[8.239s] INFO:colcon.colcon_core.shell:Creating environment hook '/home/jetson/ros2_ws/install/waypoint_nav/share/waypoint_nav/hook/pythonpath.ps1'
[8.242s] INFO:colcon.colcon_core.shell:Creating environment descriptor '/home/jetson/ros2_ws/install/waypoint_nav/share/waypoint_nav/hook/pythonpath.dsv'
[8.244s] INFO:colcon.colcon_core.shell:Creating environment hook '/home/jetson/ros2_ws/install/waypoint_nav/share/waypoint_nav/hook/pythonpath.sh'
[8.246s] Level 1:colcon.colcon_core.environment:checking '/home/jetson/ros2_ws/install/waypoint_nav/bin'
[8.247s] Level 1:colcon.colcon_core.environment:create_environment_scripts_only(waypoint_nav)
[8.249s] INFO:colcon.colcon_core.shell:Creating package script '/home/jetson/ros2_ws/install/waypoint_nav/share/waypoint_nav/package.ps1'
[8.254s] INFO:colcon.colcon_core.shell:Creating package descriptor '/home/jetson/ros2_ws/install/waypoint_nav/share/waypoint_nav/package.dsv'
[8.258s] INFO:colcon.colcon_core.shell:Creating package script '/home/jetson/ros2_ws/install/waypoint_nav/share/waypoint_nav/package.sh'
[8.262s] INFO:colcon.colcon_core.shell:Creating package script '/home/jetson/ros2_ws/install/waypoint_nav/share/waypoint_nav/package.bash'
[8.267s] INFO:colcon.colcon_core.shell:Creating package script '/home/jetson/ros2_ws/install/waypoint_nav/share/waypoint_nav/package.zsh'
[8.272s] Level 1:colcon.colcon_core.environment:create_file_with_runtime_dependencies(/home/jetson/ros2_ws/install/waypoint_nav/share/colcon-core/packages/waypoint_nav)
[8.273s] DEBUG:colcon.colcon_parallel_executor.executor.parallel:closing loop
[8.275s] DEBUG:colcon.colcon_parallel_executor.executor.parallel:loop closed
[8.275s] DEBUG:colcon.colcon_parallel_executor.executor.parallel:run_until_complete finished with '0'
[8.276s] DEBUG:colcon.colcon_core.event_reactor:joining thread
[8.305s] INFO:colcon.colcon_core.plugin_system:Skipping extension 'colcon_notification.desktop_notification.terminal_notifier': Not used on non-Darwin systems
[8.305s] INFO:colcon.colcon_core.plugin_system:Skipping extension 'colcon_notification.desktop_notification.win32': Not used on non-Windows systems
[8.306s] INFO:colcon.colcon_notification.desktop_notification:Sending desktop notification using 'notify2'
[8.407s] DEBUG:colcon.colcon_core.event_reactor:joined thread
[8.409s] INFO:colcon.colcon_core.shell:Creating prefix script '/home/jetson/ros2_ws/install/local_setup.ps1'
[8.413s] INFO:colcon.colcon_core.shell:Creating prefix util module '/home/jetson/ros2_ws/install/_local_setup_util_ps1.py'
[8.419s] INFO:colcon.colcon_core.shell:Creating prefix chain script '/home/jetson/ros2_ws/install/setup.ps1'
[8.426s] INFO:colcon.colcon_core.shell:Creating prefix script '/home/jetson/ros2_ws/install/local_setup.sh'
[8.429s] INFO:colcon.colcon_core.shell:Creating prefix util module '/home/jetson/ros2_ws/install/_local_setup_util_sh.py'
[8.432s] INFO:colcon.colcon_core.shell:Creating prefix chain script '/home/jetson/ros2_ws/install/setup.sh'
[8.439s] INFO:colcon.colcon_core.shell:Creating prefix script '/home/jetson/ros2_ws/install/local_setup.bash'
[8.442s] INFO:colcon.colcon_core.shell:Creating prefix chain script '/home/jetson/ros2_ws/install/setup.bash'
[8.448s] INFO:colcon.colcon_core.shell:Creating prefix script '/home/jetson/ros2_ws/install/local_setup.zsh'
[8.451s] INFO:colcon.colcon_core.shell:Creating prefix chain script '/home/jetson/ros2_ws/install/setup.zsh'
