[10.124s] Invoking command in '/home/jetson/ros2_ws/build/exer3_control': PYTHONPATH=/home/jetson/ros2_ws/build/exer3_control/prefix_override:/usr/lib/python3/dist-packages/colcon_core/task/python/colcon_distutils_commands:/home/jetson/ros2_ws/install/exer3_control/lib/python3.8/site-packages:${PYTHONPATH} /usr/bin/python3 -W ignore:setup.py install is deprecated -W ignore:easy_install command is deprecated setup.py develop --editable --build-directory /home/jetson/ros2_ws/build/exer3_control/build --no-deps symlink_data
[12.176s] /usr/local/lib/python3.8/dist-packages/setuptools/dist.py:717: UserWarning: Usage of dash-separated 'script-dir' will not be supported in future versions. Please use the underscore name 'script_dir' instead
[12.176s]   warnings.warn(
[12.434s] running develop
[13.458s] running egg_info
[13.459s] writing exer3_control.egg-info/PKG-INFO
[13.460s] writing dependency_links to exer3_control.egg-info/dependency_links.txt
[13.460s] writing entry points to exer3_control.egg-info/entry_points.txt
[13.461s] writing requirements to exer3_control.egg-info/requires.txt
[13.462s] writing top-level names to exer3_control.egg-info/top_level.txt
[13.482s] reading manifest file 'exer3_control.egg-info/SOURCES.txt'
[13.488s] writing manifest file 'exer3_control.egg-info/SOURCES.txt'
[13.707s] running build_ext
[13.709s] Creating /home/jetson/ros2_ws/install/exer3_control/lib/python3.8/site-packages/exer3-control.egg-link (link to .)
[13.711s] Installing flight_controller script to /home/jetson/ros2_ws/install/exer3_control/lib/exer3_control
[13.712s] Installing grabber script to /home/jetson/ros2_ws/install/exer3_control/lib/exer3_control
[13.713s] Installing obs_grabber script to /home/jetson/ros2_ws/install/exer3_control/lib/exer3_control
[13.713s] Installing plotter script to /home/jetson/ros2_ws/install/exer3_control/lib/exer3_control
[13.714s] 
[13.715s] Installed /home/jetson/ros2_ws/build/exer3_control
[13.715s] running symlink_data
[16.328s] Invoked command in '/home/jetson/ros2_ws/build/exer3_control' returned '0': PYTHONPATH=/home/jetson/ros2_ws/build/exer3_control/prefix_override:/usr/lib/python3/dist-packages/colcon_core/task/python/colcon_distutils_commands:/home/jetson/ros2_ws/install/exer3_control/lib/python3.8/site-packages:${PYTHONPATH} /usr/bin/python3 -W ignore:setup.py install is deprecated -W ignore:easy_install command is deprecated setup.py develop --editable --build-directory /home/jetson/ros2_ws/build/exer3_control/build --no-deps symlink_data
