[1.609s] Invoking command in '/home/jetson/ros2_ws/build/px4_autonomy_modules': CMAKE_PREFIX_PATH=${CMAKE_PREFIX_PATH}:/home/jetson/ros2_ws/install/waypoint_nav:/home/jetson/ros2_ws/install/vicon_obstacle_republisher:/home/jetson/ros2_ws/install/vicon_bridge:/home/jetson/ros2_ws/install/unit_tester:/home/jetson/ros2_ws/install/realsense2mavros:/home/jetson/ros2_ws/install/image_saver:/home/jetson/ros2_ws/install/image_processor:/home/jetson/ros2_ws/install/exer3_control:/home/jetson/ros2_ws/install/exer2_control:/home/jetson/ros2_ws/install/dummy_waypoint_publisher:/home/jetson/ros2_ws/install/dummy_vicon_republisher:/home/jetson/ros2_ws/install/crack_controller:/home/jetson/ros2_ws/install/crack_comm:/home/jetson/ros2_ws/install/comm_node:/home/jetson/ros2_ws/install/api_waypoint:/opt/ros/foxy /usr/bin/cmake /home/jetson/ros2_ws/src/px4_autonomy_modules -DAMENT_CMAKE_SYMLINK_INSTALL=1 -DCMAKE_INSTALL_PREFIX=/home/jetson/ros2_ws/install/px4_autonomy_modules
[1.950s] -- The C compiler identification is GNU 8.4.0
[2.274s] -- The CXX compiler identification is GNU 8.4.0
[2.298s] -- Check for working C compiler: /usr/bin/cc
[2.560s] -- Check for working C compiler: /usr/bin/cc -- works
[2.563s] -- Detecting C compiler ABI info
[2.827s] -- Detecting C compiler ABI info - done
[2.879s] -- Detecting C compile features
[2.880s] -- Detecting C compile features - done
[2.890s] -- Check for working CXX compiler: /usr/bin/c++
[3.191s] -- Check for working CXX compiler: /usr/bin/c++ -- works
[3.200s] -- Detecting CXX compiler ABI info
[3.525s] -- Detecting CXX compiler ABI info - done
[3.602s] -- Detecting CXX compile features
[3.605s] -- Detecting CXX compile features - done
[3.631s] -- Found ament_cmake: 0.9.12 (/opt/ros/foxy/share/ament_cmake/cmake)
[3.826s] -- Found PythonInterp: /usr/bin/python3 (found suitable version "3.8.10", minimum required is "3") 
[3.829s] -- Using PYTHON_EXECUTABLE: /usr/bin/python3
[5.133s] -- Override CMake install command with custom implementation using symlinks instead of copying resources
[5.369s] -- Found rclcpp: 2.4.3 (/opt/ros/foxy/share/rclcpp/cmake)
[5.703s] -- Using all available rosidl_typesupport_c: rosidl_typesupport_fastrtps_c;rosidl_typesupport_introspection_c
[5.795s] -- Found rosidl_adapter: 1.3.1 (/opt/ros/foxy/share/rosidl_adapter/cmake)
[6.257s] -- Found OpenSSL: /usr/lib/aarch64-linux-gnu/libcrypto.so (found version "1.1.1f")  
[6.419s] -- Found FastRTPS: /opt/ros/foxy/include  
[6.889s] -- Using all available rosidl_typesupport_cpp: rosidl_typesupport_fastrtps_cpp;rosidl_typesupport_introspection_cpp
[7.279s] -- Found rmw_implementation_cmake: 1.0.4 (/opt/ros/foxy/share/rmw_implementation_cmake/cmake)
[7.281s] -- Using RMW implementation 'rmw_fastrtps_cpp' as default
[7.285s] -- Looking for pthread.h
[7.630s] -- Looking for pthread.h - found
[7.630s] -- Performing Test CMAKE_HAVE_LIBC_PTHREAD
[7.904s] -- Performing Test CMAKE_HAVE_LIBC_PTHREAD - Failed
[7.905s] -- Looking for pthread_create in pthreads
[8.137s] -- Looking for pthread_create in pthreads - not found
[8.138s] -- Looking for pthread_create in pthread
[8.417s] -- Looking for pthread_create in pthread - found
[8.421s] -- Found Threads: TRUE  
[9.294s] -- Found rclpy: 1.0.13 (/opt/ros/foxy/share/rclpy/cmake)
[9.308s] -- Found nav_msgs: 2.0.5 (/opt/ros/foxy/share/nav_msgs/cmake)
[9.903s] -- Found sensor_msgs: 2.0.5 (/opt/ros/foxy/share/sensor_msgs/cmake)
[10.259s] -- Found mavros: 2.4.0 (/opt/ros/foxy/share/mavros/cmake)
[10.318s] -- Found mavros_extras: 2.4.0 (/opt/ros/foxy/share/mavros_extras/cmake)
[10.344s] -- Found ament_lint_auto: 0.9.8 (/opt/ros/foxy/share/ament_lint_auto/cmake)
[10.843s] -- Added test 'flake8' to check Python code syntax and style conventions
[10.847s] -- Added test 'lint_cmake' to check CMake code style
[10.851s] -- Added test 'pep257' to check Python code against some of the style conventions in PEP 257
[10.856s] -- Added test 'xmllint' to check XML markup files
[10.876s] -- Configuring done
[10.886s] -- Generating done
[10.898s] -- Build files have been written to: /home/jetson/ros2_ws/build/px4_autonomy_modules
[12.465s] Invoked command in '/home/jetson/ros2_ws/build/px4_autonomy_modules' returned '0': CMAKE_PREFIX_PATH=${CMAKE_PREFIX_PATH}:/home/jetson/ros2_ws/install/waypoint_nav:/home/jetson/ros2_ws/install/vicon_obstacle_republisher:/home/jetson/ros2_ws/install/vicon_bridge:/home/jetson/ros2_ws/install/unit_tester:/home/jetson/ros2_ws/install/realsense2mavros:/home/jetson/ros2_ws/install/image_saver:/home/jetson/ros2_ws/install/image_processor:/home/jetson/ros2_ws/install/exer3_control:/home/jetson/ros2_ws/install/exer2_control:/home/jetson/ros2_ws/install/dummy_waypoint_publisher:/home/jetson/ros2_ws/install/dummy_vicon_republisher:/home/jetson/ros2_ws/install/crack_controller:/home/jetson/ros2_ws/install/crack_comm:/home/jetson/ros2_ws/install/comm_node:/home/jetson/ros2_ws/install/api_waypoint:/opt/ros/foxy /usr/bin/cmake /home/jetson/ros2_ws/src/px4_autonomy_modules -DAMENT_CMAKE_SYMLINK_INSTALL=1 -DCMAKE_INSTALL_PREFIX=/home/jetson/ros2_ws/install/px4_autonomy_modules
[12.479s] Invoking command in '/home/jetson/ros2_ws/build/px4_autonomy_modules': CMAKE_PREFIX_PATH=${CMAKE_PREFIX_PATH}:/home/jetson/ros2_ws/install/waypoint_nav:/home/jetson/ros2_ws/install/vicon_obstacle_republisher:/home/jetson/ros2_ws/install/vicon_bridge:/home/jetson/ros2_ws/install/unit_tester:/home/jetson/ros2_ws/install/realsense2mavros:/home/jetson/ros2_ws/install/image_saver:/home/jetson/ros2_ws/install/image_processor:/home/jetson/ros2_ws/install/exer3_control:/home/jetson/ros2_ws/install/exer2_control:/home/jetson/ros2_ws/install/dummy_waypoint_publisher:/home/jetson/ros2_ws/install/dummy_vicon_republisher:/home/jetson/ros2_ws/install/crack_controller:/home/jetson/ros2_ws/install/crack_comm:/home/jetson/ros2_ws/install/comm_node:/home/jetson/ros2_ws/install/api_waypoint:/opt/ros/foxy /usr/bin/cmake --build /home/jetson/ros2_ws/build/px4_autonomy_modules -- -j4 -l4
[12.880s] Invoked command in '/home/jetson/ros2_ws/build/px4_autonomy_modules' returned '0': CMAKE_PREFIX_PATH=${CMAKE_PREFIX_PATH}:/home/jetson/ros2_ws/install/waypoint_nav:/home/jetson/ros2_ws/install/vicon_obstacle_republisher:/home/jetson/ros2_ws/install/vicon_bridge:/home/jetson/ros2_ws/install/unit_tester:/home/jetson/ros2_ws/install/realsense2mavros:/home/jetson/ros2_ws/install/image_saver:/home/jetson/ros2_ws/install/image_processor:/home/jetson/ros2_ws/install/exer3_control:/home/jetson/ros2_ws/install/exer2_control:/home/jetson/ros2_ws/install/dummy_waypoint_publisher:/home/jetson/ros2_ws/install/dummy_vicon_republisher:/home/jetson/ros2_ws/install/crack_controller:/home/jetson/ros2_ws/install/crack_comm:/home/jetson/ros2_ws/install/comm_node:/home/jetson/ros2_ws/install/api_waypoint:/opt/ros/foxy /usr/bin/cmake --build /home/jetson/ros2_ws/build/px4_autonomy_modules -- -j4 -l4
[13.021s] Invoking command in '/home/jetson/ros2_ws/build/px4_autonomy_modules': CMAKE_PREFIX_PATH=${CMAKE_PREFIX_PATH}:/home/jetson/ros2_ws/install/waypoint_nav:/home/jetson/ros2_ws/install/vicon_obstacle_republisher:/home/jetson/ros2_ws/install/vicon_bridge:/home/jetson/ros2_ws/install/unit_tester:/home/jetson/ros2_ws/install/realsense2mavros:/home/jetson/ros2_ws/install/image_saver:/home/jetson/ros2_ws/install/image_processor:/home/jetson/ros2_ws/install/exer3_control:/home/jetson/ros2_ws/install/exer2_control:/home/jetson/ros2_ws/install/dummy_waypoint_publisher:/home/jetson/ros2_ws/install/dummy_vicon_republisher:/home/jetson/ros2_ws/install/crack_controller:/home/jetson/ros2_ws/install/crack_comm:/home/jetson/ros2_ws/install/comm_node:/home/jetson/ros2_ws/install/api_waypoint:/opt/ros/foxy /usr/bin/cmake --install /home/jetson/ros2_ws/build/px4_autonomy_modules
[13.150s] -- Install configuration: ""
[13.156s] -- Execute custom install script
[13.162s] -- Symlinking: /home/jetson/ros2_ws/install/px4_autonomy_modules/share/px4_autonomy_modules/launch/mavros.launch.py
[13.257s] -- Symlinking: /home/jetson/ros2_ws/install/px4_autonomy_modules/share/px4_autonomy_modules/launch/px4_config.yaml
[13.341s] -- Symlinking: /home/jetson/ros2_ws/install/px4_autonomy_modules/share/px4_autonomy_modules/launch/px4_pluginlists.yaml
[13.433s] -- Symlinking: /home/jetson/ros2_ws/install/px4_autonomy_modules/share/ament_index/resource_index/package_run_dependencies/px4_autonomy_modules
[13.499s] -- Symlinking: /home/jetson/ros2_ws/install/px4_autonomy_modules/share/ament_index/resource_index/parent_prefix_path/px4_autonomy_modules
[13.558s] -- Symlinking: /home/jetson/ros2_ws/install/px4_autonomy_modules/share/px4_autonomy_modules/environment/ament_prefix_path.sh
[13.608s] -- Symlinking: /home/jetson/ros2_ws/install/px4_autonomy_modules/share/px4_autonomy_modules/environment/ament_prefix_path.dsv
[13.659s] -- Symlinking: /home/jetson/ros2_ws/install/px4_autonomy_modules/share/px4_autonomy_modules/environment/path.sh
[13.708s] -- Symlinking: /home/jetson/ros2_ws/install/px4_autonomy_modules/share/px4_autonomy_modules/environment/path.dsv
[13.789s] -- Symlinking: /home/jetson/ros2_ws/install/px4_autonomy_modules/share/px4_autonomy_modules/local_setup.bash
[13.852s] -- Symlinking: /home/jetson/ros2_ws/install/px4_autonomy_modules/share/px4_autonomy_modules/local_setup.sh
[13.964s] -- Symlinking: /home/jetson/ros2_ws/install/px4_autonomy_modules/share/px4_autonomy_modules/local_setup.zsh
[14.037s] -- Symlinking: /home/jetson/ros2_ws/install/px4_autonomy_modules/share/px4_autonomy_modules/local_setup.dsv
[14.177s] -- Symlinking: /home/jetson/ros2_ws/install/px4_autonomy_modules/share/px4_autonomy_modules/package.dsv
[14.223s] -- Symlinking: /home/jetson/ros2_ws/install/px4_autonomy_modules/share/ament_index/resource_index/packages/px4_autonomy_modules
[14.270s] -- Symlinking: /home/jetson/ros2_ws/install/px4_autonomy_modules/share/px4_autonomy_modules/cmake/px4_autonomy_modulesConfig.cmake
[14.311s] -- Symlinking: /home/jetson/ros2_ws/install/px4_autonomy_modules/share/px4_autonomy_modules/cmake/px4_autonomy_modulesConfig-version.cmake
[14.352s] -- Symlinking: /home/jetson/ros2_ws/install/px4_autonomy_modules/share/px4_autonomy_modules/package.xml
[14.406s] Invoked command in '/home/jetson/ros2_ws/build/px4_autonomy_modules' returned '0': CMAKE_PREFIX_PATH=${CMAKE_PREFIX_PATH}:/home/jetson/ros2_ws/install/waypoint_nav:/home/jetson/ros2_ws/install/vicon_obstacle_republisher:/home/jetson/ros2_ws/install/vicon_bridge:/home/jetson/ros2_ws/install/unit_tester:/home/jetson/ros2_ws/install/realsense2mavros:/home/jetson/ros2_ws/install/image_saver:/home/jetson/ros2_ws/install/image_processor:/home/jetson/ros2_ws/install/exer3_control:/home/jetson/ros2_ws/install/exer2_control:/home/jetson/ros2_ws/install/dummy_waypoint_publisher:/home/jetson/ros2_ws/install/dummy_vicon_republisher:/home/jetson/ros2_ws/install/crack_controller:/home/jetson/ros2_ws/install/crack_comm:/home/jetson/ros2_ws/install/comm_node:/home/jetson/ros2_ws/install/api_waypoint:/opt/ros/foxy /usr/bin/cmake --install /home/jetson/ros2_ws/build/px4_autonomy_modules
