[15.627s] Invoking command in '/home/jetson/ros2_ws/src/exer3_control': PYTHONPATH=/home/jetson/ros2_ws/src/build/exer3_control/prefix_override:/usr/lib/python3/dist-packages/colcon_core/task/python/colcon_distutils_commands:/home/jetson/ros2_ws/src/install/exer3_control/lib/python3.8/site-packages:${PYTHONPATH} /usr/bin/python3 -W ignore:setup.py install is deprecated -W ignore:easy_install command is deprecated setup.py egg_info --egg-base ../build/exer3_control build --build-base /home/jetson/ros2_ws/src/build/exer3_control/build install --record /home/jetson/ros2_ws/src/build/exer3_control/install.log --install-scripts $base/lib/exer3_control --single-version-externally-managed install_data
[19.180s] /usr/local/lib/python3.8/dist-packages/setuptools/dist.py:717: UserWarning: Usage of dash-separated 'script-dir' will not be supported in future versions. Please use the underscore name 'script_dir' instead
[19.181s]   warnings.warn(
[19.619s] running egg_info
[19.624s] writing ../build/exer3_control/exer3_control.egg-info/PKG-INFO
[19.626s] writing dependency_links to ../build/exer3_control/exer3_control.egg-info/dependency_links.txt
[19.629s] writing entry points to ../build/exer3_control/exer3_control.egg-info/entry_points.txt
[19.632s] writing requirements to ../build/exer3_control/exer3_control.egg-info/requires.txt
[19.637s] writing top-level names to ../build/exer3_control/exer3_control.egg-info/top_level.txt
[19.661s] reading manifest file '../build/exer3_control/exer3_control.egg-info/SOURCES.txt'
[19.672s] writing manifest file '../build/exer3_control/exer3_control.egg-info/SOURCES.txt'
[19.680s] running build
[19.682s] running build_py
[19.708s] running install
[19.710s] running install_lib
[19.729s] running install_data
[19.729s] running install_egg_info
[19.740s] removing '/home/jetson/ros2_ws/src/install/exer3_control/lib/python3.8/site-packages/exer3_control-0.0.0-py3.8.egg-info' (and everything under it)
[19.753s] Copying ../build/exer3_control/exer3_control.egg-info to /home/jetson/ros2_ws/src/install/exer3_control/lib/python3.8/site-packages/exer3_control-0.0.0-py3.8.egg-info
[19.764s] running install_scripts
[19.996s] Installing flight_controller script to /home/jetson/ros2_ws/src/install/exer3_control/lib/exer3_control
[19.998s] Installing grabber script to /home/jetson/ros2_ws/src/install/exer3_control/lib/exer3_control
[20.000s] Installing plotter script to /home/jetson/ros2_ws/src/install/exer3_control/lib/exer3_control
[20.003s] writing list of installed files to '/home/jetson/ros2_ws/src/build/exer3_control/install.log'
[22.947s] Invoked command in '/home/jetson/ros2_ws/src/exer3_control' returned '0': PYTHONPATH=/home/jetson/ros2_ws/src/build/exer3_control/prefix_override:/usr/lib/python3/dist-packages/colcon_core/task/python/colcon_distutils_commands:/home/jetson/ros2_ws/src/install/exer3_control/lib/python3.8/site-packages:${PYTHONPATH} /usr/bin/python3 -W ignore:setup.py install is deprecated -W ignore:easy_install command is deprecated setup.py egg_info --egg-base ../build/exer3_control build --build-base /home/jetson/ros2_ws/src/build/exer3_control/build install --record /home/jetson/ros2_ws/src/build/exer3_control/install.log --install-scripts $base/lib/exer3_control --single-version-externally-managed install_data
