[11.357s] Invoking command in '/home/jetson/ros2_ws/build/dummy_vicon_republisher': PYTHONPATH=/home/jetson/ros2_ws/build/dummy_vicon_republisher/prefix_override:/usr/lib/python3/dist-packages/colcon_core/task/python/colcon_distutils_commands:/home/jetson/ros2_ws/install/dummy_vicon_republisher/lib/python3.8/site-packages:${PYTHONPATH} /usr/bin/python3 -W ignore:setup.py install is deprecated -W ignore:easy_install command is deprecated setup.py develop --uninstall --editable --build-directory /home/jetson/ros2_ws/build/dummy_vicon_republisher/build
[12.908s] /usr/local/lib/python3.8/dist-packages/setuptools/dist.py:717: UserWarning: Usage of dash-separated 'script-dir' will not be supported in future versions. Please use the underscore name 'script_dir' instead
[12.909s]   warnings.warn(
[13.170s] running develop
[14.199s] Removing /home/jetson/ros2_ws/install/dummy_vicon_republisher/lib/python3.8/site-packages/dummy-vicon-republisher.egg-link (link to .)
[14.837s] Invoked command in '/home/jetson/ros2_ws/build/dummy_vicon_republisher' returned '0': PYTHONPATH=/home/jetson/ros2_ws/build/dummy_vicon_republisher/prefix_override:/usr/lib/python3/dist-packages/colcon_core/task/python/colcon_distutils_commands:/home/jetson/ros2_ws/install/dummy_vicon_republisher/lib/python3.8/site-packages:${PYTHONPATH} /usr/bin/python3 -W ignore:setup.py install is deprecated -W ignore:easy_install command is deprecated setup.py develop --uninstall --editable --build-directory /home/jetson/ros2_ws/build/dummy_vicon_republisher/build
[14.842s] Invoking command in '/home/jetson/ros2_ws/src/dummy_vicon_republisher': PYTHONPATH=/home/jetson/ros2_ws/build/dummy_vicon_republisher/prefix_override:/usr/lib/python3/dist-packages/colcon_core/task/python/colcon_distutils_commands:/home/jetson/ros2_ws/install/dummy_vicon_republisher/lib/python3.8/site-packages:${PYTHONPATH} /usr/bin/python3 -W ignore:setup.py install is deprecated -W ignore:easy_install command is deprecated setup.py egg_info --egg-base ../../build/dummy_vicon_republisher build --build-base /home/jetson/ros2_ws/build/dummy_vicon_republisher/build install --record /home/jetson/ros2_ws/build/dummy_vicon_republisher/install.log --install-scripts $base/lib/dummy_vicon_republisher --single-version-externally-managed install_data --force
[16.352s] /usr/local/lib/python3.8/dist-packages/setuptools/dist.py:717: UserWarning: Usage of dash-separated 'script-dir' will not be supported in future versions. Please use the underscore name 'script_dir' instead
[16.352s]   warnings.warn(
[16.514s] running egg_info
[16.517s] writing ../../build/dummy_vicon_republisher/dummy_vicon_republisher.egg-info/PKG-INFO
[16.519s] writing dependency_links to ../../build/dummy_vicon_republisher/dummy_vicon_republisher.egg-info/dependency_links.txt
[16.521s] writing entry points to ../../build/dummy_vicon_republisher/dummy_vicon_republisher.egg-info/entry_points.txt
[16.523s] writing requirements to ../../build/dummy_vicon_republisher/dummy_vicon_republisher.egg-info/requires.txt
[16.524s] writing top-level names to ../../build/dummy_vicon_republisher/dummy_vicon_republisher.egg-info/top_level.txt
[16.541s] reading manifest file '../../build/dummy_vicon_republisher/dummy_vicon_republisher.egg-info/SOURCES.txt'
[16.547s] writing manifest file '../../build/dummy_vicon_republisher/dummy_vicon_republisher.egg-info/SOURCES.txt'
[16.548s] running build
[16.549s] running build_py
[16.550s] creating /home/jetson/ros2_ws/build/dummy_vicon_republisher/build
[16.551s] creating /home/jetson/ros2_ws/build/dummy_vicon_republisher/build/lib
[16.552s] creating /home/jetson/ros2_ws/build/dummy_vicon_republisher/build/lib/dummy_vicon_republisher
[16.554s] copying dummy_vicon_republisher/dummy_vicon_republisher.py -> /home/jetson/ros2_ws/build/dummy_vicon_republisher/build/lib/dummy_vicon_republisher
[16.557s] copying dummy_vicon_republisher/__init__.py -> /home/jetson/ros2_ws/build/dummy_vicon_republisher/build/lib/dummy_vicon_republisher
[16.559s] running install
[16.565s] running install_lib
[16.568s] creating /home/jetson/ros2_ws/install/dummy_vicon_republisher/lib/python3.8/site-packages/dummy_vicon_republisher
[16.570s] copying /home/jetson/ros2_ws/build/dummy_vicon_republisher/build/lib/dummy_vicon_republisher/dummy_vicon_republisher.py -> /home/jetson/ros2_ws/install/dummy_vicon_republisher/lib/python3.8/site-packages/dummy_vicon_republisher
[16.570s] copying /home/jetson/ros2_ws/build/dummy_vicon_republisher/build/lib/dummy_vicon_republisher/__init__.py -> /home/jetson/ros2_ws/install/dummy_vicon_republisher/lib/python3.8/site-packages/dummy_vicon_republisher
[16.574s] byte-compiling /home/jetson/ros2_ws/install/dummy_vicon_republisher/lib/python3.8/site-packages/dummy_vicon_republisher/dummy_vicon_republisher.py to dummy_vicon_republisher.cpython-38.pyc
[16.577s] byte-compiling /home/jetson/ros2_ws/install/dummy_vicon_republisher/lib/python3.8/site-packages/dummy_vicon_republisher/__init__.py to __init__.cpython-38.pyc
[16.578s] running install_data
[16.578s] copying resource/dummy_vicon_republisher -> /home/jetson/ros2_ws/install/dummy_vicon_republisher/share/ament_index/resource_index/packages
[16.585s] copying package.xml -> /home/jetson/ros2_ws/install/dummy_vicon_republisher/share/dummy_vicon_republisher
[16.586s] running install_egg_info
[16.596s] Copying ../../build/dummy_vicon_republisher/dummy_vicon_republisher.egg-info to /home/jetson/ros2_ws/install/dummy_vicon_republisher/lib/python3.8/site-packages/dummy_vicon_republisher-0.0.0-py3.8.egg-info
[16.602s] running install_scripts
[16.705s] Installing dummy_vicon_republisher script to /home/jetson/ros2_ws/install/dummy_vicon_republisher/lib/dummy_vicon_republisher
[16.708s] writing list of installed files to '/home/jetson/ros2_ws/build/dummy_vicon_republisher/install.log'
[17.331s] Invoked command in '/home/jetson/ros2_ws/src/dummy_vicon_republisher' returned '0': PYTHONPATH=/home/jetson/ros2_ws/build/dummy_vicon_republisher/prefix_override:/usr/lib/python3/dist-packages/colcon_core/task/python/colcon_distutils_commands:/home/jetson/ros2_ws/install/dummy_vicon_republisher/lib/python3.8/site-packages:${PYTHONPATH} /usr/bin/python3 -W ignore:setup.py install is deprecated -W ignore:easy_install command is deprecated setup.py egg_info --egg-base ../../build/dummy_vicon_republisher build --build-base /home/jetson/ros2_ws/build/dummy_vicon_republisher/build install --record /home/jetson/ros2_ws/build/dummy_vicon_republisher/install.log --install-scripts $base/lib/dummy_vicon_republisher --single-version-externally-managed install_data --force
