[7.851s] Invoking command in '/home/jetson/ros2_ws/src/image_saver': PYTHONPATH=/home/jetson/ros2_ws/src/build/image_saver/prefix_override:/usr/lib/python3/dist-packages/colcon_core/task/python/colcon_distutils_commands:/home/jetson/ros2_ws/src/install/image_saver/lib/python3.8/site-packages:${PYTHONPATH} /usr/bin/python3 -W ignore:setup.py install is deprecated -W ignore:easy_install command is deprecated setup.py egg_info --egg-base ../build/image_saver build --build-base /home/jetson/ros2_ws/src/build/image_saver/build install --record /home/jetson/ros2_ws/src/build/image_saver/install.log --install-scripts $base/lib/image_saver --single-version-externally-managed install_data
[9.249s] /usr/local/lib/python3.8/dist-packages/setuptools/dist.py:717: UserWarning: Usage of dash-separated 'script-dir' will not be supported in future versions. Please use the underscore name 'script_dir' instead
[9.252s]   warnings.warn(
[9.526s] running egg_info
[9.531s] writing ../build/image_saver/image_saver.egg-info/PKG-INFO
[9.533s] writing dependency_links to ../build/image_saver/image_saver.egg-info/dependency_links.txt
[9.534s] writing entry points to ../build/image_saver/image_saver.egg-info/entry_points.txt
[9.535s] writing requirements to ../build/image_saver/image_saver.egg-info/requires.txt
[9.536s] writing top-level names to ../build/image_saver/image_saver.egg-info/top_level.txt
[9.551s] reading manifest file '../build/image_saver/image_saver.egg-info/SOURCES.txt'
[9.557s] writing manifest file '../build/image_saver/image_saver.egg-info/SOURCES.txt'
[9.559s] running build
[9.560s] running build_py
[9.567s] running install
[9.572s] running install_lib
[9.586s] running install_data
[9.587s] running install_egg_info
[9.598s] removing '/home/jetson/ros2_ws/src/install/image_saver/lib/python3.8/site-packages/image_saver-0.0.0-py3.8.egg-info' (and everything under it)
[9.607s] Copying ../build/image_saver/image_saver.egg-info to /home/jetson/ros2_ws/src/install/image_saver/lib/python3.8/site-packages/image_saver-0.0.0-py3.8.egg-info
[9.615s] running install_scripts
[9.732s] Installing camera_saver script to /home/jetson/ros2_ws/src/install/image_saver/lib/image_saver
[9.732s] writing list of installed files to '/home/jetson/ros2_ws/src/build/image_saver/install.log'
[9.980s] Invoked command in '/home/jetson/ros2_ws/src/image_saver' returned '0': PYTHONPATH=/home/jetson/ros2_ws/src/build/image_saver/prefix_override:/usr/lib/python3/dist-packages/colcon_core/task/python/colcon_distutils_commands:/home/jetson/ros2_ws/src/install/image_saver/lib/python3.8/site-packages:${PYTHONPATH} /usr/bin/python3 -W ignore:setup.py install is deprecated -W ignore:easy_install command is deprecated setup.py egg_info --egg-base ../build/image_saver build --build-base /home/jetson/ros2_ws/src/build/image_saver/build install --record /home/jetson/ros2_ws/src/build/image_saver/install.log --install-scripts $base/lib/image_saver --single-version-externally-managed install_data
