running develop
running egg_info
creating api_waypoint.egg-info
writing api_waypoint.egg-info/PKG-INFO
writing dependency_links to api_waypoint.egg-info/dependency_links.txt
writing entry points to api_waypoint.egg-info/entry_points.txt
writing requirements to api_waypoint.egg-info/requires.txt
writing top-level names to api_waypoint.egg-info/top_level.txt
writing manifest file 'api_waypoint.egg-info/SOURCES.txt'
reading manifest file 'api_waypoint.egg-info/SOURCES.txt'
writing manifest file 'api_waypoint.egg-info/SOURCES.txt'
running build_ext
Creating /home/jetson/ros2_ws/install/api_waypoint/lib/python3.8/site-packages/api-waypoint.egg-link (link to .)
Installing api_waypoint_node script to /home/jetson/ros2_ws/install/api_waypoint/lib/api_waypoint

Installed /home/jetson/ros2_ws/build/api_waypoint
running symlink_data
creating /home/jetson/ros2_ws/install/api_waypoint/share/ament_index
creating /home/jetson/ros2_ws/install/api_waypoint/share/ament_index/resource_index
creating /home/jetson/ros2_ws/install/api_waypoint/share/ament_index/resource_index/packages
symbolically linking /home/jetson/ros2_ws/build/api_waypoint/resource/api_waypoint -> /home/jetson/ros2_ws/install/api_waypoint/share/ament_index/resource_index/packages
symbolically linking /home/jetson/ros2_ws/build/api_waypoint/package.xml -> /home/jetson/ros2_ws/install/api_waypoint/share/api_waypoint
