[9.017s] Invoking command in '/home/jetson/ros2_ws/src/comm_node': PYTHONPATH=/home/jetson/ros2_ws/src/build/comm_node/prefix_override:/usr/lib/python3/dist-packages/colcon_core/task/python/colcon_distutils_commands:/home/jetson/ros2_ws/src/install/comm_node/lib/python3.8/site-packages:${PYTHONPATH} /usr/bin/python3 -W ignore:setup.py install is deprecated -W ignore:easy_install command is deprecated setup.py egg_info --egg-base ../build/comm_node build --build-base /home/jetson/ros2_ws/src/build/comm_node/build install --record /home/jetson/ros2_ws/src/build/comm_node/install.log --install-scripts $base/lib/comm_node --single-version-externally-managed install_data
[10.628s] /usr/local/lib/python3.8/dist-packages/setuptools/dist.py:717: UserWarning: Usage of dash-separated 'script-dir' will not be supported in future versions. Please use the underscore name 'script_dir' instead
[10.629s]   warnings.warn(
[10.823s] running egg_info
[10.828s] writing ../build/comm_node/comm_node.egg-info/PKG-INFO
[10.831s] writing dependency_links to ../build/comm_node/comm_node.egg-info/dependency_links.txt
[10.834s] writing entry points to ../build/comm_node/comm_node.egg-info/entry_points.txt
[10.836s] writing requirements to ../build/comm_node/comm_node.egg-info/requires.txt
[10.839s] writing top-level names to ../build/comm_node/comm_node.egg-info/top_level.txt
[10.857s] reading manifest file '../build/comm_node/comm_node.egg-info/SOURCES.txt'
[10.866s] writing manifest file '../build/comm_node/comm_node.egg-info/SOURCES.txt'
[10.868s] running build
[10.868s] running build_py
[10.870s] running install
[10.876s] running install_lib
[10.891s] running install_data
[10.893s] running install_egg_info
[10.902s] removing '/home/jetson/ros2_ws/src/install/comm_node/lib/python3.8/site-packages/comm_node-0.0.1-py3.8.egg-info' (and everything under it)
[10.911s] Copying ../build/comm_node/comm_node.egg-info to /home/jetson/ros2_ws/src/install/comm_node/lib/python3.8/site-packages/comm_node-0.0.1-py3.8.egg-info
[10.929s] running install_scripts
[11.033s] Installing comm script to /home/jetson/ros2_ws/src/install/comm_node/lib/comm_node
[11.036s] writing list of installed files to '/home/jetson/ros2_ws/src/build/comm_node/install.log'
[11.181s] Invoked command in '/home/jetson/ros2_ws/src/comm_node' returned '0': PYTHONPATH=/home/jetson/ros2_ws/src/build/comm_node/prefix_override:/usr/lib/python3/dist-packages/colcon_core/task/python/colcon_distutils_commands:/home/jetson/ros2_ws/src/install/comm_node/lib/python3.8/site-packages:${PYTHONPATH} /usr/bin/python3 -W ignore:setup.py install is deprecated -W ignore:easy_install command is deprecated setup.py egg_info --egg-base ../build/comm_node build --build-base /home/jetson/ros2_ws/src/build/comm_node/build install --record /home/jetson/ros2_ws/src/build/comm_node/install.log --install-scripts $base/lib/comm_node --single-version-externally-managed install_data
