[6.303s] Invoking command in '/home/jetson/ros2_ws/src/vicon_bridge': PYTHONPATH=/home/jetson/ros2_ws/build/vicon_bridge/prefix_override:/usr/lib/python3/dist-packages/colcon_core/task/python/colcon_distutils_commands:/home/jetson/ros2_ws/install/vicon_bridge/lib/python3.8/site-packages:${PYTHONPATH} /usr/bin/python3 -W ignore:setup.py install is deprecated -W ignore:easy_install command is deprecated setup.py egg_info --egg-base ../../build/vicon_bridge build --build-base /home/jetson/ros2_ws/build/vicon_bridge/build install --record /home/jetson/ros2_ws/build/vicon_bridge/install.log --install-scripts $base/lib/vicon_bridge --single-version-externally-managed install_data
[7.504s] /usr/local/lib/python3.8/dist-packages/setuptools/dist.py:717: UserWarning: Usage of dash-separated 'script-dir' will not be supported in future versions. Please use the underscore name 'script_dir' instead
[7.505s]   warnings.warn(
[7.683s] running egg_info
[7.706s] writing ../../build/vicon_bridge/vicon_bridge.egg-info/PKG-INFO
[7.723s] writing dependency_links to ../../build/vicon_bridge/vicon_bridge.egg-info/dependency_links.txt
[7.724s] writing entry points to ../../build/vicon_bridge/vicon_bridge.egg-info/entry_points.txt
[7.725s] writing requirements to ../../build/vicon_bridge/vicon_bridge.egg-info/requires.txt
[7.736s] writing top-level names to ../../build/vicon_bridge/vicon_bridge.egg-info/top_level.txt
[7.782s] reading manifest file '../../build/vicon_bridge/vicon_bridge.egg-info/SOURCES.txt'
[7.805s] writing manifest file '../../build/vicon_bridge/vicon_bridge.egg-info/SOURCES.txt'
[7.806s] running build
[7.806s] running build_py
[7.807s] running install
[7.809s] running install_lib
[7.809s] running install_data
[7.810s] running install_egg_info
[7.810s] removing '/home/jetson/ros2_ws/install/vicon_bridge/lib/python3.8/site-packages/vicon_bridge-0.0.0-py3.8.egg-info' (and everything under it)
[7.810s] Copying ../../build/vicon_bridge/vicon_bridge.egg-info to /home/jetson/ros2_ws/install/vicon_bridge/lib/python3.8/site-packages/vicon_bridge-0.0.0-py3.8.egg-info
[7.818s] running install_scripts
[7.917s] Installing vicon_bridge script to /home/jetson/ros2_ws/install/vicon_bridge/lib/vicon_bridge
[7.920s] writing list of installed files to '/home/jetson/ros2_ws/build/vicon_bridge/install.log'
[8.024s] Invoked command in '/home/jetson/ros2_ws/src/vicon_bridge' returned '0': PYTHONPATH=/home/jetson/ros2_ws/build/vicon_bridge/prefix_override:/usr/lib/python3/dist-packages/colcon_core/task/python/colcon_distutils_commands:/home/jetson/ros2_ws/install/vicon_bridge/lib/python3.8/site-packages:${PYTHONPATH} /usr/bin/python3 -W ignore:setup.py install is deprecated -W ignore:easy_install command is deprecated setup.py egg_info --egg-base ../../build/vicon_bridge build --build-base /home/jetson/ros2_ws/build/vicon_bridge/build install --record /home/jetson/ros2_ws/build/vicon_bridge/install.log --install-scripts $base/lib/vicon_bridge --single-version-externally-managed install_data
