[6.556s] Invoking command in '/home/jetson/ros2_ws/src/vicon_obstacle_republisher': PYTHONPATH=/home/jetson/ros2_ws/src/build/vicon_obstacle_republisher/prefix_override:/usr/lib/python3/dist-packages/colcon_core/task/python/colcon_distutils_commands:/home/jetson/ros2_ws/src/install/vicon_obstacle_republisher/lib/python3.8/site-packages:${PYTHONPATH} /usr/bin/python3 -W ignore:setup.py install is deprecated -W ignore:easy_install command is deprecated setup.py egg_info --egg-base ../build/vicon_obstacle_republisher build --build-base /home/jetson/ros2_ws/src/build/vicon_obstacle_republisher/build install --record /home/jetson/ros2_ws/src/build/vicon_obstacle_republisher/install.log --install-scripts $base/lib/vicon_obstacle_republisher --single-version-externally-managed install_data
[8.462s] /usr/local/lib/python3.8/dist-packages/setuptools/dist.py:717: UserWarning: Usage of dash-separated 'script-dir' will not be supported in future versions. Please use the underscore name 'script_dir' instead
[8.465s]   warnings.warn(
[8.627s] running egg_info
[8.636s] writing ../build/vicon_obstacle_republisher/vicon_obstacle_republisher.egg-info/PKG-INFO
[8.638s] writing dependency_links to ../build/vicon_obstacle_republisher/vicon_obstacle_republisher.egg-info/dependency_links.txt
[8.640s] writing entry points to ../build/vicon_obstacle_republisher/vicon_obstacle_republisher.egg-info/entry_points.txt
[8.640s] writing requirements to ../build/vicon_obstacle_republisher/vicon_obstacle_republisher.egg-info/requires.txt
[8.641s] writing top-level names to ../build/vicon_obstacle_republisher/vicon_obstacle_republisher.egg-info/top_level.txt
[8.677s] reading manifest file '../build/vicon_obstacle_republisher/vicon_obstacle_republisher.egg-info/SOURCES.txt'
[8.685s] writing manifest file '../build/vicon_obstacle_republisher/vicon_obstacle_republisher.egg-info/SOURCES.txt'
[8.686s] running build
[8.687s] running build_py
[8.696s] copying vicon_obstacle_republisher/vicon_obstacle_republisher_node.py -> /home/jetson/ros2_ws/src/build/vicon_obstacle_republisher/build/lib/vicon_obstacle_republisher
[8.702s] running install
[8.709s] running install_lib
[8.726s] copying /home/jetson/ros2_ws/src/build/vicon_obstacle_republisher/build/lib/vicon_obstacle_republisher/vicon_obstacle_republisher_node.py -> /home/jetson/ros2_ws/src/install/vicon_obstacle_republisher/lib/python3.8/site-packages/vicon_obstacle_republisher
[8.729s] byte-compiling /home/jetson/ros2_ws/src/install/vicon_obstacle_republisher/lib/python3.8/site-packages/vicon_obstacle_republisher/vicon_obstacle_republisher_node.py to vicon_obstacle_republisher_node.cpython-38.pyc
[8.739s] running install_data
[8.742s] running install_egg_info
[8.772s] removing '/home/jetson/ros2_ws/src/install/vicon_obstacle_republisher/lib/python3.8/site-packages/vicon_obstacle_republisher-0.0.0-py3.8.egg-info' (and everything under it)
[8.781s] Copying ../build/vicon_obstacle_republisher/vicon_obstacle_republisher.egg-info to /home/jetson/ros2_ws/src/install/vicon_obstacle_republisher/lib/python3.8/site-packages/vicon_obstacle_republisher-0.0.0-py3.8.egg-info
[8.785s] running install_scripts
[9.041s] Installing vicon_obstacle_republisher_node script to /home/jetson/ros2_ws/src/install/vicon_obstacle_republisher/lib/vicon_obstacle_republisher
[9.042s] writing list of installed files to '/home/jetson/ros2_ws/src/build/vicon_obstacle_republisher/install.log'
[9.195s] Invoked command in '/home/jetson/ros2_ws/src/vicon_obstacle_republisher' returned '0': PYTHONPATH=/home/jetson/ros2_ws/src/build/vicon_obstacle_republisher/prefix_override:/usr/lib/python3/dist-packages/colcon_core/task/python/colcon_distutils_commands:/home/jetson/ros2_ws/src/install/vicon_obstacle_republisher/lib/python3.8/site-packages:${PYTHONPATH} /usr/bin/python3 -W ignore:setup.py install is deprecated -W ignore:easy_install command is deprecated setup.py egg_info --egg-base ../build/vicon_obstacle_republisher build --build-base /home/jetson/ros2_ws/src/build/vicon_obstacle_republisher/build install --record /home/jetson/ros2_ws/src/build/vicon_obstacle_republisher/install.log --install-scripts $base/lib/vicon_obstacle_republisher --single-version-externally-managed install_data
