[1.022s] DEBUG:colcon:Command line arguments: ['/usr/bin/colcon', 'build']
[1.022s] DEBUG:colcon:Parsed command line arguments: Namespace(allow_overriding=[], ament_cmake_args=None, base_paths=['.'], build_base='build', catkin_cmake_args=None, catkin_skip_building_tests=False, cmake_args=None, cmake_clean_cache=False, cmake_clean_first=False, cmake_force_configure=False, cmake_target=None, cmake_target_skip_unavailable=False, continue_on_error=False, event_handlers=None, executor='parallel', ignore_user_meta=False, install_base='install', log_base=None, log_level=None, main=<bound method BuildVerb.main of <colcon_core.verb.build.BuildVerb object at 0x7f7a71dca0>>, merge_install=False, metas=['./colcon.meta'], packages_above=None, packages_above_and_dependencies=None, packages_above_depth=None, packages_end=None, packages_ignore=None, packages_ignore_regex=None, packages_select=None, packages_select_build_failed=False, packages_select_by_dep=None, packages_select_regex=None, packages_select_test_failures=False, packages_skip=None, packages_skip_build_finished=False, packages_skip_by_dep=None, packages_skip_regex=None, packages_skip_test_passed=False, packages_skip_up_to=None, packages_start=None, packages_up_to=None, packages_up_to_regex=None, parallel_workers=4, paths=None, symlink_install=False, test_result_base=None, verb_extension=<colcon_core.verb.build.BuildVerb object at 0x7f7a71dca0>, verb_name='build', verb_parser=<colcon_defaults.argument_parser.defaults.DefaultArgumentsDecorator object at 0x7f7a69b190>)
[2.074s] Level 1:colcon.colcon_core.package_discovery:discover_packages(colcon_meta) check parameters
[2.074s] Level 1:colcon.colcon_core.package_discovery:discover_packages(recursive) check parameters
[2.074s] Level 1:colcon.colcon_core.package_discovery:discover_packages(ignore) check parameters
[2.075s] Level 1:colcon.colcon_core.package_discovery:discover_packages(path) check parameters
[2.075s] Level 1:colcon.colcon_core.package_discovery:discover_packages(colcon_meta) discover
[2.075s] Level 1:colcon.colcon_core.package_discovery:discover_packages(recursive) discover
[2.075s] INFO:colcon.colcon_core.package_discovery:Crawling recursively for packages in '/home/jetson/ros2_ws/src'
[2.076s] Level 1:colcon.colcon_core.package_identification:_identify(.) by extensions ['ignore', 'ignore_ament_install']
[2.076s] Level 1:colcon.colcon_core.package_identification:_identify(.) by extension 'ignore'
[2.076s] Level 1:colcon.colcon_core.package_identification:_identify(.) by extension 'ignore_ament_install'
[2.077s] Level 1:colcon.colcon_core.package_identification:_identify(.) by extensions ['colcon_pkg']
[2.077s] Level 1:colcon.colcon_core.package_identification:_identify(.) by extension 'colcon_pkg'
[2.077s] Level 1:colcon.colcon_core.package_identification:_identify(.) by extensions ['colcon_meta']
[2.077s] Level 1:colcon.colcon_core.package_identification:_identify(.) by extension 'colcon_meta'
[2.078s] Level 1:colcon.colcon_core.package_identification:_identify(.) by extensions ['ros']
[2.078s] Level 1:colcon.colcon_core.package_identification:_identify(.) by extension 'ros'
[2.170s] Level 1:colcon.colcon_core.package_identification:_identify(.) by extensions ['cmake', 'python']
[2.170s] Level 1:colcon.colcon_core.package_identification:_identify(.) by extension 'cmake'
[2.171s] Level 1:colcon.colcon_core.package_identification:_identify(.) by extension 'python'
[2.171s] Level 1:colcon.colcon_core.package_identification:_identify(.) by extensions ['python_setup_py']
[2.171s] Level 1:colcon.colcon_core.package_identification:_identify(.) by extension 'python_setup_py'
[2.172s] Level 1:colcon.colcon_core.package_identification:_identify(build) by extensions ['ignore', 'ignore_ament_install']
[2.173s] Level 1:colcon.colcon_core.package_identification:_identify(build) by extension 'ignore'
[2.173s] Level 1:colcon.colcon_core.package_identification:_identify(build) ignored
[2.174s] Level 1:colcon.colcon_core.package_identification:_identify(comm_node) by extensions ['ignore', 'ignore_ament_install']
[2.174s] Level 1:colcon.colcon_core.package_identification:_identify(comm_node) by extension 'ignore'
[2.175s] Level 1:colcon.colcon_core.package_identification:_identify(comm_node) by extension 'ignore_ament_install'
[2.175s] Level 1:colcon.colcon_core.package_identification:_identify(comm_node) by extensions ['colcon_pkg']
[2.175s] Level 1:colcon.colcon_core.package_identification:_identify(comm_node) by extension 'colcon_pkg'
[2.175s] Level 1:colcon.colcon_core.package_identification:_identify(comm_node) by extensions ['colcon_meta']
[2.176s] Level 1:colcon.colcon_core.package_identification:_identify(comm_node) by extension 'colcon_meta'
[2.176s] Level 1:colcon.colcon_core.package_identification:_identify(comm_node) by extensions ['ros']
[2.176s] Level 1:colcon.colcon_core.package_identification:_identify(comm_node) by extension 'ros'
[2.187s] DEBUG:colcon.colcon_core.package_identification:Package 'comm_node' with type 'ros.ament_python' and name 'comm_node'
[2.187s] Level 1:colcon.colcon_core.package_identification:_identify(exer2_control) by extensions ['ignore', 'ignore_ament_install']
[2.188s] Level 1:colcon.colcon_core.package_identification:_identify(exer2_control) by extension 'ignore'
[2.188s] Level 1:colcon.colcon_core.package_identification:_identify(exer2_control) by extension 'ignore_ament_install'
[2.189s] Level 1:colcon.colcon_core.package_identification:_identify(exer2_control) by extensions ['colcon_pkg']
[2.189s] Level 1:colcon.colcon_core.package_identification:_identify(exer2_control) by extension 'colcon_pkg'
[2.189s] Level 1:colcon.colcon_core.package_identification:_identify(exer2_control) by extensions ['colcon_meta']
[2.189s] Level 1:colcon.colcon_core.package_identification:_identify(exer2_control) by extension 'colcon_meta'
[2.190s] Level 1:colcon.colcon_core.package_identification:_identify(exer2_control) by extensions ['ros']
[2.190s] Level 1:colcon.colcon_core.package_identification:_identify(exer2_control) by extension 'ros'
[2.192s] DEBUG:colcon.colcon_core.package_identification:Package 'exer2_control' with type 'ros.ament_python' and name 'exer2_control'
[2.193s] Level 1:colcon.colcon_core.package_identification:_identify(install) by extensions ['ignore', 'ignore_ament_install']
[2.193s] Level 1:colcon.colcon_core.package_identification:_identify(install) by extension 'ignore'
[2.194s] Level 1:colcon.colcon_core.package_identification:_identify(install) ignored
[2.194s] Level 1:colcon.colcon_core.package_identification:_identify(log) by extensions ['ignore', 'ignore_ament_install']
[2.195s] Level 1:colcon.colcon_core.package_identification:_identify(log) by extension 'ignore'
[2.195s] Level 1:colcon.colcon_core.package_identification:_identify(log) ignored
[2.195s] Level 1:colcon.colcon_core.package_identification:_identify(px4_autonomy_modules) by extensions ['ignore', 'ignore_ament_install']
[2.196s] Level 1:colcon.colcon_core.package_identification:_identify(px4_autonomy_modules) by extension 'ignore'
[2.196s] Level 1:colcon.colcon_core.package_identification:_identify(px4_autonomy_modules) by extension 'ignore_ament_install'
[2.196s] Level 1:colcon.colcon_core.package_identification:_identify(px4_autonomy_modules) by extensions ['colcon_pkg']
[2.197s] Level 1:colcon.colcon_core.package_identification:_identify(px4_autonomy_modules) by extension 'colcon_pkg'
[2.197s] Level 1:colcon.colcon_core.package_identification:_identify(px4_autonomy_modules) by extensions ['colcon_meta']
[2.197s] Level 1:colcon.colcon_core.package_identification:_identify(px4_autonomy_modules) by extension 'colcon_meta'
[2.197s] Level 1:colcon.colcon_core.package_identification:_identify(px4_autonomy_modules) by extensions ['ros']
[2.197s] Level 1:colcon.colcon_core.package_identification:_identify(px4_autonomy_modules) by extension 'ros'
[2.203s] DEBUG:colcon.colcon_core.package_identification:Package 'px4_autonomy_modules' with type 'ros.ament_cmake' and name 'px4_autonomy_modules'
[2.204s] Level 1:colcon.colcon_core.package_identification:_identify(realsense2mavros) by extensions ['ignore', 'ignore_ament_install']
[2.204s] Level 1:colcon.colcon_core.package_identification:_identify(realsense2mavros) by extension 'ignore'
[2.204s] Level 1:colcon.colcon_core.package_identification:_identify(realsense2mavros) by extension 'ignore_ament_install'
[2.205s] Level 1:colcon.colcon_core.package_identification:_identify(realsense2mavros) by extensions ['colcon_pkg']
[2.205s] Level 1:colcon.colcon_core.package_identification:_identify(realsense2mavros) by extension 'colcon_pkg'
[2.205s] Level 1:colcon.colcon_core.package_identification:_identify(realsense2mavros) by extensions ['colcon_meta']
[2.205s] Level 1:colcon.colcon_core.package_identification:_identify(realsense2mavros) by extension 'colcon_meta'
[2.205s] Level 1:colcon.colcon_core.package_identification:_identify(realsense2mavros) by extensions ['ros']
[2.206s] Level 1:colcon.colcon_core.package_identification:_identify(realsense2mavros) by extension 'ros'
[2.210s] DEBUG:colcon.colcon_core.package_identification:Package 'realsense2mavros' with type 'ros.ament_python' and name 'realsense2mavros'
[2.210s] Level 1:colcon.colcon_core.package_identification:_identify(task2) by extensions ['ignore', 'ignore_ament_install']
[2.210s] Level 1:colcon.colcon_core.package_identification:_identify(task2) by extension 'ignore'
[2.211s] Level 1:colcon.colcon_core.package_identification:_identify(task2) by extension 'ignore_ament_install'
[2.211s] Level 1:colcon.colcon_core.package_identification:_identify(task2) by extensions ['colcon_pkg']
[2.211s] Level 1:colcon.colcon_core.package_identification:_identify(task2) by extension 'colcon_pkg'
[2.211s] Level 1:colcon.colcon_core.package_identification:_identify(task2) by extensions ['colcon_meta']
[2.212s] Level 1:colcon.colcon_core.package_identification:_identify(task2) by extension 'colcon_meta'
[2.212s] Level 1:colcon.colcon_core.package_identification:_identify(task2) by extensions ['ros']
[2.212s] Level 1:colcon.colcon_core.package_identification:_identify(task2) by extension 'ros'
[2.212s] Level 1:colcon.colcon_core.package_identification:_identify(task2) by extensions ['cmake', 'python']
[2.213s] Level 1:colcon.colcon_core.package_identification:_identify(task2) by extension 'cmake'
[2.213s] Level 1:colcon.colcon_core.package_identification:_identify(task2) by extension 'python'
[2.213s] Level 1:colcon.colcon_core.package_identification:_identify(task2) by extensions ['python_setup_py']
[2.213s] Level 1:colcon.colcon_core.package_identification:_identify(task2) by extension 'python_setup_py'
[2.214s] Level 1:colcon.colcon_core.package_identification:_identify(unit_tester) by extensions ['ignore', 'ignore_ament_install']
[2.214s] Level 1:colcon.colcon_core.package_identification:_identify(unit_tester) by extension 'ignore'
[2.215s] Level 1:colcon.colcon_core.package_identification:_identify(unit_tester) by extension 'ignore_ament_install'
[2.215s] Level 1:colcon.colcon_core.package_identification:_identify(unit_tester) by extensions ['colcon_pkg']
[2.215s] Level 1:colcon.colcon_core.package_identification:_identify(unit_tester) by extension 'colcon_pkg'
[2.216s] Level 1:colcon.colcon_core.package_identification:_identify(unit_tester) by extensions ['colcon_meta']
[2.216s] Level 1:colcon.colcon_core.package_identification:_identify(unit_tester) by extension 'colcon_meta'
[2.216s] Level 1:colcon.colcon_core.package_identification:_identify(unit_tester) by extensions ['ros']
[2.216s] Level 1:colcon.colcon_core.package_identification:_identify(unit_tester) by extension 'ros'
[2.219s] DEBUG:colcon.colcon_core.package_identification:Package 'unit_tester' with type 'ros.ament_python' and name 'unit_tester'
[2.219s] Level 1:colcon.colcon_core.package_identification:_identify(vicon_bridge) by extensions ['ignore', 'ignore_ament_install']
[2.220s] Level 1:colcon.colcon_core.package_identification:_identify(vicon_bridge) by extension 'ignore'
[2.220s] Level 1:colcon.colcon_core.package_identification:_identify(vicon_bridge) by extension 'ignore_ament_install'
[2.221s] Level 1:colcon.colcon_core.package_identification:_identify(vicon_bridge) by extensions ['colcon_pkg']
[2.221s] Level 1:colcon.colcon_core.package_identification:_identify(vicon_bridge) by extension 'colcon_pkg'
[2.221s] Level 1:colcon.colcon_core.package_identification:_identify(vicon_bridge) by extensions ['colcon_meta']
[2.221s] Level 1:colcon.colcon_core.package_identification:_identify(vicon_bridge) by extension 'colcon_meta'
[2.222s] Level 1:colcon.colcon_core.package_identification:_identify(vicon_bridge) by extensions ['ros']
[2.222s] Level 1:colcon.colcon_core.package_identification:_identify(vicon_bridge) by extension 'ros'
[2.225s] DEBUG:colcon.colcon_core.package_identification:Package 'vicon_bridge' with type 'ros.ament_python' and name 'vicon_bridge'
[2.225s] Level 1:colcon.colcon_core.package_discovery:discover_packages(recursive) using defaults
[2.225s] Level 1:colcon.colcon_core.package_discovery:discover_packages(ignore) discover
[2.226s] Level 1:colcon.colcon_core.package_discovery:discover_packages(ignore) using defaults
[2.226s] Level 1:colcon.colcon_core.package_discovery:discover_packages(path) discover
[2.226s] Level 1:colcon.colcon_core.package_discovery:discover_packages(path) using defaults
[2.316s] Level 1:colcon.colcon_core.package_discovery:discover_packages(prefix_path) check parameters
[2.317s] Level 1:colcon.colcon_core.package_discovery:discover_packages(prefix_path) discover
[2.326s] DEBUG:colcon.colcon_installed_package_information.package_discovery:Found 6 installed packages in /home/jetson/ros2_ws/install
[2.333s] DEBUG:colcon.colcon_installed_package_information.package_discovery:Found 267 installed packages in /opt/ros/foxy
[2.346s] Level 1:colcon.colcon_core.package_discovery:discover_packages(prefix_path) using defaults
[2.710s] Level 5:colcon.colcon_core.verb:set package 'comm_node' build argument 'cmake_args' from command line to 'None'
[2.711s] Level 5:colcon.colcon_core.verb:set package 'comm_node' build argument 'cmake_target' from command line to 'None'
[2.711s] Level 5:colcon.colcon_core.verb:set package 'comm_node' build argument 'cmake_target_skip_unavailable' from command line to 'False'
[2.711s] Level 5:colcon.colcon_core.verb:set package 'comm_node' build argument 'cmake_clean_cache' from command line to 'False'
[2.711s] Level 5:colcon.colcon_core.verb:set package 'comm_node' build argument 'cmake_clean_first' from command line to 'False'
[2.711s] Level 5:colcon.colcon_core.verb:set package 'comm_node' build argument 'cmake_force_configure' from command line to 'False'
[2.711s] Level 5:colcon.colcon_core.verb:set package 'comm_node' build argument 'ament_cmake_args' from command line to 'None'
[2.712s] Level 5:colcon.colcon_core.verb:set package 'comm_node' build argument 'catkin_cmake_args' from command line to 'None'
[2.712s] Level 5:colcon.colcon_core.verb:set package 'comm_node' build argument 'catkin_skip_building_tests' from command line to 'False'
[2.712s] DEBUG:colcon.colcon_core.verb:Building package 'comm_node' with the following arguments: {'ament_cmake_args': None, 'build_base': '/home/jetson/ros2_ws/src/build/comm_node', 'catkin_cmake_args': None, 'catkin_skip_building_tests': False, 'cmake_args': None, 'cmake_clean_cache': False, 'cmake_clean_first': False, 'cmake_force_configure': False, 'cmake_target': None, 'cmake_target_skip_unavailable': False, 'install_base': '/home/jetson/ros2_ws/src/install/comm_node', 'merge_install': False, 'path': '/home/jetson/ros2_ws/src/comm_node', 'symlink_install': False, 'test_result_base': None}
[2.714s] Level 5:colcon.colcon_core.verb:set package 'exer2_control' build argument 'cmake_args' from command line to 'None'
[2.715s] Level 5:colcon.colcon_core.verb:set package 'exer2_control' build argument 'cmake_target' from command line to 'None'
[2.715s] Level 5:colcon.colcon_core.verb:set package 'exer2_control' build argument 'cmake_target_skip_unavailable' from command line to 'False'
[2.715s] Level 5:colcon.colcon_core.verb:set package 'exer2_control' build argument 'cmake_clean_cache' from command line to 'False'
[2.715s] Level 5:colcon.colcon_core.verb:set package 'exer2_control' build argument 'cmake_clean_first' from command line to 'False'
[2.715s] Level 5:colcon.colcon_core.verb:set package 'exer2_control' build argument 'cmake_force_configure' from command line to 'False'
[2.716s] Level 5:colcon.colcon_core.verb:set package 'exer2_control' build argument 'ament_cmake_args' from command line to 'None'
[2.716s] Level 5:colcon.colcon_core.verb:set package 'exer2_control' build argument 'catkin_cmake_args' from command line to 'None'
[2.716s] Level 5:colcon.colcon_core.verb:set package 'exer2_control' build argument 'catkin_skip_building_tests' from command line to 'False'
[2.716s] DEBUG:colcon.colcon_core.verb:Building package 'exer2_control' with the following arguments: {'ament_cmake_args': None, 'build_base': '/home/jetson/ros2_ws/src/build/exer2_control', 'catkin_cmake_args': None, 'catkin_skip_building_tests': False, 'cmake_args': None, 'cmake_clean_cache': False, 'cmake_clean_first': False, 'cmake_force_configure': False, 'cmake_target': None, 'cmake_target_skip_unavailable': False, 'install_base': '/home/jetson/ros2_ws/src/install/exer2_control', 'merge_install': False, 'path': '/home/jetson/ros2_ws/src/exer2_control', 'symlink_install': False, 'test_result_base': None}
[2.719s] Level 5:colcon.colcon_core.verb:set package 'px4_autonomy_modules' build argument 'cmake_args' from command line to 'None'
[2.719s] Level 5:colcon.colcon_core.verb:set package 'px4_autonomy_modules' build argument 'cmake_target' from command line to 'None'
[2.719s] Level 5:colcon.colcon_core.verb:set package 'px4_autonomy_modules' build argument 'cmake_target_skip_unavailable' from command line to 'False'
[2.720s] Level 5:colcon.colcon_core.verb:set package 'px4_autonomy_modules' build argument 'cmake_clean_cache' from command line to 'False'
[2.720s] Level 5:colcon.colcon_core.verb:set package 'px4_autonomy_modules' build argument 'cmake_clean_first' from command line to 'False'
[2.720s] Level 5:colcon.colcon_core.verb:set package 'px4_autonomy_modules' build argument 'cmake_force_configure' from command line to 'False'
[2.720s] Level 5:colcon.colcon_core.verb:set package 'px4_autonomy_modules' build argument 'ament_cmake_args' from command line to 'None'
[2.720s] Level 5:colcon.colcon_core.verb:set package 'px4_autonomy_modules' build argument 'catkin_cmake_args' from command line to 'None'
[2.720s] Level 5:colcon.colcon_core.verb:set package 'px4_autonomy_modules' build argument 'catkin_skip_building_tests' from command line to 'False'
[2.721s] DEBUG:colcon.colcon_core.verb:Building package 'px4_autonomy_modules' with the following arguments: {'ament_cmake_args': None, 'build_base': '/home/jetson/ros2_ws/src/build/px4_autonomy_modules', 'catkin_cmake_args': None, 'catkin_skip_building_tests': False, 'cmake_args': None, 'cmake_clean_cache': False, 'cmake_clean_first': False, 'cmake_force_configure': False, 'cmake_target': None, 'cmake_target_skip_unavailable': False, 'install_base': '/home/jetson/ros2_ws/src/install/px4_autonomy_modules', 'merge_install': False, 'path': '/home/jetson/ros2_ws/src/px4_autonomy_modules', 'symlink_install': False, 'test_result_base': None}
[2.723s] Level 5:colcon.colcon_core.verb:set package 'realsense2mavros' build argument 'cmake_args' from command line to 'None'
[2.723s] Level 5:colcon.colcon_core.verb:set package 'realsense2mavros' build argument 'cmake_target' from command line to 'None'
[2.724s] Level 5:colcon.colcon_core.verb:set package 'realsense2mavros' build argument 'cmake_target_skip_unavailable' from command line to 'False'
[2.725s] Level 5:colcon.colcon_core.verb:set package 'realsense2mavros' build argument 'cmake_clean_cache' from command line to 'False'
[2.725s] Level 5:colcon.colcon_core.verb:set package 'realsense2mavros' build argument 'cmake_clean_first' from command line to 'False'
[2.726s] Level 5:colcon.colcon_core.verb:set package 'realsense2mavros' build argument 'cmake_force_configure' from command line to 'False'
[2.726s] Level 5:colcon.colcon_core.verb:set package 'realsense2mavros' build argument 'ament_cmake_args' from command line to 'None'
[2.726s] Level 5:colcon.colcon_core.verb:set package 'realsense2mavros' build argument 'catkin_cmake_args' from command line to 'None'
[2.727s] Level 5:colcon.colcon_core.verb:set package 'realsense2mavros' build argument 'catkin_skip_building_tests' from command line to 'False'
[2.727s] DEBUG:colcon.colcon_core.verb:Building package 'realsense2mavros' with the following arguments: {'ament_cmake_args': None, 'build_base': '/home/jetson/ros2_ws/src/build/realsense2mavros', 'catkin_cmake_args': None, 'catkin_skip_building_tests': False, 'cmake_args': None, 'cmake_clean_cache': False, 'cmake_clean_first': False, 'cmake_force_configure': False, 'cmake_target': None, 'cmake_target_skip_unavailable': False, 'install_base': '/home/jetson/ros2_ws/src/install/realsense2mavros', 'merge_install': False, 'path': '/home/jetson/ros2_ws/src/realsense2mavros', 'symlink_install': False, 'test_result_base': None}
[2.730s] Level 5:colcon.colcon_core.verb:set package 'unit_tester' build argument 'cmake_args' from command line to 'None'
[2.730s] Level 5:colcon.colcon_core.verb:set package 'unit_tester' build argument 'cmake_target' from command line to 'None'
[2.731s] Level 5:colcon.colcon_core.verb:set package 'unit_tester' build argument 'cmake_target_skip_unavailable' from command line to 'False'
[2.731s] Level 5:colcon.colcon_core.verb:set package 'unit_tester' build argument 'cmake_clean_cache' from command line to 'False'
[2.731s] Level 5:colcon.colcon_core.verb:set package 'unit_tester' build argument 'cmake_clean_first' from command line to 'False'
[2.731s] Level 5:colcon.colcon_core.verb:set package 'unit_tester' build argument 'cmake_force_configure' from command line to 'False'
[2.731s] Level 5:colcon.colcon_core.verb:set package 'unit_tester' build argument 'ament_cmake_args' from command line to 'None'
[2.732s] Level 5:colcon.colcon_core.verb:set package 'unit_tester' build argument 'catkin_cmake_args' from command line to 'None'
[2.732s] Level 5:colcon.colcon_core.verb:set package 'unit_tester' build argument 'catkin_skip_building_tests' from command line to 'False'
[2.732s] DEBUG:colcon.colcon_core.verb:Building package 'unit_tester' with the following arguments: {'ament_cmake_args': None, 'build_base': '/home/jetson/ros2_ws/src/build/unit_tester', 'catkin_cmake_args': None, 'catkin_skip_building_tests': False, 'cmake_args': None, 'cmake_clean_cache': False, 'cmake_clean_first': False, 'cmake_force_configure': False, 'cmake_target': None, 'cmake_target_skip_unavailable': False, 'install_base': '/home/jetson/ros2_ws/src/install/unit_tester', 'merge_install': False, 'path': '/home/jetson/ros2_ws/src/unit_tester', 'symlink_install': False, 'test_result_base': None}
[2.735s] Level 5:colcon.colcon_core.verb:set package 'vicon_bridge' build argument 'cmake_args' from command line to 'None'
[2.735s] Level 5:colcon.colcon_core.verb:set package 'vicon_bridge' build argument 'cmake_target' from command line to 'None'
[2.735s] Level 5:colcon.colcon_core.verb:set package 'vicon_bridge' build argument 'cmake_target_skip_unavailable' from command line to 'False'
[2.735s] Level 5:colcon.colcon_core.verb:set package 'vicon_bridge' build argument 'cmake_clean_cache' from command line to 'False'
[2.735s] Level 5:colcon.colcon_core.verb:set package 'vicon_bridge' build argument 'cmake_clean_first' from command line to 'False'
[2.736s] Level 5:colcon.colcon_core.verb:set package 'vicon_bridge' build argument 'cmake_force_configure' from command line to 'False'
[2.736s] Level 5:colcon.colcon_core.verb:set package 'vicon_bridge' build argument 'ament_cmake_args' from command line to 'None'
[2.736s] Level 5:colcon.colcon_core.verb:set package 'vicon_bridge' build argument 'catkin_cmake_args' from command line to 'None'
[2.736s] Level 5:colcon.colcon_core.verb:set package 'vicon_bridge' build argument 'catkin_skip_building_tests' from command line to 'False'
[2.736s] DEBUG:colcon.colcon_core.verb:Building package 'vicon_bridge' with the following arguments: {'ament_cmake_args': None, 'build_base': '/home/jetson/ros2_ws/src/build/vicon_bridge', 'catkin_cmake_args': None, 'catkin_skip_building_tests': False, 'cmake_args': None, 'cmake_clean_cache': False, 'cmake_clean_first': False, 'cmake_force_configure': False, 'cmake_target': None, 'cmake_target_skip_unavailable': False, 'install_base': '/home/jetson/ros2_ws/src/install/vicon_bridge', 'merge_install': False, 'path': '/home/jetson/ros2_ws/src/vicon_bridge', 'symlink_install': False, 'test_result_base': None}
[2.737s] INFO:colcon.colcon_core.executor:Executing jobs using 'parallel' executor
[2.746s] DEBUG:colcon.colcon_parallel_executor.executor.parallel:run_until_complete
[2.748s] INFO:colcon.colcon_ros.task.ament_python.build:Building ROS package in '/home/jetson/ros2_ws/src/comm_node' with build type 'ament_python'
[2.749s] Level 1:colcon.colcon_core.shell:create_environment_hook('comm_node', 'ament_prefix_path')
[2.759s] INFO:colcon.colcon_core.plugin_system:Skipping extension 'colcon_core.shell.bat': Not used on non-Windows systems
[2.761s] INFO:colcon.colcon_core.shell:Creating environment hook '/home/jetson/ros2_ws/src/install/comm_node/share/comm_node/hook/ament_prefix_path.ps1'
[2.764s] INFO:colcon.colcon_core.shell:Creating environment descriptor '/home/jetson/ros2_ws/src/install/comm_node/share/comm_node/hook/ament_prefix_path.dsv'
[2.766s] INFO:colcon.colcon_core.shell:Creating environment hook '/home/jetson/ros2_ws/src/install/comm_node/share/comm_node/hook/ament_prefix_path.sh'
[2.771s] INFO:colcon.colcon_core.shell:Skip shell extension 'powershell' for command environment: Not usable outside of PowerShell
[2.771s] DEBUG:colcon.colcon_core.shell:Skip shell extension 'dsv' for command environment
[2.828s] INFO:colcon.colcon_ros.task.ament_python.build:Building ROS package in '/home/jetson/ros2_ws/src/exer2_control' with build type 'ament_python'
[2.830s] Level 1:colcon.colcon_core.shell:create_environment_hook('exer2_control', 'ament_prefix_path')
[2.831s] INFO:colcon.colcon_core.shell:Creating environment hook '/home/jetson/ros2_ws/src/install/exer2_control/share/exer2_control/hook/ament_prefix_path.ps1'
[2.834s] INFO:colcon.colcon_core.shell:Creating environment descriptor '/home/jetson/ros2_ws/src/install/exer2_control/share/exer2_control/hook/ament_prefix_path.dsv'
[2.838s] INFO:colcon.colcon_core.shell:Creating environment hook '/home/jetson/ros2_ws/src/install/exer2_control/share/exer2_control/hook/ament_prefix_path.sh'
[2.841s] INFO:colcon.colcon_core.shell:Skip shell extension 'powershell' for command environment: Not usable outside of PowerShell
[2.842s] DEBUG:colcon.colcon_core.shell:Skip shell extension 'dsv' for command environment
[2.866s] INFO:colcon.colcon_ros.task.ament_cmake.build:Building ROS package in '/home/jetson/ros2_ws/src/px4_autonomy_modules' with build type 'ament_cmake'
[2.870s] INFO:colcon.colcon_cmake.task.cmake.build:Building CMake package in '/home/jetson/ros2_ws/src/px4_autonomy_modules'
[2.872s] INFO:colcon.colcon_core.shell:Skip shell extension 'powershell' for command environment: Not usable outside of PowerShell
[2.873s] DEBUG:colcon.colcon_core.shell:Skip shell extension 'dsv' for command environment
[2.896s] INFO:colcon.colcon_ros.task.ament_python.build:Building ROS package in '/home/jetson/ros2_ws/src/realsense2mavros' with build type 'ament_python'
[2.899s] Level 1:colcon.colcon_core.shell:create_environment_hook('realsense2mavros', 'ament_prefix_path')
[2.901s] INFO:colcon.colcon_core.shell:Creating environment hook '/home/jetson/ros2_ws/src/install/realsense2mavros/share/realsense2mavros/hook/ament_prefix_path.ps1'
[2.903s] INFO:colcon.colcon_core.shell:Creating environment descriptor '/home/jetson/ros2_ws/src/install/realsense2mavros/share/realsense2mavros/hook/ament_prefix_path.dsv'
[2.905s] INFO:colcon.colcon_core.shell:Creating environment hook '/home/jetson/ros2_ws/src/install/realsense2mavros/share/realsense2mavros/hook/ament_prefix_path.sh'
[2.908s] INFO:colcon.colcon_core.shell:Skip shell extension 'powershell' for command environment: Not usable outside of PowerShell
[2.909s] DEBUG:colcon.colcon_core.shell:Skip shell extension 'dsv' for command environment
[4.419s] INFO:colcon.colcon_core.task.python.build:Building Python package in '/home/jetson/ros2_ws/src/comm_node'
[4.422s] INFO:colcon.colcon_core.shell:Skip shell extension 'powershell' for command environment: Not usable outside of PowerShell
[4.422s] DEBUG:colcon.colcon_core.shell:Skip shell extension 'dsv' for command environment
[6.481s] INFO:colcon.colcon_core.task.python.build:Building Python package in '/home/jetson/ros2_ws/src/exer2_control'
[6.482s] INFO:colcon.colcon_core.shell:Skip shell extension 'powershell' for command environment: Not usable outside of PowerShell
[6.483s] DEBUG:colcon.colcon_core.shell:Skip shell extension 'dsv' for command environment
[6.567s] DEBUG:colcon.colcon_core.event_handler.log_command:Invoking command in '/home/jetson/ros2_ws/src/build/px4_autonomy_modules': CMAKE_PREFIX_PATH=${CMAKE_PREFIX_PATH}:/home/jetson/ros2_ws/install/vicon_bridge:/home/jetson/ros2_ws/install/unit_tester:/home/jetson/ros2_ws/install/realsense2mavros:/home/jetson/ros2_ws/install/exer2_control:/home/jetson/ros2_ws/install/comm_node:/opt/ros/foxy /usr/bin/cmake --build /home/jetson/ros2_ws/src/build/px4_autonomy_modules -- -j4 -l4
[8.764s] INFO:colcon.colcon_core.task.python.build:Building Python package in '/home/jetson/ros2_ws/src/realsense2mavros'
[8.768s] INFO:colcon.colcon_core.shell:Skip shell extension 'powershell' for command environment: Not usable outside of PowerShell
[8.771s] DEBUG:colcon.colcon_core.shell:Skip shell extension 'dsv' for command environment
[8.926s] DEBUG:colcon.colcon_core.event_handler.log_command:Invoked command in '/home/jetson/ros2_ws/src/build/px4_autonomy_modules' returned '0': CMAKE_PREFIX_PATH=${CMAKE_PREFIX_PATH}:/home/jetson/ros2_ws/install/vicon_bridge:/home/jetson/ros2_ws/install/unit_tester:/home/jetson/ros2_ws/install/realsense2mavros:/home/jetson/ros2_ws/install/exer2_control:/home/jetson/ros2_ws/install/comm_node:/opt/ros/foxy /usr/bin/cmake --build /home/jetson/ros2_ws/src/build/px4_autonomy_modules -- -j4 -l4
[9.027s] DEBUG:colcon.colcon_core.event_handler.log_command:Invoking command in '/home/jetson/ros2_ws/src/build/px4_autonomy_modules': CMAKE_PREFIX_PATH=${CMAKE_PREFIX_PATH}:/home/jetson/ros2_ws/install/vicon_bridge:/home/jetson/ros2_ws/install/unit_tester:/home/jetson/ros2_ws/install/realsense2mavros:/home/jetson/ros2_ws/install/exer2_control:/home/jetson/ros2_ws/install/comm_node:/opt/ros/foxy /usr/bin/cmake --install /home/jetson/ros2_ws/src/build/px4_autonomy_modules
[9.186s] Level 1:colcon.colcon_core.environment:create_environment_scripts_only(px4_autonomy_modules)
[9.211s] Level 1:colcon.colcon_core.environment:checking '/home/jetson/ros2_ws/src/install/px4_autonomy_modules' for CMake module files
[9.250s] Level 1:colcon.colcon_core.environment:checking '/home/jetson/ros2_ws/src/install/px4_autonomy_modules' for CMake config files
[9.251s] Level 1:colcon.colcon_core.shell:create_environment_hook('px4_autonomy_modules', 'cmake_prefix_path')
[9.265s] DEBUG:colcon.colcon_core.event_handler.log_command:Invoked command in '/home/jetson/ros2_ws/src/build/px4_autonomy_modules' returned '0': CMAKE_PREFIX_PATH=${CMAKE_PREFIX_PATH}:/home/jetson/ros2_ws/install/vicon_bridge:/home/jetson/ros2_ws/install/unit_tester:/home/jetson/ros2_ws/install/realsense2mavros:/home/jetson/ros2_ws/install/exer2_control:/home/jetson/ros2_ws/install/comm_node:/opt/ros/foxy /usr/bin/cmake --install /home/jetson/ros2_ws/src/build/px4_autonomy_modules
[9.271s] INFO:colcon.colcon_core.shell:Creating environment hook '/home/jetson/ros2_ws/src/install/px4_autonomy_modules/share/px4_autonomy_modules/hook/cmake_prefix_path.ps1'
[9.276s] INFO:colcon.colcon_core.shell:Creating environment descriptor '/home/jetson/ros2_ws/src/install/px4_autonomy_modules/share/px4_autonomy_modules/hook/cmake_prefix_path.dsv'
[9.278s] INFO:colcon.colcon_core.shell:Creating environment hook '/home/jetson/ros2_ws/src/install/px4_autonomy_modules/share/px4_autonomy_modules/hook/cmake_prefix_path.sh'
[9.294s] Level 1:colcon.colcon_core.environment:checking '/home/jetson/ros2_ws/src/install/px4_autonomy_modules/bin'
[9.295s] Level 1:colcon.colcon_core.environment:checking '/home/jetson/ros2_ws/src/install/px4_autonomy_modules/lib/pkgconfig/px4_autonomy_modules.pc'
[9.296s] Level 1:colcon.colcon_core.environment:checking '/home/jetson/ros2_ws/src/install/px4_autonomy_modules/lib/python3.8/site-packages'
[9.306s] Level 1:colcon.colcon_core.environment:checking '/home/jetson/ros2_ws/src/install/px4_autonomy_modules/bin'
[9.309s] INFO:colcon.colcon_core.shell:Creating package script '/home/jetson/ros2_ws/src/install/px4_autonomy_modules/share/px4_autonomy_modules/package.ps1'
[9.330s] INFO:colcon.colcon_core.shell:Creating package descriptor '/home/jetson/ros2_ws/src/install/px4_autonomy_modules/share/px4_autonomy_modules/package.dsv'
[9.337s] INFO:colcon.colcon_core.shell:Creating package script '/home/jetson/ros2_ws/src/install/px4_autonomy_modules/share/px4_autonomy_modules/package.sh'
[9.346s] INFO:colcon.colcon_core.shell:Creating package script '/home/jetson/ros2_ws/src/install/px4_autonomy_modules/share/px4_autonomy_modules/package.bash'
[9.362s] INFO:colcon.colcon_core.shell:Creating package script '/home/jetson/ros2_ws/src/install/px4_autonomy_modules/share/px4_autonomy_modules/package.zsh'
[9.366s] Level 1:colcon.colcon_core.environment:create_file_with_runtime_dependencies(/home/jetson/ros2_ws/src/install/px4_autonomy_modules/share/colcon-core/packages/px4_autonomy_modules)
[9.369s] Level 1:colcon.colcon_core.environment:create_environment_scripts_only(px4_autonomy_modules)
[9.381s] Level 1:colcon.colcon_core.environment:checking '/home/jetson/ros2_ws/src/install/px4_autonomy_modules' for CMake module files
[9.384s] Level 1:colcon.colcon_core.environment:checking '/home/jetson/ros2_ws/src/install/px4_autonomy_modules' for CMake config files
[9.385s] Level 1:colcon.colcon_core.shell:create_environment_hook('px4_autonomy_modules', 'cmake_prefix_path')
[9.387s] INFO:colcon.colcon_core.shell:Creating environment hook '/home/jetson/ros2_ws/src/install/px4_autonomy_modules/share/px4_autonomy_modules/hook/cmake_prefix_path.ps1'
[9.390s] INFO:colcon.colcon_core.shell:Creating environment descriptor '/home/jetson/ros2_ws/src/install/px4_autonomy_modules/share/px4_autonomy_modules/hook/cmake_prefix_path.dsv'
[9.396s] INFO:colcon.colcon_core.shell:Creating environment hook '/home/jetson/ros2_ws/src/install/px4_autonomy_modules/share/px4_autonomy_modules/hook/cmake_prefix_path.sh'
[9.405s] Level 1:colcon.colcon_core.environment:checking '/home/jetson/ros2_ws/src/install/px4_autonomy_modules/bin'
[9.406s] Level 1:colcon.colcon_core.environment:checking '/home/jetson/ros2_ws/src/install/px4_autonomy_modules/lib/pkgconfig/px4_autonomy_modules.pc'
[9.407s] Level 1:colcon.colcon_core.environment:checking '/home/jetson/ros2_ws/src/install/px4_autonomy_modules/lib/python3.8/site-packages'
[9.408s] Level 1:colcon.colcon_core.environment:checking '/home/jetson/ros2_ws/src/install/px4_autonomy_modules/bin'
[9.410s] INFO:colcon.colcon_core.shell:Creating package script '/home/jetson/ros2_ws/src/install/px4_autonomy_modules/share/px4_autonomy_modules/package.ps1'
[9.418s] INFO:colcon.colcon_core.shell:Creating package descriptor '/home/jetson/ros2_ws/src/install/px4_autonomy_modules/share/px4_autonomy_modules/package.dsv'
[9.429s] INFO:colcon.colcon_core.shell:Creating package script '/home/jetson/ros2_ws/src/install/px4_autonomy_modules/share/px4_autonomy_modules/package.sh'
[9.434s] INFO:colcon.colcon_core.shell:Creating package script '/home/jetson/ros2_ws/src/install/px4_autonomy_modules/share/px4_autonomy_modules/package.bash'
[9.442s] INFO:colcon.colcon_core.shell:Creating package script '/home/jetson/ros2_ws/src/install/px4_autonomy_modules/share/px4_autonomy_modules/package.zsh'
[9.456s] Level 1:colcon.colcon_core.environment:create_file_with_runtime_dependencies(/home/jetson/ros2_ws/src/install/px4_autonomy_modules/share/colcon-core/packages/px4_autonomy_modules)
[9.462s] INFO:colcon.colcon_ros.task.ament_python.build:Building ROS package in '/home/jetson/ros2_ws/src/unit_tester' with build type 'ament_python'
[9.464s] Level 1:colcon.colcon_core.shell:create_environment_hook('unit_tester', 'ament_prefix_path')
[9.466s] INFO:colcon.colcon_core.shell:Creating environment hook '/home/jetson/ros2_ws/src/install/unit_tester/share/unit_tester/hook/ament_prefix_path.ps1'
[9.471s] INFO:colcon.colcon_core.shell:Creating environment descriptor '/home/jetson/ros2_ws/src/install/unit_tester/share/unit_tester/hook/ament_prefix_path.dsv'
[9.488s] INFO:colcon.colcon_core.shell:Creating environment hook '/home/jetson/ros2_ws/src/install/unit_tester/share/unit_tester/hook/ament_prefix_path.sh'
[9.493s] INFO:colcon.colcon_core.shell:Skip shell extension 'powershell' for command environment: Not usable outside of PowerShell
[9.494s] DEBUG:colcon.colcon_core.shell:Skip shell extension 'dsv' for command environment
[14.285s] INFO:colcon.colcon_core.task.python.build:Building Python package in '/home/jetson/ros2_ws/src/unit_tester'
[14.286s] INFO:colcon.colcon_core.shell:Skip shell extension 'powershell' for command environment: Not usable outside of PowerShell
[14.287s] DEBUG:colcon.colcon_core.shell:Skip shell extension 'dsv' for command environment
[14.987s] DEBUG:colcon.colcon_core.event_handler.log_command:Invoking command in '/home/jetson/ros2_ws/src/exer2_control': PYTHONPATH=/home/jetson/ros2_ws/src/build/exer2_control/prefix_override:/usr/lib/python3/dist-packages/colcon_core/task/python/colcon_distutils_commands:/home/jetson/ros2_ws/src/install/exer2_control/lib/python3.8/site-packages:${PYTHONPATH} /usr/bin/python3 -W ignore:setup.py install is deprecated -W ignore:easy_install command is deprecated setup.py egg_info --egg-base ../build/exer2_control build --build-base /home/jetson/ros2_ws/src/build/exer2_control/build install --record /home/jetson/ros2_ws/src/build/exer2_control/install.log --install-scripts $base/lib/exer2_control --single-version-externally-managed install_data
[15.166s] DEBUG:colcon.colcon_core.event_handler.log_command:Invoking command in '/home/jetson/ros2_ws/src/realsense2mavros': PYTHONPATH=/home/jetson/ros2_ws/src/build/realsense2mavros/prefix_override:/usr/lib/python3/dist-packages/colcon_core/task/python/colcon_distutils_commands:/home/jetson/ros2_ws/src/install/realsense2mavros/lib/python3.8/site-packages:${PYTHONPATH} /usr/bin/python3 -W ignore:setup.py install is deprecated -W ignore:easy_install command is deprecated setup.py egg_info --egg-base ../build/realsense2mavros build --build-base /home/jetson/ros2_ws/src/build/realsense2mavros/build install --record /home/jetson/ros2_ws/src/build/realsense2mavros/install.log --install-scripts $base/lib/realsense2mavros --single-version-externally-managed install_data
[15.210s] DEBUG:colcon.colcon_core.event_handler.log_command:Invoking command in '/home/jetson/ros2_ws/src/comm_node': PYTHONPATH=/home/jetson/ros2_ws/src/build/comm_node/prefix_override:/usr/lib/python3/dist-packages/colcon_core/task/python/colcon_distutils_commands:/home/jetson/ros2_ws/src/install/comm_node/lib/python3.8/site-packages:${PYTHONPATH} /usr/bin/python3 -W ignore:setup.py install is deprecated -W ignore:easy_install command is deprecated setup.py egg_info --egg-base ../build/comm_node build --build-base /home/jetson/ros2_ws/src/build/comm_node/build install --record /home/jetson/ros2_ws/src/build/comm_node/install.log --install-scripts $base/lib/comm_node --single-version-externally-managed install_data
[18.964s] Level 1:colcon.colcon_core.environment:checking '/home/jetson/ros2_ws/src/install/realsense2mavros' for CMake module files
[18.968s] Level 1:colcon.colcon_core.environment:checking '/home/jetson/ros2_ws/src/install/realsense2mavros' for CMake config files
[18.966s] DEBUG:colcon.colcon_core.event_handler.log_command:Invoked command in '/home/jetson/ros2_ws/src/realsense2mavros' returned '0': PYTHONPATH=/home/jetson/ros2_ws/src/build/realsense2mavros/prefix_override:/usr/lib/python3/dist-packages/colcon_core/task/python/colcon_distutils_commands:/home/jetson/ros2_ws/src/install/realsense2mavros/lib/python3.8/site-packages:${PYTHONPATH} /usr/bin/python3 -W ignore:setup.py install is deprecated -W ignore:easy_install command is deprecated setup.py egg_info --egg-base ../build/realsense2mavros build --build-base /home/jetson/ros2_ws/src/build/realsense2mavros/build install --record /home/jetson/ros2_ws/src/build/realsense2mavros/install.log --install-scripts $base/lib/realsense2mavros --single-version-externally-managed install_data
[18.972s] Level 1:colcon.colcon_core.environment:checking '/home/jetson/ros2_ws/src/install/realsense2mavros/lib'
[18.973s] Level 1:colcon.colcon_core.environment:checking '/home/jetson/ros2_ws/src/install/realsense2mavros/bin'
[18.973s] Level 1:colcon.colcon_core.environment:checking '/home/jetson/ros2_ws/src/install/realsense2mavros/lib/pkgconfig/realsense2mavros.pc'
[18.975s] Level 1:colcon.colcon_core.environment:checking '/home/jetson/ros2_ws/src/install/realsense2mavros/lib/python3.8/site-packages'
[18.975s] Level 1:colcon.colcon_core.shell:create_environment_hook('realsense2mavros', 'pythonpath')
[18.983s] INFO:colcon.colcon_core.shell:Creating environment hook '/home/jetson/ros2_ws/src/install/realsense2mavros/share/realsense2mavros/hook/pythonpath.ps1'
[18.986s] INFO:colcon.colcon_core.shell:Creating environment descriptor '/home/jetson/ros2_ws/src/install/realsense2mavros/share/realsense2mavros/hook/pythonpath.dsv'
[18.990s] INFO:colcon.colcon_core.shell:Creating environment hook '/home/jetson/ros2_ws/src/install/realsense2mavros/share/realsense2mavros/hook/pythonpath.sh'
[18.995s] Level 1:colcon.colcon_core.environment:checking '/home/jetson/ros2_ws/src/install/realsense2mavros/bin'
[18.996s] Level 1:colcon.colcon_core.environment:create_environment_scripts_only(realsense2mavros)
[18.998s] INFO:colcon.colcon_core.shell:Creating package script '/home/jetson/ros2_ws/src/install/realsense2mavros/share/realsense2mavros/package.ps1'
[19.009s] INFO:colcon.colcon_core.shell:Creating package descriptor '/home/jetson/ros2_ws/src/install/realsense2mavros/share/realsense2mavros/package.dsv'
[19.014s] INFO:colcon.colcon_core.shell:Creating package script '/home/jetson/ros2_ws/src/install/realsense2mavros/share/realsense2mavros/package.sh'
[19.019s] INFO:colcon.colcon_core.shell:Creating package script '/home/jetson/ros2_ws/src/install/realsense2mavros/share/realsense2mavros/package.bash'
[19.025s] INFO:colcon.colcon_core.shell:Creating package script '/home/jetson/ros2_ws/src/install/realsense2mavros/share/realsense2mavros/package.zsh'
[19.029s] Level 1:colcon.colcon_core.environment:create_file_with_runtime_dependencies(/home/jetson/ros2_ws/src/install/realsense2mavros/share/colcon-core/packages/realsense2mavros)
[19.035s] INFO:colcon.colcon_ros.task.ament_python.build:Building ROS package in '/home/jetson/ros2_ws/src/vicon_bridge' with build type 'ament_python'
[19.038s] Level 1:colcon.colcon_core.shell:create_environment_hook('vicon_bridge', 'ament_prefix_path')
[19.041s] INFO:colcon.colcon_core.shell:Creating environment hook '/home/jetson/ros2_ws/src/install/vicon_bridge/share/vicon_bridge/hook/ament_prefix_path.ps1'
[19.045s] INFO:colcon.colcon_core.shell:Creating environment descriptor '/home/jetson/ros2_ws/src/install/vicon_bridge/share/vicon_bridge/hook/ament_prefix_path.dsv'
[19.050s] INFO:colcon.colcon_core.shell:Creating environment hook '/home/jetson/ros2_ws/src/install/vicon_bridge/share/vicon_bridge/hook/ament_prefix_path.sh'
[19.061s] INFO:colcon.colcon_core.shell:Skip shell extension 'powershell' for command environment: Not usable outside of PowerShell
[19.063s] DEBUG:colcon.colcon_core.shell:Skip shell extension 'dsv' for command environment
[21.508s] INFO:colcon.colcon_core.task.python.build:Building Python package in '/home/jetson/ros2_ws/src/vicon_bridge'
[21.510s] INFO:colcon.colcon_core.shell:Skip shell extension 'powershell' for command environment: Not usable outside of PowerShell
[21.511s] DEBUG:colcon.colcon_core.shell:Skip shell extension 'dsv' for command environment
[21.545s] Level 1:colcon.colcon_core.environment:checking '/home/jetson/ros2_ws/src/install/comm_node' for CMake module files
[21.548s] DEBUG:colcon.colcon_core.event_handler.log_command:Invoked command in '/home/jetson/ros2_ws/src/comm_node' returned '0': PYTHONPATH=/home/jetson/ros2_ws/src/build/comm_node/prefix_override:/usr/lib/python3/dist-packages/colcon_core/task/python/colcon_distutils_commands:/home/jetson/ros2_ws/src/install/comm_node/lib/python3.8/site-packages:${PYTHONPATH} /usr/bin/python3 -W ignore:setup.py install is deprecated -W ignore:easy_install command is deprecated setup.py egg_info --egg-base ../build/comm_node build --build-base /home/jetson/ros2_ws/src/build/comm_node/build install --record /home/jetson/ros2_ws/src/build/comm_node/install.log --install-scripts $base/lib/comm_node --single-version-externally-managed install_data
[21.551s] Level 1:colcon.colcon_core.environment:checking '/home/jetson/ros2_ws/src/install/comm_node' for CMake config files
[21.555s] Level 1:colcon.colcon_core.environment:checking '/home/jetson/ros2_ws/src/install/comm_node/lib'
[21.558s] Level 1:colcon.colcon_core.environment:checking '/home/jetson/ros2_ws/src/install/comm_node/bin'
[21.558s] Level 1:colcon.colcon_core.environment:checking '/home/jetson/ros2_ws/src/install/comm_node/lib/pkgconfig/comm_node.pc'
[21.559s] Level 1:colcon.colcon_core.environment:checking '/home/jetson/ros2_ws/src/install/comm_node/lib/python3.8/site-packages'
[21.560s] Level 1:colcon.colcon_core.shell:create_environment_hook('comm_node', 'pythonpath')
[21.561s] INFO:colcon.colcon_core.shell:Creating environment hook '/home/jetson/ros2_ws/src/install/comm_node/share/comm_node/hook/pythonpath.ps1'
[21.567s] INFO:colcon.colcon_core.shell:Creating environment descriptor '/home/jetson/ros2_ws/src/install/comm_node/share/comm_node/hook/pythonpath.dsv'
[21.571s] INFO:colcon.colcon_core.shell:Creating environment hook '/home/jetson/ros2_ws/src/install/comm_node/share/comm_node/hook/pythonpath.sh'
[21.575s] Level 1:colcon.colcon_core.environment:checking '/home/jetson/ros2_ws/src/install/comm_node/bin'
[21.576s] Level 1:colcon.colcon_core.environment:create_environment_scripts_only(comm_node)
[21.578s] INFO:colcon.colcon_core.shell:Creating package script '/home/jetson/ros2_ws/src/install/comm_node/share/comm_node/package.ps1'
[21.582s] INFO:colcon.colcon_core.shell:Creating package descriptor '/home/jetson/ros2_ws/src/install/comm_node/share/comm_node/package.dsv'
[21.586s] INFO:colcon.colcon_core.shell:Creating package script '/home/jetson/ros2_ws/src/install/comm_node/share/comm_node/package.sh'
[21.589s] INFO:colcon.colcon_core.shell:Creating package script '/home/jetson/ros2_ws/src/install/comm_node/share/comm_node/package.bash'
[21.592s] INFO:colcon.colcon_core.shell:Creating package script '/home/jetson/ros2_ws/src/install/comm_node/share/comm_node/package.zsh'
[21.596s] Level 1:colcon.colcon_core.environment:create_file_with_runtime_dependencies(/home/jetson/ros2_ws/src/install/comm_node/share/colcon-core/packages/comm_node)
[21.598s] Level 1:colcon.colcon_core.environment:checking '/home/jetson/ros2_ws/src/install/exer2_control' for CMake module files
[21.603s] DEBUG:colcon.colcon_core.event_handler.log_command:Invoked command in '/home/jetson/ros2_ws/src/exer2_control' returned '0': PYTHONPATH=/home/jetson/ros2_ws/src/build/exer2_control/prefix_override:/usr/lib/python3/dist-packages/colcon_core/task/python/colcon_distutils_commands:/home/jetson/ros2_ws/src/install/exer2_control/lib/python3.8/site-packages:${PYTHONPATH} /usr/bin/python3 -W ignore:setup.py install is deprecated -W ignore:easy_install command is deprecated setup.py egg_info --egg-base ../build/exer2_control build --build-base /home/jetson/ros2_ws/src/build/exer2_control/build install --record /home/jetson/ros2_ws/src/build/exer2_control/install.log --install-scripts $base/lib/exer2_control --single-version-externally-managed install_data
[21.607s] Level 1:colcon.colcon_core.environment:checking '/home/jetson/ros2_ws/src/install/exer2_control' for CMake config files
[21.610s] Level 1:colcon.colcon_core.environment:checking '/home/jetson/ros2_ws/src/install/exer2_control/lib'
[21.611s] Level 1:colcon.colcon_core.environment:checking '/home/jetson/ros2_ws/src/install/exer2_control/bin'
[21.612s] Level 1:colcon.colcon_core.environment:checking '/home/jetson/ros2_ws/src/install/exer2_control/lib/pkgconfig/exer2_control.pc'
[21.613s] Level 1:colcon.colcon_core.environment:checking '/home/jetson/ros2_ws/src/install/exer2_control/lib/python3.8/site-packages'
[21.614s] Level 1:colcon.colcon_core.shell:create_environment_hook('exer2_control', 'pythonpath')
[21.616s] INFO:colcon.colcon_core.shell:Creating environment hook '/home/jetson/ros2_ws/src/install/exer2_control/share/exer2_control/hook/pythonpath.ps1'
[21.619s] INFO:colcon.colcon_core.shell:Creating environment descriptor '/home/jetson/ros2_ws/src/install/exer2_control/share/exer2_control/hook/pythonpath.dsv'
[21.623s] INFO:colcon.colcon_core.shell:Creating environment hook '/home/jetson/ros2_ws/src/install/exer2_control/share/exer2_control/hook/pythonpath.sh'
[21.628s] Level 1:colcon.colcon_core.environment:checking '/home/jetson/ros2_ws/src/install/exer2_control/bin'
[21.629s] Level 1:colcon.colcon_core.environment:create_environment_scripts_only(exer2_control)
[21.631s] INFO:colcon.colcon_core.shell:Creating package script '/home/jetson/ros2_ws/src/install/exer2_control/share/exer2_control/package.ps1'
[21.636s] INFO:colcon.colcon_core.shell:Creating package descriptor '/home/jetson/ros2_ws/src/install/exer2_control/share/exer2_control/package.dsv'
[21.640s] INFO:colcon.colcon_core.shell:Creating package script '/home/jetson/ros2_ws/src/install/exer2_control/share/exer2_control/package.sh'
[21.643s] INFO:colcon.colcon_core.shell:Creating package script '/home/jetson/ros2_ws/src/install/exer2_control/share/exer2_control/package.bash'
[21.646s] INFO:colcon.colcon_core.shell:Creating package script '/home/jetson/ros2_ws/src/install/exer2_control/share/exer2_control/package.zsh'
[21.649s] Level 1:colcon.colcon_core.environment:create_file_with_runtime_dependencies(/home/jetson/ros2_ws/src/install/exer2_control/share/colcon-core/packages/exer2_control)
[21.662s] DEBUG:colcon.colcon_core.event_handler.log_command:Invoking command in '/home/jetson/ros2_ws/src/unit_tester': PYTHONPATH=/home/jetson/ros2_ws/src/build/unit_tester/prefix_override:/usr/lib/python3/dist-packages/colcon_core/task/python/colcon_distutils_commands:/home/jetson/ros2_ws/src/install/unit_tester/lib/python3.8/site-packages:${PYTHONPATH} /usr/bin/python3 -W ignore:setup.py install is deprecated -W ignore:easy_install command is deprecated setup.py egg_info --egg-base ../build/unit_tester build --build-base /home/jetson/ros2_ws/src/build/unit_tester/build install --record /home/jetson/ros2_ws/src/build/unit_tester/install.log --install-scripts $base/lib/unit_tester --single-version-externally-managed install_data
[24.254s] Level 1:colcon.colcon_core.environment:checking '/home/jetson/ros2_ws/src/install/unit_tester' for CMake module files
[24.257s] DEBUG:colcon.colcon_core.event_handler.log_command:Invoked command in '/home/jetson/ros2_ws/src/unit_tester' returned '0': PYTHONPATH=/home/jetson/ros2_ws/src/build/unit_tester/prefix_override:/usr/lib/python3/dist-packages/colcon_core/task/python/colcon_distutils_commands:/home/jetson/ros2_ws/src/install/unit_tester/lib/python3.8/site-packages:${PYTHONPATH} /usr/bin/python3 -W ignore:setup.py install is deprecated -W ignore:easy_install command is deprecated setup.py egg_info --egg-base ../build/unit_tester build --build-base /home/jetson/ros2_ws/src/build/unit_tester/build install --record /home/jetson/ros2_ws/src/build/unit_tester/install.log --install-scripts $base/lib/unit_tester --single-version-externally-managed install_data
[24.264s] Level 1:colcon.colcon_core.environment:checking '/home/jetson/ros2_ws/src/install/unit_tester' for CMake config files
[24.267s] Level 1:colcon.colcon_core.environment:checking '/home/jetson/ros2_ws/src/install/unit_tester/lib'
[24.272s] Level 1:colcon.colcon_core.environment:checking '/home/jetson/ros2_ws/src/install/unit_tester/bin'
[24.274s] Level 1:colcon.colcon_core.environment:checking '/home/jetson/ros2_ws/src/install/unit_tester/lib/pkgconfig/unit_tester.pc'
[24.279s] Level 1:colcon.colcon_core.environment:checking '/home/jetson/ros2_ws/src/install/unit_tester/lib/python3.8/site-packages'
[24.281s] Level 1:colcon.colcon_core.shell:create_environment_hook('unit_tester', 'pythonpath')
[24.286s] INFO:colcon.colcon_core.shell:Creating environment hook '/home/jetson/ros2_ws/src/install/unit_tester/share/unit_tester/hook/pythonpath.ps1'
[24.298s] INFO:colcon.colcon_core.shell:Creating environment descriptor '/home/jetson/ros2_ws/src/install/unit_tester/share/unit_tester/hook/pythonpath.dsv'
[24.310s] INFO:colcon.colcon_core.shell:Creating environment hook '/home/jetson/ros2_ws/src/install/unit_tester/share/unit_tester/hook/pythonpath.sh'
[24.319s] Level 1:colcon.colcon_core.environment:checking '/home/jetson/ros2_ws/src/install/unit_tester/bin'
[24.324s] Level 1:colcon.colcon_core.environment:create_environment_scripts_only(unit_tester)
[24.327s] INFO:colcon.colcon_core.shell:Creating package script '/home/jetson/ros2_ws/src/install/unit_tester/share/unit_tester/package.ps1'
[24.337s] INFO:colcon.colcon_core.shell:Creating package descriptor '/home/jetson/ros2_ws/src/install/unit_tester/share/unit_tester/package.dsv'
[24.355s] INFO:colcon.colcon_core.shell:Creating package script '/home/jetson/ros2_ws/src/install/unit_tester/share/unit_tester/package.sh'
[24.359s] INFO:colcon.colcon_core.shell:Creating package script '/home/jetson/ros2_ws/src/install/unit_tester/share/unit_tester/package.bash'
[24.366s] INFO:colcon.colcon_core.shell:Creating package script '/home/jetson/ros2_ws/src/install/unit_tester/share/unit_tester/package.zsh'
[24.374s] Level 1:colcon.colcon_core.environment:create_file_with_runtime_dependencies(/home/jetson/ros2_ws/src/install/unit_tester/share/colcon-core/packages/unit_tester)
[24.816s] DEBUG:colcon.colcon_core.event_handler.log_command:Invoking command in '/home/jetson/ros2_ws/src/vicon_bridge': PYTHONPATH=/home/jetson/ros2_ws/src/build/vicon_bridge/prefix_override:/usr/lib/python3/dist-packages/colcon_core/task/python/colcon_distutils_commands:/home/jetson/ros2_ws/src/install/vicon_bridge/lib/python3.8/site-packages:${PYTHONPATH} /usr/bin/python3 -W ignore:setup.py install is deprecated -W ignore:easy_install command is deprecated setup.py egg_info --egg-base ../build/vicon_bridge build --build-base /home/jetson/ros2_ws/src/build/vicon_bridge/build install --record /home/jetson/ros2_ws/src/build/vicon_bridge/install.log --install-scripts $base/lib/vicon_bridge --single-version-externally-managed install_data
[26.298s] Level 1:colcon.colcon_core.environment:checking '/home/jetson/ros2_ws/src/install/vicon_bridge' for CMake module files
[26.301s] DEBUG:colcon.colcon_core.event_handler.log_command:Invoked command in '/home/jetson/ros2_ws/src/vicon_bridge' returned '0': PYTHONPATH=/home/jetson/ros2_ws/src/build/vicon_bridge/prefix_override:/usr/lib/python3/dist-packages/colcon_core/task/python/colcon_distutils_commands:/home/jetson/ros2_ws/src/install/vicon_bridge/lib/python3.8/site-packages:${PYTHONPATH} /usr/bin/python3 -W ignore:setup.py install is deprecated -W ignore:easy_install command is deprecated setup.py egg_info --egg-base ../build/vicon_bridge build --build-base /home/jetson/ros2_ws/src/build/vicon_bridge/build install --record /home/jetson/ros2_ws/src/build/vicon_bridge/install.log --install-scripts $base/lib/vicon_bridge --single-version-externally-managed install_data
[26.302s] Level 1:colcon.colcon_core.environment:checking '/home/jetson/ros2_ws/src/install/vicon_bridge' for CMake config files
[26.305s] Level 1:colcon.colcon_core.environment:checking '/home/jetson/ros2_ws/src/install/vicon_bridge/lib'
[26.306s] Level 1:colcon.colcon_core.environment:checking '/home/jetson/ros2_ws/src/install/vicon_bridge/bin'
[26.306s] Level 1:colcon.colcon_core.environment:checking '/home/jetson/ros2_ws/src/install/vicon_bridge/lib/pkgconfig/vicon_bridge.pc'
[26.307s] Level 1:colcon.colcon_core.environment:checking '/home/jetson/ros2_ws/src/install/vicon_bridge/lib/python3.8/site-packages'
[26.307s] Level 1:colcon.colcon_core.shell:create_environment_hook('vicon_bridge', 'pythonpath')
[26.308s] INFO:colcon.colcon_core.shell:Creating environment hook '/home/jetson/ros2_ws/src/install/vicon_bridge/share/vicon_bridge/hook/pythonpath.ps1'
[26.312s] INFO:colcon.colcon_core.shell:Creating environment descriptor '/home/jetson/ros2_ws/src/install/vicon_bridge/share/vicon_bridge/hook/pythonpath.dsv'
[26.314s] INFO:colcon.colcon_core.shell:Creating environment hook '/home/jetson/ros2_ws/src/install/vicon_bridge/share/vicon_bridge/hook/pythonpath.sh'
[26.316s] Level 1:colcon.colcon_core.environment:checking '/home/jetson/ros2_ws/src/install/vicon_bridge/bin'
[26.316s] Level 1:colcon.colcon_core.environment:create_environment_scripts_only(vicon_bridge)
[26.318s] INFO:colcon.colcon_core.shell:Creating package script '/home/jetson/ros2_ws/src/install/vicon_bridge/share/vicon_bridge/package.ps1'
[26.320s] INFO:colcon.colcon_core.shell:Creating package descriptor '/home/jetson/ros2_ws/src/install/vicon_bridge/share/vicon_bridge/package.dsv'
[26.322s] INFO:colcon.colcon_core.shell:Creating package script '/home/jetson/ros2_ws/src/install/vicon_bridge/share/vicon_bridge/package.sh'
[26.324s] INFO:colcon.colcon_core.shell:Creating package script '/home/jetson/ros2_ws/src/install/vicon_bridge/share/vicon_bridge/package.bash'
[26.326s] INFO:colcon.colcon_core.shell:Creating package script '/home/jetson/ros2_ws/src/install/vicon_bridge/share/vicon_bridge/package.zsh'
[26.328s] Level 1:colcon.colcon_core.environment:create_file_with_runtime_dependencies(/home/jetson/ros2_ws/src/install/vicon_bridge/share/colcon-core/packages/vicon_bridge)
[26.329s] DEBUG:colcon.colcon_parallel_executor.executor.parallel:closing loop
[26.331s] DEBUG:colcon.colcon_parallel_executor.executor.parallel:loop closed
[26.331s] DEBUG:colcon.colcon_parallel_executor.executor.parallel:run_until_complete finished with '0'
[26.332s] DEBUG:colcon.colcon_core.event_reactor:joining thread
[26.361s] INFO:colcon.colcon_core.plugin_system:Skipping extension 'colcon_notification.desktop_notification.terminal_notifier': Not used on non-Darwin systems
[26.362s] INFO:colcon.colcon_core.plugin_system:Skipping extension 'colcon_notification.desktop_notification.win32': Not used on non-Windows systems
[26.362s] INFO:colcon.colcon_notification.desktop_notification:Sending desktop notification using 'notify2'
[26.396s] DEBUG:colcon.colcon_core.event_reactor:joined thread
[26.398s] INFO:colcon.colcon_core.shell:Creating prefix script '/home/jetson/ros2_ws/src/install/local_setup.ps1'
[26.402s] INFO:colcon.colcon_core.shell:Creating prefix util module '/home/jetson/ros2_ws/src/install/_local_setup_util_ps1.py'
[26.408s] INFO:colcon.colcon_core.shell:Creating prefix chain script '/home/jetson/ros2_ws/src/install/setup.ps1'
[26.413s] INFO:colcon.colcon_core.shell:Creating prefix script '/home/jetson/ros2_ws/src/install/local_setup.sh'
[26.417s] INFO:colcon.colcon_core.shell:Creating prefix util module '/home/jetson/ros2_ws/src/install/_local_setup_util_sh.py'
[26.419s] INFO:colcon.colcon_core.shell:Creating prefix chain script '/home/jetson/ros2_ws/src/install/setup.sh'
[26.425s] INFO:colcon.colcon_core.shell:Creating prefix script '/home/jetson/ros2_ws/src/install/local_setup.bash'
[26.427s] INFO:colcon.colcon_core.shell:Creating prefix chain script '/home/jetson/ros2_ws/src/install/setup.bash'
[26.432s] INFO:colcon.colcon_core.shell:Creating prefix script '/home/jetson/ros2_ws/src/install/local_setup.zsh'
[26.434s] INFO:colcon.colcon_core.shell:Creating prefix chain script '/home/jetson/ros2_ws/src/install/setup.zsh'
