[15.392s] Invoking command in '/home/jetson/ros2_ws/src/comm_node': PYTHONPATH=/home/jetson/ros2_ws/src/build/comm_node/prefix_override:/usr/lib/python3/dist-packages/colcon_core/task/python/colcon_distutils_commands:/home/jetson/ros2_ws/src/install/comm_node/lib/python3.8/site-packages:${PYTHONPATH} /usr/bin/python3 -W ignore:setup.py install is deprecated -W ignore:easy_install command is deprecated setup.py egg_info --egg-base ../build/comm_node build --build-base /home/jetson/ros2_ws/src/build/comm_node/build install --record /home/jetson/ros2_ws/src/build/comm_node/install.log --install-scripts $base/lib/comm_node --single-version-externally-managed install_data
[19.891s] /usr/local/lib/python3.8/dist-packages/setuptools/dist.py:717: UserWarning: Usage of dash-separated 'script-dir' will not be supported in future versions. Please use the underscore name 'script_dir' instead
[19.892s]   warnings.warn(
[20.441s] running egg_info
[20.449s] writing ../build/comm_node/comm_node.egg-info/PKG-INFO
[20.457s] writing dependency_links to ../build/comm_node/comm_node.egg-info/dependency_links.txt
[20.462s] writing entry points to ../build/comm_node/comm_node.egg-info/entry_points.txt
[20.464s] writing requirements to ../build/comm_node/comm_node.egg-info/requires.txt
[20.469s] writing top-level names to ../build/comm_node/comm_node.egg-info/top_level.txt
[20.558s] reading manifest file '../build/comm_node/comm_node.egg-info/SOURCES.txt'
[20.574s] writing manifest file '../build/comm_node/comm_node.egg-info/SOURCES.txt'
[20.581s] running build
[20.583s] running build_py
[20.600s] running install
[20.636s] running install_lib
[20.694s] running install_data
[20.701s] running install_egg_info
[20.767s] removing '/home/jetson/ros2_ws/src/install/comm_node/lib/python3.8/site-packages/comm_node-0.0.1-py3.8.egg-info' (and everything under it)
[20.786s] Copying ../build/comm_node/comm_node.egg-info to /home/jetson/ros2_ws/src/install/comm_node/lib/python3.8/site-packages/comm_node-0.0.1-py3.8.egg-info
[20.812s] running install_scripts
[21.223s] Installing comm script to /home/jetson/ros2_ws/src/install/comm_node/lib/comm_node
[21.235s] writing list of installed files to '/home/jetson/ros2_ws/src/build/comm_node/install.log'
[21.455s] Invoked command in '/home/jetson/ros2_ws/src/comm_node' returned '0': PYTHONPATH=/home/jetson/ros2_ws/src/build/comm_node/prefix_override:/usr/lib/python3/dist-packages/colcon_core/task/python/colcon_distutils_commands:/home/jetson/ros2_ws/src/install/comm_node/lib/python3.8/site-packages:${PYTHONPATH} /usr/bin/python3 -W ignore:setup.py install is deprecated -W ignore:easy_install command is deprecated setup.py egg_info --egg-base ../build/comm_node build --build-base /home/jetson/ros2_ws/src/build/comm_node/build install --record /home/jetson/ros2_ws/src/build/comm_node/install.log --install-scripts $base/lib/comm_node --single-version-externally-managed install_data
