[8.657s] Invoking command in '/home/jetson/ros2_ws/src/comm_node': PYTHONPATH=/home/jetson/ros2_ws/src/build/comm_node/prefix_override:/usr/lib/python3/dist-packages/colcon_core/task/python/colcon_distutils_commands:/home/jetson/ros2_ws/src/install/comm_node/lib/python3.8/site-packages:${PYTHONPATH} /usr/bin/python3 -W ignore:setup.py install is deprecated -W ignore:easy_install command is deprecated setup.py egg_info --egg-base ../build/comm_node build --build-base /home/jetson/ros2_ws/src/build/comm_node/build install --record /home/jetson/ros2_ws/src/build/comm_node/install.log --install-scripts $base/lib/comm_node --single-version-externally-managed install_data
[10.183s] /usr/local/lib/python3.8/dist-packages/setuptools/dist.py:717: UserWarning: Usage of dash-separated 'script-dir' will not be supported in future versions. Please use the underscore name 'script_dir' instead
[10.183s]   warnings.warn(
[10.409s] running egg_info
[10.414s] writing ../build/comm_node/comm_node.egg-info/PKG-INFO
[10.416s] writing dependency_links to ../build/comm_node/comm_node.egg-info/dependency_links.txt
[10.418s] writing entry points to ../build/comm_node/comm_node.egg-info/entry_points.txt
[10.420s] writing requirements to ../build/comm_node/comm_node.egg-info/requires.txt
[10.422s] writing top-level names to ../build/comm_node/comm_node.egg-info/top_level.txt
[10.438s] reading manifest file '../build/comm_node/comm_node.egg-info/SOURCES.txt'
[10.443s] writing manifest file '../build/comm_node/comm_node.egg-info/SOURCES.txt'
[10.444s] running build
[10.445s] running build_py
[10.447s] running install
[10.452s] running install_lib
[10.461s] running install_data
[10.463s] running install_egg_info
[10.472s] removing '/home/jetson/ros2_ws/src/install/comm_node/lib/python3.8/site-packages/comm_node-0.0.1-py3.8.egg-info' (and everything under it)
[10.474s] Copying ../build/comm_node/comm_node.egg-info to /home/jetson/ros2_ws/src/install/comm_node/lib/python3.8/site-packages/comm_node-0.0.1-py3.8.egg-info
[10.481s] running install_scripts
[10.609s] Installing comm script to /home/jetson/ros2_ws/src/install/comm_node/lib/comm_node
[10.615s] writing list of installed files to '/home/jetson/ros2_ws/src/build/comm_node/install.log'
[10.861s] Invoked command in '/home/jetson/ros2_ws/src/comm_node' returned '0': PYTHONPATH=/home/jetson/ros2_ws/src/build/comm_node/prefix_override:/usr/lib/python3/dist-packages/colcon_core/task/python/colcon_distutils_commands:/home/jetson/ros2_ws/src/install/comm_node/lib/python3.8/site-packages:${PYTHONPATH} /usr/bin/python3 -W ignore:setup.py install is deprecated -W ignore:easy_install command is deprecated setup.py egg_info --egg-base ../build/comm_node build --build-base /home/jetson/ros2_ws/src/build/comm_node/build install --record /home/jetson/ros2_ws/src/build/comm_node/install.log --install-scripts $base/lib/comm_node --single-version-externally-managed install_data
