[9.600s] Invoking command in '/home/jetson/ros2_ws/src/image_processor': PYTHONPATH=/home/jetson/ros2_ws/build/image_processor/prefix_override:/usr/lib/python3/dist-packages/colcon_core/task/python/colcon_distutils_commands:/home/jetson/ros2_ws/install/image_processor/lib/python3.8/site-packages:${PYTHONPATH} /usr/bin/python3 -W ignore:setup.py install is deprecated -W ignore:easy_install command is deprecated setup.py egg_info --egg-base ../../build/image_processor build --build-base /home/jetson/ros2_ws/build/image_processor/build install --record /home/jetson/ros2_ws/build/image_processor/install.log --install-scripts $base/lib/image_processor --single-version-externally-managed install_data
[12.233s] running egg_info
[12.236s] writing ../../build/image_processor/image_processor.egg-info/PKG-INFO
[12.240s] writing dependency_links to ../../build/image_processor/image_processor.egg-info/dependency_links.txt
[12.240s] writing entry points to ../../build/image_processor/image_processor.egg-info/entry_points.txt
[12.241s] writing requirements to ../../build/image_processor/image_processor.egg-info/requires.txt
[12.242s] writing top-level names to ../../build/image_processor/image_processor.egg-info/top_level.txt
[12.242s] reading manifest file '../../build/image_processor/image_processor.egg-info/SOURCES.txt'
[12.243s] writing manifest file '../../build/image_processor/image_processor.egg-info/SOURCES.txt'
[12.243s] running build
[12.244s] running build_py
[12.245s] copying image_processor/state_machine.py -> /home/jetson/ros2_ws/build/image_processor/build/lib/image_processor
[12.245s] running install
[12.246s] running install_lib
[12.246s] copying /home/jetson/ros2_ws/build/image_processor/build/lib/image_processor/state_machine.py -> /home/jetson/ros2_ws/install/image_processor/lib/python3.8/site-packages/image_processor
[12.247s] byte-compiling /home/jetson/ros2_ws/install/image_processor/lib/python3.8/site-packages/image_processor/state_machine.py to state_machine.cpython-38.pyc
[12.261s] running install_data
[12.264s] running install_egg_info
[12.266s] removing '/home/jetson/ros2_ws/install/image_processor/lib/python3.8/site-packages/image_processor-0.0.0-py3.8.egg-info' (and everything under it)
[12.267s] Copying ../../build/image_processor/image_processor.egg-info to /home/jetson/ros2_ws/install/image_processor/lib/python3.8/site-packages/image_processor-0.0.0-py3.8.egg-info
[12.268s] running install_scripts
[12.269s] Installing state_machine script to /home/jetson/ros2_ws/install/image_processor/lib/image_processor
[12.270s] writing list of installed files to '/home/jetson/ros2_ws/build/image_processor/install.log'
[12.271s] /usr/local/lib/python3.8/dist-packages/setuptools/dist.py:717: UserWarning: Usage of dash-separated 'script-dir' will not be supported in future versions. Please use the underscore name 'script_dir' instead
[12.271s]   warnings.warn(
[12.374s] Invoked command in '/home/jetson/ros2_ws/src/image_processor' returned '0': PYTHONPATH=/home/jetson/ros2_ws/build/image_processor/prefix_override:/usr/lib/python3/dist-packages/colcon_core/task/python/colcon_distutils_commands:/home/jetson/ros2_ws/install/image_processor/lib/python3.8/site-packages:${PYTHONPATH} /usr/bin/python3 -W ignore:setup.py install is deprecated -W ignore:easy_install command is deprecated setup.py egg_info --egg-base ../../build/image_processor build --build-base /home/jetson/ros2_ws/build/image_processor/build install --record /home/jetson/ros2_ws/build/image_processor/install.log --install-scripts $base/lib/image_processor --single-version-externally-managed install_data
