[3.058s] Invoking command in '/home/jetson/ros2_ws/src/build/px4_autonomy_modules': CMAKE_PREFIX_PATH=${CMAKE_PREFIX_PATH}:/home/jetson/ros2_ws/src/install/vicon_bridge:/home/jetson/ros2_ws/src/install/unit_tester:/home/jetson/ros2_ws/src/install/realsense2mavros:/home/jetson/ros2_ws/src/install/exer2_control:/home/jetson/ros2_ws/src/install/comm_node:/home/jetson/ros2_ws/install/vicon_bridge:/home/jetson/ros2_ws/install/unit_tester:/home/jetson/ros2_ws/install/realsense2mavros:/home/jetson/ros2_ws/install/exer2_control:/home/jetson/ros2_ws/install/comm_node:/opt/ros/foxy /usr/bin/cmake --build /home/jetson/ros2_ws/src/build/px4_autonomy_modules -- -j4 -l4
[4.707s] Invoked command in '/home/jetson/ros2_ws/src/build/px4_autonomy_modules' returned '0': CMAKE_PREFIX_PATH=${CMAKE_PREFIX_PATH}:/home/jetson/ros2_ws/src/install/vicon_bridge:/home/jetson/ros2_ws/src/install/unit_tester:/home/jetson/ros2_ws/src/install/realsense2mavros:/home/jetson/ros2_ws/src/install/exer2_control:/home/jetson/ros2_ws/src/install/comm_node:/home/jetson/ros2_ws/install/vicon_bridge:/home/jetson/ros2_ws/install/unit_tester:/home/jetson/ros2_ws/install/realsense2mavros:/home/jetson/ros2_ws/install/exer2_control:/home/jetson/ros2_ws/install/comm_node:/opt/ros/foxy /usr/bin/cmake --build /home/jetson/ros2_ws/src/build/px4_autonomy_modules -- -j4 -l4
[4.755s] Invoking command in '/home/jetson/ros2_ws/src/build/px4_autonomy_modules': CMAKE_PREFIX_PATH=${CMAKE_PREFIX_PATH}:/home/jetson/ros2_ws/src/install/vicon_bridge:/home/jetson/ros2_ws/src/install/unit_tester:/home/jetson/ros2_ws/src/install/realsense2mavros:/home/jetson/ros2_ws/src/install/exer2_control:/home/jetson/ros2_ws/src/install/comm_node:/home/jetson/ros2_ws/install/vicon_bridge:/home/jetson/ros2_ws/install/unit_tester:/home/jetson/ros2_ws/install/realsense2mavros:/home/jetson/ros2_ws/install/exer2_control:/home/jetson/ros2_ws/install/comm_node:/opt/ros/foxy /usr/bin/cmake --install /home/jetson/ros2_ws/src/build/px4_autonomy_modules
[4.794s] -- Install configuration: ""
[4.795s] -- Up-to-date: /home/jetson/ros2_ws/src/install/px4_autonomy_modules/share/px4_autonomy_modules/launch
[4.796s] -- Up-to-date: /home/jetson/ros2_ws/src/install/px4_autonomy_modules/share/px4_autonomy_modules/launch/px4_config.yaml
[4.797s] -- Up-to-date: /home/jetson/ros2_ws/src/install/px4_autonomy_modules/share/px4_autonomy_modules/launch/px4_pluginlists.yaml
[4.797s] -- Up-to-date: /home/jetson/ros2_ws/src/install/px4_autonomy_modules/share/px4_autonomy_modules/launch/mavros.launch.py
[4.797s] -- Up-to-date: /home/jetson/ros2_ws/src/install/px4_autonomy_modules/share/ament_index/resource_index/package_run_dependencies/px4_autonomy_modules
[4.798s] -- Up-to-date: /home/jetson/ros2_ws/src/install/px4_autonomy_modules/share/ament_index/resource_index/parent_prefix_path/px4_autonomy_modules
[4.798s] -- Up-to-date: /home/jetson/ros2_ws/src/install/px4_autonomy_modules/share/px4_autonomy_modules/environment/ament_prefix_path.sh
[4.801s] -- Up-to-date: /home/jetson/ros2_ws/src/install/px4_autonomy_modules/share/px4_autonomy_modules/environment/ament_prefix_path.dsv
[4.804s] -- Up-to-date: /home/jetson/ros2_ws/src/install/px4_autonomy_modules/share/px4_autonomy_modules/environment/path.sh
[4.806s] -- Up-to-date: /home/jetson/ros2_ws/src/install/px4_autonomy_modules/share/px4_autonomy_modules/environment/path.dsv
[4.807s] -- Up-to-date: /home/jetson/ros2_ws/src/install/px4_autonomy_modules/share/px4_autonomy_modules/local_setup.bash
[4.807s] -- Up-to-date: /home/jetson/ros2_ws/src/install/px4_autonomy_modules/share/px4_autonomy_modules/local_setup.sh
[4.808s] -- Up-to-date: /home/jetson/ros2_ws/src/install/px4_autonomy_modules/share/px4_autonomy_modules/local_setup.zsh
[4.808s] -- Up-to-date: /home/jetson/ros2_ws/src/install/px4_autonomy_modules/share/px4_autonomy_modules/local_setup.dsv
[4.809s] -- Installing: /home/jetson/ros2_ws/src/install/px4_autonomy_modules/share/px4_autonomy_modules/package.dsv
[4.809s] -- Up-to-date: /home/jetson/ros2_ws/src/install/px4_autonomy_modules/share/ament_index/resource_index/packages/px4_autonomy_modules
[4.810s] -- Up-to-date: /home/jetson/ros2_ws/src/install/px4_autonomy_modules/share/px4_autonomy_modules/cmake/px4_autonomy_modulesConfig.cmake
[4.810s] -- Up-to-date: /home/jetson/ros2_ws/src/install/px4_autonomy_modules/share/px4_autonomy_modules/cmake/px4_autonomy_modulesConfig-version.cmake
[4.811s] -- Up-to-date: /home/jetson/ros2_ws/src/install/px4_autonomy_modules/share/px4_autonomy_modules/package.xml
[4.871s] Invoked command in '/home/jetson/ros2_ws/src/build/px4_autonomy_modules' returned '0': CMAKE_PREFIX_PATH=${CMAKE_PREFIX_PATH}:/home/jetson/ros2_ws/src/install/vicon_bridge:/home/jetson/ros2_ws/src/install/unit_tester:/home/jetson/ros2_ws/src/install/realsense2mavros:/home/jetson/ros2_ws/src/install/exer2_control:/home/jetson/ros2_ws/src/install/comm_node:/home/jetson/ros2_ws/install/vicon_bridge:/home/jetson/ros2_ws/install/unit_tester:/home/jetson/ros2_ws/install/realsense2mavros:/home/jetson/ros2_ws/install/exer2_control:/home/jetson/ros2_ws/install/comm_node:/opt/ros/foxy /usr/bin/cmake --install /home/jetson/ros2_ws/src/build/px4_autonomy_modules
