[8.075s] Invoking command in '/home/jetson/ros2_ws/src/realsense2mavros': PYTHONPATH=/home/jetson/ros2_ws/src/build/realsense2mavros/prefix_override:/usr/lib/python3/dist-packages/colcon_core/task/python/colcon_distutils_commands:/home/jetson/ros2_ws/src/install/realsense2mavros/lib/python3.8/site-packages:${PYTHONPATH} /usr/bin/python3 -W ignore:setup.py install is deprecated -W ignore:easy_install command is deprecated setup.py egg_info --egg-base ../build/realsense2mavros build --build-base /home/jetson/ros2_ws/src/build/realsense2mavros/build install --record /home/jetson/ros2_ws/src/build/realsense2mavros/install.log --install-scripts $base/lib/realsense2mavros --single-version-externally-managed install_data
[9.692s] /usr/local/lib/python3.8/dist-packages/setuptools/dist.py:717: UserWarning: Usage of dash-separated 'script-dir' will not be supported in future versions. Please use the underscore name 'script_dir' instead
[9.693s]   warnings.warn(
[9.707s] running egg_info
[9.717s] writing ../build/realsense2mavros/realsense2mavros.egg-info/PKG-INFO
[9.718s] writing dependency_links to ../build/realsense2mavros/realsense2mavros.egg-info/dependency_links.txt
[9.718s] writing entry points to ../build/realsense2mavros/realsense2mavros.egg-info/entry_points.txt
[9.719s] writing requirements to ../build/realsense2mavros/realsense2mavros.egg-info/requires.txt
[9.719s] writing top-level names to ../build/realsense2mavros/realsense2mavros.egg-info/top_level.txt
[9.748s] reading manifest file '../build/realsense2mavros/realsense2mavros.egg-info/SOURCES.txt'
[9.757s] writing manifest file '../build/realsense2mavros/realsense2mavros.egg-info/SOURCES.txt'
[9.764s] running build
[9.765s] running build_py
[9.765s] running install
[9.774s] running install_lib
[9.783s] running install_data
[9.786s] running install_egg_info
[9.797s] removing '/home/jetson/ros2_ws/src/install/realsense2mavros/lib/python3.8/site-packages/realsense2mavros-0.0.0-py3.8.egg-info' (and everything under it)
[9.809s] Copying ../build/realsense2mavros/realsense2mavros.egg-info to /home/jetson/ros2_ws/src/install/realsense2mavros/lib/python3.8/site-packages/realsense2mavros-0.0.0-py3.8.egg-info
[9.825s] running install_scripts
[9.940s] Installing realsense2mavros script to /home/jetson/ros2_ws/src/install/realsense2mavros/lib/realsense2mavros
[9.954s] writing list of installed files to '/home/jetson/ros2_ws/src/build/realsense2mavros/install.log'
[10.123s] Invoked command in '/home/jetson/ros2_ws/src/realsense2mavros' returned '0': PYTHONPATH=/home/jetson/ros2_ws/src/build/realsense2mavros/prefix_override:/usr/lib/python3/dist-packages/colcon_core/task/python/colcon_distutils_commands:/home/jetson/ros2_ws/src/install/realsense2mavros/lib/python3.8/site-packages:${PYTHONPATH} /usr/bin/python3 -W ignore:setup.py install is deprecated -W ignore:easy_install command is deprecated setup.py egg_info --egg-base ../build/realsense2mavros build --build-base /home/jetson/ros2_ws/src/build/realsense2mavros/build install --record /home/jetson/ros2_ws/src/build/realsense2mavros/install.log --install-scripts $base/lib/realsense2mavros --single-version-externally-managed install_data
