[3.938s] Invoking command in '/home/jetson/ros2_ws/src/build/px4_autonomy_modules': CMAKE_PREFIX_PATH=${CMAKE_PREFIX_PATH}:/home/jetson/ros2_ws/install/vicon_bridge:/home/jetson/ros2_ws/install/unit_tester:/home/jetson/ros2_ws/install/realsense2mavros:/home/jetson/ros2_ws/install/exer2_control:/home/jetson/ros2_ws/install/dummy_vicon_republisher:/home/jetson/ros2_ws/install/comm_node:/opt/ros/foxy /usr/bin/cmake --build /home/jetson/ros2_ws/src/build/px4_autonomy_modules -- -j4 -l4
[4.338s] Invoked command in '/home/jetson/ros2_ws/src/build/px4_autonomy_modules' returned '0': CMAKE_PREFIX_PATH=${CMAKE_PREFIX_PATH}:/home/jetson/ros2_ws/install/vicon_bridge:/home/jetson/ros2_ws/install/unit_tester:/home/jetson/ros2_ws/install/realsense2mavros:/home/jetson/ros2_ws/install/exer2_control:/home/jetson/ros2_ws/install/dummy_vicon_republisher:/home/jetson/ros2_ws/install/comm_node:/opt/ros/foxy /usr/bin/cmake --build /home/jetson/ros2_ws/src/build/px4_autonomy_modules -- -j4 -l4
[4.392s] Invoking command in '/home/jetson/ros2_ws/src/build/px4_autonomy_modules': CMAKE_PREFIX_PATH=${CMAKE_PREFIX_PATH}:/home/jetson/ros2_ws/install/vicon_bridge:/home/jetson/ros2_ws/install/unit_tester:/home/jetson/ros2_ws/install/realsense2mavros:/home/jetson/ros2_ws/install/exer2_control:/home/jetson/ros2_ws/install/dummy_vicon_republisher:/home/jetson/ros2_ws/install/comm_node:/opt/ros/foxy /usr/bin/cmake --install /home/jetson/ros2_ws/src/build/px4_autonomy_modules
[4.443s] -- Install configuration: ""
[4.447s] -- Up-to-date: /home/jetson/ros2_ws/src/install/px4_autonomy_modules/share/px4_autonomy_modules/launch
[4.451s] -- Up-to-date: /home/jetson/ros2_ws/src/install/px4_autonomy_modules/share/px4_autonomy_modules/launch/px4_config.yaml
[4.455s] -- Up-to-date: /home/jetson/ros2_ws/src/install/px4_autonomy_modules/share/px4_autonomy_modules/launch/px4_pluginlists.yaml
[4.458s] -- Up-to-date: /home/jetson/ros2_ws/src/install/px4_autonomy_modules/share/px4_autonomy_modules/launch/mavros.launch.py
[4.462s] -- Up-to-date: /home/jetson/ros2_ws/src/install/px4_autonomy_modules/share/ament_index/resource_index/package_run_dependencies/px4_autonomy_modules
[4.466s] -- Up-to-date: /home/jetson/ros2_ws/src/install/px4_autonomy_modules/share/ament_index/resource_index/parent_prefix_path/px4_autonomy_modules
[4.470s] -- Up-to-date: /home/jetson/ros2_ws/src/install/px4_autonomy_modules/share/px4_autonomy_modules/environment/ament_prefix_path.sh
[4.474s] -- Up-to-date: /home/jetson/ros2_ws/src/install/px4_autonomy_modules/share/px4_autonomy_modules/environment/ament_prefix_path.dsv
[4.478s] -- Up-to-date: /home/jetson/ros2_ws/src/install/px4_autonomy_modules/share/px4_autonomy_modules/environment/path.sh
[4.483s] -- Up-to-date: /home/jetson/ros2_ws/src/install/px4_autonomy_modules/share/px4_autonomy_modules/environment/path.dsv
[4.487s] -- Up-to-date: /home/jetson/ros2_ws/src/install/px4_autonomy_modules/share/px4_autonomy_modules/local_setup.bash
[4.489s] -- Up-to-date: /home/jetson/ros2_ws/src/install/px4_autonomy_modules/share/px4_autonomy_modules/local_setup.sh
[4.491s] -- Up-to-date: /home/jetson/ros2_ws/src/install/px4_autonomy_modules/share/px4_autonomy_modules/local_setup.zsh
[4.494s] -- Up-to-date: /home/jetson/ros2_ws/src/install/px4_autonomy_modules/share/px4_autonomy_modules/local_setup.dsv
[4.500s] -- Installing: /home/jetson/ros2_ws/src/install/px4_autonomy_modules/share/px4_autonomy_modules/package.dsv
[4.505s] -- Up-to-date: /home/jetson/ros2_ws/src/install/px4_autonomy_modules/share/ament_index/resource_index/packages/px4_autonomy_modules
[4.506s] -- Up-to-date: /home/jetson/ros2_ws/src/install/px4_autonomy_modules/share/px4_autonomy_modules/cmake/px4_autonomy_modulesConfig.cmake
[4.507s] -- Up-to-date: /home/jetson/ros2_ws/src/install/px4_autonomy_modules/share/px4_autonomy_modules/cmake/px4_autonomy_modulesConfig-version.cmake
[4.508s] -- Up-to-date: /home/jetson/ros2_ws/src/install/px4_autonomy_modules/share/px4_autonomy_modules/package.xml
[4.516s] Invoked command in '/home/jetson/ros2_ws/src/build/px4_autonomy_modules' returned '0': CMAKE_PREFIX_PATH=${CMAKE_PREFIX_PATH}:/home/jetson/ros2_ws/install/vicon_bridge:/home/jetson/ros2_ws/install/unit_tester:/home/jetson/ros2_ws/install/realsense2mavros:/home/jetson/ros2_ws/install/exer2_control:/home/jetson/ros2_ws/install/dummy_vicon_republisher:/home/jetson/ros2_ws/install/comm_node:/opt/ros/foxy /usr/bin/cmake --install /home/jetson/ros2_ws/src/build/px4_autonomy_modules
