[9.213s] Invoking command in '/home/jetson/ros2_ws/src/exer2_control': PYTHONPATH=/home/jetson/ros2_ws/src/build/exer2_control/prefix_override:/usr/lib/python3/dist-packages/colcon_core/task/python/colcon_distutils_commands:/home/jetson/ros2_ws/src/install/exer2_control/lib/python3.8/site-packages:${PYTHONPATH} /usr/bin/python3 -W ignore:setup.py install is deprecated -W ignore:easy_install command is deprecated setup.py egg_info --egg-base ../build/exer2_control build --build-base /home/jetson/ros2_ws/src/build/exer2_control/build install --record /home/jetson/ros2_ws/src/build/exer2_control/install.log --install-scripts $base/lib/exer2_control --single-version-externally-managed install_data
[11.823s] /usr/local/lib/python3.8/dist-packages/setuptools/dist.py:717: UserWarning: Usage of dash-separated 'script-dir' will not be supported in future versions. Please use the underscore name 'script_dir' instead
[11.829s]   warnings.warn(
[12.144s] running egg_info
[12.148s] writing ../build/exer2_control/exer2_control.egg-info/PKG-INFO
[12.153s] writing dependency_links to ../build/exer2_control/exer2_control.egg-info/dependency_links.txt
[12.153s] writing entry points to ../build/exer2_control/exer2_control.egg-info/entry_points.txt
[12.156s] writing requirements to ../build/exer2_control/exer2_control.egg-info/requires.txt
[12.159s] writing top-level names to ../build/exer2_control/exer2_control.egg-info/top_level.txt
[12.188s] reading manifest file '../build/exer2_control/exer2_control.egg-info/SOURCES.txt'
[12.203s] writing manifest file '../build/exer2_control/exer2_control.egg-info/SOURCES.txt'
[12.203s] running build
[12.204s] running build_py
[12.211s] running install
[12.213s] running install_lib
[12.232s] running install_data
[12.236s] running install_egg_info
[12.251s] removing '/home/jetson/ros2_ws/src/install/exer2_control/lib/python3.8/site-packages/exer2_control-0.0.0-py3.8.egg-info' (and everything under it)
[12.266s] Copying ../build/exer2_control/exer2_control.egg-info to /home/jetson/ros2_ws/src/install/exer2_control/lib/python3.8/site-packages/exer2_control-0.0.0-py3.8.egg-info
[12.276s] running install_scripts
[12.512s] Installing controller script to /home/jetson/ros2_ws/src/install/exer2_control/lib/exer2_control
[12.516s] writing list of installed files to '/home/jetson/ros2_ws/src/build/exer2_control/install.log'
[13.226s] Invoked command in '/home/jetson/ros2_ws/src/exer2_control' returned '0': PYTHONPATH=/home/jetson/ros2_ws/src/build/exer2_control/prefix_override:/usr/lib/python3/dist-packages/colcon_core/task/python/colcon_distutils_commands:/home/jetson/ros2_ws/src/install/exer2_control/lib/python3.8/site-packages:${PYTHONPATH} /usr/bin/python3 -W ignore:setup.py install is deprecated -W ignore:easy_install command is deprecated setup.py egg_info --egg-base ../build/exer2_control build --build-base /home/jetson/ros2_ws/src/build/exer2_control/build install --record /home/jetson/ros2_ws/src/build/exer2_control/install.log --install-scripts $base/lib/exer2_control --single-version-externally-managed install_data
