/home/jetson/ros2_ws/install/image_processor/lib/python3.8/site-packages/image_processor/__init__.py
/home/jetson/ros2_ws/install/image_processor/lib/python3.8/site-packages/image_processor/state_machine.py
/home/jetson/ros2_ws/install/image_processor/lib/python3.8/site-packages/image_processor/darknet_dir/darknet.py
/home/jetson/ros2_ws/install/image_processor/lib/python3.8/site-packages/image_processor/darknet_dir/inference_darknet.py
/home/jetson/ros2_ws/install/image_processor/lib/python3.8/site-packages/image_processor/darknet_dir/darknet_video.py
/home/jetson/ros2_ws/install/image_processor/lib/python3.8/site-packages/image_processor/darknet_dir/__init__.py
/home/jetson/ros2_ws/install/image_processor/lib/python3.8/site-packages/image_processor/darknet_dir/darknet_images.py
/home/jetson/ros2_ws/install/image_processor/lib/python3.8/site-packages/image_processor/__pycache__/__init__.cpython-38.pyc
/home/jetson/ros2_ws/install/image_processor/lib/python3.8/site-packages/image_processor/__pycache__/state_machine.cpython-38.pyc
/home/jetson/ros2_ws/install/image_processor/lib/python3.8/site-packages/image_processor/darknet_dir/__pycache__/darknet.cpython-38.pyc
/home/jetson/ros2_ws/install/image_processor/lib/python3.8/site-packages/image_processor/darknet_dir/__pycache__/inference_darknet.cpython-38.pyc
/home/jetson/ros2_ws/install/image_processor/lib/python3.8/site-packages/image_processor/darknet_dir/__pycache__/darknet_video.cpython-38.pyc
/home/jetson/ros2_ws/install/image_processor/lib/python3.8/site-packages/image_processor/darknet_dir/__pycache__/__init__.cpython-38.pyc
/home/jetson/ros2_ws/install/image_processor/lib/python3.8/site-packages/image_processor/darknet_dir/__pycache__/darknet_images.cpython-38.pyc
/home/jetson/ros2_ws/install/image_processor/share/ament_index/resource_index/packages/image_processor
/home/jetson/ros2_ws/install/image_processor/share/image_processor/package.xml
/home/jetson/ros2_ws/install/image_processor/lib/python3.8/site-packages/image_processor-0.0.0-py3.8.egg-info/top_level.txt
/home/jetson/ros2_ws/install/image_processor/lib/python3.8/site-packages/image_processor-0.0.0-py3.8.egg-info/entry_points.txt
/home/jetson/ros2_ws/install/image_processor/lib/python3.8/site-packages/image_processor-0.0.0-py3.8.egg-info/dependency_links.txt
/home/jetson/ros2_ws/install/image_processor/lib/python3.8/site-packages/image_processor-0.0.0-py3.8.egg-info/SOURCES.txt
/home/jetson/ros2_ws/install/image_processor/lib/python3.8/site-packages/image_processor-0.0.0-py3.8.egg-info/zip-safe
/home/jetson/ros2_ws/install/image_processor/lib/python3.8/site-packages/image_processor-0.0.0-py3.8.egg-info/PKG-INFO
/home/jetson/ros2_ws/install/image_processor/lib/python3.8/site-packages/image_processor-0.0.0-py3.8.egg-info/requires.txt
/home/jetson/ros2_ws/install/image_processor/lib/image_processor/state_machine
