[7.795s] Invoking command in '/home/jetson/ros2_ws/src/comm_node': PYTHONPATH=/home/jetson/ros2_ws/build/comm_node/prefix_override:/usr/lib/python3/dist-packages/colcon_core/task/python/colcon_distutils_commands:/home/jetson/ros2_ws/install/comm_node/lib/python3.8/site-packages:${PYTHONPATH} /usr/bin/python3 -W ignore:setup.py install is deprecated -W ignore:easy_install command is deprecated setup.py egg_info --egg-base ../../build/comm_node build --build-base /home/jetson/ros2_ws/build/comm_node/build install --record /home/jetson/ros2_ws/build/comm_node/install.log --install-scripts $base/lib/comm_node --single-version-externally-managed install_data
[9.202s] /usr/local/lib/python3.8/dist-packages/setuptools/dist.py:717: UserWarning: Usage of dash-separated 'script-dir' will not be supported in future versions. Please use the underscore name 'script_dir' instead
[9.203s]   warnings.warn(
[9.391s] running egg_info
[9.394s] writing ../../build/comm_node/comm_node.egg-info/PKG-INFO
[9.395s] writing dependency_links to ../../build/comm_node/comm_node.egg-info/dependency_links.txt
[9.396s] writing entry points to ../../build/comm_node/comm_node.egg-info/entry_points.txt
[9.397s] writing requirements to ../../build/comm_node/comm_node.egg-info/requires.txt
[9.397s] writing top-level names to ../../build/comm_node/comm_node.egg-info/top_level.txt
[9.410s] reading manifest file '../../build/comm_node/comm_node.egg-info/SOURCES.txt'
[9.415s] writing manifest file '../../build/comm_node/comm_node.egg-info/SOURCES.txt'
[9.415s] running build
[9.416s] running build_py
[9.416s] copying comm_node/comm.py -> /home/jetson/ros2_ws/build/comm_node/build/lib/comm_node
[9.417s] running install
[9.420s] running install_lib
[9.424s] copying /home/jetson/ros2_ws/build/comm_node/build/lib/comm_node/comm.py -> /home/jetson/ros2_ws/install/comm_node/lib/python3.8/site-packages/comm_node
[9.428s] byte-compiling /home/jetson/ros2_ws/install/comm_node/lib/python3.8/site-packages/comm_node/comm.py to comm.cpython-38.pyc
[9.434s] running install_data
[9.436s] running install_egg_info
[9.443s] removing '/home/jetson/ros2_ws/install/comm_node/lib/python3.8/site-packages/comm_node-0.0.1-py3.8.egg-info' (and everything under it)
[9.445s] Copying ../../build/comm_node/comm_node.egg-info to /home/jetson/ros2_ws/install/comm_node/lib/python3.8/site-packages/comm_node-0.0.1-py3.8.egg-info
[9.448s] running install_scripts
[9.538s] Installing comm script to /home/jetson/ros2_ws/install/comm_node/lib/comm_node
[9.539s] writing list of installed files to '/home/jetson/ros2_ws/build/comm_node/install.log'
[9.784s] Invoked command in '/home/jetson/ros2_ws/src/comm_node' returned '0': PYTHONPATH=/home/jetson/ros2_ws/build/comm_node/prefix_override:/usr/lib/python3/dist-packages/colcon_core/task/python/colcon_distutils_commands:/home/jetson/ros2_ws/install/comm_node/lib/python3.8/site-packages:${PYTHONPATH} /usr/bin/python3 -W ignore:setup.py install is deprecated -W ignore:easy_install command is deprecated setup.py egg_info --egg-base ../../build/comm_node build --build-base /home/jetson/ros2_ws/build/comm_node/build install --record /home/jetson/ros2_ws/build/comm_node/install.log --install-scripts $base/lib/comm_node --single-version-externally-managed install_data
