running egg_info
creating ../build/exer3_control/exer3_control.egg-info
writing ../build/exer3_control/exer3_control.egg-info/PKG-INFO
writing dependency_links to ../build/exer3_control/exer3_control.egg-info/dependency_links.txt
writing entry points to ../build/exer3_control/exer3_control.egg-info/entry_points.txt
writing requirements to ../build/exer3_control/exer3_control.egg-info/requires.txt
writing top-level names to ../build/exer3_control/exer3_control.egg-info/top_level.txt
writing manifest file '../build/exer3_control/exer3_control.egg-info/SOURCES.txt'
reading manifest file '../build/exer3_control/exer3_control.egg-info/SOURCES.txt'
writing manifest file '../build/exer3_control/exer3_control.egg-info/SOURCES.txt'
running build
running build_py
creating /home/jetson/ros2_ws/src/build/exer3_control/build
creating /home/jetson/ros2_ws/src/build/exer3_control/build/lib
creating /home/jetson/ros2_ws/src/build/exer3_control/build/lib/exer3_control
copying exer3_control/plotter.py -> /home/jetson/ros2_ws/src/build/exer3_control/build/lib/exer3_control
copying exer3_control/flight_controller.py -> /home/jetson/ros2_ws/src/build/exer3_control/build/lib/exer3_control
copying exer3_control/grabber.py -> /home/jetson/ros2_ws/src/build/exer3_control/build/lib/exer3_control
copying exer3_control/__init__.py -> /home/jetson/ros2_ws/src/build/exer3_control/build/lib/exer3_control
running install
running install_lib
creating /home/jetson/ros2_ws/src/install/exer3_control/lib/python3.8/site-packages/exer3_control
copying /home/jetson/ros2_ws/src/build/exer3_control/build/lib/exer3_control/plotter.py -> /home/jetson/ros2_ws/src/install/exer3_control/lib/python3.8/site-packages/exer3_control
copying /home/jetson/ros2_ws/src/build/exer3_control/build/lib/exer3_control/flight_controller.py -> /home/jetson/ros2_ws/src/install/exer3_control/lib/python3.8/site-packages/exer3_control
copying /home/jetson/ros2_ws/src/build/exer3_control/build/lib/exer3_control/grabber.py -> /home/jetson/ros2_ws/src/install/exer3_control/lib/python3.8/site-packages/exer3_control
copying /home/jetson/ros2_ws/src/build/exer3_control/build/lib/exer3_control/__init__.py -> /home/jetson/ros2_ws/src/install/exer3_control/lib/python3.8/site-packages/exer3_control
byte-compiling /home/jetson/ros2_ws/src/install/exer3_control/lib/python3.8/site-packages/exer3_control/plotter.py to plotter.cpython-38.pyc
byte-compiling /home/jetson/ros2_ws/src/install/exer3_control/lib/python3.8/site-packages/exer3_control/flight_controller.py to flight_controller.cpython-38.pyc
byte-compiling /home/jetson/ros2_ws/src/install/exer3_control/lib/python3.8/site-packages/exer3_control/grabber.py to grabber.cpython-38.pyc
byte-compiling /home/jetson/ros2_ws/src/install/exer3_control/lib/python3.8/site-packages/exer3_control/__init__.py to __init__.cpython-38.pyc
running install_data
creating /home/jetson/ros2_ws/src/install/exer3_control/share/ament_index
creating /home/jetson/ros2_ws/src/install/exer3_control/share/ament_index/resource_index
creating /home/jetson/ros2_ws/src/install/exer3_control/share/ament_index/resource_index/packages
copying resource/exer3_control -> /home/jetson/ros2_ws/src/install/exer3_control/share/ament_index/resource_index/packages
copying package.xml -> /home/jetson/ros2_ws/src/install/exer3_control/share/exer3_control
running install_egg_info
Copying ../build/exer3_control/exer3_control.egg-info to /home/jetson/ros2_ws/src/install/exer3_control/lib/python3.8/site-packages/exer3_control-0.0.0-py3.8.egg-info
running install_scripts
Installing flight_controller script to /home/jetson/ros2_ws/src/install/exer3_control/lib/exer3_control
Installing grabber script to /home/jetson/ros2_ws/src/install/exer3_control/lib/exer3_control
Installing plotter script to /home/jetson/ros2_ws/src/install/exer3_control/lib/exer3_control
writing list of installed files to '/home/jetson/ros2_ws/src/build/exer3_control/install.log'
