[14.045s] Invoking command in '/home/jetson/ros2_ws/src/exer3_control': PYTHONPATH=/home/jetson/ros2_ws/src/build/exer3_control/prefix_override:/usr/lib/python3/dist-packages/colcon_core/task/python/colcon_distutils_commands:/home/jetson/ros2_ws/src/install/exer3_control/lib/python3.8/site-packages:${PYTHONPATH} /usr/bin/python3 -W ignore:setup.py install is deprecated -W ignore:easy_install command is deprecated setup.py egg_info --egg-base ../build/exer3_control build --build-base /home/jetson/ros2_ws/src/build/exer3_control/build install --record /home/jetson/ros2_ws/src/build/exer3_control/install.log --install-scripts $base/lib/exer3_control --single-version-externally-managed install_data
[17.700s] /usr/local/lib/python3.8/dist-packages/setuptools/dist.py:717: UserWarning: Usage of dash-separated 'script-dir' will not be supported in future versions. Please use the underscore name 'script_dir' instead
[17.701s]   warnings.warn(
[18.172s] running egg_info
[18.179s] writing ../build/exer3_control/exer3_control.egg-info/PKG-INFO
[18.193s] writing dependency_links to ../build/exer3_control/exer3_control.egg-info/dependency_links.txt
[18.194s] writing entry points to ../build/exer3_control/exer3_control.egg-info/entry_points.txt
[18.195s] writing requirements to ../build/exer3_control/exer3_control.egg-info/requires.txt
[18.196s] writing top-level names to ../build/exer3_control/exer3_control.egg-info/top_level.txt
[18.234s] reading manifest file '../build/exer3_control/exer3_control.egg-info/SOURCES.txt'
[18.259s] writing manifest file '../build/exer3_control/exer3_control.egg-info/SOURCES.txt'
[18.263s] running build
[18.264s] running build_py
[18.279s] running install
[18.289s] running install_lib
[18.325s] running install_data
[18.326s] running install_egg_info
[18.357s] removing '/home/jetson/ros2_ws/src/install/exer3_control/lib/python3.8/site-packages/exer3_control-0.0.0-py3.8.egg-info' (and everything under it)
[18.414s] Copying ../build/exer3_control/exer3_control.egg-info to /home/jetson/ros2_ws/src/install/exer3_control/lib/python3.8/site-packages/exer3_control-0.0.0-py3.8.egg-info
[18.494s] running install_scripts
[19.011s] Installing flight_controller script to /home/jetson/ros2_ws/src/install/exer3_control/lib/exer3_control
[19.030s] Installing grabber script to /home/jetson/ros2_ws/src/install/exer3_control/lib/exer3_control
[19.040s] Installing plotter script to /home/jetson/ros2_ws/src/install/exer3_control/lib/exer3_control
[19.041s] writing list of installed files to '/home/jetson/ros2_ws/src/build/exer3_control/install.log'
[21.758s] Invoked command in '/home/jetson/ros2_ws/src/exer3_control' returned '0': PYTHONPATH=/home/jetson/ros2_ws/src/build/exer3_control/prefix_override:/usr/lib/python3/dist-packages/colcon_core/task/python/colcon_distutils_commands:/home/jetson/ros2_ws/src/install/exer3_control/lib/python3.8/site-packages:${PYTHONPATH} /usr/bin/python3 -W ignore:setup.py install is deprecated -W ignore:easy_install command is deprecated setup.py egg_info --egg-base ../build/exer3_control build --build-base /home/jetson/ros2_ws/src/build/exer3_control/build install --record /home/jetson/ros2_ws/src/build/exer3_control/install.log --install-scripts $base/lib/exer3_control --single-version-externally-managed install_data
