[13.746s] Invoking command in '/home/jetson/ros2_ws/src/realsense2mavros': PYTHONPATH=/home/jetson/ros2_ws/src/build/realsense2mavros/prefix_override:/usr/lib/python3/dist-packages/colcon_core/task/python/colcon_distutils_commands:/home/jetson/ros2_ws/src/install/realsense2mavros/lib/python3.8/site-packages:${PYTHONPATH} /usr/bin/python3 -W ignore:setup.py install is deprecated -W ignore:easy_install command is deprecated setup.py egg_info --egg-base ../build/realsense2mavros build --build-base /home/jetson/ros2_ws/src/build/realsense2mavros/build install --record /home/jetson/ros2_ws/src/build/realsense2mavros/install.log --install-scripts $base/lib/realsense2mavros --single-version-externally-managed install_data
[16.342s] /usr/local/lib/python3.8/dist-packages/setuptools/dist.py:717: UserWarning: Usage of dash-separated 'script-dir' will not be supported in future versions. Please use the underscore name 'script_dir' instead
[16.345s]   warnings.warn(
[16.917s] running egg_info
[16.986s] writing ../build/realsense2mavros/realsense2mavros.egg-info/PKG-INFO
[17.000s] writing dependency_links to ../build/realsense2mavros/realsense2mavros.egg-info/dependency_links.txt
[17.000s] writing entry points to ../build/realsense2mavros/realsense2mavros.egg-info/entry_points.txt
[17.001s] writing requirements to ../build/realsense2mavros/realsense2mavros.egg-info/requires.txt
[17.001s] writing top-level names to ../build/realsense2mavros/realsense2mavros.egg-info/top_level.txt
[17.015s] reading manifest file '../build/realsense2mavros/realsense2mavros.egg-info/SOURCES.txt'
[17.038s] writing manifest file '../build/realsense2mavros/realsense2mavros.egg-info/SOURCES.txt'
[17.041s] running build
[17.042s] running build_py
[17.052s] running install
[17.056s] running install_lib
[17.069s] running install_data
[17.072s] running install_egg_info
[17.086s] removing '/home/jetson/ros2_ws/src/install/realsense2mavros/lib/python3.8/site-packages/realsense2mavros-0.0.0-py3.8.egg-info' (and everything under it)
[17.100s] Copying ../build/realsense2mavros/realsense2mavros.egg-info to /home/jetson/ros2_ws/src/install/realsense2mavros/lib/python3.8/site-packages/realsense2mavros-0.0.0-py3.8.egg-info
[17.122s] running install_scripts
[17.441s] Installing realsense2mavros script to /home/jetson/ros2_ws/src/install/realsense2mavros/lib/realsense2mavros
[17.444s] writing list of installed files to '/home/jetson/ros2_ws/src/build/realsense2mavros/install.log'
[17.584s] Invoked command in '/home/jetson/ros2_ws/src/realsense2mavros' returned '0': PYTHONPATH=/home/jetson/ros2_ws/src/build/realsense2mavros/prefix_override:/usr/lib/python3/dist-packages/colcon_core/task/python/colcon_distutils_commands:/home/jetson/ros2_ws/src/install/realsense2mavros/lib/python3.8/site-packages:${PYTHONPATH} /usr/bin/python3 -W ignore:setup.py install is deprecated -W ignore:easy_install command is deprecated setup.py egg_info --egg-base ../build/realsense2mavros build --build-base /home/jetson/ros2_ws/src/build/realsense2mavros/build install --record /home/jetson/ros2_ws/src/build/realsense2mavros/install.log --install-scripts $base/lib/realsense2mavros --single-version-externally-managed install_data
