[9.764s] Invoking command in '/home/jetson/ros2_ws/src/comm_node': PYTHONPATH=/home/jetson/ros2_ws/build/comm_node/prefix_override:/usr/lib/python3/dist-packages/colcon_core/task/python/colcon_distutils_commands:/home/jetson/ros2_ws/install/comm_node/lib/python3.8/site-packages:${PYTHONPATH} /usr/bin/python3 -W ignore:setup.py install is deprecated -W ignore:easy_install command is deprecated setup.py egg_info --egg-base ../../build/comm_node build --build-base /home/jetson/ros2_ws/build/comm_node/build install --record /home/jetson/ros2_ws/build/comm_node/install.log --install-scripts $base/lib/comm_node --single-version-externally-managed install_data
[11.613s] /usr/local/lib/python3.8/dist-packages/setuptools/dist.py:717: UserWarning: Usage of dash-separated 'script-dir' will not be supported in future versions. Please use the underscore name 'script_dir' instead
[11.613s]   warnings.warn(
[11.820s] running egg_info
[11.856s] writing ../../build/comm_node/comm_node.egg-info/PKG-INFO
[11.859s] writing dependency_links to ../../build/comm_node/comm_node.egg-info/dependency_links.txt
[11.870s] writing entry points to ../../build/comm_node/comm_node.egg-info/entry_points.txt
[11.874s] writing requirements to ../../build/comm_node/comm_node.egg-info/requires.txt
[11.875s] writing top-level names to ../../build/comm_node/comm_node.egg-info/top_level.txt
[11.917s] reading manifest file '../../build/comm_node/comm_node.egg-info/SOURCES.txt'
[11.922s] writing manifest file '../../build/comm_node/comm_node.egg-info/SOURCES.txt'
[11.928s] running build
[11.928s] running build_py
[11.939s] running install
[11.942s] running install_lib
[11.965s] running install_data
[11.967s] running install_egg_info
[11.988s] removing '/home/jetson/ros2_ws/install/comm_node/lib/python3.8/site-packages/comm_node-0.0.1-py3.8.egg-info' (and everything under it)
[11.992s] Copying ../../build/comm_node/comm_node.egg-info to /home/jetson/ros2_ws/install/comm_node/lib/python3.8/site-packages/comm_node-0.0.1-py3.8.egg-info
[12.004s] running install_scripts
[12.181s] Installing comm script to /home/jetson/ros2_ws/install/comm_node/lib/comm_node
[12.184s] writing list of installed files to '/home/jetson/ros2_ws/build/comm_node/install.log'
[12.660s] Invoked command in '/home/jetson/ros2_ws/src/comm_node' returned '0': PYTHONPATH=/home/jetson/ros2_ws/build/comm_node/prefix_override:/usr/lib/python3/dist-packages/colcon_core/task/python/colcon_distutils_commands:/home/jetson/ros2_ws/install/comm_node/lib/python3.8/site-packages:${PYTHONPATH} /usr/bin/python3 -W ignore:setup.py install is deprecated -W ignore:easy_install command is deprecated setup.py egg_info --egg-base ../../build/comm_node build --build-base /home/jetson/ros2_ws/build/comm_node/build install --record /home/jetson/ros2_ws/build/comm_node/install.log --install-scripts $base/lib/comm_node --single-version-externally-managed install_data
