[21.493s] Invoking command in '/home/jetson/ros2_ws/src/exer3_control': PYTHONPATH=/home/jetson/ros2_ws/build/exer3_control/prefix_override:/usr/lib/python3/dist-packages/colcon_core/task/python/colcon_distutils_commands:/home/jetson/ros2_ws/install/exer3_control/lib/python3.8/site-packages:${PYTHONPATH} /usr/bin/python3 -W ignore:setup.py install is deprecated -W ignore:easy_install command is deprecated setup.py egg_info --egg-base ../../build/exer3_control build --build-base /home/jetson/ros2_ws/build/exer3_control/build install --record /home/jetson/ros2_ws/build/exer3_control/install.log --install-scripts $base/lib/exer3_control --single-version-externally-managed install_data
[28.708s] /usr/local/lib/python3.8/dist-packages/setuptools/dist.py:717: UserWarning: Usage of dash-separated 'script-dir' will not be supported in future versions. Please use the underscore name 'script_dir' instead
[28.714s]   warnings.warn(
[29.348s] running egg_info
[29.359s] writing ../../build/exer3_control/exer3_control.egg-info/PKG-INFO
[29.363s] writing dependency_links to ../../build/exer3_control/exer3_control.egg-info/dependency_links.txt
[29.365s] writing entry points to ../../build/exer3_control/exer3_control.egg-info/entry_points.txt
[29.367s] writing requirements to ../../build/exer3_control/exer3_control.egg-info/requires.txt
[29.369s] writing top-level names to ../../build/exer3_control/exer3_control.egg-info/top_level.txt
[29.417s] reading manifest file '../../build/exer3_control/exer3_control.egg-info/SOURCES.txt'
[29.432s] writing manifest file '../../build/exer3_control/exer3_control.egg-info/SOURCES.txt'
[29.433s] running build
[29.435s] running build_py
[29.443s] copying exer3_control/obs_plotter copy.py -> /home/jetson/ros2_ws/build/exer3_control/build/lib/exer3_control
[29.447s] running install
[29.469s] running install_lib
[29.488s] copying /home/jetson/ros2_ws/build/exer3_control/build/lib/exer3_control/obs_plotter copy.py -> /home/jetson/ros2_ws/install/exer3_control/lib/python3.8/site-packages/exer3_control
[29.499s] byte-compiling /home/jetson/ros2_ws/install/exer3_control/lib/python3.8/site-packages/exer3_control/obs_plotter copy.py to obs_plotter copy.cpython-38.pyc
[29.510s] running install_data
[29.515s] running install_egg_info
[29.533s] removing '/home/jetson/ros2_ws/install/exer3_control/lib/python3.8/site-packages/exer3_control-0.0.0-py3.8.egg-info' (and everything under it)
[29.541s] Copying ../../build/exer3_control/exer3_control.egg-info to /home/jetson/ros2_ws/install/exer3_control/lib/python3.8/site-packages/exer3_control-0.0.0-py3.8.egg-info
[29.553s] running install_scripts
[29.845s] Installing flight_controller script to /home/jetson/ros2_ws/install/exer3_control/lib/exer3_control
[29.862s] Installing grabber script to /home/jetson/ros2_ws/install/exer3_control/lib/exer3_control
[29.862s] Installing obs_grabber script to /home/jetson/ros2_ws/install/exer3_control/lib/exer3_control
[29.864s] Installing plotter script to /home/jetson/ros2_ws/install/exer3_control/lib/exer3_control
[29.868s] writing list of installed files to '/home/jetson/ros2_ws/build/exer3_control/install.log'
[30.925s] Invoked command in '/home/jetson/ros2_ws/src/exer3_control' returned '0': PYTHONPATH=/home/jetson/ros2_ws/build/exer3_control/prefix_override:/usr/lib/python3/dist-packages/colcon_core/task/python/colcon_distutils_commands:/home/jetson/ros2_ws/install/exer3_control/lib/python3.8/site-packages:${PYTHONPATH} /usr/bin/python3 -W ignore:setup.py install is deprecated -W ignore:easy_install command is deprecated setup.py egg_info --egg-base ../../build/exer3_control build --build-base /home/jetson/ros2_ws/build/exer3_control/build install --record /home/jetson/ros2_ws/build/exer3_control/install.log --install-scripts $base/lib/exer3_control --single-version-externally-managed install_data
