[6.998s] Invoking command in '/home/jetson/ros2_ws/src/exer3_control': PYTHONPATH=/home/jetson/ros2_ws/build/exer3_control/prefix_override:/usr/lib/python3/dist-packages/colcon_core/task/python/colcon_distutils_commands:/home/jetson/ros2_ws/install/exer3_control/lib/python3.8/site-packages:${PYTHONPATH} /usr/bin/python3 -W ignore:setup.py install is deprecated -W ignore:easy_install command is deprecated setup.py egg_info --egg-base ../../build/exer3_control build --build-base /home/jetson/ros2_ws/build/exer3_control/build install --record /home/jetson/ros2_ws/build/exer3_control/install.log --install-scripts $base/lib/exer3_control --single-version-externally-managed install_data
[8.340s] /usr/local/lib/python3.8/dist-packages/setuptools/dist.py:717: UserWarning: Usage of dash-separated 'script-dir' will not be supported in future versions. Please use the underscore name 'script_dir' instead
[8.341s]   warnings.warn(
[8.510s] running egg_info
[8.514s] writing ../../build/exer3_control/exer3_control.egg-info/PKG-INFO
[8.516s] writing dependency_links to ../../build/exer3_control/exer3_control.egg-info/dependency_links.txt
[8.519s] writing entry points to ../../build/exer3_control/exer3_control.egg-info/entry_points.txt
[8.521s] writing requirements to ../../build/exer3_control/exer3_control.egg-info/requires.txt
[8.523s] writing top-level names to ../../build/exer3_control/exer3_control.egg-info/top_level.txt
[8.541s] reading manifest file '../../build/exer3_control/exer3_control.egg-info/SOURCES.txt'
[8.546s] writing manifest file '../../build/exer3_control/exer3_control.egg-info/SOURCES.txt'
[8.548s] running build
[8.549s] running build_py
[8.551s] copying exer3_control/flight_controller.py -> /home/jetson/ros2_ws/build/exer3_control/build/lib/exer3_control
[8.555s] running install
[8.560s] running install_lib
[8.565s] copying /home/jetson/ros2_ws/build/exer3_control/build/lib/exer3_control/flight_controller.py -> /home/jetson/ros2_ws/install/exer3_control/lib/python3.8/site-packages/exer3_control
[8.572s] byte-compiling /home/jetson/ros2_ws/install/exer3_control/lib/python3.8/site-packages/exer3_control/flight_controller.py to flight_controller.cpython-38.pyc
[8.581s] running install_data
[8.581s] running install_egg_info
[8.596s] removing '/home/jetson/ros2_ws/install/exer3_control/lib/python3.8/site-packages/exer3_control-0.0.0-py3.8.egg-info' (and everything under it)
[8.601s] Copying ../../build/exer3_control/exer3_control.egg-info to /home/jetson/ros2_ws/install/exer3_control/lib/python3.8/site-packages/exer3_control-0.0.0-py3.8.egg-info
[8.606s] running install_scripts
[8.702s] Installing flight_controller script to /home/jetson/ros2_ws/install/exer3_control/lib/exer3_control
[8.705s] writing list of installed files to '/home/jetson/ros2_ws/build/exer3_control/install.log'
[8.818s] Invoked command in '/home/jetson/ros2_ws/src/exer3_control' returned '0': PYTHONPATH=/home/jetson/ros2_ws/build/exer3_control/prefix_override:/usr/lib/python3/dist-packages/colcon_core/task/python/colcon_distutils_commands:/home/jetson/ros2_ws/install/exer3_control/lib/python3.8/site-packages:${PYTHONPATH} /usr/bin/python3 -W ignore:setup.py install is deprecated -W ignore:easy_install command is deprecated setup.py egg_info --egg-base ../../build/exer3_control build --build-base /home/jetson/ros2_ws/build/exer3_control/build install --record /home/jetson/ros2_ws/build/exer3_control/install.log --install-scripts $base/lib/exer3_control --single-version-externally-managed install_data
