[9.718s] Invoking command in '/home/jetson/ros2_ws/src/waypoint_nav': PYTHONPATH=/home/jetson/ros2_ws/src/build/waypoint_nav/prefix_override:/usr/lib/python3/dist-packages/colcon_core/task/python/colcon_distutils_commands:/home/jetson/ros2_ws/src/install/waypoint_nav/lib/python3.8/site-packages:${PYTHONPATH} /usr/bin/python3 -W ignore:setup.py install is deprecated -W ignore:easy_install command is deprecated setup.py egg_info --egg-base ../build/waypoint_nav build --build-base /home/jetson/ros2_ws/src/build/waypoint_nav/build install --record /home/jetson/ros2_ws/src/build/waypoint_nav/install.log --install-scripts $base/lib/waypoint_nav --single-version-externally-managed install_data
[11.722s] /usr/local/lib/python3.8/dist-packages/setuptools/dist.py:717: UserWarning: Usage of dash-separated 'script-dir' will not be supported in future versions. Please use the underscore name 'script_dir' instead
[11.723s]   warnings.warn(
[11.990s] running egg_info
[11.996s] writing ../build/waypoint_nav/waypoint_nav.egg-info/PKG-INFO
[12.000s] writing dependency_links to ../build/waypoint_nav/waypoint_nav.egg-info/dependency_links.txt
[12.004s] writing entry points to ../build/waypoint_nav/waypoint_nav.egg-info/entry_points.txt
[12.006s] writing requirements to ../build/waypoint_nav/waypoint_nav.egg-info/requires.txt
[12.019s] writing top-level names to ../build/waypoint_nav/waypoint_nav.egg-info/top_level.txt
[12.033s] reading manifest file '../build/waypoint_nav/waypoint_nav.egg-info/SOURCES.txt'
[12.058s] writing manifest file '../build/waypoint_nav/waypoint_nav.egg-info/SOURCES.txt'
[12.058s] running build
[12.059s] running build_py
[12.059s] copying waypoint_nav/waypoint.py -> /home/jetson/ros2_ws/src/build/waypoint_nav/build/lib/waypoint_nav
[12.062s] running install
[12.064s] running install_lib
[12.065s] copying /home/jetson/ros2_ws/src/build/waypoint_nav/build/lib/waypoint_nav/waypoint.py -> /home/jetson/ros2_ws/src/install/waypoint_nav/lib/python3.8/site-packages/waypoint_nav
[12.065s] byte-compiling /home/jetson/ros2_ws/src/install/waypoint_nav/lib/python3.8/site-packages/waypoint_nav/waypoint.py to waypoint.cpython-38.pyc
[12.066s] running install_data
[12.066s] running install_egg_info
[12.075s] removing '/home/jetson/ros2_ws/src/install/waypoint_nav/lib/python3.8/site-packages/waypoint_nav-0.0.0-py3.8.egg-info' (and everything under it)
[12.075s] Copying ../build/waypoint_nav/waypoint_nav.egg-info to /home/jetson/ros2_ws/src/install/waypoint_nav/lib/python3.8/site-packages/waypoint_nav-0.0.0-py3.8.egg-info
[12.082s] running install_scripts
[12.180s] Installing waypoint script to /home/jetson/ros2_ws/src/install/waypoint_nav/lib/waypoint_nav
[12.184s] writing list of installed files to '/home/jetson/ros2_ws/src/build/waypoint_nav/install.log'
[12.296s] Invoked command in '/home/jetson/ros2_ws/src/waypoint_nav' returned '0': PYTHONPATH=/home/jetson/ros2_ws/src/build/waypoint_nav/prefix_override:/usr/lib/python3/dist-packages/colcon_core/task/python/colcon_distutils_commands:/home/jetson/ros2_ws/src/install/waypoint_nav/lib/python3.8/site-packages:${PYTHONPATH} /usr/bin/python3 -W ignore:setup.py install is deprecated -W ignore:easy_install command is deprecated setup.py egg_info --egg-base ../build/waypoint_nav build --build-base /home/jetson/ros2_ws/src/build/waypoint_nav/build install --record /home/jetson/ros2_ws/src/build/waypoint_nav/install.log --install-scripts $base/lib/waypoint_nav --single-version-externally-managed install_data
