[7.110s] Invoking command in '/home/jetson/ros2_ws/src/vicon_obstacle_republisher': PYTHONPATH=/home/jetson/ros2_ws/src/build/vicon_obstacle_republisher/prefix_override:/usr/lib/python3/dist-packages/colcon_core/task/python/colcon_distutils_commands:/home/jetson/ros2_ws/src/install/vicon_obstacle_republisher/lib/python3.8/site-packages:${PYTHONPATH} /usr/bin/python3 -W ignore:setup.py install is deprecated -W ignore:easy_install command is deprecated setup.py egg_info --egg-base ../build/vicon_obstacle_republisher build --build-base /home/jetson/ros2_ws/src/build/vicon_obstacle_republisher/build install --record /home/jetson/ros2_ws/src/build/vicon_obstacle_republisher/install.log --install-scripts $base/lib/vicon_obstacle_republisher --single-version-externally-managed install_data
[8.782s] /usr/local/lib/python3.8/dist-packages/setuptools/dist.py:717: UserWarning: Usage of dash-separated 'script-dir' will not be supported in future versions. Please use the underscore name 'script_dir' instead
[8.783s]   warnings.warn(
[8.999s] running egg_info
[9.000s] writing ../build/vicon_obstacle_republisher/vicon_obstacle_republisher.egg-info/PKG-INFO
[9.004s] writing dependency_links to ../build/vicon_obstacle_republisher/vicon_obstacle_republisher.egg-info/dependency_links.txt
[9.005s] writing entry points to ../build/vicon_obstacle_republisher/vicon_obstacle_republisher.egg-info/entry_points.txt
[9.005s] writing requirements to ../build/vicon_obstacle_republisher/vicon_obstacle_republisher.egg-info/requires.txt
[9.006s] writing top-level names to ../build/vicon_obstacle_republisher/vicon_obstacle_republisher.egg-info/top_level.txt
[9.036s] reading manifest file '../build/vicon_obstacle_republisher/vicon_obstacle_republisher.egg-info/SOURCES.txt'
[9.042s] writing manifest file '../build/vicon_obstacle_republisher/vicon_obstacle_republisher.egg-info/SOURCES.txt'
[9.045s] running build
[9.046s] running build_py
[9.054s] running install
[9.061s] running install_lib
[9.073s] running install_data
[9.075s] running install_egg_info
[9.086s] removing '/home/jetson/ros2_ws/src/install/vicon_obstacle_republisher/lib/python3.8/site-packages/vicon_obstacle_republisher-0.0.0-py3.8.egg-info' (and everything under it)
[9.088s] Copying ../build/vicon_obstacle_republisher/vicon_obstacle_republisher.egg-info to /home/jetson/ros2_ws/src/install/vicon_obstacle_republisher/lib/python3.8/site-packages/vicon_obstacle_republisher-0.0.0-py3.8.egg-info
[9.095s] running install_scripts
[9.234s] Installing vicon_obstacle_republisher_node script to /home/jetson/ros2_ws/src/install/vicon_obstacle_republisher/lib/vicon_obstacle_republisher
[9.240s] writing list of installed files to '/home/jetson/ros2_ws/src/build/vicon_obstacle_republisher/install.log'
[9.378s] Invoked command in '/home/jetson/ros2_ws/src/vicon_obstacle_republisher' returned '0': PYTHONPATH=/home/jetson/ros2_ws/src/build/vicon_obstacle_republisher/prefix_override:/usr/lib/python3/dist-packages/colcon_core/task/python/colcon_distutils_commands:/home/jetson/ros2_ws/src/install/vicon_obstacle_republisher/lib/python3.8/site-packages:${PYTHONPATH} /usr/bin/python3 -W ignore:setup.py install is deprecated -W ignore:easy_install command is deprecated setup.py egg_info --egg-base ../build/vicon_obstacle_republisher build --build-base /home/jetson/ros2_ws/src/build/vicon_obstacle_republisher/build install --record /home/jetson/ros2_ws/src/build/vicon_obstacle_republisher/install.log --install-scripts $base/lib/vicon_obstacle_republisher --single-version-externally-managed install_data
