[6.274s] Invoking command in '/home/jetson/ros2_ws/src/comm_node': PYTHONPATH=/home/jetson/ros2_ws/src/build/comm_node/prefix_override:/usr/lib/python3/dist-packages/colcon_core/task/python/colcon_distutils_commands:/home/jetson/ros2_ws/src/install/comm_node/lib/python3.8/site-packages:${PYTHONPATH} /usr/bin/python3 -W ignore:setup.py install is deprecated -W ignore:easy_install command is deprecated setup.py egg_info --egg-base ../build/comm_node build --build-base /home/jetson/ros2_ws/src/build/comm_node/build install --record /home/jetson/ros2_ws/src/build/comm_node/install.log --install-scripts $base/lib/comm_node --single-version-externally-managed install_data
[7.559s] /usr/local/lib/python3.8/dist-packages/setuptools/dist.py:717: UserWarning: Usage of dash-separated 'script-dir' will not be supported in future versions. Please use the underscore name 'script_dir' instead
[7.562s]   warnings.warn(
[7.744s] running egg_info
[7.750s] writing ../build/comm_node/comm_node.egg-info/PKG-INFO
[7.753s] writing dependency_links to ../build/comm_node/comm_node.egg-info/dependency_links.txt
[7.756s] writing entry points to ../build/comm_node/comm_node.egg-info/entry_points.txt
[7.759s] writing requirements to ../build/comm_node/comm_node.egg-info/requires.txt
[7.762s] writing top-level names to ../build/comm_node/comm_node.egg-info/top_level.txt
[7.779s] reading manifest file '../build/comm_node/comm_node.egg-info/SOURCES.txt'
[7.783s] writing manifest file '../build/comm_node/comm_node.egg-info/SOURCES.txt'
[7.786s] running build
[7.787s] running build_py
[7.787s] running install
[7.792s] running install_lib
[7.800s] running install_data
[7.801s] running install_egg_info
[7.810s] removing '/home/jetson/ros2_ws/src/install/comm_node/lib/python3.8/site-packages/comm_node-0.0.1-py3.8.egg-info' (and everything under it)
[7.812s] Copying ../build/comm_node/comm_node.egg-info to /home/jetson/ros2_ws/src/install/comm_node/lib/python3.8/site-packages/comm_node-0.0.1-py3.8.egg-info
[7.817s] running install_scripts
[7.909s] Installing comm script to /home/jetson/ros2_ws/src/install/comm_node/lib/comm_node
[7.914s] writing list of installed files to '/home/jetson/ros2_ws/src/build/comm_node/install.log'
[8.030s] Invoked command in '/home/jetson/ros2_ws/src/comm_node' returned '0': PYTHONPATH=/home/jetson/ros2_ws/src/build/comm_node/prefix_override:/usr/lib/python3/dist-packages/colcon_core/task/python/colcon_distutils_commands:/home/jetson/ros2_ws/src/install/comm_node/lib/python3.8/site-packages:${PYTHONPATH} /usr/bin/python3 -W ignore:setup.py install is deprecated -W ignore:easy_install command is deprecated setup.py egg_info --egg-base ../build/comm_node build --build-base /home/jetson/ros2_ws/src/build/comm_node/build install --record /home/jetson/ros2_ws/src/build/comm_node/install.log --install-scripts $base/lib/comm_node --single-version-externally-managed install_data
