[25.140s] Invoking command in '/home/jetson/ros2_ws/src/realsense2mavros': PYTHONPATH=/home/jetson/ros2_ws/build/realsense2mavros/prefix_override:/usr/lib/python3/dist-packages/colcon_core/task/python/colcon_distutils_commands:/home/jetson/ros2_ws/install/realsense2mavros/lib/python3.8/site-packages:${PYTHONPATH} /usr/bin/python3 -W ignore:setup.py install is deprecated -W ignore:easy_install command is deprecated setup.py egg_info --egg-base ../../build/realsense2mavros build --build-base /home/jetson/ros2_ws/build/realsense2mavros/build install --record /home/jetson/ros2_ws/build/realsense2mavros/install.log --install-scripts $base/lib/realsense2mavros --single-version-externally-managed install_data
[28.271s] /usr/local/lib/python3.8/dist-packages/setuptools/dist.py:717: UserWarning: Usage of dash-separated 'script-dir' will not be supported in future versions. Please use the underscore name 'script_dir' instead
[28.271s]   warnings.warn(
[28.481s] running egg_info
[28.484s] writing ../../build/realsense2mavros/realsense2mavros.egg-info/PKG-INFO
[28.487s] writing dependency_links to ../../build/realsense2mavros/realsense2mavros.egg-info/dependency_links.txt
[28.488s] writing entry points to ../../build/realsense2mavros/realsense2mavros.egg-info/entry_points.txt
[28.493s] writing requirements to ../../build/realsense2mavros/realsense2mavros.egg-info/requires.txt
[28.498s] writing top-level names to ../../build/realsense2mavros/realsense2mavros.egg-info/top_level.txt
[28.505s] reading manifest file '../../build/realsense2mavros/realsense2mavros.egg-info/SOURCES.txt'
[28.511s] writing manifest file '../../build/realsense2mavros/realsense2mavros.egg-info/SOURCES.txt'
[28.512s] running build
[28.522s] running build_py
[28.530s] running install
[28.536s] running install_lib
[28.548s] running install_data
[28.552s] running install_egg_info
[28.564s] removing '/home/jetson/ros2_ws/install/realsense2mavros/lib/python3.8/site-packages/realsense2mavros-0.0.0-py3.8.egg-info' (and everything under it)
[28.567s] Copying ../../build/realsense2mavros/realsense2mavros.egg-info to /home/jetson/ros2_ws/install/realsense2mavros/lib/python3.8/site-packages/realsense2mavros-0.0.0-py3.8.egg-info
[28.585s] running install_scripts
[28.710s] Installing realsense2mavros script to /home/jetson/ros2_ws/install/realsense2mavros/lib/realsense2mavros
[28.715s] writing list of installed files to '/home/jetson/ros2_ws/build/realsense2mavros/install.log'
[29.474s] Invoked command in '/home/jetson/ros2_ws/src/realsense2mavros' returned '0': PYTHONPATH=/home/jetson/ros2_ws/build/realsense2mavros/prefix_override:/usr/lib/python3/dist-packages/colcon_core/task/python/colcon_distutils_commands:/home/jetson/ros2_ws/install/realsense2mavros/lib/python3.8/site-packages:${PYTHONPATH} /usr/bin/python3 -W ignore:setup.py install is deprecated -W ignore:easy_install command is deprecated setup.py egg_info --egg-base ../../build/realsense2mavros build --build-base /home/jetson/ros2_ws/build/realsense2mavros/build install --record /home/jetson/ros2_ws/build/realsense2mavros/install.log --install-scripts $base/lib/realsense2mavros --single-version-externally-managed install_data
