[10.920s] Invoking command in '/home/jetson/ros2_ws/src/api_waypoint': PYTHONPATH=/home/jetson/ros2_ws/src/build/api_waypoint/prefix_override:/usr/lib/python3/dist-packages/colcon_core/task/python/colcon_distutils_commands:/home/jetson/ros2_ws/src/install/api_waypoint/lib/python3.8/site-packages:${PYTHONPATH} /usr/bin/python3 -W ignore:setup.py install is deprecated -W ignore:easy_install command is deprecated setup.py egg_info --egg-base ../build/api_waypoint build --build-base /home/jetson/ros2_ws/src/build/api_waypoint/build install --record /home/jetson/ros2_ws/src/build/api_waypoint/install.log --install-scripts $base/lib/api_waypoint --single-version-externally-managed install_data
[13.071s] /usr/local/lib/python3.8/dist-packages/setuptools/dist.py:717: UserWarning: Usage of dash-separated 'script-dir' will not be supported in future versions. Please use the underscore name 'script_dir' instead
[13.071s]   warnings.warn(
[13.355s] running egg_info
[13.358s] writing ../build/api_waypoint/api_waypoint.egg-info/PKG-INFO
[13.359s] writing dependency_links to ../build/api_waypoint/api_waypoint.egg-info/dependency_links.txt
[13.361s] writing entry points to ../build/api_waypoint/api_waypoint.egg-info/entry_points.txt
[13.362s] writing requirements to ../build/api_waypoint/api_waypoint.egg-info/requires.txt
[13.362s] writing top-level names to ../build/api_waypoint/api_waypoint.egg-info/top_level.txt
[13.378s] reading manifest file '../build/api_waypoint/api_waypoint.egg-info/SOURCES.txt'
[13.386s] writing manifest file '../build/api_waypoint/api_waypoint.egg-info/SOURCES.txt'
[13.388s] running build
[13.389s] running build_py
[13.394s] running install
[13.401s] running install_lib
[13.414s] running install_data
[13.416s] running install_egg_info
[13.434s] removing '/home/jetson/ros2_ws/src/install/api_waypoint/lib/python3.8/site-packages/api_waypoint-0.0.0-py3.8.egg-info' (and everything under it)
[13.442s] Copying ../build/api_waypoint/api_waypoint.egg-info to /home/jetson/ros2_ws/src/install/api_waypoint/lib/python3.8/site-packages/api_waypoint-0.0.0-py3.8.egg-info
[13.451s] running install_scripts
[13.614s] Installing api_waypoint_node script to /home/jetson/ros2_ws/src/install/api_waypoint/lib/api_waypoint
[13.618s] writing list of installed files to '/home/jetson/ros2_ws/src/build/api_waypoint/install.log'
[13.895s] Invoked command in '/home/jetson/ros2_ws/src/api_waypoint' returned '0': PYTHONPATH=/home/jetson/ros2_ws/src/build/api_waypoint/prefix_override:/usr/lib/python3/dist-packages/colcon_core/task/python/colcon_distutils_commands:/home/jetson/ros2_ws/src/install/api_waypoint/lib/python3.8/site-packages:${PYTHONPATH} /usr/bin/python3 -W ignore:setup.py install is deprecated -W ignore:easy_install command is deprecated setup.py egg_info --egg-base ../build/api_waypoint build --build-base /home/jetson/ros2_ws/src/build/api_waypoint/build install --record /home/jetson/ros2_ws/src/build/api_waypoint/install.log --install-scripts $base/lib/api_waypoint --single-version-externally-managed install_data
