[8.561s] Invoking command in '/home/jetson/ros2_ws/src/realsense2mavros': PYTHONPATH=/home/jetson/ros2_ws/src/build/realsense2mavros/prefix_override:/usr/lib/python3/dist-packages/colcon_core/task/python/colcon_distutils_commands:/home/jetson/ros2_ws/src/install/realsense2mavros/lib/python3.8/site-packages:${PYTHONPATH} /usr/bin/python3 -W ignore:setup.py install is deprecated -W ignore:easy_install command is deprecated setup.py egg_info --egg-base ../build/realsense2mavros build --build-base /home/jetson/ros2_ws/src/build/realsense2mavros/build install --record /home/jetson/ros2_ws/src/build/realsense2mavros/install.log --install-scripts $base/lib/realsense2mavros --single-version-externally-managed install_data
[10.665s] /usr/local/lib/python3.8/dist-packages/setuptools/dist.py:717: UserWarning: Usage of dash-separated 'script-dir' will not be supported in future versions. Please use the underscore name 'script_dir' instead
[10.665s]   warnings.warn(
[10.944s] running egg_info
[10.950s] writing ../build/realsense2mavros/realsense2mavros.egg-info/PKG-INFO
[10.955s] writing dependency_links to ../build/realsense2mavros/realsense2mavros.egg-info/dependency_links.txt
[10.960s] writing entry points to ../build/realsense2mavros/realsense2mavros.egg-info/entry_points.txt
[10.961s] writing requirements to ../build/realsense2mavros/realsense2mavros.egg-info/requires.txt
[10.967s] writing top-level names to ../build/realsense2mavros/realsense2mavros.egg-info/top_level.txt
[11.000s] reading manifest file '../build/realsense2mavros/realsense2mavros.egg-info/SOURCES.txt'
[11.007s] writing manifest file '../build/realsense2mavros/realsense2mavros.egg-info/SOURCES.txt'
[11.008s] running build
[11.009s] running build_py
[11.014s] copying realsense2mavros/realsense2mavros.py -> /home/jetson/ros2_ws/src/build/realsense2mavros/build/lib/realsense2mavros
[11.014s] running install
[11.015s] running install_lib
[11.021s] copying /home/jetson/ros2_ws/src/build/realsense2mavros/build/lib/realsense2mavros/realsense2mavros.py -> /home/jetson/ros2_ws/src/install/realsense2mavros/lib/python3.8/site-packages/realsense2mavros
[11.027s] byte-compiling /home/jetson/ros2_ws/src/install/realsense2mavros/lib/python3.8/site-packages/realsense2mavros/realsense2mavros.py to realsense2mavros.cpython-38.pyc
[11.031s] running install_data
[11.037s] running install_egg_info
[11.046s] removing '/home/jetson/ros2_ws/src/install/realsense2mavros/lib/python3.8/site-packages/realsense2mavros-0.0.0-py3.8.egg-info' (and everything under it)
[11.060s] Copying ../build/realsense2mavros/realsense2mavros.egg-info to /home/jetson/ros2_ws/src/install/realsense2mavros/lib/python3.8/site-packages/realsense2mavros-0.0.0-py3.8.egg-info
[11.062s] running install_scripts
[11.332s] Installing realsense2mavros script to /home/jetson/ros2_ws/src/install/realsense2mavros/lib/realsense2mavros
[11.338s] writing list of installed files to '/home/jetson/ros2_ws/src/build/realsense2mavros/install.log'
[13.571s] Invoked command in '/home/jetson/ros2_ws/src/realsense2mavros' returned '0': PYTHONPATH=/home/jetson/ros2_ws/src/build/realsense2mavros/prefix_override:/usr/lib/python3/dist-packages/colcon_core/task/python/colcon_distutils_commands:/home/jetson/ros2_ws/src/install/realsense2mavros/lib/python3.8/site-packages:${PYTHONPATH} /usr/bin/python3 -W ignore:setup.py install is deprecated -W ignore:easy_install command is deprecated setup.py egg_info --egg-base ../build/realsense2mavros build --build-base /home/jetson/ros2_ws/src/build/realsense2mavros/build install --record /home/jetson/ros2_ws/src/build/realsense2mavros/install.log --install-scripts $base/lib/realsense2mavros --single-version-externally-managed install_data
