[1.830s] DEBUG:colcon:Command line arguments: ['/usr/bin/colcon', 'build', '--packages-select', 'crack_comm', 'crack_controller', 'api_waypoint', 'image_processor']
[1.831s] DEBUG:colcon:Parsed command line arguments: Namespace(allow_overriding=[], ament_cmake_args=None, base_paths=['.'], build_base='build', catkin_cmake_args=None, catkin_skip_building_tests=False, cmake_args=None, cmake_clean_cache=False, cmake_clean_first=False, cmake_force_configure=False, cmake_target=None, cmake_target_skip_unavailable=False, continue_on_error=False, event_handlers=None, executor='parallel', ignore_user_meta=False, install_base='install', log_base=None, log_level=None, main=<bound method BuildVerb.main of <colcon_core.verb.build.BuildVerb object at 0x7f985ba100>>, merge_install=False, metas=['./colcon.meta'], packages_above=None, packages_above_and_dependencies=None, packages_above_depth=None, packages_end=None, packages_ignore=None, packages_ignore_regex=None, packages_select=['crack_comm', 'crack_controller', 'api_waypoint', 'image_processor'], packages_select_build_failed=False, packages_select_by_dep=None, packages_select_regex=None, packages_select_test_failures=False, packages_skip=None, packages_skip_build_finished=False, packages_skip_by_dep=None, packages_skip_regex=None, packages_skip_test_passed=False, packages_skip_up_to=None, packages_start=None, packages_up_to=None, packages_up_to_regex=None, parallel_workers=4, paths=None, symlink_install=False, test_result_base=None, verb_extension=<colcon_core.verb.build.BuildVerb object at 0x7f985ba100>, verb_name='build', verb_parser=<colcon_defaults.argument_parser.defaults.DefaultArgumentsDecorator object at 0x7f985418e0>)
[3.075s] Level 1:colcon.colcon_core.package_discovery:discover_packages(colcon_meta) check parameters
[3.076s] Level 1:colcon.colcon_core.package_discovery:discover_packages(recursive) check parameters
[3.076s] Level 1:colcon.colcon_core.package_discovery:discover_packages(ignore) check parameters
[3.076s] Level 1:colcon.colcon_core.package_discovery:discover_packages(path) check parameters
[3.076s] Level 1:colcon.colcon_core.package_discovery:discover_packages(colcon_meta) discover
[3.077s] Level 1:colcon.colcon_core.package_discovery:discover_packages(recursive) discover
[3.077s] INFO:colcon.colcon_core.package_discovery:Crawling recursively for packages in '/home/jetson/ros2_ws/src'
[3.078s] Level 1:colcon.colcon_core.package_identification:_identify(.) by extensions ['ignore', 'ignore_ament_install']
[3.078s] Level 1:colcon.colcon_core.package_identification:_identify(.) by extension 'ignore'
[3.079s] Level 1:colcon.colcon_core.package_identification:_identify(.) by extension 'ignore_ament_install'
[3.079s] Level 1:colcon.colcon_core.package_identification:_identify(.) by extensions ['colcon_pkg']
[3.079s] Level 1:colcon.colcon_core.package_identification:_identify(.) by extension 'colcon_pkg'
[3.079s] Level 1:colcon.colcon_core.package_identification:_identify(.) by extensions ['colcon_meta']
[3.080s] Level 1:colcon.colcon_core.package_identification:_identify(.) by extension 'colcon_meta'
[3.080s] Level 1:colcon.colcon_core.package_identification:_identify(.) by extensions ['ros']
[3.080s] Level 1:colcon.colcon_core.package_identification:_identify(.) by extension 'ros'
[3.203s] Level 1:colcon.colcon_core.package_identification:_identify(.) by extensions ['cmake', 'python']
[3.203s] Level 1:colcon.colcon_core.package_identification:_identify(.) by extension 'cmake'
[3.203s] Level 1:colcon.colcon_core.package_identification:_identify(.) by extension 'python'
[3.204s] Level 1:colcon.colcon_core.package_identification:_identify(.) by extensions ['python_setup_py']
[3.204s] Level 1:colcon.colcon_core.package_identification:_identify(.) by extension 'python_setup_py'
[3.204s] Level 1:colcon.colcon_core.package_identification:_identify(api_waypoint) by extensions ['ignore', 'ignore_ament_install']
[3.205s] Level 1:colcon.colcon_core.package_identification:_identify(api_waypoint) by extension 'ignore'
[3.205s] Level 1:colcon.colcon_core.package_identification:_identify(api_waypoint) by extension 'ignore_ament_install'
[3.206s] Level 1:colcon.colcon_core.package_identification:_identify(api_waypoint) by extensions ['colcon_pkg']
[3.207s] Level 1:colcon.colcon_core.package_identification:_identify(api_waypoint) by extension 'colcon_pkg'
[3.208s] Level 1:colcon.colcon_core.package_identification:_identify(api_waypoint) by extensions ['colcon_meta']
[3.209s] Level 1:colcon.colcon_core.package_identification:_identify(api_waypoint) by extension 'colcon_meta'
[3.210s] Level 1:colcon.colcon_core.package_identification:_identify(api_waypoint) by extensions ['ros']
[3.211s] Level 1:colcon.colcon_core.package_identification:_identify(api_waypoint) by extension 'ros'
[3.229s] DEBUG:colcon.colcon_core.package_identification:Package 'api_waypoint' with type 'ros.ament_python' and name 'api_waypoint'
[3.231s] Level 1:colcon.colcon_core.package_identification:_identify(build) by extensions ['ignore', 'ignore_ament_install']
[3.232s] Level 1:colcon.colcon_core.package_identification:_identify(build) by extension 'ignore'
[3.232s] Level 1:colcon.colcon_core.package_identification:_identify(build) ignored
[3.233s] Level 1:colcon.colcon_core.package_identification:_identify(comm_node) by extensions ['ignore', 'ignore_ament_install']
[3.234s] Level 1:colcon.colcon_core.package_identification:_identify(comm_node) by extension 'ignore'
[3.235s] Level 1:colcon.colcon_core.package_identification:_identify(comm_node) by extension 'ignore_ament_install'
[3.236s] Level 1:colcon.colcon_core.package_identification:_identify(comm_node) by extensions ['colcon_pkg']
[3.236s] Level 1:colcon.colcon_core.package_identification:_identify(comm_node) by extension 'colcon_pkg'
[3.237s] Level 1:colcon.colcon_core.package_identification:_identify(comm_node) by extensions ['colcon_meta']
[3.237s] Level 1:colcon.colcon_core.package_identification:_identify(comm_node) by extension 'colcon_meta'
[3.237s] Level 1:colcon.colcon_core.package_identification:_identify(comm_node) by extensions ['ros']
[3.237s] Level 1:colcon.colcon_core.package_identification:_identify(comm_node) by extension 'ros'
[3.242s] DEBUG:colcon.colcon_core.package_identification:Package 'comm_node' with type 'ros.ament_python' and name 'comm_node'
[3.243s] Level 1:colcon.colcon_core.package_identification:_identify(crack_comm) by extensions ['ignore', 'ignore_ament_install']
[3.244s] Level 1:colcon.colcon_core.package_identification:_identify(crack_comm) by extension 'ignore'
[3.245s] Level 1:colcon.colcon_core.package_identification:_identify(crack_comm) by extension 'ignore_ament_install'
[3.245s] Level 1:colcon.colcon_core.package_identification:_identify(crack_comm) by extensions ['colcon_pkg']
[3.246s] Level 1:colcon.colcon_core.package_identification:_identify(crack_comm) by extension 'colcon_pkg'
[3.246s] Level 1:colcon.colcon_core.package_identification:_identify(crack_comm) by extensions ['colcon_meta']
[3.246s] Level 1:colcon.colcon_core.package_identification:_identify(crack_comm) by extension 'colcon_meta'
[3.246s] Level 1:colcon.colcon_core.package_identification:_identify(crack_comm) by extensions ['ros']
[3.247s] Level 1:colcon.colcon_core.package_identification:_identify(crack_comm) by extension 'ros'
[3.251s] DEBUG:colcon.colcon_core.package_identification:Package 'crack_comm' with type 'ros.ament_python' and name 'crack_comm'
[3.252s] Level 1:colcon.colcon_core.package_identification:_identify(crack_controller) by extensions ['ignore', 'ignore_ament_install']
[3.252s] Level 1:colcon.colcon_core.package_identification:_identify(crack_controller) by extension 'ignore'
[3.252s] Level 1:colcon.colcon_core.package_identification:_identify(crack_controller) by extension 'ignore_ament_install'
[3.253s] Level 1:colcon.colcon_core.package_identification:_identify(crack_controller) by extensions ['colcon_pkg']
[3.253s] Level 1:colcon.colcon_core.package_identification:_identify(crack_controller) by extension 'colcon_pkg'
[3.253s] Level 1:colcon.colcon_core.package_identification:_identify(crack_controller) by extensions ['colcon_meta']
[3.253s] Level 1:colcon.colcon_core.package_identification:_identify(crack_controller) by extension 'colcon_meta'
[3.254s] Level 1:colcon.colcon_core.package_identification:_identify(crack_controller) by extensions ['ros']
[3.254s] Level 1:colcon.colcon_core.package_identification:_identify(crack_controller) by extension 'ros'
[3.258s] DEBUG:colcon.colcon_core.package_identification:Package 'crack_controller' with type 'ros.ament_python' and name 'crack_controller'
[3.259s] Level 1:colcon.colcon_core.package_identification:_identify(drone_images) by extensions ['ignore', 'ignore_ament_install']
[3.260s] Level 1:colcon.colcon_core.package_identification:_identify(drone_images) by extension 'ignore'
[3.260s] Level 1:colcon.colcon_core.package_identification:_identify(drone_images) by extension 'ignore_ament_install'
[3.260s] Level 1:colcon.colcon_core.package_identification:_identify(drone_images) by extensions ['colcon_pkg']
[3.261s] Level 1:colcon.colcon_core.package_identification:_identify(drone_images) by extension 'colcon_pkg'
[3.261s] Level 1:colcon.colcon_core.package_identification:_identify(drone_images) by extensions ['colcon_meta']
[3.261s] Level 1:colcon.colcon_core.package_identification:_identify(drone_images) by extension 'colcon_meta'
[3.261s] Level 1:colcon.colcon_core.package_identification:_identify(drone_images) by extensions ['ros']
[3.261s] Level 1:colcon.colcon_core.package_identification:_identify(drone_images) by extension 'ros'
[3.262s] Level 1:colcon.colcon_core.package_identification:_identify(drone_images) by extensions ['cmake', 'python']
[3.262s] Level 1:colcon.colcon_core.package_identification:_identify(drone_images) by extension 'cmake'
[3.262s] Level 1:colcon.colcon_core.package_identification:_identify(drone_images) by extension 'python'
[3.263s] Level 1:colcon.colcon_core.package_identification:_identify(drone_images) by extensions ['python_setup_py']
[3.263s] Level 1:colcon.colcon_core.package_identification:_identify(drone_images) by extension 'python_setup_py'
[3.263s] Level 1:colcon.colcon_core.package_identification:_identify(dummy_vicon_republisher) by extensions ['ignore', 'ignore_ament_install']
[3.264s] Level 1:colcon.colcon_core.package_identification:_identify(dummy_vicon_republisher) by extension 'ignore'
[3.264s] Level 1:colcon.colcon_core.package_identification:_identify(dummy_vicon_republisher) by extension 'ignore_ament_install'
[3.264s] Level 1:colcon.colcon_core.package_identification:_identify(dummy_vicon_republisher) by extensions ['colcon_pkg']
[3.264s] Level 1:colcon.colcon_core.package_identification:_identify(dummy_vicon_republisher) by extension 'colcon_pkg'
[3.265s] Level 1:colcon.colcon_core.package_identification:_identify(dummy_vicon_republisher) by extensions ['colcon_meta']
[3.265s] Level 1:colcon.colcon_core.package_identification:_identify(dummy_vicon_republisher) by extension 'colcon_meta'
[3.265s] Level 1:colcon.colcon_core.package_identification:_identify(dummy_vicon_republisher) by extensions ['ros']
[3.265s] Level 1:colcon.colcon_core.package_identification:_identify(dummy_vicon_republisher) by extension 'ros'
[3.270s] DEBUG:colcon.colcon_core.package_identification:Package 'dummy_vicon_republisher' with type 'ros.ament_python' and name 'dummy_vicon_republisher'
[3.271s] Level 1:colcon.colcon_core.package_identification:_identify(dummy_waypoint_publisher) by extensions ['ignore', 'ignore_ament_install']
[3.272s] Level 1:colcon.colcon_core.package_identification:_identify(dummy_waypoint_publisher) by extension 'ignore'
[3.272s] Level 1:colcon.colcon_core.package_identification:_identify(dummy_waypoint_publisher) by extension 'ignore_ament_install'
[3.273s] Level 1:colcon.colcon_core.package_identification:_identify(dummy_waypoint_publisher) by extensions ['colcon_pkg']
[3.273s] Level 1:colcon.colcon_core.package_identification:_identify(dummy_waypoint_publisher) by extension 'colcon_pkg'
[3.274s] Level 1:colcon.colcon_core.package_identification:_identify(dummy_waypoint_publisher) by extensions ['colcon_meta']
[3.274s] Level 1:colcon.colcon_core.package_identification:_identify(dummy_waypoint_publisher) by extension 'colcon_meta'
[3.275s] Level 1:colcon.colcon_core.package_identification:_identify(dummy_waypoint_publisher) by extensions ['ros']
[3.275s] Level 1:colcon.colcon_core.package_identification:_identify(dummy_waypoint_publisher) by extension 'ros'
[3.280s] DEBUG:colcon.colcon_core.package_identification:Package 'dummy_waypoint_publisher' with type 'ros.ament_python' and name 'dummy_waypoint_publisher'
[3.281s] Level 1:colcon.colcon_core.package_identification:_identify(exer2_control) by extensions ['ignore', 'ignore_ament_install']
[3.281s] Level 1:colcon.colcon_core.package_identification:_identify(exer2_control) by extension 'ignore'
[3.282s] Level 1:colcon.colcon_core.package_identification:_identify(exer2_control) by extension 'ignore_ament_install'
[3.282s] Level 1:colcon.colcon_core.package_identification:_identify(exer2_control) by extensions ['colcon_pkg']
[3.282s] Level 1:colcon.colcon_core.package_identification:_identify(exer2_control) by extension 'colcon_pkg'
[3.282s] Level 1:colcon.colcon_core.package_identification:_identify(exer2_control) by extensions ['colcon_meta']
[3.283s] Level 1:colcon.colcon_core.package_identification:_identify(exer2_control) by extension 'colcon_meta'
[3.283s] Level 1:colcon.colcon_core.package_identification:_identify(exer2_control) by extensions ['ros']
[3.283s] Level 1:colcon.colcon_core.package_identification:_identify(exer2_control) by extension 'ros'
[3.286s] DEBUG:colcon.colcon_core.package_identification:Package 'exer2_control' with type 'ros.ament_python' and name 'exer2_control'
[3.287s] Level 1:colcon.colcon_core.package_identification:_identify(exer3_control) by extensions ['ignore', 'ignore_ament_install']
[3.287s] Level 1:colcon.colcon_core.package_identification:_identify(exer3_control) by extension 'ignore'
[3.288s] Level 1:colcon.colcon_core.package_identification:_identify(exer3_control) by extension 'ignore_ament_install'
[3.288s] Level 1:colcon.colcon_core.package_identification:_identify(exer3_control) by extensions ['colcon_pkg']
[3.288s] Level 1:colcon.colcon_core.package_identification:_identify(exer3_control) by extension 'colcon_pkg'
[3.289s] Level 1:colcon.colcon_core.package_identification:_identify(exer3_control) by extensions ['colcon_meta']
[3.289s] Level 1:colcon.colcon_core.package_identification:_identify(exer3_control) by extension 'colcon_meta'
[3.290s] Level 1:colcon.colcon_core.package_identification:_identify(exer3_control) by extensions ['ros']
[3.290s] Level 1:colcon.colcon_core.package_identification:_identify(exer3_control) by extension 'ros'
[3.296s] DEBUG:colcon.colcon_core.package_identification:Package 'exer3_control' with type 'ros.ament_python' and name 'exer3_control'
[3.297s] Level 1:colcon.colcon_core.package_identification:_identify(image_processor) by extensions ['ignore', 'ignore_ament_install']
[3.297s] Level 1:colcon.colcon_core.package_identification:_identify(image_processor) by extension 'ignore'
[3.298s] Level 1:colcon.colcon_core.package_identification:_identify(image_processor) by extension 'ignore_ament_install'
[3.298s] Level 1:colcon.colcon_core.package_identification:_identify(image_processor) by extensions ['colcon_pkg']
[3.298s] Level 1:colcon.colcon_core.package_identification:_identify(image_processor) by extension 'colcon_pkg'
[3.298s] Level 1:colcon.colcon_core.package_identification:_identify(image_processor) by extensions ['colcon_meta']
[3.299s] Level 1:colcon.colcon_core.package_identification:_identify(image_processor) by extension 'colcon_meta'
[3.299s] Level 1:colcon.colcon_core.package_identification:_identify(image_processor) by extensions ['ros']
[3.299s] Level 1:colcon.colcon_core.package_identification:_identify(image_processor) by extension 'ros'
[3.303s] DEBUG:colcon.colcon_core.package_identification:Package 'image_processor' with type 'ros.ament_python' and name 'image_processor'
[3.304s] Level 1:colcon.colcon_core.package_identification:_identify(image_saver) by extensions ['ignore', 'ignore_ament_install']
[3.305s] Level 1:colcon.colcon_core.package_identification:_identify(image_saver) by extension 'ignore'
[3.305s] Level 1:colcon.colcon_core.package_identification:_identify(image_saver) by extension 'ignore_ament_install'
[3.306s] Level 1:colcon.colcon_core.package_identification:_identify(image_saver) by extensions ['colcon_pkg']
[3.306s] Level 1:colcon.colcon_core.package_identification:_identify(image_saver) by extension 'colcon_pkg'
[3.306s] Level 1:colcon.colcon_core.package_identification:_identify(image_saver) by extensions ['colcon_meta']
[3.306s] Level 1:colcon.colcon_core.package_identification:_identify(image_saver) by extension 'colcon_meta'
[3.307s] Level 1:colcon.colcon_core.package_identification:_identify(image_saver) by extensions ['ros']
[3.307s] Level 1:colcon.colcon_core.package_identification:_identify(image_saver) by extension 'ros'
[3.313s] DEBUG:colcon.colcon_core.package_identification:Package 'image_saver' with type 'ros.ament_python' and name 'image_saver'
[3.314s] Level 1:colcon.colcon_core.package_identification:_identify(install) by extensions ['ignore', 'ignore_ament_install']
[3.315s] Level 1:colcon.colcon_core.package_identification:_identify(install) by extension 'ignore'
[3.315s] Level 1:colcon.colcon_core.package_identification:_identify(install) ignored
[3.316s] Level 1:colcon.colcon_core.package_identification:_identify(launcher) by extensions ['ignore', 'ignore_ament_install']
[3.316s] Level 1:colcon.colcon_core.package_identification:_identify(launcher) by extension 'ignore'
[3.317s] Level 1:colcon.colcon_core.package_identification:_identify(launcher) by extension 'ignore_ament_install'
[3.317s] Level 1:colcon.colcon_core.package_identification:_identify(launcher) by extensions ['colcon_pkg']
[3.318s] Level 1:colcon.colcon_core.package_identification:_identify(launcher) by extension 'colcon_pkg'
[3.318s] Level 1:colcon.colcon_core.package_identification:_identify(launcher) by extensions ['colcon_meta']
[3.318s] Level 1:colcon.colcon_core.package_identification:_identify(launcher) by extension 'colcon_meta'
[3.318s] Level 1:colcon.colcon_core.package_identification:_identify(launcher) by extensions ['ros']
[3.319s] Level 1:colcon.colcon_core.package_identification:_identify(launcher) by extension 'ros'
[3.319s] Level 1:colcon.colcon_core.package_identification:_identify(launcher) by extensions ['cmake', 'python']
[3.319s] Level 1:colcon.colcon_core.package_identification:_identify(launcher) by extension 'cmake'
[3.319s] Level 1:colcon.colcon_core.package_identification:_identify(launcher) by extension 'python'
[3.320s] Level 1:colcon.colcon_core.package_identification:_identify(launcher) by extensions ['python_setup_py']
[3.320s] Level 1:colcon.colcon_core.package_identification:_identify(launcher) by extension 'python_setup_py'
[3.322s] Level 1:colcon.colcon_core.package_identification:_identify(log) by extensions ['ignore', 'ignore_ament_install']
[3.322s] Level 1:colcon.colcon_core.package_identification:_identify(log) by extension 'ignore'
[3.323s] Level 1:colcon.colcon_core.package_identification:_identify(log) ignored
[3.323s] Level 1:colcon.colcon_core.package_identification:_identify(myenv) by extensions ['ignore', 'ignore_ament_install']
[3.324s] Level 1:colcon.colcon_core.package_identification:_identify(myenv) by extension 'ignore'
[3.324s] Level 1:colcon.colcon_core.package_identification:_identify(myenv) by extension 'ignore_ament_install'
[3.324s] Level 1:colcon.colcon_core.package_identification:_identify(myenv) by extensions ['colcon_pkg']
[3.324s] Level 1:colcon.colcon_core.package_identification:_identify(myenv) by extension 'colcon_pkg'
[3.325s] Level 1:colcon.colcon_core.package_identification:_identify(myenv) by extensions ['colcon_meta']
[3.325s] Level 1:colcon.colcon_core.package_identification:_identify(myenv) by extension 'colcon_meta'
[3.325s] Level 1:colcon.colcon_core.package_identification:_identify(myenv) by extensions ['ros']
[3.325s] Level 1:colcon.colcon_core.package_identification:_identify(myenv) by extension 'ros'
[3.325s] Level 1:colcon.colcon_core.package_identification:_identify(myenv) by extensions ['cmake', 'python']
[3.326s] Level 1:colcon.colcon_core.package_identification:_identify(myenv) by extension 'cmake'
[3.326s] Level 1:colcon.colcon_core.package_identification:_identify(myenv) by extension 'python'
[3.326s] Level 1:colcon.colcon_core.package_identification:_identify(myenv) by extensions ['python_setup_py']
[3.326s] Level 1:colcon.colcon_core.package_identification:_identify(myenv) by extension 'python_setup_py'
[3.327s] Level 1:colcon.colcon_core.package_identification:_identify(myenv/bin) by extensions ['ignore', 'ignore_ament_install']
[3.327s] Level 1:colcon.colcon_core.package_identification:_identify(myenv/bin) by extension 'ignore'
[3.328s] Level 1:colcon.colcon_core.package_identification:_identify(myenv/bin) by extension 'ignore_ament_install'
[3.328s] Level 1:colcon.colcon_core.package_identification:_identify(myenv/bin) by extensions ['colcon_pkg']
[3.329s] Level 1:colcon.colcon_core.package_identification:_identify(myenv/bin) by extension 'colcon_pkg'
[3.329s] Level 1:colcon.colcon_core.package_identification:_identify(myenv/bin) by extensions ['colcon_meta']
[3.330s] Level 1:colcon.colcon_core.package_identification:_identify(myenv/bin) by extension 'colcon_meta'
[3.330s] Level 1:colcon.colcon_core.package_identification:_identify(myenv/bin) by extensions ['ros']
[3.331s] Level 1:colcon.colcon_core.package_identification:_identify(myenv/bin) by extension 'ros'
[3.331s] Level 1:colcon.colcon_core.package_identification:_identify(myenv/bin) by extensions ['cmake', 'python']
[3.332s] Level 1:colcon.colcon_core.package_identification:_identify(myenv/bin) by extension 'cmake'
[3.332s] Level 1:colcon.colcon_core.package_identification:_identify(myenv/bin) by extension 'python'
[3.332s] Level 1:colcon.colcon_core.package_identification:_identify(myenv/bin) by extensions ['python_setup_py']
[3.333s] Level 1:colcon.colcon_core.package_identification:_identify(myenv/bin) by extension 'python_setup_py'
[3.333s] Level 1:colcon.colcon_core.package_identification:_identify(myenv/include) by extensions ['ignore', 'ignore_ament_install']
[3.334s] Level 1:colcon.colcon_core.package_identification:_identify(myenv/include) by extension 'ignore'
[3.334s] Level 1:colcon.colcon_core.package_identification:_identify(myenv/include) by extension 'ignore_ament_install'
[3.335s] Level 1:colcon.colcon_core.package_identification:_identify(myenv/include) by extensions ['colcon_pkg']
[3.335s] Level 1:colcon.colcon_core.package_identification:_identify(myenv/include) by extension 'colcon_pkg'
[3.335s] Level 1:colcon.colcon_core.package_identification:_identify(myenv/include) by extensions ['colcon_meta']
[3.336s] Level 1:colcon.colcon_core.package_identification:_identify(myenv/include) by extension 'colcon_meta'
[3.336s] Level 1:colcon.colcon_core.package_identification:_identify(myenv/include) by extensions ['ros']
[3.337s] Level 1:colcon.colcon_core.package_identification:_identify(myenv/include) by extension 'ros'
[3.337s] Level 1:colcon.colcon_core.package_identification:_identify(myenv/include) by extensions ['cmake', 'python']
[3.338s] Level 1:colcon.colcon_core.package_identification:_identify(myenv/include) by extension 'cmake'
[3.338s] Level 1:colcon.colcon_core.package_identification:_identify(myenv/include) by extension 'python'
[3.339s] Level 1:colcon.colcon_core.package_identification:_identify(myenv/include) by extensions ['python_setup_py']
[3.339s] Level 1:colcon.colcon_core.package_identification:_identify(myenv/include) by extension 'python_setup_py'
[3.340s] Level 1:colcon.colcon_core.package_identification:_identify(myenv/lib) by extensions ['ignore', 'ignore_ament_install']
[3.340s] Level 1:colcon.colcon_core.package_identification:_identify(myenv/lib) by extension 'ignore'
[3.341s] Level 1:colcon.colcon_core.package_identification:_identify(myenv/lib) by extension 'ignore_ament_install'
[3.341s] Level 1:colcon.colcon_core.package_identification:_identify(myenv/lib) by extensions ['colcon_pkg']
[3.341s] Level 1:colcon.colcon_core.package_identification:_identify(myenv/lib) by extension 'colcon_pkg'
[3.342s] Level 1:colcon.colcon_core.package_identification:_identify(myenv/lib) by extensions ['colcon_meta']
[3.342s] Level 1:colcon.colcon_core.package_identification:_identify(myenv/lib) by extension 'colcon_meta'
[3.342s] Level 1:colcon.colcon_core.package_identification:_identify(myenv/lib) by extensions ['ros']
[3.342s] Level 1:colcon.colcon_core.package_identification:_identify(myenv/lib) by extension 'ros'
[3.343s] Level 1:colcon.colcon_core.package_identification:_identify(myenv/lib) by extensions ['cmake', 'python']
[3.343s] Level 1:colcon.colcon_core.package_identification:_identify(myenv/lib) by extension 'cmake'
[3.343s] Level 1:colcon.colcon_core.package_identification:_identify(myenv/lib) by extension 'python'
[3.344s] Level 1:colcon.colcon_core.package_identification:_identify(myenv/lib) by extensions ['python_setup_py']
[3.344s] Level 1:colcon.colcon_core.package_identification:_identify(myenv/lib) by extension 'python_setup_py'
[3.347s] Level 1:colcon.colcon_core.package_identification:_identify(myenv/lib/python3.6) by extensions ['ignore', 'ignore_ament_install']
[3.347s] Level 1:colcon.colcon_core.package_identification:_identify(myenv/lib/python3.6) by extension 'ignore'
[3.348s] Level 1:colcon.colcon_core.package_identification:_identify(myenv/lib/python3.6) by extension 'ignore_ament_install'
[3.348s] Level 1:colcon.colcon_core.package_identification:_identify(myenv/lib/python3.6) by extensions ['colcon_pkg']
[3.348s] Level 1:colcon.colcon_core.package_identification:_identify(myenv/lib/python3.6) by extension 'colcon_pkg'
[3.349s] Level 1:colcon.colcon_core.package_identification:_identify(myenv/lib/python3.6) by extensions ['colcon_meta']
[3.349s] Level 1:colcon.colcon_core.package_identification:_identify(myenv/lib/python3.6) by extension 'colcon_meta'
[3.349s] Level 1:colcon.colcon_core.package_identification:_identify(myenv/lib/python3.6) by extensions ['ros']
[3.350s] Level 1:colcon.colcon_core.package_identification:_identify(myenv/lib/python3.6) by extension 'ros'
[3.351s] Level 1:colcon.colcon_core.package_identification:_identify(myenv/lib/python3.6) by extensions ['cmake', 'python']
[3.351s] Level 1:colcon.colcon_core.package_identification:_identify(myenv/lib/python3.6) by extension 'cmake'
[3.351s] Level 1:colcon.colcon_core.package_identification:_identify(myenv/lib/python3.6) by extension 'python'
[3.352s] Level 1:colcon.colcon_core.package_identification:_identify(myenv/lib/python3.6) by extensions ['python_setup_py']
[3.352s] Level 1:colcon.colcon_core.package_identification:_identify(myenv/lib/python3.6) by extension 'python_setup_py'
[3.353s] Level 1:colcon.colcon_core.package_identification:_identify(myenv/lib/python3.6/site-packages) by extensions ['ignore', 'ignore_ament_install']
[3.354s] Level 1:colcon.colcon_core.package_identification:_identify(myenv/lib/python3.6/site-packages) by extension 'ignore'
[3.354s] Level 1:colcon.colcon_core.package_identification:_identify(myenv/lib/python3.6/site-packages) by extension 'ignore_ament_install'
[3.355s] Level 1:colcon.colcon_core.package_identification:_identify(myenv/lib/python3.6/site-packages) by extensions ['colcon_pkg']
[3.355s] Level 1:colcon.colcon_core.package_identification:_identify(myenv/lib/python3.6/site-packages) by extension 'colcon_pkg'
[3.355s] Level 1:colcon.colcon_core.package_identification:_identify(myenv/lib/python3.6/site-packages) by extensions ['colcon_meta']
[3.356s] Level 1:colcon.colcon_core.package_identification:_identify(myenv/lib/python3.6/site-packages) by extension 'colcon_meta'
[3.356s] Level 1:colcon.colcon_core.package_identification:_identify(myenv/lib/python3.6/site-packages) by extensions ['ros']
[3.356s] Level 1:colcon.colcon_core.package_identification:_identify(myenv/lib/python3.6/site-packages) by extension 'ros'
[3.357s] Level 1:colcon.colcon_core.package_identification:_identify(myenv/lib/python3.6/site-packages) by extensions ['cmake', 'python']
[3.358s] Level 1:colcon.colcon_core.package_identification:_identify(myenv/lib/python3.6/site-packages) by extension 'cmake'
[3.358s] Level 1:colcon.colcon_core.package_identification:_identify(myenv/lib/python3.6/site-packages) by extension 'python'
[3.358s] Level 1:colcon.colcon_core.package_identification:_identify(myenv/lib/python3.6/site-packages) by extensions ['python_setup_py']
[3.359s] Level 1:colcon.colcon_core.package_identification:_identify(myenv/lib/python3.6/site-packages) by extension 'python_setup_py'
[3.360s] Level 1:colcon.colcon_core.package_identification:_identify(px4_autonomy_modules) by extensions ['ignore', 'ignore_ament_install']
[3.360s] Level 1:colcon.colcon_core.package_identification:_identify(px4_autonomy_modules) by extension 'ignore'
[3.361s] Level 1:colcon.colcon_core.package_identification:_identify(px4_autonomy_modules) by extension 'ignore_ament_install'
[3.361s] Level 1:colcon.colcon_core.package_identification:_identify(px4_autonomy_modules) by extensions ['colcon_pkg']
[3.362s] Level 1:colcon.colcon_core.package_identification:_identify(px4_autonomy_modules) by extension 'colcon_pkg'
[3.362s] Level 1:colcon.colcon_core.package_identification:_identify(px4_autonomy_modules) by extensions ['colcon_meta']
[3.362s] Level 1:colcon.colcon_core.package_identification:_identify(px4_autonomy_modules) by extension 'colcon_meta'
[3.363s] Level 1:colcon.colcon_core.package_identification:_identify(px4_autonomy_modules) by extensions ['ros']
[3.363s] Level 1:colcon.colcon_core.package_identification:_identify(px4_autonomy_modules) by extension 'ros'
[3.373s] DEBUG:colcon.colcon_core.package_identification:Package 'px4_autonomy_modules' with type 'ros.ament_cmake' and name 'px4_autonomy_modules'
[3.374s] Level 1:colcon.colcon_core.package_identification:_identify(realsense2mavros) by extensions ['ignore', 'ignore_ament_install']
[3.374s] Level 1:colcon.colcon_core.package_identification:_identify(realsense2mavros) by extension 'ignore'
[3.375s] Level 1:colcon.colcon_core.package_identification:_identify(realsense2mavros) by extension 'ignore_ament_install'
[3.375s] Level 1:colcon.colcon_core.package_identification:_identify(realsense2mavros) by extensions ['colcon_pkg']
[3.376s] Level 1:colcon.colcon_core.package_identification:_identify(realsense2mavros) by extension 'colcon_pkg'
[3.376s] Level 1:colcon.colcon_core.package_identification:_identify(realsense2mavros) by extensions ['colcon_meta']
[3.377s] Level 1:colcon.colcon_core.package_identification:_identify(realsense2mavros) by extension 'colcon_meta'
[3.377s] Level 1:colcon.colcon_core.package_identification:_identify(realsense2mavros) by extensions ['ros']
[3.377s] Level 1:colcon.colcon_core.package_identification:_identify(realsense2mavros) by extension 'ros'
[3.383s] DEBUG:colcon.colcon_core.package_identification:Package 'realsense2mavros' with type 'ros.ament_python' and name 'realsense2mavros'
[3.384s] Level 1:colcon.colcon_core.package_identification:_identify(task2) by extensions ['ignore', 'ignore_ament_install']
[3.385s] Level 1:colcon.colcon_core.package_identification:_identify(task2) by extension 'ignore'
[3.386s] Level 1:colcon.colcon_core.package_identification:_identify(task2) by extension 'ignore_ament_install'
[3.386s] Level 1:colcon.colcon_core.package_identification:_identify(task2) by extensions ['colcon_pkg']
[3.387s] Level 1:colcon.colcon_core.package_identification:_identify(task2) by extension 'colcon_pkg'
[3.387s] Level 1:colcon.colcon_core.package_identification:_identify(task2) by extensions ['colcon_meta']
[3.387s] Level 1:colcon.colcon_core.package_identification:_identify(task2) by extension 'colcon_meta'
[3.388s] Level 1:colcon.colcon_core.package_identification:_identify(task2) by extensions ['ros']
[3.388s] Level 1:colcon.colcon_core.package_identification:_identify(task2) by extension 'ros'
[3.389s] Level 1:colcon.colcon_core.package_identification:_identify(task2) by extensions ['cmake', 'python']
[3.389s] Level 1:colcon.colcon_core.package_identification:_identify(task2) by extension 'cmake'
[3.390s] Level 1:colcon.colcon_core.package_identification:_identify(task2) by extension 'python'
[3.390s] Level 1:colcon.colcon_core.package_identification:_identify(task2) by extensions ['python_setup_py']
[3.390s] Level 1:colcon.colcon_core.package_identification:_identify(task2) by extension 'python_setup_py'
[3.391s] Level 1:colcon.colcon_core.package_identification:_identify(unit_tester) by extensions ['ignore', 'ignore_ament_install']
[3.392s] Level 1:colcon.colcon_core.package_identification:_identify(unit_tester) by extension 'ignore'
[3.393s] Level 1:colcon.colcon_core.package_identification:_identify(unit_tester) by extension 'ignore_ament_install'
[3.393s] Level 1:colcon.colcon_core.package_identification:_identify(unit_tester) by extensions ['colcon_pkg']
[3.393s] Level 1:colcon.colcon_core.package_identification:_identify(unit_tester) by extension 'colcon_pkg'
[3.394s] Level 1:colcon.colcon_core.package_identification:_identify(unit_tester) by extensions ['colcon_meta']
[3.394s] Level 1:colcon.colcon_core.package_identification:_identify(unit_tester) by extension 'colcon_meta'
[3.394s] Level 1:colcon.colcon_core.package_identification:_identify(unit_tester) by extensions ['ros']
[3.395s] Level 1:colcon.colcon_core.package_identification:_identify(unit_tester) by extension 'ros'
[3.399s] DEBUG:colcon.colcon_core.package_identification:Package 'unit_tester' with type 'ros.ament_python' and name 'unit_tester'
[3.401s] Level 1:colcon.colcon_core.package_identification:_identify(vicon_bridge) by extensions ['ignore', 'ignore_ament_install']
[3.402s] Level 1:colcon.colcon_core.package_identification:_identify(vicon_bridge) by extension 'ignore'
[3.402s] Level 1:colcon.colcon_core.package_identification:_identify(vicon_bridge) by extension 'ignore_ament_install'
[3.403s] Level 1:colcon.colcon_core.package_identification:_identify(vicon_bridge) by extensions ['colcon_pkg']
[3.403s] Level 1:colcon.colcon_core.package_identification:_identify(vicon_bridge) by extension 'colcon_pkg'
[3.404s] Level 1:colcon.colcon_core.package_identification:_identify(vicon_bridge) by extensions ['colcon_meta']
[3.404s] Level 1:colcon.colcon_core.package_identification:_identify(vicon_bridge) by extension 'colcon_meta'
[3.405s] Level 1:colcon.colcon_core.package_identification:_identify(vicon_bridge) by extensions ['ros']
[3.405s] Level 1:colcon.colcon_core.package_identification:_identify(vicon_bridge) by extension 'ros'
[3.412s] DEBUG:colcon.colcon_core.package_identification:Package 'vicon_bridge' with type 'ros.ament_python' and name 'vicon_bridge'
[3.413s] Level 1:colcon.colcon_core.package_identification:_identify(vicon_obstacle_republisher) by extensions ['ignore', 'ignore_ament_install']
[3.413s] Level 1:colcon.colcon_core.package_identification:_identify(vicon_obstacle_republisher) by extension 'ignore'
[3.414s] Level 1:colcon.colcon_core.package_identification:_identify(vicon_obstacle_republisher) by extension 'ignore_ament_install'
[3.414s] Level 1:colcon.colcon_core.package_identification:_identify(vicon_obstacle_republisher) by extensions ['colcon_pkg']
[3.414s] Level 1:colcon.colcon_core.package_identification:_identify(vicon_obstacle_republisher) by extension 'colcon_pkg'
[3.418s] Level 1:colcon.colcon_core.package_identification:_identify(vicon_obstacle_republisher) by extensions ['colcon_meta']
[3.419s] Level 1:colcon.colcon_core.package_identification:_identify(vicon_obstacle_republisher) by extension 'colcon_meta'
[3.419s] Level 1:colcon.colcon_core.package_identification:_identify(vicon_obstacle_republisher) by extensions ['ros']
[3.420s] Level 1:colcon.colcon_core.package_identification:_identify(vicon_obstacle_republisher) by extension 'ros'
[3.424s] DEBUG:colcon.colcon_core.package_identification:Package 'vicon_obstacle_republisher' with type 'ros.ament_python' and name 'vicon_obstacle_republisher'
[3.425s] Level 1:colcon.colcon_core.package_identification:_identify(waypoint_nav) by extensions ['ignore', 'ignore_ament_install']
[3.425s] Level 1:colcon.colcon_core.package_identification:_identify(waypoint_nav) by extension 'ignore'
[3.426s] Level 1:colcon.colcon_core.package_identification:_identify(waypoint_nav) by extension 'ignore_ament_install'
[3.426s] Level 1:colcon.colcon_core.package_identification:_identify(waypoint_nav) by extensions ['colcon_pkg']
[3.427s] Level 1:colcon.colcon_core.package_identification:_identify(waypoint_nav) by extension 'colcon_pkg'
[3.427s] Level 1:colcon.colcon_core.package_identification:_identify(waypoint_nav) by extensions ['colcon_meta']
[3.427s] Level 1:colcon.colcon_core.package_identification:_identify(waypoint_nav) by extension 'colcon_meta'
[3.428s] Level 1:colcon.colcon_core.package_identification:_identify(waypoint_nav) by extensions ['ros']
[3.428s] Level 1:colcon.colcon_core.package_identification:_identify(waypoint_nav) by extension 'ros'
[3.437s] DEBUG:colcon.colcon_core.package_identification:Package 'waypoint_nav' with type 'ros.ament_python' and name 'waypoint_nav'
[3.437s] Level 1:colcon.colcon_core.package_discovery:discover_packages(recursive) using defaults
[3.437s] Level 1:colcon.colcon_core.package_discovery:discover_packages(ignore) discover
[3.438s] Level 1:colcon.colcon_core.package_discovery:discover_packages(ignore) using defaults
[3.438s] Level 1:colcon.colcon_core.package_discovery:discover_packages(path) discover
[3.438s] Level 1:colcon.colcon_core.package_discovery:discover_packages(path) using defaults
[3.629s] INFO:colcon.colcon_core.package_selection:Skipping not selected package 'comm_node' in 'comm_node'
[3.629s] INFO:colcon.colcon_core.package_selection:Skipping not selected package 'dummy_vicon_republisher' in 'dummy_vicon_republisher'
[3.629s] INFO:colcon.colcon_core.package_selection:Skipping not selected package 'dummy_waypoint_publisher' in 'dummy_waypoint_publisher'
[3.629s] INFO:colcon.colcon_core.package_selection:Skipping not selected package 'exer2_control' in 'exer2_control'
[3.630s] INFO:colcon.colcon_core.package_selection:Skipping not selected package 'exer3_control' in 'exer3_control'
[3.630s] INFO:colcon.colcon_core.package_selection:Skipping not selected package 'image_saver' in 'image_saver'
[3.630s] INFO:colcon.colcon_core.package_selection:Skipping not selected package 'px4_autonomy_modules' in 'px4_autonomy_modules'
[3.630s] INFO:colcon.colcon_core.package_selection:Skipping not selected package 'realsense2mavros' in 'realsense2mavros'
[3.630s] INFO:colcon.colcon_core.package_selection:Skipping not selected package 'unit_tester' in 'unit_tester'
[3.630s] INFO:colcon.colcon_core.package_selection:Skipping not selected package 'vicon_bridge' in 'vicon_bridge'
[3.630s] INFO:colcon.colcon_core.package_selection:Skipping not selected package 'vicon_obstacle_republisher' in 'vicon_obstacle_republisher'
[3.631s] INFO:colcon.colcon_core.package_selection:Skipping not selected package 'waypoint_nav' in 'waypoint_nav'
[3.633s] Level 1:colcon.colcon_core.package_discovery:discover_packages(prefix_path) check parameters
[3.634s] Level 1:colcon.colcon_core.package_discovery:discover_packages(prefix_path) discover
[3.656s] DEBUG:colcon.colcon_installed_package_information.package_discovery:Found 16 installed packages in /home/jetson/ros2_ws/src/install
[3.663s] DEBUG:colcon.colcon_installed_package_information.package_discovery:Found 16 installed packages in /home/jetson/ros2_ws/install
[3.675s] DEBUG:colcon.colcon_installed_package_information.package_discovery:Found 271 installed packages in /opt/ros/foxy
[3.684s] Level 1:colcon.colcon_core.package_discovery:discover_packages(prefix_path) using defaults
[4.105s] Level 5:colcon.colcon_core.verb:set package 'api_waypoint' build argument 'cmake_args' from command line to 'None'
[4.105s] Level 5:colcon.colcon_core.verb:set package 'api_waypoint' build argument 'cmake_target' from command line to 'None'
[4.105s] Level 5:colcon.colcon_core.verb:set package 'api_waypoint' build argument 'cmake_target_skip_unavailable' from command line to 'False'
[4.105s] Level 5:colcon.colcon_core.verb:set package 'api_waypoint' build argument 'cmake_clean_cache' from command line to 'False'
[4.106s] Level 5:colcon.colcon_core.verb:set package 'api_waypoint' build argument 'cmake_clean_first' from command line to 'False'
[4.106s] Level 5:colcon.colcon_core.verb:set package 'api_waypoint' build argument 'cmake_force_configure' from command line to 'False'
[4.106s] Level 5:colcon.colcon_core.verb:set package 'api_waypoint' build argument 'ament_cmake_args' from command line to 'None'
[4.106s] Level 5:colcon.colcon_core.verb:set package 'api_waypoint' build argument 'catkin_cmake_args' from command line to 'None'
[4.106s] Level 5:colcon.colcon_core.verb:set package 'api_waypoint' build argument 'catkin_skip_building_tests' from command line to 'False'
[4.107s] DEBUG:colcon.colcon_core.verb:Building package 'api_waypoint' with the following arguments: {'ament_cmake_args': None, 'build_base': '/home/jetson/ros2_ws/src/build/api_waypoint', 'catkin_cmake_args': None, 'catkin_skip_building_tests': False, 'cmake_args': None, 'cmake_clean_cache': False, 'cmake_clean_first': False, 'cmake_force_configure': False, 'cmake_target': None, 'cmake_target_skip_unavailable': False, 'install_base': '/home/jetson/ros2_ws/src/install/api_waypoint', 'merge_install': False, 'path': '/home/jetson/ros2_ws/src/api_waypoint', 'symlink_install': False, 'test_result_base': None}
[4.109s] Level 5:colcon.colcon_core.verb:set package 'crack_comm' build argument 'cmake_args' from command line to 'None'
[4.109s] Level 5:colcon.colcon_core.verb:set package 'crack_comm' build argument 'cmake_target' from command line to 'None'
[4.110s] Level 5:colcon.colcon_core.verb:set package 'crack_comm' build argument 'cmake_target_skip_unavailable' from command line to 'False'
[4.110s] Level 5:colcon.colcon_core.verb:set package 'crack_comm' build argument 'cmake_clean_cache' from command line to 'False'
[4.110s] Level 5:colcon.colcon_core.verb:set package 'crack_comm' build argument 'cmake_clean_first' from command line to 'False'
[4.110s] Level 5:colcon.colcon_core.verb:set package 'crack_comm' build argument 'cmake_force_configure' from command line to 'False'
[4.110s] Level 5:colcon.colcon_core.verb:set package 'crack_comm' build argument 'ament_cmake_args' from command line to 'None'
[4.110s] Level 5:colcon.colcon_core.verb:set package 'crack_comm' build argument 'catkin_cmake_args' from command line to 'None'
[4.110s] Level 5:colcon.colcon_core.verb:set package 'crack_comm' build argument 'catkin_skip_building_tests' from command line to 'False'
[4.111s] DEBUG:colcon.colcon_core.verb:Building package 'crack_comm' with the following arguments: {'ament_cmake_args': None, 'build_base': '/home/jetson/ros2_ws/src/build/crack_comm', 'catkin_cmake_args': None, 'catkin_skip_building_tests': False, 'cmake_args': None, 'cmake_clean_cache': False, 'cmake_clean_first': False, 'cmake_force_configure': False, 'cmake_target': None, 'cmake_target_skip_unavailable': False, 'install_base': '/home/jetson/ros2_ws/src/install/crack_comm', 'merge_install': False, 'path': '/home/jetson/ros2_ws/src/crack_comm', 'symlink_install': False, 'test_result_base': None}
[4.113s] Level 5:colcon.colcon_core.verb:set package 'crack_controller' build argument 'cmake_args' from command line to 'None'
[4.113s] Level 5:colcon.colcon_core.verb:set package 'crack_controller' build argument 'cmake_target' from command line to 'None'
[4.113s] Level 5:colcon.colcon_core.verb:set package 'crack_controller' build argument 'cmake_target_skip_unavailable' from command line to 'False'
[4.113s] Level 5:colcon.colcon_core.verb:set package 'crack_controller' build argument 'cmake_clean_cache' from command line to 'False'
[4.113s] Level 5:colcon.colcon_core.verb:set package 'crack_controller' build argument 'cmake_clean_first' from command line to 'False'
[4.113s] Level 5:colcon.colcon_core.verb:set package 'crack_controller' build argument 'cmake_force_configure' from command line to 'False'
[4.113s] Level 5:colcon.colcon_core.verb:set package 'crack_controller' build argument 'ament_cmake_args' from command line to 'None'
[4.114s] Level 5:colcon.colcon_core.verb:set package 'crack_controller' build argument 'catkin_cmake_args' from command line to 'None'
[4.114s] Level 5:colcon.colcon_core.verb:set package 'crack_controller' build argument 'catkin_skip_building_tests' from command line to 'False'
[4.114s] DEBUG:colcon.colcon_core.verb:Building package 'crack_controller' with the following arguments: {'ament_cmake_args': None, 'build_base': '/home/jetson/ros2_ws/src/build/crack_controller', 'catkin_cmake_args': None, 'catkin_skip_building_tests': False, 'cmake_args': None, 'cmake_clean_cache': False, 'cmake_clean_first': False, 'cmake_force_configure': False, 'cmake_target': None, 'cmake_target_skip_unavailable': False, 'install_base': '/home/jetson/ros2_ws/src/install/crack_controller', 'merge_install': False, 'path': '/home/jetson/ros2_ws/src/crack_controller', 'symlink_install': False, 'test_result_base': None}
[4.116s] Level 5:colcon.colcon_core.verb:set package 'image_processor' build argument 'cmake_args' from command line to 'None'
[4.116s] Level 5:colcon.colcon_core.verb:set package 'image_processor' build argument 'cmake_target' from command line to 'None'
[4.116s] Level 5:colcon.colcon_core.verb:set package 'image_processor' build argument 'cmake_target_skip_unavailable' from command line to 'False'
[4.117s] Level 5:colcon.colcon_core.verb:set package 'image_processor' build argument 'cmake_clean_cache' from command line to 'False'
[4.117s] Level 5:colcon.colcon_core.verb:set package 'image_processor' build argument 'cmake_clean_first' from command line to 'False'
[4.117s] Level 5:colcon.colcon_core.verb:set package 'image_processor' build argument 'cmake_force_configure' from command line to 'False'
[4.117s] Level 5:colcon.colcon_core.verb:set package 'image_processor' build argument 'ament_cmake_args' from command line to 'None'
[4.117s] Level 5:colcon.colcon_core.verb:set package 'image_processor' build argument 'catkin_cmake_args' from command line to 'None'
[4.117s] Level 5:colcon.colcon_core.verb:set package 'image_processor' build argument 'catkin_skip_building_tests' from command line to 'False'
[4.117s] DEBUG:colcon.colcon_core.verb:Building package 'image_processor' with the following arguments: {'ament_cmake_args': None, 'build_base': '/home/jetson/ros2_ws/src/build/image_processor', 'catkin_cmake_args': None, 'catkin_skip_building_tests': False, 'cmake_args': None, 'cmake_clean_cache': False, 'cmake_clean_first': False, 'cmake_force_configure': False, 'cmake_target': None, 'cmake_target_skip_unavailable': False, 'install_base': '/home/jetson/ros2_ws/src/install/image_processor', 'merge_install': False, 'path': '/home/jetson/ros2_ws/src/image_processor', 'symlink_install': False, 'test_result_base': None}
[4.118s] INFO:colcon.colcon_core.executor:Executing jobs using 'parallel' executor
[4.123s] DEBUG:colcon.colcon_parallel_executor.executor.parallel:run_until_complete
[4.124s] INFO:colcon.colcon_ros.task.ament_python.build:Building ROS package in '/home/jetson/ros2_ws/src/api_waypoint' with build type 'ament_python'
[4.124s] Level 1:colcon.colcon_core.shell:create_environment_hook('api_waypoint', 'ament_prefix_path')
[4.154s] INFO:colcon.colcon_core.plugin_system:Skipping extension 'colcon_core.shell.bat': Not used on non-Windows systems
[4.155s] INFO:colcon.colcon_core.shell:Creating environment hook '/home/jetson/ros2_ws/src/install/api_waypoint/share/api_waypoint/hook/ament_prefix_path.ps1'
[4.160s] INFO:colcon.colcon_core.shell:Creating environment descriptor '/home/jetson/ros2_ws/src/install/api_waypoint/share/api_waypoint/hook/ament_prefix_path.dsv'
[4.164s] INFO:colcon.colcon_core.shell:Creating environment hook '/home/jetson/ros2_ws/src/install/api_waypoint/share/api_waypoint/hook/ament_prefix_path.sh'
[4.169s] INFO:colcon.colcon_core.shell:Skip shell extension 'powershell' for command environment: Not usable outside of PowerShell
[4.170s] DEBUG:colcon.colcon_core.shell:Skip shell extension 'dsv' for command environment
[4.208s] INFO:colcon.colcon_ros.task.ament_python.build:Building ROS package in '/home/jetson/ros2_ws/src/crack_comm' with build type 'ament_python'
[4.210s] Level 1:colcon.colcon_core.shell:create_environment_hook('crack_comm', 'ament_prefix_path')
[4.212s] INFO:colcon.colcon_core.shell:Creating environment hook '/home/jetson/ros2_ws/src/install/crack_comm/share/crack_comm/hook/ament_prefix_path.ps1'
[4.214s] INFO:colcon.colcon_core.shell:Creating environment descriptor '/home/jetson/ros2_ws/src/install/crack_comm/share/crack_comm/hook/ament_prefix_path.dsv'
[4.220s] INFO:colcon.colcon_core.shell:Creating environment hook '/home/jetson/ros2_ws/src/install/crack_comm/share/crack_comm/hook/ament_prefix_path.sh'
[4.224s] INFO:colcon.colcon_core.shell:Skip shell extension 'powershell' for command environment: Not usable outside of PowerShell
[4.225s] DEBUG:colcon.colcon_core.shell:Skip shell extension 'dsv' for command environment
[4.267s] INFO:colcon.colcon_ros.task.ament_python.build:Building ROS package in '/home/jetson/ros2_ws/src/crack_controller' with build type 'ament_python'
[4.268s] Level 1:colcon.colcon_core.shell:create_environment_hook('crack_controller', 'ament_prefix_path')
[4.270s] INFO:colcon.colcon_core.shell:Creating environment hook '/home/jetson/ros2_ws/src/install/crack_controller/share/crack_controller/hook/ament_prefix_path.ps1'
[4.274s] INFO:colcon.colcon_core.shell:Creating environment descriptor '/home/jetson/ros2_ws/src/install/crack_controller/share/crack_controller/hook/ament_prefix_path.dsv'
[4.277s] INFO:colcon.colcon_core.shell:Creating environment hook '/home/jetson/ros2_ws/src/install/crack_controller/share/crack_controller/hook/ament_prefix_path.sh'
[4.281s] INFO:colcon.colcon_core.shell:Skip shell extension 'powershell' for command environment: Not usable outside of PowerShell
[4.281s] DEBUG:colcon.colcon_core.shell:Skip shell extension 'dsv' for command environment
[4.326s] INFO:colcon.colcon_ros.task.ament_python.build:Building ROS package in '/home/jetson/ros2_ws/src/image_processor' with build type 'ament_python'
[4.328s] Level 1:colcon.colcon_core.shell:create_environment_hook('image_processor', 'ament_prefix_path')
[4.332s] INFO:colcon.colcon_core.shell:Creating environment hook '/home/jetson/ros2_ws/src/install/image_processor/share/image_processor/hook/ament_prefix_path.ps1'
[4.338s] INFO:colcon.colcon_core.shell:Creating environment descriptor '/home/jetson/ros2_ws/src/install/image_processor/share/image_processor/hook/ament_prefix_path.dsv'
[4.341s] INFO:colcon.colcon_core.shell:Creating environment hook '/home/jetson/ros2_ws/src/install/image_processor/share/image_processor/hook/ament_prefix_path.sh'
[4.345s] INFO:colcon.colcon_core.shell:Skip shell extension 'powershell' for command environment: Not usable outside of PowerShell
[4.346s] DEBUG:colcon.colcon_core.shell:Skip shell extension 'dsv' for command environment
[6.163s] INFO:colcon.colcon_core.task.python.build:Building Python package in '/home/jetson/ros2_ws/src/api_waypoint'
[6.165s] INFO:colcon.colcon_core.shell:Skip shell extension 'powershell' for command environment: Not usable outside of PowerShell
[6.165s] DEBUG:colcon.colcon_core.shell:Skip shell extension 'dsv' for command environment
[7.958s] INFO:colcon.colcon_core.task.python.build:Building Python package in '/home/jetson/ros2_ws/src/crack_comm'
[7.960s] INFO:colcon.colcon_core.shell:Skip shell extension 'powershell' for command environment: Not usable outside of PowerShell
[7.960s] DEBUG:colcon.colcon_core.shell:Skip shell extension 'dsv' for command environment
[9.674s] INFO:colcon.colcon_core.task.python.build:Building Python package in '/home/jetson/ros2_ws/src/crack_controller'
[9.676s] INFO:colcon.colcon_core.shell:Skip shell extension 'powershell' for command environment: Not usable outside of PowerShell
[9.676s] DEBUG:colcon.colcon_core.shell:Skip shell extension 'dsv' for command environment
[11.563s] INFO:colcon.colcon_core.task.python.build:Building Python package in '/home/jetson/ros2_ws/src/image_processor'
[11.565s] INFO:colcon.colcon_core.shell:Skip shell extension 'powershell' for command environment: Not usable outside of PowerShell
[11.565s] DEBUG:colcon.colcon_core.shell:Skip shell extension 'dsv' for command environment
[15.049s] DEBUG:colcon.colcon_core.event_handler.log_command:Invoking command in '/home/jetson/ros2_ws/src/api_waypoint': PYTHONPATH=/home/jetson/ros2_ws/src/build/api_waypoint/prefix_override:/usr/lib/python3/dist-packages/colcon_core/task/python/colcon_distutils_commands:/home/jetson/ros2_ws/src/install/api_waypoint/lib/python3.8/site-packages:${PYTHONPATH} /usr/bin/python3 -W ignore:setup.py install is deprecated -W ignore:easy_install command is deprecated setup.py egg_info --egg-base ../build/api_waypoint build --build-base /home/jetson/ros2_ws/src/build/api_waypoint/build install --record /home/jetson/ros2_ws/src/build/api_waypoint/install.log --install-scripts $base/lib/api_waypoint --single-version-externally-managed install_data
[15.094s] DEBUG:colcon.colcon_core.event_handler.log_command:Invoking command in '/home/jetson/ros2_ws/src/crack_comm': PYTHONPATH=/home/jetson/ros2_ws/src/build/crack_comm/prefix_override:/usr/lib/python3/dist-packages/colcon_core/task/python/colcon_distutils_commands:/home/jetson/ros2_ws/src/install/crack_comm/lib/python3.8/site-packages:${PYTHONPATH} /usr/bin/python3 -W ignore:setup.py install is deprecated -W ignore:easy_install command is deprecated setup.py egg_info --egg-base ../build/crack_comm build --build-base /home/jetson/ros2_ws/src/build/crack_comm/build install --record /home/jetson/ros2_ws/src/build/crack_comm/install.log --install-scripts $base/lib/crack_comm --single-version-externally-managed install_data
[15.123s] DEBUG:colcon.colcon_core.event_handler.log_command:Invoking command in '/home/jetson/ros2_ws/src/crack_controller': PYTHONPATH=/home/jetson/ros2_ws/src/build/crack_controller/prefix_override:/usr/lib/python3/dist-packages/colcon_core/task/python/colcon_distutils_commands:/home/jetson/ros2_ws/src/install/crack_controller/lib/python3.8/site-packages:${PYTHONPATH} /usr/bin/python3 -W ignore:setup.py install is deprecated -W ignore:easy_install command is deprecated setup.py egg_info --egg-base ../build/crack_controller build --build-base /home/jetson/ros2_ws/src/build/crack_controller/build install --record /home/jetson/ros2_ws/src/build/crack_controller/install.log --install-scripts $base/lib/crack_controller --single-version-externally-managed install_data
[15.134s] DEBUG:colcon.colcon_core.event_handler.log_command:Invoking command in '/home/jetson/ros2_ws/src/image_processor': PYTHONPATH=/home/jetson/ros2_ws/src/build/image_processor/prefix_override:/usr/lib/python3/dist-packages/colcon_core/task/python/colcon_distutils_commands:/home/jetson/ros2_ws/src/install/image_processor/lib/python3.8/site-packages:${PYTHONPATH} /usr/bin/python3 -W ignore:setup.py install is deprecated -W ignore:easy_install command is deprecated setup.py egg_info --egg-base ../build/image_processor build --build-base /home/jetson/ros2_ws/src/build/image_processor/build install --record /home/jetson/ros2_ws/src/build/image_processor/install.log --install-scripts $base/lib/image_processor --single-version-externally-managed install_data
[17.880s] DEBUG:colcon.colcon_core.event_handler.log_command:Invoked command in '/home/jetson/ros2_ws/src/crack_comm' returned '0': PYTHONPATH=/home/jetson/ros2_ws/src/build/crack_comm/prefix_override:/usr/lib/python3/dist-packages/colcon_core/task/python/colcon_distutils_commands:/home/jetson/ros2_ws/src/install/crack_comm/lib/python3.8/site-packages:${PYTHONPATH} /usr/bin/python3 -W ignore:setup.py install is deprecated -W ignore:easy_install command is deprecated setup.py egg_info --egg-base ../build/crack_comm build --build-base /home/jetson/ros2_ws/src/build/crack_comm/build install --record /home/jetson/ros2_ws/src/build/crack_comm/install.log --install-scripts $base/lib/crack_comm --single-version-externally-managed install_data
[17.941s] Level 1:colcon.colcon_core.environment:checking '/home/jetson/ros2_ws/src/install/crack_comm' for CMake module files
[17.946s] Level 1:colcon.colcon_core.environment:checking '/home/jetson/ros2_ws/src/install/crack_comm' for CMake config files
[17.952s] Level 1:colcon.colcon_core.environment:checking '/home/jetson/ros2_ws/src/install/crack_comm/lib'
[17.953s] Level 1:colcon.colcon_core.environment:checking '/home/jetson/ros2_ws/src/install/crack_comm/bin'
[17.954s] Level 1:colcon.colcon_core.environment:checking '/home/jetson/ros2_ws/src/install/crack_comm/lib/pkgconfig/crack_comm.pc'
[17.956s] Level 1:colcon.colcon_core.environment:checking '/home/jetson/ros2_ws/src/install/crack_comm/lib/python3.8/site-packages'
[17.957s] Level 1:colcon.colcon_core.shell:create_environment_hook('crack_comm', 'pythonpath')
[17.958s] INFO:colcon.colcon_core.shell:Creating environment hook '/home/jetson/ros2_ws/src/install/crack_comm/share/crack_comm/hook/pythonpath.ps1'
[17.961s] INFO:colcon.colcon_core.shell:Creating environment descriptor '/home/jetson/ros2_ws/src/install/crack_comm/share/crack_comm/hook/pythonpath.dsv'
[17.963s] INFO:colcon.colcon_core.shell:Creating environment hook '/home/jetson/ros2_ws/src/install/crack_comm/share/crack_comm/hook/pythonpath.sh'
[17.966s] Level 1:colcon.colcon_core.environment:checking '/home/jetson/ros2_ws/src/install/crack_comm/bin'
[17.967s] Level 1:colcon.colcon_core.environment:create_environment_scripts_only(crack_comm)
[17.969s] INFO:colcon.colcon_core.shell:Creating package script '/home/jetson/ros2_ws/src/install/crack_comm/share/crack_comm/package.ps1'
[17.977s] INFO:colcon.colcon_core.shell:Creating package descriptor '/home/jetson/ros2_ws/src/install/crack_comm/share/crack_comm/package.dsv'
[17.981s] INFO:colcon.colcon_core.shell:Creating package script '/home/jetson/ros2_ws/src/install/crack_comm/share/crack_comm/package.sh'
[17.988s] INFO:colcon.colcon_core.shell:Creating package script '/home/jetson/ros2_ws/src/install/crack_comm/share/crack_comm/package.bash'
[17.994s] INFO:colcon.colcon_core.shell:Creating package script '/home/jetson/ros2_ws/src/install/crack_comm/share/crack_comm/package.zsh'
[17.999s] Level 1:colcon.colcon_core.environment:create_file_with_runtime_dependencies(/home/jetson/ros2_ws/src/install/crack_comm/share/colcon-core/packages/crack_comm)
[18.009s] Level 1:colcon.colcon_core.environment:checking '/home/jetson/ros2_ws/src/install/api_waypoint' for CMake module files
[18.012s] Level 1:colcon.colcon_core.environment:checking '/home/jetson/ros2_ws/src/install/api_waypoint' for CMake config files
[18.015s] Level 1:colcon.colcon_core.environment:checking '/home/jetson/ros2_ws/src/install/api_waypoint/lib'
[18.016s] Level 1:colcon.colcon_core.environment:checking '/home/jetson/ros2_ws/src/install/api_waypoint/bin'
[18.016s] Level 1:colcon.colcon_core.environment:checking '/home/jetson/ros2_ws/src/install/api_waypoint/lib/pkgconfig/api_waypoint.pc'
[18.018s] Level 1:colcon.colcon_core.environment:checking '/home/jetson/ros2_ws/src/install/api_waypoint/lib/python3.8/site-packages'
[18.023s] Level 1:colcon.colcon_core.shell:create_environment_hook('api_waypoint', 'pythonpath')
[18.024s] INFO:colcon.colcon_core.shell:Creating environment hook '/home/jetson/ros2_ws/src/install/api_waypoint/share/api_waypoint/hook/pythonpath.ps1'
[18.025s] DEBUG:colcon.colcon_core.event_handler.log_command:Invoked command in '/home/jetson/ros2_ws/src/api_waypoint' returned '0': PYTHONPATH=/home/jetson/ros2_ws/src/build/api_waypoint/prefix_override:/usr/lib/python3/dist-packages/colcon_core/task/python/colcon_distutils_commands:/home/jetson/ros2_ws/src/install/api_waypoint/lib/python3.8/site-packages:${PYTHONPATH} /usr/bin/python3 -W ignore:setup.py install is deprecated -W ignore:easy_install command is deprecated setup.py egg_info --egg-base ../build/api_waypoint build --build-base /home/jetson/ros2_ws/src/build/api_waypoint/build install --record /home/jetson/ros2_ws/src/build/api_waypoint/install.log --install-scripts $base/lib/api_waypoint --single-version-externally-managed install_data
[18.028s] INFO:colcon.colcon_core.shell:Creating environment descriptor '/home/jetson/ros2_ws/src/install/api_waypoint/share/api_waypoint/hook/pythonpath.dsv'
[18.030s] INFO:colcon.colcon_core.shell:Creating environment hook '/home/jetson/ros2_ws/src/install/api_waypoint/share/api_waypoint/hook/pythonpath.sh'
[18.035s] Level 1:colcon.colcon_core.environment:checking '/home/jetson/ros2_ws/src/install/api_waypoint/bin'
[18.036s] Level 1:colcon.colcon_core.environment:create_environment_scripts_only(api_waypoint)
[18.038s] INFO:colcon.colcon_core.shell:Creating package script '/home/jetson/ros2_ws/src/install/api_waypoint/share/api_waypoint/package.ps1'
[18.040s] INFO:colcon.colcon_core.shell:Creating package descriptor '/home/jetson/ros2_ws/src/install/api_waypoint/share/api_waypoint/package.dsv'
[18.043s] INFO:colcon.colcon_core.shell:Creating package script '/home/jetson/ros2_ws/src/install/api_waypoint/share/api_waypoint/package.sh'
[18.045s] INFO:colcon.colcon_core.shell:Creating package script '/home/jetson/ros2_ws/src/install/api_waypoint/share/api_waypoint/package.bash'
[18.048s] INFO:colcon.colcon_core.shell:Creating package script '/home/jetson/ros2_ws/src/install/api_waypoint/share/api_waypoint/package.zsh'
[18.050s] Level 1:colcon.colcon_core.environment:create_file_with_runtime_dependencies(/home/jetson/ros2_ws/src/install/api_waypoint/share/colcon-core/packages/api_waypoint)
[18.056s] Level 1:colcon.colcon_core.environment:checking '/home/jetson/ros2_ws/src/install/image_processor' for CMake module files
[18.061s] DEBUG:colcon.colcon_core.event_handler.log_command:Invoked command in '/home/jetson/ros2_ws/src/image_processor' returned '0': PYTHONPATH=/home/jetson/ros2_ws/src/build/image_processor/prefix_override:/usr/lib/python3/dist-packages/colcon_core/task/python/colcon_distutils_commands:/home/jetson/ros2_ws/src/install/image_processor/lib/python3.8/site-packages:${PYTHONPATH} /usr/bin/python3 -W ignore:setup.py install is deprecated -W ignore:easy_install command is deprecated setup.py egg_info --egg-base ../build/image_processor build --build-base /home/jetson/ros2_ws/src/build/image_processor/build install --record /home/jetson/ros2_ws/src/build/image_processor/install.log --install-scripts $base/lib/image_processor --single-version-externally-managed install_data
[18.063s] Level 1:colcon.colcon_core.environment:checking '/home/jetson/ros2_ws/src/install/image_processor' for CMake config files
[18.066s] Level 1:colcon.colcon_core.environment:checking '/home/jetson/ros2_ws/src/install/image_processor/lib'
[18.066s] Level 1:colcon.colcon_core.environment:checking '/home/jetson/ros2_ws/src/install/image_processor/bin'
[18.067s] Level 1:colcon.colcon_core.environment:checking '/home/jetson/ros2_ws/src/install/image_processor/lib/pkgconfig/image_processor.pc'
[18.068s] Level 1:colcon.colcon_core.environment:checking '/home/jetson/ros2_ws/src/install/image_processor/lib/python3.8/site-packages'
[18.069s] Level 1:colcon.colcon_core.shell:create_environment_hook('image_processor', 'pythonpath')
[18.070s] INFO:colcon.colcon_core.shell:Creating environment hook '/home/jetson/ros2_ws/src/install/image_processor/share/image_processor/hook/pythonpath.ps1'
[18.073s] INFO:colcon.colcon_core.shell:Creating environment descriptor '/home/jetson/ros2_ws/src/install/image_processor/share/image_processor/hook/pythonpath.dsv'
[18.075s] INFO:colcon.colcon_core.shell:Creating environment hook '/home/jetson/ros2_ws/src/install/image_processor/share/image_processor/hook/pythonpath.sh'
[18.079s] Level 1:colcon.colcon_core.environment:checking '/home/jetson/ros2_ws/src/install/image_processor/bin'
[18.079s] Level 1:colcon.colcon_core.environment:create_environment_scripts_only(image_processor)
[18.081s] INFO:colcon.colcon_core.shell:Creating package script '/home/jetson/ros2_ws/src/install/image_processor/share/image_processor/package.ps1'
[18.085s] INFO:colcon.colcon_core.shell:Creating package descriptor '/home/jetson/ros2_ws/src/install/image_processor/share/image_processor/package.dsv'
[18.088s] INFO:colcon.colcon_core.shell:Creating package script '/home/jetson/ros2_ws/src/install/image_processor/share/image_processor/package.sh'
[18.091s] INFO:colcon.colcon_core.shell:Creating package script '/home/jetson/ros2_ws/src/install/image_processor/share/image_processor/package.bash'
[18.094s] INFO:colcon.colcon_core.shell:Creating package script '/home/jetson/ros2_ws/src/install/image_processor/share/image_processor/package.zsh'
[18.098s] Level 1:colcon.colcon_core.environment:create_file_with_runtime_dependencies(/home/jetson/ros2_ws/src/install/image_processor/share/colcon-core/packages/image_processor)
[18.106s] Level 1:colcon.colcon_core.environment:checking '/home/jetson/ros2_ws/src/install/crack_controller' for CMake module files
[18.110s] DEBUG:colcon.colcon_core.event_handler.log_command:Invoked command in '/home/jetson/ros2_ws/src/crack_controller' returned '0': PYTHONPATH=/home/jetson/ros2_ws/src/build/crack_controller/prefix_override:/usr/lib/python3/dist-packages/colcon_core/task/python/colcon_distutils_commands:/home/jetson/ros2_ws/src/install/crack_controller/lib/python3.8/site-packages:${PYTHONPATH} /usr/bin/python3 -W ignore:setup.py install is deprecated -W ignore:easy_install command is deprecated setup.py egg_info --egg-base ../build/crack_controller build --build-base /home/jetson/ros2_ws/src/build/crack_controller/build install --record /home/jetson/ros2_ws/src/build/crack_controller/install.log --install-scripts $base/lib/crack_controller --single-version-externally-managed install_data
[18.112s] Level 1:colcon.colcon_core.environment:checking '/home/jetson/ros2_ws/src/install/crack_controller' for CMake config files
[18.115s] Level 1:colcon.colcon_core.environment:checking '/home/jetson/ros2_ws/src/install/crack_controller/lib'
[18.115s] Level 1:colcon.colcon_core.environment:checking '/home/jetson/ros2_ws/src/install/crack_controller/bin'
[18.116s] Level 1:colcon.colcon_core.environment:checking '/home/jetson/ros2_ws/src/install/crack_controller/lib/pkgconfig/crack_controller.pc'
[18.117s] Level 1:colcon.colcon_core.environment:checking '/home/jetson/ros2_ws/src/install/crack_controller/lib/python3.8/site-packages'
[18.117s] Level 1:colcon.colcon_core.shell:create_environment_hook('crack_controller', 'pythonpath')
[18.118s] INFO:colcon.colcon_core.shell:Creating environment hook '/home/jetson/ros2_ws/src/install/crack_controller/share/crack_controller/hook/pythonpath.ps1'
[18.121s] INFO:colcon.colcon_core.shell:Creating environment descriptor '/home/jetson/ros2_ws/src/install/crack_controller/share/crack_controller/hook/pythonpath.dsv'
[18.123s] INFO:colcon.colcon_core.shell:Creating environment hook '/home/jetson/ros2_ws/src/install/crack_controller/share/crack_controller/hook/pythonpath.sh'
[18.126s] Level 1:colcon.colcon_core.environment:checking '/home/jetson/ros2_ws/src/install/crack_controller/bin'
[18.127s] Level 1:colcon.colcon_core.environment:create_environment_scripts_only(crack_controller)
[18.129s] INFO:colcon.colcon_core.shell:Creating package script '/home/jetson/ros2_ws/src/install/crack_controller/share/crack_controller/package.ps1'
[18.132s] INFO:colcon.colcon_core.shell:Creating package descriptor '/home/jetson/ros2_ws/src/install/crack_controller/share/crack_controller/package.dsv'
[18.135s] INFO:colcon.colcon_core.shell:Creating package script '/home/jetson/ros2_ws/src/install/crack_controller/share/crack_controller/package.sh'
[18.137s] INFO:colcon.colcon_core.shell:Creating package script '/home/jetson/ros2_ws/src/install/crack_controller/share/crack_controller/package.bash'
[18.140s] INFO:colcon.colcon_core.shell:Creating package script '/home/jetson/ros2_ws/src/install/crack_controller/share/crack_controller/package.zsh'
[18.142s] Level 1:colcon.colcon_core.environment:create_file_with_runtime_dependencies(/home/jetson/ros2_ws/src/install/crack_controller/share/colcon-core/packages/crack_controller)
[18.144s] DEBUG:colcon.colcon_parallel_executor.executor.parallel:closing loop
[18.146s] DEBUG:colcon.colcon_parallel_executor.executor.parallel:loop closed
[18.148s] DEBUG:colcon.colcon_parallel_executor.executor.parallel:run_until_complete finished with '0'
[18.148s] DEBUG:colcon.colcon_core.event_reactor:joining thread
[18.218s] INFO:colcon.colcon_core.plugin_system:Skipping extension 'colcon_notification.desktop_notification.terminal_notifier': Not used on non-Darwin systems
[18.219s] INFO:colcon.colcon_core.plugin_system:Skipping extension 'colcon_notification.desktop_notification.win32': Not used on non-Windows systems
[18.219s] INFO:colcon.colcon_notification.desktop_notification:Sending desktop notification using 'notify2'
[18.293s] DEBUG:colcon.colcon_core.event_reactor:joined thread
[18.295s] INFO:colcon.colcon_core.shell:Creating prefix script '/home/jetson/ros2_ws/src/install/local_setup.ps1'
[18.303s] INFO:colcon.colcon_core.shell:Creating prefix util module '/home/jetson/ros2_ws/src/install/_local_setup_util_ps1.py'
[18.318s] INFO:colcon.colcon_core.shell:Creating prefix chain script '/home/jetson/ros2_ws/src/install/setup.ps1'
[18.337s] INFO:colcon.colcon_core.shell:Creating prefix script '/home/jetson/ros2_ws/src/install/local_setup.sh'
[18.341s] INFO:colcon.colcon_core.shell:Creating prefix util module '/home/jetson/ros2_ws/src/install/_local_setup_util_sh.py'
[18.346s] INFO:colcon.colcon_core.shell:Creating prefix chain script '/home/jetson/ros2_ws/src/install/setup.sh'
[18.365s] INFO:colcon.colcon_core.shell:Creating prefix script '/home/jetson/ros2_ws/src/install/local_setup.bash'
[18.369s] INFO:colcon.colcon_core.shell:Creating prefix chain script '/home/jetson/ros2_ws/src/install/setup.bash'
[18.392s] INFO:colcon.colcon_core.shell:Creating prefix script '/home/jetson/ros2_ws/src/install/local_setup.zsh'
[18.399s] INFO:colcon.colcon_core.shell:Creating prefix chain script '/home/jetson/ros2_ws/src/install/setup.zsh'
