[3.719s] Invoking command in '/home/jetson/ros2_ws/src/vicon_bridge': PYTHONPATH=/home/jetson/ros2_ws/src/build/vicon_bridge/prefix_override:/usr/lib/python3/dist-packages/colcon_core/task/python/colcon_distutils_commands:/home/jetson/ros2_ws/src/install/vicon_bridge/lib/python3.8/site-packages:${PYTHONPATH} /usr/bin/python3 -W ignore:setup.py install is deprecated -W ignore:easy_install command is deprecated setup.py egg_info --egg-base ../build/vicon_bridge build --build-base /home/jetson/ros2_ws/src/build/vicon_bridge/build install --record /home/jetson/ros2_ws/src/build/vicon_bridge/install.log --install-scripts $base/lib/vicon_bridge --single-version-externally-managed install_data
[4.905s] /usr/local/lib/python3.8/dist-packages/setuptools/dist.py:717: UserWarning: Usage of dash-separated 'script-dir' will not be supported in future versions. Please use the underscore name 'script_dir' instead
[4.906s]   warnings.warn(
[5.050s] running egg_info
[5.054s] writing ../build/vicon_bridge/vicon_bridge.egg-info/PKG-INFO
[5.054s] writing dependency_links to ../build/vicon_bridge/vicon_bridge.egg-info/dependency_links.txt
[5.055s] writing entry points to ../build/vicon_bridge/vicon_bridge.egg-info/entry_points.txt
[5.056s] writing requirements to ../build/vicon_bridge/vicon_bridge.egg-info/requires.txt
[5.057s] writing top-level names to ../build/vicon_bridge/vicon_bridge.egg-info/top_level.txt
[5.070s] reading manifest file '../build/vicon_bridge/vicon_bridge.egg-info/SOURCES.txt'
[5.074s] writing manifest file '../build/vicon_bridge/vicon_bridge.egg-info/SOURCES.txt'
[5.075s] running build
[5.076s] running build_py
[5.076s] running install
[5.082s] running install_lib
[5.088s] running install_data
[5.089s] running install_egg_info
[5.095s] removing '/home/jetson/ros2_ws/src/install/vicon_bridge/lib/python3.8/site-packages/vicon_bridge-0.0.0-py3.8.egg-info' (and everything under it)
[5.097s] Copying ../build/vicon_bridge/vicon_bridge.egg-info to /home/jetson/ros2_ws/src/install/vicon_bridge/lib/python3.8/site-packages/vicon_bridge-0.0.0-py3.8.egg-info
[5.103s] running install_scripts
[5.185s] Installing vicon_bridge script to /home/jetson/ros2_ws/src/install/vicon_bridge/lib/vicon_bridge
[5.187s] writing list of installed files to '/home/jetson/ros2_ws/src/build/vicon_bridge/install.log'
[5.288s] Invoked command in '/home/jetson/ros2_ws/src/vicon_bridge' returned '0': PYTHONPATH=/home/jetson/ros2_ws/src/build/vicon_bridge/prefix_override:/usr/lib/python3/dist-packages/colcon_core/task/python/colcon_distutils_commands:/home/jetson/ros2_ws/src/install/vicon_bridge/lib/python3.8/site-packages:${PYTHONPATH} /usr/bin/python3 -W ignore:setup.py install is deprecated -W ignore:easy_install command is deprecated setup.py egg_info --egg-base ../build/vicon_bridge build --build-base /home/jetson/ros2_ws/src/build/vicon_bridge/build install --record /home/jetson/ros2_ws/src/build/vicon_bridge/install.log --install-scripts $base/lib/vicon_bridge --single-version-externally-managed install_data
