[5.798s] Invoking command in '/home/jetson/ros2_ws/src/vicon_bridge': PYTHONPATH=/home/jetson/ros2_ws/src/build/vicon_bridge/prefix_override:/usr/lib/python3/dist-packages/colcon_core/task/python/colcon_distutils_commands:/home/jetson/ros2_ws/src/install/vicon_bridge/lib/python3.8/site-packages:${PYTHONPATH} /usr/bin/python3 -W ignore:setup.py install is deprecated -W ignore:easy_install command is deprecated setup.py egg_info --egg-base ../build/vicon_bridge build --build-base /home/jetson/ros2_ws/src/build/vicon_bridge/build install --record /home/jetson/ros2_ws/src/build/vicon_bridge/install.log --install-scripts $base/lib/vicon_bridge --single-version-externally-managed install_data
[7.155s] /usr/local/lib/python3.8/dist-packages/setuptools/dist.py:717: UserWarning: Usage of dash-separated 'script-dir' will not be supported in future versions. Please use the underscore name 'script_dir' instead
[7.155s]   warnings.warn(
[7.286s] running egg_info
[7.288s] creating ../build/vicon_bridge/vicon_bridge.egg-info
[7.289s] writing ../build/vicon_bridge/vicon_bridge.egg-info/PKG-INFO
[7.290s] writing dependency_links to ../build/vicon_bridge/vicon_bridge.egg-info/dependency_links.txt
[7.290s] writing entry points to ../build/vicon_bridge/vicon_bridge.egg-info/entry_points.txt
[7.291s] writing requirements to ../build/vicon_bridge/vicon_bridge.egg-info/requires.txt
[7.291s] writing top-level names to ../build/vicon_bridge/vicon_bridge.egg-info/top_level.txt
[7.296s] writing manifest file '../build/vicon_bridge/vicon_bridge.egg-info/SOURCES.txt'
[7.303s] reading manifest file '../build/vicon_bridge/vicon_bridge.egg-info/SOURCES.txt'
[7.309s] writing manifest file '../build/vicon_bridge/vicon_bridge.egg-info/SOURCES.txt'
[7.309s] running build
[7.309s] running build_py
[7.310s] creating /home/jetson/ros2_ws/src/build/vicon_bridge/build
[7.310s] creating /home/jetson/ros2_ws/src/build/vicon_bridge/build/lib
[7.311s] creating /home/jetson/ros2_ws/src/build/vicon_bridge/build/lib/vicon_bridge
[7.311s] copying vicon_bridge/vicon_bridge.py -> /home/jetson/ros2_ws/src/build/vicon_bridge/build/lib/vicon_bridge
[7.311s] copying vicon_bridge/__init__.py -> /home/jetson/ros2_ws/src/build/vicon_bridge/build/lib/vicon_bridge
[7.312s] running install
[7.315s] running install_lib
[7.318s] creating /home/jetson/ros2_ws/src/install/vicon_bridge/lib/python3.8/site-packages/vicon_bridge
[7.319s] copying /home/jetson/ros2_ws/src/build/vicon_bridge/build/lib/vicon_bridge/vicon_bridge.py -> /home/jetson/ros2_ws/src/install/vicon_bridge/lib/python3.8/site-packages/vicon_bridge
[7.319s] copying /home/jetson/ros2_ws/src/build/vicon_bridge/build/lib/vicon_bridge/__init__.py -> /home/jetson/ros2_ws/src/install/vicon_bridge/lib/python3.8/site-packages/vicon_bridge
[7.321s] byte-compiling /home/jetson/ros2_ws/src/install/vicon_bridge/lib/python3.8/site-packages/vicon_bridge/vicon_bridge.py to vicon_bridge.cpython-38.pyc
[7.323s] byte-compiling /home/jetson/ros2_ws/src/install/vicon_bridge/lib/python3.8/site-packages/vicon_bridge/__init__.py to __init__.cpython-38.pyc
[7.324s] running install_data
[7.325s] creating /home/jetson/ros2_ws/src/install/vicon_bridge/share/ament_index
[7.325s] creating /home/jetson/ros2_ws/src/install/vicon_bridge/share/ament_index/resource_index
[7.326s] creating /home/jetson/ros2_ws/src/install/vicon_bridge/share/ament_index/resource_index/packages
[7.326s] copying resource/vicon_bridge -> /home/jetson/ros2_ws/src/install/vicon_bridge/share/ament_index/resource_index/packages
[7.326s] copying package.xml -> /home/jetson/ros2_ws/src/install/vicon_bridge/share/vicon_bridge
[7.327s] running install_egg_info
[7.332s] Copying ../build/vicon_bridge/vicon_bridge.egg-info to /home/jetson/ros2_ws/src/install/vicon_bridge/lib/python3.8/site-packages/vicon_bridge-0.0.0-py3.8.egg-info
[7.335s] running install_scripts
[7.408s] Installing vicon_bridge script to /home/jetson/ros2_ws/src/install/vicon_bridge/lib/vicon_bridge
[7.409s] writing list of installed files to '/home/jetson/ros2_ws/src/build/vicon_bridge/install.log'
[7.513s] Invoked command in '/home/jetson/ros2_ws/src/vicon_bridge' returned '0': PYTHONPATH=/home/jetson/ros2_ws/src/build/vicon_bridge/prefix_override:/usr/lib/python3/dist-packages/colcon_core/task/python/colcon_distutils_commands:/home/jetson/ros2_ws/src/install/vicon_bridge/lib/python3.8/site-packages:${PYTHONPATH} /usr/bin/python3 -W ignore:setup.py install is deprecated -W ignore:easy_install command is deprecated setup.py egg_info --egg-base ../build/vicon_bridge build --build-base /home/jetson/ros2_ws/src/build/vicon_bridge/build install --record /home/jetson/ros2_ws/src/build/vicon_bridge/install.log --install-scripts $base/lib/vicon_bridge --single-version-externally-managed install_data
