[8.733s] Invoking command in '/home/jetson/ros2_ws/src/api_waypoint': PYTHONPATH=/home/jetson/ros2_ws/src/build/api_waypoint/prefix_override:/usr/lib/python3/dist-packages/colcon_core/task/python/colcon_distutils_commands:/home/jetson/ros2_ws/src/install/api_waypoint/lib/python3.8/site-packages:${PYTHONPATH} /usr/bin/python3 -W ignore:setup.py install is deprecated -W ignore:easy_install command is deprecated setup.py egg_info --egg-base ../build/api_waypoint build --build-base /home/jetson/ros2_ws/src/build/api_waypoint/build install --record /home/jetson/ros2_ws/src/build/api_waypoint/install.log --install-scripts $base/lib/api_waypoint --single-version-externally-managed install_data
[10.357s] /usr/local/lib/python3.8/dist-packages/setuptools/dist.py:717: UserWarning: Usage of dash-separated 'script-dir' will not be supported in future versions. Please use the underscore name 'script_dir' instead
[10.357s]   warnings.warn(
[10.540s] running egg_info
[10.549s] writing ../build/api_waypoint/api_waypoint.egg-info/PKG-INFO
[10.554s] writing dependency_links to ../build/api_waypoint/api_waypoint.egg-info/dependency_links.txt
[10.554s] writing entry points to ../build/api_waypoint/api_waypoint.egg-info/entry_points.txt
[10.559s] writing requirements to ../build/api_waypoint/api_waypoint.egg-info/requires.txt
[10.559s] writing top-level names to ../build/api_waypoint/api_waypoint.egg-info/top_level.txt
[10.586s] reading manifest file '../build/api_waypoint/api_waypoint.egg-info/SOURCES.txt'
[10.596s] writing manifest file '../build/api_waypoint/api_waypoint.egg-info/SOURCES.txt'
[10.597s] running build
[10.600s] running build_py
[10.603s] running install
[10.610s] running install_lib
[10.623s] running install_data
[10.648s] running install_egg_info
[10.657s] removing '/home/jetson/ros2_ws/src/install/api_waypoint/lib/python3.8/site-packages/api_waypoint-0.0.0-py3.8.egg-info' (and everything under it)
[10.657s] Copying ../build/api_waypoint/api_waypoint.egg-info to /home/jetson/ros2_ws/src/install/api_waypoint/lib/python3.8/site-packages/api_waypoint-0.0.0-py3.8.egg-info
[10.664s] running install_scripts
[10.781s] Installing api_waypoint_node script to /home/jetson/ros2_ws/src/install/api_waypoint/lib/api_waypoint
[10.787s] writing list of installed files to '/home/jetson/ros2_ws/src/build/api_waypoint/install.log'
[10.954s] Invoked command in '/home/jetson/ros2_ws/src/api_waypoint' returned '0': PYTHONPATH=/home/jetson/ros2_ws/src/build/api_waypoint/prefix_override:/usr/lib/python3/dist-packages/colcon_core/task/python/colcon_distutils_commands:/home/jetson/ros2_ws/src/install/api_waypoint/lib/python3.8/site-packages:${PYTHONPATH} /usr/bin/python3 -W ignore:setup.py install is deprecated -W ignore:easy_install command is deprecated setup.py egg_info --egg-base ../build/api_waypoint build --build-base /home/jetson/ros2_ws/src/build/api_waypoint/build install --record /home/jetson/ros2_ws/src/build/api_waypoint/install.log --install-scripts $base/lib/api_waypoint --single-version-externally-managed install_data
