[22.134s] Invoking command in '/home/jetson/ros2_ws/src/dummy_waypoint_publisher': PYTHONPATH=/home/jetson/ros2_ws/build/dummy_waypoint_publisher/prefix_override:/usr/lib/python3/dist-packages/colcon_core/task/python/colcon_distutils_commands:/home/jetson/ros2_ws/install/dummy_waypoint_publisher/lib/python3.8/site-packages:${PYTHONPATH} /usr/bin/python3 -W ignore:setup.py install is deprecated -W ignore:easy_install command is deprecated setup.py egg_info --egg-base ../../build/dummy_waypoint_publisher build --build-base /home/jetson/ros2_ws/build/dummy_waypoint_publisher/build install --record /home/jetson/ros2_ws/build/dummy_waypoint_publisher/install.log --install-scripts $base/lib/dummy_waypoint_publisher --single-version-externally-managed install_data
[29.116s] /usr/local/lib/python3.8/dist-packages/setuptools/dist.py:717: UserWarning: Usage of dash-separated 'script-dir' will not be supported in future versions. Please use the underscore name 'script_dir' instead
[29.117s]   warnings.warn(
[29.562s] running egg_info
[29.577s] writing ../../build/dummy_waypoint_publisher/dummy_waypoint_publisher.egg-info/PKG-INFO
[29.582s] writing dependency_links to ../../build/dummy_waypoint_publisher/dummy_waypoint_publisher.egg-info/dependency_links.txt
[29.585s] writing entry points to ../../build/dummy_waypoint_publisher/dummy_waypoint_publisher.egg-info/entry_points.txt
[29.589s] writing requirements to ../../build/dummy_waypoint_publisher/dummy_waypoint_publisher.egg-info/requires.txt
[29.591s] writing top-level names to ../../build/dummy_waypoint_publisher/dummy_waypoint_publisher.egg-info/top_level.txt
[29.648s] reading manifest file '../../build/dummy_waypoint_publisher/dummy_waypoint_publisher.egg-info/SOURCES.txt'
[29.661s] writing manifest file '../../build/dummy_waypoint_publisher/dummy_waypoint_publisher.egg-info/SOURCES.txt'
[29.663s] running build
[29.663s] running build_py
[29.668s] running install
[29.677s] running install_lib
[29.697s] running install_data
[29.702s] running install_egg_info
[29.723s] removing '/home/jetson/ros2_ws/install/dummy_waypoint_publisher/lib/python3.8/site-packages/dummy_waypoint_publisher-0.0.0-py3.8.egg-info' (and everything under it)
[29.729s] Copying ../../build/dummy_waypoint_publisher/dummy_waypoint_publisher.egg-info to /home/jetson/ros2_ws/install/dummy_waypoint_publisher/lib/python3.8/site-packages/dummy_waypoint_publisher-0.0.0-py3.8.egg-info
[29.744s] running install_scripts
[30.035s] Installing waypoint_publisher script to /home/jetson/ros2_ws/install/dummy_waypoint_publisher/lib/dummy_waypoint_publisher
[30.060s] writing list of installed files to '/home/jetson/ros2_ws/build/dummy_waypoint_publisher/install.log'
[31.007s] Invoked command in '/home/jetson/ros2_ws/src/dummy_waypoint_publisher' returned '0': PYTHONPATH=/home/jetson/ros2_ws/build/dummy_waypoint_publisher/prefix_override:/usr/lib/python3/dist-packages/colcon_core/task/python/colcon_distutils_commands:/home/jetson/ros2_ws/install/dummy_waypoint_publisher/lib/python3.8/site-packages:${PYTHONPATH} /usr/bin/python3 -W ignore:setup.py install is deprecated -W ignore:easy_install command is deprecated setup.py egg_info --egg-base ../../build/dummy_waypoint_publisher build --build-base /home/jetson/ros2_ws/build/dummy_waypoint_publisher/build install --record /home/jetson/ros2_ws/build/dummy_waypoint_publisher/install.log --install-scripts $base/lib/dummy_waypoint_publisher --single-version-externally-managed install_data
