[6.136s] Invoking command in '/home/jetson/ros2_ws/src/realsense2mavros': PYTHONPATH=/home/jetson/ros2_ws/src/build/realsense2mavros/prefix_override:/usr/lib/python3/dist-packages/colcon_core/task/python/colcon_distutils_commands:/home/jetson/ros2_ws/src/install/realsense2mavros/lib/python3.8/site-packages:${PYTHONPATH} /usr/bin/python3 -W ignore:setup.py install is deprecated -W ignore:easy_install command is deprecated setup.py egg_info --egg-base ../build/realsense2mavros build --build-base /home/jetson/ros2_ws/src/build/realsense2mavros/build install --record /home/jetson/ros2_ws/src/build/realsense2mavros/install.log --install-scripts $base/lib/realsense2mavros --single-version-externally-managed install_data
[7.381s] /usr/local/lib/python3.8/dist-packages/setuptools/dist.py:717: UserWarning: Usage of dash-separated 'script-dir' will not be supported in future versions. Please use the underscore name 'script_dir' instead
[7.382s]   warnings.warn(
[7.566s] running egg_info
[7.569s] writing ../build/realsense2mavros/realsense2mavros.egg-info/PKG-INFO
[7.571s] writing dependency_links to ../build/realsense2mavros/realsense2mavros.egg-info/dependency_links.txt
[7.573s] writing entry points to ../build/realsense2mavros/realsense2mavros.egg-info/entry_points.txt
[7.574s] writing requirements to ../build/realsense2mavros/realsense2mavros.egg-info/requires.txt
[7.575s] writing top-level names to ../build/realsense2mavros/realsense2mavros.egg-info/top_level.txt
[7.592s] reading manifest file '../build/realsense2mavros/realsense2mavros.egg-info/SOURCES.txt'
[7.599s] writing manifest file '../build/realsense2mavros/realsense2mavros.egg-info/SOURCES.txt'
[7.601s] running build
[7.601s] running build_py
[7.602s] running install
[7.606s] running install_lib
[7.613s] running install_data
[7.616s] running install_egg_info
[7.624s] removing '/home/jetson/ros2_ws/src/install/realsense2mavros/lib/python3.8/site-packages/realsense2mavros-0.0.0-py3.8.egg-info' (and everything under it)
[7.626s] Copying ../build/realsense2mavros/realsense2mavros.egg-info to /home/jetson/ros2_ws/src/install/realsense2mavros/lib/python3.8/site-packages/realsense2mavros-0.0.0-py3.8.egg-info
[7.631s] running install_scripts
[7.722s] Installing realsense2mavros script to /home/jetson/ros2_ws/src/install/realsense2mavros/lib/realsense2mavros
[7.723s] writing list of installed files to '/home/jetson/ros2_ws/src/build/realsense2mavros/install.log'
[7.903s] Invoked command in '/home/jetson/ros2_ws/src/realsense2mavros' returned '0': PYTHONPATH=/home/jetson/ros2_ws/src/build/realsense2mavros/prefix_override:/usr/lib/python3/dist-packages/colcon_core/task/python/colcon_distutils_commands:/home/jetson/ros2_ws/src/install/realsense2mavros/lib/python3.8/site-packages:${PYTHONPATH} /usr/bin/python3 -W ignore:setup.py install is deprecated -W ignore:easy_install command is deprecated setup.py egg_info --egg-base ../build/realsense2mavros build --build-base /home/jetson/ros2_ws/src/build/realsense2mavros/build install --record /home/jetson/ros2_ws/src/build/realsense2mavros/install.log --install-scripts $base/lib/realsense2mavros --single-version-externally-managed install_data
