[9.901s] Invoking command in '/home/jetson/ros2_ws/src/image_processor': PYTHONPATH=/home/jetson/ros2_ws/src/build/image_processor/prefix_override:/usr/lib/python3/dist-packages/colcon_core/task/python/colcon_distutils_commands:/home/jetson/ros2_ws/src/install/image_processor/lib/python3.8/site-packages:${PYTHONPATH} /usr/bin/python3 -W ignore:setup.py install is deprecated -W ignore:easy_install command is deprecated setup.py egg_info --egg-base ../build/image_processor build --build-base /home/jetson/ros2_ws/src/build/image_processor/build install --record /home/jetson/ros2_ws/src/build/image_processor/install.log --install-scripts $base/lib/image_processor --single-version-externally-managed install_data
[12.398s] /usr/local/lib/python3.8/dist-packages/setuptools/dist.py:717: UserWarning: Usage of dash-separated 'script-dir' will not be supported in future versions. Please use the underscore name 'script_dir' instead
[12.399s]   warnings.warn(
[12.655s] running egg_info
[12.667s] writing ../build/image_processor/image_processor.egg-info/PKG-INFO
[12.668s] writing dependency_links to ../build/image_processor/image_processor.egg-info/dependency_links.txt
[12.670s] writing entry points to ../build/image_processor/image_processor.egg-info/entry_points.txt
[12.670s] writing requirements to ../build/image_processor/image_processor.egg-info/requires.txt
[12.673s] writing top-level names to ../build/image_processor/image_processor.egg-info/top_level.txt
[12.690s] reading manifest file '../build/image_processor/image_processor.egg-info/SOURCES.txt'
[12.702s] writing manifest file '../build/image_processor/image_processor.egg-info/SOURCES.txt'
[12.702s] running build
[12.702s] running build_py
[12.706s] running install
[12.713s] running install_lib
[12.722s] running install_data
[12.724s] running install_egg_info
[12.745s] removing '/home/jetson/ros2_ws/src/install/image_processor/lib/python3.8/site-packages/image_processor-0.0.0-py3.8.egg-info' (and everything under it)
[12.752s] Copying ../build/image_processor/image_processor.egg-info to /home/jetson/ros2_ws/src/install/image_processor/lib/python3.8/site-packages/image_processor-0.0.0-py3.8.egg-info
[12.755s] running install_scripts
[12.905s] Installing state_machine script to /home/jetson/ros2_ws/src/install/image_processor/lib/image_processor
[12.910s] writing list of installed files to '/home/jetson/ros2_ws/src/build/image_processor/install.log'
[13.200s] Invoked command in '/home/jetson/ros2_ws/src/image_processor' returned '0': PYTHONPATH=/home/jetson/ros2_ws/src/build/image_processor/prefix_override:/usr/lib/python3/dist-packages/colcon_core/task/python/colcon_distutils_commands:/home/jetson/ros2_ws/src/install/image_processor/lib/python3.8/site-packages:${PYTHONPATH} /usr/bin/python3 -W ignore:setup.py install is deprecated -W ignore:easy_install command is deprecated setup.py egg_info --egg-base ../build/image_processor build --build-base /home/jetson/ros2_ws/src/build/image_processor/build install --record /home/jetson/ros2_ws/src/build/image_processor/install.log --install-scripts $base/lib/image_processor --single-version-externally-managed install_data
