[7.251s] Invoking command in '/home/jetson/ros2_ws/src/api_waypoint': PYTHONPATH=/home/jetson/ros2_ws/src/build/api_waypoint/prefix_override:/usr/lib/python3/dist-packages/colcon_core/task/python/colcon_distutils_commands:/home/jetson/ros2_ws/src/install/api_waypoint/lib/python3.8/site-packages:${PYTHONPATH} /usr/bin/python3 -W ignore:setup.py install is deprecated -W ignore:easy_install command is deprecated setup.py egg_info --egg-base ../build/api_waypoint build --build-base /home/jetson/ros2_ws/src/build/api_waypoint/build install --record /home/jetson/ros2_ws/src/build/api_waypoint/install.log --install-scripts $base/lib/api_waypoint --single-version-externally-managed install_data
[9.584s] /usr/local/lib/python3.8/dist-packages/setuptools/dist.py:717: UserWarning: Usage of dash-separated 'script-dir' will not be supported in future versions. Please use the underscore name 'script_dir' instead
[9.585s]   warnings.warn(
[9.815s] running egg_info
[9.822s] writing ../build/api_waypoint/api_waypoint.egg-info/PKG-INFO
[9.830s] writing dependency_links to ../build/api_waypoint/api_waypoint.egg-info/dependency_links.txt
[9.831s] writing entry points to ../build/api_waypoint/api_waypoint.egg-info/entry_points.txt
[9.832s] writing requirements to ../build/api_waypoint/api_waypoint.egg-info/requires.txt
[9.832s] writing top-level names to ../build/api_waypoint/api_waypoint.egg-info/top_level.txt
[9.872s] reading manifest file '../build/api_waypoint/api_waypoint.egg-info/SOURCES.txt'
[9.884s] writing manifest file '../build/api_waypoint/api_waypoint.egg-info/SOURCES.txt'
[9.885s] running build
[9.886s] running build_py
[9.888s] copying api_waypoint/api_waypoint_node.py -> /home/jetson/ros2_ws/src/build/api_waypoint/build/lib/api_waypoint
[9.889s] running install
[9.896s] running install_lib
[9.903s] copying /home/jetson/ros2_ws/src/build/api_waypoint/build/lib/api_waypoint/api_waypoint_node.py -> /home/jetson/ros2_ws/src/install/api_waypoint/lib/python3.8/site-packages/api_waypoint
[9.918s] byte-compiling /home/jetson/ros2_ws/src/install/api_waypoint/lib/python3.8/site-packages/api_waypoint/api_waypoint_node.py to api_waypoint_node.cpython-38.pyc
[9.928s] running install_data
[9.947s] running install_egg_info
[9.959s] removing '/home/jetson/ros2_ws/src/install/api_waypoint/lib/python3.8/site-packages/api_waypoint-0.0.0-py3.8.egg-info' (and everything under it)
[9.969s] Copying ../build/api_waypoint/api_waypoint.egg-info to /home/jetson/ros2_ws/src/install/api_waypoint/lib/python3.8/site-packages/api_waypoint-0.0.0-py3.8.egg-info
[9.977s] running install_scripts
[10.106s] Installing api_waypoint_node script to /home/jetson/ros2_ws/src/install/api_waypoint/lib/api_waypoint
[10.116s] writing list of installed files to '/home/jetson/ros2_ws/src/build/api_waypoint/install.log'
[10.249s] Invoked command in '/home/jetson/ros2_ws/src/api_waypoint' returned '0': PYTHONPATH=/home/jetson/ros2_ws/src/build/api_waypoint/prefix_override:/usr/lib/python3/dist-packages/colcon_core/task/python/colcon_distutils_commands:/home/jetson/ros2_ws/src/install/api_waypoint/lib/python3.8/site-packages:${PYTHONPATH} /usr/bin/python3 -W ignore:setup.py install is deprecated -W ignore:easy_install command is deprecated setup.py egg_info --egg-base ../build/api_waypoint build --build-base /home/jetson/ros2_ws/src/build/api_waypoint/build install --record /home/jetson/ros2_ws/src/build/api_waypoint/install.log --install-scripts $base/lib/api_waypoint --single-version-externally-managed install_data
