[4.744s] Invoking command in '/home/jetson/ros2_ws/src/vicon_bridge': PYTHONPATH=/home/jetson/ros2_ws/build/vicon_bridge/prefix_override:/usr/lib/python3/dist-packages/colcon_core/task/python/colcon_distutils_commands:/home/jetson/ros2_ws/install/vicon_bridge/lib/python3.8/site-packages:${PYTHONPATH} /usr/bin/python3 -W ignore:setup.py install is deprecated -W ignore:easy_install command is deprecated setup.py egg_info --egg-base ../../build/vicon_bridge build --build-base /home/jetson/ros2_ws/build/vicon_bridge/build install --record /home/jetson/ros2_ws/build/vicon_bridge/install.log --install-scripts $base/lib/vicon_bridge --single-version-externally-managed install_data
[5.899s] /usr/local/lib/python3.8/dist-packages/setuptools/dist.py:717: UserWarning: Usage of dash-separated 'script-dir' will not be supported in future versions. Please use the underscore name 'script_dir' instead
[5.899s]   warnings.warn(
[6.042s] running egg_info
[6.045s] writing ../../build/vicon_bridge/vicon_bridge.egg-info/PKG-INFO
[6.048s] writing dependency_links to ../../build/vicon_bridge/vicon_bridge.egg-info/dependency_links.txt
[6.048s] writing entry points to ../../build/vicon_bridge/vicon_bridge.egg-info/entry_points.txt
[6.049s] writing requirements to ../../build/vicon_bridge/vicon_bridge.egg-info/requires.txt
[6.049s] writing top-level names to ../../build/vicon_bridge/vicon_bridge.egg-info/top_level.txt
[6.061s] reading manifest file '../../build/vicon_bridge/vicon_bridge.egg-info/SOURCES.txt'
[6.065s] writing manifest file '../../build/vicon_bridge/vicon_bridge.egg-info/SOURCES.txt'
[6.066s] running build
[6.066s] running build_py
[6.069s] running install
[6.070s] running install_lib
[6.076s] running install_data
[6.076s] running install_egg_info
[6.083s] removing '/home/jetson/ros2_ws/install/vicon_bridge/lib/python3.8/site-packages/vicon_bridge-0.0.0-py3.8.egg-info' (and everything under it)
[6.084s] Copying ../../build/vicon_bridge/vicon_bridge.egg-info to /home/jetson/ros2_ws/install/vicon_bridge/lib/python3.8/site-packages/vicon_bridge-0.0.0-py3.8.egg-info
[6.088s] running install_scripts
[6.166s] Installing vicon_bridge script to /home/jetson/ros2_ws/install/vicon_bridge/lib/vicon_bridge
[6.167s] writing list of installed files to '/home/jetson/ros2_ws/build/vicon_bridge/install.log'
[6.265s] Invoked command in '/home/jetson/ros2_ws/src/vicon_bridge' returned '0': PYTHONPATH=/home/jetson/ros2_ws/build/vicon_bridge/prefix_override:/usr/lib/python3/dist-packages/colcon_core/task/python/colcon_distutils_commands:/home/jetson/ros2_ws/install/vicon_bridge/lib/python3.8/site-packages:${PYTHONPATH} /usr/bin/python3 -W ignore:setup.py install is deprecated -W ignore:easy_install command is deprecated setup.py egg_info --egg-base ../../build/vicon_bridge build --build-base /home/jetson/ros2_ws/build/vicon_bridge/build install --record /home/jetson/ros2_ws/build/vicon_bridge/install.log --install-scripts $base/lib/vicon_bridge --single-version-externally-managed install_data
