[6.875s] Invoking command in '/home/jetson/ros2_ws/src/dummy_waypoint_publisher': PYTHONPATH=/home/jetson/ros2_ws/src/build/dummy_waypoint_publisher/prefix_override:/usr/lib/python3/dist-packages/colcon_core/task/python/colcon_distutils_commands:/home/jetson/ros2_ws/src/install/dummy_waypoint_publisher/lib/python3.8/site-packages:${PYTHONPATH} /usr/bin/python3 -W ignore:setup.py install is deprecated -W ignore:easy_install command is deprecated setup.py egg_info --egg-base ../build/dummy_waypoint_publisher build --build-base /home/jetson/ros2_ws/src/build/dummy_waypoint_publisher/build install --record /home/jetson/ros2_ws/src/build/dummy_waypoint_publisher/install.log --install-scripts $base/lib/dummy_waypoint_publisher --single-version-externally-managed install_data
[8.604s] /usr/local/lib/python3.8/dist-packages/setuptools/dist.py:717: UserWarning: Usage of dash-separated 'script-dir' will not be supported in future versions. Please use the underscore name 'script_dir' instead
[8.605s]   warnings.warn(
[8.837s] running egg_info
[8.850s] writing ../build/dummy_waypoint_publisher/dummy_waypoint_publisher.egg-info/PKG-INFO
[8.852s] writing dependency_links to ../build/dummy_waypoint_publisher/dummy_waypoint_publisher.egg-info/dependency_links.txt
[8.852s] writing entry points to ../build/dummy_waypoint_publisher/dummy_waypoint_publisher.egg-info/entry_points.txt
[8.858s] writing requirements to ../build/dummy_waypoint_publisher/dummy_waypoint_publisher.egg-info/requires.txt
[8.858s] writing top-level names to ../build/dummy_waypoint_publisher/dummy_waypoint_publisher.egg-info/top_level.txt
[8.884s] reading manifest file '../build/dummy_waypoint_publisher/dummy_waypoint_publisher.egg-info/SOURCES.txt'
[8.895s] writing manifest file '../build/dummy_waypoint_publisher/dummy_waypoint_publisher.egg-info/SOURCES.txt'
[8.896s] running build
[8.897s] running build_py
[8.898s] running install
[8.912s] running install_lib
[8.935s] running install_data
[8.936s] running install_egg_info
[8.954s] removing '/home/jetson/ros2_ws/src/install/dummy_waypoint_publisher/lib/python3.8/site-packages/dummy_waypoint_publisher-0.0.0-py3.8.egg-info' (and everything under it)
[8.971s] Copying ../build/dummy_waypoint_publisher/dummy_waypoint_publisher.egg-info to /home/jetson/ros2_ws/src/install/dummy_waypoint_publisher/lib/python3.8/site-packages/dummy_waypoint_publisher-0.0.0-py3.8.egg-info
[9.003s] running install_scripts
[9.125s] Installing waypoint_publisher script to /home/jetson/ros2_ws/src/install/dummy_waypoint_publisher/lib/dummy_waypoint_publisher
[9.133s] writing list of installed files to '/home/jetson/ros2_ws/src/build/dummy_waypoint_publisher/install.log'
[9.298s] Invoked command in '/home/jetson/ros2_ws/src/dummy_waypoint_publisher' returned '0': PYTHONPATH=/home/jetson/ros2_ws/src/build/dummy_waypoint_publisher/prefix_override:/usr/lib/python3/dist-packages/colcon_core/task/python/colcon_distutils_commands:/home/jetson/ros2_ws/src/install/dummy_waypoint_publisher/lib/python3.8/site-packages:${PYTHONPATH} /usr/bin/python3 -W ignore:setup.py install is deprecated -W ignore:easy_install command is deprecated setup.py egg_info --egg-base ../build/dummy_waypoint_publisher build --build-base /home/jetson/ros2_ws/src/build/dummy_waypoint_publisher/build install --record /home/jetson/ros2_ws/src/build/dummy_waypoint_publisher/install.log --install-scripts $base/lib/dummy_waypoint_publisher --single-version-externally-managed install_data
