running egg_info
writing ../../build/exer2_control/exer2_control.egg-info/PKG-INFO
writing dependency_links to ../../build/exer2_control/exer2_control.egg-info/dependency_links.txt
writing entry points to ../../build/exer2_control/exer2_control.egg-info/entry_points.txt
writing requirements to ../../build/exer2_control/exer2_control.egg-info/requires.txt
writing top-level names to ../../build/exer2_control/exer2_control.egg-info/top_level.txt
reading manifest file '../../build/exer2_control/exer2_control.egg-info/SOURCES.txt'
writing manifest file '../../build/exer2_control/exer2_control.egg-info/SOURCES.txt'
running build
running build_py
copying exer2_control/controller.py -> /home/jetson/ros2_ws/build/exer2_control/build/lib/exer2_control
running install
running install_lib
copying /home/jetson/ros2_ws/build/exer2_control/build/lib/exer2_control/controller.py -> /home/jetson/ros2_ws/install/exer2_control/lib/python3.8/site-packages/exer2_control
byte-compiling /home/jetson/ros2_ws/install/exer2_control/lib/python3.8/site-packages/exer2_control/controller.py to controller.cpython-38.pyc
running install_data
running install_egg_info
removing '/home/jetson/ros2_ws/install/exer2_control/lib/python3.8/site-packages/exer2_control-0.0.0-py3.8.egg-info' (and everything under it)
Copying ../../build/exer2_control/exer2_control.egg-info to /home/jetson/ros2_ws/install/exer2_control/lib/python3.8/site-packages/exer2_control-0.0.0-py3.8.egg-info
running install_scripts
Installing controller script to /home/jetson/ros2_ws/install/exer2_control/lib/exer2_control
writing list of installed files to '/home/jetson/ros2_ws/build/exer2_control/install.log'
