[8.040s] Invoking command in '/home/jetson/ros2_ws/src/exer2_control': PYTHONPATH=/home/jetson/ros2_ws/build/exer2_control/prefix_override:/usr/lib/python3/dist-packages/colcon_core/task/python/colcon_distutils_commands:/home/jetson/ros2_ws/install/exer2_control/lib/python3.8/site-packages:${PYTHONPATH} /usr/bin/python3 -W ignore:setup.py install is deprecated -W ignore:easy_install command is deprecated setup.py egg_info --egg-base ../../build/exer2_control build --build-base /home/jetson/ros2_ws/build/exer2_control/build install --record /home/jetson/ros2_ws/build/exer2_control/install.log --install-scripts $base/lib/exer2_control --single-version-externally-managed install_data
[10.447s] /usr/local/lib/python3.8/dist-packages/setuptools/dist.py:717: UserWarning: Usage of dash-separated 'script-dir' will not be supported in future versions. Please use the underscore name 'script_dir' instead
[10.448s]   warnings.warn(
[10.715s] running egg_info
[10.725s] writing ../../build/exer2_control/exer2_control.egg-info/PKG-INFO
[10.729s] writing dependency_links to ../../build/exer2_control/exer2_control.egg-info/dependency_links.txt
[10.729s] writing entry points to ../../build/exer2_control/exer2_control.egg-info/entry_points.txt
[10.732s] writing requirements to ../../build/exer2_control/exer2_control.egg-info/requires.txt
[10.733s] writing top-level names to ../../build/exer2_control/exer2_control.egg-info/top_level.txt
[10.764s] reading manifest file '../../build/exer2_control/exer2_control.egg-info/SOURCES.txt'
[10.769s] writing manifest file '../../build/exer2_control/exer2_control.egg-info/SOURCES.txt'
[10.770s] running build
[10.771s] running build_py
[10.774s] copying exer2_control/controller.py -> /home/jetson/ros2_ws/build/exer2_control/build/lib/exer2_control
[10.774s] running install
[10.778s] running install_lib
[10.797s] copying /home/jetson/ros2_ws/build/exer2_control/build/lib/exer2_control/controller.py -> /home/jetson/ros2_ws/install/exer2_control/lib/python3.8/site-packages/exer2_control
[10.802s] byte-compiling /home/jetson/ros2_ws/install/exer2_control/lib/python3.8/site-packages/exer2_control/controller.py to controller.cpython-38.pyc
[10.806s] running install_data
[10.807s] running install_egg_info
[10.830s] removing '/home/jetson/ros2_ws/install/exer2_control/lib/python3.8/site-packages/exer2_control-0.0.0-py3.8.egg-info' (and everything under it)
[10.832s] Copying ../../build/exer2_control/exer2_control.egg-info to /home/jetson/ros2_ws/install/exer2_control/lib/python3.8/site-packages/exer2_control-0.0.0-py3.8.egg-info
[10.841s] running install_scripts
[11.072s] Installing controller script to /home/jetson/ros2_ws/install/exer2_control/lib/exer2_control
[11.081s] writing list of installed files to '/home/jetson/ros2_ws/build/exer2_control/install.log'
[11.403s] Invoked command in '/home/jetson/ros2_ws/src/exer2_control' returned '0': PYTHONPATH=/home/jetson/ros2_ws/build/exer2_control/prefix_override:/usr/lib/python3/dist-packages/colcon_core/task/python/colcon_distutils_commands:/home/jetson/ros2_ws/install/exer2_control/lib/python3.8/site-packages:${PYTHONPATH} /usr/bin/python3 -W ignore:setup.py install is deprecated -W ignore:easy_install command is deprecated setup.py egg_info --egg-base ../../build/exer2_control build --build-base /home/jetson/ros2_ws/build/exer2_control/build install --record /home/jetson/ros2_ws/build/exer2_control/install.log --install-scripts $base/lib/exer2_control --single-version-externally-managed install_data
