[7.940s] Invoking command in '/home/jetson/ros2_ws/src/exer3_control': PYTHONPATH=/home/jetson/ros2_ws/src/build/exer3_control/prefix_override:/usr/lib/python3/dist-packages/colcon_core/task/python/colcon_distutils_commands:/home/jetson/ros2_ws/src/install/exer3_control/lib/python3.8/site-packages:${PYTHONPATH} /usr/bin/python3 -W ignore:setup.py install is deprecated -W ignore:easy_install command is deprecated setup.py egg_info --egg-base ../build/exer3_control build --build-base /home/jetson/ros2_ws/src/build/exer3_control/build install --record /home/jetson/ros2_ws/src/build/exer3_control/install.log --install-scripts $base/lib/exer3_control --single-version-externally-managed install_data
[9.321s] /usr/local/lib/python3.8/dist-packages/setuptools/dist.py:717: UserWarning: Usage of dash-separated 'script-dir' will not be supported in future versions. Please use the underscore name 'script_dir' instead
[9.321s]   warnings.warn(
[9.537s] running egg_info
[9.547s] writing ../build/exer3_control/exer3_control.egg-info/PKG-INFO
[9.551s] writing dependency_links to ../build/exer3_control/exer3_control.egg-info/dependency_links.txt
[9.553s] writing entry points to ../build/exer3_control/exer3_control.egg-info/entry_points.txt
[9.555s] writing requirements to ../build/exer3_control/exer3_control.egg-info/requires.txt
[9.558s] writing top-level names to ../build/exer3_control/exer3_control.egg-info/top_level.txt
[9.581s] reading manifest file '../build/exer3_control/exer3_control.egg-info/SOURCES.txt'
[9.594s] writing manifest file '../build/exer3_control/exer3_control.egg-info/SOURCES.txt'
[9.594s] running build
[9.594s] running build_py
[9.595s] copying exer3_control/flight_controller.py -> /home/jetson/ros2_ws/src/build/exer3_control/build/lib/exer3_control
[9.595s] running install
[9.596s] running install_lib
[9.602s] copying /home/jetson/ros2_ws/src/build/exer3_control/build/lib/exer3_control/flight_controller.py -> /home/jetson/ros2_ws/src/install/exer3_control/lib/python3.8/site-packages/exer3_control
[9.605s] byte-compiling /home/jetson/ros2_ws/src/install/exer3_control/lib/python3.8/site-packages/exer3_control/flight_controller.py to flight_controller.cpython-38.pyc
[9.610s] running install_data
[9.612s] running install_egg_info
[9.620s] removing '/home/jetson/ros2_ws/src/install/exer3_control/lib/python3.8/site-packages/exer3_control-0.0.0-py3.8.egg-info' (and everything under it)
[9.622s] Copying ../build/exer3_control/exer3_control.egg-info to /home/jetson/ros2_ws/src/install/exer3_control/lib/python3.8/site-packages/exer3_control-0.0.0-py3.8.egg-info
[9.629s] running install_scripts
[9.753s] Installing flight_controller script to /home/jetson/ros2_ws/src/install/exer3_control/lib/exer3_control
[9.758s] Installing grabber script to /home/jetson/ros2_ws/src/install/exer3_control/lib/exer3_control
[9.762s] Installing plotter script to /home/jetson/ros2_ws/src/install/exer3_control/lib/exer3_control
[9.766s] writing list of installed files to '/home/jetson/ros2_ws/src/build/exer3_control/install.log'
[10.678s] Invoked command in '/home/jetson/ros2_ws/src/exer3_control' returned '0': PYTHONPATH=/home/jetson/ros2_ws/src/build/exer3_control/prefix_override:/usr/lib/python3/dist-packages/colcon_core/task/python/colcon_distutils_commands:/home/jetson/ros2_ws/src/install/exer3_control/lib/python3.8/site-packages:${PYTHONPATH} /usr/bin/python3 -W ignore:setup.py install is deprecated -W ignore:easy_install command is deprecated setup.py egg_info --egg-base ../build/exer3_control build --build-base /home/jetson/ros2_ws/src/build/exer3_control/build install --record /home/jetson/ros2_ws/src/build/exer3_control/install.log --install-scripts $base/lib/exer3_control --single-version-externally-managed install_data
