[8.156s] Invoking command in '/home/jetson/ros2_ws/src/comm_node': PYTHONPATH=/home/jetson/ros2_ws/src/build/comm_node/prefix_override:/usr/lib/python3/dist-packages/colcon_core/task/python/colcon_distutils_commands:/home/jetson/ros2_ws/src/install/comm_node/lib/python3.8/site-packages:${PYTHONPATH} /usr/bin/python3 -W ignore:setup.py install is deprecated -W ignore:easy_install command is deprecated setup.py egg_info --egg-base ../build/comm_node build --build-base /home/jetson/ros2_ws/src/build/comm_node/build install --record /home/jetson/ros2_ws/src/build/comm_node/install.log --install-scripts $base/lib/comm_node --single-version-externally-managed install_data
[9.525s] /usr/local/lib/python3.8/dist-packages/setuptools/dist.py:717: UserWarning: Usage of dash-separated 'script-dir' will not be supported in future versions. Please use the underscore name 'script_dir' instead
[9.525s]   warnings.warn(
[9.703s] running egg_info
[9.707s] writing ../build/comm_node/comm_node.egg-info/PKG-INFO
[9.709s] writing dependency_links to ../build/comm_node/comm_node.egg-info/dependency_links.txt
[9.710s] writing entry points to ../build/comm_node/comm_node.egg-info/entry_points.txt
[9.711s] writing requirements to ../build/comm_node/comm_node.egg-info/requires.txt
[9.711s] writing top-level names to ../build/comm_node/comm_node.egg-info/top_level.txt
[9.726s] reading manifest file '../build/comm_node/comm_node.egg-info/SOURCES.txt'
[9.737s] writing manifest file '../build/comm_node/comm_node.egg-info/SOURCES.txt'
[9.739s] running build
[9.740s] running build_py
[9.743s] running install
[9.749s] running install_lib
[9.759s] running install_data
[9.774s] running install_egg_info
[9.784s] removing '/home/jetson/ros2_ws/src/install/comm_node/lib/python3.8/site-packages/comm_node-0.0.1-py3.8.egg-info' (and everything under it)
[9.793s] Copying ../build/comm_node/comm_node.egg-info to /home/jetson/ros2_ws/src/install/comm_node/lib/python3.8/site-packages/comm_node-0.0.1-py3.8.egg-info
[9.813s] running install_scripts
[9.982s] Installing comm script to /home/jetson/ros2_ws/src/install/comm_node/lib/comm_node
[9.985s] writing list of installed files to '/home/jetson/ros2_ws/src/build/comm_node/install.log'
[10.182s] Invoked command in '/home/jetson/ros2_ws/src/comm_node' returned '0': PYTHONPATH=/home/jetson/ros2_ws/src/build/comm_node/prefix_override:/usr/lib/python3/dist-packages/colcon_core/task/python/colcon_distutils_commands:/home/jetson/ros2_ws/src/install/comm_node/lib/python3.8/site-packages:${PYTHONPATH} /usr/bin/python3 -W ignore:setup.py install is deprecated -W ignore:easy_install command is deprecated setup.py egg_info --egg-base ../build/comm_node build --build-base /home/jetson/ros2_ws/src/build/comm_node/build install --record /home/jetson/ros2_ws/src/build/comm_node/install.log --install-scripts $base/lib/comm_node --single-version-externally-managed install_data
