running develop
running egg_info
creating comm_node.egg-info
writing comm_node.egg-info/PKG-INFO
writing dependency_links to comm_node.egg-info/dependency_links.txt
writing entry points to comm_node.egg-info/entry_points.txt
writing requirements to comm_node.egg-info/requires.txt
writing top-level names to comm_node.egg-info/top_level.txt
writing manifest file 'comm_node.egg-info/SOURCES.txt'
reading manifest file 'comm_node.egg-info/SOURCES.txt'
writing manifest file 'comm_node.egg-info/SOURCES.txt'
running build_ext
Creating /home/jetson/ros2_ws/install/comm_node/lib/python3.8/site-packages/comm-node.egg-link (link to .)
Installing comm script to /home/jetson/ros2_ws/install/comm_node/lib/comm_node

Installed /home/jetson/ros2_ws/build/comm_node
running symlink_data
creating /home/jetson/ros2_ws/install/comm_node/share/ament_index
creating /home/jetson/ros2_ws/install/comm_node/share/ament_index/resource_index
creating /home/jetson/ros2_ws/install/comm_node/share/ament_index/resource_index/packages
symbolically linking /home/jetson/ros2_ws/build/comm_node/resource/comm_node -> /home/jetson/ros2_ws/install/comm_node/share/ament_index/resource_index/packages
symbolically linking /home/jetson/ros2_ws/build/comm_node/package.xml -> /home/jetson/ros2_ws/install/comm_node/share/comm_node
