[7.928s] Invoking command in '/home/jetson/ros2_ws/build/comm_node': PYTHONPATH=/home/jetson/ros2_ws/build/comm_node/prefix_override:/usr/lib/python3/dist-packages/colcon_core/task/python/colcon_distutils_commands:/home/jetson/ros2_ws/install/comm_node/lib/python3.8/site-packages:${PYTHONPATH} /usr/bin/python3 -W ignore:setup.py install is deprecated -W ignore:easy_install command is deprecated setup.py develop --editable --build-directory /home/jetson/ros2_ws/build/comm_node/build --no-deps symlink_data
[9.364s] /usr/local/lib/python3.8/dist-packages/setuptools/dist.py:717: UserWarning: Usage of dash-separated 'script-dir' will not be supported in future versions. Please use the underscore name 'script_dir' instead
[9.364s]   warnings.warn(
[9.636s] running develop
[10.677s] running egg_info
[10.677s] creating comm_node.egg-info
[10.678s] writing comm_node.egg-info/PKG-INFO
[10.678s] writing dependency_links to comm_node.egg-info/dependency_links.txt
[10.679s] writing entry points to comm_node.egg-info/entry_points.txt
[10.680s] writing requirements to comm_node.egg-info/requires.txt
[10.681s] writing top-level names to comm_node.egg-info/top_level.txt
[10.689s] writing manifest file 'comm_node.egg-info/SOURCES.txt'
[10.697s] reading manifest file 'comm_node.egg-info/SOURCES.txt'
[10.700s] writing manifest file 'comm_node.egg-info/SOURCES.txt'
[10.981s] running build_ext
[10.982s] Creating /home/jetson/ros2_ws/install/comm_node/lib/python3.8/site-packages/comm-node.egg-link (link to .)
[10.986s] Installing comm script to /home/jetson/ros2_ws/install/comm_node/lib/comm_node
[10.988s] 
[10.989s] Installed /home/jetson/ros2_ws/build/comm_node
[10.993s] running symlink_data
[10.996s] creating /home/jetson/ros2_ws/install/comm_node/share/ament_index
[10.997s] creating /home/jetson/ros2_ws/install/comm_node/share/ament_index/resource_index
[10.998s] creating /home/jetson/ros2_ws/install/comm_node/share/ament_index/resource_index/packages
[10.999s] symbolically linking /home/jetson/ros2_ws/build/comm_node/resource/comm_node -> /home/jetson/ros2_ws/install/comm_node/share/ament_index/resource_index/packages
[11.000s] symbolically linking /home/jetson/ros2_ws/build/comm_node/package.xml -> /home/jetson/ros2_ws/install/comm_node/share/comm_node
[11.248s] Invoked command in '/home/jetson/ros2_ws/build/comm_node' returned '0': PYTHONPATH=/home/jetson/ros2_ws/build/comm_node/prefix_override:/usr/lib/python3/dist-packages/colcon_core/task/python/colcon_distutils_commands:/home/jetson/ros2_ws/install/comm_node/lib/python3.8/site-packages:${PYTHONPATH} /usr/bin/python3 -W ignore:setup.py install is deprecated -W ignore:easy_install command is deprecated setup.py develop --editable --build-directory /home/jetson/ros2_ws/build/comm_node/build --no-deps symlink_data
