[6.669s] Invoking command in '/home/jetson/ros2_ws/src/realsense2mavros': PYTHONPATH=/home/jetson/ros2_ws/src/build/realsense2mavros/prefix_override:/usr/lib/python3/dist-packages/colcon_core/task/python/colcon_distutils_commands:/home/jetson/ros2_ws/src/install/realsense2mavros/lib/python3.8/site-packages:${PYTHONPATH} /usr/bin/python3 -W ignore:setup.py install is deprecated -W ignore:easy_install command is deprecated setup.py egg_info --egg-base ../build/realsense2mavros build --build-base /home/jetson/ros2_ws/src/build/realsense2mavros/build install --record /home/jetson/ros2_ws/src/build/realsense2mavros/install.log --install-scripts $base/lib/realsense2mavros --single-version-externally-managed install_data
[8.202s] /usr/local/lib/python3.8/dist-packages/setuptools/dist.py:717: UserWarning: Usage of dash-separated 'script-dir' will not be supported in future versions. Please use the underscore name 'script_dir' instead
[8.203s]   warnings.warn(
[8.367s] running egg_info
[8.372s] writing ../build/realsense2mavros/realsense2mavros.egg-info/PKG-INFO
[8.377s] writing dependency_links to ../build/realsense2mavros/realsense2mavros.egg-info/dependency_links.txt
[8.380s] writing entry points to ../build/realsense2mavros/realsense2mavros.egg-info/entry_points.txt
[8.384s] writing requirements to ../build/realsense2mavros/realsense2mavros.egg-info/requires.txt
[8.387s] writing top-level names to ../build/realsense2mavros/realsense2mavros.egg-info/top_level.txt
[8.404s] reading manifest file '../build/realsense2mavros/realsense2mavros.egg-info/SOURCES.txt'
[8.411s] writing manifest file '../build/realsense2mavros/realsense2mavros.egg-info/SOURCES.txt'
[8.414s] running build
[8.415s] running build_py
[8.419s] running install
[8.425s] running install_lib
[8.433s] running install_data
[8.435s] running install_egg_info
[8.446s] removing '/home/jetson/ros2_ws/src/install/realsense2mavros/lib/python3.8/site-packages/realsense2mavros-0.0.0-py3.8.egg-info' (and everything under it)
[8.465s] Copying ../build/realsense2mavros/realsense2mavros.egg-info to /home/jetson/ros2_ws/src/install/realsense2mavros/lib/python3.8/site-packages/realsense2mavros-0.0.0-py3.8.egg-info
[8.469s] running install_scripts
[8.641s] Installing realsense2mavros script to /home/jetson/ros2_ws/src/install/realsense2mavros/lib/realsense2mavros
[8.645s] writing list of installed files to '/home/jetson/ros2_ws/src/build/realsense2mavros/install.log'
[8.878s] Invoked command in '/home/jetson/ros2_ws/src/realsense2mavros' returned '0': PYTHONPATH=/home/jetson/ros2_ws/src/build/realsense2mavros/prefix_override:/usr/lib/python3/dist-packages/colcon_core/task/python/colcon_distutils_commands:/home/jetson/ros2_ws/src/install/realsense2mavros/lib/python3.8/site-packages:${PYTHONPATH} /usr/bin/python3 -W ignore:setup.py install is deprecated -W ignore:easy_install command is deprecated setup.py egg_info --egg-base ../build/realsense2mavros build --build-base /home/jetson/ros2_ws/src/build/realsense2mavros/build install --record /home/jetson/ros2_ws/src/build/realsense2mavros/install.log --install-scripts $base/lib/realsense2mavros --single-version-externally-managed install_data
