[7.239s] Invoking command in '/home/jetson/ros2_ws/src/vicon_bridge': PYTHONPATH=/home/jetson/ros2_ws/src/build/vicon_bridge/prefix_override:/usr/lib/python3/dist-packages/colcon_core/task/python/colcon_distutils_commands:/home/jetson/ros2_ws/src/install/vicon_bridge/lib/python3.8/site-packages:${PYTHONPATH} /usr/bin/python3 -W ignore:setup.py install is deprecated -W ignore:easy_install command is deprecated setup.py egg_info --egg-base ../build/vicon_bridge build --build-base /home/jetson/ros2_ws/src/build/vicon_bridge/build install --record /home/jetson/ros2_ws/src/build/vicon_bridge/install.log --install-scripts $base/lib/vicon_bridge --single-version-externally-managed install_data
[9.302s] /usr/local/lib/python3.8/dist-packages/setuptools/dist.py:717: UserWarning: Usage of dash-separated 'script-dir' will not be supported in future versions. Please use the underscore name 'script_dir' instead
[9.304s]   warnings.warn(
[9.711s] running egg_info
[9.715s] writing ../build/vicon_bridge/vicon_bridge.egg-info/PKG-INFO
[9.718s] writing dependency_links to ../build/vicon_bridge/vicon_bridge.egg-info/dependency_links.txt
[9.718s] writing entry points to ../build/vicon_bridge/vicon_bridge.egg-info/entry_points.txt
[9.719s] writing requirements to ../build/vicon_bridge/vicon_bridge.egg-info/requires.txt
[9.722s] writing top-level names to ../build/vicon_bridge/vicon_bridge.egg-info/top_level.txt
[9.744s] reading manifest file '../build/vicon_bridge/vicon_bridge.egg-info/SOURCES.txt'
[9.749s] writing manifest file '../build/vicon_bridge/vicon_bridge.egg-info/SOURCES.txt'
[9.751s] running build
[9.752s] running build_py
[9.760s] running install
[9.766s] running install_lib
[9.781s] running install_data
[9.783s] running install_egg_info
[9.798s] removing '/home/jetson/ros2_ws/src/install/vicon_bridge/lib/python3.8/site-packages/vicon_bridge-0.0.0-py3.8.egg-info' (and everything under it)
[9.802s] Copying ../build/vicon_bridge/vicon_bridge.egg-info to /home/jetson/ros2_ws/src/install/vicon_bridge/lib/python3.8/site-packages/vicon_bridge-0.0.0-py3.8.egg-info
[9.807s] running install_scripts
[9.936s] Installing vicon_bridge script to /home/jetson/ros2_ws/src/install/vicon_bridge/lib/vicon_bridge
[9.940s] writing list of installed files to '/home/jetson/ros2_ws/src/build/vicon_bridge/install.log'
[10.150s] Invoked command in '/home/jetson/ros2_ws/src/vicon_bridge' returned '0': PYTHONPATH=/home/jetson/ros2_ws/src/build/vicon_bridge/prefix_override:/usr/lib/python3/dist-packages/colcon_core/task/python/colcon_distutils_commands:/home/jetson/ros2_ws/src/install/vicon_bridge/lib/python3.8/site-packages:${PYTHONPATH} /usr/bin/python3 -W ignore:setup.py install is deprecated -W ignore:easy_install command is deprecated setup.py egg_info --egg-base ../build/vicon_bridge build --build-base /home/jetson/ros2_ws/src/build/vicon_bridge/build install --record /home/jetson/ros2_ws/src/build/vicon_bridge/install.log --install-scripts $base/lib/vicon_bridge --single-version-externally-managed install_data
