[9.653s] Invoking command in '/home/jetson/ros2_ws/src/dummy_vicon_republisher': PYTHONPATH=/home/jetson/ros2_ws/build/dummy_vicon_republisher/prefix_override:/usr/lib/python3/dist-packages/colcon_core/task/python/colcon_distutils_commands:/home/jetson/ros2_ws/install/dummy_vicon_republisher/lib/python3.8/site-packages:${PYTHONPATH} /usr/bin/python3 -W ignore:setup.py install is deprecated -W ignore:easy_install command is deprecated setup.py egg_info --egg-base ../../build/dummy_vicon_republisher build --build-base /home/jetson/ros2_ws/build/dummy_vicon_republisher/build install --record /home/jetson/ros2_ws/build/dummy_vicon_republisher/install.log --install-scripts $base/lib/dummy_vicon_republisher --single-version-externally-managed install_data
[11.627s] /usr/local/lib/python3.8/dist-packages/setuptools/dist.py:717: UserWarning: Usage of dash-separated 'script-dir' will not be supported in future versions. Please use the underscore name 'script_dir' instead
[11.629s]   warnings.warn(
[11.935s] running egg_info
[11.947s] writing ../../build/dummy_vicon_republisher/dummy_vicon_republisher.egg-info/PKG-INFO
[11.950s] writing dependency_links to ../../build/dummy_vicon_republisher/dummy_vicon_republisher.egg-info/dependency_links.txt
[11.953s] writing entry points to ../../build/dummy_vicon_republisher/dummy_vicon_republisher.egg-info/entry_points.txt
[11.955s] writing requirements to ../../build/dummy_vicon_republisher/dummy_vicon_republisher.egg-info/requires.txt
[11.958s] writing top-level names to ../../build/dummy_vicon_republisher/dummy_vicon_republisher.egg-info/top_level.txt
[11.979s] reading manifest file '../../build/dummy_vicon_republisher/dummy_vicon_republisher.egg-info/SOURCES.txt'
[11.985s] writing manifest file '../../build/dummy_vicon_republisher/dummy_vicon_republisher.egg-info/SOURCES.txt'
[11.986s] running build
[11.988s] running build_py
[11.989s] running install
[12.001s] running install_lib
[12.009s] running install_data
[12.012s] running install_egg_info
[12.027s] removing '/home/jetson/ros2_ws/install/dummy_vicon_republisher/lib/python3.8/site-packages/dummy_vicon_republisher-0.0.0-py3.8.egg-info' (and everything under it)
[12.074s] Copying ../../build/dummy_vicon_republisher/dummy_vicon_republisher.egg-info to /home/jetson/ros2_ws/install/dummy_vicon_republisher/lib/python3.8/site-packages/dummy_vicon_republisher-0.0.0-py3.8.egg-info
[12.100s] running install_scripts
[12.363s] Installing dummy_vicon_republisher script to /home/jetson/ros2_ws/install/dummy_vicon_republisher/lib/dummy_vicon_republisher
[12.371s] writing list of installed files to '/home/jetson/ros2_ws/build/dummy_vicon_republisher/install.log'
[12.714s] Invoked command in '/home/jetson/ros2_ws/src/dummy_vicon_republisher' returned '0': PYTHONPATH=/home/jetson/ros2_ws/build/dummy_vicon_republisher/prefix_override:/usr/lib/python3/dist-packages/colcon_core/task/python/colcon_distutils_commands:/home/jetson/ros2_ws/install/dummy_vicon_republisher/lib/python3.8/site-packages:${PYTHONPATH} /usr/bin/python3 -W ignore:setup.py install is deprecated -W ignore:easy_install command is deprecated setup.py egg_info --egg-base ../../build/dummy_vicon_republisher build --build-base /home/jetson/ros2_ws/build/dummy_vicon_republisher/build install --record /home/jetson/ros2_ws/build/dummy_vicon_republisher/install.log --install-scripts $base/lib/dummy_vicon_republisher --single-version-externally-managed install_data
