[10.376s] Invoking command in '/home/jetson/ros2_ws/src/comm_node': PYTHONPATH=/home/jetson/ros2_ws/build/comm_node/prefix_override:/usr/lib/python3/dist-packages/colcon_core/task/python/colcon_distutils_commands:/home/jetson/ros2_ws/install/comm_node/lib/python3.8/site-packages:${PYTHONPATH} /usr/bin/python3 -W ignore:setup.py install is deprecated -W ignore:easy_install command is deprecated setup.py egg_info --egg-base ../../build/comm_node build --build-base /home/jetson/ros2_ws/build/comm_node/build install --record /home/jetson/ros2_ws/build/comm_node/install.log --install-scripts $base/lib/comm_node --single-version-externally-managed install_data
[12.886s] /usr/local/lib/python3.8/dist-packages/setuptools/dist.py:717: UserWarning: Usage of dash-separated 'script-dir' will not be supported in future versions. Please use the underscore name 'script_dir' instead
[12.887s]   warnings.warn(
[13.165s] running egg_info
[13.179s] writing ../../build/comm_node/comm_node.egg-info/PKG-INFO
[13.183s] writing dependency_links to ../../build/comm_node/comm_node.egg-info/dependency_links.txt
[13.183s] writing entry points to ../../build/comm_node/comm_node.egg-info/entry_points.txt
[13.184s] writing requirements to ../../build/comm_node/comm_node.egg-info/requires.txt
[13.188s] writing top-level names to ../../build/comm_node/comm_node.egg-info/top_level.txt
[13.210s] reading manifest file '../../build/comm_node/comm_node.egg-info/SOURCES.txt'
[13.216s] writing manifest file '../../build/comm_node/comm_node.egg-info/SOURCES.txt'
[13.219s] running build
[13.219s] running build_py
[13.220s] running install
[13.225s] running install_lib
[13.245s] running install_data
[13.247s] running install_egg_info
[13.256s] removing '/home/jetson/ros2_ws/install/comm_node/lib/python3.8/site-packages/comm_node-0.0.1-py3.8.egg-info' (and everything under it)
[13.264s] Copying ../../build/comm_node/comm_node.egg-info to /home/jetson/ros2_ws/install/comm_node/lib/python3.8/site-packages/comm_node-0.0.1-py3.8.egg-info
[13.271s] running install_scripts
[13.452s] Installing comm script to /home/jetson/ros2_ws/install/comm_node/lib/comm_node
[13.456s] writing list of installed files to '/home/jetson/ros2_ws/build/comm_node/install.log'
[15.405s] Invoked command in '/home/jetson/ros2_ws/src/comm_node' returned '0': PYTHONPATH=/home/jetson/ros2_ws/build/comm_node/prefix_override:/usr/lib/python3/dist-packages/colcon_core/task/python/colcon_distutils_commands:/home/jetson/ros2_ws/install/comm_node/lib/python3.8/site-packages:${PYTHONPATH} /usr/bin/python3 -W ignore:setup.py install is deprecated -W ignore:easy_install command is deprecated setup.py egg_info --egg-base ../../build/comm_node build --build-base /home/jetson/ros2_ws/build/comm_node/build install --record /home/jetson/ros2_ws/build/comm_node/install.log --install-scripts $base/lib/comm_node --single-version-externally-managed install_data
