[2.995s] DEBUG:colcon:Command line arguments: ['/usr/bin/colcon', 'build', '--packages-select', 'exer3_control']
[2.996s] DEBUG:colcon:Parsed command line arguments: Namespace(allow_overriding=[], ament_cmake_args=None, base_paths=['.'], build_base='build', catkin_cmake_args=None, catkin_skip_building_tests=False, cmake_args=None, cmake_clean_cache=False, cmake_clean_first=False, cmake_force_configure=False, cmake_target=None, cmake_target_skip_unavailable=False, continue_on_error=False, event_handlers=None, executor='parallel', ignore_user_meta=False, install_base='install', log_base=None, log_level=None, main=<bound method BuildVerb.main of <colcon_core.verb.build.BuildVerb object at 0x7fa048b130>>, merge_install=False, metas=['./colcon.meta'], packages_above=None, packages_above_and_dependencies=None, packages_above_depth=None, packages_end=None, packages_ignore=None, packages_ignore_regex=None, packages_select=['exer3_control'], packages_select_build_failed=False, packages_select_by_dep=None, packages_select_regex=None, packages_select_test_failures=False, packages_skip=None, packages_skip_build_finished=False, packages_skip_by_dep=None, packages_skip_regex=None, packages_skip_test_passed=False, packages_skip_up_to=None, packages_start=None, packages_up_to=None, packages_up_to_regex=None, parallel_workers=4, paths=None, symlink_install=False, test_result_base=None, verb_extension=<colcon_core.verb.build.BuildVerb object at 0x7fa048b130>, verb_name='build', verb_parser=<colcon_defaults.argument_parser.defaults.DefaultArgumentsDecorator object at 0x7fa0414430>)
[6.738s] Level 1:colcon.colcon_core.package_discovery:discover_packages(colcon_meta) check parameters
[6.746s] Level 1:colcon.colcon_core.package_discovery:discover_packages(recursive) check parameters
[6.748s] Level 1:colcon.colcon_core.package_discovery:discover_packages(ignore) check parameters
[6.749s] Level 1:colcon.colcon_core.package_discovery:discover_packages(path) check parameters
[6.750s] Level 1:colcon.colcon_core.package_discovery:discover_packages(colcon_meta) discover
[6.751s] Level 1:colcon.colcon_core.package_discovery:discover_packages(recursive) discover
[6.752s] INFO:colcon.colcon_core.package_discovery:Crawling recursively for packages in '/home/jetson/ros2_ws'
[6.756s] Level 1:colcon.colcon_core.package_identification:_identify(.) by extensions ['ignore', 'ignore_ament_install']
[6.758s] Level 1:colcon.colcon_core.package_identification:_identify(.) by extension 'ignore'
[6.760s] Level 1:colcon.colcon_core.package_identification:_identify(.) by extension 'ignore_ament_install'
[6.762s] Level 1:colcon.colcon_core.package_identification:_identify(.) by extensions ['colcon_pkg']
[6.764s] Level 1:colcon.colcon_core.package_identification:_identify(.) by extension 'colcon_pkg'
[6.765s] Level 1:colcon.colcon_core.package_identification:_identify(.) by extensions ['colcon_meta']
[6.767s] Level 1:colcon.colcon_core.package_identification:_identify(.) by extension 'colcon_meta'
[6.768s] Level 1:colcon.colcon_core.package_identification:_identify(.) by extensions ['ros']
[6.770s] Level 1:colcon.colcon_core.package_identification:_identify(.) by extension 'ros'
[7.044s] Level 1:colcon.colcon_core.package_identification:_identify(.) by extensions ['cmake', 'python']
[7.050s] Level 1:colcon.colcon_core.package_identification:_identify(.) by extension 'cmake'
[7.052s] Level 1:colcon.colcon_core.package_identification:_identify(.) by extension 'python'
[7.054s] Level 1:colcon.colcon_core.package_identification:_identify(.) by extensions ['python_setup_py']
[7.056s] Level 1:colcon.colcon_core.package_identification:_identify(.) by extension 'python_setup_py'
[7.060s] Level 1:colcon.colcon_core.package_identification:_identify(build) by extensions ['ignore', 'ignore_ament_install']
[7.063s] Level 1:colcon.colcon_core.package_identification:_identify(build) by extension 'ignore'
[7.067s] Level 1:colcon.colcon_core.package_identification:_identify(build) ignored
[7.069s] Level 1:colcon.colcon_core.package_identification:_identify(install) by extensions ['ignore', 'ignore_ament_install']
[7.072s] Level 1:colcon.colcon_core.package_identification:_identify(install) by extension 'ignore'
[7.073s] Level 1:colcon.colcon_core.package_identification:_identify(install) ignored
[7.076s] Level 1:colcon.colcon_core.package_identification:_identify(log) by extensions ['ignore', 'ignore_ament_install']
[7.079s] Level 1:colcon.colcon_core.package_identification:_identify(log) by extension 'ignore'
[7.082s] Level 1:colcon.colcon_core.package_identification:_identify(log) ignored
[7.084s] Level 1:colcon.colcon_core.package_identification:_identify(src) by extensions ['ignore', 'ignore_ament_install']
[7.086s] Level 1:colcon.colcon_core.package_identification:_identify(src) by extension 'ignore'
[7.088s] Level 1:colcon.colcon_core.package_identification:_identify(src) by extension 'ignore_ament_install'
[7.093s] Level 1:colcon.colcon_core.package_identification:_identify(src) by extensions ['colcon_pkg']
[7.094s] Level 1:colcon.colcon_core.package_identification:_identify(src) by extension 'colcon_pkg'
[7.096s] Level 1:colcon.colcon_core.package_identification:_identify(src) by extensions ['colcon_meta']
[7.096s] Level 1:colcon.colcon_core.package_identification:_identify(src) by extension 'colcon_meta'
[7.096s] Level 1:colcon.colcon_core.package_identification:_identify(src) by extensions ['ros']
[7.097s] Level 1:colcon.colcon_core.package_identification:_identify(src) by extension 'ros'
[7.097s] Level 1:colcon.colcon_core.package_identification:_identify(src) by extensions ['cmake', 'python']
[7.099s] Level 1:colcon.colcon_core.package_identification:_identify(src) by extension 'cmake'
[7.103s] Level 1:colcon.colcon_core.package_identification:_identify(src) by extension 'python'
[7.103s] Level 1:colcon.colcon_core.package_identification:_identify(src) by extensions ['python_setup_py']
[7.103s] Level 1:colcon.colcon_core.package_identification:_identify(src) by extension 'python_setup_py'
[7.104s] Level 1:colcon.colcon_core.package_identification:_identify(src/build) by extensions ['ignore', 'ignore_ament_install']
[7.104s] Level 1:colcon.colcon_core.package_identification:_identify(src/build) by extension 'ignore'
[7.105s] Level 1:colcon.colcon_core.package_identification:_identify(src/build) ignored
[7.105s] Level 1:colcon.colcon_core.package_identification:_identify(src/comm_node) by extensions ['ignore', 'ignore_ament_install']
[7.109s] Level 1:colcon.colcon_core.package_identification:_identify(src/comm_node) by extension 'ignore'
[7.110s] Level 1:colcon.colcon_core.package_identification:_identify(src/comm_node) by extension 'ignore_ament_install'
[7.110s] Level 1:colcon.colcon_core.package_identification:_identify(src/comm_node) by extensions ['colcon_pkg']
[7.110s] Level 1:colcon.colcon_core.package_identification:_identify(src/comm_node) by extension 'colcon_pkg'
[7.110s] Level 1:colcon.colcon_core.package_identification:_identify(src/comm_node) by extensions ['colcon_meta']
[7.111s] Level 1:colcon.colcon_core.package_identification:_identify(src/comm_node) by extension 'colcon_meta'
[7.111s] Level 1:colcon.colcon_core.package_identification:_identify(src/comm_node) by extensions ['ros']
[7.111s] Level 1:colcon.colcon_core.package_identification:_identify(src/comm_node) by extension 'ros'
[7.147s] DEBUG:colcon.colcon_core.package_identification:Package 'src/comm_node' with type 'ros.ament_python' and name 'comm_node'
[7.148s] Level 1:colcon.colcon_core.package_identification:_identify(src/dummy_vicon_republisher) by extensions ['ignore', 'ignore_ament_install']
[7.149s] Level 1:colcon.colcon_core.package_identification:_identify(src/dummy_vicon_republisher) by extension 'ignore'
[7.152s] Level 1:colcon.colcon_core.package_identification:_identify(src/dummy_vicon_republisher) by extension 'ignore_ament_install'
[7.152s] Level 1:colcon.colcon_core.package_identification:_identify(src/dummy_vicon_republisher) by extensions ['colcon_pkg']
[7.152s] Level 1:colcon.colcon_core.package_identification:_identify(src/dummy_vicon_republisher) by extension 'colcon_pkg'
[7.152s] Level 1:colcon.colcon_core.package_identification:_identify(src/dummy_vicon_republisher) by extensions ['colcon_meta']
[7.153s] Level 1:colcon.colcon_core.package_identification:_identify(src/dummy_vicon_republisher) by extension 'colcon_meta'
[7.153s] Level 1:colcon.colcon_core.package_identification:_identify(src/dummy_vicon_republisher) by extensions ['ros']
[7.153s] Level 1:colcon.colcon_core.package_identification:_identify(src/dummy_vicon_republisher) by extension 'ros'
[7.168s] DEBUG:colcon.colcon_core.package_identification:Package 'src/dummy_vicon_republisher' with type 'ros.ament_python' and name 'dummy_vicon_republisher'
[7.171s] Level 1:colcon.colcon_core.package_identification:_identify(src/dummy_waypoint_publisher) by extensions ['ignore', 'ignore_ament_install']
[7.171s] Level 1:colcon.colcon_core.package_identification:_identify(src/dummy_waypoint_publisher) by extension 'ignore'
[7.173s] Level 1:colcon.colcon_core.package_identification:_identify(src/dummy_waypoint_publisher) by extension 'ignore_ament_install'
[7.174s] Level 1:colcon.colcon_core.package_identification:_identify(src/dummy_waypoint_publisher) by extensions ['colcon_pkg']
[7.174s] Level 1:colcon.colcon_core.package_identification:_identify(src/dummy_waypoint_publisher) by extension 'colcon_pkg'
[7.174s] Level 1:colcon.colcon_core.package_identification:_identify(src/dummy_waypoint_publisher) by extensions ['colcon_meta']
[7.176s] Level 1:colcon.colcon_core.package_identification:_identify(src/dummy_waypoint_publisher) by extension 'colcon_meta'
[7.176s] Level 1:colcon.colcon_core.package_identification:_identify(src/dummy_waypoint_publisher) by extensions ['ros']
[7.176s] Level 1:colcon.colcon_core.package_identification:_identify(src/dummy_waypoint_publisher) by extension 'ros'
[7.182s] DEBUG:colcon.colcon_core.package_identification:Package 'src/dummy_waypoint_publisher' with type 'ros.ament_python' and name 'dummy_waypoint_publisher'
[7.183s] Level 1:colcon.colcon_core.package_identification:_identify(src/exer2_control) by extensions ['ignore', 'ignore_ament_install']
[7.183s] Level 1:colcon.colcon_core.package_identification:_identify(src/exer2_control) by extension 'ignore'
[7.184s] Level 1:colcon.colcon_core.package_identification:_identify(src/exer2_control) by extension 'ignore_ament_install'
[7.184s] Level 1:colcon.colcon_core.package_identification:_identify(src/exer2_control) by extensions ['colcon_pkg']
[7.184s] Level 1:colcon.colcon_core.package_identification:_identify(src/exer2_control) by extension 'colcon_pkg'
[7.189s] Level 1:colcon.colcon_core.package_identification:_identify(src/exer2_control) by extensions ['colcon_meta']
[7.190s] Level 1:colcon.colcon_core.package_identification:_identify(src/exer2_control) by extension 'colcon_meta'
[7.191s] Level 1:colcon.colcon_core.package_identification:_identify(src/exer2_control) by extensions ['ros']
[7.191s] Level 1:colcon.colcon_core.package_identification:_identify(src/exer2_control) by extension 'ros'
[7.197s] DEBUG:colcon.colcon_core.package_identification:Package 'src/exer2_control' with type 'ros.ament_python' and name 'exer2_control'
[7.199s] Level 1:colcon.colcon_core.package_identification:_identify(src/exer3_control) by extensions ['ignore', 'ignore_ament_install']
[7.201s] Level 1:colcon.colcon_core.package_identification:_identify(src/exer3_control) by extension 'ignore'
[7.201s] Level 1:colcon.colcon_core.package_identification:_identify(src/exer3_control) by extension 'ignore_ament_install'
[7.202s] Level 1:colcon.colcon_core.package_identification:_identify(src/exer3_control) by extensions ['colcon_pkg']
[7.202s] Level 1:colcon.colcon_core.package_identification:_identify(src/exer3_control) by extension 'colcon_pkg'
[7.204s] Level 1:colcon.colcon_core.package_identification:_identify(src/exer3_control) by extensions ['colcon_meta']
[7.205s] Level 1:colcon.colcon_core.package_identification:_identify(src/exer3_control) by extension 'colcon_meta'
[7.206s] Level 1:colcon.colcon_core.package_identification:_identify(src/exer3_control) by extensions ['ros']
[7.206s] Level 1:colcon.colcon_core.package_identification:_identify(src/exer3_control) by extension 'ros'
[7.213s] DEBUG:colcon.colcon_core.package_identification:Package 'src/exer3_control' with type 'ros.ament_python' and name 'exer3_control'
[7.219s] Level 1:colcon.colcon_core.package_identification:_identify(src/install) by extensions ['ignore', 'ignore_ament_install']
[7.220s] Level 1:colcon.colcon_core.package_identification:_identify(src/install) by extension 'ignore'
[7.222s] Level 1:colcon.colcon_core.package_identification:_identify(src/install) ignored
[7.223s] Level 1:colcon.colcon_core.package_identification:_identify(src/launcher) by extensions ['ignore', 'ignore_ament_install']
[7.224s] Level 1:colcon.colcon_core.package_identification:_identify(src/launcher) by extension 'ignore'
[7.225s] Level 1:colcon.colcon_core.package_identification:_identify(src/launcher) by extension 'ignore_ament_install'
[7.227s] Level 1:colcon.colcon_core.package_identification:_identify(src/launcher) by extensions ['colcon_pkg']
[7.228s] Level 1:colcon.colcon_core.package_identification:_identify(src/launcher) by extension 'colcon_pkg'
[7.228s] Level 1:colcon.colcon_core.package_identification:_identify(src/launcher) by extensions ['colcon_meta']
[7.228s] Level 1:colcon.colcon_core.package_identification:_identify(src/launcher) by extension 'colcon_meta'
[7.229s] Level 1:colcon.colcon_core.package_identification:_identify(src/launcher) by extensions ['ros']
[7.229s] Level 1:colcon.colcon_core.package_identification:_identify(src/launcher) by extension 'ros'
[7.229s] Level 1:colcon.colcon_core.package_identification:_identify(src/launcher) by extensions ['cmake', 'python']
[7.229s] Level 1:colcon.colcon_core.package_identification:_identify(src/launcher) by extension 'cmake'
[7.230s] Level 1:colcon.colcon_core.package_identification:_identify(src/launcher) by extension 'python'
[7.232s] Level 1:colcon.colcon_core.package_identification:_identify(src/launcher) by extensions ['python_setup_py']
[7.233s] Level 1:colcon.colcon_core.package_identification:_identify(src/launcher) by extension 'python_setup_py'
[7.234s] Level 1:colcon.colcon_core.package_identification:_identify(src/log) by extensions ['ignore', 'ignore_ament_install']
[7.235s] Level 1:colcon.colcon_core.package_identification:_identify(src/log) by extension 'ignore'
[7.235s] Level 1:colcon.colcon_core.package_identification:_identify(src/log) ignored
[7.238s] Level 1:colcon.colcon_core.package_identification:_identify(src/px4_autonomy_modules) by extensions ['ignore', 'ignore_ament_install']
[7.239s] Level 1:colcon.colcon_core.package_identification:_identify(src/px4_autonomy_modules) by extension 'ignore'
[7.239s] Level 1:colcon.colcon_core.package_identification:_identify(src/px4_autonomy_modules) by extension 'ignore_ament_install'
[7.240s] Level 1:colcon.colcon_core.package_identification:_identify(src/px4_autonomy_modules) by extensions ['colcon_pkg']
[7.240s] Level 1:colcon.colcon_core.package_identification:_identify(src/px4_autonomy_modules) by extension 'colcon_pkg'
[7.240s] Level 1:colcon.colcon_core.package_identification:_identify(src/px4_autonomy_modules) by extensions ['colcon_meta']
[7.243s] Level 1:colcon.colcon_core.package_identification:_identify(src/px4_autonomy_modules) by extension 'colcon_meta'
[7.245s] Level 1:colcon.colcon_core.package_identification:_identify(src/px4_autonomy_modules) by extensions ['ros']
[7.245s] Level 1:colcon.colcon_core.package_identification:_identify(src/px4_autonomy_modules) by extension 'ros'
[7.254s] DEBUG:colcon.colcon_core.package_identification:Package 'src/px4_autonomy_modules' with type 'ros.ament_cmake' and name 'px4_autonomy_modules'
[7.260s] Level 1:colcon.colcon_core.package_identification:_identify(src/realsense2mavros) by extensions ['ignore', 'ignore_ament_install']
[7.261s] Level 1:colcon.colcon_core.package_identification:_identify(src/realsense2mavros) by extension 'ignore'
[7.261s] Level 1:colcon.colcon_core.package_identification:_identify(src/realsense2mavros) by extension 'ignore_ament_install'
[7.266s] Level 1:colcon.colcon_core.package_identification:_identify(src/realsense2mavros) by extensions ['colcon_pkg']
[7.266s] Level 1:colcon.colcon_core.package_identification:_identify(src/realsense2mavros) by extension 'colcon_pkg'
[7.266s] Level 1:colcon.colcon_core.package_identification:_identify(src/realsense2mavros) by extensions ['colcon_meta']
[7.266s] Level 1:colcon.colcon_core.package_identification:_identify(src/realsense2mavros) by extension 'colcon_meta'
[7.267s] Level 1:colcon.colcon_core.package_identification:_identify(src/realsense2mavros) by extensions ['ros']
[7.270s] Level 1:colcon.colcon_core.package_identification:_identify(src/realsense2mavros) by extension 'ros'
[7.286s] DEBUG:colcon.colcon_core.package_identification:Package 'src/realsense2mavros' with type 'ros.ament_python' and name 'realsense2mavros'
[7.286s] Level 1:colcon.colcon_core.package_identification:_identify(src/task2) by extensions ['ignore', 'ignore_ament_install']
[7.287s] Level 1:colcon.colcon_core.package_identification:_identify(src/task2) by extension 'ignore'
[7.287s] Level 1:colcon.colcon_core.package_identification:_identify(src/task2) by extension 'ignore_ament_install'
[7.290s] Level 1:colcon.colcon_core.package_identification:_identify(src/task2) by extensions ['colcon_pkg']
[7.291s] Level 1:colcon.colcon_core.package_identification:_identify(src/task2) by extension 'colcon_pkg'
[7.291s] Level 1:colcon.colcon_core.package_identification:_identify(src/task2) by extensions ['colcon_meta']
[7.293s] Level 1:colcon.colcon_core.package_identification:_identify(src/task2) by extension 'colcon_meta'
[7.293s] Level 1:colcon.colcon_core.package_identification:_identify(src/task2) by extensions ['ros']
[7.293s] Level 1:colcon.colcon_core.package_identification:_identify(src/task2) by extension 'ros'
[7.294s] Level 1:colcon.colcon_core.package_identification:_identify(src/task2) by extensions ['cmake', 'python']
[7.294s] Level 1:colcon.colcon_core.package_identification:_identify(src/task2) by extension 'cmake'
[7.294s] Level 1:colcon.colcon_core.package_identification:_identify(src/task2) by extension 'python'
[7.295s] Level 1:colcon.colcon_core.package_identification:_identify(src/task2) by extensions ['python_setup_py']
[7.295s] Level 1:colcon.colcon_core.package_identification:_identify(src/task2) by extension 'python_setup_py'
[7.296s] Level 1:colcon.colcon_core.package_identification:_identify(src/unit_tester) by extensions ['ignore', 'ignore_ament_install']
[7.296s] Level 1:colcon.colcon_core.package_identification:_identify(src/unit_tester) by extension 'ignore'
[7.296s] Level 1:colcon.colcon_core.package_identification:_identify(src/unit_tester) by extension 'ignore_ament_install'
[7.297s] Level 1:colcon.colcon_core.package_identification:_identify(src/unit_tester) by extensions ['colcon_pkg']
[7.297s] Level 1:colcon.colcon_core.package_identification:_identify(src/unit_tester) by extension 'colcon_pkg'
[7.297s] Level 1:colcon.colcon_core.package_identification:_identify(src/unit_tester) by extensions ['colcon_meta']
[7.297s] Level 1:colcon.colcon_core.package_identification:_identify(src/unit_tester) by extension 'colcon_meta'
[7.298s] Level 1:colcon.colcon_core.package_identification:_identify(src/unit_tester) by extensions ['ros']
[7.304s] Level 1:colcon.colcon_core.package_identification:_identify(src/unit_tester) by extension 'ros'
[7.310s] DEBUG:colcon.colcon_core.package_identification:Package 'src/unit_tester' with type 'ros.ament_python' and name 'unit_tester'
[7.312s] Level 1:colcon.colcon_core.package_identification:_identify(src/vicon_bridge) by extensions ['ignore', 'ignore_ament_install']
[7.313s] Level 1:colcon.colcon_core.package_identification:_identify(src/vicon_bridge) by extension 'ignore'
[7.315s] Level 1:colcon.colcon_core.package_identification:_identify(src/vicon_bridge) by extension 'ignore_ament_install'
[7.315s] Level 1:colcon.colcon_core.package_identification:_identify(src/vicon_bridge) by extensions ['colcon_pkg']
[7.315s] Level 1:colcon.colcon_core.package_identification:_identify(src/vicon_bridge) by extension 'colcon_pkg'
[7.316s] Level 1:colcon.colcon_core.package_identification:_identify(src/vicon_bridge) by extensions ['colcon_meta']
[7.316s] Level 1:colcon.colcon_core.package_identification:_identify(src/vicon_bridge) by extension 'colcon_meta'
[7.316s] Level 1:colcon.colcon_core.package_identification:_identify(src/vicon_bridge) by extensions ['ros']
[7.316s] Level 1:colcon.colcon_core.package_identification:_identify(src/vicon_bridge) by extension 'ros'
[7.326s] DEBUG:colcon.colcon_core.package_identification:Package 'src/vicon_bridge' with type 'ros.ament_python' and name 'vicon_bridge'
[7.327s] Level 1:colcon.colcon_core.package_identification:_identify(src/waypoint_nav) by extensions ['ignore', 'ignore_ament_install']
[7.327s] Level 1:colcon.colcon_core.package_identification:_identify(src/waypoint_nav) by extension 'ignore'
[7.328s] Level 1:colcon.colcon_core.package_identification:_identify(src/waypoint_nav) by extension 'ignore_ament_install'
[7.328s] Level 1:colcon.colcon_core.package_identification:_identify(src/waypoint_nav) by extensions ['colcon_pkg']
[7.332s] Level 1:colcon.colcon_core.package_identification:_identify(src/waypoint_nav) by extension 'colcon_pkg'
[7.333s] Level 1:colcon.colcon_core.package_identification:_identify(src/waypoint_nav) by extensions ['colcon_meta']
[7.333s] Level 1:colcon.colcon_core.package_identification:_identify(src/waypoint_nav) by extension 'colcon_meta'
[7.335s] Level 1:colcon.colcon_core.package_identification:_identify(src/waypoint_nav) by extensions ['ros']
[7.335s] Level 1:colcon.colcon_core.package_identification:_identify(src/waypoint_nav) by extension 'ros'
[7.342s] DEBUG:colcon.colcon_core.package_identification:Package 'src/waypoint_nav' with type 'ros.ament_python' and name 'waypoint_nav'
[7.343s] Level 1:colcon.colcon_core.package_discovery:discover_packages(recursive) using defaults
[7.343s] Level 1:colcon.colcon_core.package_discovery:discover_packages(ignore) discover
[7.343s] Level 1:colcon.colcon_core.package_discovery:discover_packages(ignore) using defaults
[7.343s] Level 1:colcon.colcon_core.package_discovery:discover_packages(path) discover
[7.347s] Level 1:colcon.colcon_core.package_discovery:discover_packages(path) using defaults
[7.544s] INFO:colcon.colcon_core.package_selection:Skipping not selected package 'comm_node' in 'src/comm_node'
[7.544s] INFO:colcon.colcon_core.package_selection:Skipping not selected package 'dummy_vicon_republisher' in 'src/dummy_vicon_republisher'
[7.544s] INFO:colcon.colcon_core.package_selection:Skipping not selected package 'dummy_waypoint_publisher' in 'src/dummy_waypoint_publisher'
[7.544s] INFO:colcon.colcon_core.package_selection:Skipping not selected package 'exer2_control' in 'src/exer2_control'
[7.545s] INFO:colcon.colcon_core.package_selection:Skipping not selected package 'px4_autonomy_modules' in 'src/px4_autonomy_modules'
[7.545s] INFO:colcon.colcon_core.package_selection:Skipping not selected package 'realsense2mavros' in 'src/realsense2mavros'
[7.545s] INFO:colcon.colcon_core.package_selection:Skipping not selected package 'unit_tester' in 'src/unit_tester'
[7.545s] INFO:colcon.colcon_core.package_selection:Skipping not selected package 'vicon_bridge' in 'src/vicon_bridge'
[7.545s] INFO:colcon.colcon_core.package_selection:Skipping not selected package 'waypoint_nav' in 'src/waypoint_nav'
[7.557s] Level 1:colcon.colcon_core.package_discovery:discover_packages(prefix_path) check parameters
[7.558s] Level 1:colcon.colcon_core.package_discovery:discover_packages(prefix_path) discover
[7.576s] DEBUG:colcon.colcon_installed_package_information.package_discovery:Found 10 installed packages in /home/jetson/ros2_ws/install
[7.584s] DEBUG:colcon.colcon_installed_package_information.package_discovery:Found 267 installed packages in /opt/ros/foxy
[7.598s] Level 1:colcon.colcon_core.package_discovery:discover_packages(prefix_path) using defaults
[8.057s] Level 5:colcon.colcon_core.verb:set package 'exer3_control' build argument 'cmake_args' from command line to 'None'
[8.057s] Level 5:colcon.colcon_core.verb:set package 'exer3_control' build argument 'cmake_target' from command line to 'None'
[8.057s] Level 5:colcon.colcon_core.verb:set package 'exer3_control' build argument 'cmake_target_skip_unavailable' from command line to 'False'
[8.057s] Level 5:colcon.colcon_core.verb:set package 'exer3_control' build argument 'cmake_clean_cache' from command line to 'False'
[8.057s] Level 5:colcon.colcon_core.verb:set package 'exer3_control' build argument 'cmake_clean_first' from command line to 'False'
[8.058s] Level 5:colcon.colcon_core.verb:set package 'exer3_control' build argument 'cmake_force_configure' from command line to 'False'
[8.058s] Level 5:colcon.colcon_core.verb:set package 'exer3_control' build argument 'ament_cmake_args' from command line to 'None'
[8.058s] Level 5:colcon.colcon_core.verb:set package 'exer3_control' build argument 'catkin_cmake_args' from command line to 'None'
[8.058s] Level 5:colcon.colcon_core.verb:set package 'exer3_control' build argument 'catkin_skip_building_tests' from command line to 'False'
[8.058s] DEBUG:colcon.colcon_core.verb:Building package 'exer3_control' with the following arguments: {'ament_cmake_args': None, 'build_base': '/home/jetson/ros2_ws/build/exer3_control', 'catkin_cmake_args': None, 'catkin_skip_building_tests': False, 'cmake_args': None, 'cmake_clean_cache': False, 'cmake_clean_first': False, 'cmake_force_configure': False, 'cmake_target': None, 'cmake_target_skip_unavailable': False, 'install_base': '/home/jetson/ros2_ws/install/exer3_control', 'merge_install': False, 'path': '/home/jetson/ros2_ws/src/exer3_control', 'symlink_install': False, 'test_result_base': None}
[8.059s] INFO:colcon.colcon_core.executor:Executing jobs using 'parallel' executor
[8.063s] DEBUG:colcon.colcon_parallel_executor.executor.parallel:run_until_complete
[8.064s] INFO:colcon.colcon_ros.task.ament_python.build:Building ROS package in '/home/jetson/ros2_ws/src/exer3_control' with build type 'ament_python'
[8.065s] Level 1:colcon.colcon_core.shell:create_environment_hook('exer3_control', 'ament_prefix_path')
[8.083s] INFO:colcon.colcon_core.plugin_system:Skipping extension 'colcon_core.shell.bat': Not used on non-Windows systems
[8.084s] INFO:colcon.colcon_core.shell:Creating environment hook '/home/jetson/ros2_ws/install/exer3_control/share/exer3_control/hook/ament_prefix_path.ps1'
[8.087s] INFO:colcon.colcon_core.shell:Creating environment descriptor '/home/jetson/ros2_ws/install/exer3_control/share/exer3_control/hook/ament_prefix_path.dsv'
[8.090s] INFO:colcon.colcon_core.shell:Creating environment hook '/home/jetson/ros2_ws/install/exer3_control/share/exer3_control/hook/ament_prefix_path.sh'
[8.094s] INFO:colcon.colcon_core.shell:Skip shell extension 'powershell' for command environment: Not usable outside of PowerShell
[8.094s] DEBUG:colcon.colcon_core.shell:Skip shell extension 'dsv' for command environment
[9.753s] INFO:colcon.colcon_core.task.python.build:Building Python package in '/home/jetson/ros2_ws/src/exer3_control'
[9.755s] INFO:colcon.colcon_core.shell:Skip shell extension 'powershell' for command environment: Not usable outside of PowerShell
[9.759s] DEBUG:colcon.colcon_core.shell:Skip shell extension 'dsv' for command environment
[13.385s] DEBUG:colcon.colcon_core.event_handler.log_command:Invoking command in '/home/jetson/ros2_ws/src/exer3_control': PYTHONPATH=/home/jetson/ros2_ws/build/exer3_control/prefix_override:/usr/lib/python3/dist-packages/colcon_core/task/python/colcon_distutils_commands:/home/jetson/ros2_ws/install/exer3_control/lib/python3.8/site-packages:${PYTHONPATH} /usr/bin/python3 -W ignore:setup.py install is deprecated -W ignore:easy_install command is deprecated setup.py egg_info --egg-base ../../build/exer3_control build --build-base /home/jetson/ros2_ws/build/exer3_control/build install --record /home/jetson/ros2_ws/build/exer3_control/install.log --install-scripts $base/lib/exer3_control --single-version-externally-managed install_data
[15.267s] DEBUG:colcon.colcon_core.event_handler.log_command:Invoked command in '/home/jetson/ros2_ws/src/exer3_control' returned '0': PYTHONPATH=/home/jetson/ros2_ws/build/exer3_control/prefix_override:/usr/lib/python3/dist-packages/colcon_core/task/python/colcon_distutils_commands:/home/jetson/ros2_ws/install/exer3_control/lib/python3.8/site-packages:${PYTHONPATH} /usr/bin/python3 -W ignore:setup.py install is deprecated -W ignore:easy_install command is deprecated setup.py egg_info --egg-base ../../build/exer3_control build --build-base /home/jetson/ros2_ws/build/exer3_control/build install --record /home/jetson/ros2_ws/build/exer3_control/install.log --install-scripts $base/lib/exer3_control --single-version-externally-managed install_data
[15.293s] Level 1:colcon.colcon_core.environment:checking '/home/jetson/ros2_ws/install/exer3_control' for CMake module files
[15.296s] Level 1:colcon.colcon_core.environment:checking '/home/jetson/ros2_ws/install/exer3_control' for CMake config files
[15.313s] Level 1:colcon.colcon_core.environment:checking '/home/jetson/ros2_ws/install/exer3_control/lib'
[15.322s] Level 1:colcon.colcon_core.environment:checking '/home/jetson/ros2_ws/install/exer3_control/bin'
[15.324s] Level 1:colcon.colcon_core.environment:checking '/home/jetson/ros2_ws/install/exer3_control/lib/pkgconfig/exer3_control.pc'
[15.326s] Level 1:colcon.colcon_core.environment:checking '/home/jetson/ros2_ws/install/exer3_control/lib/python3.8/site-packages'
[15.328s] Level 1:colcon.colcon_core.shell:create_environment_hook('exer3_control', 'pythonpath')
[15.332s] INFO:colcon.colcon_core.shell:Creating environment hook '/home/jetson/ros2_ws/install/exer3_control/share/exer3_control/hook/pythonpath.ps1'
[15.334s] INFO:colcon.colcon_core.shell:Creating environment descriptor '/home/jetson/ros2_ws/install/exer3_control/share/exer3_control/hook/pythonpath.dsv'
[15.338s] INFO:colcon.colcon_core.shell:Creating environment hook '/home/jetson/ros2_ws/install/exer3_control/share/exer3_control/hook/pythonpath.sh'
[15.341s] Level 1:colcon.colcon_core.environment:checking '/home/jetson/ros2_ws/install/exer3_control/bin'
[15.341s] Level 1:colcon.colcon_core.environment:create_environment_scripts_only(exer3_control)
[15.348s] INFO:colcon.colcon_core.shell:Creating package script '/home/jetson/ros2_ws/install/exer3_control/share/exer3_control/package.ps1'
[15.354s] INFO:colcon.colcon_core.shell:Creating package descriptor '/home/jetson/ros2_ws/install/exer3_control/share/exer3_control/package.dsv'
[15.363s] INFO:colcon.colcon_core.shell:Creating package script '/home/jetson/ros2_ws/install/exer3_control/share/exer3_control/package.sh'
[15.371s] INFO:colcon.colcon_core.shell:Creating package script '/home/jetson/ros2_ws/install/exer3_control/share/exer3_control/package.bash'
[15.379s] INFO:colcon.colcon_core.shell:Creating package script '/home/jetson/ros2_ws/install/exer3_control/share/exer3_control/package.zsh'
[15.386s] Level 1:colcon.colcon_core.environment:create_file_with_runtime_dependencies(/home/jetson/ros2_ws/install/exer3_control/share/colcon-core/packages/exer3_control)
[15.397s] DEBUG:colcon.colcon_parallel_executor.executor.parallel:closing loop
[15.397s] DEBUG:colcon.colcon_parallel_executor.executor.parallel:loop closed
[15.397s] DEBUG:colcon.colcon_parallel_executor.executor.parallel:run_until_complete finished with '0'
[15.398s] DEBUG:colcon.colcon_core.event_reactor:joining thread
[15.475s] INFO:colcon.colcon_core.plugin_system:Skipping extension 'colcon_notification.desktop_notification.terminal_notifier': Not used on non-Darwin systems
[15.476s] INFO:colcon.colcon_core.plugin_system:Skipping extension 'colcon_notification.desktop_notification.win32': Not used on non-Windows systems
[15.477s] INFO:colcon.colcon_notification.desktop_notification:Sending desktop notification using 'notify2'
[15.539s] DEBUG:colcon.colcon_core.event_reactor:joined thread
[15.540s] INFO:colcon.colcon_core.shell:Creating prefix script '/home/jetson/ros2_ws/install/local_setup.ps1'
[15.550s] INFO:colcon.colcon_core.shell:Creating prefix util module '/home/jetson/ros2_ws/install/_local_setup_util_ps1.py'
[15.562s] INFO:colcon.colcon_core.shell:Creating prefix chain script '/home/jetson/ros2_ws/install/setup.ps1'
[15.573s] INFO:colcon.colcon_core.shell:Creating prefix script '/home/jetson/ros2_ws/install/local_setup.sh'
[15.578s] INFO:colcon.colcon_core.shell:Creating prefix util module '/home/jetson/ros2_ws/install/_local_setup_util_sh.py'
[15.583s] INFO:colcon.colcon_core.shell:Creating prefix chain script '/home/jetson/ros2_ws/install/setup.sh'
[15.593s] INFO:colcon.colcon_core.shell:Creating prefix script '/home/jetson/ros2_ws/install/local_setup.bash'
[15.598s] INFO:colcon.colcon_core.shell:Creating prefix chain script '/home/jetson/ros2_ws/install/setup.bash'
[15.606s] INFO:colcon.colcon_core.shell:Creating prefix script '/home/jetson/ros2_ws/install/local_setup.zsh'
[15.610s] INFO:colcon.colcon_core.shell:Creating prefix chain script '/home/jetson/ros2_ws/install/setup.zsh'
