[10.054s] Invoking command in '/home/jetson/ros2_ws/src/exer2_control': PYTHONPATH=/home/jetson/ros2_ws/src/build/exer2_control/prefix_override:/usr/lib/python3/dist-packages/colcon_core/task/python/colcon_distutils_commands:/home/jetson/ros2_ws/src/install/exer2_control/lib/python3.8/site-packages:${PYTHONPATH} /usr/bin/python3 -W ignore:setup.py install is deprecated -W ignore:easy_install command is deprecated setup.py egg_info --egg-base ../build/exer2_control build --build-base /home/jetson/ros2_ws/src/build/exer2_control/build install --record /home/jetson/ros2_ws/src/build/exer2_control/install.log --install-scripts $base/lib/exer2_control --single-version-externally-managed install_data
[12.743s] /usr/local/lib/python3.8/dist-packages/setuptools/dist.py:717: UserWarning: Usage of dash-separated 'script-dir' will not be supported in future versions. Please use the underscore name 'script_dir' instead
[12.744s]   warnings.warn(
[13.010s] running egg_info
[13.015s] writing ../build/exer2_control/exer2_control.egg-info/PKG-INFO
[13.015s] writing dependency_links to ../build/exer2_control/exer2_control.egg-info/dependency_links.txt
[13.016s] writing entry points to ../build/exer2_control/exer2_control.egg-info/entry_points.txt
[13.017s] writing requirements to ../build/exer2_control/exer2_control.egg-info/requires.txt
[13.019s] writing top-level names to ../build/exer2_control/exer2_control.egg-info/top_level.txt
[13.040s] reading manifest file '../build/exer2_control/exer2_control.egg-info/SOURCES.txt'
[13.087s] writing manifest file '../build/exer2_control/exer2_control.egg-info/SOURCES.txt'
[13.090s] running build
[13.093s] running build_py
[13.093s] running install
[13.094s] running install_lib
[13.130s] running install_data
[13.132s] running install_egg_info
[13.152s] removing '/home/jetson/ros2_ws/src/install/exer2_control/lib/python3.8/site-packages/exer2_control-0.0.0-py3.8.egg-info' (and everything under it)
[13.153s] Copying ../build/exer2_control/exer2_control.egg-info to /home/jetson/ros2_ws/src/install/exer2_control/lib/python3.8/site-packages/exer2_control-0.0.0-py3.8.egg-info
[13.219s] running install_scripts
[13.529s] Installing controller script to /home/jetson/ros2_ws/src/install/exer2_control/lib/exer2_control
[13.530s] writing list of installed files to '/home/jetson/ros2_ws/src/build/exer2_control/install.log'
[13.941s] Invoked command in '/home/jetson/ros2_ws/src/exer2_control' returned '0': PYTHONPATH=/home/jetson/ros2_ws/src/build/exer2_control/prefix_override:/usr/lib/python3/dist-packages/colcon_core/task/python/colcon_distutils_commands:/home/jetson/ros2_ws/src/install/exer2_control/lib/python3.8/site-packages:${PYTHONPATH} /usr/bin/python3 -W ignore:setup.py install is deprecated -W ignore:easy_install command is deprecated setup.py egg_info --egg-base ../build/exer2_control build --build-base /home/jetson/ros2_ws/src/build/exer2_control/build install --record /home/jetson/ros2_ws/src/build/exer2_control/install.log --install-scripts $base/lib/exer2_control --single-version-externally-managed install_data
