[15.028s] Invoking command in '/home/jetson/ros2_ws/build/exer3_control': PYTHONPATH=/home/jetson/ros2_ws/build/exer3_control/prefix_override:/usr/lib/python3/dist-packages/colcon_core/task/python/colcon_distutils_commands:/home/jetson/ros2_ws/install/exer3_control/lib/python3.8/site-packages:${PYTHONPATH} /usr/bin/python3 -W ignore:setup.py install is deprecated -W ignore:easy_install command is deprecated setup.py develop --editable --build-directory /home/jetson/ros2_ws/build/exer3_control/build --no-deps symlink_data
[16.923s] /usr/local/lib/python3.8/dist-packages/setuptools/dist.py:717: UserWarning: Usage of dash-separated 'script-dir' will not be supported in future versions. Please use the underscore name 'script_dir' instead
[16.924s]   warnings.warn(
[17.191s] running develop
[18.363s] running egg_info
[18.364s] writing exer3_control.egg-info/PKG-INFO
[18.373s] writing dependency_links to exer3_control.egg-info/dependency_links.txt
[18.374s] writing entry points to exer3_control.egg-info/entry_points.txt
[18.375s] writing requirements to exer3_control.egg-info/requires.txt
[18.375s] writing top-level names to exer3_control.egg-info/top_level.txt
[18.383s] reading manifest file 'exer3_control.egg-info/SOURCES.txt'
[18.387s] writing manifest file 'exer3_control.egg-info/SOURCES.txt'
[18.584s] running build_ext
[18.584s] Creating /home/jetson/ros2_ws/install/exer3_control/lib/python3.8/site-packages/exer3-control.egg-link (link to .)
[18.590s] Installing flight_controller script to /home/jetson/ros2_ws/install/exer3_control/lib/exer3_control
[18.591s] Installing grabber script to /home/jetson/ros2_ws/install/exer3_control/lib/exer3_control
[18.592s] Installing obs_grabber script to /home/jetson/ros2_ws/install/exer3_control/lib/exer3_control
[18.592s] Installing plotter script to /home/jetson/ros2_ws/install/exer3_control/lib/exer3_control
[18.593s] 
[18.594s] Installed /home/jetson/ros2_ws/build/exer3_control
[18.594s] running symlink_data
[19.247s] Invoked command in '/home/jetson/ros2_ws/build/exer3_control' returned '0': PYTHONPATH=/home/jetson/ros2_ws/build/exer3_control/prefix_override:/usr/lib/python3/dist-packages/colcon_core/task/python/colcon_distutils_commands:/home/jetson/ros2_ws/install/exer3_control/lib/python3.8/site-packages:${PYTHONPATH} /usr/bin/python3 -W ignore:setup.py install is deprecated -W ignore:easy_install command is deprecated setup.py develop --editable --build-directory /home/jetson/ros2_ws/build/exer3_control/build --no-deps symlink_data
