[8.858s] Invoking command in '/home/jetson/ros2_ws/src/vicon_bridge': PYTHONPATH=/home/jetson/ros2_ws/src/build/vicon_bridge/prefix_override:/usr/lib/python3/dist-packages/colcon_core/task/python/colcon_distutils_commands:/home/jetson/ros2_ws/src/install/vicon_bridge/lib/python3.8/site-packages:${PYTHONPATH} /usr/bin/python3 -W ignore:setup.py install is deprecated -W ignore:easy_install command is deprecated setup.py egg_info --egg-base ../build/vicon_bridge build --build-base /home/jetson/ros2_ws/src/build/vicon_bridge/build install --record /home/jetson/ros2_ws/src/build/vicon_bridge/install.log --install-scripts $base/lib/vicon_bridge --single-version-externally-managed install_data
[10.538s] /usr/local/lib/python3.8/dist-packages/setuptools/dist.py:717: UserWarning: Usage of dash-separated 'script-dir' will not be supported in future versions. Please use the underscore name 'script_dir' instead
[10.538s]   warnings.warn(
[10.756s] running egg_info
[10.765s] writing ../build/vicon_bridge/vicon_bridge.egg-info/PKG-INFO
[10.771s] writing dependency_links to ../build/vicon_bridge/vicon_bridge.egg-info/dependency_links.txt
[10.771s] writing entry points to ../build/vicon_bridge/vicon_bridge.egg-info/entry_points.txt
[10.772s] writing requirements to ../build/vicon_bridge/vicon_bridge.egg-info/requires.txt
[10.772s] writing top-level names to ../build/vicon_bridge/vicon_bridge.egg-info/top_level.txt
[10.817s] reading manifest file '../build/vicon_bridge/vicon_bridge.egg-info/SOURCES.txt'
[10.823s] writing manifest file '../build/vicon_bridge/vicon_bridge.egg-info/SOURCES.txt'
[10.825s] running build
[10.826s] running build_py
[10.828s] running install
[10.829s] running install_lib
[10.842s] running install_data
[10.842s] running install_egg_info
[10.845s] removing '/home/jetson/ros2_ws/src/install/vicon_bridge/lib/python3.8/site-packages/vicon_bridge-0.0.0-py3.8.egg-info' (and everything under it)
[10.850s] Copying ../build/vicon_bridge/vicon_bridge.egg-info to /home/jetson/ros2_ws/src/install/vicon_bridge/lib/python3.8/site-packages/vicon_bridge-0.0.0-py3.8.egg-info
[10.856s] running install_scripts
[11.058s] Installing vicon_bridge script to /home/jetson/ros2_ws/src/install/vicon_bridge/lib/vicon_bridge
[11.062s] writing list of installed files to '/home/jetson/ros2_ws/src/build/vicon_bridge/install.log'
[11.249s] Invoked command in '/home/jetson/ros2_ws/src/vicon_bridge' returned '0': PYTHONPATH=/home/jetson/ros2_ws/src/build/vicon_bridge/prefix_override:/usr/lib/python3/dist-packages/colcon_core/task/python/colcon_distutils_commands:/home/jetson/ros2_ws/src/install/vicon_bridge/lib/python3.8/site-packages:${PYTHONPATH} /usr/bin/python3 -W ignore:setup.py install is deprecated -W ignore:easy_install command is deprecated setup.py egg_info --egg-base ../build/vicon_bridge build --build-base /home/jetson/ros2_ws/src/build/vicon_bridge/build install --record /home/jetson/ros2_ws/src/build/vicon_bridge/install.log --install-scripts $base/lib/vicon_bridge --single-version-externally-managed install_data
