/usr/local/lib/python3.8/dist-packages/setuptools/dist.py:717: UserWarning: Usage of dash-separated 'script-dir' will not be supported in future versions. Please use the underscore name 'script_dir' instead
  warnings.warn(
running egg_info
writing ../../build/vicon_obstacle_republisher/vicon_obstacle_republisher.egg-info/PKG-INFO
writing dependency_links to ../../build/vicon_obstacle_republisher/vicon_obstacle_republisher.egg-info/dependency_links.txt
writing entry points to ../../build/vicon_obstacle_republisher/vicon_obstacle_republisher.egg-info/entry_points.txt
writing requirements to ../../build/vicon_obstacle_republisher/vicon_obstacle_republisher.egg-info/requires.txt
writing top-level names to ../../build/vicon_obstacle_republisher/vicon_obstacle_republisher.egg-info/top_level.txt
reading manifest file '../../build/vicon_obstacle_republisher/vicon_obstacle_republisher.egg-info/SOURCES.txt'
writing manifest file '../../build/vicon_obstacle_republisher/vicon_obstacle_republisher.egg-info/SOURCES.txt'
running build
running build_py
running install
running install_lib
running install_data
running install_egg_info
removing '/home/jetson/ros2_ws/install/vicon_obstacle_republisher/lib/python3.8/site-packages/vicon_obstacle_republisher-0.0.0-py3.8.egg-info' (and everything under it)
Copying ../../build/vicon_obstacle_republisher/vicon_obstacle_republisher.egg-info to /home/jetson/ros2_ws/install/vicon_obstacle_republisher/lib/python3.8/site-packages/vicon_obstacle_republisher-0.0.0-py3.8.egg-info
running install_scripts
Installing vicon_obstacle_republisher_node script to /home/jetson/ros2_ws/install/vicon_obstacle_republisher/lib/vicon_obstacle_republisher
writing list of installed files to '/home/jetson/ros2_ws/build/vicon_obstacle_republisher/install.log'
