[15.752s] Invoking command in '/home/jetson/ros2_ws/src/dummy_vicon_republisher': PYTHONPATH=/home/jetson/ros2_ws/src/build/dummy_vicon_republisher/prefix_override:/usr/lib/python3/dist-packages/colcon_core/task/python/colcon_distutils_commands:/home/jetson/ros2_ws/src/install/dummy_vicon_republisher/lib/python3.8/site-packages:${PYTHONPATH} /usr/bin/python3 -W ignore:setup.py install is deprecated -W ignore:easy_install command is deprecated setup.py egg_info --egg-base ../build/dummy_vicon_republisher build --build-base /home/jetson/ros2_ws/src/build/dummy_vicon_republisher/build install --record /home/jetson/ros2_ws/src/build/dummy_vicon_republisher/install.log --install-scripts $base/lib/dummy_vicon_republisher --single-version-externally-managed install_data
[18.861s] /usr/local/lib/python3.8/dist-packages/setuptools/dist.py:717: UserWarning: Usage of dash-separated 'script-dir' will not be supported in future versions. Please use the underscore name 'script_dir' instead
[18.863s]   warnings.warn(
[19.253s] running egg_info
[19.264s] writing ../build/dummy_vicon_republisher/dummy_vicon_republisher.egg-info/PKG-INFO
[19.280s] writing dependency_links to ../build/dummy_vicon_republisher/dummy_vicon_republisher.egg-info/dependency_links.txt
[19.283s] writing entry points to ../build/dummy_vicon_republisher/dummy_vicon_republisher.egg-info/entry_points.txt
[19.292s] writing requirements to ../build/dummy_vicon_republisher/dummy_vicon_republisher.egg-info/requires.txt
[19.293s] writing top-level names to ../build/dummy_vicon_republisher/dummy_vicon_republisher.egg-info/top_level.txt
[19.334s] reading manifest file '../build/dummy_vicon_republisher/dummy_vicon_republisher.egg-info/SOURCES.txt'
[19.347s] writing manifest file '../build/dummy_vicon_republisher/dummy_vicon_republisher.egg-info/SOURCES.txt'
[19.349s] running build
[19.350s] running build_py
[19.352s] running install
[19.370s] running install_lib
[19.386s] running install_data
[19.388s] running install_egg_info
[19.426s] removing '/home/jetson/ros2_ws/src/install/dummy_vicon_republisher/lib/python3.8/site-packages/dummy_vicon_republisher-0.0.0-py3.8.egg-info' (and everything under it)
[19.429s] Copying ../build/dummy_vicon_republisher/dummy_vicon_republisher.egg-info to /home/jetson/ros2_ws/src/install/dummy_vicon_republisher/lib/python3.8/site-packages/dummy_vicon_republisher-0.0.0-py3.8.egg-info
[19.435s] running install_scripts
[19.740s] Installing dummy_vicon_republisher script to /home/jetson/ros2_ws/src/install/dummy_vicon_republisher/lib/dummy_vicon_republisher
[19.744s] writing list of installed files to '/home/jetson/ros2_ws/src/build/dummy_vicon_republisher/install.log'
[20.087s] Invoked command in '/home/jetson/ros2_ws/src/dummy_vicon_republisher' returned '0': PYTHONPATH=/home/jetson/ros2_ws/src/build/dummy_vicon_republisher/prefix_override:/usr/lib/python3/dist-packages/colcon_core/task/python/colcon_distutils_commands:/home/jetson/ros2_ws/src/install/dummy_vicon_republisher/lib/python3.8/site-packages:${PYTHONPATH} /usr/bin/python3 -W ignore:setup.py install is deprecated -W ignore:easy_install command is deprecated setup.py egg_info --egg-base ../build/dummy_vicon_republisher build --build-base /home/jetson/ros2_ws/src/build/dummy_vicon_republisher/build install --record /home/jetson/ros2_ws/src/build/dummy_vicon_republisher/install.log --install-scripts $base/lib/dummy_vicon_republisher --single-version-externally-managed install_data
