[1.362s] DEBUG:colcon:Command line arguments: ['/usr/bin/colcon', 'build', '--packages-select', 'dummy_waypoint_publisher']
[1.363s] DEBUG:colcon:Parsed command line arguments: Namespace(allow_overriding=[], ament_cmake_args=None, base_paths=['.'], build_base='build', catkin_cmake_args=None, catkin_skip_building_tests=False, cmake_args=None, cmake_clean_cache=False, cmake_clean_first=False, cmake_force_configure=False, cmake_target=None, cmake_target_skip_unavailable=False, continue_on_error=False, event_handlers=None, executor='parallel', ignore_user_meta=False, install_base='install', log_base=None, log_level=None, main=<bound method BuildVerb.main of <colcon_core.verb.build.BuildVerb object at 0x7f9b945280>>, merge_install=False, metas=['./colcon.meta'], packages_above=None, packages_above_and_dependencies=None, packages_above_depth=None, packages_end=None, packages_ignore=None, packages_ignore_regex=None, packages_select=['dummy_waypoint_publisher'], packages_select_build_failed=False, packages_select_by_dep=None, packages_select_regex=None, packages_select_test_failures=False, packages_skip=None, packages_skip_build_finished=False, packages_skip_by_dep=None, packages_skip_regex=None, packages_skip_test_passed=False, packages_skip_up_to=None, packages_start=None, packages_up_to=None, packages_up_to_regex=None, parallel_workers=4, paths=None, symlink_install=False, test_result_base=None, verb_extension=<colcon_core.verb.build.BuildVerb object at 0x7f9b945280>, verb_name='build', verb_parser=<colcon_defaults.argument_parser.defaults.DefaultArgumentsDecorator object at 0x7f9b8d1580>)
[2.394s] Level 1:colcon.colcon_core.package_discovery:discover_packages(colcon_meta) check parameters
[2.395s] Level 1:colcon.colcon_core.package_discovery:discover_packages(recursive) check parameters
[2.395s] Level 1:colcon.colcon_core.package_discovery:discover_packages(ignore) check parameters
[2.395s] Level 1:colcon.colcon_core.package_discovery:discover_packages(path) check parameters
[2.395s] Level 1:colcon.colcon_core.package_discovery:discover_packages(colcon_meta) discover
[2.396s] Level 1:colcon.colcon_core.package_discovery:discover_packages(recursive) discover
[2.396s] INFO:colcon.colcon_core.package_discovery:Crawling recursively for packages in '/home/jetson/ros2_ws'
[2.396s] Level 1:colcon.colcon_core.package_identification:_identify(.) by extensions ['ignore', 'ignore_ament_install']
[2.397s] Level 1:colcon.colcon_core.package_identification:_identify(.) by extension 'ignore'
[2.397s] Level 1:colcon.colcon_core.package_identification:_identify(.) by extension 'ignore_ament_install'
[2.398s] Level 1:colcon.colcon_core.package_identification:_identify(.) by extensions ['colcon_pkg']
[2.398s] Level 1:colcon.colcon_core.package_identification:_identify(.) by extension 'colcon_pkg'
[2.398s] Level 1:colcon.colcon_core.package_identification:_identify(.) by extensions ['colcon_meta']
[2.398s] Level 1:colcon.colcon_core.package_identification:_identify(.) by extension 'colcon_meta'
[2.398s] Level 1:colcon.colcon_core.package_identification:_identify(.) by extensions ['ros']
[2.398s] Level 1:colcon.colcon_core.package_identification:_identify(.) by extension 'ros'
[2.510s] Level 1:colcon.colcon_core.package_identification:_identify(.) by extensions ['cmake', 'python']
[2.511s] Level 1:colcon.colcon_core.package_identification:_identify(.) by extension 'cmake'
[2.511s] Level 1:colcon.colcon_core.package_identification:_identify(.) by extension 'python'
[2.512s] Level 1:colcon.colcon_core.package_identification:_identify(.) by extensions ['python_setup_py']
[2.513s] Level 1:colcon.colcon_core.package_identification:_identify(.) by extension 'python_setup_py'
[2.514s] Level 1:colcon.colcon_core.package_identification:_identify(build) by extensions ['ignore', 'ignore_ament_install']
[2.515s] Level 1:colcon.colcon_core.package_identification:_identify(build) by extension 'ignore'
[2.515s] Level 1:colcon.colcon_core.package_identification:_identify(build) ignored
[2.516s] Level 1:colcon.colcon_core.package_identification:_identify(install) by extensions ['ignore', 'ignore_ament_install']
[2.517s] Level 1:colcon.colcon_core.package_identification:_identify(install) by extension 'ignore'
[2.518s] Level 1:colcon.colcon_core.package_identification:_identify(install) ignored
[2.519s] Level 1:colcon.colcon_core.package_identification:_identify(log) by extensions ['ignore', 'ignore_ament_install']
[2.520s] Level 1:colcon.colcon_core.package_identification:_identify(log) by extension 'ignore'
[2.528s] Level 1:colcon.colcon_core.package_identification:_identify(log) ignored
[2.530s] Level 1:colcon.colcon_core.package_identification:_identify(src) by extensions ['ignore', 'ignore_ament_install']
[2.531s] Level 1:colcon.colcon_core.package_identification:_identify(src) by extension 'ignore'
[2.532s] Level 1:colcon.colcon_core.package_identification:_identify(src) by extension 'ignore_ament_install'
[2.533s] Level 1:colcon.colcon_core.package_identification:_identify(src) by extensions ['colcon_pkg']
[2.533s] Level 1:colcon.colcon_core.package_identification:_identify(src) by extension 'colcon_pkg'
[2.534s] Level 1:colcon.colcon_core.package_identification:_identify(src) by extensions ['colcon_meta']
[2.535s] Level 1:colcon.colcon_core.package_identification:_identify(src) by extension 'colcon_meta'
[2.535s] Level 1:colcon.colcon_core.package_identification:_identify(src) by extensions ['ros']
[2.536s] Level 1:colcon.colcon_core.package_identification:_identify(src) by extension 'ros'
[2.537s] Level 1:colcon.colcon_core.package_identification:_identify(src) by extensions ['cmake', 'python']
[2.537s] Level 1:colcon.colcon_core.package_identification:_identify(src) by extension 'cmake'
[2.538s] Level 1:colcon.colcon_core.package_identification:_identify(src) by extension 'python'
[2.538s] Level 1:colcon.colcon_core.package_identification:_identify(src) by extensions ['python_setup_py']
[2.538s] Level 1:colcon.colcon_core.package_identification:_identify(src) by extension 'python_setup_py'
[2.539s] Level 1:colcon.colcon_core.package_identification:_identify(src/build) by extensions ['ignore', 'ignore_ament_install']
[2.540s] Level 1:colcon.colcon_core.package_identification:_identify(src/build) by extension 'ignore'
[2.540s] Level 1:colcon.colcon_core.package_identification:_identify(src/build) ignored
[2.541s] Level 1:colcon.colcon_core.package_identification:_identify(src/comm_node) by extensions ['ignore', 'ignore_ament_install']
[2.542s] Level 1:colcon.colcon_core.package_identification:_identify(src/comm_node) by extension 'ignore'
[2.542s] Level 1:colcon.colcon_core.package_identification:_identify(src/comm_node) by extension 'ignore_ament_install'
[2.543s] Level 1:colcon.colcon_core.package_identification:_identify(src/comm_node) by extensions ['colcon_pkg']
[2.543s] Level 1:colcon.colcon_core.package_identification:_identify(src/comm_node) by extension 'colcon_pkg'
[2.543s] Level 1:colcon.colcon_core.package_identification:_identify(src/comm_node) by extensions ['colcon_meta']
[2.544s] Level 1:colcon.colcon_core.package_identification:_identify(src/comm_node) by extension 'colcon_meta'
[2.544s] Level 1:colcon.colcon_core.package_identification:_identify(src/comm_node) by extensions ['ros']
[2.544s] Level 1:colcon.colcon_core.package_identification:_identify(src/comm_node) by extension 'ros'
[2.570s] DEBUG:colcon.colcon_core.package_identification:Package 'src/comm_node' with type 'ros.ament_python' and name 'comm_node'
[2.571s] Level 1:colcon.colcon_core.package_identification:_identify(src/dummy_vicon_republisher) by extensions ['ignore', 'ignore_ament_install']
[2.572s] Level 1:colcon.colcon_core.package_identification:_identify(src/dummy_vicon_republisher) by extension 'ignore'
[2.573s] Level 1:colcon.colcon_core.package_identification:_identify(src/dummy_vicon_republisher) by extension 'ignore_ament_install'
[2.574s] Level 1:colcon.colcon_core.package_identification:_identify(src/dummy_vicon_republisher) by extensions ['colcon_pkg']
[2.575s] Level 1:colcon.colcon_core.package_identification:_identify(src/dummy_vicon_republisher) by extension 'colcon_pkg'
[2.575s] Level 1:colcon.colcon_core.package_identification:_identify(src/dummy_vicon_republisher) by extensions ['colcon_meta']
[2.575s] Level 1:colcon.colcon_core.package_identification:_identify(src/dummy_vicon_republisher) by extension 'colcon_meta'
[2.576s] Level 1:colcon.colcon_core.package_identification:_identify(src/dummy_vicon_republisher) by extensions ['ros']
[2.576s] Level 1:colcon.colcon_core.package_identification:_identify(src/dummy_vicon_republisher) by extension 'ros'
[2.581s] DEBUG:colcon.colcon_core.package_identification:Package 'src/dummy_vicon_republisher' with type 'ros.ament_python' and name 'dummy_vicon_republisher'
[2.582s] Level 1:colcon.colcon_core.package_identification:_identify(src/dummy_waypoint_publisher) by extensions ['ignore', 'ignore_ament_install']
[2.583s] Level 1:colcon.colcon_core.package_identification:_identify(src/dummy_waypoint_publisher) by extension 'ignore'
[2.583s] Level 1:colcon.colcon_core.package_identification:_identify(src/dummy_waypoint_publisher) by extension 'ignore_ament_install'
[2.583s] Level 1:colcon.colcon_core.package_identification:_identify(src/dummy_waypoint_publisher) by extensions ['colcon_pkg']
[2.584s] Level 1:colcon.colcon_core.package_identification:_identify(src/dummy_waypoint_publisher) by extension 'colcon_pkg'
[2.584s] Level 1:colcon.colcon_core.package_identification:_identify(src/dummy_waypoint_publisher) by extensions ['colcon_meta']
[2.584s] Level 1:colcon.colcon_core.package_identification:_identify(src/dummy_waypoint_publisher) by extension 'colcon_meta'
[2.585s] Level 1:colcon.colcon_core.package_identification:_identify(src/dummy_waypoint_publisher) by extensions ['ros']
[2.585s] Level 1:colcon.colcon_core.package_identification:_identify(src/dummy_waypoint_publisher) by extension 'ros'
[2.589s] DEBUG:colcon.colcon_core.package_identification:Package 'src/dummy_waypoint_publisher' with type 'ros.ament_python' and name 'dummy_waypoint_publisher'
[2.589s] Level 1:colcon.colcon_core.package_identification:_identify(src/exer2_control) by extensions ['ignore', 'ignore_ament_install']
[2.590s] Level 1:colcon.colcon_core.package_identification:_identify(src/exer2_control) by extension 'ignore'
[2.590s] Level 1:colcon.colcon_core.package_identification:_identify(src/exer2_control) by extension 'ignore_ament_install'
[2.590s] Level 1:colcon.colcon_core.package_identification:_identify(src/exer2_control) by extensions ['colcon_pkg']
[2.591s] Level 1:colcon.colcon_core.package_identification:_identify(src/exer2_control) by extension 'colcon_pkg'
[2.591s] Level 1:colcon.colcon_core.package_identification:_identify(src/exer2_control) by extensions ['colcon_meta']
[2.591s] Level 1:colcon.colcon_core.package_identification:_identify(src/exer2_control) by extension 'colcon_meta'
[2.591s] Level 1:colcon.colcon_core.package_identification:_identify(src/exer2_control) by extensions ['ros']
[2.592s] Level 1:colcon.colcon_core.package_identification:_identify(src/exer2_control) by extension 'ros'
[2.595s] DEBUG:colcon.colcon_core.package_identification:Package 'src/exer2_control' with type 'ros.ament_python' and name 'exer2_control'
[2.596s] Level 1:colcon.colcon_core.package_identification:_identify(src/exer3_control) by extensions ['ignore', 'ignore_ament_install']
[2.596s] Level 1:colcon.colcon_core.package_identification:_identify(src/exer3_control) by extension 'ignore'
[2.597s] Level 1:colcon.colcon_core.package_identification:_identify(src/exer3_control) by extension 'ignore_ament_install'
[2.597s] Level 1:colcon.colcon_core.package_identification:_identify(src/exer3_control) by extensions ['colcon_pkg']
[2.597s] Level 1:colcon.colcon_core.package_identification:_identify(src/exer3_control) by extension 'colcon_pkg'
[2.597s] Level 1:colcon.colcon_core.package_identification:_identify(src/exer3_control) by extensions ['colcon_meta']
[2.598s] Level 1:colcon.colcon_core.package_identification:_identify(src/exer3_control) by extension 'colcon_meta'
[2.598s] Level 1:colcon.colcon_core.package_identification:_identify(src/exer3_control) by extensions ['ros']
[2.598s] Level 1:colcon.colcon_core.package_identification:_identify(src/exer3_control) by extension 'ros'
[2.603s] DEBUG:colcon.colcon_core.package_identification:Package 'src/exer3_control' with type 'ros.ament_python' and name 'exer3_control'
[2.603s] Level 1:colcon.colcon_core.package_identification:_identify(src/install) by extensions ['ignore', 'ignore_ament_install']
[2.604s] Level 1:colcon.colcon_core.package_identification:_identify(src/install) by extension 'ignore'
[2.604s] Level 1:colcon.colcon_core.package_identification:_identify(src/install) ignored
[2.604s] Level 1:colcon.colcon_core.package_identification:_identify(src/launcher) by extensions ['ignore', 'ignore_ament_install']
[2.605s] Level 1:colcon.colcon_core.package_identification:_identify(src/launcher) by extension 'ignore'
[2.605s] Level 1:colcon.colcon_core.package_identification:_identify(src/launcher) by extension 'ignore_ament_install'
[2.605s] Level 1:colcon.colcon_core.package_identification:_identify(src/launcher) by extensions ['colcon_pkg']
[2.606s] Level 1:colcon.colcon_core.package_identification:_identify(src/launcher) by extension 'colcon_pkg'
[2.606s] Level 1:colcon.colcon_core.package_identification:_identify(src/launcher) by extensions ['colcon_meta']
[2.606s] Level 1:colcon.colcon_core.package_identification:_identify(src/launcher) by extension 'colcon_meta'
[2.606s] Level 1:colcon.colcon_core.package_identification:_identify(src/launcher) by extensions ['ros']
[2.606s] Level 1:colcon.colcon_core.package_identification:_identify(src/launcher) by extension 'ros'
[2.607s] Level 1:colcon.colcon_core.package_identification:_identify(src/launcher) by extensions ['cmake', 'python']
[2.607s] Level 1:colcon.colcon_core.package_identification:_identify(src/launcher) by extension 'cmake'
[2.607s] Level 1:colcon.colcon_core.package_identification:_identify(src/launcher) by extension 'python'
[2.607s] Level 1:colcon.colcon_core.package_identification:_identify(src/launcher) by extensions ['python_setup_py']
[2.608s] Level 1:colcon.colcon_core.package_identification:_identify(src/launcher) by extension 'python_setup_py'
[2.608s] Level 1:colcon.colcon_core.package_identification:_identify(src/log) by extensions ['ignore', 'ignore_ament_install']
[2.609s] Level 1:colcon.colcon_core.package_identification:_identify(src/log) by extension 'ignore'
[2.609s] Level 1:colcon.colcon_core.package_identification:_identify(src/log) ignored
[2.610s] Level 1:colcon.colcon_core.package_identification:_identify(src/px4_autonomy_modules) by extensions ['ignore', 'ignore_ament_install']
[2.610s] Level 1:colcon.colcon_core.package_identification:_identify(src/px4_autonomy_modules) by extension 'ignore'
[2.611s] Level 1:colcon.colcon_core.package_identification:_identify(src/px4_autonomy_modules) by extension 'ignore_ament_install'
[2.611s] Level 1:colcon.colcon_core.package_identification:_identify(src/px4_autonomy_modules) by extensions ['colcon_pkg']
[2.611s] Level 1:colcon.colcon_core.package_identification:_identify(src/px4_autonomy_modules) by extension 'colcon_pkg'
[2.611s] Level 1:colcon.colcon_core.package_identification:_identify(src/px4_autonomy_modules) by extensions ['colcon_meta']
[2.611s] Level 1:colcon.colcon_core.package_identification:_identify(src/px4_autonomy_modules) by extension 'colcon_meta'
[2.612s] Level 1:colcon.colcon_core.package_identification:_identify(src/px4_autonomy_modules) by extensions ['ros']
[2.612s] Level 1:colcon.colcon_core.package_identification:_identify(src/px4_autonomy_modules) by extension 'ros'
[2.618s] DEBUG:colcon.colcon_core.package_identification:Package 'src/px4_autonomy_modules' with type 'ros.ament_cmake' and name 'px4_autonomy_modules'
[2.619s] Level 1:colcon.colcon_core.package_identification:_identify(src/realsense2mavros) by extensions ['ignore', 'ignore_ament_install']
[2.619s] Level 1:colcon.colcon_core.package_identification:_identify(src/realsense2mavros) by extension 'ignore'
[2.619s] Level 1:colcon.colcon_core.package_identification:_identify(src/realsense2mavros) by extension 'ignore_ament_install'
[2.620s] Level 1:colcon.colcon_core.package_identification:_identify(src/realsense2mavros) by extensions ['colcon_pkg']
[2.620s] Level 1:colcon.colcon_core.package_identification:_identify(src/realsense2mavros) by extension 'colcon_pkg'
[2.620s] Level 1:colcon.colcon_core.package_identification:_identify(src/realsense2mavros) by extensions ['colcon_meta']
[2.620s] Level 1:colcon.colcon_core.package_identification:_identify(src/realsense2mavros) by extension 'colcon_meta'
[2.620s] Level 1:colcon.colcon_core.package_identification:_identify(src/realsense2mavros) by extensions ['ros']
[2.620s] Level 1:colcon.colcon_core.package_identification:_identify(src/realsense2mavros) by extension 'ros'
[2.625s] DEBUG:colcon.colcon_core.package_identification:Package 'src/realsense2mavros' with type 'ros.ament_python' and name 'realsense2mavros'
[2.625s] Level 1:colcon.colcon_core.package_identification:_identify(src/task2) by extensions ['ignore', 'ignore_ament_install']
[2.625s] Level 1:colcon.colcon_core.package_identification:_identify(src/task2) by extension 'ignore'
[2.626s] Level 1:colcon.colcon_core.package_identification:_identify(src/task2) by extension 'ignore_ament_install'
[2.626s] Level 1:colcon.colcon_core.package_identification:_identify(src/task2) by extensions ['colcon_pkg']
[2.626s] Level 1:colcon.colcon_core.package_identification:_identify(src/task2) by extension 'colcon_pkg'
[2.626s] Level 1:colcon.colcon_core.package_identification:_identify(src/task2) by extensions ['colcon_meta']
[2.627s] Level 1:colcon.colcon_core.package_identification:_identify(src/task2) by extension 'colcon_meta'
[2.627s] Level 1:colcon.colcon_core.package_identification:_identify(src/task2) by extensions ['ros']
[2.627s] Level 1:colcon.colcon_core.package_identification:_identify(src/task2) by extension 'ros'
[2.627s] Level 1:colcon.colcon_core.package_identification:_identify(src/task2) by extensions ['cmake', 'python']
[2.627s] Level 1:colcon.colcon_core.package_identification:_identify(src/task2) by extension 'cmake'
[2.628s] Level 1:colcon.colcon_core.package_identification:_identify(src/task2) by extension 'python'
[2.628s] Level 1:colcon.colcon_core.package_identification:_identify(src/task2) by extensions ['python_setup_py']
[2.628s] Level 1:colcon.colcon_core.package_identification:_identify(src/task2) by extension 'python_setup_py'
[2.628s] Level 1:colcon.colcon_core.package_identification:_identify(src/unit_tester) by extensions ['ignore', 'ignore_ament_install']
[2.629s] Level 1:colcon.colcon_core.package_identification:_identify(src/unit_tester) by extension 'ignore'
[2.629s] Level 1:colcon.colcon_core.package_identification:_identify(src/unit_tester) by extension 'ignore_ament_install'
[2.629s] Level 1:colcon.colcon_core.package_identification:_identify(src/unit_tester) by extensions ['colcon_pkg']
[2.630s] Level 1:colcon.colcon_core.package_identification:_identify(src/unit_tester) by extension 'colcon_pkg'
[2.630s] Level 1:colcon.colcon_core.package_identification:_identify(src/unit_tester) by extensions ['colcon_meta']
[2.630s] Level 1:colcon.colcon_core.package_identification:_identify(src/unit_tester) by extension 'colcon_meta'
[2.630s] Level 1:colcon.colcon_core.package_identification:_identify(src/unit_tester) by extensions ['ros']
[2.630s] Level 1:colcon.colcon_core.package_identification:_identify(src/unit_tester) by extension 'ros'
[2.634s] DEBUG:colcon.colcon_core.package_identification:Package 'src/unit_tester' with type 'ros.ament_python' and name 'unit_tester'
[2.635s] Level 1:colcon.colcon_core.package_identification:_identify(src/vicon_bridge) by extensions ['ignore', 'ignore_ament_install']
[2.635s] Level 1:colcon.colcon_core.package_identification:_identify(src/vicon_bridge) by extension 'ignore'
[2.635s] Level 1:colcon.colcon_core.package_identification:_identify(src/vicon_bridge) by extension 'ignore_ament_install'
[2.636s] Level 1:colcon.colcon_core.package_identification:_identify(src/vicon_bridge) by extensions ['colcon_pkg']
[2.636s] Level 1:colcon.colcon_core.package_identification:_identify(src/vicon_bridge) by extension 'colcon_pkg'
[2.636s] Level 1:colcon.colcon_core.package_identification:_identify(src/vicon_bridge) by extensions ['colcon_meta']
[2.637s] Level 1:colcon.colcon_core.package_identification:_identify(src/vicon_bridge) by extension 'colcon_meta'
[2.637s] Level 1:colcon.colcon_core.package_identification:_identify(src/vicon_bridge) by extensions ['ros']
[2.637s] Level 1:colcon.colcon_core.package_identification:_identify(src/vicon_bridge) by extension 'ros'
[2.641s] DEBUG:colcon.colcon_core.package_identification:Package 'src/vicon_bridge' with type 'ros.ament_python' and name 'vicon_bridge'
[2.642s] Level 1:colcon.colcon_core.package_identification:_identify(src/waypoint_nav) by extensions ['ignore', 'ignore_ament_install']
[2.643s] Level 1:colcon.colcon_core.package_identification:_identify(src/waypoint_nav) by extension 'ignore'
[2.643s] Level 1:colcon.colcon_core.package_identification:_identify(src/waypoint_nav) by extension 'ignore_ament_install'
[2.643s] Level 1:colcon.colcon_core.package_identification:_identify(src/waypoint_nav) by extensions ['colcon_pkg']
[2.644s] Level 1:colcon.colcon_core.package_identification:_identify(src/waypoint_nav) by extension 'colcon_pkg'
[2.644s] Level 1:colcon.colcon_core.package_identification:_identify(src/waypoint_nav) by extensions ['colcon_meta']
[2.644s] Level 1:colcon.colcon_core.package_identification:_identify(src/waypoint_nav) by extension 'colcon_meta'
[2.644s] Level 1:colcon.colcon_core.package_identification:_identify(src/waypoint_nav) by extensions ['ros']
[2.644s] Level 1:colcon.colcon_core.package_identification:_identify(src/waypoint_nav) by extension 'ros'
[2.649s] DEBUG:colcon.colcon_core.package_identification:Package 'src/waypoint_nav' with type 'ros.ament_python' and name 'waypoint_nav'
[2.650s] Level 1:colcon.colcon_core.package_discovery:discover_packages(recursive) using defaults
[2.650s] Level 1:colcon.colcon_core.package_discovery:discover_packages(ignore) discover
[2.650s] Level 1:colcon.colcon_core.package_discovery:discover_packages(ignore) using defaults
[2.650s] Level 1:colcon.colcon_core.package_discovery:discover_packages(path) discover
[2.650s] Level 1:colcon.colcon_core.package_discovery:discover_packages(path) using defaults
[2.782s] INFO:colcon.colcon_core.package_selection:Skipping not selected package 'comm_node' in 'src/comm_node'
[2.783s] INFO:colcon.colcon_core.package_selection:Skipping not selected package 'dummy_vicon_republisher' in 'src/dummy_vicon_republisher'
[2.783s] INFO:colcon.colcon_core.package_selection:Skipping not selected package 'exer2_control' in 'src/exer2_control'
[2.783s] INFO:colcon.colcon_core.package_selection:Skipping not selected package 'exer3_control' in 'src/exer3_control'
[2.783s] INFO:colcon.colcon_core.package_selection:Skipping not selected package 'px4_autonomy_modules' in 'src/px4_autonomy_modules'
[2.783s] INFO:colcon.colcon_core.package_selection:Skipping not selected package 'realsense2mavros' in 'src/realsense2mavros'
[2.783s] INFO:colcon.colcon_core.package_selection:Skipping not selected package 'unit_tester' in 'src/unit_tester'
[2.783s] INFO:colcon.colcon_core.package_selection:Skipping not selected package 'vicon_bridge' in 'src/vicon_bridge'
[2.784s] INFO:colcon.colcon_core.package_selection:Skipping not selected package 'waypoint_nav' in 'src/waypoint_nav'
[2.786s] Level 1:colcon.colcon_core.package_discovery:discover_packages(prefix_path) check parameters
[2.787s] Level 1:colcon.colcon_core.package_discovery:discover_packages(prefix_path) discover
[2.802s] DEBUG:colcon.colcon_installed_package_information.package_discovery:Found 9 installed packages in /home/jetson/ros2_ws/install
[2.816s] DEBUG:colcon.colcon_installed_package_information.package_discovery:Found 267 installed packages in /opt/ros/foxy
[2.830s] Level 1:colcon.colcon_core.package_discovery:discover_packages(prefix_path) using defaults
[3.403s] Level 5:colcon.colcon_core.verb:set package 'dummy_waypoint_publisher' build argument 'cmake_args' from command line to 'None'
[3.403s] Level 5:colcon.colcon_core.verb:set package 'dummy_waypoint_publisher' build argument 'cmake_target' from command line to 'None'
[3.403s] Level 5:colcon.colcon_core.verb:set package 'dummy_waypoint_publisher' build argument 'cmake_target_skip_unavailable' from command line to 'False'
[3.404s] Level 5:colcon.colcon_core.verb:set package 'dummy_waypoint_publisher' build argument 'cmake_clean_cache' from command line to 'False'
[3.404s] Level 5:colcon.colcon_core.verb:set package 'dummy_waypoint_publisher' build argument 'cmake_clean_first' from command line to 'False'
[3.404s] Level 5:colcon.colcon_core.verb:set package 'dummy_waypoint_publisher' build argument 'cmake_force_configure' from command line to 'False'
[3.404s] Level 5:colcon.colcon_core.verb:set package 'dummy_waypoint_publisher' build argument 'ament_cmake_args' from command line to 'None'
[3.404s] Level 5:colcon.colcon_core.verb:set package 'dummy_waypoint_publisher' build argument 'catkin_cmake_args' from command line to 'None'
[3.404s] Level 5:colcon.colcon_core.verb:set package 'dummy_waypoint_publisher' build argument 'catkin_skip_building_tests' from command line to 'False'
[3.405s] DEBUG:colcon.colcon_core.verb:Building package 'dummy_waypoint_publisher' with the following arguments: {'ament_cmake_args': None, 'build_base': '/home/jetson/ros2_ws/build/dummy_waypoint_publisher', 'catkin_cmake_args': None, 'catkin_skip_building_tests': False, 'cmake_args': None, 'cmake_clean_cache': False, 'cmake_clean_first': False, 'cmake_force_configure': False, 'cmake_target': None, 'cmake_target_skip_unavailable': False, 'install_base': '/home/jetson/ros2_ws/install/dummy_waypoint_publisher', 'merge_install': False, 'path': '/home/jetson/ros2_ws/src/dummy_waypoint_publisher', 'symlink_install': False, 'test_result_base': None}
[3.405s] INFO:colcon.colcon_core.executor:Executing jobs using 'parallel' executor
[3.409s] DEBUG:colcon.colcon_parallel_executor.executor.parallel:run_until_complete
[3.410s] INFO:colcon.colcon_ros.task.ament_python.build:Building ROS package in '/home/jetson/ros2_ws/src/dummy_waypoint_publisher' with build type 'ament_python'
[3.411s] Level 1:colcon.colcon_core.shell:create_environment_hook('dummy_waypoint_publisher', 'ament_prefix_path')
[3.429s] INFO:colcon.colcon_core.plugin_system:Skipping extension 'colcon_core.shell.bat': Not used on non-Windows systems
[3.431s] INFO:colcon.colcon_core.shell:Creating environment hook '/home/jetson/ros2_ws/install/dummy_waypoint_publisher/share/dummy_waypoint_publisher/hook/ament_prefix_path.ps1'
[3.435s] INFO:colcon.colcon_core.shell:Creating environment descriptor '/home/jetson/ros2_ws/install/dummy_waypoint_publisher/share/dummy_waypoint_publisher/hook/ament_prefix_path.dsv'
[3.438s] INFO:colcon.colcon_core.shell:Creating environment hook '/home/jetson/ros2_ws/install/dummy_waypoint_publisher/share/dummy_waypoint_publisher/hook/ament_prefix_path.sh'
[3.442s] INFO:colcon.colcon_core.shell:Skip shell extension 'powershell' for command environment: Not usable outside of PowerShell
[3.442s] DEBUG:colcon.colcon_core.shell:Skip shell extension 'dsv' for command environment
[4.783s] INFO:colcon.colcon_core.task.python.build:Building Python package in '/home/jetson/ros2_ws/src/dummy_waypoint_publisher'
[4.784s] INFO:colcon.colcon_core.shell:Skip shell extension 'powershell' for command environment: Not usable outside of PowerShell
[4.785s] DEBUG:colcon.colcon_core.shell:Skip shell extension 'dsv' for command environment
[7.085s] DEBUG:colcon.colcon_core.event_handler.log_command:Invoking command in '/home/jetson/ros2_ws/src/dummy_waypoint_publisher': PYTHONPATH=/home/jetson/ros2_ws/build/dummy_waypoint_publisher/prefix_override:/usr/lib/python3/dist-packages/colcon_core/task/python/colcon_distutils_commands:/home/jetson/ros2_ws/install/dummy_waypoint_publisher/lib/python3.8/site-packages:${PYTHONPATH} /usr/bin/python3 -W ignore:setup.py install is deprecated -W ignore:easy_install command is deprecated setup.py egg_info --egg-base ../../build/dummy_waypoint_publisher build --build-base /home/jetson/ros2_ws/build/dummy_waypoint_publisher/build install --record /home/jetson/ros2_ws/build/dummy_waypoint_publisher/install.log --install-scripts $base/lib/dummy_waypoint_publisher --single-version-externally-managed install_data
[8.667s] DEBUG:colcon.colcon_core.event_handler.log_command:Invoked command in '/home/jetson/ros2_ws/src/dummy_waypoint_publisher' returned '0': PYTHONPATH=/home/jetson/ros2_ws/build/dummy_waypoint_publisher/prefix_override:/usr/lib/python3/dist-packages/colcon_core/task/python/colcon_distutils_commands:/home/jetson/ros2_ws/install/dummy_waypoint_publisher/lib/python3.8/site-packages:${PYTHONPATH} /usr/bin/python3 -W ignore:setup.py install is deprecated -W ignore:easy_install command is deprecated setup.py egg_info --egg-base ../../build/dummy_waypoint_publisher build --build-base /home/jetson/ros2_ws/build/dummy_waypoint_publisher/build install --record /home/jetson/ros2_ws/build/dummy_waypoint_publisher/install.log --install-scripts $base/lib/dummy_waypoint_publisher --single-version-externally-managed install_data
[8.689s] Level 1:colcon.colcon_core.environment:checking '/home/jetson/ros2_ws/install/dummy_waypoint_publisher' for CMake module files
[8.692s] Level 1:colcon.colcon_core.environment:checking '/home/jetson/ros2_ws/install/dummy_waypoint_publisher' for CMake config files
[8.695s] Level 1:colcon.colcon_core.environment:checking '/home/jetson/ros2_ws/install/dummy_waypoint_publisher/lib'
[8.696s] Level 1:colcon.colcon_core.environment:checking '/home/jetson/ros2_ws/install/dummy_waypoint_publisher/bin'
[8.697s] Level 1:colcon.colcon_core.environment:checking '/home/jetson/ros2_ws/install/dummy_waypoint_publisher/lib/pkgconfig/dummy_waypoint_publisher.pc'
[8.698s] Level 1:colcon.colcon_core.environment:checking '/home/jetson/ros2_ws/install/dummy_waypoint_publisher/lib/python3.8/site-packages'
[8.698s] Level 1:colcon.colcon_core.shell:create_environment_hook('dummy_waypoint_publisher', 'pythonpath')
[8.699s] INFO:colcon.colcon_core.shell:Creating environment hook '/home/jetson/ros2_ws/install/dummy_waypoint_publisher/share/dummy_waypoint_publisher/hook/pythonpath.ps1'
[8.701s] INFO:colcon.colcon_core.shell:Creating environment descriptor '/home/jetson/ros2_ws/install/dummy_waypoint_publisher/share/dummy_waypoint_publisher/hook/pythonpath.dsv'
[8.703s] INFO:colcon.colcon_core.shell:Creating environment hook '/home/jetson/ros2_ws/install/dummy_waypoint_publisher/share/dummy_waypoint_publisher/hook/pythonpath.sh'
[8.705s] Level 1:colcon.colcon_core.environment:checking '/home/jetson/ros2_ws/install/dummy_waypoint_publisher/bin'
[8.708s] Level 1:colcon.colcon_core.environment:create_environment_scripts_only(dummy_waypoint_publisher)
[8.710s] INFO:colcon.colcon_core.shell:Creating package script '/home/jetson/ros2_ws/install/dummy_waypoint_publisher/share/dummy_waypoint_publisher/package.ps1'
[8.715s] INFO:colcon.colcon_core.shell:Creating package descriptor '/home/jetson/ros2_ws/install/dummy_waypoint_publisher/share/dummy_waypoint_publisher/package.dsv'
[8.718s] INFO:colcon.colcon_core.shell:Creating package script '/home/jetson/ros2_ws/install/dummy_waypoint_publisher/share/dummy_waypoint_publisher/package.sh'
[8.723s] INFO:colcon.colcon_core.shell:Creating package script '/home/jetson/ros2_ws/install/dummy_waypoint_publisher/share/dummy_waypoint_publisher/package.bash'
[8.728s] INFO:colcon.colcon_core.shell:Creating package script '/home/jetson/ros2_ws/install/dummy_waypoint_publisher/share/dummy_waypoint_publisher/package.zsh'
[8.733s] Level 1:colcon.colcon_core.environment:create_file_with_runtime_dependencies(/home/jetson/ros2_ws/install/dummy_waypoint_publisher/share/colcon-core/packages/dummy_waypoint_publisher)
[8.734s] DEBUG:colcon.colcon_parallel_executor.executor.parallel:closing loop
[8.735s] DEBUG:colcon.colcon_parallel_executor.executor.parallel:loop closed
[8.736s] DEBUG:colcon.colcon_parallel_executor.executor.parallel:run_until_complete finished with '0'
[8.736s] DEBUG:colcon.colcon_core.event_reactor:joining thread
[8.779s] INFO:colcon.colcon_core.plugin_system:Skipping extension 'colcon_notification.desktop_notification.terminal_notifier': Not used on non-Darwin systems
[8.780s] INFO:colcon.colcon_core.plugin_system:Skipping extension 'colcon_notification.desktop_notification.win32': Not used on non-Windows systems
[8.780s] INFO:colcon.colcon_notification.desktop_notification:Sending desktop notification using 'notify2'
[8.887s] DEBUG:colcon.colcon_core.event_reactor:joined thread
[8.889s] INFO:colcon.colcon_core.shell:Creating prefix script '/home/jetson/ros2_ws/install/local_setup.ps1'
[8.894s] INFO:colcon.colcon_core.shell:Creating prefix util module '/home/jetson/ros2_ws/install/_local_setup_util_ps1.py'
[8.906s] INFO:colcon.colcon_core.shell:Creating prefix chain script '/home/jetson/ros2_ws/install/setup.ps1'
[8.916s] INFO:colcon.colcon_core.shell:Creating prefix script '/home/jetson/ros2_ws/install/local_setup.sh'
[8.927s] INFO:colcon.colcon_core.shell:Creating prefix util module '/home/jetson/ros2_ws/install/_local_setup_util_sh.py'
[8.929s] INFO:colcon.colcon_core.shell:Creating prefix chain script '/home/jetson/ros2_ws/install/setup.sh'
[8.941s] INFO:colcon.colcon_core.shell:Creating prefix script '/home/jetson/ros2_ws/install/local_setup.bash'
[8.951s] INFO:colcon.colcon_core.shell:Creating prefix chain script '/home/jetson/ros2_ws/install/setup.bash'
[8.960s] INFO:colcon.colcon_core.shell:Creating prefix script '/home/jetson/ros2_ws/install/local_setup.zsh'
[8.979s] INFO:colcon.colcon_core.shell:Creating prefix chain script '/home/jetson/ros2_ws/install/setup.zsh'
