[7.099s] Invoking command in '/home/jetson/ros2_ws/src/image_saver': PYTHONPATH=/home/jetson/ros2_ws/src/build/image_saver/prefix_override:/usr/lib/python3/dist-packages/colcon_core/task/python/colcon_distutils_commands:/home/jetson/ros2_ws/src/install/image_saver/lib/python3.8/site-packages:${PYTHONPATH} /usr/bin/python3 -W ignore:setup.py install is deprecated -W ignore:easy_install command is deprecated setup.py egg_info --egg-base ../build/image_saver build --build-base /home/jetson/ros2_ws/src/build/image_saver/build install --record /home/jetson/ros2_ws/src/build/image_saver/install.log --install-scripts $base/lib/image_saver --single-version-externally-managed install_data
[8.877s] /usr/local/lib/python3.8/dist-packages/setuptools/dist.py:717: UserWarning: Usage of dash-separated 'script-dir' will not be supported in future versions. Please use the underscore name 'script_dir' instead
[8.878s]   warnings.warn(
[9.094s] running egg_info
[9.098s] writing ../build/image_saver/image_saver.egg-info/PKG-INFO
[9.106s] writing dependency_links to ../build/image_saver/image_saver.egg-info/dependency_links.txt
[9.106s] writing entry points to ../build/image_saver/image_saver.egg-info/entry_points.txt
[9.107s] writing requirements to ../build/image_saver/image_saver.egg-info/requires.txt
[9.107s] writing top-level names to ../build/image_saver/image_saver.egg-info/top_level.txt
[9.116s] reading manifest file '../build/image_saver/image_saver.egg-info/SOURCES.txt'
[9.120s] writing manifest file '../build/image_saver/image_saver.egg-info/SOURCES.txt'
[9.121s] running build
[9.122s] running build_py
[9.122s] running install
[9.125s] running install_lib
[9.134s] running install_data
[9.135s] running install_egg_info
[9.141s] removing '/home/jetson/ros2_ws/src/install/image_saver/lib/python3.8/site-packages/image_saver-0.0.0-py3.8.egg-info' (and everything under it)
[9.142s] Copying ../build/image_saver/image_saver.egg-info to /home/jetson/ros2_ws/src/install/image_saver/lib/python3.8/site-packages/image_saver-0.0.0-py3.8.egg-info
[9.147s] running install_scripts
[9.233s] Installing camera_saver script to /home/jetson/ros2_ws/src/install/image_saver/lib/image_saver
[9.236s] writing list of installed files to '/home/jetson/ros2_ws/src/build/image_saver/install.log'
[10.330s] Invoked command in '/home/jetson/ros2_ws/src/image_saver' returned '0': PYTHONPATH=/home/jetson/ros2_ws/src/build/image_saver/prefix_override:/usr/lib/python3/dist-packages/colcon_core/task/python/colcon_distutils_commands:/home/jetson/ros2_ws/src/install/image_saver/lib/python3.8/site-packages:${PYTHONPATH} /usr/bin/python3 -W ignore:setup.py install is deprecated -W ignore:easy_install command is deprecated setup.py egg_info --egg-base ../build/image_saver build --build-base /home/jetson/ros2_ws/src/build/image_saver/build install --record /home/jetson/ros2_ws/src/build/image_saver/install.log --install-scripts $base/lib/image_saver --single-version-externally-managed install_data
