[4.167s] Invoking command in '/home/jetson/ros2_ws/build/realsense2mavros': PYTHONPATH=/home/jetson/ros2_ws/build/realsense2mavros/prefix_override:/usr/lib/python3/dist-packages/colcon_core/task/python/colcon_distutils_commands:/home/jetson/ros2_ws/install/realsense2mavros/lib/python3.8/site-packages:${PYTHONPATH} /usr/bin/python3 -W ignore:setup.py install is deprecated -W ignore:easy_install command is deprecated setup.py develop --editable --build-directory /home/jetson/ros2_ws/build/realsense2mavros/build --no-deps symlink_data
[5.655s] /usr/local/lib/python3.8/dist-packages/setuptools/dist.py:717: UserWarning: Usage of dash-separated 'script-dir' will not be supported in future versions. Please use the underscore name 'script_dir' instead
[5.656s]   warnings.warn(
[5.935s] running develop
[6.922s] running egg_info
[6.923s] creating realsense2mavros.egg-info
[6.923s] writing realsense2mavros.egg-info/PKG-INFO
[6.925s] writing dependency_links to realsense2mavros.egg-info/dependency_links.txt
[6.926s] writing entry points to realsense2mavros.egg-info/entry_points.txt
[6.926s] writing requirements to realsense2mavros.egg-info/requires.txt
[6.927s] writing top-level names to realsense2mavros.egg-info/top_level.txt
[6.932s] writing manifest file 'realsense2mavros.egg-info/SOURCES.txt'
[6.939s] reading manifest file 'realsense2mavros.egg-info/SOURCES.txt'
[6.942s] writing manifest file 'realsense2mavros.egg-info/SOURCES.txt'
[7.137s] running build_ext
[7.138s] Creating /home/jetson/ros2_ws/install/realsense2mavros/lib/python3.8/site-packages/realsense2mavros.egg-link (link to .)
[7.142s] Installing realsense2mavros script to /home/jetson/ros2_ws/install/realsense2mavros/lib/realsense2mavros
[7.143s] 
[7.143s] Installed /home/jetson/ros2_ws/build/realsense2mavros
[7.144s] running symlink_data
[7.145s] creating /home/jetson/ros2_ws/install/realsense2mavros/share/ament_index
[7.145s] creating /home/jetson/ros2_ws/install/realsense2mavros/share/ament_index/resource_index
[7.146s] creating /home/jetson/ros2_ws/install/realsense2mavros/share/ament_index/resource_index/packages
[7.146s] symbolically linking /home/jetson/ros2_ws/build/realsense2mavros/resource/realsense2mavros -> /home/jetson/ros2_ws/install/realsense2mavros/share/ament_index/resource_index/packages
[7.147s] symbolically linking /home/jetson/ros2_ws/build/realsense2mavros/package.xml -> /home/jetson/ros2_ws/install/realsense2mavros/share/realsense2mavros
[7.397s] Invoked command in '/home/jetson/ros2_ws/build/realsense2mavros' returned '0': PYTHONPATH=/home/jetson/ros2_ws/build/realsense2mavros/prefix_override:/usr/lib/python3/dist-packages/colcon_core/task/python/colcon_distutils_commands:/home/jetson/ros2_ws/install/realsense2mavros/lib/python3.8/site-packages:${PYTHONPATH} /usr/bin/python3 -W ignore:setup.py install is deprecated -W ignore:easy_install command is deprecated setup.py develop --editable --build-directory /home/jetson/ros2_ws/build/realsense2mavros/build --no-deps symlink_data
