[11.496s] Invoking command in '/home/jetson/ros2_ws/src/exer3_control': PYTHONPATH=/home/jetson/ros2_ws/src/build/exer3_control/prefix_override:/usr/lib/python3/dist-packages/colcon_core/task/python/colcon_distutils_commands:/home/jetson/ros2_ws/src/install/exer3_control/lib/python3.8/site-packages:${PYTHONPATH} /usr/bin/python3 -W ignore:setup.py install is deprecated -W ignore:easy_install command is deprecated setup.py egg_info --egg-base ../build/exer3_control build --build-base /home/jetson/ros2_ws/src/build/exer3_control/build install --record /home/jetson/ros2_ws/src/build/exer3_control/install.log --install-scripts $base/lib/exer3_control --single-version-externally-managed install_data
[14.190s] /usr/local/lib/python3.8/dist-packages/setuptools/dist.py:717: UserWarning: Usage of dash-separated 'script-dir' will not be supported in future versions. Please use the underscore name 'script_dir' instead
[14.190s]   warnings.warn(
[14.511s] running egg_info
[14.527s] writing ../build/exer3_control/exer3_control.egg-info/PKG-INFO
[14.534s] writing dependency_links to ../build/exer3_control/exer3_control.egg-info/dependency_links.txt
[14.550s] writing entry points to ../build/exer3_control/exer3_control.egg-info/entry_points.txt
[14.557s] writing requirements to ../build/exer3_control/exer3_control.egg-info/requires.txt
[14.566s] writing top-level names to ../build/exer3_control/exer3_control.egg-info/top_level.txt
[14.589s] reading manifest file '../build/exer3_control/exer3_control.egg-info/SOURCES.txt'
[14.599s] writing manifest file '../build/exer3_control/exer3_control.egg-info/SOURCES.txt'
[14.605s] running build
[14.605s] running build_py
[14.615s] running install
[14.625s] running install_lib
[14.638s] running install_data
[14.643s] running install_egg_info
[14.706s] removing '/home/jetson/ros2_ws/src/install/exer3_control/lib/python3.8/site-packages/exer3_control-0.0.0-py3.8.egg-info' (and everything under it)
[14.723s] Copying ../build/exer3_control/exer3_control.egg-info to /home/jetson/ros2_ws/src/install/exer3_control/lib/python3.8/site-packages/exer3_control-0.0.0-py3.8.egg-info
[14.744s] running install_scripts
[14.903s] Installing flight_controller script to /home/jetson/ros2_ws/src/install/exer3_control/lib/exer3_control
[14.910s] Installing grabber script to /home/jetson/ros2_ws/src/install/exer3_control/lib/exer3_control
[14.917s] Installing plotter script to /home/jetson/ros2_ws/src/install/exer3_control/lib/exer3_control
[14.930s] writing list of installed files to '/home/jetson/ros2_ws/src/build/exer3_control/install.log'
[16.085s] Invoked command in '/home/jetson/ros2_ws/src/exer3_control' returned '0': PYTHONPATH=/home/jetson/ros2_ws/src/build/exer3_control/prefix_override:/usr/lib/python3/dist-packages/colcon_core/task/python/colcon_distutils_commands:/home/jetson/ros2_ws/src/install/exer3_control/lib/python3.8/site-packages:${PYTHONPATH} /usr/bin/python3 -W ignore:setup.py install is deprecated -W ignore:easy_install command is deprecated setup.py egg_info --egg-base ../build/exer3_control build --build-base /home/jetson/ros2_ws/src/build/exer3_control/build install --record /home/jetson/ros2_ws/src/build/exer3_control/install.log --install-scripts $base/lib/exer3_control --single-version-externally-managed install_data
