[8.030s] Invoking command in '/home/jetson/ros2_ws/src/vicon_bridge': PYTHONPATH=/home/jetson/ros2_ws/build/vicon_bridge/prefix_override:/usr/lib/python3/dist-packages/colcon_core/task/python/colcon_distutils_commands:/home/jetson/ros2_ws/install/vicon_bridge/lib/python3.8/site-packages:${PYTHONPATH} /usr/bin/python3 -W ignore:setup.py install is deprecated -W ignore:easy_install command is deprecated setup.py egg_info --egg-base ../../build/vicon_bridge build --build-base /home/jetson/ros2_ws/build/vicon_bridge/build install --record /home/jetson/ros2_ws/build/vicon_bridge/install.log --install-scripts $base/lib/vicon_bridge --single-version-externally-managed install_data
[9.613s] /usr/local/lib/python3.8/dist-packages/setuptools/dist.py:717: UserWarning: Usage of dash-separated 'script-dir' will not be supported in future versions. Please use the underscore name 'script_dir' instead
[9.628s]   warnings.warn(
[9.780s] running egg_info
[9.784s] writing ../../build/vicon_bridge/vicon_bridge.egg-info/PKG-INFO
[9.785s] writing dependency_links to ../../build/vicon_bridge/vicon_bridge.egg-info/dependency_links.txt
[9.785s] writing entry points to ../../build/vicon_bridge/vicon_bridge.egg-info/entry_points.txt
[9.785s] writing requirements to ../../build/vicon_bridge/vicon_bridge.egg-info/requires.txt
[9.786s] writing top-level names to ../../build/vicon_bridge/vicon_bridge.egg-info/top_level.txt
[9.798s] reading manifest file '../../build/vicon_bridge/vicon_bridge.egg-info/SOURCES.txt'
[9.804s] writing manifest file '../../build/vicon_bridge/vicon_bridge.egg-info/SOURCES.txt'
[9.806s] running build
[9.806s] running build_py
[9.808s] running install
[9.812s] running install_lib
[9.819s] running install_data
[9.820s] running install_egg_info
[9.828s] removing '/home/jetson/ros2_ws/install/vicon_bridge/lib/python3.8/site-packages/vicon_bridge-0.0.0-py3.8.egg-info' (and everything under it)
[9.831s] Copying ../../build/vicon_bridge/vicon_bridge.egg-info to /home/jetson/ros2_ws/install/vicon_bridge/lib/python3.8/site-packages/vicon_bridge-0.0.0-py3.8.egg-info
[9.837s] running install_scripts
[9.938s] Installing vicon_bridge script to /home/jetson/ros2_ws/install/vicon_bridge/lib/vicon_bridge
[9.943s] writing list of installed files to '/home/jetson/ros2_ws/build/vicon_bridge/install.log'
[10.129s] Invoked command in '/home/jetson/ros2_ws/src/vicon_bridge' returned '0': PYTHONPATH=/home/jetson/ros2_ws/build/vicon_bridge/prefix_override:/usr/lib/python3/dist-packages/colcon_core/task/python/colcon_distutils_commands:/home/jetson/ros2_ws/install/vicon_bridge/lib/python3.8/site-packages:${PYTHONPATH} /usr/bin/python3 -W ignore:setup.py install is deprecated -W ignore:easy_install command is deprecated setup.py egg_info --egg-base ../../build/vicon_bridge build --build-base /home/jetson/ros2_ws/build/vicon_bridge/build install --record /home/jetson/ros2_ws/build/vicon_bridge/install.log --install-scripts $base/lib/vicon_bridge --single-version-externally-managed install_data
