[1.478s] DEBUG:colcon:Command line arguments: ['/usr/bin/colcon', 'build']
[1.479s] DEBUG:colcon:Parsed command line arguments: Namespace(allow_overriding=[], ament_cmake_args=None, base_paths=['.'], build_base='build', catkin_cmake_args=None, catkin_skip_building_tests=False, cmake_args=None, cmake_clean_cache=False, cmake_clean_first=False, cmake_force_configure=False, cmake_target=None, cmake_target_skip_unavailable=False, continue_on_error=False, event_handlers=None, executor='parallel', ignore_user_meta=False, install_base='install', log_base=None, log_level=None, main=<bound method BuildVerb.main of <colcon_core.verb.build.BuildVerb object at 0x7faa1e5f40>>, merge_install=False, metas=['./colcon.meta'], packages_above=None, packages_above_and_dependencies=None, packages_above_depth=None, packages_end=None, packages_ignore=None, packages_ignore_regex=None, packages_select=None, packages_select_build_failed=False, packages_select_by_dep=None, packages_select_regex=None, packages_select_test_failures=False, packages_skip=None, packages_skip_build_finished=False, packages_skip_by_dep=None, packages_skip_regex=None, packages_skip_test_passed=False, packages_skip_up_to=None, packages_start=None, packages_up_to=None, packages_up_to_regex=None, parallel_workers=4, paths=None, symlink_install=False, test_result_base=None, verb_extension=<colcon_core.verb.build.BuildVerb object at 0x7faa1e5f40>, verb_name='build', verb_parser=<colcon_defaults.argument_parser.defaults.DefaultArgumentsDecorator object at 0x7faa163310>)
[2.650s] Level 1:colcon.colcon_core.package_discovery:discover_packages(colcon_meta) check parameters
[2.651s] Level 1:colcon.colcon_core.package_discovery:discover_packages(recursive) check parameters
[2.651s] Level 1:colcon.colcon_core.package_discovery:discover_packages(ignore) check parameters
[2.652s] Level 1:colcon.colcon_core.package_discovery:discover_packages(path) check parameters
[2.652s] Level 1:colcon.colcon_core.package_discovery:discover_packages(colcon_meta) discover
[2.653s] Level 1:colcon.colcon_core.package_discovery:discover_packages(recursive) discover
[2.653s] INFO:colcon.colcon_core.package_discovery:Crawling recursively for packages in '/home/jetson/ros2_ws/src'
[2.654s] Level 1:colcon.colcon_core.package_identification:_identify(.) by extensions ['ignore', 'ignore_ament_install']
[2.654s] Level 1:colcon.colcon_core.package_identification:_identify(.) by extension 'ignore'
[2.655s] Level 1:colcon.colcon_core.package_identification:_identify(.) by extension 'ignore_ament_install'
[2.656s] Level 1:colcon.colcon_core.package_identification:_identify(.) by extensions ['colcon_pkg']
[2.656s] Level 1:colcon.colcon_core.package_identification:_identify(.) by extension 'colcon_pkg'
[2.656s] Level 1:colcon.colcon_core.package_identification:_identify(.) by extensions ['colcon_meta']
[2.656s] Level 1:colcon.colcon_core.package_identification:_identify(.) by extension 'colcon_meta'
[2.657s] Level 1:colcon.colcon_core.package_identification:_identify(.) by extensions ['ros']
[2.657s] Level 1:colcon.colcon_core.package_identification:_identify(.) by extension 'ros'
[2.770s] Level 1:colcon.colcon_core.package_identification:_identify(.) by extensions ['cmake', 'python']
[2.770s] Level 1:colcon.colcon_core.package_identification:_identify(.) by extension 'cmake'
[2.771s] Level 1:colcon.colcon_core.package_identification:_identify(.) by extension 'python'
[2.771s] Level 1:colcon.colcon_core.package_identification:_identify(.) by extensions ['python_setup_py']
[2.771s] Level 1:colcon.colcon_core.package_identification:_identify(.) by extension 'python_setup_py'
[2.772s] Level 1:colcon.colcon_core.package_identification:_identify(build) by extensions ['ignore', 'ignore_ament_install']
[2.772s] Level 1:colcon.colcon_core.package_identification:_identify(build) by extension 'ignore'
[2.773s] Level 1:colcon.colcon_core.package_identification:_identify(build) ignored
[2.773s] Level 1:colcon.colcon_core.package_identification:_identify(comm_node) by extensions ['ignore', 'ignore_ament_install']
[2.774s] Level 1:colcon.colcon_core.package_identification:_identify(comm_node) by extension 'ignore'
[2.774s] Level 1:colcon.colcon_core.package_identification:_identify(comm_node) by extension 'ignore_ament_install'
[2.774s] Level 1:colcon.colcon_core.package_identification:_identify(comm_node) by extensions ['colcon_pkg']
[2.775s] Level 1:colcon.colcon_core.package_identification:_identify(comm_node) by extension 'colcon_pkg'
[2.775s] Level 1:colcon.colcon_core.package_identification:_identify(comm_node) by extensions ['colcon_meta']
[2.775s] Level 1:colcon.colcon_core.package_identification:_identify(comm_node) by extension 'colcon_meta'
[2.775s] Level 1:colcon.colcon_core.package_identification:_identify(comm_node) by extensions ['ros']
[2.776s] Level 1:colcon.colcon_core.package_identification:_identify(comm_node) by extension 'ros'
[2.791s] DEBUG:colcon.colcon_core.package_identification:Package 'comm_node' with type 'ros.ament_python' and name 'comm_node'
[2.792s] Level 1:colcon.colcon_core.package_identification:_identify(dummy_vicon_republisher) by extensions ['ignore', 'ignore_ament_install']
[2.792s] Level 1:colcon.colcon_core.package_identification:_identify(dummy_vicon_republisher) by extension 'ignore'
[2.792s] Level 1:colcon.colcon_core.package_identification:_identify(dummy_vicon_republisher) by extension 'ignore_ament_install'
[2.793s] Level 1:colcon.colcon_core.package_identification:_identify(dummy_vicon_republisher) by extensions ['colcon_pkg']
[2.793s] Level 1:colcon.colcon_core.package_identification:_identify(dummy_vicon_republisher) by extension 'colcon_pkg'
[2.793s] Level 1:colcon.colcon_core.package_identification:_identify(dummy_vicon_republisher) by extensions ['colcon_meta']
[2.793s] Level 1:colcon.colcon_core.package_identification:_identify(dummy_vicon_republisher) by extension 'colcon_meta'
[2.793s] Level 1:colcon.colcon_core.package_identification:_identify(dummy_vicon_republisher) by extensions ['ros']
[2.794s] Level 1:colcon.colcon_core.package_identification:_identify(dummy_vicon_republisher) by extension 'ros'
[2.798s] DEBUG:colcon.colcon_core.package_identification:Package 'dummy_vicon_republisher' with type 'ros.ament_python' and name 'dummy_vicon_republisher'
[2.799s] Level 1:colcon.colcon_core.package_identification:_identify(exer2_control) by extensions ['ignore', 'ignore_ament_install']
[2.799s] Level 1:colcon.colcon_core.package_identification:_identify(exer2_control) by extension 'ignore'
[2.799s] Level 1:colcon.colcon_core.package_identification:_identify(exer2_control) by extension 'ignore_ament_install'
[2.800s] Level 1:colcon.colcon_core.package_identification:_identify(exer2_control) by extensions ['colcon_pkg']
[2.800s] Level 1:colcon.colcon_core.package_identification:_identify(exer2_control) by extension 'colcon_pkg'
[2.800s] Level 1:colcon.colcon_core.package_identification:_identify(exer2_control) by extensions ['colcon_meta']
[2.800s] Level 1:colcon.colcon_core.package_identification:_identify(exer2_control) by extension 'colcon_meta'
[2.801s] Level 1:colcon.colcon_core.package_identification:_identify(exer2_control) by extensions ['ros']
[2.801s] Level 1:colcon.colcon_core.package_identification:_identify(exer2_control) by extension 'ros'
[2.804s] DEBUG:colcon.colcon_core.package_identification:Package 'exer2_control' with type 'ros.ament_python' and name 'exer2_control'
[2.805s] Level 1:colcon.colcon_core.package_identification:_identify(install) by extensions ['ignore', 'ignore_ament_install']
[2.805s] Level 1:colcon.colcon_core.package_identification:_identify(install) by extension 'ignore'
[2.805s] Level 1:colcon.colcon_core.package_identification:_identify(install) ignored
[2.806s] Level 1:colcon.colcon_core.package_identification:_identify(launcher) by extensions ['ignore', 'ignore_ament_install']
[2.806s] Level 1:colcon.colcon_core.package_identification:_identify(launcher) by extension 'ignore'
[2.806s] Level 1:colcon.colcon_core.package_identification:_identify(launcher) by extension 'ignore_ament_install'
[2.807s] Level 1:colcon.colcon_core.package_identification:_identify(launcher) by extensions ['colcon_pkg']
[2.807s] Level 1:colcon.colcon_core.package_identification:_identify(launcher) by extension 'colcon_pkg'
[2.807s] Level 1:colcon.colcon_core.package_identification:_identify(launcher) by extensions ['colcon_meta']
[2.807s] Level 1:colcon.colcon_core.package_identification:_identify(launcher) by extension 'colcon_meta'
[2.808s] Level 1:colcon.colcon_core.package_identification:_identify(launcher) by extensions ['ros']
[2.808s] Level 1:colcon.colcon_core.package_identification:_identify(launcher) by extension 'ros'
[2.808s] Level 1:colcon.colcon_core.package_identification:_identify(launcher) by extensions ['cmake', 'python']
[2.808s] Level 1:colcon.colcon_core.package_identification:_identify(launcher) by extension 'cmake'
[2.809s] Level 1:colcon.colcon_core.package_identification:_identify(launcher) by extension 'python'
[2.809s] Level 1:colcon.colcon_core.package_identification:_identify(launcher) by extensions ['python_setup_py']
[2.809s] Level 1:colcon.colcon_core.package_identification:_identify(launcher) by extension 'python_setup_py'
[2.810s] Level 1:colcon.colcon_core.package_identification:_identify(log) by extensions ['ignore', 'ignore_ament_install']
[2.810s] Level 1:colcon.colcon_core.package_identification:_identify(log) by extension 'ignore'
[2.810s] Level 1:colcon.colcon_core.package_identification:_identify(log) ignored
[2.811s] Level 1:colcon.colcon_core.package_identification:_identify(px4_autonomy_modules) by extensions ['ignore', 'ignore_ament_install']
[2.811s] Level 1:colcon.colcon_core.package_identification:_identify(px4_autonomy_modules) by extension 'ignore'
[2.811s] Level 1:colcon.colcon_core.package_identification:_identify(px4_autonomy_modules) by extension 'ignore_ament_install'
[2.812s] Level 1:colcon.colcon_core.package_identification:_identify(px4_autonomy_modules) by extensions ['colcon_pkg']
[2.812s] Level 1:colcon.colcon_core.package_identification:_identify(px4_autonomy_modules) by extension 'colcon_pkg'
[2.812s] Level 1:colcon.colcon_core.package_identification:_identify(px4_autonomy_modules) by extensions ['colcon_meta']
[2.813s] Level 1:colcon.colcon_core.package_identification:_identify(px4_autonomy_modules) by extension 'colcon_meta'
[2.813s] Level 1:colcon.colcon_core.package_identification:_identify(px4_autonomy_modules) by extensions ['ros']
[2.813s] Level 1:colcon.colcon_core.package_identification:_identify(px4_autonomy_modules) by extension 'ros'
[2.819s] DEBUG:colcon.colcon_core.package_identification:Package 'px4_autonomy_modules' with type 'ros.ament_cmake' and name 'px4_autonomy_modules'
[2.820s] Level 1:colcon.colcon_core.package_identification:_identify(realsense2mavros) by extensions ['ignore', 'ignore_ament_install']
[2.820s] Level 1:colcon.colcon_core.package_identification:_identify(realsense2mavros) by extension 'ignore'
[2.821s] Level 1:colcon.colcon_core.package_identification:_identify(realsense2mavros) by extension 'ignore_ament_install'
[2.821s] Level 1:colcon.colcon_core.package_identification:_identify(realsense2mavros) by extensions ['colcon_pkg']
[2.821s] Level 1:colcon.colcon_core.package_identification:_identify(realsense2mavros) by extension 'colcon_pkg'
[2.822s] Level 1:colcon.colcon_core.package_identification:_identify(realsense2mavros) by extensions ['colcon_meta']
[2.822s] Level 1:colcon.colcon_core.package_identification:_identify(realsense2mavros) by extension 'colcon_meta'
[2.822s] Level 1:colcon.colcon_core.package_identification:_identify(realsense2mavros) by extensions ['ros']
[2.822s] Level 1:colcon.colcon_core.package_identification:_identify(realsense2mavros) by extension 'ros'
[2.827s] DEBUG:colcon.colcon_core.package_identification:Package 'realsense2mavros' with type 'ros.ament_python' and name 'realsense2mavros'
[2.827s] Level 1:colcon.colcon_core.package_identification:_identify(task2) by extensions ['ignore', 'ignore_ament_install']
[2.828s] Level 1:colcon.colcon_core.package_identification:_identify(task2) by extension 'ignore'
[2.828s] Level 1:colcon.colcon_core.package_identification:_identify(task2) by extension 'ignore_ament_install'
[2.828s] Level 1:colcon.colcon_core.package_identification:_identify(task2) by extensions ['colcon_pkg']
[2.829s] Level 1:colcon.colcon_core.package_identification:_identify(task2) by extension 'colcon_pkg'
[2.829s] Level 1:colcon.colcon_core.package_identification:_identify(task2) by extensions ['colcon_meta']
[2.829s] Level 1:colcon.colcon_core.package_identification:_identify(task2) by extension 'colcon_meta'
[2.829s] Level 1:colcon.colcon_core.package_identification:_identify(task2) by extensions ['ros']
[2.829s] Level 1:colcon.colcon_core.package_identification:_identify(task2) by extension 'ros'
[2.830s] Level 1:colcon.colcon_core.package_identification:_identify(task2) by extensions ['cmake', 'python']
[2.830s] Level 1:colcon.colcon_core.package_identification:_identify(task2) by extension 'cmake'
[2.830s] Level 1:colcon.colcon_core.package_identification:_identify(task2) by extension 'python'
[2.830s] Level 1:colcon.colcon_core.package_identification:_identify(task2) by extensions ['python_setup_py']
[2.830s] Level 1:colcon.colcon_core.package_identification:_identify(task2) by extension 'python_setup_py'
[2.831s] Level 1:colcon.colcon_core.package_identification:_identify(unit_tester) by extensions ['ignore', 'ignore_ament_install']
[2.831s] Level 1:colcon.colcon_core.package_identification:_identify(unit_tester) by extension 'ignore'
[2.832s] Level 1:colcon.colcon_core.package_identification:_identify(unit_tester) by extension 'ignore_ament_install'
[2.832s] Level 1:colcon.colcon_core.package_identification:_identify(unit_tester) by extensions ['colcon_pkg']
[2.832s] Level 1:colcon.colcon_core.package_identification:_identify(unit_tester) by extension 'colcon_pkg'
[2.832s] Level 1:colcon.colcon_core.package_identification:_identify(unit_tester) by extensions ['colcon_meta']
[2.832s] Level 1:colcon.colcon_core.package_identification:_identify(unit_tester) by extension 'colcon_meta'
[2.833s] Level 1:colcon.colcon_core.package_identification:_identify(unit_tester) by extensions ['ros']
[2.833s] Level 1:colcon.colcon_core.package_identification:_identify(unit_tester) by extension 'ros'
[2.836s] DEBUG:colcon.colcon_core.package_identification:Package 'unit_tester' with type 'ros.ament_python' and name 'unit_tester'
[2.837s] Level 1:colcon.colcon_core.package_identification:_identify(vicon_bridge) by extensions ['ignore', 'ignore_ament_install']
[2.837s] Level 1:colcon.colcon_core.package_identification:_identify(vicon_bridge) by extension 'ignore'
[2.837s] Level 1:colcon.colcon_core.package_identification:_identify(vicon_bridge) by extension 'ignore_ament_install'
[2.837s] Level 1:colcon.colcon_core.package_identification:_identify(vicon_bridge) by extensions ['colcon_pkg']
[2.838s] Level 1:colcon.colcon_core.package_identification:_identify(vicon_bridge) by extension 'colcon_pkg'
[2.838s] Level 1:colcon.colcon_core.package_identification:_identify(vicon_bridge) by extensions ['colcon_meta']
[2.838s] Level 1:colcon.colcon_core.package_identification:_identify(vicon_bridge) by extension 'colcon_meta'
[2.838s] Level 1:colcon.colcon_core.package_identification:_identify(vicon_bridge) by extensions ['ros']
[2.838s] Level 1:colcon.colcon_core.package_identification:_identify(vicon_bridge) by extension 'ros'
[2.852s] DEBUG:colcon.colcon_core.package_identification:Package 'vicon_bridge' with type 'ros.ament_python' and name 'vicon_bridge'
[2.852s] Level 1:colcon.colcon_core.package_discovery:discover_packages(recursive) using defaults
[2.853s] Level 1:colcon.colcon_core.package_discovery:discover_packages(ignore) discover
[2.853s] Level 1:colcon.colcon_core.package_discovery:discover_packages(ignore) using defaults
[2.853s] Level 1:colcon.colcon_core.package_discovery:discover_packages(path) discover
[2.853s] Level 1:colcon.colcon_core.package_discovery:discover_packages(path) using defaults
[2.982s] Level 1:colcon.colcon_core.package_discovery:discover_packages(prefix_path) check parameters
[2.983s] Level 1:colcon.colcon_core.package_discovery:discover_packages(prefix_path) discover
[2.999s] DEBUG:colcon.colcon_installed_package_information.package_discovery:Found 7 installed packages in /home/jetson/ros2_ws/install
[3.007s] DEBUG:colcon.colcon_installed_package_information.package_discovery:Found 267 installed packages in /opt/ros/foxy
[3.021s] Level 1:colcon.colcon_core.package_discovery:discover_packages(prefix_path) using defaults
[3.541s] Level 5:colcon.colcon_core.verb:set package 'comm_node' build argument 'cmake_args' from command line to 'None'
[3.541s] Level 5:colcon.colcon_core.verb:set package 'comm_node' build argument 'cmake_target' from command line to 'None'
[3.541s] Level 5:colcon.colcon_core.verb:set package 'comm_node' build argument 'cmake_target_skip_unavailable' from command line to 'False'
[3.542s] Level 5:colcon.colcon_core.verb:set package 'comm_node' build argument 'cmake_clean_cache' from command line to 'False'
[3.542s] Level 5:colcon.colcon_core.verb:set package 'comm_node' build argument 'cmake_clean_first' from command line to 'False'
[3.542s] Level 5:colcon.colcon_core.verb:set package 'comm_node' build argument 'cmake_force_configure' from command line to 'False'
[3.542s] Level 5:colcon.colcon_core.verb:set package 'comm_node' build argument 'ament_cmake_args' from command line to 'None'
[3.542s] Level 5:colcon.colcon_core.verb:set package 'comm_node' build argument 'catkin_cmake_args' from command line to 'None'
[3.542s] Level 5:colcon.colcon_core.verb:set package 'comm_node' build argument 'catkin_skip_building_tests' from command line to 'False'
[3.542s] DEBUG:colcon.colcon_core.verb:Building package 'comm_node' with the following arguments: {'ament_cmake_args': None, 'build_base': '/home/jetson/ros2_ws/src/build/comm_node', 'catkin_cmake_args': None, 'catkin_skip_building_tests': False, 'cmake_args': None, 'cmake_clean_cache': False, 'cmake_clean_first': False, 'cmake_force_configure': False, 'cmake_target': None, 'cmake_target_skip_unavailable': False, 'install_base': '/home/jetson/ros2_ws/src/install/comm_node', 'merge_install': False, 'path': '/home/jetson/ros2_ws/src/comm_node', 'symlink_install': False, 'test_result_base': None}
[3.545s] Level 5:colcon.colcon_core.verb:set package 'dummy_vicon_republisher' build argument 'cmake_args' from command line to 'None'
[3.545s] Level 5:colcon.colcon_core.verb:set package 'dummy_vicon_republisher' build argument 'cmake_target' from command line to 'None'
[3.545s] Level 5:colcon.colcon_core.verb:set package 'dummy_vicon_republisher' build argument 'cmake_target_skip_unavailable' from command line to 'False'
[3.546s] Level 5:colcon.colcon_core.verb:set package 'dummy_vicon_republisher' build argument 'cmake_clean_cache' from command line to 'False'
[3.546s] Level 5:colcon.colcon_core.verb:set package 'dummy_vicon_republisher' build argument 'cmake_clean_first' from command line to 'False'
[3.546s] Level 5:colcon.colcon_core.verb:set package 'dummy_vicon_republisher' build argument 'cmake_force_configure' from command line to 'False'
[3.546s] Level 5:colcon.colcon_core.verb:set package 'dummy_vicon_republisher' build argument 'ament_cmake_args' from command line to 'None'
[3.546s] Level 5:colcon.colcon_core.verb:set package 'dummy_vicon_republisher' build argument 'catkin_cmake_args' from command line to 'None'
[3.546s] Level 5:colcon.colcon_core.verb:set package 'dummy_vicon_republisher' build argument 'catkin_skip_building_tests' from command line to 'False'
[3.546s] DEBUG:colcon.colcon_core.verb:Building package 'dummy_vicon_republisher' with the following arguments: {'ament_cmake_args': None, 'build_base': '/home/jetson/ros2_ws/src/build/dummy_vicon_republisher', 'catkin_cmake_args': None, 'catkin_skip_building_tests': False, 'cmake_args': None, 'cmake_clean_cache': False, 'cmake_clean_first': False, 'cmake_force_configure': False, 'cmake_target': None, 'cmake_target_skip_unavailable': False, 'install_base': '/home/jetson/ros2_ws/src/install/dummy_vicon_republisher', 'merge_install': False, 'path': '/home/jetson/ros2_ws/src/dummy_vicon_republisher', 'symlink_install': False, 'test_result_base': None}
[3.549s] Level 5:colcon.colcon_core.verb:set package 'exer2_control' build argument 'cmake_args' from command line to 'None'
[3.549s] Level 5:colcon.colcon_core.verb:set package 'exer2_control' build argument 'cmake_target' from command line to 'None'
[3.549s] Level 5:colcon.colcon_core.verb:set package 'exer2_control' build argument 'cmake_target_skip_unavailable' from command line to 'False'
[3.550s] Level 5:colcon.colcon_core.verb:set package 'exer2_control' build argument 'cmake_clean_cache' from command line to 'False'
[3.550s] Level 5:colcon.colcon_core.verb:set package 'exer2_control' build argument 'cmake_clean_first' from command line to 'False'
[3.550s] Level 5:colcon.colcon_core.verb:set package 'exer2_control' build argument 'cmake_force_configure' from command line to 'False'
[3.550s] Level 5:colcon.colcon_core.verb:set package 'exer2_control' build argument 'ament_cmake_args' from command line to 'None'
[3.550s] Level 5:colcon.colcon_core.verb:set package 'exer2_control' build argument 'catkin_cmake_args' from command line to 'None'
[3.550s] Level 5:colcon.colcon_core.verb:set package 'exer2_control' build argument 'catkin_skip_building_tests' from command line to 'False'
[3.551s] DEBUG:colcon.colcon_core.verb:Building package 'exer2_control' with the following arguments: {'ament_cmake_args': None, 'build_base': '/home/jetson/ros2_ws/src/build/exer2_control', 'catkin_cmake_args': None, 'catkin_skip_building_tests': False, 'cmake_args': None, 'cmake_clean_cache': False, 'cmake_clean_first': False, 'cmake_force_configure': False, 'cmake_target': None, 'cmake_target_skip_unavailable': False, 'install_base': '/home/jetson/ros2_ws/src/install/exer2_control', 'merge_install': False, 'path': '/home/jetson/ros2_ws/src/exer2_control', 'symlink_install': False, 'test_result_base': None}
[3.553s] Level 5:colcon.colcon_core.verb:set package 'px4_autonomy_modules' build argument 'cmake_args' from command line to 'None'
[3.554s] Level 5:colcon.colcon_core.verb:set package 'px4_autonomy_modules' build argument 'cmake_target' from command line to 'None'
[3.554s] Level 5:colcon.colcon_core.verb:set package 'px4_autonomy_modules' build argument 'cmake_target_skip_unavailable' from command line to 'False'
[3.554s] Level 5:colcon.colcon_core.verb:set package 'px4_autonomy_modules' build argument 'cmake_clean_cache' from command line to 'False'
[3.554s] Level 5:colcon.colcon_core.verb:set package 'px4_autonomy_modules' build argument 'cmake_clean_first' from command line to 'False'
[3.554s] Level 5:colcon.colcon_core.verb:set package 'px4_autonomy_modules' build argument 'cmake_force_configure' from command line to 'False'
[3.554s] Level 5:colcon.colcon_core.verb:set package 'px4_autonomy_modules' build argument 'ament_cmake_args' from command line to 'None'
[3.555s] Level 5:colcon.colcon_core.verb:set package 'px4_autonomy_modules' build argument 'catkin_cmake_args' from command line to 'None'
[3.555s] Level 5:colcon.colcon_core.verb:set package 'px4_autonomy_modules' build argument 'catkin_skip_building_tests' from command line to 'False'
[3.555s] DEBUG:colcon.colcon_core.verb:Building package 'px4_autonomy_modules' with the following arguments: {'ament_cmake_args': None, 'build_base': '/home/jetson/ros2_ws/src/build/px4_autonomy_modules', 'catkin_cmake_args': None, 'catkin_skip_building_tests': False, 'cmake_args': None, 'cmake_clean_cache': False, 'cmake_clean_first': False, 'cmake_force_configure': False, 'cmake_target': None, 'cmake_target_skip_unavailable': False, 'install_base': '/home/jetson/ros2_ws/src/install/px4_autonomy_modules', 'merge_install': False, 'path': '/home/jetson/ros2_ws/src/px4_autonomy_modules', 'symlink_install': False, 'test_result_base': None}
[3.557s] Level 5:colcon.colcon_core.verb:set package 'realsense2mavros' build argument 'cmake_args' from command line to 'None'
[3.558s] Level 5:colcon.colcon_core.verb:set package 'realsense2mavros' build argument 'cmake_target' from command line to 'None'
[3.558s] Level 5:colcon.colcon_core.verb:set package 'realsense2mavros' build argument 'cmake_target_skip_unavailable' from command line to 'False'
[3.558s] Level 5:colcon.colcon_core.verb:set package 'realsense2mavros' build argument 'cmake_clean_cache' from command line to 'False'
[3.558s] Level 5:colcon.colcon_core.verb:set package 'realsense2mavros' build argument 'cmake_clean_first' from command line to 'False'
[3.558s] Level 5:colcon.colcon_core.verb:set package 'realsense2mavros' build argument 'cmake_force_configure' from command line to 'False'
[3.559s] Level 5:colcon.colcon_core.verb:set package 'realsense2mavros' build argument 'ament_cmake_args' from command line to 'None'
[3.559s] Level 5:colcon.colcon_core.verb:set package 'realsense2mavros' build argument 'catkin_cmake_args' from command line to 'None'
[3.559s] Level 5:colcon.colcon_core.verb:set package 'realsense2mavros' build argument 'catkin_skip_building_tests' from command line to 'False'
[3.559s] DEBUG:colcon.colcon_core.verb:Building package 'realsense2mavros' with the following arguments: {'ament_cmake_args': None, 'build_base': '/home/jetson/ros2_ws/src/build/realsense2mavros', 'catkin_cmake_args': None, 'catkin_skip_building_tests': False, 'cmake_args': None, 'cmake_clean_cache': False, 'cmake_clean_first': False, 'cmake_force_configure': False, 'cmake_target': None, 'cmake_target_skip_unavailable': False, 'install_base': '/home/jetson/ros2_ws/src/install/realsense2mavros', 'merge_install': False, 'path': '/home/jetson/ros2_ws/src/realsense2mavros', 'symlink_install': False, 'test_result_base': None}
[3.561s] Level 5:colcon.colcon_core.verb:set package 'unit_tester' build argument 'cmake_args' from command line to 'None'
[3.562s] Level 5:colcon.colcon_core.verb:set package 'unit_tester' build argument 'cmake_target' from command line to 'None'
[3.562s] Level 5:colcon.colcon_core.verb:set package 'unit_tester' build argument 'cmake_target_skip_unavailable' from command line to 'False'
[3.562s] Level 5:colcon.colcon_core.verb:set package 'unit_tester' build argument 'cmake_clean_cache' from command line to 'False'
[3.562s] Level 5:colcon.colcon_core.verb:set package 'unit_tester' build argument 'cmake_clean_first' from command line to 'False'
[3.562s] Level 5:colcon.colcon_core.verb:set package 'unit_tester' build argument 'cmake_force_configure' from command line to 'False'
[3.563s] Level 5:colcon.colcon_core.verb:set package 'unit_tester' build argument 'ament_cmake_args' from command line to 'None'
[3.563s] Level 5:colcon.colcon_core.verb:set package 'unit_tester' build argument 'catkin_cmake_args' from command line to 'None'
[3.563s] Level 5:colcon.colcon_core.verb:set package 'unit_tester' build argument 'catkin_skip_building_tests' from command line to 'False'
[3.563s] DEBUG:colcon.colcon_core.verb:Building package 'unit_tester' with the following arguments: {'ament_cmake_args': None, 'build_base': '/home/jetson/ros2_ws/src/build/unit_tester', 'catkin_cmake_args': None, 'catkin_skip_building_tests': False, 'cmake_args': None, 'cmake_clean_cache': False, 'cmake_clean_first': False, 'cmake_force_configure': False, 'cmake_target': None, 'cmake_target_skip_unavailable': False, 'install_base': '/home/jetson/ros2_ws/src/install/unit_tester', 'merge_install': False, 'path': '/home/jetson/ros2_ws/src/unit_tester', 'symlink_install': False, 'test_result_base': None}
[3.566s] Level 5:colcon.colcon_core.verb:set package 'vicon_bridge' build argument 'cmake_args' from command line to 'None'
[3.566s] Level 5:colcon.colcon_core.verb:set package 'vicon_bridge' build argument 'cmake_target' from command line to 'None'
[3.566s] Level 5:colcon.colcon_core.verb:set package 'vicon_bridge' build argument 'cmake_target_skip_unavailable' from command line to 'False'
[3.566s] Level 5:colcon.colcon_core.verb:set package 'vicon_bridge' build argument 'cmake_clean_cache' from command line to 'False'
[3.566s] Level 5:colcon.colcon_core.verb:set package 'vicon_bridge' build argument 'cmake_clean_first' from command line to 'False'
[3.566s] Level 5:colcon.colcon_core.verb:set package 'vicon_bridge' build argument 'cmake_force_configure' from command line to 'False'
[3.567s] Level 5:colcon.colcon_core.verb:set package 'vicon_bridge' build argument 'ament_cmake_args' from command line to 'None'
[3.567s] Level 5:colcon.colcon_core.verb:set package 'vicon_bridge' build argument 'catkin_cmake_args' from command line to 'None'
[3.567s] Level 5:colcon.colcon_core.verb:set package 'vicon_bridge' build argument 'catkin_skip_building_tests' from command line to 'False'
[3.567s] DEBUG:colcon.colcon_core.verb:Building package 'vicon_bridge' with the following arguments: {'ament_cmake_args': None, 'build_base': '/home/jetson/ros2_ws/src/build/vicon_bridge', 'catkin_cmake_args': None, 'catkin_skip_building_tests': False, 'cmake_args': None, 'cmake_clean_cache': False, 'cmake_clean_first': False, 'cmake_force_configure': False, 'cmake_target': None, 'cmake_target_skip_unavailable': False, 'install_base': '/home/jetson/ros2_ws/src/install/vicon_bridge', 'merge_install': False, 'path': '/home/jetson/ros2_ws/src/vicon_bridge', 'symlink_install': False, 'test_result_base': None}
[3.568s] INFO:colcon.colcon_core.executor:Executing jobs using 'parallel' executor
[3.572s] DEBUG:colcon.colcon_parallel_executor.executor.parallel:run_until_complete
[3.573s] INFO:colcon.colcon_ros.task.ament_python.build:Building ROS package in '/home/jetson/ros2_ws/src/comm_node' with build type 'ament_python'
[3.574s] Level 1:colcon.colcon_core.shell:create_environment_hook('comm_node', 'ament_prefix_path')
[3.602s] INFO:colcon.colcon_core.plugin_system:Skipping extension 'colcon_core.shell.bat': Not used on non-Windows systems
[3.603s] INFO:colcon.colcon_core.shell:Creating environment hook '/home/jetson/ros2_ws/src/install/comm_node/share/comm_node/hook/ament_prefix_path.ps1'
[3.608s] INFO:colcon.colcon_core.shell:Creating environment descriptor '/home/jetson/ros2_ws/src/install/comm_node/share/comm_node/hook/ament_prefix_path.dsv'
[3.615s] INFO:colcon.colcon_core.shell:Creating environment hook '/home/jetson/ros2_ws/src/install/comm_node/share/comm_node/hook/ament_prefix_path.sh'
[3.632s] INFO:colcon.colcon_core.shell:Skip shell extension 'powershell' for command environment: Not usable outside of PowerShell
[3.632s] DEBUG:colcon.colcon_core.shell:Skip shell extension 'dsv' for command environment
[3.655s] INFO:colcon.colcon_ros.task.ament_python.build:Building ROS package in '/home/jetson/ros2_ws/src/dummy_vicon_republisher' with build type 'ament_python'
[3.656s] Level 1:colcon.colcon_core.shell:create_environment_hook('dummy_vicon_republisher', 'ament_prefix_path')
[3.658s] INFO:colcon.colcon_core.shell:Creating environment hook '/home/jetson/ros2_ws/src/install/dummy_vicon_republisher/share/dummy_vicon_republisher/hook/ament_prefix_path.ps1'
[3.661s] INFO:colcon.colcon_core.shell:Creating environment descriptor '/home/jetson/ros2_ws/src/install/dummy_vicon_republisher/share/dummy_vicon_republisher/hook/ament_prefix_path.dsv'
[3.662s] INFO:colcon.colcon_core.shell:Creating environment hook '/home/jetson/ros2_ws/src/install/dummy_vicon_republisher/share/dummy_vicon_republisher/hook/ament_prefix_path.sh'
[3.665s] INFO:colcon.colcon_core.shell:Skip shell extension 'powershell' for command environment: Not usable outside of PowerShell
[3.666s] DEBUG:colcon.colcon_core.shell:Skip shell extension 'dsv' for command environment
[3.686s] INFO:colcon.colcon_ros.task.ament_python.build:Building ROS package in '/home/jetson/ros2_ws/src/exer2_control' with build type 'ament_python'
[3.687s] Level 1:colcon.colcon_core.shell:create_environment_hook('exer2_control', 'ament_prefix_path')
[3.688s] INFO:colcon.colcon_core.shell:Creating environment hook '/home/jetson/ros2_ws/src/install/exer2_control/share/exer2_control/hook/ament_prefix_path.ps1'
[3.691s] INFO:colcon.colcon_core.shell:Creating environment descriptor '/home/jetson/ros2_ws/src/install/exer2_control/share/exer2_control/hook/ament_prefix_path.dsv'
[3.692s] INFO:colcon.colcon_core.shell:Creating environment hook '/home/jetson/ros2_ws/src/install/exer2_control/share/exer2_control/hook/ament_prefix_path.sh'
[3.695s] INFO:colcon.colcon_core.shell:Skip shell extension 'powershell' for command environment: Not usable outside of PowerShell
[3.695s] DEBUG:colcon.colcon_core.shell:Skip shell extension 'dsv' for command environment
[3.717s] INFO:colcon.colcon_ros.task.ament_cmake.build:Building ROS package in '/home/jetson/ros2_ws/src/px4_autonomy_modules' with build type 'ament_cmake'
[3.718s] INFO:colcon.colcon_cmake.task.cmake.build:Building CMake package in '/home/jetson/ros2_ws/src/px4_autonomy_modules'
[3.720s] INFO:colcon.colcon_core.shell:Skip shell extension 'powershell' for command environment: Not usable outside of PowerShell
[3.721s] DEBUG:colcon.colcon_core.shell:Skip shell extension 'dsv' for command environment
[5.316s] INFO:colcon.colcon_core.task.python.build:Building Python package in '/home/jetson/ros2_ws/src/comm_node'
[5.318s] INFO:colcon.colcon_core.shell:Skip shell extension 'powershell' for command environment: Not usable outside of PowerShell
[5.318s] DEBUG:colcon.colcon_core.shell:Skip shell extension 'dsv' for command environment
[6.859s] INFO:colcon.colcon_core.task.python.build:Building Python package in '/home/jetson/ros2_ws/src/dummy_vicon_republisher'
[6.862s] INFO:colcon.colcon_core.shell:Skip shell extension 'powershell' for command environment: Not usable outside of PowerShell
[6.862s] DEBUG:colcon.colcon_core.shell:Skip shell extension 'dsv' for command environment
[8.438s] INFO:colcon.colcon_core.task.python.build:Building Python package in '/home/jetson/ros2_ws/src/exer2_control'
[8.441s] INFO:colcon.colcon_core.shell:Skip shell extension 'powershell' for command environment: Not usable outside of PowerShell
[8.441s] DEBUG:colcon.colcon_core.shell:Skip shell extension 'dsv' for command environment
[8.523s] DEBUG:colcon.colcon_core.event_handler.log_command:Invoking command in '/home/jetson/ros2_ws/src/build/px4_autonomy_modules': CMAKE_PREFIX_PATH=${CMAKE_PREFIX_PATH}:/home/jetson/ros2_ws/install/vicon_bridge:/home/jetson/ros2_ws/install/unit_tester:/home/jetson/ros2_ws/install/realsense2mavros:/home/jetson/ros2_ws/install/exer2_control:/home/jetson/ros2_ws/install/dummy_vicon_republisher:/home/jetson/ros2_ws/install/comm_node:/opt/ros/foxy /usr/bin/cmake --build /home/jetson/ros2_ws/src/build/px4_autonomy_modules -- -j4 -l4
[9.453s] DEBUG:colcon.colcon_core.event_handler.log_command:Invoked command in '/home/jetson/ros2_ws/src/build/px4_autonomy_modules' returned '0': CMAKE_PREFIX_PATH=${CMAKE_PREFIX_PATH}:/home/jetson/ros2_ws/install/vicon_bridge:/home/jetson/ros2_ws/install/unit_tester:/home/jetson/ros2_ws/install/realsense2mavros:/home/jetson/ros2_ws/install/exer2_control:/home/jetson/ros2_ws/install/dummy_vicon_republisher:/home/jetson/ros2_ws/install/comm_node:/opt/ros/foxy /usr/bin/cmake --build /home/jetson/ros2_ws/src/build/px4_autonomy_modules -- -j4 -l4
[9.574s] DEBUG:colcon.colcon_core.event_handler.log_command:Invoking command in '/home/jetson/ros2_ws/src/build/px4_autonomy_modules': CMAKE_PREFIX_PATH=${CMAKE_PREFIX_PATH}:/home/jetson/ros2_ws/install/vicon_bridge:/home/jetson/ros2_ws/install/unit_tester:/home/jetson/ros2_ws/install/realsense2mavros:/home/jetson/ros2_ws/install/exer2_control:/home/jetson/ros2_ws/install/dummy_vicon_republisher:/home/jetson/ros2_ws/install/comm_node:/opt/ros/foxy /usr/bin/cmake --install /home/jetson/ros2_ws/src/build/px4_autonomy_modules
[9.696s] Level 1:colcon.colcon_core.environment:create_environment_scripts_only(px4_autonomy_modules)
[9.708s] DEBUG:colcon.colcon_core.event_handler.log_command:Invoked command in '/home/jetson/ros2_ws/src/build/px4_autonomy_modules' returned '0': CMAKE_PREFIX_PATH=${CMAKE_PREFIX_PATH}:/home/jetson/ros2_ws/install/vicon_bridge:/home/jetson/ros2_ws/install/unit_tester:/home/jetson/ros2_ws/install/realsense2mavros:/home/jetson/ros2_ws/install/exer2_control:/home/jetson/ros2_ws/install/dummy_vicon_republisher:/home/jetson/ros2_ws/install/comm_node:/opt/ros/foxy /usr/bin/cmake --install /home/jetson/ros2_ws/src/build/px4_autonomy_modules
[9.746s] Level 1:colcon.colcon_core.environment:checking '/home/jetson/ros2_ws/src/install/px4_autonomy_modules' for CMake module files
[9.756s] Level 1:colcon.colcon_core.environment:checking '/home/jetson/ros2_ws/src/install/px4_autonomy_modules' for CMake config files
[9.761s] Level 1:colcon.colcon_core.shell:create_environment_hook('px4_autonomy_modules', 'cmake_prefix_path')
[9.763s] INFO:colcon.colcon_core.shell:Creating environment hook '/home/jetson/ros2_ws/src/install/px4_autonomy_modules/share/px4_autonomy_modules/hook/cmake_prefix_path.ps1'
[9.770s] INFO:colcon.colcon_core.shell:Creating environment descriptor '/home/jetson/ros2_ws/src/install/px4_autonomy_modules/share/px4_autonomy_modules/hook/cmake_prefix_path.dsv'
[9.788s] INFO:colcon.colcon_core.shell:Creating environment hook '/home/jetson/ros2_ws/src/install/px4_autonomy_modules/share/px4_autonomy_modules/hook/cmake_prefix_path.sh'
[9.792s] Level 1:colcon.colcon_core.environment:checking '/home/jetson/ros2_ws/src/install/px4_autonomy_modules/bin'
[9.793s] Level 1:colcon.colcon_core.environment:checking '/home/jetson/ros2_ws/src/install/px4_autonomy_modules/lib/pkgconfig/px4_autonomy_modules.pc'
[9.797s] Level 1:colcon.colcon_core.environment:checking '/home/jetson/ros2_ws/src/install/px4_autonomy_modules/lib/python3.8/site-packages'
[9.798s] Level 1:colcon.colcon_core.environment:checking '/home/jetson/ros2_ws/src/install/px4_autonomy_modules/bin'
[9.802s] INFO:colcon.colcon_core.shell:Creating package script '/home/jetson/ros2_ws/src/install/px4_autonomy_modules/share/px4_autonomy_modules/package.ps1'
[9.816s] INFO:colcon.colcon_core.shell:Creating package descriptor '/home/jetson/ros2_ws/src/install/px4_autonomy_modules/share/px4_autonomy_modules/package.dsv'
[9.826s] INFO:colcon.colcon_core.shell:Creating package script '/home/jetson/ros2_ws/src/install/px4_autonomy_modules/share/px4_autonomy_modules/package.sh'
[9.838s] INFO:colcon.colcon_core.shell:Creating package script '/home/jetson/ros2_ws/src/install/px4_autonomy_modules/share/px4_autonomy_modules/package.bash'
[9.857s] INFO:colcon.colcon_core.shell:Creating package script '/home/jetson/ros2_ws/src/install/px4_autonomy_modules/share/px4_autonomy_modules/package.zsh'
[9.893s] Level 1:colcon.colcon_core.environment:create_file_with_runtime_dependencies(/home/jetson/ros2_ws/src/install/px4_autonomy_modules/share/colcon-core/packages/px4_autonomy_modules)
[9.896s] Level 1:colcon.colcon_core.environment:create_environment_scripts_only(px4_autonomy_modules)
[9.898s] Level 1:colcon.colcon_core.environment:checking '/home/jetson/ros2_ws/src/install/px4_autonomy_modules' for CMake module files
[9.901s] Level 1:colcon.colcon_core.environment:checking '/home/jetson/ros2_ws/src/install/px4_autonomy_modules' for CMake config files
[9.902s] Level 1:colcon.colcon_core.shell:create_environment_hook('px4_autonomy_modules', 'cmake_prefix_path')
[9.903s] INFO:colcon.colcon_core.shell:Creating environment hook '/home/jetson/ros2_ws/src/install/px4_autonomy_modules/share/px4_autonomy_modules/hook/cmake_prefix_path.ps1'
[9.926s] INFO:colcon.colcon_core.shell:Creating environment descriptor '/home/jetson/ros2_ws/src/install/px4_autonomy_modules/share/px4_autonomy_modules/hook/cmake_prefix_path.dsv'
[9.928s] INFO:colcon.colcon_core.shell:Creating environment hook '/home/jetson/ros2_ws/src/install/px4_autonomy_modules/share/px4_autonomy_modules/hook/cmake_prefix_path.sh'
[9.934s] Level 1:colcon.colcon_core.environment:checking '/home/jetson/ros2_ws/src/install/px4_autonomy_modules/bin'
[9.937s] Level 1:colcon.colcon_core.environment:checking '/home/jetson/ros2_ws/src/install/px4_autonomy_modules/lib/pkgconfig/px4_autonomy_modules.pc'
[9.938s] Level 1:colcon.colcon_core.environment:checking '/home/jetson/ros2_ws/src/install/px4_autonomy_modules/lib/python3.8/site-packages'
[9.939s] Level 1:colcon.colcon_core.environment:checking '/home/jetson/ros2_ws/src/install/px4_autonomy_modules/bin'
[9.940s] INFO:colcon.colcon_core.shell:Creating package script '/home/jetson/ros2_ws/src/install/px4_autonomy_modules/share/px4_autonomy_modules/package.ps1'
[9.943s] INFO:colcon.colcon_core.shell:Creating package descriptor '/home/jetson/ros2_ws/src/install/px4_autonomy_modules/share/px4_autonomy_modules/package.dsv'
[9.965s] INFO:colcon.colcon_core.shell:Creating package script '/home/jetson/ros2_ws/src/install/px4_autonomy_modules/share/px4_autonomy_modules/package.sh'
[9.971s] INFO:colcon.colcon_core.shell:Creating package script '/home/jetson/ros2_ws/src/install/px4_autonomy_modules/share/px4_autonomy_modules/package.bash'
[9.983s] INFO:colcon.colcon_core.shell:Creating package script '/home/jetson/ros2_ws/src/install/px4_autonomy_modules/share/px4_autonomy_modules/package.zsh'
[9.993s] Level 1:colcon.colcon_core.environment:create_file_with_runtime_dependencies(/home/jetson/ros2_ws/src/install/px4_autonomy_modules/share/colcon-core/packages/px4_autonomy_modules)
[10.002s] INFO:colcon.colcon_ros.task.ament_python.build:Building ROS package in '/home/jetson/ros2_ws/src/realsense2mavros' with build type 'ament_python'
[10.008s] Level 1:colcon.colcon_core.shell:create_environment_hook('realsense2mavros', 'ament_prefix_path')
[10.011s] INFO:colcon.colcon_core.shell:Creating environment hook '/home/jetson/ros2_ws/src/install/realsense2mavros/share/realsense2mavros/hook/ament_prefix_path.ps1'
[10.018s] INFO:colcon.colcon_core.shell:Creating environment descriptor '/home/jetson/ros2_ws/src/install/realsense2mavros/share/realsense2mavros/hook/ament_prefix_path.dsv'
[10.026s] INFO:colcon.colcon_core.shell:Creating environment hook '/home/jetson/ros2_ws/src/install/realsense2mavros/share/realsense2mavros/hook/ament_prefix_path.sh'
[10.034s] INFO:colcon.colcon_core.shell:Skip shell extension 'powershell' for command environment: Not usable outside of PowerShell
[10.038s] DEBUG:colcon.colcon_core.shell:Skip shell extension 'dsv' for command environment
[13.409s] INFO:colcon.colcon_core.task.python.build:Building Python package in '/home/jetson/ros2_ws/src/realsense2mavros'
[13.411s] INFO:colcon.colcon_core.shell:Skip shell extension 'powershell' for command environment: Not usable outside of PowerShell
[13.412s] DEBUG:colcon.colcon_core.shell:Skip shell extension 'dsv' for command environment
[13.477s] DEBUG:colcon.colcon_core.event_handler.log_command:Invoking command in '/home/jetson/ros2_ws/src/exer2_control': PYTHONPATH=/home/jetson/ros2_ws/src/build/exer2_control/prefix_override:/usr/lib/python3/dist-packages/colcon_core/task/python/colcon_distutils_commands:/home/jetson/ros2_ws/src/install/exer2_control/lib/python3.8/site-packages:${PYTHONPATH} /usr/bin/python3 -W ignore:setup.py install is deprecated -W ignore:easy_install command is deprecated setup.py egg_info --egg-base ../build/exer2_control build --build-base /home/jetson/ros2_ws/src/build/exer2_control/build install --record /home/jetson/ros2_ws/src/build/exer2_control/install.log --install-scripts $base/lib/exer2_control --single-version-externally-managed install_data
[13.497s] DEBUG:colcon.colcon_core.event_handler.log_command:Invoking command in '/home/jetson/ros2_ws/src/comm_node': PYTHONPATH=/home/jetson/ros2_ws/src/build/comm_node/prefix_override:/usr/lib/python3/dist-packages/colcon_core/task/python/colcon_distutils_commands:/home/jetson/ros2_ws/src/install/comm_node/lib/python3.8/site-packages:${PYTHONPATH} /usr/bin/python3 -W ignore:setup.py install is deprecated -W ignore:easy_install command is deprecated setup.py egg_info --egg-base ../build/comm_node build --build-base /home/jetson/ros2_ws/src/build/comm_node/build install --record /home/jetson/ros2_ws/src/build/comm_node/install.log --install-scripts $base/lib/comm_node --single-version-externally-managed install_data
[13.566s] DEBUG:colcon.colcon_core.event_handler.log_command:Invoking command in '/home/jetson/ros2_ws/src/dummy_vicon_republisher': PYTHONPATH=/home/jetson/ros2_ws/src/build/dummy_vicon_republisher/prefix_override:/usr/lib/python3/dist-packages/colcon_core/task/python/colcon_distutils_commands:/home/jetson/ros2_ws/src/install/dummy_vicon_republisher/lib/python3.8/site-packages:${PYTHONPATH} /usr/bin/python3 -W ignore:setup.py install is deprecated -W ignore:easy_install command is deprecated setup.py egg_info --egg-base ../build/dummy_vicon_republisher build --build-base /home/jetson/ros2_ws/src/build/dummy_vicon_republisher/build install --record /home/jetson/ros2_ws/src/build/dummy_vicon_republisher/install.log --install-scripts $base/lib/dummy_vicon_republisher --single-version-externally-managed install_data
[17.411s] DEBUG:colcon.colcon_core.event_handler.log_command:Invoking command in '/home/jetson/ros2_ws/src/realsense2mavros': PYTHONPATH=/home/jetson/ros2_ws/src/build/realsense2mavros/prefix_override:/usr/lib/python3/dist-packages/colcon_core/task/python/colcon_distutils_commands:/home/jetson/ros2_ws/src/install/realsense2mavros/lib/python3.8/site-packages:${PYTHONPATH} /usr/bin/python3 -W ignore:setup.py install is deprecated -W ignore:easy_install command is deprecated setup.py egg_info --egg-base ../build/realsense2mavros build --build-base /home/jetson/ros2_ws/src/build/realsense2mavros/build install --record /home/jetson/ros2_ws/src/build/realsense2mavros/install.log --install-scripts $base/lib/realsense2mavros --single-version-externally-managed install_data
[17.795s] Level 1:colcon.colcon_core.environment:checking '/home/jetson/ros2_ws/src/install/exer2_control' for CMake module files
[17.797s] DEBUG:colcon.colcon_core.event_handler.log_command:Invoked command in '/home/jetson/ros2_ws/src/exer2_control' returned '0': PYTHONPATH=/home/jetson/ros2_ws/src/build/exer2_control/prefix_override:/usr/lib/python3/dist-packages/colcon_core/task/python/colcon_distutils_commands:/home/jetson/ros2_ws/src/install/exer2_control/lib/python3.8/site-packages:${PYTHONPATH} /usr/bin/python3 -W ignore:setup.py install is deprecated -W ignore:easy_install command is deprecated setup.py egg_info --egg-base ../build/exer2_control build --build-base /home/jetson/ros2_ws/src/build/exer2_control/build install --record /home/jetson/ros2_ws/src/build/exer2_control/install.log --install-scripts $base/lib/exer2_control --single-version-externally-managed install_data
[17.804s] Level 1:colcon.colcon_core.environment:checking '/home/jetson/ros2_ws/src/install/exer2_control' for CMake config files
[17.809s] Level 1:colcon.colcon_core.environment:checking '/home/jetson/ros2_ws/src/install/exer2_control/lib'
[17.812s] Level 1:colcon.colcon_core.environment:checking '/home/jetson/ros2_ws/src/install/exer2_control/bin'
[17.815s] Level 1:colcon.colcon_core.environment:checking '/home/jetson/ros2_ws/src/install/exer2_control/lib/pkgconfig/exer2_control.pc'
[17.817s] Level 1:colcon.colcon_core.environment:checking '/home/jetson/ros2_ws/src/install/exer2_control/lib/python3.8/site-packages'
[17.819s] Level 1:colcon.colcon_core.shell:create_environment_hook('exer2_control', 'pythonpath')
[17.824s] INFO:colcon.colcon_core.shell:Creating environment hook '/home/jetson/ros2_ws/src/install/exer2_control/share/exer2_control/hook/pythonpath.ps1'
[17.830s] INFO:colcon.colcon_core.shell:Creating environment descriptor '/home/jetson/ros2_ws/src/install/exer2_control/share/exer2_control/hook/pythonpath.dsv'
[17.840s] INFO:colcon.colcon_core.shell:Creating environment hook '/home/jetson/ros2_ws/src/install/exer2_control/share/exer2_control/hook/pythonpath.sh'
[17.846s] Level 1:colcon.colcon_core.environment:checking '/home/jetson/ros2_ws/src/install/exer2_control/bin'
[17.849s] Level 1:colcon.colcon_core.environment:create_environment_scripts_only(exer2_control)
[17.852s] INFO:colcon.colcon_core.shell:Creating package script '/home/jetson/ros2_ws/src/install/exer2_control/share/exer2_control/package.ps1'
[17.855s] INFO:colcon.colcon_core.shell:Creating package descriptor '/home/jetson/ros2_ws/src/install/exer2_control/share/exer2_control/package.dsv'
[17.858s] INFO:colcon.colcon_core.shell:Creating package script '/home/jetson/ros2_ws/src/install/exer2_control/share/exer2_control/package.sh'
[17.867s] INFO:colcon.colcon_core.shell:Creating package script '/home/jetson/ros2_ws/src/install/exer2_control/share/exer2_control/package.bash'
[17.872s] INFO:colcon.colcon_core.shell:Creating package script '/home/jetson/ros2_ws/src/install/exer2_control/share/exer2_control/package.zsh'
[17.874s] Level 1:colcon.colcon_core.environment:create_file_with_runtime_dependencies(/home/jetson/ros2_ws/src/install/exer2_control/share/colcon-core/packages/exer2_control)
[17.882s] INFO:colcon.colcon_ros.task.ament_python.build:Building ROS package in '/home/jetson/ros2_ws/src/unit_tester' with build type 'ament_python'
[17.885s] Level 1:colcon.colcon_core.shell:create_environment_hook('unit_tester', 'ament_prefix_path')
[17.887s] INFO:colcon.colcon_core.shell:Creating environment hook '/home/jetson/ros2_ws/src/install/unit_tester/share/unit_tester/hook/ament_prefix_path.ps1'
[17.891s] INFO:colcon.colcon_core.shell:Creating environment descriptor '/home/jetson/ros2_ws/src/install/unit_tester/share/unit_tester/hook/ament_prefix_path.dsv'
[17.896s] INFO:colcon.colcon_core.shell:Creating environment hook '/home/jetson/ros2_ws/src/install/unit_tester/share/unit_tester/hook/ament_prefix_path.sh'
[17.900s] INFO:colcon.colcon_core.shell:Skip shell extension 'powershell' for command environment: Not usable outside of PowerShell
[17.901s] DEBUG:colcon.colcon_core.shell:Skip shell extension 'dsv' for command environment
[17.941s] Level 1:colcon.colcon_core.environment:checking '/home/jetson/ros2_ws/src/install/comm_node' for CMake module files
[17.945s] DEBUG:colcon.colcon_core.event_handler.log_command:Invoked command in '/home/jetson/ros2_ws/src/comm_node' returned '0': PYTHONPATH=/home/jetson/ros2_ws/src/build/comm_node/prefix_override:/usr/lib/python3/dist-packages/colcon_core/task/python/colcon_distutils_commands:/home/jetson/ros2_ws/src/install/comm_node/lib/python3.8/site-packages:${PYTHONPATH} /usr/bin/python3 -W ignore:setup.py install is deprecated -W ignore:easy_install command is deprecated setup.py egg_info --egg-base ../build/comm_node build --build-base /home/jetson/ros2_ws/src/build/comm_node/build install --record /home/jetson/ros2_ws/src/build/comm_node/install.log --install-scripts $base/lib/comm_node --single-version-externally-managed install_data
[17.952s] Level 1:colcon.colcon_core.environment:checking '/home/jetson/ros2_ws/src/install/comm_node' for CMake config files
[17.955s] Level 1:colcon.colcon_core.environment:checking '/home/jetson/ros2_ws/src/install/comm_node/lib'
[17.956s] Level 1:colcon.colcon_core.environment:checking '/home/jetson/ros2_ws/src/install/comm_node/bin'
[17.957s] Level 1:colcon.colcon_core.environment:checking '/home/jetson/ros2_ws/src/install/comm_node/lib/pkgconfig/comm_node.pc'
[17.959s] Level 1:colcon.colcon_core.environment:checking '/home/jetson/ros2_ws/src/install/comm_node/lib/python3.8/site-packages'
[17.960s] Level 1:colcon.colcon_core.shell:create_environment_hook('comm_node', 'pythonpath')
[17.971s] INFO:colcon.colcon_core.shell:Creating environment hook '/home/jetson/ros2_ws/src/install/comm_node/share/comm_node/hook/pythonpath.ps1'
[17.977s] INFO:colcon.colcon_core.shell:Creating environment descriptor '/home/jetson/ros2_ws/src/install/comm_node/share/comm_node/hook/pythonpath.dsv'
[17.983s] INFO:colcon.colcon_core.shell:Creating environment hook '/home/jetson/ros2_ws/src/install/comm_node/share/comm_node/hook/pythonpath.sh'
[17.988s] Level 1:colcon.colcon_core.environment:checking '/home/jetson/ros2_ws/src/install/comm_node/bin'
[17.989s] Level 1:colcon.colcon_core.environment:create_environment_scripts_only(comm_node)
[17.993s] INFO:colcon.colcon_core.shell:Creating package script '/home/jetson/ros2_ws/src/install/comm_node/share/comm_node/package.ps1'
[17.998s] INFO:colcon.colcon_core.shell:Creating package descriptor '/home/jetson/ros2_ws/src/install/comm_node/share/comm_node/package.dsv'
[18.002s] INFO:colcon.colcon_core.shell:Creating package script '/home/jetson/ros2_ws/src/install/comm_node/share/comm_node/package.sh'
[18.007s] INFO:colcon.colcon_core.shell:Creating package script '/home/jetson/ros2_ws/src/install/comm_node/share/comm_node/package.bash'
[18.013s] INFO:colcon.colcon_core.shell:Creating package script '/home/jetson/ros2_ws/src/install/comm_node/share/comm_node/package.zsh'
[18.017s] Level 1:colcon.colcon_core.environment:create_file_with_runtime_dependencies(/home/jetson/ros2_ws/src/install/comm_node/share/colcon-core/packages/comm_node)
[18.020s] Level 1:colcon.colcon_core.environment:checking '/home/jetson/ros2_ws/src/install/dummy_vicon_republisher' for CMake module files
[18.026s] DEBUG:colcon.colcon_core.event_handler.log_command:Invoked command in '/home/jetson/ros2_ws/src/dummy_vicon_republisher' returned '0': PYTHONPATH=/home/jetson/ros2_ws/src/build/dummy_vicon_republisher/prefix_override:/usr/lib/python3/dist-packages/colcon_core/task/python/colcon_distutils_commands:/home/jetson/ros2_ws/src/install/dummy_vicon_republisher/lib/python3.8/site-packages:${PYTHONPATH} /usr/bin/python3 -W ignore:setup.py install is deprecated -W ignore:easy_install command is deprecated setup.py egg_info --egg-base ../build/dummy_vicon_republisher build --build-base /home/jetson/ros2_ws/src/build/dummy_vicon_republisher/build install --record /home/jetson/ros2_ws/src/build/dummy_vicon_republisher/install.log --install-scripts $base/lib/dummy_vicon_republisher --single-version-externally-managed install_data
[18.029s] Level 1:colcon.colcon_core.environment:checking '/home/jetson/ros2_ws/src/install/dummy_vicon_republisher' for CMake config files
[18.032s] Level 1:colcon.colcon_core.environment:checking '/home/jetson/ros2_ws/src/install/dummy_vicon_republisher/lib'
[18.032s] Level 1:colcon.colcon_core.environment:checking '/home/jetson/ros2_ws/src/install/dummy_vicon_republisher/bin'
[18.032s] Level 1:colcon.colcon_core.environment:checking '/home/jetson/ros2_ws/src/install/dummy_vicon_republisher/lib/pkgconfig/dummy_vicon_republisher.pc'
[18.033s] Level 1:colcon.colcon_core.environment:checking '/home/jetson/ros2_ws/src/install/dummy_vicon_republisher/lib/python3.8/site-packages'
[18.035s] Level 1:colcon.colcon_core.shell:create_environment_hook('dummy_vicon_republisher', 'pythonpath')
[18.036s] INFO:colcon.colcon_core.shell:Creating environment hook '/home/jetson/ros2_ws/src/install/dummy_vicon_republisher/share/dummy_vicon_republisher/hook/pythonpath.ps1'
[18.040s] INFO:colcon.colcon_core.shell:Creating environment descriptor '/home/jetson/ros2_ws/src/install/dummy_vicon_republisher/share/dummy_vicon_republisher/hook/pythonpath.dsv'
[18.043s] INFO:colcon.colcon_core.shell:Creating environment hook '/home/jetson/ros2_ws/src/install/dummy_vicon_republisher/share/dummy_vicon_republisher/hook/pythonpath.sh'
[18.050s] Level 1:colcon.colcon_core.environment:checking '/home/jetson/ros2_ws/src/install/dummy_vicon_republisher/bin'
[18.050s] Level 1:colcon.colcon_core.environment:create_environment_scripts_only(dummy_vicon_republisher)
[18.053s] INFO:colcon.colcon_core.shell:Creating package script '/home/jetson/ros2_ws/src/install/dummy_vicon_republisher/share/dummy_vicon_republisher/package.ps1'
[18.056s] INFO:colcon.colcon_core.shell:Creating package descriptor '/home/jetson/ros2_ws/src/install/dummy_vicon_republisher/share/dummy_vicon_republisher/package.dsv'
[18.060s] INFO:colcon.colcon_core.shell:Creating package script '/home/jetson/ros2_ws/src/install/dummy_vicon_republisher/share/dummy_vicon_republisher/package.sh'
[18.063s] INFO:colcon.colcon_core.shell:Creating package script '/home/jetson/ros2_ws/src/install/dummy_vicon_republisher/share/dummy_vicon_republisher/package.bash'
[18.066s] INFO:colcon.colcon_core.shell:Creating package script '/home/jetson/ros2_ws/src/install/dummy_vicon_republisher/share/dummy_vicon_republisher/package.zsh'
[18.069s] Level 1:colcon.colcon_core.environment:create_file_with_runtime_dependencies(/home/jetson/ros2_ws/src/install/dummy_vicon_republisher/share/colcon-core/packages/dummy_vicon_republisher)
[18.083s] INFO:colcon.colcon_ros.task.ament_python.build:Building ROS package in '/home/jetson/ros2_ws/src/vicon_bridge' with build type 'ament_python'
[18.086s] Level 1:colcon.colcon_core.shell:create_environment_hook('vicon_bridge', 'ament_prefix_path')
[18.088s] INFO:colcon.colcon_core.shell:Creating environment hook '/home/jetson/ros2_ws/src/install/vicon_bridge/share/vicon_bridge/hook/ament_prefix_path.ps1'
[18.092s] INFO:colcon.colcon_core.shell:Creating environment descriptor '/home/jetson/ros2_ws/src/install/vicon_bridge/share/vicon_bridge/hook/ament_prefix_path.dsv'
[18.096s] INFO:colcon.colcon_core.shell:Creating environment hook '/home/jetson/ros2_ws/src/install/vicon_bridge/share/vicon_bridge/hook/ament_prefix_path.sh'
[18.100s] INFO:colcon.colcon_core.shell:Skip shell extension 'powershell' for command environment: Not usable outside of PowerShell
[18.100s] DEBUG:colcon.colcon_core.shell:Skip shell extension 'dsv' for command environment
[19.924s] INFO:colcon.colcon_core.task.python.build:Building Python package in '/home/jetson/ros2_ws/src/unit_tester'
[19.926s] INFO:colcon.colcon_core.shell:Skip shell extension 'powershell' for command environment: Not usable outside of PowerShell
[19.926s] DEBUG:colcon.colcon_core.shell:Skip shell extension 'dsv' for command environment
[21.700s] INFO:colcon.colcon_core.task.python.build:Building Python package in '/home/jetson/ros2_ws/src/vicon_bridge'
[21.701s] INFO:colcon.colcon_core.shell:Skip shell extension 'powershell' for command environment: Not usable outside of PowerShell
[21.702s] DEBUG:colcon.colcon_core.shell:Skip shell extension 'dsv' for command environment
[21.736s] Level 1:colcon.colcon_core.environment:checking '/home/jetson/ros2_ws/src/install/realsense2mavros' for CMake module files
[21.742s] DEBUG:colcon.colcon_core.event_handler.log_command:Invoked command in '/home/jetson/ros2_ws/src/realsense2mavros' returned '0': PYTHONPATH=/home/jetson/ros2_ws/src/build/realsense2mavros/prefix_override:/usr/lib/python3/dist-packages/colcon_core/task/python/colcon_distutils_commands:/home/jetson/ros2_ws/src/install/realsense2mavros/lib/python3.8/site-packages:${PYTHONPATH} /usr/bin/python3 -W ignore:setup.py install is deprecated -W ignore:easy_install command is deprecated setup.py egg_info --egg-base ../build/realsense2mavros build --build-base /home/jetson/ros2_ws/src/build/realsense2mavros/build install --record /home/jetson/ros2_ws/src/build/realsense2mavros/install.log --install-scripts $base/lib/realsense2mavros --single-version-externally-managed install_data
[21.748s] Level 1:colcon.colcon_core.environment:checking '/home/jetson/ros2_ws/src/install/realsense2mavros' for CMake config files
[21.751s] Level 1:colcon.colcon_core.environment:checking '/home/jetson/ros2_ws/src/install/realsense2mavros/lib'
[21.752s] Level 1:colcon.colcon_core.environment:checking '/home/jetson/ros2_ws/src/install/realsense2mavros/bin'
[21.752s] Level 1:colcon.colcon_core.environment:checking '/home/jetson/ros2_ws/src/install/realsense2mavros/lib/pkgconfig/realsense2mavros.pc'
[21.754s] Level 1:colcon.colcon_core.environment:checking '/home/jetson/ros2_ws/src/install/realsense2mavros/lib/python3.8/site-packages'
[21.754s] Level 1:colcon.colcon_core.shell:create_environment_hook('realsense2mavros', 'pythonpath')
[21.756s] INFO:colcon.colcon_core.shell:Creating environment hook '/home/jetson/ros2_ws/src/install/realsense2mavros/share/realsense2mavros/hook/pythonpath.ps1'
[21.758s] INFO:colcon.colcon_core.shell:Creating environment descriptor '/home/jetson/ros2_ws/src/install/realsense2mavros/share/realsense2mavros/hook/pythonpath.dsv'
[21.763s] INFO:colcon.colcon_core.shell:Creating environment hook '/home/jetson/ros2_ws/src/install/realsense2mavros/share/realsense2mavros/hook/pythonpath.sh'
[21.766s] Level 1:colcon.colcon_core.environment:checking '/home/jetson/ros2_ws/src/install/realsense2mavros/bin'
[21.766s] Level 1:colcon.colcon_core.environment:create_environment_scripts_only(realsense2mavros)
[21.768s] INFO:colcon.colcon_core.shell:Creating package script '/home/jetson/ros2_ws/src/install/realsense2mavros/share/realsense2mavros/package.ps1'
[21.771s] INFO:colcon.colcon_core.shell:Creating package descriptor '/home/jetson/ros2_ws/src/install/realsense2mavros/share/realsense2mavros/package.dsv'
[21.780s] INFO:colcon.colcon_core.shell:Creating package script '/home/jetson/ros2_ws/src/install/realsense2mavros/share/realsense2mavros/package.sh'
[21.783s] INFO:colcon.colcon_core.shell:Creating package script '/home/jetson/ros2_ws/src/install/realsense2mavros/share/realsense2mavros/package.bash'
[21.785s] INFO:colcon.colcon_core.shell:Creating package script '/home/jetson/ros2_ws/src/install/realsense2mavros/share/realsense2mavros/package.zsh'
[21.787s] Level 1:colcon.colcon_core.environment:create_file_with_runtime_dependencies(/home/jetson/ros2_ws/src/install/realsense2mavros/share/colcon-core/packages/realsense2mavros)
[24.816s] DEBUG:colcon.colcon_core.event_handler.log_command:Invoking command in '/home/jetson/ros2_ws/src/unit_tester': PYTHONPATH=/home/jetson/ros2_ws/src/build/unit_tester/prefix_override:/usr/lib/python3/dist-packages/colcon_core/task/python/colcon_distutils_commands:/home/jetson/ros2_ws/src/install/unit_tester/lib/python3.8/site-packages:${PYTHONPATH} /usr/bin/python3 -W ignore:setup.py install is deprecated -W ignore:easy_install command is deprecated setup.py egg_info --egg-base ../build/unit_tester build --build-base /home/jetson/ros2_ws/src/build/unit_tester/build install --record /home/jetson/ros2_ws/src/build/unit_tester/install.log --install-scripts $base/lib/unit_tester --single-version-externally-managed install_data
[25.184s] DEBUG:colcon.colcon_core.event_handler.log_command:Invoking command in '/home/jetson/ros2_ws/src/vicon_bridge': PYTHONPATH=/home/jetson/ros2_ws/src/build/vicon_bridge/prefix_override:/usr/lib/python3/dist-packages/colcon_core/task/python/colcon_distutils_commands:/home/jetson/ros2_ws/src/install/vicon_bridge/lib/python3.8/site-packages:${PYTHONPATH} /usr/bin/python3 -W ignore:setup.py install is deprecated -W ignore:easy_install command is deprecated setup.py egg_info --egg-base ../build/vicon_bridge build --build-base /home/jetson/ros2_ws/src/build/vicon_bridge/build install --record /home/jetson/ros2_ws/src/build/vicon_bridge/install.log --install-scripts $base/lib/vicon_bridge --single-version-externally-managed install_data
[26.980s] Level 1:colcon.colcon_core.environment:checking '/home/jetson/ros2_ws/src/install/unit_tester' for CMake module files
[26.982s] DEBUG:colcon.colcon_core.event_handler.log_command:Invoked command in '/home/jetson/ros2_ws/src/unit_tester' returned '0': PYTHONPATH=/home/jetson/ros2_ws/src/build/unit_tester/prefix_override:/usr/lib/python3/dist-packages/colcon_core/task/python/colcon_distutils_commands:/home/jetson/ros2_ws/src/install/unit_tester/lib/python3.8/site-packages:${PYTHONPATH} /usr/bin/python3 -W ignore:setup.py install is deprecated -W ignore:easy_install command is deprecated setup.py egg_info --egg-base ../build/unit_tester build --build-base /home/jetson/ros2_ws/src/build/unit_tester/build install --record /home/jetson/ros2_ws/src/build/unit_tester/install.log --install-scripts $base/lib/unit_tester --single-version-externally-managed install_data
[26.989s] Level 1:colcon.colcon_core.environment:checking '/home/jetson/ros2_ws/src/install/unit_tester' for CMake config files
[26.993s] Level 1:colcon.colcon_core.environment:checking '/home/jetson/ros2_ws/src/install/unit_tester/lib'
[26.994s] Level 1:colcon.colcon_core.environment:checking '/home/jetson/ros2_ws/src/install/unit_tester/bin'
[26.994s] Level 1:colcon.colcon_core.environment:checking '/home/jetson/ros2_ws/src/install/unit_tester/lib/pkgconfig/unit_tester.pc'
[26.996s] Level 1:colcon.colcon_core.environment:checking '/home/jetson/ros2_ws/src/install/unit_tester/lib/python3.8/site-packages'
[26.996s] Level 1:colcon.colcon_core.shell:create_environment_hook('unit_tester', 'pythonpath')
[27.007s] INFO:colcon.colcon_core.shell:Creating environment hook '/home/jetson/ros2_ws/src/install/unit_tester/share/unit_tester/hook/pythonpath.ps1'
[27.010s] INFO:colcon.colcon_core.shell:Creating environment descriptor '/home/jetson/ros2_ws/src/install/unit_tester/share/unit_tester/hook/pythonpath.dsv'
[27.012s] INFO:colcon.colcon_core.shell:Creating environment hook '/home/jetson/ros2_ws/src/install/unit_tester/share/unit_tester/hook/pythonpath.sh'
[27.014s] Level 1:colcon.colcon_core.environment:checking '/home/jetson/ros2_ws/src/install/unit_tester/bin'
[27.014s] Level 1:colcon.colcon_core.environment:create_environment_scripts_only(unit_tester)
[27.016s] INFO:colcon.colcon_core.shell:Creating package script '/home/jetson/ros2_ws/src/install/unit_tester/share/unit_tester/package.ps1'
[27.019s] INFO:colcon.colcon_core.shell:Creating package descriptor '/home/jetson/ros2_ws/src/install/unit_tester/share/unit_tester/package.dsv'
[27.027s] INFO:colcon.colcon_core.shell:Creating package script '/home/jetson/ros2_ws/src/install/unit_tester/share/unit_tester/package.sh'
[27.031s] INFO:colcon.colcon_core.shell:Creating package script '/home/jetson/ros2_ws/src/install/unit_tester/share/unit_tester/package.bash'
[27.036s] INFO:colcon.colcon_core.shell:Creating package script '/home/jetson/ros2_ws/src/install/unit_tester/share/unit_tester/package.zsh'
[27.043s] Level 1:colcon.colcon_core.environment:create_file_with_runtime_dependencies(/home/jetson/ros2_ws/src/install/unit_tester/share/colcon-core/packages/unit_tester)
[27.425s] Level 1:colcon.colcon_core.environment:checking '/home/jetson/ros2_ws/src/install/vicon_bridge' for CMake module files
[27.429s] DEBUG:colcon.colcon_core.event_handler.log_command:Invoked command in '/home/jetson/ros2_ws/src/vicon_bridge' returned '0': PYTHONPATH=/home/jetson/ros2_ws/src/build/vicon_bridge/prefix_override:/usr/lib/python3/dist-packages/colcon_core/task/python/colcon_distutils_commands:/home/jetson/ros2_ws/src/install/vicon_bridge/lib/python3.8/site-packages:${PYTHONPATH} /usr/bin/python3 -W ignore:setup.py install is deprecated -W ignore:easy_install command is deprecated setup.py egg_info --egg-base ../build/vicon_bridge build --build-base /home/jetson/ros2_ws/src/build/vicon_bridge/build install --record /home/jetson/ros2_ws/src/build/vicon_bridge/install.log --install-scripts $base/lib/vicon_bridge --single-version-externally-managed install_data
[27.431s] Level 1:colcon.colcon_core.environment:checking '/home/jetson/ros2_ws/src/install/vicon_bridge' for CMake config files
[27.442s] Level 1:colcon.colcon_core.environment:checking '/home/jetson/ros2_ws/src/install/vicon_bridge/lib'
[27.442s] Level 1:colcon.colcon_core.environment:checking '/home/jetson/ros2_ws/src/install/vicon_bridge/bin'
[27.443s] Level 1:colcon.colcon_core.environment:checking '/home/jetson/ros2_ws/src/install/vicon_bridge/lib/pkgconfig/vicon_bridge.pc'
[27.444s] Level 1:colcon.colcon_core.environment:checking '/home/jetson/ros2_ws/src/install/vicon_bridge/lib/python3.8/site-packages'
[27.444s] Level 1:colcon.colcon_core.shell:create_environment_hook('vicon_bridge', 'pythonpath')
[27.446s] INFO:colcon.colcon_core.shell:Creating environment hook '/home/jetson/ros2_ws/src/install/vicon_bridge/share/vicon_bridge/hook/pythonpath.ps1'
[27.448s] INFO:colcon.colcon_core.shell:Creating environment descriptor '/home/jetson/ros2_ws/src/install/vicon_bridge/share/vicon_bridge/hook/pythonpath.dsv'
[27.458s] INFO:colcon.colcon_core.shell:Creating environment hook '/home/jetson/ros2_ws/src/install/vicon_bridge/share/vicon_bridge/hook/pythonpath.sh'
[27.461s] Level 1:colcon.colcon_core.environment:checking '/home/jetson/ros2_ws/src/install/vicon_bridge/bin'
[27.461s] Level 1:colcon.colcon_core.environment:create_environment_scripts_only(vicon_bridge)
[27.463s] INFO:colcon.colcon_core.shell:Creating package script '/home/jetson/ros2_ws/src/install/vicon_bridge/share/vicon_bridge/package.ps1'
[27.465s] INFO:colcon.colcon_core.shell:Creating package descriptor '/home/jetson/ros2_ws/src/install/vicon_bridge/share/vicon_bridge/package.dsv'
[27.467s] INFO:colcon.colcon_core.shell:Creating package script '/home/jetson/ros2_ws/src/install/vicon_bridge/share/vicon_bridge/package.sh'
[27.469s] INFO:colcon.colcon_core.shell:Creating package script '/home/jetson/ros2_ws/src/install/vicon_bridge/share/vicon_bridge/package.bash'
[27.470s] INFO:colcon.colcon_core.shell:Creating package script '/home/jetson/ros2_ws/src/install/vicon_bridge/share/vicon_bridge/package.zsh'
[27.472s] Level 1:colcon.colcon_core.environment:create_file_with_runtime_dependencies(/home/jetson/ros2_ws/src/install/vicon_bridge/share/colcon-core/packages/vicon_bridge)
[27.480s] DEBUG:colcon.colcon_parallel_executor.executor.parallel:closing loop
[27.481s] DEBUG:colcon.colcon_parallel_executor.executor.parallel:loop closed
[27.482s] DEBUG:colcon.colcon_parallel_executor.executor.parallel:run_until_complete finished with '0'
[27.483s] DEBUG:colcon.colcon_core.event_reactor:joining thread
[27.528s] INFO:colcon.colcon_core.plugin_system:Skipping extension 'colcon_notification.desktop_notification.terminal_notifier': Not used on non-Darwin systems
[27.528s] INFO:colcon.colcon_core.plugin_system:Skipping extension 'colcon_notification.desktop_notification.win32': Not used on non-Windows systems
[27.529s] INFO:colcon.colcon_notification.desktop_notification:Sending desktop notification using 'notify2'
[27.613s] DEBUG:colcon.colcon_core.event_reactor:joined thread
[27.614s] INFO:colcon.colcon_core.shell:Creating prefix script '/home/jetson/ros2_ws/src/install/local_setup.ps1'
[27.621s] INFO:colcon.colcon_core.shell:Creating prefix util module '/home/jetson/ros2_ws/src/install/_local_setup_util_ps1.py'
[27.633s] INFO:colcon.colcon_core.shell:Creating prefix chain script '/home/jetson/ros2_ws/src/install/setup.ps1'
[27.641s] INFO:colcon.colcon_core.shell:Creating prefix script '/home/jetson/ros2_ws/src/install/local_setup.sh'
[27.646s] INFO:colcon.colcon_core.shell:Creating prefix util module '/home/jetson/ros2_ws/src/install/_local_setup_util_sh.py'
[27.650s] INFO:colcon.colcon_core.shell:Creating prefix chain script '/home/jetson/ros2_ws/src/install/setup.sh'
[27.659s] INFO:colcon.colcon_core.shell:Creating prefix script '/home/jetson/ros2_ws/src/install/local_setup.bash'
[27.667s] INFO:colcon.colcon_core.shell:Creating prefix chain script '/home/jetson/ros2_ws/src/install/setup.bash'
[27.675s] INFO:colcon.colcon_core.shell:Creating prefix script '/home/jetson/ros2_ws/src/install/local_setup.zsh'
[27.680s] INFO:colcon.colcon_core.shell:Creating prefix chain script '/home/jetson/ros2_ws/src/install/setup.zsh'
