[10.276s] Invoking command in '/home/jetson/ros2_ws/src/image_saver': PYTHONPATH=/home/jetson/ros2_ws/src/build/image_saver/prefix_override:/usr/lib/python3/dist-packages/colcon_core/task/python/colcon_distutils_commands:/home/jetson/ros2_ws/src/install/image_saver/lib/python3.8/site-packages:${PYTHONPATH} /usr/bin/python3 -W ignore:setup.py install is deprecated -W ignore:easy_install command is deprecated setup.py egg_info --egg-base ../build/image_saver build --build-base /home/jetson/ros2_ws/src/build/image_saver/build install --record /home/jetson/ros2_ws/src/build/image_saver/install.log --install-scripts $base/lib/image_saver --single-version-externally-managed install_data
[13.030s] /usr/local/lib/python3.8/dist-packages/setuptools/dist.py:717: UserWarning: Usage of dash-separated 'script-dir' will not be supported in future versions. Please use the underscore name 'script_dir' instead
[13.030s]   warnings.warn(
[13.318s] running egg_info
[13.335s] writing ../build/image_saver/image_saver.egg-info/PKG-INFO
[13.340s] writing dependency_links to ../build/image_saver/image_saver.egg-info/dependency_links.txt
[13.344s] writing entry points to ../build/image_saver/image_saver.egg-info/entry_points.txt
[13.350s] writing requirements to ../build/image_saver/image_saver.egg-info/requires.txt
[13.356s] writing top-level names to ../build/image_saver/image_saver.egg-info/top_level.txt
[13.393s] reading manifest file '../build/image_saver/image_saver.egg-info/SOURCES.txt'
[13.401s] writing manifest file '../build/image_saver/image_saver.egg-info/SOURCES.txt'
[13.405s] running build
[13.406s] running build_py
[13.412s] running install
[13.420s] running install_lib
[13.433s] running install_data
[13.435s] running install_egg_info
[13.450s] removing '/home/jetson/ros2_ws/src/install/image_saver/lib/python3.8/site-packages/image_saver-0.0.0-py3.8.egg-info' (and everything under it)
[13.475s] Copying ../build/image_saver/image_saver.egg-info to /home/jetson/ros2_ws/src/install/image_saver/lib/python3.8/site-packages/image_saver-0.0.0-py3.8.egg-info
[13.545s] running install_scripts
[13.665s] Installing camera_saver script to /home/jetson/ros2_ws/src/install/image_saver/lib/image_saver
[13.668s] writing list of installed files to '/home/jetson/ros2_ws/src/build/image_saver/install.log'
[16.356s] Invoked command in '/home/jetson/ros2_ws/src/image_saver' returned '0': PYTHONPATH=/home/jetson/ros2_ws/src/build/image_saver/prefix_override:/usr/lib/python3/dist-packages/colcon_core/task/python/colcon_distutils_commands:/home/jetson/ros2_ws/src/install/image_saver/lib/python3.8/site-packages:${PYTHONPATH} /usr/bin/python3 -W ignore:setup.py install is deprecated -W ignore:easy_install command is deprecated setup.py egg_info --egg-base ../build/image_saver build --build-base /home/jetson/ros2_ws/src/build/image_saver/build install --record /home/jetson/ros2_ws/src/build/image_saver/install.log --install-scripts $base/lib/image_saver --single-version-externally-managed install_data
