[6.331s] Invoking command in '/home/jetson/ros2_ws/src/comm_node': PYTHONPATH=/home/jetson/ros2_ws/src/build/comm_node/prefix_override:/usr/lib/python3/dist-packages/colcon_core/task/python/colcon_distutils_commands:/home/jetson/ros2_ws/src/install/comm_node/lib/python3.8/site-packages:${PYTHONPATH} /usr/bin/python3 -W ignore:setup.py install is deprecated -W ignore:easy_install command is deprecated setup.py egg_info --egg-base ../build/comm_node build --build-base /home/jetson/ros2_ws/src/build/comm_node/build install --record /home/jetson/ros2_ws/src/build/comm_node/install.log --install-scripts $base/lib/comm_node --single-version-externally-managed install_data
[8.098s] /usr/local/lib/python3.8/dist-packages/setuptools/dist.py:717: UserWarning: Usage of dash-separated 'script-dir' will not be supported in future versions. Please use the underscore name 'script_dir' instead
[8.099s]   warnings.warn(
[8.436s] running egg_info
[8.439s] writing ../build/comm_node/comm_node.egg-info/PKG-INFO
[8.441s] writing dependency_links to ../build/comm_node/comm_node.egg-info/dependency_links.txt
[8.441s] writing entry points to ../build/comm_node/comm_node.egg-info/entry_points.txt
[8.442s] writing requirements to ../build/comm_node/comm_node.egg-info/requires.txt
[8.446s] writing top-level names to ../build/comm_node/comm_node.egg-info/top_level.txt
[8.487s] reading manifest file '../build/comm_node/comm_node.egg-info/SOURCES.txt'
[8.497s] writing manifest file '../build/comm_node/comm_node.egg-info/SOURCES.txt'
[8.498s] running build
[8.499s] running build_py
[8.506s] running install
[8.519s] running install_lib
[8.532s] running install_data
[8.534s] running install_egg_info
[8.545s] removing '/home/jetson/ros2_ws/src/install/comm_node/lib/python3.8/site-packages/comm_node-0.0.1-py3.8.egg-info' (and everything under it)
[8.554s] Copying ../build/comm_node/comm_node.egg-info to /home/jetson/ros2_ws/src/install/comm_node/lib/python3.8/site-packages/comm_node-0.0.1-py3.8.egg-info
[8.568s] running install_scripts
[8.665s] Installing comm script to /home/jetson/ros2_ws/src/install/comm_node/lib/comm_node
[8.669s] writing list of installed files to '/home/jetson/ros2_ws/src/build/comm_node/install.log'
[8.797s] Invoked command in '/home/jetson/ros2_ws/src/comm_node' returned '0': PYTHONPATH=/home/jetson/ros2_ws/src/build/comm_node/prefix_override:/usr/lib/python3/dist-packages/colcon_core/task/python/colcon_distutils_commands:/home/jetson/ros2_ws/src/install/comm_node/lib/python3.8/site-packages:${PYTHONPATH} /usr/bin/python3 -W ignore:setup.py install is deprecated -W ignore:easy_install command is deprecated setup.py egg_info --egg-base ../build/comm_node build --build-base /home/jetson/ros2_ws/src/build/comm_node/build install --record /home/jetson/ros2_ws/src/build/comm_node/install.log --install-scripts $base/lib/comm_node --single-version-externally-managed install_data
