[8.958s] Invoking command in '/home/jetson/ros2_ws/src/vicon_bridge': PYTHONPATH=/home/jetson/ros2_ws/build/vicon_bridge/prefix_override:/usr/lib/python3/dist-packages/colcon_core/task/python/colcon_distutils_commands:/home/jetson/ros2_ws/install/vicon_bridge/lib/python3.8/site-packages:${PYTHONPATH} /usr/bin/python3 -W ignore:setup.py install is deprecated -W ignore:easy_install command is deprecated setup.py egg_info --egg-base ../../build/vicon_bridge build --build-base /home/jetson/ros2_ws/build/vicon_bridge/build install --record /home/jetson/ros2_ws/build/vicon_bridge/install.log --install-scripts $base/lib/vicon_bridge --single-version-externally-managed install_data
[11.613s] /usr/local/lib/python3.8/dist-packages/setuptools/dist.py:717: UserWarning: Usage of dash-separated 'script-dir' will not be supported in future versions. Please use the underscore name 'script_dir' instead
[11.614s]   warnings.warn(
[11.946s] running egg_info
[11.953s] writing ../../build/vicon_bridge/vicon_bridge.egg-info/PKG-INFO
[11.954s] writing dependency_links to ../../build/vicon_bridge/vicon_bridge.egg-info/dependency_links.txt
[11.956s] writing entry points to ../../build/vicon_bridge/vicon_bridge.egg-info/entry_points.txt
[11.956s] writing requirements to ../../build/vicon_bridge/vicon_bridge.egg-info/requires.txt
[11.961s] writing top-level names to ../../build/vicon_bridge/vicon_bridge.egg-info/top_level.txt
[11.985s] reading manifest file '../../build/vicon_bridge/vicon_bridge.egg-info/SOURCES.txt'
[11.997s] writing manifest file '../../build/vicon_bridge/vicon_bridge.egg-info/SOURCES.txt'
[12.000s] running build
[12.001s] running build_py
[12.005s] running install
[12.005s] running install_lib
[12.011s] running install_data
[12.014s] running install_egg_info
[12.097s] removing '/home/jetson/ros2_ws/install/vicon_bridge/lib/python3.8/site-packages/vicon_bridge-0.0.0-py3.8.egg-info' (and everything under it)
[12.099s] Copying ../../build/vicon_bridge/vicon_bridge.egg-info to /home/jetson/ros2_ws/install/vicon_bridge/lib/python3.8/site-packages/vicon_bridge-0.0.0-py3.8.egg-info
[12.100s] running install_scripts
[12.313s] Installing vicon_bridge script to /home/jetson/ros2_ws/install/vicon_bridge/lib/vicon_bridge
[12.323s] writing list of installed files to '/home/jetson/ros2_ws/build/vicon_bridge/install.log'
[12.582s] Invoked command in '/home/jetson/ros2_ws/src/vicon_bridge' returned '0': PYTHONPATH=/home/jetson/ros2_ws/build/vicon_bridge/prefix_override:/usr/lib/python3/dist-packages/colcon_core/task/python/colcon_distutils_commands:/home/jetson/ros2_ws/install/vicon_bridge/lib/python3.8/site-packages:${PYTHONPATH} /usr/bin/python3 -W ignore:setup.py install is deprecated -W ignore:easy_install command is deprecated setup.py egg_info --egg-base ../../build/vicon_bridge build --build-base /home/jetson/ros2_ws/build/vicon_bridge/build install --record /home/jetson/ros2_ws/build/vicon_bridge/install.log --install-scripts $base/lib/vicon_bridge --single-version-externally-managed install_data
