[13.862s] Invoking command in '/home/jetson/ros2_ws/build/comm_node': PYTHONPATH=/home/jetson/ros2_ws/build/comm_node/prefix_override:/usr/lib/python3/dist-packages/colcon_core/task/python/colcon_distutils_commands:/home/jetson/ros2_ws/install/comm_node/lib/python3.8/site-packages:${PYTHONPATH} /usr/bin/python3 -W ignore:setup.py install is deprecated -W ignore:easy_install command is deprecated setup.py develop --uninstall --editable --build-directory /home/jetson/ros2_ws/build/comm_node/build
[15.999s] /usr/local/lib/python3.8/dist-packages/setuptools/dist.py:717: UserWarning: Usage of dash-separated 'script-dir' will not be supported in future versions. Please use the underscore name 'script_dir' instead
[16.000s]   warnings.warn(
[16.257s] running develop
[17.253s] Removing /home/jetson/ros2_ws/install/comm_node/lib/python3.8/site-packages/comm-node.egg-link (link to .)
[17.892s] Invoked command in '/home/jetson/ros2_ws/build/comm_node' returned '0': PYTHONPATH=/home/jetson/ros2_ws/build/comm_node/prefix_override:/usr/lib/python3/dist-packages/colcon_core/task/python/colcon_distutils_commands:/home/jetson/ros2_ws/install/comm_node/lib/python3.8/site-packages:${PYTHONPATH} /usr/bin/python3 -W ignore:setup.py install is deprecated -W ignore:easy_install command is deprecated setup.py develop --uninstall --editable --build-directory /home/jetson/ros2_ws/build/comm_node/build
[17.896s] Invoking command in '/home/jetson/ros2_ws/src/comm_node': PYTHONPATH=/home/jetson/ros2_ws/build/comm_node/prefix_override:/usr/lib/python3/dist-packages/colcon_core/task/python/colcon_distutils_commands:/home/jetson/ros2_ws/install/comm_node/lib/python3.8/site-packages:${PYTHONPATH} /usr/bin/python3 -W ignore:setup.py install is deprecated -W ignore:easy_install command is deprecated setup.py egg_info --egg-base ../../build/comm_node build --build-base /home/jetson/ros2_ws/build/comm_node/build install --record /home/jetson/ros2_ws/build/comm_node/install.log --install-scripts $base/lib/comm_node --single-version-externally-managed install_data --force
[19.387s] /usr/local/lib/python3.8/dist-packages/setuptools/dist.py:717: UserWarning: Usage of dash-separated 'script-dir' will not be supported in future versions. Please use the underscore name 'script_dir' instead
[19.388s]   warnings.warn(
[19.540s] running egg_info
[19.542s] writing ../../build/comm_node/comm_node.egg-info/PKG-INFO
[19.543s] writing dependency_links to ../../build/comm_node/comm_node.egg-info/dependency_links.txt
[19.544s] writing entry points to ../../build/comm_node/comm_node.egg-info/entry_points.txt
[19.544s] writing requirements to ../../build/comm_node/comm_node.egg-info/requires.txt
[19.545s] writing top-level names to ../../build/comm_node/comm_node.egg-info/top_level.txt
[19.560s] reading manifest file '../../build/comm_node/comm_node.egg-info/SOURCES.txt'
[19.564s] writing manifest file '../../build/comm_node/comm_node.egg-info/SOURCES.txt'
[19.565s] running build
[19.566s] running build_py
[19.567s] creating /home/jetson/ros2_ws/build/comm_node/build
[19.567s] creating /home/jetson/ros2_ws/build/comm_node/build/lib
[19.567s] creating /home/jetson/ros2_ws/build/comm_node/build/lib/comm_node
[19.568s] copying comm_node/__init__.py -> /home/jetson/ros2_ws/build/comm_node/build/lib/comm_node
[19.568s] copying comm_node/comm.py -> /home/jetson/ros2_ws/build/comm_node/build/lib/comm_node
[19.569s] running install
[19.574s] running install_lib
[19.578s] creating /home/jetson/ros2_ws/install/comm_node/lib/python3.8/site-packages/comm_node
[19.578s] copying /home/jetson/ros2_ws/build/comm_node/build/lib/comm_node/__init__.py -> /home/jetson/ros2_ws/install/comm_node/lib/python3.8/site-packages/comm_node
[19.579s] copying /home/jetson/ros2_ws/build/comm_node/build/lib/comm_node/comm.py -> /home/jetson/ros2_ws/install/comm_node/lib/python3.8/site-packages/comm_node
[19.582s] byte-compiling /home/jetson/ros2_ws/install/comm_node/lib/python3.8/site-packages/comm_node/__init__.py to __init__.cpython-38.pyc
[19.583s] byte-compiling /home/jetson/ros2_ws/install/comm_node/lib/python3.8/site-packages/comm_node/comm.py to comm.cpython-38.pyc
[19.588s] running install_data
[19.588s] copying resource/comm_node -> /home/jetson/ros2_ws/install/comm_node/share/ament_index/resource_index/packages
[19.590s] copying package.xml -> /home/jetson/ros2_ws/install/comm_node/share/comm_node
[19.591s] running install_egg_info
[19.599s] Copying ../../build/comm_node/comm_node.egg-info to /home/jetson/ros2_ws/install/comm_node/lib/python3.8/site-packages/comm_node-0.0.1-py3.8.egg-info
[19.603s] running install_scripts
[19.702s] Installing comm script to /home/jetson/ros2_ws/install/comm_node/lib/comm_node
[19.704s] writing list of installed files to '/home/jetson/ros2_ws/build/comm_node/install.log'
[20.400s] Invoked command in '/home/jetson/ros2_ws/src/comm_node' returned '0': PYTHONPATH=/home/jetson/ros2_ws/build/comm_node/prefix_override:/usr/lib/python3/dist-packages/colcon_core/task/python/colcon_distutils_commands:/home/jetson/ros2_ws/install/comm_node/lib/python3.8/site-packages:${PYTHONPATH} /usr/bin/python3 -W ignore:setup.py install is deprecated -W ignore:easy_install command is deprecated setup.py egg_info --egg-base ../../build/comm_node build --build-base /home/jetson/ros2_ws/build/comm_node/build install --record /home/jetson/ros2_ws/build/comm_node/install.log --install-scripts $base/lib/comm_node --single-version-externally-managed install_data --force
