[7.003s] Invoking command in '/home/jetson/ros2_ws/src/api_waypoint': PYTHONPATH=/home/jetson/ros2_ws/build/api_waypoint/prefix_override:/usr/lib/python3/dist-packages/colcon_core/task/python/colcon_distutils_commands:/home/jetson/ros2_ws/install/api_waypoint/lib/python3.8/site-packages:${PYTHONPATH} /usr/bin/python3 -W ignore:setup.py install is deprecated -W ignore:easy_install command is deprecated setup.py egg_info --egg-base ../../build/api_waypoint build --build-base /home/jetson/ros2_ws/build/api_waypoint/build install --record /home/jetson/ros2_ws/build/api_waypoint/install.log --install-scripts $base/lib/api_waypoint --single-version-externally-managed install_data
[8.895s] /usr/local/lib/python3.8/dist-packages/setuptools/dist.py:717: UserWarning: Usage of dash-separated 'script-dir' will not be supported in future versions. Please use the underscore name 'script_dir' instead
[8.896s]   warnings.warn(
[9.048s] running egg_info
[9.051s] writing ../../build/api_waypoint/api_waypoint.egg-info/PKG-INFO
[9.054s] writing dependency_links to ../../build/api_waypoint/api_waypoint.egg-info/dependency_links.txt
[9.055s] writing entry points to ../../build/api_waypoint/api_waypoint.egg-info/entry_points.txt
[9.056s] writing requirements to ../../build/api_waypoint/api_waypoint.egg-info/requires.txt
[9.057s] writing top-level names to ../../build/api_waypoint/api_waypoint.egg-info/top_level.txt
[9.071s] reading manifest file '../../build/api_waypoint/api_waypoint.egg-info/SOURCES.txt'
[9.077s] writing manifest file '../../build/api_waypoint/api_waypoint.egg-info/SOURCES.txt'
[9.077s] running build
[9.078s] running build_py
[9.083s] copying api_waypoint/api_waypoint_node.py -> /home/jetson/ros2_ws/build/api_waypoint/build/lib/api_waypoint
[9.084s] running install
[9.088s] running install_lib
[9.093s] copying /home/jetson/ros2_ws/build/api_waypoint/build/lib/api_waypoint/api_waypoint_node.py -> /home/jetson/ros2_ws/install/api_waypoint/lib/python3.8/site-packages/api_waypoint
[9.098s] byte-compiling /home/jetson/ros2_ws/install/api_waypoint/lib/python3.8/site-packages/api_waypoint/api_waypoint_node.py to api_waypoint_node.cpython-38.pyc
[9.104s] running install_data
[9.106s] running install_egg_info
[9.119s] removing '/home/jetson/ros2_ws/install/api_waypoint/lib/python3.8/site-packages/api_waypoint-0.0.0-py3.8.egg-info' (and everything under it)
[9.119s] Copying ../../build/api_waypoint/api_waypoint.egg-info to /home/jetson/ros2_ws/install/api_waypoint/lib/python3.8/site-packages/api_waypoint-0.0.0-py3.8.egg-info
[9.121s] running install_scripts
[9.217s] Installing api_waypoint_node script to /home/jetson/ros2_ws/install/api_waypoint/lib/api_waypoint
[9.221s] writing list of installed files to '/home/jetson/ros2_ws/build/api_waypoint/install.log'
[9.835s] Invoked command in '/home/jetson/ros2_ws/src/api_waypoint' returned '0': PYTHONPATH=/home/jetson/ros2_ws/build/api_waypoint/prefix_override:/usr/lib/python3/dist-packages/colcon_core/task/python/colcon_distutils_commands:/home/jetson/ros2_ws/install/api_waypoint/lib/python3.8/site-packages:${PYTHONPATH} /usr/bin/python3 -W ignore:setup.py install is deprecated -W ignore:easy_install command is deprecated setup.py egg_info --egg-base ../../build/api_waypoint build --build-base /home/jetson/ros2_ws/build/api_waypoint/build install --record /home/jetson/ros2_ws/build/api_waypoint/install.log --install-scripts $base/lib/api_waypoint --single-version-externally-managed install_data
