[5.301s] Invoking command in '/home/jetson/ros2_ws/src/vicon_bridge': PYTHONPATH=/home/jetson/ros2_ws/src/build/vicon_bridge/prefix_override:/usr/lib/python3/dist-packages/colcon_core/task/python/colcon_distutils_commands:/home/jetson/ros2_ws/src/install/vicon_bridge/lib/python3.8/site-packages:${PYTHONPATH} /usr/bin/python3 -W ignore:setup.py install is deprecated -W ignore:easy_install command is deprecated setup.py egg_info --egg-base ../build/vicon_bridge build --build-base /home/jetson/ros2_ws/src/build/vicon_bridge/build install --record /home/jetson/ros2_ws/src/build/vicon_bridge/install.log --install-scripts $base/lib/vicon_bridge --single-version-externally-managed install_data
[6.665s] /usr/local/lib/python3.8/dist-packages/setuptools/dist.py:717: UserWarning: Usage of dash-separated 'script-dir' will not be supported in future versions. Please use the underscore name 'script_dir' instead
[6.666s]   warnings.warn(
[6.818s] running egg_info
[6.823s] writing ../build/vicon_bridge/vicon_bridge.egg-info/PKG-INFO
[6.824s] writing dependency_links to ../build/vicon_bridge/vicon_bridge.egg-info/dependency_links.txt
[6.824s] writing entry points to ../build/vicon_bridge/vicon_bridge.egg-info/entry_points.txt
[6.825s] writing requirements to ../build/vicon_bridge/vicon_bridge.egg-info/requires.txt
[6.825s] writing top-level names to ../build/vicon_bridge/vicon_bridge.egg-info/top_level.txt
[6.831s] reading manifest file '../build/vicon_bridge/vicon_bridge.egg-info/SOURCES.txt'
[6.836s] writing manifest file '../build/vicon_bridge/vicon_bridge.egg-info/SOURCES.txt'
[6.837s] running build
[6.837s] running build_py
[6.846s] running install
[6.847s] running install_lib
[6.848s] running install_data
[6.849s] running install_egg_info
[6.856s] removing '/home/jetson/ros2_ws/src/install/vicon_bridge/lib/python3.8/site-packages/vicon_bridge-0.0.0-py3.8.egg-info' (and everything under it)
[6.857s] Copying ../build/vicon_bridge/vicon_bridge.egg-info to /home/jetson/ros2_ws/src/install/vicon_bridge/lib/python3.8/site-packages/vicon_bridge-0.0.0-py3.8.egg-info
[6.862s] running install_scripts
[6.947s] Installing vicon_bridge script to /home/jetson/ros2_ws/src/install/vicon_bridge/lib/vicon_bridge
[6.948s] writing list of installed files to '/home/jetson/ros2_ws/src/build/vicon_bridge/install.log'
[7.052s] Invoked command in '/home/jetson/ros2_ws/src/vicon_bridge' returned '0': PYTHONPATH=/home/jetson/ros2_ws/src/build/vicon_bridge/prefix_override:/usr/lib/python3/dist-packages/colcon_core/task/python/colcon_distutils_commands:/home/jetson/ros2_ws/src/install/vicon_bridge/lib/python3.8/site-packages:${PYTHONPATH} /usr/bin/python3 -W ignore:setup.py install is deprecated -W ignore:easy_install command is deprecated setup.py egg_info --egg-base ../build/vicon_bridge build --build-base /home/jetson/ros2_ws/src/build/vicon_bridge/build install --record /home/jetson/ros2_ws/src/build/vicon_bridge/install.log --install-scripts $base/lib/vicon_bridge --single-version-externally-managed install_data
