[8.596s] Invoking command in '/home/jetson/ros2_ws/src/realsense2mavros': PYTHONPATH=/home/jetson/ros2_ws/src/build/realsense2mavros/prefix_override:/usr/lib/python3/dist-packages/colcon_core/task/python/colcon_distutils_commands:/home/jetson/ros2_ws/src/install/realsense2mavros/lib/python3.8/site-packages:${PYTHONPATH} /usr/bin/python3 -W ignore:setup.py install is deprecated -W ignore:easy_install command is deprecated setup.py egg_info --egg-base ../build/realsense2mavros build --build-base /home/jetson/ros2_ws/src/build/realsense2mavros/build install --record /home/jetson/ros2_ws/src/build/realsense2mavros/install.log --install-scripts $base/lib/realsense2mavros --single-version-externally-managed install_data
[10.538s] /usr/local/lib/python3.8/dist-packages/setuptools/dist.py:717: UserWarning: Usage of dash-separated 'script-dir' will not be supported in future versions. Please use the underscore name 'script_dir' instead
[10.538s]   warnings.warn(
[10.804s] running egg_info
[10.808s] writing ../build/realsense2mavros/realsense2mavros.egg-info/PKG-INFO
[10.809s] writing dependency_links to ../build/realsense2mavros/realsense2mavros.egg-info/dependency_links.txt
[10.811s] writing entry points to ../build/realsense2mavros/realsense2mavros.egg-info/entry_points.txt
[10.812s] writing requirements to ../build/realsense2mavros/realsense2mavros.egg-info/requires.txt
[10.813s] writing top-level names to ../build/realsense2mavros/realsense2mavros.egg-info/top_level.txt
[10.846s] reading manifest file '../build/realsense2mavros/realsense2mavros.egg-info/SOURCES.txt'
[10.856s] writing manifest file '../build/realsense2mavros/realsense2mavros.egg-info/SOURCES.txt'
[10.858s] running build
[10.858s] running build_py
[10.860s] running install
[10.865s] running install_lib
[10.873s] running install_data
[10.876s] running install_egg_info
[10.887s] removing '/home/jetson/ros2_ws/src/install/realsense2mavros/lib/python3.8/site-packages/realsense2mavros-0.0.0-py3.8.egg-info' (and everything under it)
[10.890s] Copying ../build/realsense2mavros/realsense2mavros.egg-info to /home/jetson/ros2_ws/src/install/realsense2mavros/lib/python3.8/site-packages/realsense2mavros-0.0.0-py3.8.egg-info
[10.902s] running install_scripts
[11.020s] Installing realsense2mavros script to /home/jetson/ros2_ws/src/install/realsense2mavros/lib/realsense2mavros
[11.022s] writing list of installed files to '/home/jetson/ros2_ws/src/build/realsense2mavros/install.log'
[12.531s] Invoked command in '/home/jetson/ros2_ws/src/realsense2mavros' returned '0': PYTHONPATH=/home/jetson/ros2_ws/src/build/realsense2mavros/prefix_override:/usr/lib/python3/dist-packages/colcon_core/task/python/colcon_distutils_commands:/home/jetson/ros2_ws/src/install/realsense2mavros/lib/python3.8/site-packages:${PYTHONPATH} /usr/bin/python3 -W ignore:setup.py install is deprecated -W ignore:easy_install command is deprecated setup.py egg_info --egg-base ../build/realsense2mavros build --build-base /home/jetson/ros2_ws/src/build/realsense2mavros/build install --record /home/jetson/ros2_ws/src/build/realsense2mavros/install.log --install-scripts $base/lib/realsense2mavros --single-version-externally-managed install_data
