[9.575s] Invoking command in '/home/jetson/ros2_ws/src/api_waypoint': PYTHONPATH=/home/jetson/ros2_ws/src/build/api_waypoint/prefix_override:/usr/lib/python3/dist-packages/colcon_core/task/python/colcon_distutils_commands:/home/jetson/ros2_ws/src/install/api_waypoint/lib/python3.8/site-packages:${PYTHONPATH} /usr/bin/python3 -W ignore:setup.py install is deprecated -W ignore:easy_install command is deprecated setup.py egg_info --egg-base ../build/api_waypoint build --build-base /home/jetson/ros2_ws/src/build/api_waypoint/build install --record /home/jetson/ros2_ws/src/build/api_waypoint/install.log --install-scripts $base/lib/api_waypoint --single-version-externally-managed install_data
[11.805s] /usr/local/lib/python3.8/dist-packages/setuptools/dist.py:717: UserWarning: Usage of dash-separated 'script-dir' will not be supported in future versions. Please use the underscore name 'script_dir' instead
[11.808s]   warnings.warn(
[12.138s] running egg_info
[12.139s] writing ../build/api_waypoint/api_waypoint.egg-info/PKG-INFO
[12.140s] writing dependency_links to ../build/api_waypoint/api_waypoint.egg-info/dependency_links.txt
[12.140s] writing entry points to ../build/api_waypoint/api_waypoint.egg-info/entry_points.txt
[12.141s] writing requirements to ../build/api_waypoint/api_waypoint.egg-info/requires.txt
[12.141s] writing top-level names to ../build/api_waypoint/api_waypoint.egg-info/top_level.txt
[12.159s] reading manifest file '../build/api_waypoint/api_waypoint.egg-info/SOURCES.txt'
[12.170s] writing manifest file '../build/api_waypoint/api_waypoint.egg-info/SOURCES.txt'
[12.171s] running build
[12.171s] running build_py
[12.173s] running install
[12.178s] running install_lib
[12.189s] running install_data
[12.189s] running install_egg_info
[12.203s] removing '/home/jetson/ros2_ws/src/install/api_waypoint/lib/python3.8/site-packages/api_waypoint-0.0.0-py3.8.egg-info' (and everything under it)
[12.204s] Copying ../build/api_waypoint/api_waypoint.egg-info to /home/jetson/ros2_ws/src/install/api_waypoint/lib/python3.8/site-packages/api_waypoint-0.0.0-py3.8.egg-info
[12.215s] running install_scripts
[12.333s] Installing api_waypoint_node script to /home/jetson/ros2_ws/src/install/api_waypoint/lib/api_waypoint
[12.334s] writing list of installed files to '/home/jetson/ros2_ws/src/build/api_waypoint/install.log'
[12.452s] Invoked command in '/home/jetson/ros2_ws/src/api_waypoint' returned '0': PYTHONPATH=/home/jetson/ros2_ws/src/build/api_waypoint/prefix_override:/usr/lib/python3/dist-packages/colcon_core/task/python/colcon_distutils_commands:/home/jetson/ros2_ws/src/install/api_waypoint/lib/python3.8/site-packages:${PYTHONPATH} /usr/bin/python3 -W ignore:setup.py install is deprecated -W ignore:easy_install command is deprecated setup.py egg_info --egg-base ../build/api_waypoint build --build-base /home/jetson/ros2_ws/src/build/api_waypoint/build install --record /home/jetson/ros2_ws/src/build/api_waypoint/install.log --install-scripts $base/lib/api_waypoint --single-version-externally-managed install_data
