[11.844s] Invoking command in '/home/jetson/ros2_ws/src/comm_node': PYTHONPATH=/home/jetson/ros2_ws/src/build/comm_node/prefix_override:/usr/lib/python3/dist-packages/colcon_core/task/python/colcon_distutils_commands:/home/jetson/ros2_ws/src/install/comm_node/lib/python3.8/site-packages:${PYTHONPATH} /usr/bin/python3 -W ignore:setup.py install is deprecated -W ignore:easy_install command is deprecated setup.py egg_info --egg-base ../build/comm_node build --build-base /home/jetson/ros2_ws/src/build/comm_node/build install --record /home/jetson/ros2_ws/src/build/comm_node/install.log --install-scripts $base/lib/comm_node --single-version-externally-managed install_data
[15.359s] /usr/local/lib/python3.8/dist-packages/setuptools/dist.py:717: UserWarning: Usage of dash-separated 'script-dir' will not be supported in future versions. Please use the underscore name 'script_dir' instead
[15.360s]   warnings.warn(
[16.039s] running egg_info
[16.056s] writing ../build/comm_node/comm_node.egg-info/PKG-INFO
[16.062s] writing dependency_links to ../build/comm_node/comm_node.egg-info/dependency_links.txt
[16.066s] writing entry points to ../build/comm_node/comm_node.egg-info/entry_points.txt
[16.071s] writing requirements to ../build/comm_node/comm_node.egg-info/requires.txt
[16.077s] writing top-level names to ../build/comm_node/comm_node.egg-info/top_level.txt
[16.104s] reading manifest file '../build/comm_node/comm_node.egg-info/SOURCES.txt'
[16.112s] writing manifest file '../build/comm_node/comm_node.egg-info/SOURCES.txt'
[16.116s] running build
[16.117s] running build_py
[16.121s] running install
[16.129s] running install_lib
[16.140s] running install_data
[16.143s] running install_egg_info
[16.163s] removing '/home/jetson/ros2_ws/src/install/comm_node/lib/python3.8/site-packages/comm_node-0.0.1-py3.8.egg-info' (and everything under it)
[16.171s] Copying ../build/comm_node/comm_node.egg-info to /home/jetson/ros2_ws/src/install/comm_node/lib/python3.8/site-packages/comm_node-0.0.1-py3.8.egg-info
[16.172s] running install_scripts
[16.337s] Installing comm script to /home/jetson/ros2_ws/src/install/comm_node/lib/comm_node
[16.341s] writing list of installed files to '/home/jetson/ros2_ws/src/build/comm_node/install.log'
[17.921s] Invoked command in '/home/jetson/ros2_ws/src/comm_node' returned '0': PYTHONPATH=/home/jetson/ros2_ws/src/build/comm_node/prefix_override:/usr/lib/python3/dist-packages/colcon_core/task/python/colcon_distutils_commands:/home/jetson/ros2_ws/src/install/comm_node/lib/python3.8/site-packages:${PYTHONPATH} /usr/bin/python3 -W ignore:setup.py install is deprecated -W ignore:easy_install command is deprecated setup.py egg_info --egg-base ../build/comm_node build --build-base /home/jetson/ros2_ws/src/build/comm_node/build install --record /home/jetson/ros2_ws/src/build/comm_node/install.log --install-scripts $base/lib/comm_node --single-version-externally-managed install_data
