[13.841s] Invoking command in '/home/jetson/ros2_ws/src/exer3_control': PYTHONPATH=/home/jetson/ros2_ws/src/build/exer3_control/prefix_override:/usr/lib/python3/dist-packages/colcon_core/task/python/colcon_distutils_commands:/home/jetson/ros2_ws/src/install/exer3_control/lib/python3.8/site-packages:${PYTHONPATH} /usr/bin/python3 -W ignore:setup.py install is deprecated -W ignore:easy_install command is deprecated setup.py egg_info --egg-base ../build/exer3_control build --build-base /home/jetson/ros2_ws/src/build/exer3_control/build install --record /home/jetson/ros2_ws/src/build/exer3_control/install.log --install-scripts $base/lib/exer3_control --single-version-externally-managed install_data
[16.087s] /usr/local/lib/python3.8/dist-packages/setuptools/dist.py:717: UserWarning: Usage of dash-separated 'script-dir' will not be supported in future versions. Please use the underscore name 'script_dir' instead
[16.087s]   warnings.warn(
[16.438s] running egg_info
[16.450s] writing ../build/exer3_control/exer3_control.egg-info/PKG-INFO
[16.460s] writing dependency_links to ../build/exer3_control/exer3_control.egg-info/dependency_links.txt
[16.465s] writing entry points to ../build/exer3_control/exer3_control.egg-info/entry_points.txt
[16.468s] writing requirements to ../build/exer3_control/exer3_control.egg-info/requires.txt
[16.471s] writing top-level names to ../build/exer3_control/exer3_control.egg-info/top_level.txt
[16.493s] reading manifest file '../build/exer3_control/exer3_control.egg-info/SOURCES.txt'
[16.504s] writing manifest file '../build/exer3_control/exer3_control.egg-info/SOURCES.txt'
[16.510s] running build
[16.512s] running build_py
[16.518s] running install
[16.529s] running install_lib
[16.541s] running install_data
[16.543s] running install_egg_info
[16.555s] removing '/home/jetson/ros2_ws/src/install/exer3_control/lib/python3.8/site-packages/exer3_control-0.0.0-py3.8.egg-info' (and everything under it)
[16.579s] Copying ../build/exer3_control/exer3_control.egg-info to /home/jetson/ros2_ws/src/install/exer3_control/lib/python3.8/site-packages/exer3_control-0.0.0-py3.8.egg-info
[16.591s] running install_scripts
[16.802s] Installing flight_controller script to /home/jetson/ros2_ws/src/install/exer3_control/lib/exer3_control
[16.815s] Installing grabber script to /home/jetson/ros2_ws/src/install/exer3_control/lib/exer3_control
[16.819s] Installing plotter script to /home/jetson/ros2_ws/src/install/exer3_control/lib/exer3_control
[16.825s] writing list of installed files to '/home/jetson/ros2_ws/src/build/exer3_control/install.log'
[17.055s] Invoked command in '/home/jetson/ros2_ws/src/exer3_control' returned '0': PYTHONPATH=/home/jetson/ros2_ws/src/build/exer3_control/prefix_override:/usr/lib/python3/dist-packages/colcon_core/task/python/colcon_distutils_commands:/home/jetson/ros2_ws/src/install/exer3_control/lib/python3.8/site-packages:${PYTHONPATH} /usr/bin/python3 -W ignore:setup.py install is deprecated -W ignore:easy_install command is deprecated setup.py egg_info --egg-base ../build/exer3_control build --build-base /home/jetson/ros2_ws/src/build/exer3_control/build install --record /home/jetson/ros2_ws/src/build/exer3_control/install.log --install-scripts $base/lib/exer3_control --single-version-externally-managed install_data
