[8.482s] Invoking command in '/home/jetson/ros2_ws/src/exer2_control': PYTHONPATH=/home/jetson/ros2_ws/src/build/exer2_control/prefix_override:/usr/lib/python3/dist-packages/colcon_core/task/python/colcon_distutils_commands:/home/jetson/ros2_ws/src/install/exer2_control/lib/python3.8/site-packages:${PYTHONPATH} /usr/bin/python3 -W ignore:setup.py install is deprecated -W ignore:easy_install command is deprecated setup.py egg_info --egg-base ../build/exer2_control build --build-base /home/jetson/ros2_ws/src/build/exer2_control/build install --record /home/jetson/ros2_ws/src/build/exer2_control/install.log --install-scripts $base/lib/exer2_control --single-version-externally-managed install_data
[10.243s] /usr/local/lib/python3.8/dist-packages/setuptools/dist.py:717: UserWarning: Usage of dash-separated 'script-dir' will not be supported in future versions. Please use the underscore name 'script_dir' instead
[10.244s]   warnings.warn(
[10.478s] running egg_info
[10.482s] writing ../build/exer2_control/exer2_control.egg-info/PKG-INFO
[10.483s] writing dependency_links to ../build/exer2_control/exer2_control.egg-info/dependency_links.txt
[10.483s] writing entry points to ../build/exer2_control/exer2_control.egg-info/entry_points.txt
[10.484s] writing requirements to ../build/exer2_control/exer2_control.egg-info/requires.txt
[10.488s] writing top-level names to ../build/exer2_control/exer2_control.egg-info/top_level.txt
[10.504s] reading manifest file '../build/exer2_control/exer2_control.egg-info/SOURCES.txt'
[10.509s] writing manifest file '../build/exer2_control/exer2_control.egg-info/SOURCES.txt'
[10.513s] running build
[10.514s] running build_py
[10.515s] running install
[10.520s] running install_lib
[10.528s] running install_data
[10.530s] running install_egg_info
[10.539s] removing '/home/jetson/ros2_ws/src/install/exer2_control/lib/python3.8/site-packages/exer2_control-0.0.0-py3.8.egg-info' (and everything under it)
[10.546s] Copying ../build/exer2_control/exer2_control.egg-info to /home/jetson/ros2_ws/src/install/exer2_control/lib/python3.8/site-packages/exer2_control-0.0.0-py3.8.egg-info
[10.564s] running install_scripts
[10.709s] Installing controller script to /home/jetson/ros2_ws/src/install/exer2_control/lib/exer2_control
[10.711s] writing list of installed files to '/home/jetson/ros2_ws/src/build/exer2_control/install.log'
[10.950s] Invoked command in '/home/jetson/ros2_ws/src/exer2_control' returned '0': PYTHONPATH=/home/jetson/ros2_ws/src/build/exer2_control/prefix_override:/usr/lib/python3/dist-packages/colcon_core/task/python/colcon_distutils_commands:/home/jetson/ros2_ws/src/install/exer2_control/lib/python3.8/site-packages:${PYTHONPATH} /usr/bin/python3 -W ignore:setup.py install is deprecated -W ignore:easy_install command is deprecated setup.py egg_info --egg-base ../build/exer2_control build --build-base /home/jetson/ros2_ws/src/build/exer2_control/build install --record /home/jetson/ros2_ws/src/build/exer2_control/install.log --install-scripts $base/lib/exer2_control --single-version-externally-managed install_data
