[6.278s] Invoking command in '/home/jetson/ros2_ws/src/exer3_control': PYTHONPATH=/home/jetson/ros2_ws/src/build/exer3_control/prefix_override:/usr/lib/python3/dist-packages/colcon_core/task/python/colcon_distutils_commands:/home/jetson/ros2_ws/src/install/exer3_control/lib/python3.8/site-packages:${PYTHONPATH} /usr/bin/python3 -W ignore:setup.py install is deprecated -W ignore:easy_install command is deprecated setup.py egg_info --egg-base ../build/exer3_control build --build-base /home/jetson/ros2_ws/src/build/exer3_control/build install --record /home/jetson/ros2_ws/src/build/exer3_control/install.log --install-scripts $base/lib/exer3_control --single-version-externally-managed install_data
[8.437s] /usr/local/lib/python3.8/dist-packages/setuptools/dist.py:717: UserWarning: Usage of dash-separated 'script-dir' will not be supported in future versions. Please use the underscore name 'script_dir' instead
[8.437s]   warnings.warn(
[8.630s] running egg_info
[8.632s] writing ../build/exer3_control/exer3_control.egg-info/PKG-INFO
[8.635s] writing dependency_links to ../build/exer3_control/exer3_control.egg-info/dependency_links.txt
[8.636s] writing entry points to ../build/exer3_control/exer3_control.egg-info/entry_points.txt
[8.637s] writing requirements to ../build/exer3_control/exer3_control.egg-info/requires.txt
[8.638s] writing top-level names to ../build/exer3_control/exer3_control.egg-info/top_level.txt
[8.660s] reading manifest file '../build/exer3_control/exer3_control.egg-info/SOURCES.txt'
[8.665s] writing manifest file '../build/exer3_control/exer3_control.egg-info/SOURCES.txt'
[8.666s] running build
[8.667s] running build_py
[8.671s] running install
[8.679s] running install_lib
[8.689s] running install_data
[8.689s] running install_egg_info
[8.697s] removing '/home/jetson/ros2_ws/src/install/exer3_control/lib/python3.8/site-packages/exer3_control-0.0.0-py3.8.egg-info' (and everything under it)
[8.698s] Copying ../build/exer3_control/exer3_control.egg-info to /home/jetson/ros2_ws/src/install/exer3_control/lib/python3.8/site-packages/exer3_control-0.0.0-py3.8.egg-info
[8.706s] running install_scripts
[8.819s] Installing flight_controller script to /home/jetson/ros2_ws/src/install/exer3_control/lib/exer3_control
[8.822s] Installing grabber script to /home/jetson/ros2_ws/src/install/exer3_control/lib/exer3_control
[8.823s] Installing obs_grabber script to /home/jetson/ros2_ws/src/install/exer3_control/lib/exer3_control
[8.823s] Installing plotter script to /home/jetson/ros2_ws/src/install/exer3_control/lib/exer3_control
[8.825s] writing list of installed files to '/home/jetson/ros2_ws/src/build/exer3_control/install.log'
[11.114s] Invoked command in '/home/jetson/ros2_ws/src/exer3_control' returned '0': PYTHONPATH=/home/jetson/ros2_ws/src/build/exer3_control/prefix_override:/usr/lib/python3/dist-packages/colcon_core/task/python/colcon_distutils_commands:/home/jetson/ros2_ws/src/install/exer3_control/lib/python3.8/site-packages:${PYTHONPATH} /usr/bin/python3 -W ignore:setup.py install is deprecated -W ignore:easy_install command is deprecated setup.py egg_info --egg-base ../build/exer3_control build --build-base /home/jetson/ros2_ws/src/build/exer3_control/build install --record /home/jetson/ros2_ws/src/build/exer3_control/install.log --install-scripts $base/lib/exer3_control --single-version-externally-managed install_data
