[7.135s] Invoking command in '/home/jetson/ros2_ws/src/dummy_vicon_republisher': PYTHONPATH=/home/jetson/ros2_ws/src/build/dummy_vicon_republisher/prefix_override:/usr/lib/python3/dist-packages/colcon_core/task/python/colcon_distutils_commands:/home/jetson/ros2_ws/src/install/dummy_vicon_republisher/lib/python3.8/site-packages:${PYTHONPATH} /usr/bin/python3 -W ignore:setup.py install is deprecated -W ignore:easy_install command is deprecated setup.py egg_info --egg-base ../build/dummy_vicon_republisher build --build-base /home/jetson/ros2_ws/src/build/dummy_vicon_republisher/build install --record /home/jetson/ros2_ws/src/build/dummy_vicon_republisher/install.log --install-scripts $base/lib/dummy_vicon_republisher --single-version-externally-managed install_data
[8.928s] /usr/local/lib/python3.8/dist-packages/setuptools/dist.py:717: UserWarning: Usage of dash-separated 'script-dir' will not be supported in future versions. Please use the underscore name 'script_dir' instead
[8.928s]   warnings.warn(
[9.244s] running egg_info
[9.249s] writing ../build/dummy_vicon_republisher/dummy_vicon_republisher.egg-info/PKG-INFO
[9.254s] writing dependency_links to ../build/dummy_vicon_republisher/dummy_vicon_republisher.egg-info/dependency_links.txt
[9.257s] writing entry points to ../build/dummy_vicon_republisher/dummy_vicon_republisher.egg-info/entry_points.txt
[9.261s] writing requirements to ../build/dummy_vicon_republisher/dummy_vicon_republisher.egg-info/requires.txt
[9.263s] writing top-level names to ../build/dummy_vicon_republisher/dummy_vicon_republisher.egg-info/top_level.txt
[9.280s] reading manifest file '../build/dummy_vicon_republisher/dummy_vicon_republisher.egg-info/SOURCES.txt'
[9.290s] writing manifest file '../build/dummy_vicon_republisher/dummy_vicon_republisher.egg-info/SOURCES.txt'
[9.291s] running build
[9.292s] running build_py
[9.293s] running install
[9.300s] running install_lib
[9.314s] running install_data
[9.315s] running install_egg_info
[9.336s] removing '/home/jetson/ros2_ws/src/install/dummy_vicon_republisher/lib/python3.8/site-packages/dummy_vicon_republisher-0.0.0-py3.8.egg-info' (and everything under it)
[9.340s] Copying ../build/dummy_vicon_republisher/dummy_vicon_republisher.egg-info to /home/jetson/ros2_ws/src/install/dummy_vicon_republisher/lib/python3.8/site-packages/dummy_vicon_republisher-0.0.0-py3.8.egg-info
[9.360s] running install_scripts
[9.542s] Installing dummy_vicon_republisher script to /home/jetson/ros2_ws/src/install/dummy_vicon_republisher/lib/dummy_vicon_republisher
[9.543s] writing list of installed files to '/home/jetson/ros2_ws/src/build/dummy_vicon_republisher/install.log'
[11.430s] Invoked command in '/home/jetson/ros2_ws/src/dummy_vicon_republisher' returned '0': PYTHONPATH=/home/jetson/ros2_ws/src/build/dummy_vicon_republisher/prefix_override:/usr/lib/python3/dist-packages/colcon_core/task/python/colcon_distutils_commands:/home/jetson/ros2_ws/src/install/dummy_vicon_republisher/lib/python3.8/site-packages:${PYTHONPATH} /usr/bin/python3 -W ignore:setup.py install is deprecated -W ignore:easy_install command is deprecated setup.py egg_info --egg-base ../build/dummy_vicon_republisher build --build-base /home/jetson/ros2_ws/src/build/dummy_vicon_republisher/build install --record /home/jetson/ros2_ws/src/build/dummy_vicon_republisher/install.log --install-scripts $base/lib/dummy_vicon_republisher --single-version-externally-managed install_data
