[9.449s] Invoking command in '/home/jetson/ros2_ws/src/vicon_bridge': PYTHONPATH=/home/jetson/ros2_ws/src/build/vicon_bridge/prefix_override:/usr/lib/python3/dist-packages/colcon_core/task/python/colcon_distutils_commands:/home/jetson/ros2_ws/src/install/vicon_bridge/lib/python3.8/site-packages:${PYTHONPATH} /usr/bin/python3 -W ignore:setup.py install is deprecated -W ignore:easy_install command is deprecated setup.py egg_info --egg-base ../build/vicon_bridge build --build-base /home/jetson/ros2_ws/src/build/vicon_bridge/build install --record /home/jetson/ros2_ws/src/build/vicon_bridge/install.log --install-scripts $base/lib/vicon_bridge --single-version-externally-managed install_data
[11.125s] /usr/local/lib/python3.8/dist-packages/setuptools/dist.py:717: UserWarning: Usage of dash-separated 'script-dir' will not be supported in future versions. Please use the underscore name 'script_dir' instead
[11.126s]   warnings.warn(
[11.324s] running egg_info
[11.326s] writing ../build/vicon_bridge/vicon_bridge.egg-info/PKG-INFO
[11.328s] writing dependency_links to ../build/vicon_bridge/vicon_bridge.egg-info/dependency_links.txt
[11.329s] writing entry points to ../build/vicon_bridge/vicon_bridge.egg-info/entry_points.txt
[11.332s] writing requirements to ../build/vicon_bridge/vicon_bridge.egg-info/requires.txt
[11.332s] writing top-level names to ../build/vicon_bridge/vicon_bridge.egg-info/top_level.txt
[11.347s] reading manifest file '../build/vicon_bridge/vicon_bridge.egg-info/SOURCES.txt'
[11.353s] writing manifest file '../build/vicon_bridge/vicon_bridge.egg-info/SOURCES.txt'
[11.356s] running build
[11.356s] running build_py
[11.357s] running install
[11.364s] running install_lib
[11.377s] running install_data
[11.378s] running install_egg_info
[11.391s] removing '/home/jetson/ros2_ws/src/install/vicon_bridge/lib/python3.8/site-packages/vicon_bridge-0.0.0-py3.8.egg-info' (and everything under it)
[11.391s] Copying ../build/vicon_bridge/vicon_bridge.egg-info to /home/jetson/ros2_ws/src/install/vicon_bridge/lib/python3.8/site-packages/vicon_bridge-0.0.0-py3.8.egg-info
[11.399s] running install_scripts
[11.501s] Installing vicon_bridge script to /home/jetson/ros2_ws/src/install/vicon_bridge/lib/vicon_bridge
[11.514s] writing list of installed files to '/home/jetson/ros2_ws/src/build/vicon_bridge/install.log'
[11.632s] Invoked command in '/home/jetson/ros2_ws/src/vicon_bridge' returned '0': PYTHONPATH=/home/jetson/ros2_ws/src/build/vicon_bridge/prefix_override:/usr/lib/python3/dist-packages/colcon_core/task/python/colcon_distutils_commands:/home/jetson/ros2_ws/src/install/vicon_bridge/lib/python3.8/site-packages:${PYTHONPATH} /usr/bin/python3 -W ignore:setup.py install is deprecated -W ignore:easy_install command is deprecated setup.py egg_info --egg-base ../build/vicon_bridge build --build-base /home/jetson/ros2_ws/src/build/vicon_bridge/build install --record /home/jetson/ros2_ws/src/build/vicon_bridge/install.log --install-scripts $base/lib/vicon_bridge --single-version-externally-managed install_data
