[10.218s] Invoking command in '/home/jetson/ros2_ws/src/exer2_control': PYTHONPATH=/home/jetson/ros2_ws/build/exer2_control/prefix_override:/usr/lib/python3/dist-packages/colcon_core/task/python/colcon_distutils_commands:/home/jetson/ros2_ws/install/exer2_control/lib/python3.8/site-packages:${PYTHONPATH} /usr/bin/python3 -W ignore:setup.py install is deprecated -W ignore:easy_install command is deprecated setup.py egg_info --egg-base ../../build/exer2_control build --build-base /home/jetson/ros2_ws/build/exer2_control/build install --record /home/jetson/ros2_ws/build/exer2_control/install.log --install-scripts $base/lib/exer2_control --single-version-externally-managed install_data
[11.957s] /usr/local/lib/python3.8/dist-packages/setuptools/dist.py:717: UserWarning: Usage of dash-separated 'script-dir' will not be supported in future versions. Please use the underscore name 'script_dir' instead
[11.959s]   warnings.warn(
[12.140s] running egg_info
[12.145s] writing ../../build/exer2_control/exer2_control.egg-info/PKG-INFO
[12.148s] writing dependency_links to ../../build/exer2_control/exer2_control.egg-info/dependency_links.txt
[12.148s] writing entry points to ../../build/exer2_control/exer2_control.egg-info/entry_points.txt
[12.149s] writing requirements to ../../build/exer2_control/exer2_control.egg-info/requires.txt
[12.149s] writing top-level names to ../../build/exer2_control/exer2_control.egg-info/top_level.txt
[12.160s] reading manifest file '../../build/exer2_control/exer2_control.egg-info/SOURCES.txt'
[12.165s] writing manifest file '../../build/exer2_control/exer2_control.egg-info/SOURCES.txt'
[12.168s] running build
[12.169s] running build_py
[12.187s] running install
[12.196s] running install_lib
[12.202s] running install_data
[12.204s] running install_egg_info
[12.214s] removing '/home/jetson/ros2_ws/install/exer2_control/lib/python3.8/site-packages/exer2_control-0.0.0-py3.8.egg-info' (and everything under it)
[12.216s] Copying ../../build/exer2_control/exer2_control.egg-info to /home/jetson/ros2_ws/install/exer2_control/lib/python3.8/site-packages/exer2_control-0.0.0-py3.8.egg-info
[12.221s] running install_scripts
[12.312s] Installing controller script to /home/jetson/ros2_ws/install/exer2_control/lib/exer2_control
[12.315s] writing list of installed files to '/home/jetson/ros2_ws/build/exer2_control/install.log'
[12.535s] Invoked command in '/home/jetson/ros2_ws/src/exer2_control' returned '0': PYTHONPATH=/home/jetson/ros2_ws/build/exer2_control/prefix_override:/usr/lib/python3/dist-packages/colcon_core/task/python/colcon_distutils_commands:/home/jetson/ros2_ws/install/exer2_control/lib/python3.8/site-packages:${PYTHONPATH} /usr/bin/python3 -W ignore:setup.py install is deprecated -W ignore:easy_install command is deprecated setup.py egg_info --egg-base ../../build/exer2_control build --build-base /home/jetson/ros2_ws/build/exer2_control/build install --record /home/jetson/ros2_ws/build/exer2_control/install.log --install-scripts $base/lib/exer2_control --single-version-externally-managed install_data
