[12.059s] Invoking command in '/home/jetson/ros2_ws/src/api_waypoint': PYTHONPATH=/home/jetson/ros2_ws/src/build/api_waypoint/prefix_override:/usr/lib/python3/dist-packages/colcon_core/task/python/colcon_distutils_commands:/home/jetson/ros2_ws/src/install/api_waypoint/lib/python3.8/site-packages:${PYTHONPATH} /usr/bin/python3 -W ignore:setup.py install is deprecated -W ignore:easy_install command is deprecated setup.py egg_info --egg-base ../build/api_waypoint build --build-base /home/jetson/ros2_ws/src/build/api_waypoint/build install --record /home/jetson/ros2_ws/src/build/api_waypoint/install.log --install-scripts $base/lib/api_waypoint --single-version-externally-managed install_data
[14.594s] /usr/local/lib/python3.8/dist-packages/setuptools/dist.py:717: UserWarning: Usage of dash-separated 'script-dir' will not be supported in future versions. Please use the underscore name 'script_dir' instead
[14.597s]   warnings.warn(
[14.948s] running egg_info
[14.954s] writing ../build/api_waypoint/api_waypoint.egg-info/PKG-INFO
[14.957s] writing dependency_links to ../build/api_waypoint/api_waypoint.egg-info/dependency_links.txt
[14.961s] writing entry points to ../build/api_waypoint/api_waypoint.egg-info/entry_points.txt
[14.966s] writing requirements to ../build/api_waypoint/api_waypoint.egg-info/requires.txt
[14.971s] writing top-level names to ../build/api_waypoint/api_waypoint.egg-info/top_level.txt
[14.997s] reading manifest file '../build/api_waypoint/api_waypoint.egg-info/SOURCES.txt'
[15.007s] writing manifest file '../build/api_waypoint/api_waypoint.egg-info/SOURCES.txt'
[15.009s] running build
[15.010s] running build_py
[15.017s] running install
[15.023s] running install_lib
[15.037s] running install_data
[15.054s] running install_egg_info
[15.070s] removing '/home/jetson/ros2_ws/src/install/api_waypoint/lib/python3.8/site-packages/api_waypoint-0.0.0-py3.8.egg-info' (and everything under it)
[15.090s] Copying ../build/api_waypoint/api_waypoint.egg-info to /home/jetson/ros2_ws/src/install/api_waypoint/lib/python3.8/site-packages/api_waypoint-0.0.0-py3.8.egg-info
[15.111s] running install_scripts
[15.354s] Installing api_waypoint_node script to /home/jetson/ros2_ws/src/install/api_waypoint/lib/api_waypoint
[15.373s] writing list of installed files to '/home/jetson/ros2_ws/src/build/api_waypoint/install.log'
[15.726s] Invoked command in '/home/jetson/ros2_ws/src/api_waypoint' returned '0': PYTHONPATH=/home/jetson/ros2_ws/src/build/api_waypoint/prefix_override:/usr/lib/python3/dist-packages/colcon_core/task/python/colcon_distutils_commands:/home/jetson/ros2_ws/src/install/api_waypoint/lib/python3.8/site-packages:${PYTHONPATH} /usr/bin/python3 -W ignore:setup.py install is deprecated -W ignore:easy_install command is deprecated setup.py egg_info --egg-base ../build/api_waypoint build --build-base /home/jetson/ros2_ws/src/build/api_waypoint/build install --record /home/jetson/ros2_ws/src/build/api_waypoint/install.log --install-scripts $base/lib/api_waypoint --single-version-externally-managed install_data
