[21.777s] Invoking command in '/home/jetson/ros2_ws/src/exer2_control': PYTHONPATH=/home/jetson/ros2_ws/build/exer2_control/prefix_override:/usr/lib/python3/dist-packages/colcon_core/task/python/colcon_distutils_commands:/home/jetson/ros2_ws/install/exer2_control/lib/python3.8/site-packages:${PYTHONPATH} /usr/bin/python3 -W ignore:setup.py install is deprecated -W ignore:easy_install command is deprecated setup.py egg_info --egg-base ../../build/exer2_control build --build-base /home/jetson/ros2_ws/build/exer2_control/build install --record /home/jetson/ros2_ws/build/exer2_control/install.log --install-scripts $base/lib/exer2_control --single-version-externally-managed install_data
[29.352s] /usr/local/lib/python3.8/dist-packages/setuptools/dist.py:717: UserWarning: Usage of dash-separated 'script-dir' will not be supported in future versions. Please use the underscore name 'script_dir' instead
[29.353s]   warnings.warn(
[29.733s] running egg_info
[29.737s] writing ../../build/exer2_control/exer2_control.egg-info/PKG-INFO
[29.740s] writing dependency_links to ../../build/exer2_control/exer2_control.egg-info/dependency_links.txt
[29.742s] writing entry points to ../../build/exer2_control/exer2_control.egg-info/entry_points.txt
[29.746s] writing requirements to ../../build/exer2_control/exer2_control.egg-info/requires.txt
[29.746s] writing top-level names to ../../build/exer2_control/exer2_control.egg-info/top_level.txt
[29.767s] reading manifest file '../../build/exer2_control/exer2_control.egg-info/SOURCES.txt'
[29.773s] writing manifest file '../../build/exer2_control/exer2_control.egg-info/SOURCES.txt'
[29.775s] running build
[29.775s] running build_py
[29.787s] running install
[29.800s] running install_lib
[29.830s] running install_data
[29.832s] running install_egg_info
[29.855s] removing '/home/jetson/ros2_ws/install/exer2_control/lib/python3.8/site-packages/exer2_control-0.0.0-py3.8.egg-info' (and everything under it)
[29.859s] Copying ../../build/exer2_control/exer2_control.egg-info to /home/jetson/ros2_ws/install/exer2_control/lib/python3.8/site-packages/exer2_control-0.0.0-py3.8.egg-info
[29.886s] running install_scripts
[30.248s] Installing controller script to /home/jetson/ros2_ws/install/exer2_control/lib/exer2_control
[30.252s] writing list of installed files to '/home/jetson/ros2_ws/build/exer2_control/install.log'
[31.235s] Invoked command in '/home/jetson/ros2_ws/src/exer2_control' returned '0': PYTHONPATH=/home/jetson/ros2_ws/build/exer2_control/prefix_override:/usr/lib/python3/dist-packages/colcon_core/task/python/colcon_distutils_commands:/home/jetson/ros2_ws/install/exer2_control/lib/python3.8/site-packages:${PYTHONPATH} /usr/bin/python3 -W ignore:setup.py install is deprecated -W ignore:easy_install command is deprecated setup.py egg_info --egg-base ../../build/exer2_control build --build-base /home/jetson/ros2_ws/build/exer2_control/build install --record /home/jetson/ros2_ws/build/exer2_control/install.log --install-scripts $base/lib/exer2_control --single-version-externally-managed install_data
