[8.522s] Invoking command in '/home/jetson/ros2_ws/src/exer3_control': PYTHONPATH=/home/jetson/ros2_ws/src/build/exer3_control/prefix_override:/usr/lib/python3/dist-packages/colcon_core/task/python/colcon_distutils_commands:/home/jetson/ros2_ws/src/install/exer3_control/lib/python3.8/site-packages:${PYTHONPATH} /usr/bin/python3 -W ignore:setup.py install is deprecated -W ignore:easy_install command is deprecated setup.py egg_info --egg-base ../build/exer3_control build --build-base /home/jetson/ros2_ws/src/build/exer3_control/build install --record /home/jetson/ros2_ws/src/build/exer3_control/install.log --install-scripts $base/lib/exer3_control --single-version-externally-managed install_data
[10.293s] /usr/local/lib/python3.8/dist-packages/setuptools/dist.py:717: UserWarning: Usage of dash-separated 'script-dir' will not be supported in future versions. Please use the underscore name 'script_dir' instead
[10.298s]   warnings.warn(
[10.507s] running egg_info
[10.510s] writing ../build/exer3_control/exer3_control.egg-info/PKG-INFO
[10.512s] writing dependency_links to ../build/exer3_control/exer3_control.egg-info/dependency_links.txt
[10.513s] writing entry points to ../build/exer3_control/exer3_control.egg-info/entry_points.txt
[10.514s] writing requirements to ../build/exer3_control/exer3_control.egg-info/requires.txt
[10.515s] writing top-level names to ../build/exer3_control/exer3_control.egg-info/top_level.txt
[10.533s] reading manifest file '../build/exer3_control/exer3_control.egg-info/SOURCES.txt'
[10.542s] writing manifest file '../build/exer3_control/exer3_control.egg-info/SOURCES.txt'
[10.547s] running build
[10.547s] running build_py
[10.548s] running install
[10.559s] running install_lib
[10.568s] running install_data
[10.569s] running install_egg_info
[10.579s] removing '/home/jetson/ros2_ws/src/install/exer3_control/lib/python3.8/site-packages/exer3_control-0.0.0-py3.8.egg-info' (and everything under it)
[10.581s] Copying ../build/exer3_control/exer3_control.egg-info to /home/jetson/ros2_ws/src/install/exer3_control/lib/python3.8/site-packages/exer3_control-0.0.0-py3.8.egg-info
[10.591s] running install_scripts
[10.696s] Installing flight_controller script to /home/jetson/ros2_ws/src/install/exer3_control/lib/exer3_control
[10.700s] Installing grabber script to /home/jetson/ros2_ws/src/install/exer3_control/lib/exer3_control
[10.702s] Installing plotter script to /home/jetson/ros2_ws/src/install/exer3_control/lib/exer3_control
[10.703s] writing list of installed files to '/home/jetson/ros2_ws/src/build/exer3_control/install.log'
[10.965s] Invoked command in '/home/jetson/ros2_ws/src/exer3_control' returned '0': PYTHONPATH=/home/jetson/ros2_ws/src/build/exer3_control/prefix_override:/usr/lib/python3/dist-packages/colcon_core/task/python/colcon_distutils_commands:/home/jetson/ros2_ws/src/install/exer3_control/lib/python3.8/site-packages:${PYTHONPATH} /usr/bin/python3 -W ignore:setup.py install is deprecated -W ignore:easy_install command is deprecated setup.py egg_info --egg-base ../build/exer3_control build --build-base /home/jetson/ros2_ws/src/build/exer3_control/build install --record /home/jetson/ros2_ws/src/build/exer3_control/install.log --install-scripts $base/lib/exer3_control --single-version-externally-managed install_data
