[11.836s] Invoking command in '/home/jetson/ros2_ws/src/exer2_control': PYTHONPATH=/home/jetson/ros2_ws/build/exer2_control/prefix_override:/usr/lib/python3/dist-packages/colcon_core/task/python/colcon_distutils_commands:/home/jetson/ros2_ws/install/exer2_control/lib/python3.8/site-packages:${PYTHONPATH} /usr/bin/python3 -W ignore:setup.py install is deprecated -W ignore:easy_install command is deprecated setup.py egg_info --egg-base ../../build/exer2_control build --build-base /home/jetson/ros2_ws/build/exer2_control/build install --record /home/jetson/ros2_ws/build/exer2_control/install.log --install-scripts $base/lib/exer2_control --single-version-externally-managed install_data
[15.724s] /usr/local/lib/python3.8/dist-packages/setuptools/dist.py:717: UserWarning: Usage of dash-separated 'script-dir' will not be supported in future versions. Please use the underscore name 'script_dir' instead
[15.727s]   warnings.warn(
[16.160s] running egg_info
[16.174s] writing ../../build/exer2_control/exer2_control.egg-info/PKG-INFO
[16.181s] writing dependency_links to ../../build/exer2_control/exer2_control.egg-info/dependency_links.txt
[16.190s] writing entry points to ../../build/exer2_control/exer2_control.egg-info/entry_points.txt
[16.204s] writing requirements to ../../build/exer2_control/exer2_control.egg-info/requires.txt
[16.205s] writing top-level names to ../../build/exer2_control/exer2_control.egg-info/top_level.txt
[16.257s] reading manifest file '../../build/exer2_control/exer2_control.egg-info/SOURCES.txt'
[16.267s] writing manifest file '../../build/exer2_control/exer2_control.egg-info/SOURCES.txt'
[16.268s] running build
[16.277s] running build_py
[16.278s] running install
[16.289s] running install_lib
[16.297s] running install_data
[16.299s] running install_egg_info
[16.312s] removing '/home/jetson/ros2_ws/install/exer2_control/lib/python3.8/site-packages/exer2_control-0.0.0-py3.8.egg-info' (and everything under it)
[16.333s] Copying ../../build/exer2_control/exer2_control.egg-info to /home/jetson/ros2_ws/install/exer2_control/lib/python3.8/site-packages/exer2_control-0.0.0-py3.8.egg-info
[16.338s] running install_scripts
[16.489s] Installing controller script to /home/jetson/ros2_ws/install/exer2_control/lib/exer2_control
[16.493s] writing list of installed files to '/home/jetson/ros2_ws/build/exer2_control/install.log'
[21.063s] Invoked command in '/home/jetson/ros2_ws/src/exer2_control' returned '0': PYTHONPATH=/home/jetson/ros2_ws/build/exer2_control/prefix_override:/usr/lib/python3/dist-packages/colcon_core/task/python/colcon_distutils_commands:/home/jetson/ros2_ws/install/exer2_control/lib/python3.8/site-packages:${PYTHONPATH} /usr/bin/python3 -W ignore:setup.py install is deprecated -W ignore:easy_install command is deprecated setup.py egg_info --egg-base ../../build/exer2_control build --build-base /home/jetson/ros2_ws/build/exer2_control/build install --record /home/jetson/ros2_ws/build/exer2_control/install.log --install-scripts $base/lib/exer2_control --single-version-externally-managed install_data
