[6.428s] Invoking command in '/home/jetson/ros2_ws/src/image_saver': PYTHONPATH=/home/jetson/ros2_ws/src/build/image_saver/prefix_override:/usr/lib/python3/dist-packages/colcon_core/task/python/colcon_distutils_commands:/home/jetson/ros2_ws/src/install/image_saver/lib/python3.8/site-packages:${PYTHONPATH} /usr/bin/python3 -W ignore:setup.py install is deprecated -W ignore:easy_install command is deprecated setup.py egg_info --egg-base ../build/image_saver build --build-base /home/jetson/ros2_ws/src/build/image_saver/build install --record /home/jetson/ros2_ws/src/build/image_saver/install.log --install-scripts $base/lib/image_saver --single-version-externally-managed install_data
[7.862s] /usr/local/lib/python3.8/dist-packages/setuptools/dist.py:717: UserWarning: Usage of dash-separated 'script-dir' will not be supported in future versions. Please use the underscore name 'script_dir' instead
[7.863s]   warnings.warn(
[8.036s] running egg_info
[8.040s] writing ../build/image_saver/image_saver.egg-info/PKG-INFO
[8.045s] writing dependency_links to ../build/image_saver/image_saver.egg-info/dependency_links.txt
[8.046s] writing entry points to ../build/image_saver/image_saver.egg-info/entry_points.txt
[8.047s] writing requirements to ../build/image_saver/image_saver.egg-info/requires.txt
[8.047s] writing top-level names to ../build/image_saver/image_saver.egg-info/top_level.txt
[8.062s] reading manifest file '../build/image_saver/image_saver.egg-info/SOURCES.txt'
[8.066s] writing manifest file '../build/image_saver/image_saver.egg-info/SOURCES.txt'
[8.067s] running build
[8.069s] running build_py
[8.069s] running install
[8.073s] running install_lib
[8.079s] running install_data
[8.080s] running install_egg_info
[8.088s] removing '/home/jetson/ros2_ws/src/install/image_saver/lib/python3.8/site-packages/image_saver-0.0.0-py3.8.egg-info' (and everything under it)
[8.090s] Copying ../build/image_saver/image_saver.egg-info to /home/jetson/ros2_ws/src/install/image_saver/lib/python3.8/site-packages/image_saver-0.0.0-py3.8.egg-info
[8.102s] running install_scripts
[8.248s] Installing camera_saver script to /home/jetson/ros2_ws/src/install/image_saver/lib/image_saver
[8.253s] writing list of installed files to '/home/jetson/ros2_ws/src/build/image_saver/install.log'
[9.196s] Invoked command in '/home/jetson/ros2_ws/src/image_saver' returned '0': PYTHONPATH=/home/jetson/ros2_ws/src/build/image_saver/prefix_override:/usr/lib/python3/dist-packages/colcon_core/task/python/colcon_distutils_commands:/home/jetson/ros2_ws/src/install/image_saver/lib/python3.8/site-packages:${PYTHONPATH} /usr/bin/python3 -W ignore:setup.py install is deprecated -W ignore:easy_install command is deprecated setup.py egg_info --egg-base ../build/image_saver build --build-base /home/jetson/ros2_ws/src/build/image_saver/build install --record /home/jetson/ros2_ws/src/build/image_saver/install.log --install-scripts $base/lib/image_saver --single-version-externally-managed install_data
