/home/jetson/ros2_ws/install/exer3_control/lib/python3.8/site-packages/exer3_control/plotter.py
/home/jetson/ros2_ws/install/exer3_control/lib/python3.8/site-packages/exer3_control/flight_controller.py
/home/jetson/ros2_ws/install/exer3_control/lib/python3.8/site-packages/exer3_control/obs_plotter_copy.py
/home/jetson/ros2_ws/install/exer3_control/lib/python3.8/site-packages/exer3_control/grabber.py
/home/jetson/ros2_ws/install/exer3_control/lib/python3.8/site-packages/exer3_control/obs_grabber.py
/home/jetson/ros2_ws/install/exer3_control/lib/python3.8/site-packages/exer3_control/__init__.py
/home/jetson/ros2_ws/install/exer3_control/lib/python3.8/site-packages/exer3_control/obs_plotter.py
/home/jetson/ros2_ws/install/exer3_control/lib/python3.8/site-packages/exer3_control/__pycache__/plotter.cpython-38.pyc
/home/jetson/ros2_ws/install/exer3_control/lib/python3.8/site-packages/exer3_control/__pycache__/flight_controller.cpython-38.pyc
/home/jetson/ros2_ws/install/exer3_control/lib/python3.8/site-packages/exer3_control/__pycache__/obs_plotter_copy.cpython-38.pyc
/home/jetson/ros2_ws/install/exer3_control/lib/python3.8/site-packages/exer3_control/__pycache__/grabber.cpython-38.pyc
/home/jetson/ros2_ws/install/exer3_control/lib/python3.8/site-packages/exer3_control/__pycache__/obs_grabber.cpython-38.pyc
/home/jetson/ros2_ws/install/exer3_control/lib/python3.8/site-packages/exer3_control/__pycache__/__init__.cpython-38.pyc
/home/jetson/ros2_ws/install/exer3_control/lib/python3.8/site-packages/exer3_control/__pycache__/obs_plotter.cpython-38.pyc
/home/jetson/ros2_ws/install/exer3_control/share/ament_index/resource_index/packages/exer3_control
/home/jetson/ros2_ws/install/exer3_control/share/exer3_control/package.xml
/home/jetson/ros2_ws/install/exer3_control/lib/python3.8/site-packages/exer3_control-0.0.0-py3.8.egg-info/top_level.txt
/home/jetson/ros2_ws/install/exer3_control/lib/python3.8/site-packages/exer3_control-0.0.0-py3.8.egg-info/entry_points.txt
/home/jetson/ros2_ws/install/exer3_control/lib/python3.8/site-packages/exer3_control-0.0.0-py3.8.egg-info/dependency_links.txt
/home/jetson/ros2_ws/install/exer3_control/lib/python3.8/site-packages/exer3_control-0.0.0-py3.8.egg-info/SOURCES.txt
/home/jetson/ros2_ws/install/exer3_control/lib/python3.8/site-packages/exer3_control-0.0.0-py3.8.egg-info/zip-safe
/home/jetson/ros2_ws/install/exer3_control/lib/python3.8/site-packages/exer3_control-0.0.0-py3.8.egg-info/PKG-INFO
/home/jetson/ros2_ws/install/exer3_control/lib/python3.8/site-packages/exer3_control-0.0.0-py3.8.egg-info/requires.txt
/home/jetson/ros2_ws/install/exer3_control/lib/exer3_control/flight_controller
/home/jetson/ros2_ws/install/exer3_control/lib/exer3_control/grabber
/home/jetson/ros2_ws/install/exer3_control/lib/exer3_control/obs_grabber
/home/jetson/ros2_ws/install/exer3_control/lib/exer3_control/plotter
