[10.489s] Invoking command in '/home/jetson/ros2_ws/build/px4_autonomy_modules': CMAKE_PREFIX_PATH=${CMAKE_PREFIX_PATH}:/home/jetson/ros2_ws/install/waypoint_nav:/home/jetson/ros2_ws/install/vicon_obstacle_republisher:/home/jetson/ros2_ws/install/vicon_bridge:/home/jetson/ros2_ws/install/unit_tester:/home/jetson/ros2_ws/install/realsense2mavros:/home/jetson/ros2_ws/install/image_saver:/home/jetson/ros2_ws/install/image_processor:/home/jetson/ros2_ws/install/exer3_control:/home/jetson/ros2_ws/install/exer2_control:/home/jetson/ros2_ws/install/dummy_waypoint_publisher:/home/jetson/ros2_ws/install/dummy_vicon_republisher:/home/jetson/ros2_ws/install/crack_controller:/home/jetson/ros2_ws/install/crack_comm:/home/jetson/ros2_ws/install/comm_node:/home/jetson/ros2_ws/install/api_waypoint:/opt/ros/foxy /usr/bin/cmake --build /home/jetson/ros2_ws/build/px4_autonomy_modules -- -j4 -l4
[18.363s] (Argus) Error FileOperationFailed: Socket poll failed: Interrupted system call (in src/rpc/socket/common/SocketUtils.cpp, function readSocket(), line 69)
[18.364s] (Argus) Error FileOperationFailed: Unexpected error in reading socket (in src/rpc/socket/client/ClientSocketManager.cpp, function recvThreadCore(), line 266)
[18.364s] (Argus) Error FileOperationFailed: Receiving thread terminated with error (in src/rpc/socket/client/ClientSocketManager.cpp, function recvThreadWrapper(), line 368)
[18.365s] (Argus) Error InvalidState: Receive thread is not running cannot send. (in src/rpc/socket/client/ClientSocketManager.cpp, function send(), line 96)
[18.366s] (Argus) Error InvalidState:  (propagating from src/rpc/socket/client/SocketClientDispatch.cpp, function dispatch(), line 91)
[18.417s] Invoked command in '/home/jetson/ros2_ws/build/px4_autonomy_modules' returned '0': CMAKE_PREFIX_PATH=${CMAKE_PREFIX_PATH}:/home/jetson/ros2_ws/install/waypoint_nav:/home/jetson/ros2_ws/install/vicon_obstacle_republisher:/home/jetson/ros2_ws/install/vicon_bridge:/home/jetson/ros2_ws/install/unit_tester:/home/jetson/ros2_ws/install/realsense2mavros:/home/jetson/ros2_ws/install/image_saver:/home/jetson/ros2_ws/install/image_processor:/home/jetson/ros2_ws/install/exer3_control:/home/jetson/ros2_ws/install/exer2_control:/home/jetson/ros2_ws/install/dummy_waypoint_publisher:/home/jetson/ros2_ws/install/dummy_vicon_republisher:/home/jetson/ros2_ws/install/crack_controller:/home/jetson/ros2_ws/install/crack_comm:/home/jetson/ros2_ws/install/comm_node:/home/jetson/ros2_ws/install/api_waypoint:/opt/ros/foxy /usr/bin/cmake --build /home/jetson/ros2_ws/build/px4_autonomy_modules -- -j4 -l4
[19.108s] Invoking command in '/home/jetson/ros2_ws/build/px4_autonomy_modules': CMAKE_PREFIX_PATH=${CMAKE_PREFIX_PATH}:/home/jetson/ros2_ws/install/waypoint_nav:/home/jetson/ros2_ws/install/vicon_obstacle_republisher:/home/jetson/ros2_ws/install/vicon_bridge:/home/jetson/ros2_ws/install/unit_tester:/home/jetson/ros2_ws/install/realsense2mavros:/home/jetson/ros2_ws/install/image_saver:/home/jetson/ros2_ws/install/image_processor:/home/jetson/ros2_ws/install/exer3_control:/home/jetson/ros2_ws/install/exer2_control:/home/jetson/ros2_ws/install/dummy_waypoint_publisher:/home/jetson/ros2_ws/install/dummy_vicon_republisher:/home/jetson/ros2_ws/install/crack_controller:/home/jetson/ros2_ws/install/crack_comm:/home/jetson/ros2_ws/install/comm_node:/home/jetson/ros2_ws/install/api_waypoint:/opt/ros/foxy /usr/bin/cmake --install /home/jetson/ros2_ws/build/px4_autonomy_modules
[19.458s] -- Install configuration: ""
[19.463s] -- Execute custom install script
[19.468s] -- Up-to-date symlink: /home/jetson/ros2_ws/install/px4_autonomy_modules/share/px4_autonomy_modules/launch/mavros.launch.py
[19.470s] -- Up-to-date symlink: /home/jetson/ros2_ws/install/px4_autonomy_modules/share/px4_autonomy_modules/launch/px4_config.yaml
[19.479s] -- Up-to-date symlink: /home/jetson/ros2_ws/install/px4_autonomy_modules/share/px4_autonomy_modules/launch/px4_pluginlists.yaml
[19.485s] -- Up-to-date symlink: /home/jetson/ros2_ws/install/px4_autonomy_modules/share/ament_index/resource_index/package_run_dependencies/px4_autonomy_modules
[19.489s] -- Up-to-date symlink: /home/jetson/ros2_ws/install/px4_autonomy_modules/share/ament_index/resource_index/parent_prefix_path/px4_autonomy_modules
[19.492s] -- Up-to-date symlink: /home/jetson/ros2_ws/install/px4_autonomy_modules/share/px4_autonomy_modules/environment/ament_prefix_path.sh
[19.494s] -- Up-to-date symlink: /home/jetson/ros2_ws/install/px4_autonomy_modules/share/px4_autonomy_modules/environment/ament_prefix_path.dsv
[19.498s] -- Up-to-date symlink: /home/jetson/ros2_ws/install/px4_autonomy_modules/share/px4_autonomy_modules/environment/path.sh
[19.500s] -- Up-to-date symlink: /home/jetson/ros2_ws/install/px4_autonomy_modules/share/px4_autonomy_modules/environment/path.dsv
[19.506s] -- Up-to-date symlink: /home/jetson/ros2_ws/install/px4_autonomy_modules/share/px4_autonomy_modules/local_setup.bash
[19.511s] -- Up-to-date symlink: /home/jetson/ros2_ws/install/px4_autonomy_modules/share/px4_autonomy_modules/local_setup.sh
[19.514s] -- Up-to-date symlink: /home/jetson/ros2_ws/install/px4_autonomy_modules/share/px4_autonomy_modules/local_setup.zsh
[19.517s] -- Up-to-date symlink: /home/jetson/ros2_ws/install/px4_autonomy_modules/share/px4_autonomy_modules/local_setup.dsv
[19.527s] -- Symlinking: /home/jetson/ros2_ws/install/px4_autonomy_modules/share/px4_autonomy_modules/package.dsv
[20.267s] -- Up-to-date symlink: /home/jetson/ros2_ws/install/px4_autonomy_modules/share/ament_index/resource_index/packages/px4_autonomy_modules
[20.271s] -- Up-to-date symlink: /home/jetson/ros2_ws/install/px4_autonomy_modules/share/px4_autonomy_modules/cmake/px4_autonomy_modulesConfig.cmake
[20.274s] -- Up-to-date symlink: /home/jetson/ros2_ws/install/px4_autonomy_modules/share/px4_autonomy_modules/cmake/px4_autonomy_modulesConfig-version.cmake
[20.287s] -- Up-to-date symlink: /home/jetson/ros2_ws/install/px4_autonomy_modules/share/px4_autonomy_modules/package.xml
[20.808s] Invoked command in '/home/jetson/ros2_ws/build/px4_autonomy_modules' returned '0': CMAKE_PREFIX_PATH=${CMAKE_PREFIX_PATH}:/home/jetson/ros2_ws/install/waypoint_nav:/home/jetson/ros2_ws/install/vicon_obstacle_republisher:/home/jetson/ros2_ws/install/vicon_bridge:/home/jetson/ros2_ws/install/unit_tester:/home/jetson/ros2_ws/install/realsense2mavros:/home/jetson/ros2_ws/install/image_saver:/home/jetson/ros2_ws/install/image_processor:/home/jetson/ros2_ws/install/exer3_control:/home/jetson/ros2_ws/install/exer2_control:/home/jetson/ros2_ws/install/dummy_waypoint_publisher:/home/jetson/ros2_ws/install/dummy_vicon_republisher:/home/jetson/ros2_ws/install/crack_controller:/home/jetson/ros2_ws/install/crack_comm:/home/jetson/ros2_ws/install/comm_node:/home/jetson/ros2_ws/install/api_waypoint:/opt/ros/foxy /usr/bin/cmake --install /home/jetson/ros2_ws/build/px4_autonomy_modules
