[3.931s] Invoking command in '/home/jetson/ros2_ws/src/waypoint_nav': PYTHONPATH=/home/jetson/ros2_ws/src/build/waypoint_nav/prefix_override:/usr/lib/python3/dist-packages/colcon_core/task/python/colcon_distutils_commands:/home/jetson/ros2_ws/src/install/waypoint_nav/lib/python3.8/site-packages:${PYTHONPATH} /usr/bin/python3 -W ignore:setup.py install is deprecated -W ignore:easy_install command is deprecated setup.py egg_info --egg-base ../build/waypoint_nav build --build-base /home/jetson/ros2_ws/src/build/waypoint_nav/build install --record /home/jetson/ros2_ws/src/build/waypoint_nav/install.log --install-scripts $base/lib/waypoint_nav --single-version-externally-managed install_data
[5.178s] /usr/local/lib/python3.8/dist-packages/setuptools/dist.py:717: UserWarning: Usage of dash-separated 'script-dir' will not be supported in future versions. Please use the underscore name 'script_dir' instead
[5.178s]   warnings.warn(
[5.314s] running egg_info
[5.320s] writing ../build/waypoint_nav/waypoint_nav.egg-info/PKG-INFO
[5.320s] writing dependency_links to ../build/waypoint_nav/waypoint_nav.egg-info/dependency_links.txt
[5.321s] writing entry points to ../build/waypoint_nav/waypoint_nav.egg-info/entry_points.txt
[5.321s] writing requirements to ../build/waypoint_nav/waypoint_nav.egg-info/requires.txt
[5.322s] writing top-level names to ../build/waypoint_nav/waypoint_nav.egg-info/top_level.txt
[5.334s] reading manifest file '../build/waypoint_nav/waypoint_nav.egg-info/SOURCES.txt'
[5.338s] writing manifest file '../build/waypoint_nav/waypoint_nav.egg-info/SOURCES.txt'
[5.339s] running build
[5.340s] running build_py
[5.340s] copying waypoint_nav/waypoint.py -> /home/jetson/ros2_ws/src/build/waypoint_nav/build/lib/waypoint_nav
[5.343s] running install
[5.345s] running install_lib
[5.349s] copying /home/jetson/ros2_ws/src/build/waypoint_nav/build/lib/waypoint_nav/waypoint.py -> /home/jetson/ros2_ws/src/install/waypoint_nav/lib/python3.8/site-packages/waypoint_nav
[5.352s] byte-compiling /home/jetson/ros2_ws/src/install/waypoint_nav/lib/python3.8/site-packages/waypoint_nav/waypoint.py to waypoint.cpython-38.pyc
[5.360s] running install_data
[5.363s] running install_egg_info
[5.368s] removing '/home/jetson/ros2_ws/src/install/waypoint_nav/lib/python3.8/site-packages/waypoint_nav-0.0.0-py3.8.egg-info' (and everything under it)
[5.369s] Copying ../build/waypoint_nav/waypoint_nav.egg-info to /home/jetson/ros2_ws/src/install/waypoint_nav/lib/python3.8/site-packages/waypoint_nav-0.0.0-py3.8.egg-info
[5.374s] running install_scripts
[5.451s] Installing waypoint script to /home/jetson/ros2_ws/src/install/waypoint_nav/lib/waypoint_nav
[5.453s] writing list of installed files to '/home/jetson/ros2_ws/src/build/waypoint_nav/install.log'
[5.550s] Invoked command in '/home/jetson/ros2_ws/src/waypoint_nav' returned '0': PYTHONPATH=/home/jetson/ros2_ws/src/build/waypoint_nav/prefix_override:/usr/lib/python3/dist-packages/colcon_core/task/python/colcon_distutils_commands:/home/jetson/ros2_ws/src/install/waypoint_nav/lib/python3.8/site-packages:${PYTHONPATH} /usr/bin/python3 -W ignore:setup.py install is deprecated -W ignore:easy_install command is deprecated setup.py egg_info --egg-base ../build/waypoint_nav build --build-base /home/jetson/ros2_ws/src/build/waypoint_nav/build install --record /home/jetson/ros2_ws/src/build/waypoint_nav/install.log --install-scripts $base/lib/waypoint_nav --single-version-externally-managed install_data
