[14.018s] Invoking command in '/home/jetson/ros2_ws/src/dummy_waypoint_publisher': PYTHONPATH=/home/jetson/ros2_ws/build/dummy_waypoint_publisher/prefix_override:/usr/lib/python3/dist-packages/colcon_core/task/python/colcon_distutils_commands:/home/jetson/ros2_ws/install/dummy_waypoint_publisher/lib/python3.8/site-packages:${PYTHONPATH} /usr/bin/python3 -W ignore:setup.py install is deprecated -W ignore:easy_install command is deprecated setup.py egg_info --egg-base ../../build/dummy_waypoint_publisher build --build-base /home/jetson/ros2_ws/build/dummy_waypoint_publisher/build install --record /home/jetson/ros2_ws/build/dummy_waypoint_publisher/install.log --install-scripts $base/lib/dummy_waypoint_publisher --single-version-externally-managed install_data
[15.784s] /usr/local/lib/python3.8/dist-packages/setuptools/dist.py:717: UserWarning: Usage of dash-separated 'script-dir' will not be supported in future versions. Please use the underscore name 'script_dir' instead
[15.784s]   warnings.warn(
[15.946s] running egg_info
[15.949s] writing ../../build/dummy_waypoint_publisher/dummy_waypoint_publisher.egg-info/PKG-INFO
[15.951s] writing dependency_links to ../../build/dummy_waypoint_publisher/dummy_waypoint_publisher.egg-info/dependency_links.txt
[15.952s] writing entry points to ../../build/dummy_waypoint_publisher/dummy_waypoint_publisher.egg-info/entry_points.txt
[15.953s] writing requirements to ../../build/dummy_waypoint_publisher/dummy_waypoint_publisher.egg-info/requires.txt
[15.954s] writing top-level names to ../../build/dummy_waypoint_publisher/dummy_waypoint_publisher.egg-info/top_level.txt
[15.969s] reading manifest file '../../build/dummy_waypoint_publisher/dummy_waypoint_publisher.egg-info/SOURCES.txt'
[15.975s] writing manifest file '../../build/dummy_waypoint_publisher/dummy_waypoint_publisher.egg-info/SOURCES.txt'
[15.975s] running build
[15.976s] running build_py
[15.978s] running install
[15.983s] running install_lib
[15.992s] running install_data
[15.994s] running install_egg_info
[16.002s] removing '/home/jetson/ros2_ws/install/dummy_waypoint_publisher/lib/python3.8/site-packages/dummy_waypoint_publisher-0.0.0-py3.8.egg-info' (and everything under it)
[16.003s] Copying ../../build/dummy_waypoint_publisher/dummy_waypoint_publisher.egg-info to /home/jetson/ros2_ws/install/dummy_waypoint_publisher/lib/python3.8/site-packages/dummy_waypoint_publisher-0.0.0-py3.8.egg-info
[16.007s] running install_scripts
[16.096s] Installing waypoint_publisher script to /home/jetson/ros2_ws/install/dummy_waypoint_publisher/lib/dummy_waypoint_publisher
[16.098s] writing list of installed files to '/home/jetson/ros2_ws/build/dummy_waypoint_publisher/install.log'
[16.717s] Invoked command in '/home/jetson/ros2_ws/src/dummy_waypoint_publisher' returned '0': PYTHONPATH=/home/jetson/ros2_ws/build/dummy_waypoint_publisher/prefix_override:/usr/lib/python3/dist-packages/colcon_core/task/python/colcon_distutils_commands:/home/jetson/ros2_ws/install/dummy_waypoint_publisher/lib/python3.8/site-packages:${PYTHONPATH} /usr/bin/python3 -W ignore:setup.py install is deprecated -W ignore:easy_install command is deprecated setup.py egg_info --egg-base ../../build/dummy_waypoint_publisher build --build-base /home/jetson/ros2_ws/build/dummy_waypoint_publisher/build install --record /home/jetson/ros2_ws/build/dummy_waypoint_publisher/install.log --install-scripts $base/lib/dummy_waypoint_publisher --single-version-externally-managed install_data
