[4.134s] Invoking command in '/home/jetson/ros2_ws/src/vicon_bridge': PYTHONPATH=/home/jetson/ros2_ws/src/build/vicon_bridge/prefix_override:/usr/lib/python3/dist-packages/colcon_core/task/python/colcon_distutils_commands:/home/jetson/ros2_ws/src/install/vicon_bridge/lib/python3.8/site-packages:${PYTHONPATH} /usr/bin/python3 -W ignore:setup.py install is deprecated -W ignore:easy_install command is deprecated setup.py egg_info --egg-base ../build/vicon_bridge build --build-base /home/jetson/ros2_ws/src/build/vicon_bridge/build install --record /home/jetson/ros2_ws/src/build/vicon_bridge/install.log --install-scripts $base/lib/vicon_bridge --single-version-externally-managed install_data
[5.337s] /usr/local/lib/python3.8/dist-packages/setuptools/dist.py:717: UserWarning: Usage of dash-separated 'script-dir' will not be supported in future versions. Please use the underscore name 'script_dir' instead
[5.338s]   warnings.warn(
[5.475s] running egg_info
[5.479s] writing ../build/vicon_bridge/vicon_bridge.egg-info/PKG-INFO
[5.479s] writing dependency_links to ../build/vicon_bridge/vicon_bridge.egg-info/dependency_links.txt
[5.480s] writing entry points to ../build/vicon_bridge/vicon_bridge.egg-info/entry_points.txt
[5.480s] writing requirements to ../build/vicon_bridge/vicon_bridge.egg-info/requires.txt
[5.481s] writing top-level names to ../build/vicon_bridge/vicon_bridge.egg-info/top_level.txt
[5.492s] reading manifest file '../build/vicon_bridge/vicon_bridge.egg-info/SOURCES.txt'
[5.496s] writing manifest file '../build/vicon_bridge/vicon_bridge.egg-info/SOURCES.txt'
[5.497s] running build
[5.497s] running build_py
[5.498s] running install
[5.501s] running install_lib
[5.508s] running install_data
[5.508s] running install_egg_info
[5.515s] removing '/home/jetson/ros2_ws/src/install/vicon_bridge/lib/python3.8/site-packages/vicon_bridge-0.0.0-py3.8.egg-info' (and everything under it)
[5.516s] Copying ../build/vicon_bridge/vicon_bridge.egg-info to /home/jetson/ros2_ws/src/install/vicon_bridge/lib/python3.8/site-packages/vicon_bridge-0.0.0-py3.8.egg-info
[5.520s] running install_scripts
[5.596s] Installing vicon_bridge script to /home/jetson/ros2_ws/src/install/vicon_bridge/lib/vicon_bridge
[5.596s] writing list of installed files to '/home/jetson/ros2_ws/src/build/vicon_bridge/install.log'
[5.694s] Invoked command in '/home/jetson/ros2_ws/src/vicon_bridge' returned '0': PYTHONPATH=/home/jetson/ros2_ws/src/build/vicon_bridge/prefix_override:/usr/lib/python3/dist-packages/colcon_core/task/python/colcon_distutils_commands:/home/jetson/ros2_ws/src/install/vicon_bridge/lib/python3.8/site-packages:${PYTHONPATH} /usr/bin/python3 -W ignore:setup.py install is deprecated -W ignore:easy_install command is deprecated setup.py egg_info --egg-base ../build/vicon_bridge build --build-base /home/jetson/ros2_ws/src/build/vicon_bridge/build install --record /home/jetson/ros2_ws/src/build/vicon_bridge/install.log --install-scripts $base/lib/vicon_bridge --single-version-externally-managed install_data
