[4.294s] Invoking command in '/home/jetson/ros2_ws/src/exer3_control': PYTHONPATH=/home/jetson/ros2_ws/build/exer3_control/prefix_override:/usr/lib/python3/dist-packages/colcon_core/task/python/colcon_distutils_commands:/home/jetson/ros2_ws/install/exer3_control/lib/python3.8/site-packages:${PYTHONPATH} /usr/bin/python3 -W ignore:setup.py install is deprecated -W ignore:easy_install command is deprecated setup.py egg_info --egg-base ../../build/exer3_control build --build-base /home/jetson/ros2_ws/build/exer3_control/build install --record /home/jetson/ros2_ws/build/exer3_control/install.log --install-scripts $base/lib/exer3_control --single-version-externally-managed install_data
[5.568s] /usr/local/lib/python3.8/dist-packages/setuptools/dist.py:717: UserWarning: Usage of dash-separated 'script-dir' will not be supported in future versions. Please use the underscore name 'script_dir' instead
[5.572s]   warnings.warn(
[5.718s] running egg_info
[5.729s] writing ../../build/exer3_control/exer3_control.egg-info/PKG-INFO
[5.730s] writing dependency_links to ../../build/exer3_control/exer3_control.egg-info/dependency_links.txt
[5.730s] writing entry points to ../../build/exer3_control/exer3_control.egg-info/entry_points.txt
[5.730s] writing requirements to ../../build/exer3_control/exer3_control.egg-info/requires.txt
[5.731s] writing top-level names to ../../build/exer3_control/exer3_control.egg-info/top_level.txt
[5.747s] reading manifest file '../../build/exer3_control/exer3_control.egg-info/SOURCES.txt'
[5.752s] writing manifest file '../../build/exer3_control/exer3_control.egg-info/SOURCES.txt'
[5.752s] running build
[5.752s] running build_py
[5.753s] copying exer3_control/plotter.py -> /home/jetson/ros2_ws/build/exer3_control/build/lib/exer3_control
[5.754s] running install
[5.757s] running install_lib
[5.762s] copying /home/jetson/ros2_ws/build/exer3_control/build/lib/exer3_control/plotter.py -> /home/jetson/ros2_ws/install/exer3_control/lib/python3.8/site-packages/exer3_control
[5.765s] byte-compiling /home/jetson/ros2_ws/install/exer3_control/lib/python3.8/site-packages/exer3_control/plotter.py to plotter.cpython-38.pyc
[5.769s] byte-compiling /home/jetson/ros2_ws/install/exer3_control/lib/python3.8/site-packages/exer3_control/grabber.py to grabber.cpython-38.pyc
[5.773s] running install_data
[5.773s] running install_egg_info
[5.780s] removing '/home/jetson/ros2_ws/install/exer3_control/lib/python3.8/site-packages/exer3_control-0.0.0-py3.8.egg-info' (and everything under it)
[5.781s] Copying ../../build/exer3_control/exer3_control.egg-info to /home/jetson/ros2_ws/install/exer3_control/lib/python3.8/site-packages/exer3_control-0.0.0-py3.8.egg-info
[5.787s] running install_scripts
[5.879s] Installing flight_controller script to /home/jetson/ros2_ws/install/exer3_control/lib/exer3_control
[5.881s] Installing grabber script to /home/jetson/ros2_ws/install/exer3_control/lib/exer3_control
[5.886s] writing list of installed files to '/home/jetson/ros2_ws/build/exer3_control/install.log'
[6.024s] Invoked command in '/home/jetson/ros2_ws/src/exer3_control' returned '0': PYTHONPATH=/home/jetson/ros2_ws/build/exer3_control/prefix_override:/usr/lib/python3/dist-packages/colcon_core/task/python/colcon_distutils_commands:/home/jetson/ros2_ws/install/exer3_control/lib/python3.8/site-packages:${PYTHONPATH} /usr/bin/python3 -W ignore:setup.py install is deprecated -W ignore:easy_install command is deprecated setup.py egg_info --egg-base ../../build/exer3_control build --build-base /home/jetson/ros2_ws/build/exer3_control/build install --record /home/jetson/ros2_ws/build/exer3_control/install.log --install-scripts $base/lib/exer3_control --single-version-externally-managed install_data
