[6.201s] Invoking command in '/home/jetson/ros2_ws/src/exer2_control': PYTHONPATH=/home/jetson/ros2_ws/build/exer2_control/prefix_override:/usr/lib/python3/dist-packages/colcon_core/task/python/colcon_distutils_commands:/home/jetson/ros2_ws/install/exer2_control/lib/python3.8/site-packages:${PYTHONPATH} /usr/bin/python3 -W ignore:setup.py install is deprecated -W ignore:easy_install command is deprecated setup.py egg_info --egg-base ../../build/exer2_control build --build-base /home/jetson/ros2_ws/build/exer2_control/build install --record /home/jetson/ros2_ws/build/exer2_control/install.log --install-scripts $base/lib/exer2_control --single-version-externally-managed install_data
[7.515s] /usr/local/lib/python3.8/dist-packages/setuptools/dist.py:717: UserWarning: Usage of dash-separated 'script-dir' will not be supported in future versions. Please use the underscore name 'script_dir' instead
[7.515s]   warnings.warn(
[7.702s] running egg_info
[7.705s] writing ../../build/exer2_control/exer2_control.egg-info/PKG-INFO
[7.707s] writing dependency_links to ../../build/exer2_control/exer2_control.egg-info/dependency_links.txt
[7.707s] writing entry points to ../../build/exer2_control/exer2_control.egg-info/entry_points.txt
[7.708s] writing requirements to ../../build/exer2_control/exer2_control.egg-info/requires.txt
[7.710s] writing top-level names to ../../build/exer2_control/exer2_control.egg-info/top_level.txt
[7.725s] reading manifest file '../../build/exer2_control/exer2_control.egg-info/SOURCES.txt'
[7.730s] writing manifest file '../../build/exer2_control/exer2_control.egg-info/SOURCES.txt'
[7.730s] running build
[7.731s] running build_py
[7.731s] running install
[7.736s] running install_lib
[7.744s] running install_data
[7.747s] running install_egg_info
[7.762s] removing '/home/jetson/ros2_ws/install/exer2_control/lib/python3.8/site-packages/exer2_control-0.0.0-py3.8.egg-info' (and everything under it)
[7.764s] Copying ../../build/exer2_control/exer2_control.egg-info to /home/jetson/ros2_ws/install/exer2_control/lib/python3.8/site-packages/exer2_control-0.0.0-py3.8.egg-info
[7.769s] running install_scripts
[7.880s] Installing controller script to /home/jetson/ros2_ws/install/exer2_control/lib/exer2_control
[7.883s] writing list of installed files to '/home/jetson/ros2_ws/build/exer2_control/install.log'
[8.127s] Invoked command in '/home/jetson/ros2_ws/src/exer2_control' returned '0': PYTHONPATH=/home/jetson/ros2_ws/build/exer2_control/prefix_override:/usr/lib/python3/dist-packages/colcon_core/task/python/colcon_distutils_commands:/home/jetson/ros2_ws/install/exer2_control/lib/python3.8/site-packages:${PYTHONPATH} /usr/bin/python3 -W ignore:setup.py install is deprecated -W ignore:easy_install command is deprecated setup.py egg_info --egg-base ../../build/exer2_control build --build-base /home/jetson/ros2_ws/build/exer2_control/build install --record /home/jetson/ros2_ws/build/exer2_control/install.log --install-scripts $base/lib/exer2_control --single-version-externally-managed install_data
