[9.079s] Invoking command in '/home/jetson/ros2_ws/src/waypoint_nav': PYTHONPATH=/home/jetson/ros2_ws/src/build/waypoint_nav/prefix_override:/usr/lib/python3/dist-packages/colcon_core/task/python/colcon_distutils_commands:/home/jetson/ros2_ws/src/install/waypoint_nav/lib/python3.8/site-packages:${PYTHONPATH} /usr/bin/python3 -W ignore:setup.py install is deprecated -W ignore:easy_install command is deprecated setup.py egg_info --egg-base ../build/waypoint_nav build --build-base /home/jetson/ros2_ws/src/build/waypoint_nav/build install --record /home/jetson/ros2_ws/src/build/waypoint_nav/install.log --install-scripts $base/lib/waypoint_nav --single-version-externally-managed install_data
[11.697s] /usr/local/lib/python3.8/dist-packages/setuptools/dist.py:717: UserWarning: Usage of dash-separated 'script-dir' will not be supported in future versions. Please use the underscore name 'script_dir' instead
[11.697s]   warnings.warn(
[11.879s] running egg_info
[11.885s] writing ../build/waypoint_nav/waypoint_nav.egg-info/PKG-INFO
[11.891s] writing dependency_links to ../build/waypoint_nav/waypoint_nav.egg-info/dependency_links.txt
[11.894s] writing entry points to ../build/waypoint_nav/waypoint_nav.egg-info/entry_points.txt
[11.898s] writing requirements to ../build/waypoint_nav/waypoint_nav.egg-info/requires.txt
[11.901s] writing top-level names to ../build/waypoint_nav/waypoint_nav.egg-info/top_level.txt
[11.919s] reading manifest file '../build/waypoint_nav/waypoint_nav.egg-info/SOURCES.txt'
[11.926s] writing manifest file '../build/waypoint_nav/waypoint_nav.egg-info/SOURCES.txt'
[11.932s] running build
[11.934s] running build_py
[11.939s] running install
[11.946s] running install_lib
[11.955s] running install_data
[11.958s] running install_egg_info
[11.968s] removing '/home/jetson/ros2_ws/src/install/waypoint_nav/lib/python3.8/site-packages/waypoint_nav-0.0.0-py3.8.egg-info' (and everything under it)
[11.977s] Copying ../build/waypoint_nav/waypoint_nav.egg-info to /home/jetson/ros2_ws/src/install/waypoint_nav/lib/python3.8/site-packages/waypoint_nav-0.0.0-py3.8.egg-info
[11.995s] running install_scripts
[12.094s] Installing waypoint script to /home/jetson/ros2_ws/src/install/waypoint_nav/lib/waypoint_nav
[12.099s] writing list of installed files to '/home/jetson/ros2_ws/src/build/waypoint_nav/install.log'
[12.216s] Invoked command in '/home/jetson/ros2_ws/src/waypoint_nav' returned '0': PYTHONPATH=/home/jetson/ros2_ws/src/build/waypoint_nav/prefix_override:/usr/lib/python3/dist-packages/colcon_core/task/python/colcon_distutils_commands:/home/jetson/ros2_ws/src/install/waypoint_nav/lib/python3.8/site-packages:${PYTHONPATH} /usr/bin/python3 -W ignore:setup.py install is deprecated -W ignore:easy_install command is deprecated setup.py egg_info --egg-base ../build/waypoint_nav build --build-base /home/jetson/ros2_ws/src/build/waypoint_nav/build install --record /home/jetson/ros2_ws/src/build/waypoint_nav/install.log --install-scripts $base/lib/waypoint_nav --single-version-externally-managed install_data
