[4.801s] Invoking command in '/home/jetson/ros2_ws/src/realsense2mavros': PYTHONPATH=/home/jetson/ros2_ws/src/build/realsense2mavros/prefix_override:/usr/lib/python3/dist-packages/colcon_core/task/python/colcon_distutils_commands:/home/jetson/ros2_ws/src/install/realsense2mavros/lib/python3.8/site-packages:${PYTHONPATH} /usr/bin/python3 -W ignore:setup.py install is deprecated -W ignore:easy_install command is deprecated setup.py egg_info --egg-base ../build/realsense2mavros build --build-base /home/jetson/ros2_ws/src/build/realsense2mavros/build install --record /home/jetson/ros2_ws/src/build/realsense2mavros/install.log --install-scripts $base/lib/realsense2mavros --single-version-externally-managed install_data
[6.338s] /usr/local/lib/python3.8/dist-packages/setuptools/dist.py:717: UserWarning: Usage of dash-separated 'script-dir' will not be supported in future versions. Please use the underscore name 'script_dir' instead
[6.339s]   warnings.warn(
[6.492s] running egg_info
[6.499s] writing ../build/realsense2mavros/realsense2mavros.egg-info/PKG-INFO
[6.499s] writing dependency_links to ../build/realsense2mavros/realsense2mavros.egg-info/dependency_links.txt
[6.500s] writing entry points to ../build/realsense2mavros/realsense2mavros.egg-info/entry_points.txt
[6.500s] writing requirements to ../build/realsense2mavros/realsense2mavros.egg-info/requires.txt
[6.501s] writing top-level names to ../build/realsense2mavros/realsense2mavros.egg-info/top_level.txt
[6.512s] reading manifest file '../build/realsense2mavros/realsense2mavros.egg-info/SOURCES.txt'
[6.517s] writing manifest file '../build/realsense2mavros/realsense2mavros.egg-info/SOURCES.txt'
[6.517s] running build
[6.518s] running build_py
[6.518s] running install
[6.522s] running install_lib
[6.529s] running install_data
[6.529s] running install_egg_info
[6.537s] removing '/home/jetson/ros2_ws/src/install/realsense2mavros/lib/python3.8/site-packages/realsense2mavros-0.0.0-py3.8.egg-info' (and everything under it)
[6.538s] Copying ../build/realsense2mavros/realsense2mavros.egg-info to /home/jetson/ros2_ws/src/install/realsense2mavros/lib/python3.8/site-packages/realsense2mavros-0.0.0-py3.8.egg-info
[6.544s] running install_scripts
[6.631s] Installing realsense2mavros script to /home/jetson/ros2_ws/src/install/realsense2mavros/lib/realsense2mavros
[6.634s] writing list of installed files to '/home/jetson/ros2_ws/src/build/realsense2mavros/install.log'
[8.371s] Invoked command in '/home/jetson/ros2_ws/src/realsense2mavros' returned '0': PYTHONPATH=/home/jetson/ros2_ws/src/build/realsense2mavros/prefix_override:/usr/lib/python3/dist-packages/colcon_core/task/python/colcon_distutils_commands:/home/jetson/ros2_ws/src/install/realsense2mavros/lib/python3.8/site-packages:${PYTHONPATH} /usr/bin/python3 -W ignore:setup.py install is deprecated -W ignore:easy_install command is deprecated setup.py egg_info --egg-base ../build/realsense2mavros build --build-base /home/jetson/ros2_ws/src/build/realsense2mavros/build install --record /home/jetson/ros2_ws/src/build/realsense2mavros/install.log --install-scripts $base/lib/realsense2mavros --single-version-externally-managed install_data
