[1.116s] DEBUG:colcon:Command line arguments: ['/usr/bin/colcon', 'build', '--packages-select', 'vicon_obstacle_republisher']
[1.116s] DEBUG:colcon:Parsed command line arguments: Namespace(allow_overriding=[], ament_cmake_args=None, base_paths=['.'], build_base='build', catkin_cmake_args=None, catkin_skip_building_tests=False, cmake_args=None, cmake_clean_cache=False, cmake_clean_first=False, cmake_force_configure=False, cmake_target=None, cmake_target_skip_unavailable=False, continue_on_error=False, event_handlers=None, executor='parallel', ignore_user_meta=False, install_base='install', log_base=None, log_level=None, main=<bound method BuildVerb.main of <colcon_core.verb.build.BuildVerb object at 0x7fa1189040>>, merge_install=False, metas=['./colcon.meta'], packages_above=None, packages_above_and_dependencies=None, packages_above_depth=None, packages_end=None, packages_ignore=None, packages_ignore_regex=None, packages_select=['vicon_obstacle_republisher'], packages_select_build_failed=False, packages_select_by_dep=None, packages_select_regex=None, packages_select_test_failures=False, packages_skip=None, packages_skip_build_finished=False, packages_skip_by_dep=None, packages_skip_regex=None, packages_skip_test_passed=False, packages_skip_up_to=None, packages_start=None, packages_up_to=None, packages_up_to_regex=None, parallel_workers=4, paths=None, symlink_install=False, test_result_base=None, verb_extension=<colcon_core.verb.build.BuildVerb object at 0x7fa1189040>, verb_name='build', verb_parser=<colcon_defaults.argument_parser.defaults.DefaultArgumentsDecorator object at 0x7fa11158b0>)
[2.157s] Level 1:colcon.colcon_core.package_discovery:discover_packages(colcon_meta) check parameters
[2.158s] Level 1:colcon.colcon_core.package_discovery:discover_packages(recursive) check parameters
[2.158s] Level 1:colcon.colcon_core.package_discovery:discover_packages(ignore) check parameters
[2.158s] Level 1:colcon.colcon_core.package_discovery:discover_packages(path) check parameters
[2.159s] Level 1:colcon.colcon_core.package_discovery:discover_packages(colcon_meta) discover
[2.159s] Level 1:colcon.colcon_core.package_discovery:discover_packages(recursive) discover
[2.159s] INFO:colcon.colcon_core.package_discovery:Crawling recursively for packages in '/home/jetson/ros2_ws/src'
[2.160s] Level 1:colcon.colcon_core.package_identification:_identify(.) by extensions ['ignore', 'ignore_ament_install']
[2.160s] Level 1:colcon.colcon_core.package_identification:_identify(.) by extension 'ignore'
[2.160s] Level 1:colcon.colcon_core.package_identification:_identify(.) by extension 'ignore_ament_install'
[2.161s] Level 1:colcon.colcon_core.package_identification:_identify(.) by extensions ['colcon_pkg']
[2.161s] Level 1:colcon.colcon_core.package_identification:_identify(.) by extension 'colcon_pkg'
[2.161s] Level 1:colcon.colcon_core.package_identification:_identify(.) by extensions ['colcon_meta']
[2.161s] Level 1:colcon.colcon_core.package_identification:_identify(.) by extension 'colcon_meta'
[2.161s] Level 1:colcon.colcon_core.package_identification:_identify(.) by extensions ['ros']
[2.161s] Level 1:colcon.colcon_core.package_identification:_identify(.) by extension 'ros'
[2.279s] Level 1:colcon.colcon_core.package_identification:_identify(.) by extensions ['cmake', 'python']
[2.279s] Level 1:colcon.colcon_core.package_identification:_identify(.) by extension 'cmake'
[2.280s] Level 1:colcon.colcon_core.package_identification:_identify(.) by extension 'python'
[2.280s] Level 1:colcon.colcon_core.package_identification:_identify(.) by extensions ['python_setup_py']
[2.280s] Level 1:colcon.colcon_core.package_identification:_identify(.) by extension 'python_setup_py'
[2.281s] Level 1:colcon.colcon_core.package_identification:_identify(api_waypoint) by extensions ['ignore', 'ignore_ament_install']
[2.282s] Level 1:colcon.colcon_core.package_identification:_identify(api_waypoint) by extension 'ignore'
[2.282s] Level 1:colcon.colcon_core.package_identification:_identify(api_waypoint) by extension 'ignore_ament_install'
[2.283s] Level 1:colcon.colcon_core.package_identification:_identify(api_waypoint) by extensions ['colcon_pkg']
[2.283s] Level 1:colcon.colcon_core.package_identification:_identify(api_waypoint) by extension 'colcon_pkg'
[2.284s] Level 1:colcon.colcon_core.package_identification:_identify(api_waypoint) by extensions ['colcon_meta']
[2.285s] Level 1:colcon.colcon_core.package_identification:_identify(api_waypoint) by extension 'colcon_meta'
[2.285s] Level 1:colcon.colcon_core.package_identification:_identify(api_waypoint) by extensions ['ros']
[2.286s] Level 1:colcon.colcon_core.package_identification:_identify(api_waypoint) by extension 'ros'
[2.309s] DEBUG:colcon.colcon_core.package_identification:Package 'api_waypoint' with type 'ros.ament_python' and name 'api_waypoint'
[2.317s] Level 1:colcon.colcon_core.package_identification:_identify(build) by extensions ['ignore', 'ignore_ament_install']
[2.318s] Level 1:colcon.colcon_core.package_identification:_identify(build) by extension 'ignore'
[2.319s] Level 1:colcon.colcon_core.package_identification:_identify(build) ignored
[2.320s] Level 1:colcon.colcon_core.package_identification:_identify(comm_node) by extensions ['ignore', 'ignore_ament_install']
[2.321s] Level 1:colcon.colcon_core.package_identification:_identify(comm_node) by extension 'ignore'
[2.321s] Level 1:colcon.colcon_core.package_identification:_identify(comm_node) by extension 'ignore_ament_install'
[2.322s] Level 1:colcon.colcon_core.package_identification:_identify(comm_node) by extensions ['colcon_pkg']
[2.322s] Level 1:colcon.colcon_core.package_identification:_identify(comm_node) by extension 'colcon_pkg'
[2.323s] Level 1:colcon.colcon_core.package_identification:_identify(comm_node) by extensions ['colcon_meta']
[2.323s] Level 1:colcon.colcon_core.package_identification:_identify(comm_node) by extension 'colcon_meta'
[2.324s] Level 1:colcon.colcon_core.package_identification:_identify(comm_node) by extensions ['ros']
[2.324s] Level 1:colcon.colcon_core.package_identification:_identify(comm_node) by extension 'ros'
[2.329s] DEBUG:colcon.colcon_core.package_identification:Package 'comm_node' with type 'ros.ament_python' and name 'comm_node'
[2.330s] Level 1:colcon.colcon_core.package_identification:_identify(crack_comm) by extensions ['ignore', 'ignore_ament_install']
[2.331s] Level 1:colcon.colcon_core.package_identification:_identify(crack_comm) by extension 'ignore'
[2.332s] Level 1:colcon.colcon_core.package_identification:_identify(crack_comm) by extension 'ignore_ament_install'
[2.332s] Level 1:colcon.colcon_core.package_identification:_identify(crack_comm) by extensions ['colcon_pkg']
[2.333s] Level 1:colcon.colcon_core.package_identification:_identify(crack_comm) by extension 'colcon_pkg'
[2.333s] Level 1:colcon.colcon_core.package_identification:_identify(crack_comm) by extensions ['colcon_meta']
[2.334s] Level 1:colcon.colcon_core.package_identification:_identify(crack_comm) by extension 'colcon_meta'
[2.335s] Level 1:colcon.colcon_core.package_identification:_identify(crack_comm) by extensions ['ros']
[2.336s] Level 1:colcon.colcon_core.package_identification:_identify(crack_comm) by extension 'ros'
[2.341s] DEBUG:colcon.colcon_core.package_identification:Package 'crack_comm' with type 'ros.ament_python' and name 'crack_comm'
[2.342s] Level 1:colcon.colcon_core.package_identification:_identify(crack_controller) by extensions ['ignore', 'ignore_ament_install']
[2.343s] Level 1:colcon.colcon_core.package_identification:_identify(crack_controller) by extension 'ignore'
[2.343s] Level 1:colcon.colcon_core.package_identification:_identify(crack_controller) by extension 'ignore_ament_install'
[2.344s] Level 1:colcon.colcon_core.package_identification:_identify(crack_controller) by extensions ['colcon_pkg']
[2.344s] Level 1:colcon.colcon_core.package_identification:_identify(crack_controller) by extension 'colcon_pkg'
[2.345s] Level 1:colcon.colcon_core.package_identification:_identify(crack_controller) by extensions ['colcon_meta']
[2.345s] Level 1:colcon.colcon_core.package_identification:_identify(crack_controller) by extension 'colcon_meta'
[2.346s] Level 1:colcon.colcon_core.package_identification:_identify(crack_controller) by extensions ['ros']
[2.346s] Level 1:colcon.colcon_core.package_identification:_identify(crack_controller) by extension 'ros'
[2.350s] DEBUG:colcon.colcon_core.package_identification:Package 'crack_controller' with type 'ros.ament_python' and name 'crack_controller'
[2.351s] Level 1:colcon.colcon_core.package_identification:_identify(drone_images) by extensions ['ignore', 'ignore_ament_install']
[2.352s] Level 1:colcon.colcon_core.package_identification:_identify(drone_images) by extension 'ignore'
[2.352s] Level 1:colcon.colcon_core.package_identification:_identify(drone_images) by extension 'ignore_ament_install'
[2.353s] Level 1:colcon.colcon_core.package_identification:_identify(drone_images) by extensions ['colcon_pkg']
[2.353s] Level 1:colcon.colcon_core.package_identification:_identify(drone_images) by extension 'colcon_pkg'
[2.354s] Level 1:colcon.colcon_core.package_identification:_identify(drone_images) by extensions ['colcon_meta']
[2.354s] Level 1:colcon.colcon_core.package_identification:_identify(drone_images) by extension 'colcon_meta'
[2.355s] Level 1:colcon.colcon_core.package_identification:_identify(drone_images) by extensions ['ros']
[2.355s] Level 1:colcon.colcon_core.package_identification:_identify(drone_images) by extension 'ros'
[2.356s] Level 1:colcon.colcon_core.package_identification:_identify(drone_images) by extensions ['cmake', 'python']
[2.356s] Level 1:colcon.colcon_core.package_identification:_identify(drone_images) by extension 'cmake'
[2.356s] Level 1:colcon.colcon_core.package_identification:_identify(drone_images) by extension 'python'
[2.357s] Level 1:colcon.colcon_core.package_identification:_identify(drone_images) by extensions ['python_setup_py']
[2.357s] Level 1:colcon.colcon_core.package_identification:_identify(drone_images) by extension 'python_setup_py'
[2.357s] Level 1:colcon.colcon_core.package_identification:_identify(dummy_vicon_republisher) by extensions ['ignore', 'ignore_ament_install']
[2.358s] Level 1:colcon.colcon_core.package_identification:_identify(dummy_vicon_republisher) by extension 'ignore'
[2.358s] Level 1:colcon.colcon_core.package_identification:_identify(dummy_vicon_republisher) by extension 'ignore_ament_install'
[2.358s] Level 1:colcon.colcon_core.package_identification:_identify(dummy_vicon_republisher) by extensions ['colcon_pkg']
[2.359s] Level 1:colcon.colcon_core.package_identification:_identify(dummy_vicon_republisher) by extension 'colcon_pkg'
[2.359s] Level 1:colcon.colcon_core.package_identification:_identify(dummy_vicon_republisher) by extensions ['colcon_meta']
[2.359s] Level 1:colcon.colcon_core.package_identification:_identify(dummy_vicon_republisher) by extension 'colcon_meta'
[2.359s] Level 1:colcon.colcon_core.package_identification:_identify(dummy_vicon_republisher) by extensions ['ros']
[2.360s] Level 1:colcon.colcon_core.package_identification:_identify(dummy_vicon_republisher) by extension 'ros'
[2.364s] DEBUG:colcon.colcon_core.package_identification:Package 'dummy_vicon_republisher' with type 'ros.ament_python' and name 'dummy_vicon_republisher'
[2.365s] Level 1:colcon.colcon_core.package_identification:_identify(dummy_waypoint_publisher) by extensions ['ignore', 'ignore_ament_install']
[2.365s] Level 1:colcon.colcon_core.package_identification:_identify(dummy_waypoint_publisher) by extension 'ignore'
[2.365s] Level 1:colcon.colcon_core.package_identification:_identify(dummy_waypoint_publisher) by extension 'ignore_ament_install'
[2.366s] Level 1:colcon.colcon_core.package_identification:_identify(dummy_waypoint_publisher) by extensions ['colcon_pkg']
[2.366s] Level 1:colcon.colcon_core.package_identification:_identify(dummy_waypoint_publisher) by extension 'colcon_pkg'
[2.366s] Level 1:colcon.colcon_core.package_identification:_identify(dummy_waypoint_publisher) by extensions ['colcon_meta']
[2.366s] Level 1:colcon.colcon_core.package_identification:_identify(dummy_waypoint_publisher) by extension 'colcon_meta'
[2.367s] Level 1:colcon.colcon_core.package_identification:_identify(dummy_waypoint_publisher) by extensions ['ros']
[2.367s] Level 1:colcon.colcon_core.package_identification:_identify(dummy_waypoint_publisher) by extension 'ros'
[2.371s] DEBUG:colcon.colcon_core.package_identification:Package 'dummy_waypoint_publisher' with type 'ros.ament_python' and name 'dummy_waypoint_publisher'
[2.372s] Level 1:colcon.colcon_core.package_identification:_identify(exer2_control) by extensions ['ignore', 'ignore_ament_install']
[2.372s] Level 1:colcon.colcon_core.package_identification:_identify(exer2_control) by extension 'ignore'
[2.372s] Level 1:colcon.colcon_core.package_identification:_identify(exer2_control) by extension 'ignore_ament_install'
[2.373s] Level 1:colcon.colcon_core.package_identification:_identify(exer2_control) by extensions ['colcon_pkg']
[2.373s] Level 1:colcon.colcon_core.package_identification:_identify(exer2_control) by extension 'colcon_pkg'
[2.373s] Level 1:colcon.colcon_core.package_identification:_identify(exer2_control) by extensions ['colcon_meta']
[2.373s] Level 1:colcon.colcon_core.package_identification:_identify(exer2_control) by extension 'colcon_meta'
[2.374s] Level 1:colcon.colcon_core.package_identification:_identify(exer2_control) by extensions ['ros']
[2.374s] Level 1:colcon.colcon_core.package_identification:_identify(exer2_control) by extension 'ros'
[2.377s] DEBUG:colcon.colcon_core.package_identification:Package 'exer2_control' with type 'ros.ament_python' and name 'exer2_control'
[2.378s] Level 1:colcon.colcon_core.package_identification:_identify(exer3_control) by extensions ['ignore', 'ignore_ament_install']
[2.379s] Level 1:colcon.colcon_core.package_identification:_identify(exer3_control) by extension 'ignore'
[2.379s] Level 1:colcon.colcon_core.package_identification:_identify(exer3_control) by extension 'ignore_ament_install'
[2.379s] Level 1:colcon.colcon_core.package_identification:_identify(exer3_control) by extensions ['colcon_pkg']
[2.380s] Level 1:colcon.colcon_core.package_identification:_identify(exer3_control) by extension 'colcon_pkg'
[2.380s] Level 1:colcon.colcon_core.package_identification:_identify(exer3_control) by extensions ['colcon_meta']
[2.380s] Level 1:colcon.colcon_core.package_identification:_identify(exer3_control) by extension 'colcon_meta'
[2.381s] Level 1:colcon.colcon_core.package_identification:_identify(exer3_control) by extensions ['ros']
[2.381s] Level 1:colcon.colcon_core.package_identification:_identify(exer3_control) by extension 'ros'
[2.386s] DEBUG:colcon.colcon_core.package_identification:Package 'exer3_control' with type 'ros.ament_python' and name 'exer3_control'
[2.387s] Level 1:colcon.colcon_core.package_identification:_identify(image_saver) by extensions ['ignore', 'ignore_ament_install']
[2.387s] Level 1:colcon.colcon_core.package_identification:_identify(image_saver) by extension 'ignore'
[2.387s] Level 1:colcon.colcon_core.package_identification:_identify(image_saver) by extension 'ignore_ament_install'
[2.388s] Level 1:colcon.colcon_core.package_identification:_identify(image_saver) by extensions ['colcon_pkg']
[2.388s] Level 1:colcon.colcon_core.package_identification:_identify(image_saver) by extension 'colcon_pkg'
[2.388s] Level 1:colcon.colcon_core.package_identification:_identify(image_saver) by extensions ['colcon_meta']
[2.388s] Level 1:colcon.colcon_core.package_identification:_identify(image_saver) by extension 'colcon_meta'
[2.389s] Level 1:colcon.colcon_core.package_identification:_identify(image_saver) by extensions ['ros']
[2.389s] Level 1:colcon.colcon_core.package_identification:_identify(image_saver) by extension 'ros'
[2.395s] DEBUG:colcon.colcon_core.package_identification:Package 'image_saver' with type 'ros.ament_python' and name 'image_saver'
[2.395s] Level 1:colcon.colcon_core.package_identification:_identify(install) by extensions ['ignore', 'ignore_ament_install']
[2.396s] Level 1:colcon.colcon_core.package_identification:_identify(install) by extension 'ignore'
[2.396s] Level 1:colcon.colcon_core.package_identification:_identify(install) ignored
[2.397s] Level 1:colcon.colcon_core.package_identification:_identify(launcher) by extensions ['ignore', 'ignore_ament_install']
[2.397s] Level 1:colcon.colcon_core.package_identification:_identify(launcher) by extension 'ignore'
[2.397s] Level 1:colcon.colcon_core.package_identification:_identify(launcher) by extension 'ignore_ament_install'
[2.398s] Level 1:colcon.colcon_core.package_identification:_identify(launcher) by extensions ['colcon_pkg']
[2.398s] Level 1:colcon.colcon_core.package_identification:_identify(launcher) by extension 'colcon_pkg'
[2.398s] Level 1:colcon.colcon_core.package_identification:_identify(launcher) by extensions ['colcon_meta']
[2.398s] Level 1:colcon.colcon_core.package_identification:_identify(launcher) by extension 'colcon_meta'
[2.398s] Level 1:colcon.colcon_core.package_identification:_identify(launcher) by extensions ['ros']
[2.398s] Level 1:colcon.colcon_core.package_identification:_identify(launcher) by extension 'ros'
[2.399s] Level 1:colcon.colcon_core.package_identification:_identify(launcher) by extensions ['cmake', 'python']
[2.399s] Level 1:colcon.colcon_core.package_identification:_identify(launcher) by extension 'cmake'
[2.399s] Level 1:colcon.colcon_core.package_identification:_identify(launcher) by extension 'python'
[2.400s] Level 1:colcon.colcon_core.package_identification:_identify(launcher) by extensions ['python_setup_py']
[2.400s] Level 1:colcon.colcon_core.package_identification:_identify(launcher) by extension 'python_setup_py'
[2.401s] Level 1:colcon.colcon_core.package_identification:_identify(log) by extensions ['ignore', 'ignore_ament_install']
[2.401s] Level 1:colcon.colcon_core.package_identification:_identify(log) by extension 'ignore'
[2.401s] Level 1:colcon.colcon_core.package_identification:_identify(log) ignored
[2.402s] Level 1:colcon.colcon_core.package_identification:_identify(myenv) by extensions ['ignore', 'ignore_ament_install']
[2.402s] Level 1:colcon.colcon_core.package_identification:_identify(myenv) by extension 'ignore'
[2.403s] Level 1:colcon.colcon_core.package_identification:_identify(myenv) by extension 'ignore_ament_install'
[2.403s] Level 1:colcon.colcon_core.package_identification:_identify(myenv) by extensions ['colcon_pkg']
[2.403s] Level 1:colcon.colcon_core.package_identification:_identify(myenv) by extension 'colcon_pkg'
[2.403s] Level 1:colcon.colcon_core.package_identification:_identify(myenv) by extensions ['colcon_meta']
[2.404s] Level 1:colcon.colcon_core.package_identification:_identify(myenv) by extension 'colcon_meta'
[2.404s] Level 1:colcon.colcon_core.package_identification:_identify(myenv) by extensions ['ros']
[2.404s] Level 1:colcon.colcon_core.package_identification:_identify(myenv) by extension 'ros'
[2.405s] Level 1:colcon.colcon_core.package_identification:_identify(myenv) by extensions ['cmake', 'python']
[2.405s] Level 1:colcon.colcon_core.package_identification:_identify(myenv) by extension 'cmake'
[2.405s] Level 1:colcon.colcon_core.package_identification:_identify(myenv) by extension 'python'
[2.405s] Level 1:colcon.colcon_core.package_identification:_identify(myenv) by extensions ['python_setup_py']
[2.406s] Level 1:colcon.colcon_core.package_identification:_identify(myenv) by extension 'python_setup_py'
[2.406s] Level 1:colcon.colcon_core.package_identification:_identify(myenv/bin) by extensions ['ignore', 'ignore_ament_install']
[2.407s] Level 1:colcon.colcon_core.package_identification:_identify(myenv/bin) by extension 'ignore'
[2.407s] Level 1:colcon.colcon_core.package_identification:_identify(myenv/bin) by extension 'ignore_ament_install'
[2.407s] Level 1:colcon.colcon_core.package_identification:_identify(myenv/bin) by extensions ['colcon_pkg']
[2.408s] Level 1:colcon.colcon_core.package_identification:_identify(myenv/bin) by extension 'colcon_pkg'
[2.408s] Level 1:colcon.colcon_core.package_identification:_identify(myenv/bin) by extensions ['colcon_meta']
[2.408s] Level 1:colcon.colcon_core.package_identification:_identify(myenv/bin) by extension 'colcon_meta'
[2.408s] Level 1:colcon.colcon_core.package_identification:_identify(myenv/bin) by extensions ['ros']
[2.408s] Level 1:colcon.colcon_core.package_identification:_identify(myenv/bin) by extension 'ros'
[2.409s] Level 1:colcon.colcon_core.package_identification:_identify(myenv/bin) by extensions ['cmake', 'python']
[2.409s] Level 1:colcon.colcon_core.package_identification:_identify(myenv/bin) by extension 'cmake'
[2.409s] Level 1:colcon.colcon_core.package_identification:_identify(myenv/bin) by extension 'python'
[2.410s] Level 1:colcon.colcon_core.package_identification:_identify(myenv/bin) by extensions ['python_setup_py']
[2.410s] Level 1:colcon.colcon_core.package_identification:_identify(myenv/bin) by extension 'python_setup_py'
[2.410s] Level 1:colcon.colcon_core.package_identification:_identify(myenv/include) by extensions ['ignore', 'ignore_ament_install']
[2.411s] Level 1:colcon.colcon_core.package_identification:_identify(myenv/include) by extension 'ignore'
[2.411s] Level 1:colcon.colcon_core.package_identification:_identify(myenv/include) by extension 'ignore_ament_install'
[2.411s] Level 1:colcon.colcon_core.package_identification:_identify(myenv/include) by extensions ['colcon_pkg']
[2.411s] Level 1:colcon.colcon_core.package_identification:_identify(myenv/include) by extension 'colcon_pkg'
[2.412s] Level 1:colcon.colcon_core.package_identification:_identify(myenv/include) by extensions ['colcon_meta']
[2.412s] Level 1:colcon.colcon_core.package_identification:_identify(myenv/include) by extension 'colcon_meta'
[2.412s] Level 1:colcon.colcon_core.package_identification:_identify(myenv/include) by extensions ['ros']
[2.412s] Level 1:colcon.colcon_core.package_identification:_identify(myenv/include) by extension 'ros'
[2.413s] Level 1:colcon.colcon_core.package_identification:_identify(myenv/include) by extensions ['cmake', 'python']
[2.413s] Level 1:colcon.colcon_core.package_identification:_identify(myenv/include) by extension 'cmake'
[2.413s] Level 1:colcon.colcon_core.package_identification:_identify(myenv/include) by extension 'python'
[2.413s] Level 1:colcon.colcon_core.package_identification:_identify(myenv/include) by extensions ['python_setup_py']
[2.413s] Level 1:colcon.colcon_core.package_identification:_identify(myenv/include) by extension 'python_setup_py'
[2.414s] Level 1:colcon.colcon_core.package_identification:_identify(myenv/lib) by extensions ['ignore', 'ignore_ament_install']
[2.414s] Level 1:colcon.colcon_core.package_identification:_identify(myenv/lib) by extension 'ignore'
[2.415s] Level 1:colcon.colcon_core.package_identification:_identify(myenv/lib) by extension 'ignore_ament_install'
[2.415s] Level 1:colcon.colcon_core.package_identification:_identify(myenv/lib) by extensions ['colcon_pkg']
[2.415s] Level 1:colcon.colcon_core.package_identification:_identify(myenv/lib) by extension 'colcon_pkg'
[2.415s] Level 1:colcon.colcon_core.package_identification:_identify(myenv/lib) by extensions ['colcon_meta']
[2.415s] Level 1:colcon.colcon_core.package_identification:_identify(myenv/lib) by extension 'colcon_meta'
[2.416s] Level 1:colcon.colcon_core.package_identification:_identify(myenv/lib) by extensions ['ros']
[2.416s] Level 1:colcon.colcon_core.package_identification:_identify(myenv/lib) by extension 'ros'
[2.416s] Level 1:colcon.colcon_core.package_identification:_identify(myenv/lib) by extensions ['cmake', 'python']
[2.417s] Level 1:colcon.colcon_core.package_identification:_identify(myenv/lib) by extension 'cmake'
[2.417s] Level 1:colcon.colcon_core.package_identification:_identify(myenv/lib) by extension 'python'
[2.417s] Level 1:colcon.colcon_core.package_identification:_identify(myenv/lib) by extensions ['python_setup_py']
[2.417s] Level 1:colcon.colcon_core.package_identification:_identify(myenv/lib) by extension 'python_setup_py'
[2.418s] Level 1:colcon.colcon_core.package_identification:_identify(myenv/lib/python3.6) by extensions ['ignore', 'ignore_ament_install']
[2.418s] Level 1:colcon.colcon_core.package_identification:_identify(myenv/lib/python3.6) by extension 'ignore'
[2.419s] Level 1:colcon.colcon_core.package_identification:_identify(myenv/lib/python3.6) by extension 'ignore_ament_install'
[2.419s] Level 1:colcon.colcon_core.package_identification:_identify(myenv/lib/python3.6) by extensions ['colcon_pkg']
[2.419s] Level 1:colcon.colcon_core.package_identification:_identify(myenv/lib/python3.6) by extension 'colcon_pkg'
[2.419s] Level 1:colcon.colcon_core.package_identification:_identify(myenv/lib/python3.6) by extensions ['colcon_meta']
[2.420s] Level 1:colcon.colcon_core.package_identification:_identify(myenv/lib/python3.6) by extension 'colcon_meta'
[2.420s] Level 1:colcon.colcon_core.package_identification:_identify(myenv/lib/python3.6) by extensions ['ros']
[2.420s] Level 1:colcon.colcon_core.package_identification:_identify(myenv/lib/python3.6) by extension 'ros'
[2.420s] Level 1:colcon.colcon_core.package_identification:_identify(myenv/lib/python3.6) by extensions ['cmake', 'python']
[2.421s] Level 1:colcon.colcon_core.package_identification:_identify(myenv/lib/python3.6) by extension 'cmake'
[2.421s] Level 1:colcon.colcon_core.package_identification:_identify(myenv/lib/python3.6) by extension 'python'
[2.421s] Level 1:colcon.colcon_core.package_identification:_identify(myenv/lib/python3.6) by extensions ['python_setup_py']
[2.421s] Level 1:colcon.colcon_core.package_identification:_identify(myenv/lib/python3.6) by extension 'python_setup_py'
[2.422s] Level 1:colcon.colcon_core.package_identification:_identify(myenv/lib/python3.6/site-packages) by extensions ['ignore', 'ignore_ament_install']
[2.422s] Level 1:colcon.colcon_core.package_identification:_identify(myenv/lib/python3.6/site-packages) by extension 'ignore'
[2.422s] Level 1:colcon.colcon_core.package_identification:_identify(myenv/lib/python3.6/site-packages) by extension 'ignore_ament_install'
[2.423s] Level 1:colcon.colcon_core.package_identification:_identify(myenv/lib/python3.6/site-packages) by extensions ['colcon_pkg']
[2.423s] Level 1:colcon.colcon_core.package_identification:_identify(myenv/lib/python3.6/site-packages) by extension 'colcon_pkg'
[2.423s] Level 1:colcon.colcon_core.package_identification:_identify(myenv/lib/python3.6/site-packages) by extensions ['colcon_meta']
[2.423s] Level 1:colcon.colcon_core.package_identification:_identify(myenv/lib/python3.6/site-packages) by extension 'colcon_meta'
[2.424s] Level 1:colcon.colcon_core.package_identification:_identify(myenv/lib/python3.6/site-packages) by extensions ['ros']
[2.424s] Level 1:colcon.colcon_core.package_identification:_identify(myenv/lib/python3.6/site-packages) by extension 'ros'
[2.424s] Level 1:colcon.colcon_core.package_identification:_identify(myenv/lib/python3.6/site-packages) by extensions ['cmake', 'python']
[2.424s] Level 1:colcon.colcon_core.package_identification:_identify(myenv/lib/python3.6/site-packages) by extension 'cmake'
[2.425s] Level 1:colcon.colcon_core.package_identification:_identify(myenv/lib/python3.6/site-packages) by extension 'python'
[2.425s] Level 1:colcon.colcon_core.package_identification:_identify(myenv/lib/python3.6/site-packages) by extensions ['python_setup_py']
[2.425s] Level 1:colcon.colcon_core.package_identification:_identify(myenv/lib/python3.6/site-packages) by extension 'python_setup_py'
[2.426s] Level 1:colcon.colcon_core.package_identification:_identify(px4_autonomy_modules) by extensions ['ignore', 'ignore_ament_install']
[2.426s] Level 1:colcon.colcon_core.package_identification:_identify(px4_autonomy_modules) by extension 'ignore'
[2.427s] Level 1:colcon.colcon_core.package_identification:_identify(px4_autonomy_modules) by extension 'ignore_ament_install'
[2.427s] Level 1:colcon.colcon_core.package_identification:_identify(px4_autonomy_modules) by extensions ['colcon_pkg']
[2.427s] Level 1:colcon.colcon_core.package_identification:_identify(px4_autonomy_modules) by extension 'colcon_pkg'
[2.427s] Level 1:colcon.colcon_core.package_identification:_identify(px4_autonomy_modules) by extensions ['colcon_meta']
[2.427s] Level 1:colcon.colcon_core.package_identification:_identify(px4_autonomy_modules) by extension 'colcon_meta'
[2.428s] Level 1:colcon.colcon_core.package_identification:_identify(px4_autonomy_modules) by extensions ['ros']
[2.428s] Level 1:colcon.colcon_core.package_identification:_identify(px4_autonomy_modules) by extension 'ros'
[2.435s] DEBUG:colcon.colcon_core.package_identification:Package 'px4_autonomy_modules' with type 'ros.ament_cmake' and name 'px4_autonomy_modules'
[2.436s] Level 1:colcon.colcon_core.package_identification:_identify(realsense2mavros) by extensions ['ignore', 'ignore_ament_install']
[2.436s] Level 1:colcon.colcon_core.package_identification:_identify(realsense2mavros) by extension 'ignore'
[2.436s] Level 1:colcon.colcon_core.package_identification:_identify(realsense2mavros) by extension 'ignore_ament_install'
[2.437s] Level 1:colcon.colcon_core.package_identification:_identify(realsense2mavros) by extensions ['colcon_pkg']
[2.437s] Level 1:colcon.colcon_core.package_identification:_identify(realsense2mavros) by extension 'colcon_pkg'
[2.437s] Level 1:colcon.colcon_core.package_identification:_identify(realsense2mavros) by extensions ['colcon_meta']
[2.438s] Level 1:colcon.colcon_core.package_identification:_identify(realsense2mavros) by extension 'colcon_meta'
[2.438s] Level 1:colcon.colcon_core.package_identification:_identify(realsense2mavros) by extensions ['ros']
[2.438s] Level 1:colcon.colcon_core.package_identification:_identify(realsense2mavros) by extension 'ros'
[2.442s] DEBUG:colcon.colcon_core.package_identification:Package 'realsense2mavros' with type 'ros.ament_python' and name 'realsense2mavros'
[2.443s] Level 1:colcon.colcon_core.package_identification:_identify(task2) by extensions ['ignore', 'ignore_ament_install']
[2.443s] Level 1:colcon.colcon_core.package_identification:_identify(task2) by extension 'ignore'
[2.444s] Level 1:colcon.colcon_core.package_identification:_identify(task2) by extension 'ignore_ament_install'
[2.444s] Level 1:colcon.colcon_core.package_identification:_identify(task2) by extensions ['colcon_pkg']
[2.444s] Level 1:colcon.colcon_core.package_identification:_identify(task2) by extension 'colcon_pkg'
[2.445s] Level 1:colcon.colcon_core.package_identification:_identify(task2) by extensions ['colcon_meta']
[2.445s] Level 1:colcon.colcon_core.package_identification:_identify(task2) by extension 'colcon_meta'
[2.445s] Level 1:colcon.colcon_core.package_identification:_identify(task2) by extensions ['ros']
[2.445s] Level 1:colcon.colcon_core.package_identification:_identify(task2) by extension 'ros'
[2.446s] Level 1:colcon.colcon_core.package_identification:_identify(task2) by extensions ['cmake', 'python']
[2.446s] Level 1:colcon.colcon_core.package_identification:_identify(task2) by extension 'cmake'
[2.446s] Level 1:colcon.colcon_core.package_identification:_identify(task2) by extension 'python'
[2.447s] Level 1:colcon.colcon_core.package_identification:_identify(task2) by extensions ['python_setup_py']
[2.447s] Level 1:colcon.colcon_core.package_identification:_identify(task2) by extension 'python_setup_py'
[2.447s] Level 1:colcon.colcon_core.package_identification:_identify(unit_tester) by extensions ['ignore', 'ignore_ament_install']
[2.448s] Level 1:colcon.colcon_core.package_identification:_identify(unit_tester) by extension 'ignore'
[2.448s] Level 1:colcon.colcon_core.package_identification:_identify(unit_tester) by extension 'ignore_ament_install'
[2.448s] Level 1:colcon.colcon_core.package_identification:_identify(unit_tester) by extensions ['colcon_pkg']
[2.448s] Level 1:colcon.colcon_core.package_identification:_identify(unit_tester) by extension 'colcon_pkg'
[2.449s] Level 1:colcon.colcon_core.package_identification:_identify(unit_tester) by extensions ['colcon_meta']
[2.449s] Level 1:colcon.colcon_core.package_identification:_identify(unit_tester) by extension 'colcon_meta'
[2.449s] Level 1:colcon.colcon_core.package_identification:_identify(unit_tester) by extensions ['ros']
[2.449s] Level 1:colcon.colcon_core.package_identification:_identify(unit_tester) by extension 'ros'
[2.453s] DEBUG:colcon.colcon_core.package_identification:Package 'unit_tester' with type 'ros.ament_python' and name 'unit_tester'
[2.453s] Level 1:colcon.colcon_core.package_identification:_identify(vicon_bridge) by extensions ['ignore', 'ignore_ament_install']
[2.454s] Level 1:colcon.colcon_core.package_identification:_identify(vicon_bridge) by extension 'ignore'
[2.454s] Level 1:colcon.colcon_core.package_identification:_identify(vicon_bridge) by extension 'ignore_ament_install'
[2.454s] Level 1:colcon.colcon_core.package_identification:_identify(vicon_bridge) by extensions ['colcon_pkg']
[2.454s] Level 1:colcon.colcon_core.package_identification:_identify(vicon_bridge) by extension 'colcon_pkg'
[2.455s] Level 1:colcon.colcon_core.package_identification:_identify(vicon_bridge) by extensions ['colcon_meta']
[2.455s] Level 1:colcon.colcon_core.package_identification:_identify(vicon_bridge) by extension 'colcon_meta'
[2.455s] Level 1:colcon.colcon_core.package_identification:_identify(vicon_bridge) by extensions ['ros']
[2.455s] Level 1:colcon.colcon_core.package_identification:_identify(vicon_bridge) by extension 'ros'
[2.459s] DEBUG:colcon.colcon_core.package_identification:Package 'vicon_bridge' with type 'ros.ament_python' and name 'vicon_bridge'
[2.460s] Level 1:colcon.colcon_core.package_identification:_identify(vicon_obstacle_republisher) by extensions ['ignore', 'ignore_ament_install']
[2.461s] Level 1:colcon.colcon_core.package_identification:_identify(vicon_obstacle_republisher) by extension 'ignore'
[2.461s] Level 1:colcon.colcon_core.package_identification:_identify(vicon_obstacle_republisher) by extension 'ignore_ament_install'
[2.461s] Level 1:colcon.colcon_core.package_identification:_identify(vicon_obstacle_republisher) by extensions ['colcon_pkg']
[2.461s] Level 1:colcon.colcon_core.package_identification:_identify(vicon_obstacle_republisher) by extension 'colcon_pkg'
[2.462s] Level 1:colcon.colcon_core.package_identification:_identify(vicon_obstacle_republisher) by extensions ['colcon_meta']
[2.462s] Level 1:colcon.colcon_core.package_identification:_identify(vicon_obstacle_republisher) by extension 'colcon_meta'
[2.462s] Level 1:colcon.colcon_core.package_identification:_identify(vicon_obstacle_republisher) by extensions ['ros']
[2.462s] Level 1:colcon.colcon_core.package_identification:_identify(vicon_obstacle_republisher) by extension 'ros'
[2.466s] DEBUG:colcon.colcon_core.package_identification:Package 'vicon_obstacle_republisher' with type 'ros.ament_python' and name 'vicon_obstacle_republisher'
[2.467s] Level 1:colcon.colcon_core.package_identification:_identify(waypoint_nav) by extensions ['ignore', 'ignore_ament_install']
[2.467s] Level 1:colcon.colcon_core.package_identification:_identify(waypoint_nav) by extension 'ignore'
[2.468s] Level 1:colcon.colcon_core.package_identification:_identify(waypoint_nav) by extension 'ignore_ament_install'
[2.468s] Level 1:colcon.colcon_core.package_identification:_identify(waypoint_nav) by extensions ['colcon_pkg']
[2.468s] Level 1:colcon.colcon_core.package_identification:_identify(waypoint_nav) by extension 'colcon_pkg'
[2.468s] Level 1:colcon.colcon_core.package_identification:_identify(waypoint_nav) by extensions ['colcon_meta']
[2.469s] Level 1:colcon.colcon_core.package_identification:_identify(waypoint_nav) by extension 'colcon_meta'
[2.469s] Level 1:colcon.colcon_core.package_identification:_identify(waypoint_nav) by extensions ['ros']
[2.469s] Level 1:colcon.colcon_core.package_identification:_identify(waypoint_nav) by extension 'ros'
[2.474s] DEBUG:colcon.colcon_core.package_identification:Package 'waypoint_nav' with type 'ros.ament_python' and name 'waypoint_nav'
[2.474s] Level 1:colcon.colcon_core.package_discovery:discover_packages(recursive) using defaults
[2.475s] Level 1:colcon.colcon_core.package_discovery:discover_packages(ignore) discover
[2.475s] Level 1:colcon.colcon_core.package_discovery:discover_packages(ignore) using defaults
[2.475s] Level 1:colcon.colcon_core.package_discovery:discover_packages(path) discover
[2.475s] Level 1:colcon.colcon_core.package_discovery:discover_packages(path) using defaults
[2.612s] INFO:colcon.colcon_core.package_selection:Skipping not selected package 'api_waypoint' in 'api_waypoint'
[2.612s] INFO:colcon.colcon_core.package_selection:Skipping not selected package 'comm_node' in 'comm_node'
[2.612s] INFO:colcon.colcon_core.package_selection:Skipping not selected package 'crack_comm' in 'crack_comm'
[2.612s] INFO:colcon.colcon_core.package_selection:Skipping not selected package 'crack_controller' in 'crack_controller'
[2.613s] INFO:colcon.colcon_core.package_selection:Skipping not selected package 'dummy_vicon_republisher' in 'dummy_vicon_republisher'
[2.613s] INFO:colcon.colcon_core.package_selection:Skipping not selected package 'dummy_waypoint_publisher' in 'dummy_waypoint_publisher'
[2.613s] INFO:colcon.colcon_core.package_selection:Skipping not selected package 'exer2_control' in 'exer2_control'
[2.613s] INFO:colcon.colcon_core.package_selection:Skipping not selected package 'exer3_control' in 'exer3_control'
[2.613s] INFO:colcon.colcon_core.package_selection:Skipping not selected package 'image_saver' in 'image_saver'
[2.613s] INFO:colcon.colcon_core.package_selection:Skipping not selected package 'px4_autonomy_modules' in 'px4_autonomy_modules'
[2.613s] INFO:colcon.colcon_core.package_selection:Skipping not selected package 'realsense2mavros' in 'realsense2mavros'
[2.613s] INFO:colcon.colcon_core.package_selection:Skipping not selected package 'unit_tester' in 'unit_tester'
[2.614s] INFO:colcon.colcon_core.package_selection:Skipping not selected package 'vicon_bridge' in 'vicon_bridge'
[2.614s] INFO:colcon.colcon_core.package_selection:Skipping not selected package 'waypoint_nav' in 'waypoint_nav'
[2.617s] Level 1:colcon.colcon_core.package_discovery:discover_packages(prefix_path) check parameters
[2.617s] Level 1:colcon.colcon_core.package_discovery:discover_packages(prefix_path) discover
[2.634s] DEBUG:colcon.colcon_installed_package_information.package_discovery:Found 15 installed packages in /home/jetson/ros2_ws/install
[2.642s] DEBUG:colcon.colcon_installed_package_information.package_discovery:Found 271 installed packages in /opt/ros/foxy
[2.652s] Level 1:colcon.colcon_core.package_discovery:discover_packages(prefix_path) using defaults
[3.232s] Level 5:colcon.colcon_core.verb:set package 'vicon_obstacle_republisher' build argument 'cmake_args' from command line to 'None'
[3.232s] Level 5:colcon.colcon_core.verb:set package 'vicon_obstacle_republisher' build argument 'cmake_target' from command line to 'None'
[3.232s] Level 5:colcon.colcon_core.verb:set package 'vicon_obstacle_republisher' build argument 'cmake_target_skip_unavailable' from command line to 'False'
[3.233s] Level 5:colcon.colcon_core.verb:set package 'vicon_obstacle_republisher' build argument 'cmake_clean_cache' from command line to 'False'
[3.233s] Level 5:colcon.colcon_core.verb:set package 'vicon_obstacle_republisher' build argument 'cmake_clean_first' from command line to 'False'
[3.233s] Level 5:colcon.colcon_core.verb:set package 'vicon_obstacle_republisher' build argument 'cmake_force_configure' from command line to 'False'
[3.233s] Level 5:colcon.colcon_core.verb:set package 'vicon_obstacle_republisher' build argument 'ament_cmake_args' from command line to 'None'
[3.233s] Level 5:colcon.colcon_core.verb:set package 'vicon_obstacle_republisher' build argument 'catkin_cmake_args' from command line to 'None'
[3.233s] Level 5:colcon.colcon_core.verb:set package 'vicon_obstacle_republisher' build argument 'catkin_skip_building_tests' from command line to 'False'
[3.234s] DEBUG:colcon.colcon_core.verb:Building package 'vicon_obstacle_republisher' with the following arguments: {'ament_cmake_args': None, 'build_base': '/home/jetson/ros2_ws/src/build/vicon_obstacle_republisher', 'catkin_cmake_args': None, 'catkin_skip_building_tests': False, 'cmake_args': None, 'cmake_clean_cache': False, 'cmake_clean_first': False, 'cmake_force_configure': False, 'cmake_target': None, 'cmake_target_skip_unavailable': False, 'install_base': '/home/jetson/ros2_ws/src/install/vicon_obstacle_republisher', 'merge_install': False, 'path': '/home/jetson/ros2_ws/src/vicon_obstacle_republisher', 'symlink_install': False, 'test_result_base': None}
[3.235s] INFO:colcon.colcon_core.executor:Executing jobs using 'parallel' executor
[3.240s] DEBUG:colcon.colcon_parallel_executor.executor.parallel:run_until_complete
[3.242s] INFO:colcon.colcon_ros.task.ament_python.build:Building ROS package in '/home/jetson/ros2_ws/src/vicon_obstacle_republisher' with build type 'ament_python'
[3.242s] Level 1:colcon.colcon_core.shell:create_environment_hook('vicon_obstacle_republisher', 'ament_prefix_path')
[3.265s] INFO:colcon.colcon_core.plugin_system:Skipping extension 'colcon_core.shell.bat': Not used on non-Windows systems
[3.266s] INFO:colcon.colcon_core.shell:Creating environment hook '/home/jetson/ros2_ws/src/install/vicon_obstacle_republisher/share/vicon_obstacle_republisher/hook/ament_prefix_path.ps1'
[3.270s] INFO:colcon.colcon_core.shell:Creating environment descriptor '/home/jetson/ros2_ws/src/install/vicon_obstacle_republisher/share/vicon_obstacle_republisher/hook/ament_prefix_path.dsv'
[3.274s] INFO:colcon.colcon_core.shell:Creating environment hook '/home/jetson/ros2_ws/src/install/vicon_obstacle_republisher/share/vicon_obstacle_republisher/hook/ament_prefix_path.sh'
[3.281s] INFO:colcon.colcon_core.shell:Skip shell extension 'powershell' for command environment: Not usable outside of PowerShell
[3.281s] DEBUG:colcon.colcon_core.shell:Skip shell extension 'dsv' for command environment
[5.032s] INFO:colcon.colcon_core.task.python.build:Building Python package in '/home/jetson/ros2_ws/src/vicon_obstacle_republisher'
[5.034s] INFO:colcon.colcon_core.shell:Skip shell extension 'powershell' for command environment: Not usable outside of PowerShell
[5.035s] DEBUG:colcon.colcon_core.shell:Skip shell extension 'dsv' for command environment
[7.598s] DEBUG:colcon.colcon_core.event_handler.log_command:Invoking command in '/home/jetson/ros2_ws/src/vicon_obstacle_republisher': PYTHONPATH=/home/jetson/ros2_ws/src/build/vicon_obstacle_republisher/prefix_override:/usr/lib/python3/dist-packages/colcon_core/task/python/colcon_distutils_commands:/home/jetson/ros2_ws/src/install/vicon_obstacle_republisher/lib/python3.8/site-packages:${PYTHONPATH} /usr/bin/python3 -W ignore:setup.py install is deprecated -W ignore:easy_install command is deprecated setup.py egg_info --egg-base ../build/vicon_obstacle_republisher build --build-base /home/jetson/ros2_ws/src/build/vicon_obstacle_republisher/build install --record /home/jetson/ros2_ws/src/build/vicon_obstacle_republisher/install.log --install-scripts $base/lib/vicon_obstacle_republisher --single-version-externally-managed install_data
[9.193s] DEBUG:colcon.colcon_core.event_handler.log_command:Invoked command in '/home/jetson/ros2_ws/src/vicon_obstacle_republisher' returned '0': PYTHONPATH=/home/jetson/ros2_ws/src/build/vicon_obstacle_republisher/prefix_override:/usr/lib/python3/dist-packages/colcon_core/task/python/colcon_distutils_commands:/home/jetson/ros2_ws/src/install/vicon_obstacle_republisher/lib/python3.8/site-packages:${PYTHONPATH} /usr/bin/python3 -W ignore:setup.py install is deprecated -W ignore:easy_install command is deprecated setup.py egg_info --egg-base ../build/vicon_obstacle_republisher build --build-base /home/jetson/ros2_ws/src/build/vicon_obstacle_republisher/build install --record /home/jetson/ros2_ws/src/build/vicon_obstacle_republisher/install.log --install-scripts $base/lib/vicon_obstacle_republisher --single-version-externally-managed install_data
[9.213s] Level 1:colcon.colcon_core.environment:checking '/home/jetson/ros2_ws/src/install/vicon_obstacle_republisher' for CMake module files
[9.216s] Level 1:colcon.colcon_core.environment:checking '/home/jetson/ros2_ws/src/install/vicon_obstacle_republisher' for CMake config files
[9.219s] Level 1:colcon.colcon_core.environment:checking '/home/jetson/ros2_ws/src/install/vicon_obstacle_republisher/lib'
[9.220s] Level 1:colcon.colcon_core.environment:checking '/home/jetson/ros2_ws/src/install/vicon_obstacle_republisher/bin'
[9.220s] Level 1:colcon.colcon_core.environment:checking '/home/jetson/ros2_ws/src/install/vicon_obstacle_republisher/lib/pkgconfig/vicon_obstacle_republisher.pc'
[9.221s] Level 1:colcon.colcon_core.environment:checking '/home/jetson/ros2_ws/src/install/vicon_obstacle_republisher/lib/python3.8/site-packages'
[9.221s] Level 1:colcon.colcon_core.shell:create_environment_hook('vicon_obstacle_republisher', 'pythonpath')
[9.223s] INFO:colcon.colcon_core.shell:Creating environment hook '/home/jetson/ros2_ws/src/install/vicon_obstacle_republisher/share/vicon_obstacle_republisher/hook/pythonpath.ps1'
[9.225s] INFO:colcon.colcon_core.shell:Creating environment descriptor '/home/jetson/ros2_ws/src/install/vicon_obstacle_republisher/share/vicon_obstacle_republisher/hook/pythonpath.dsv'
[9.226s] INFO:colcon.colcon_core.shell:Creating environment hook '/home/jetson/ros2_ws/src/install/vicon_obstacle_republisher/share/vicon_obstacle_republisher/hook/pythonpath.sh'
[9.228s] Level 1:colcon.colcon_core.environment:checking '/home/jetson/ros2_ws/src/install/vicon_obstacle_republisher/bin'
[9.229s] Level 1:colcon.colcon_core.environment:create_environment_scripts_only(vicon_obstacle_republisher)
[9.231s] INFO:colcon.colcon_core.shell:Creating package script '/home/jetson/ros2_ws/src/install/vicon_obstacle_republisher/share/vicon_obstacle_republisher/package.ps1'
[9.235s] INFO:colcon.colcon_core.shell:Creating package descriptor '/home/jetson/ros2_ws/src/install/vicon_obstacle_republisher/share/vicon_obstacle_republisher/package.dsv'
[9.240s] INFO:colcon.colcon_core.shell:Creating package script '/home/jetson/ros2_ws/src/install/vicon_obstacle_republisher/share/vicon_obstacle_republisher/package.sh'
[9.245s] INFO:colcon.colcon_core.shell:Creating package script '/home/jetson/ros2_ws/src/install/vicon_obstacle_republisher/share/vicon_obstacle_republisher/package.bash'
[9.250s] INFO:colcon.colcon_core.shell:Creating package script '/home/jetson/ros2_ws/src/install/vicon_obstacle_republisher/share/vicon_obstacle_republisher/package.zsh'
[9.254s] Level 1:colcon.colcon_core.environment:create_file_with_runtime_dependencies(/home/jetson/ros2_ws/src/install/vicon_obstacle_republisher/share/colcon-core/packages/vicon_obstacle_republisher)
[9.256s] DEBUG:colcon.colcon_parallel_executor.executor.parallel:closing loop
[9.257s] DEBUG:colcon.colcon_parallel_executor.executor.parallel:loop closed
[9.257s] DEBUG:colcon.colcon_parallel_executor.executor.parallel:run_until_complete finished with '0'
[9.257s] DEBUG:colcon.colcon_core.event_reactor:joining thread
[9.296s] INFO:colcon.colcon_core.plugin_system:Skipping extension 'colcon_notification.desktop_notification.terminal_notifier': Not used on non-Darwin systems
[9.297s] INFO:colcon.colcon_core.plugin_system:Skipping extension 'colcon_notification.desktop_notification.win32': Not used on non-Windows systems
[9.297s] INFO:colcon.colcon_notification.desktop_notification:Sending desktop notification using 'notify2'
[9.337s] DEBUG:colcon.colcon_core.event_reactor:joined thread
[9.338s] INFO:colcon.colcon_core.shell:Creating prefix script '/home/jetson/ros2_ws/src/install/local_setup.ps1'
[9.345s] INFO:colcon.colcon_core.shell:Creating prefix util module '/home/jetson/ros2_ws/src/install/_local_setup_util_ps1.py'
[9.353s] INFO:colcon.colcon_core.shell:Creating prefix chain script '/home/jetson/ros2_ws/src/install/setup.ps1'
[9.360s] INFO:colcon.colcon_core.shell:Creating prefix script '/home/jetson/ros2_ws/src/install/local_setup.sh'
[9.363s] INFO:colcon.colcon_core.shell:Creating prefix util module '/home/jetson/ros2_ws/src/install/_local_setup_util_sh.py'
[9.366s] INFO:colcon.colcon_core.shell:Creating prefix chain script '/home/jetson/ros2_ws/src/install/setup.sh'
[9.374s] INFO:colcon.colcon_core.shell:Creating prefix script '/home/jetson/ros2_ws/src/install/local_setup.bash'
[9.378s] INFO:colcon.colcon_core.shell:Creating prefix chain script '/home/jetson/ros2_ws/src/install/setup.bash'
[9.386s] INFO:colcon.colcon_core.shell:Creating prefix script '/home/jetson/ros2_ws/src/install/local_setup.zsh'
[9.389s] INFO:colcon.colcon_core.shell:Creating prefix chain script '/home/jetson/ros2_ws/src/install/setup.zsh'
