[12.257s] Invoking command in '/home/jetson/ros2_ws/src/waypoint_nav': PYTHONPATH=/home/jetson/ros2_ws/build/waypoint_nav/prefix_override:/usr/lib/python3/dist-packages/colcon_core/task/python/colcon_distutils_commands:/home/jetson/ros2_ws/install/waypoint_nav/lib/python3.8/site-packages:${PYTHONPATH} /usr/bin/python3 -W ignore:setup.py install is deprecated -W ignore:easy_install command is deprecated setup.py egg_info --egg-base ../../build/waypoint_nav build --build-base /home/jetson/ros2_ws/build/waypoint_nav/build install --record /home/jetson/ros2_ws/build/waypoint_nav/install.log --install-scripts $base/lib/waypoint_nav --single-version-externally-managed install_data
[14.124s] /usr/local/lib/python3.8/dist-packages/setuptools/dist.py:717: UserWarning: Usage of dash-separated 'script-dir' will not be supported in future versions. Please use the underscore name 'script_dir' instead
[14.124s]   warnings.warn(
[14.266s] running egg_info
[14.269s] writing ../../build/waypoint_nav/waypoint_nav.egg-info/PKG-INFO
[14.272s] writing dependency_links to ../../build/waypoint_nav/waypoint_nav.egg-info/dependency_links.txt
[14.273s] writing entry points to ../../build/waypoint_nav/waypoint_nav.egg-info/entry_points.txt
[14.273s] writing requirements to ../../build/waypoint_nav/waypoint_nav.egg-info/requires.txt
[14.274s] writing top-level names to ../../build/waypoint_nav/waypoint_nav.egg-info/top_level.txt
[14.287s] reading manifest file '../../build/waypoint_nav/waypoint_nav.egg-info/SOURCES.txt'
[14.291s] writing manifest file '../../build/waypoint_nav/waypoint_nav.egg-info/SOURCES.txt'
[14.291s] running build
[14.292s] running build_py
[14.294s] running install
[14.298s] running install_lib
[14.304s] running install_data
[14.306s] running install_egg_info
[14.314s] removing '/home/jetson/ros2_ws/install/waypoint_nav/lib/python3.8/site-packages/waypoint_nav-0.0.0-py3.8.egg-info' (and everything under it)
[14.317s] Copying ../../build/waypoint_nav/waypoint_nav.egg-info to /home/jetson/ros2_ws/install/waypoint_nav/lib/python3.8/site-packages/waypoint_nav-0.0.0-py3.8.egg-info
[14.320s] running install_scripts
[14.405s] Installing waypoint script to /home/jetson/ros2_ws/install/waypoint_nav/lib/waypoint_nav
[14.416s] writing list of installed files to '/home/jetson/ros2_ws/build/waypoint_nav/install.log'
[15.021s] Invoked command in '/home/jetson/ros2_ws/src/waypoint_nav' returned '0': PYTHONPATH=/home/jetson/ros2_ws/build/waypoint_nav/prefix_override:/usr/lib/python3/dist-packages/colcon_core/task/python/colcon_distutils_commands:/home/jetson/ros2_ws/install/waypoint_nav/lib/python3.8/site-packages:${PYTHONPATH} /usr/bin/python3 -W ignore:setup.py install is deprecated -W ignore:easy_install command is deprecated setup.py egg_info --egg-base ../../build/waypoint_nav build --build-base /home/jetson/ros2_ws/build/waypoint_nav/build install --record /home/jetson/ros2_ws/build/waypoint_nav/install.log --install-scripts $base/lib/waypoint_nav --single-version-externally-managed install_data
