[5.020s] Invoking command in '/home/jetson/ros2_ws/src/waypoint_nav': PYTHONPATH=/home/jetson/ros2_ws/src/build/waypoint_nav/prefix_override:/usr/lib/python3/dist-packages/colcon_core/task/python/colcon_distutils_commands:/home/jetson/ros2_ws/src/install/waypoint_nav/lib/python3.8/site-packages:${PYTHONPATH} /usr/bin/python3 -W ignore:setup.py install is deprecated -W ignore:easy_install command is deprecated setup.py egg_info --egg-base ../build/waypoint_nav build --build-base /home/jetson/ros2_ws/src/build/waypoint_nav/build install --record /home/jetson/ros2_ws/src/build/waypoint_nav/install.log --install-scripts $base/lib/waypoint_nav --single-version-externally-managed install_data
[6.576s] /usr/local/lib/python3.8/dist-packages/setuptools/dist.py:717: UserWarning: Usage of dash-separated 'script-dir' will not be supported in future versions. Please use the underscore name 'script_dir' instead
[6.580s]   warnings.warn(
[6.740s] running egg_info
[6.747s] writing ../build/waypoint_nav/waypoint_nav.egg-info/PKG-INFO
[6.748s] writing dependency_links to ../build/waypoint_nav/waypoint_nav.egg-info/dependency_links.txt
[6.753s] writing entry points to ../build/waypoint_nav/waypoint_nav.egg-info/entry_points.txt
[6.756s] writing requirements to ../build/waypoint_nav/waypoint_nav.egg-info/requires.txt
[6.756s] writing top-level names to ../build/waypoint_nav/waypoint_nav.egg-info/top_level.txt
[6.760s] reading manifest file '../build/waypoint_nav/waypoint_nav.egg-info/SOURCES.txt'
[6.768s] writing manifest file '../build/waypoint_nav/waypoint_nav.egg-info/SOURCES.txt'
[6.769s] running build
[6.769s] running build_py
[6.770s] running install
[6.778s] running install_lib
[6.782s] running install_data
[6.783s] running install_egg_info
[6.789s] removing '/home/jetson/ros2_ws/src/install/waypoint_nav/lib/python3.8/site-packages/waypoint_nav-0.0.0-py3.8.egg-info' (and everything under it)
[6.796s] Copying ../build/waypoint_nav/waypoint_nav.egg-info to /home/jetson/ros2_ws/src/install/waypoint_nav/lib/python3.8/site-packages/waypoint_nav-0.0.0-py3.8.egg-info
[6.797s] running install_scripts
[6.887s] Installing waypoint script to /home/jetson/ros2_ws/src/install/waypoint_nav/lib/waypoint_nav
[6.889s] writing list of installed files to '/home/jetson/ros2_ws/src/build/waypoint_nav/install.log'
[6.998s] Invoked command in '/home/jetson/ros2_ws/src/waypoint_nav' returned '0': PYTHONPATH=/home/jetson/ros2_ws/src/build/waypoint_nav/prefix_override:/usr/lib/python3/dist-packages/colcon_core/task/python/colcon_distutils_commands:/home/jetson/ros2_ws/src/install/waypoint_nav/lib/python3.8/site-packages:${PYTHONPATH} /usr/bin/python3 -W ignore:setup.py install is deprecated -W ignore:easy_install command is deprecated setup.py egg_info --egg-base ../build/waypoint_nav build --build-base /home/jetson/ros2_ws/src/build/waypoint_nav/build install --record /home/jetson/ros2_ws/src/build/waypoint_nav/install.log --install-scripts $base/lib/waypoint_nav --single-version-externally-managed install_data
