[1.493s] DEBUG:colcon:Command line arguments: ['/usr/bin/colcon', 'build']
[1.494s] DEBUG:colcon:Parsed command line arguments: Namespace(allow_overriding=[], ament_cmake_args=None, base_paths=['.'], build_base='build', catkin_cmake_args=None, catkin_skip_building_tests=False, cmake_args=None, cmake_clean_cache=False, cmake_clean_first=False, cmake_force_configure=False, cmake_target=None, cmake_target_skip_unavailable=False, continue_on_error=False, event_handlers=None, executor='parallel', ignore_user_meta=False, install_base='install', log_base=None, log_level=None, main=<bound method BuildVerb.main of <colcon_core.verb.build.BuildVerb object at 0x7f8da8e550>>, merge_install=False, metas=['./colcon.meta'], packages_above=None, packages_above_and_dependencies=None, packages_above_depth=None, packages_end=None, packages_ignore=None, packages_ignore_regex=None, packages_select=None, packages_select_build_failed=False, packages_select_by_dep=None, packages_select_regex=None, packages_select_test_failures=False, packages_skip=None, packages_skip_build_finished=False, packages_skip_by_dep=None, packages_skip_regex=None, packages_skip_test_passed=False, packages_skip_up_to=None, packages_start=None, packages_up_to=None, packages_up_to_regex=None, parallel_workers=4, paths=None, symlink_install=False, test_result_base=None, verb_extension=<colcon_core.verb.build.BuildVerb object at 0x7f8da8e550>, verb_name='build', verb_parser=<colcon_defaults.argument_parser.defaults.DefaultArgumentsDecorator object at 0x7f8d8e71f0>)
[2.694s] Level 1:colcon.colcon_core.package_discovery:discover_packages(colcon_meta) check parameters
[2.696s] Level 1:colcon.colcon_core.package_discovery:discover_packages(recursive) check parameters
[2.697s] Level 1:colcon.colcon_core.package_discovery:discover_packages(ignore) check parameters
[2.698s] Level 1:colcon.colcon_core.package_discovery:discover_packages(path) check parameters
[2.699s] Level 1:colcon.colcon_core.package_discovery:discover_packages(colcon_meta) discover
[2.700s] Level 1:colcon.colcon_core.package_discovery:discover_packages(recursive) discover
[2.701s] INFO:colcon.colcon_core.package_discovery:Crawling recursively for packages in '/home/jetson/ros2_ws/src'
[2.702s] Level 1:colcon.colcon_core.package_identification:_identify(.) by extensions ['ignore', 'ignore_ament_install']
[2.703s] Level 1:colcon.colcon_core.package_identification:_identify(.) by extension 'ignore'
[2.704s] Level 1:colcon.colcon_core.package_identification:_identify(.) by extension 'ignore_ament_install'
[2.705s] Level 1:colcon.colcon_core.package_identification:_identify(.) by extensions ['colcon_pkg']
[2.706s] Level 1:colcon.colcon_core.package_identification:_identify(.) by extension 'colcon_pkg'
[2.707s] Level 1:colcon.colcon_core.package_identification:_identify(.) by extensions ['colcon_meta']
[2.708s] Level 1:colcon.colcon_core.package_identification:_identify(.) by extension 'colcon_meta'
[2.709s] Level 1:colcon.colcon_core.package_identification:_identify(.) by extensions ['ros']
[2.709s] Level 1:colcon.colcon_core.package_identification:_identify(.) by extension 'ros'
[2.815s] Level 1:colcon.colcon_core.package_identification:_identify(.) by extensions ['cmake', 'python']
[2.817s] Level 1:colcon.colcon_core.package_identification:_identify(.) by extension 'cmake'
[2.818s] Level 1:colcon.colcon_core.package_identification:_identify(.) by extension 'python'
[2.819s] Level 1:colcon.colcon_core.package_identification:_identify(.) by extensions ['python_setup_py']
[2.820s] Level 1:colcon.colcon_core.package_identification:_identify(.) by extension 'python_setup_py'
[2.822s] Level 1:colcon.colcon_core.package_identification:_identify(build) by extensions ['ignore', 'ignore_ament_install']
[2.823s] Level 1:colcon.colcon_core.package_identification:_identify(build) by extension 'ignore'
[2.824s] Level 1:colcon.colcon_core.package_identification:_identify(build) ignored
[2.826s] Level 1:colcon.colcon_core.package_identification:_identify(comm_node) by extensions ['ignore', 'ignore_ament_install']
[2.827s] Level 1:colcon.colcon_core.package_identification:_identify(comm_node) by extension 'ignore'
[2.828s] Level 1:colcon.colcon_core.package_identification:_identify(comm_node) by extension 'ignore_ament_install'
[2.830s] Level 1:colcon.colcon_core.package_identification:_identify(comm_node) by extensions ['colcon_pkg']
[2.831s] Level 1:colcon.colcon_core.package_identification:_identify(comm_node) by extension 'colcon_pkg'
[2.832s] Level 1:colcon.colcon_core.package_identification:_identify(comm_node) by extensions ['colcon_meta']
[2.834s] Level 1:colcon.colcon_core.package_identification:_identify(comm_node) by extension 'colcon_meta'
[2.835s] Level 1:colcon.colcon_core.package_identification:_identify(comm_node) by extensions ['ros']
[2.835s] Level 1:colcon.colcon_core.package_identification:_identify(comm_node) by extension 'ros'
[2.849s] DEBUG:colcon.colcon_core.package_identification:Package 'comm_node' with type 'ros.ament_python' and name 'comm_node'
[2.850s] Level 1:colcon.colcon_core.package_identification:_identify(exer2_control) by extensions ['ignore', 'ignore_ament_install']
[2.851s] Level 1:colcon.colcon_core.package_identification:_identify(exer2_control) by extension 'ignore'
[2.852s] Level 1:colcon.colcon_core.package_identification:_identify(exer2_control) by extension 'ignore_ament_install'
[2.853s] Level 1:colcon.colcon_core.package_identification:_identify(exer2_control) by extensions ['colcon_pkg']
[2.854s] Level 1:colcon.colcon_core.package_identification:_identify(exer2_control) by extension 'colcon_pkg'
[2.855s] Level 1:colcon.colcon_core.package_identification:_identify(exer2_control) by extensions ['colcon_meta']
[2.856s] Level 1:colcon.colcon_core.package_identification:_identify(exer2_control) by extension 'colcon_meta'
[2.857s] Level 1:colcon.colcon_core.package_identification:_identify(exer2_control) by extensions ['ros']
[2.858s] Level 1:colcon.colcon_core.package_identification:_identify(exer2_control) by extension 'ros'
[2.861s] DEBUG:colcon.colcon_core.package_identification:Package 'exer2_control' with type 'ros.ament_python' and name 'exer2_control'
[2.862s] Level 1:colcon.colcon_core.package_identification:_identify(install) by extensions ['ignore', 'ignore_ament_install']
[2.863s] Level 1:colcon.colcon_core.package_identification:_identify(install) by extension 'ignore'
[2.864s] Level 1:colcon.colcon_core.package_identification:_identify(install) ignored
[2.864s] Level 1:colcon.colcon_core.package_identification:_identify(launch) by extensions ['ignore', 'ignore_ament_install']
[2.865s] Level 1:colcon.colcon_core.package_identification:_identify(launch) by extension 'ignore'
[2.865s] Level 1:colcon.colcon_core.package_identification:_identify(launch) by extension 'ignore_ament_install'
[2.866s] Level 1:colcon.colcon_core.package_identification:_identify(launch) by extensions ['colcon_pkg']
[2.866s] Level 1:colcon.colcon_core.package_identification:_identify(launch) by extension 'colcon_pkg'
[2.866s] Level 1:colcon.colcon_core.package_identification:_identify(launch) by extensions ['colcon_meta']
[2.867s] Level 1:colcon.colcon_core.package_identification:_identify(launch) by extension 'colcon_meta'
[2.867s] Level 1:colcon.colcon_core.package_identification:_identify(launch) by extensions ['ros']
[2.867s] Level 1:colcon.colcon_core.package_identification:_identify(launch) by extension 'ros'
[2.867s] Level 1:colcon.colcon_core.package_identification:_identify(launch) by extensions ['cmake', 'python']
[2.868s] Level 1:colcon.colcon_core.package_identification:_identify(launch) by extension 'cmake'
[2.868s] Level 1:colcon.colcon_core.package_identification:_identify(launch) by extension 'python'
[2.868s] Level 1:colcon.colcon_core.package_identification:_identify(launch) by extensions ['python_setup_py']
[2.868s] Level 1:colcon.colcon_core.package_identification:_identify(launch) by extension 'python_setup_py'
[2.869s] Level 1:colcon.colcon_core.package_identification:_identify(log) by extensions ['ignore', 'ignore_ament_install']
[2.873s] Level 1:colcon.colcon_core.package_identification:_identify(log) by extension 'ignore'
[2.874s] Level 1:colcon.colcon_core.package_identification:_identify(log) ignored
[2.874s] Level 1:colcon.colcon_core.package_identification:_identify(px4_autonomy_modules) by extensions ['ignore', 'ignore_ament_install']
[2.875s] Level 1:colcon.colcon_core.package_identification:_identify(px4_autonomy_modules) by extension 'ignore'
[2.875s] Level 1:colcon.colcon_core.package_identification:_identify(px4_autonomy_modules) by extension 'ignore_ament_install'
[2.876s] Level 1:colcon.colcon_core.package_identification:_identify(px4_autonomy_modules) by extensions ['colcon_pkg']
[2.876s] Level 1:colcon.colcon_core.package_identification:_identify(px4_autonomy_modules) by extension 'colcon_pkg'
[2.876s] Level 1:colcon.colcon_core.package_identification:_identify(px4_autonomy_modules) by extensions ['colcon_meta']
[2.876s] Level 1:colcon.colcon_core.package_identification:_identify(px4_autonomy_modules) by extension 'colcon_meta'
[2.877s] Level 1:colcon.colcon_core.package_identification:_identify(px4_autonomy_modules) by extensions ['ros']
[2.877s] Level 1:colcon.colcon_core.package_identification:_identify(px4_autonomy_modules) by extension 'ros'
[2.883s] DEBUG:colcon.colcon_core.package_identification:Package 'px4_autonomy_modules' with type 'ros.ament_cmake' and name 'px4_autonomy_modules'
[2.883s] Level 1:colcon.colcon_core.package_identification:_identify(realsense2mavros) by extensions ['ignore', 'ignore_ament_install']
[2.884s] Level 1:colcon.colcon_core.package_identification:_identify(realsense2mavros) by extension 'ignore'
[2.884s] Level 1:colcon.colcon_core.package_identification:_identify(realsense2mavros) by extension 'ignore_ament_install'
[2.885s] Level 1:colcon.colcon_core.package_identification:_identify(realsense2mavros) by extensions ['colcon_pkg']
[2.885s] Level 1:colcon.colcon_core.package_identification:_identify(realsense2mavros) by extension 'colcon_pkg'
[2.885s] Level 1:colcon.colcon_core.package_identification:_identify(realsense2mavros) by extensions ['colcon_meta']
[2.885s] Level 1:colcon.colcon_core.package_identification:_identify(realsense2mavros) by extension 'colcon_meta'
[2.886s] Level 1:colcon.colcon_core.package_identification:_identify(realsense2mavros) by extensions ['ros']
[2.886s] Level 1:colcon.colcon_core.package_identification:_identify(realsense2mavros) by extension 'ros'
[2.891s] DEBUG:colcon.colcon_core.package_identification:Package 'realsense2mavros' with type 'ros.ament_python' and name 'realsense2mavros'
[2.892s] Level 1:colcon.colcon_core.package_identification:_identify(task2) by extensions ['ignore', 'ignore_ament_install']
[2.892s] Level 1:colcon.colcon_core.package_identification:_identify(task2) by extension 'ignore'
[2.893s] Level 1:colcon.colcon_core.package_identification:_identify(task2) by extension 'ignore_ament_install'
[2.893s] Level 1:colcon.colcon_core.package_identification:_identify(task2) by extensions ['colcon_pkg']
[2.893s] Level 1:colcon.colcon_core.package_identification:_identify(task2) by extension 'colcon_pkg'
[2.894s] Level 1:colcon.colcon_core.package_identification:_identify(task2) by extensions ['colcon_meta']
[2.894s] Level 1:colcon.colcon_core.package_identification:_identify(task2) by extension 'colcon_meta'
[2.894s] Level 1:colcon.colcon_core.package_identification:_identify(task2) by extensions ['ros']
[2.894s] Level 1:colcon.colcon_core.package_identification:_identify(task2) by extension 'ros'
[2.895s] Level 1:colcon.colcon_core.package_identification:_identify(task2) by extensions ['cmake', 'python']
[2.895s] Level 1:colcon.colcon_core.package_identification:_identify(task2) by extension 'cmake'
[2.895s] Level 1:colcon.colcon_core.package_identification:_identify(task2) by extension 'python'
[2.896s] Level 1:colcon.colcon_core.package_identification:_identify(task2) by extensions ['python_setup_py']
[2.896s] Level 1:colcon.colcon_core.package_identification:_identify(task2) by extension 'python_setup_py'
[2.896s] Level 1:colcon.colcon_core.package_identification:_identify(unit_tester) by extensions ['ignore', 'ignore_ament_install']
[2.897s] Level 1:colcon.colcon_core.package_identification:_identify(unit_tester) by extension 'ignore'
[2.897s] Level 1:colcon.colcon_core.package_identification:_identify(unit_tester) by extension 'ignore_ament_install'
[2.898s] Level 1:colcon.colcon_core.package_identification:_identify(unit_tester) by extensions ['colcon_pkg']
[2.898s] Level 1:colcon.colcon_core.package_identification:_identify(unit_tester) by extension 'colcon_pkg'
[2.898s] Level 1:colcon.colcon_core.package_identification:_identify(unit_tester) by extensions ['colcon_meta']
[2.898s] Level 1:colcon.colcon_core.package_identification:_identify(unit_tester) by extension 'colcon_meta'
[2.899s] Level 1:colcon.colcon_core.package_identification:_identify(unit_tester) by extensions ['ros']
[2.899s] Level 1:colcon.colcon_core.package_identification:_identify(unit_tester) by extension 'ros'
[2.902s] DEBUG:colcon.colcon_core.package_identification:Package 'unit_tester' with type 'ros.ament_python' and name 'unit_tester'
[2.903s] Level 1:colcon.colcon_core.package_identification:_identify(vicon_bridge) by extensions ['ignore', 'ignore_ament_install']
[2.904s] Level 1:colcon.colcon_core.package_identification:_identify(vicon_bridge) by extension 'ignore'
[2.904s] Level 1:colcon.colcon_core.package_identification:_identify(vicon_bridge) by extension 'ignore_ament_install'
[2.905s] Level 1:colcon.colcon_core.package_identification:_identify(vicon_bridge) by extensions ['colcon_pkg']
[2.905s] Level 1:colcon.colcon_core.package_identification:_identify(vicon_bridge) by extension 'colcon_pkg'
[2.905s] Level 1:colcon.colcon_core.package_identification:_identify(vicon_bridge) by extensions ['colcon_meta']
[2.905s] Level 1:colcon.colcon_core.package_identification:_identify(vicon_bridge) by extension 'colcon_meta'
[2.906s] Level 1:colcon.colcon_core.package_identification:_identify(vicon_bridge) by extensions ['ros']
[2.906s] Level 1:colcon.colcon_core.package_identification:_identify(vicon_bridge) by extension 'ros'
[2.910s] DEBUG:colcon.colcon_core.package_identification:Package 'vicon_bridge' with type 'ros.ament_python' and name 'vicon_bridge'
[2.910s] Level 1:colcon.colcon_core.package_discovery:discover_packages(recursive) using defaults
[2.910s] Level 1:colcon.colcon_core.package_discovery:discover_packages(ignore) discover
[2.911s] Level 1:colcon.colcon_core.package_discovery:discover_packages(ignore) using defaults
[2.911s] Level 1:colcon.colcon_core.package_discovery:discover_packages(path) discover
[2.911s] Level 1:colcon.colcon_core.package_discovery:discover_packages(path) using defaults
[3.017s] Level 1:colcon.colcon_core.package_discovery:discover_packages(prefix_path) check parameters
[3.019s] Level 1:colcon.colcon_core.package_discovery:discover_packages(prefix_path) discover
[3.032s] DEBUG:colcon.colcon_installed_package_information.package_discovery:Found 6 installed packages in /home/jetson/ros2_ws/src/install
[3.036s] DEBUG:colcon.colcon_installed_package_information.package_discovery:Found 6 installed packages in /home/jetson/ros2_ws/install
[3.047s] DEBUG:colcon.colcon_installed_package_information.package_discovery:Found 267 installed packages in /opt/ros/foxy
[3.061s] Level 1:colcon.colcon_core.package_discovery:discover_packages(prefix_path) using defaults
[3.473s] Level 5:colcon.colcon_core.verb:set package 'comm_node' build argument 'cmake_args' from command line to 'None'
[3.473s] Level 5:colcon.colcon_core.verb:set package 'comm_node' build argument 'cmake_target' from command line to 'None'
[3.474s] Level 5:colcon.colcon_core.verb:set package 'comm_node' build argument 'cmake_target_skip_unavailable' from command line to 'False'
[3.474s] Level 5:colcon.colcon_core.verb:set package 'comm_node' build argument 'cmake_clean_cache' from command line to 'False'
[3.474s] Level 5:colcon.colcon_core.verb:set package 'comm_node' build argument 'cmake_clean_first' from command line to 'False'
[3.474s] Level 5:colcon.colcon_core.verb:set package 'comm_node' build argument 'cmake_force_configure' from command line to 'False'
[3.474s] Level 5:colcon.colcon_core.verb:set package 'comm_node' build argument 'ament_cmake_args' from command line to 'None'
[3.475s] Level 5:colcon.colcon_core.verb:set package 'comm_node' build argument 'catkin_cmake_args' from command line to 'None'
[3.475s] Level 5:colcon.colcon_core.verb:set package 'comm_node' build argument 'catkin_skip_building_tests' from command line to 'False'
[3.475s] DEBUG:colcon.colcon_core.verb:Building package 'comm_node' with the following arguments: {'ament_cmake_args': None, 'build_base': '/home/jetson/ros2_ws/src/build/comm_node', 'catkin_cmake_args': None, 'catkin_skip_building_tests': False, 'cmake_args': None, 'cmake_clean_cache': False, 'cmake_clean_first': False, 'cmake_force_configure': False, 'cmake_target': None, 'cmake_target_skip_unavailable': False, 'install_base': '/home/jetson/ros2_ws/src/install/comm_node', 'merge_install': False, 'path': '/home/jetson/ros2_ws/src/comm_node', 'symlink_install': False, 'test_result_base': None}
[3.478s] Level 5:colcon.colcon_core.verb:set package 'exer2_control' build argument 'cmake_args' from command line to 'None'
[3.478s] Level 5:colcon.colcon_core.verb:set package 'exer2_control' build argument 'cmake_target' from command line to 'None'
[3.478s] Level 5:colcon.colcon_core.verb:set package 'exer2_control' build argument 'cmake_target_skip_unavailable' from command line to 'False'
[3.478s] Level 5:colcon.colcon_core.verb:set package 'exer2_control' build argument 'cmake_clean_cache' from command line to 'False'
[3.479s] Level 5:colcon.colcon_core.verb:set package 'exer2_control' build argument 'cmake_clean_first' from command line to 'False'
[3.479s] Level 5:colcon.colcon_core.verb:set package 'exer2_control' build argument 'cmake_force_configure' from command line to 'False'
[3.479s] Level 5:colcon.colcon_core.verb:set package 'exer2_control' build argument 'ament_cmake_args' from command line to 'None'
[3.479s] Level 5:colcon.colcon_core.verb:set package 'exer2_control' build argument 'catkin_cmake_args' from command line to 'None'
[3.479s] Level 5:colcon.colcon_core.verb:set package 'exer2_control' build argument 'catkin_skip_building_tests' from command line to 'False'
[3.479s] DEBUG:colcon.colcon_core.verb:Building package 'exer2_control' with the following arguments: {'ament_cmake_args': None, 'build_base': '/home/jetson/ros2_ws/src/build/exer2_control', 'catkin_cmake_args': None, 'catkin_skip_building_tests': False, 'cmake_args': None, 'cmake_clean_cache': False, 'cmake_clean_first': False, 'cmake_force_configure': False, 'cmake_target': None, 'cmake_target_skip_unavailable': False, 'install_base': '/home/jetson/ros2_ws/src/install/exer2_control', 'merge_install': False, 'path': '/home/jetson/ros2_ws/src/exer2_control', 'symlink_install': False, 'test_result_base': None}
[3.482s] Level 5:colcon.colcon_core.verb:set package 'px4_autonomy_modules' build argument 'cmake_args' from command line to 'None'
[3.482s] Level 5:colcon.colcon_core.verb:set package 'px4_autonomy_modules' build argument 'cmake_target' from command line to 'None'
[3.483s] Level 5:colcon.colcon_core.verb:set package 'px4_autonomy_modules' build argument 'cmake_target_skip_unavailable' from command line to 'False'
[3.483s] Level 5:colcon.colcon_core.verb:set package 'px4_autonomy_modules' build argument 'cmake_clean_cache' from command line to 'False'
[3.483s] Level 5:colcon.colcon_core.verb:set package 'px4_autonomy_modules' build argument 'cmake_clean_first' from command line to 'False'
[3.483s] Level 5:colcon.colcon_core.verb:set package 'px4_autonomy_modules' build argument 'cmake_force_configure' from command line to 'False'
[3.483s] Level 5:colcon.colcon_core.verb:set package 'px4_autonomy_modules' build argument 'ament_cmake_args' from command line to 'None'
[3.483s] Level 5:colcon.colcon_core.verb:set package 'px4_autonomy_modules' build argument 'catkin_cmake_args' from command line to 'None'
[3.483s] Level 5:colcon.colcon_core.verb:set package 'px4_autonomy_modules' build argument 'catkin_skip_building_tests' from command line to 'False'
[3.484s] DEBUG:colcon.colcon_core.verb:Building package 'px4_autonomy_modules' with the following arguments: {'ament_cmake_args': None, 'build_base': '/home/jetson/ros2_ws/src/build/px4_autonomy_modules', 'catkin_cmake_args': None, 'catkin_skip_building_tests': False, 'cmake_args': None, 'cmake_clean_cache': False, 'cmake_clean_first': False, 'cmake_force_configure': False, 'cmake_target': None, 'cmake_target_skip_unavailable': False, 'install_base': '/home/jetson/ros2_ws/src/install/px4_autonomy_modules', 'merge_install': False, 'path': '/home/jetson/ros2_ws/src/px4_autonomy_modules', 'symlink_install': False, 'test_result_base': None}
[3.486s] Level 5:colcon.colcon_core.verb:set package 'realsense2mavros' build argument 'cmake_args' from command line to 'None'
[3.486s] Level 5:colcon.colcon_core.verb:set package 'realsense2mavros' build argument 'cmake_target' from command line to 'None'
[3.487s] Level 5:colcon.colcon_core.verb:set package 'realsense2mavros' build argument 'cmake_target_skip_unavailable' from command line to 'False'
[3.487s] Level 5:colcon.colcon_core.verb:set package 'realsense2mavros' build argument 'cmake_clean_cache' from command line to 'False'
[3.487s] Level 5:colcon.colcon_core.verb:set package 'realsense2mavros' build argument 'cmake_clean_first' from command line to 'False'
[3.487s] Level 5:colcon.colcon_core.verb:set package 'realsense2mavros' build argument 'cmake_force_configure' from command line to 'False'
[3.487s] Level 5:colcon.colcon_core.verb:set package 'realsense2mavros' build argument 'ament_cmake_args' from command line to 'None'
[3.488s] Level 5:colcon.colcon_core.verb:set package 'realsense2mavros' build argument 'catkin_cmake_args' from command line to 'None'
[3.488s] Level 5:colcon.colcon_core.verb:set package 'realsense2mavros' build argument 'catkin_skip_building_tests' from command line to 'False'
[3.488s] DEBUG:colcon.colcon_core.verb:Building package 'realsense2mavros' with the following arguments: {'ament_cmake_args': None, 'build_base': '/home/jetson/ros2_ws/src/build/realsense2mavros', 'catkin_cmake_args': None, 'catkin_skip_building_tests': False, 'cmake_args': None, 'cmake_clean_cache': False, 'cmake_clean_first': False, 'cmake_force_configure': False, 'cmake_target': None, 'cmake_target_skip_unavailable': False, 'install_base': '/home/jetson/ros2_ws/src/install/realsense2mavros', 'merge_install': False, 'path': '/home/jetson/ros2_ws/src/realsense2mavros', 'symlink_install': False, 'test_result_base': None}
[3.491s] Level 5:colcon.colcon_core.verb:set package 'unit_tester' build argument 'cmake_args' from command line to 'None'
[3.491s] Level 5:colcon.colcon_core.verb:set package 'unit_tester' build argument 'cmake_target' from command line to 'None'
[3.491s] Level 5:colcon.colcon_core.verb:set package 'unit_tester' build argument 'cmake_target_skip_unavailable' from command line to 'False'
[3.491s] Level 5:colcon.colcon_core.verb:set package 'unit_tester' build argument 'cmake_clean_cache' from command line to 'False'
[3.491s] Level 5:colcon.colcon_core.verb:set package 'unit_tester' build argument 'cmake_clean_first' from command line to 'False'
[3.492s] Level 5:colcon.colcon_core.verb:set package 'unit_tester' build argument 'cmake_force_configure' from command line to 'False'
[3.492s] Level 5:colcon.colcon_core.verb:set package 'unit_tester' build argument 'ament_cmake_args' from command line to 'None'
[3.492s] Level 5:colcon.colcon_core.verb:set package 'unit_tester' build argument 'catkin_cmake_args' from command line to 'None'
[3.492s] Level 5:colcon.colcon_core.verb:set package 'unit_tester' build argument 'catkin_skip_building_tests' from command line to 'False'
[3.492s] DEBUG:colcon.colcon_core.verb:Building package 'unit_tester' with the following arguments: {'ament_cmake_args': None, 'build_base': '/home/jetson/ros2_ws/src/build/unit_tester', 'catkin_cmake_args': None, 'catkin_skip_building_tests': False, 'cmake_args': None, 'cmake_clean_cache': False, 'cmake_clean_first': False, 'cmake_force_configure': False, 'cmake_target': None, 'cmake_target_skip_unavailable': False, 'install_base': '/home/jetson/ros2_ws/src/install/unit_tester', 'merge_install': False, 'path': '/home/jetson/ros2_ws/src/unit_tester', 'symlink_install': False, 'test_result_base': None}
[3.495s] Level 5:colcon.colcon_core.verb:set package 'vicon_bridge' build argument 'cmake_args' from command line to 'None'
[3.495s] Level 5:colcon.colcon_core.verb:set package 'vicon_bridge' build argument 'cmake_target' from command line to 'None'
[3.495s] Level 5:colcon.colcon_core.verb:set package 'vicon_bridge' build argument 'cmake_target_skip_unavailable' from command line to 'False'
[3.495s] Level 5:colcon.colcon_core.verb:set package 'vicon_bridge' build argument 'cmake_clean_cache' from command line to 'False'
[3.496s] Level 5:colcon.colcon_core.verb:set package 'vicon_bridge' build argument 'cmake_clean_first' from command line to 'False'
[3.496s] Level 5:colcon.colcon_core.verb:set package 'vicon_bridge' build argument 'cmake_force_configure' from command line to 'False'
[3.496s] Level 5:colcon.colcon_core.verb:set package 'vicon_bridge' build argument 'ament_cmake_args' from command line to 'None'
[3.496s] Level 5:colcon.colcon_core.verb:set package 'vicon_bridge' build argument 'catkin_cmake_args' from command line to 'None'
[3.496s] Level 5:colcon.colcon_core.verb:set package 'vicon_bridge' build argument 'catkin_skip_building_tests' from command line to 'False'
[3.496s] DEBUG:colcon.colcon_core.verb:Building package 'vicon_bridge' with the following arguments: {'ament_cmake_args': None, 'build_base': '/home/jetson/ros2_ws/src/build/vicon_bridge', 'catkin_cmake_args': None, 'catkin_skip_building_tests': False, 'cmake_args': None, 'cmake_clean_cache': False, 'cmake_clean_first': False, 'cmake_force_configure': False, 'cmake_target': None, 'cmake_target_skip_unavailable': False, 'install_base': '/home/jetson/ros2_ws/src/install/vicon_bridge', 'merge_install': False, 'path': '/home/jetson/ros2_ws/src/vicon_bridge', 'symlink_install': False, 'test_result_base': None}
[3.497s] INFO:colcon.colcon_core.executor:Executing jobs using 'parallel' executor
[3.502s] DEBUG:colcon.colcon_parallel_executor.executor.parallel:run_until_complete
[3.503s] INFO:colcon.colcon_ros.task.ament_python.build:Building ROS package in '/home/jetson/ros2_ws/src/comm_node' with build type 'ament_python'
[3.506s] Level 1:colcon.colcon_core.shell:create_environment_hook('comm_node', 'ament_prefix_path')
[3.525s] INFO:colcon.colcon_core.plugin_system:Skipping extension 'colcon_core.shell.bat': Not used on non-Windows systems
[3.528s] INFO:colcon.colcon_core.shell:Creating environment hook '/home/jetson/ros2_ws/src/install/comm_node/share/comm_node/hook/ament_prefix_path.ps1'
[3.533s] INFO:colcon.colcon_core.shell:Creating environment descriptor '/home/jetson/ros2_ws/src/install/comm_node/share/comm_node/hook/ament_prefix_path.dsv'
[3.536s] INFO:colcon.colcon_core.shell:Creating environment hook '/home/jetson/ros2_ws/src/install/comm_node/share/comm_node/hook/ament_prefix_path.sh'
[3.546s] INFO:colcon.colcon_core.shell:Skip shell extension 'powershell' for command environment: Not usable outside of PowerShell
[3.546s] DEBUG:colcon.colcon_core.shell:Skip shell extension 'dsv' for command environment
[3.589s] INFO:colcon.colcon_ros.task.ament_python.build:Building ROS package in '/home/jetson/ros2_ws/src/exer2_control' with build type 'ament_python'
[3.590s] Level 1:colcon.colcon_core.shell:create_environment_hook('exer2_control', 'ament_prefix_path')
[3.592s] INFO:colcon.colcon_core.shell:Creating environment hook '/home/jetson/ros2_ws/src/install/exer2_control/share/exer2_control/hook/ament_prefix_path.ps1'
[3.596s] INFO:colcon.colcon_core.shell:Creating environment descriptor '/home/jetson/ros2_ws/src/install/exer2_control/share/exer2_control/hook/ament_prefix_path.dsv'
[3.598s] INFO:colcon.colcon_core.shell:Creating environment hook '/home/jetson/ros2_ws/src/install/exer2_control/share/exer2_control/hook/ament_prefix_path.sh'
[3.609s] INFO:colcon.colcon_core.shell:Skip shell extension 'powershell' for command environment: Not usable outside of PowerShell
[3.609s] DEBUG:colcon.colcon_core.shell:Skip shell extension 'dsv' for command environment
[3.647s] INFO:colcon.colcon_ros.task.ament_cmake.build:Building ROS package in '/home/jetson/ros2_ws/src/px4_autonomy_modules' with build type 'ament_cmake'
[3.648s] INFO:colcon.colcon_cmake.task.cmake.build:Building CMake package in '/home/jetson/ros2_ws/src/px4_autonomy_modules'
[3.651s] INFO:colcon.colcon_core.shell:Skip shell extension 'powershell' for command environment: Not usable outside of PowerShell
[3.651s] DEBUG:colcon.colcon_core.shell:Skip shell extension 'dsv' for command environment
[3.696s] INFO:colcon.colcon_ros.task.ament_python.build:Building ROS package in '/home/jetson/ros2_ws/src/realsense2mavros' with build type 'ament_python'
[3.697s] Level 1:colcon.colcon_core.shell:create_environment_hook('realsense2mavros', 'ament_prefix_path')
[3.699s] INFO:colcon.colcon_core.shell:Creating environment hook '/home/jetson/ros2_ws/src/install/realsense2mavros/share/realsense2mavros/hook/ament_prefix_path.ps1'
[3.704s] INFO:colcon.colcon_core.shell:Creating environment descriptor '/home/jetson/ros2_ws/src/install/realsense2mavros/share/realsense2mavros/hook/ament_prefix_path.dsv'
[3.708s] INFO:colcon.colcon_core.shell:Creating environment hook '/home/jetson/ros2_ws/src/install/realsense2mavros/share/realsense2mavros/hook/ament_prefix_path.sh'
[3.714s] INFO:colcon.colcon_core.shell:Skip shell extension 'powershell' for command environment: Not usable outside of PowerShell
[3.714s] DEBUG:colcon.colcon_core.shell:Skip shell extension 'dsv' for command environment
[5.310s] INFO:colcon.colcon_core.task.python.build:Building Python package in '/home/jetson/ros2_ws/src/comm_node'
[5.311s] INFO:colcon.colcon_core.shell:Skip shell extension 'powershell' for command environment: Not usable outside of PowerShell
[5.312s] DEBUG:colcon.colcon_core.shell:Skip shell extension 'dsv' for command environment
[6.828s] INFO:colcon.colcon_core.task.python.build:Building Python package in '/home/jetson/ros2_ws/src/exer2_control'
[6.830s] INFO:colcon.colcon_core.shell:Skip shell extension 'powershell' for command environment: Not usable outside of PowerShell
[6.830s] DEBUG:colcon.colcon_core.shell:Skip shell extension 'dsv' for command environment
[6.870s] DEBUG:colcon.colcon_core.event_handler.log_command:Invoking command in '/home/jetson/ros2_ws/src/build/px4_autonomy_modules': CMAKE_PREFIX_PATH=${CMAKE_PREFIX_PATH}:/home/jetson/ros2_ws/src/install/vicon_bridge:/home/jetson/ros2_ws/src/install/unit_tester:/home/jetson/ros2_ws/src/install/realsense2mavros:/home/jetson/ros2_ws/src/install/exer2_control:/home/jetson/ros2_ws/src/install/comm_node:/home/jetson/ros2_ws/install/vicon_bridge:/home/jetson/ros2_ws/install/unit_tester:/home/jetson/ros2_ws/install/realsense2mavros:/home/jetson/ros2_ws/install/exer2_control:/home/jetson/ros2_ws/install/comm_node:/opt/ros/foxy /usr/bin/cmake --build /home/jetson/ros2_ws/src/build/px4_autonomy_modules -- -j4 -l4
[8.330s] INFO:colcon.colcon_core.task.python.build:Building Python package in '/home/jetson/ros2_ws/src/realsense2mavros'
[8.332s] INFO:colcon.colcon_core.shell:Skip shell extension 'powershell' for command environment: Not usable outside of PowerShell
[8.333s] DEBUG:colcon.colcon_core.shell:Skip shell extension 'dsv' for command environment
[8.414s] DEBUG:colcon.colcon_core.event_handler.log_command:Invoked command in '/home/jetson/ros2_ws/src/build/px4_autonomy_modules' returned '0': CMAKE_PREFIX_PATH=${CMAKE_PREFIX_PATH}:/home/jetson/ros2_ws/src/install/vicon_bridge:/home/jetson/ros2_ws/src/install/unit_tester:/home/jetson/ros2_ws/src/install/realsense2mavros:/home/jetson/ros2_ws/src/install/exer2_control:/home/jetson/ros2_ws/src/install/comm_node:/home/jetson/ros2_ws/install/vicon_bridge:/home/jetson/ros2_ws/install/unit_tester:/home/jetson/ros2_ws/install/realsense2mavros:/home/jetson/ros2_ws/install/exer2_control:/home/jetson/ros2_ws/install/comm_node:/opt/ros/foxy /usr/bin/cmake --build /home/jetson/ros2_ws/src/build/px4_autonomy_modules -- -j4 -l4
[8.474s] DEBUG:colcon.colcon_core.event_handler.log_command:Invoking command in '/home/jetson/ros2_ws/src/build/px4_autonomy_modules': CMAKE_PREFIX_PATH=${CMAKE_PREFIX_PATH}:/home/jetson/ros2_ws/src/install/vicon_bridge:/home/jetson/ros2_ws/src/install/unit_tester:/home/jetson/ros2_ws/src/install/realsense2mavros:/home/jetson/ros2_ws/src/install/exer2_control:/home/jetson/ros2_ws/src/install/comm_node:/home/jetson/ros2_ws/install/vicon_bridge:/home/jetson/ros2_ws/install/unit_tester:/home/jetson/ros2_ws/install/realsense2mavros:/home/jetson/ros2_ws/install/exer2_control:/home/jetson/ros2_ws/install/comm_node:/opt/ros/foxy /usr/bin/cmake --install /home/jetson/ros2_ws/src/build/px4_autonomy_modules
[8.741s] Level 1:colcon.colcon_core.environment:create_environment_scripts_only(px4_autonomy_modules)
[8.747s] DEBUG:colcon.colcon_core.event_handler.log_command:Invoked command in '/home/jetson/ros2_ws/src/build/px4_autonomy_modules' returned '0': CMAKE_PREFIX_PATH=${CMAKE_PREFIX_PATH}:/home/jetson/ros2_ws/src/install/vicon_bridge:/home/jetson/ros2_ws/src/install/unit_tester:/home/jetson/ros2_ws/src/install/realsense2mavros:/home/jetson/ros2_ws/src/install/exer2_control:/home/jetson/ros2_ws/src/install/comm_node:/home/jetson/ros2_ws/install/vicon_bridge:/home/jetson/ros2_ws/install/unit_tester:/home/jetson/ros2_ws/install/realsense2mavros:/home/jetson/ros2_ws/install/exer2_control:/home/jetson/ros2_ws/install/comm_node:/opt/ros/foxy /usr/bin/cmake --install /home/jetson/ros2_ws/src/build/px4_autonomy_modules
[8.758s] Level 1:colcon.colcon_core.environment:checking '/home/jetson/ros2_ws/src/install/px4_autonomy_modules' for CMake module files
[8.760s] Level 1:colcon.colcon_core.environment:checking '/home/jetson/ros2_ws/src/install/px4_autonomy_modules' for CMake config files
[8.761s] Level 1:colcon.colcon_core.shell:create_environment_hook('px4_autonomy_modules', 'cmake_prefix_path')
[8.778s] INFO:colcon.colcon_core.shell:Creating environment hook '/home/jetson/ros2_ws/src/install/px4_autonomy_modules/share/px4_autonomy_modules/hook/cmake_prefix_path.ps1'
[8.786s] INFO:colcon.colcon_core.shell:Creating environment descriptor '/home/jetson/ros2_ws/src/install/px4_autonomy_modules/share/px4_autonomy_modules/hook/cmake_prefix_path.dsv'
[8.789s] INFO:colcon.colcon_core.shell:Creating environment hook '/home/jetson/ros2_ws/src/install/px4_autonomy_modules/share/px4_autonomy_modules/hook/cmake_prefix_path.sh'
[8.797s] Level 1:colcon.colcon_core.environment:checking '/home/jetson/ros2_ws/src/install/px4_autonomy_modules/bin'
[8.798s] Level 1:colcon.colcon_core.environment:checking '/home/jetson/ros2_ws/src/install/px4_autonomy_modules/lib/pkgconfig/px4_autonomy_modules.pc'
[8.801s] Level 1:colcon.colcon_core.environment:checking '/home/jetson/ros2_ws/src/install/px4_autonomy_modules/lib/python3.8/site-packages'
[8.802s] Level 1:colcon.colcon_core.environment:checking '/home/jetson/ros2_ws/src/install/px4_autonomy_modules/bin'
[8.806s] INFO:colcon.colcon_core.shell:Creating package script '/home/jetson/ros2_ws/src/install/px4_autonomy_modules/share/px4_autonomy_modules/package.ps1'
[8.830s] INFO:colcon.colcon_core.shell:Creating package descriptor '/home/jetson/ros2_ws/src/install/px4_autonomy_modules/share/px4_autonomy_modules/package.dsv'
[8.839s] INFO:colcon.colcon_core.shell:Creating package script '/home/jetson/ros2_ws/src/install/px4_autonomy_modules/share/px4_autonomy_modules/package.sh'
[8.853s] INFO:colcon.colcon_core.shell:Creating package script '/home/jetson/ros2_ws/src/install/px4_autonomy_modules/share/px4_autonomy_modules/package.bash'
[8.867s] INFO:colcon.colcon_core.shell:Creating package script '/home/jetson/ros2_ws/src/install/px4_autonomy_modules/share/px4_autonomy_modules/package.zsh'
[8.882s] Level 1:colcon.colcon_core.environment:create_file_with_runtime_dependencies(/home/jetson/ros2_ws/src/install/px4_autonomy_modules/share/colcon-core/packages/px4_autonomy_modules)
[8.886s] Level 1:colcon.colcon_core.environment:create_environment_scripts_only(px4_autonomy_modules)
[8.887s] Level 1:colcon.colcon_core.environment:checking '/home/jetson/ros2_ws/src/install/px4_autonomy_modules' for CMake module files
[8.891s] Level 1:colcon.colcon_core.environment:checking '/home/jetson/ros2_ws/src/install/px4_autonomy_modules' for CMake config files
[8.893s] Level 1:colcon.colcon_core.shell:create_environment_hook('px4_autonomy_modules', 'cmake_prefix_path')
[8.895s] INFO:colcon.colcon_core.shell:Creating environment hook '/home/jetson/ros2_ws/src/install/px4_autonomy_modules/share/px4_autonomy_modules/hook/cmake_prefix_path.ps1'
[8.903s] INFO:colcon.colcon_core.shell:Creating environment descriptor '/home/jetson/ros2_ws/src/install/px4_autonomy_modules/share/px4_autonomy_modules/hook/cmake_prefix_path.dsv'
[8.916s] INFO:colcon.colcon_core.shell:Creating environment hook '/home/jetson/ros2_ws/src/install/px4_autonomy_modules/share/px4_autonomy_modules/hook/cmake_prefix_path.sh'
[8.924s] Level 1:colcon.colcon_core.environment:checking '/home/jetson/ros2_ws/src/install/px4_autonomy_modules/bin'
[8.925s] Level 1:colcon.colcon_core.environment:checking '/home/jetson/ros2_ws/src/install/px4_autonomy_modules/lib/pkgconfig/px4_autonomy_modules.pc'
[8.927s] Level 1:colcon.colcon_core.environment:checking '/home/jetson/ros2_ws/src/install/px4_autonomy_modules/lib/python3.8/site-packages'
[8.929s] Level 1:colcon.colcon_core.environment:checking '/home/jetson/ros2_ws/src/install/px4_autonomy_modules/bin'
[8.933s] INFO:colcon.colcon_core.shell:Creating package script '/home/jetson/ros2_ws/src/install/px4_autonomy_modules/share/px4_autonomy_modules/package.ps1'
[8.942s] INFO:colcon.colcon_core.shell:Creating package descriptor '/home/jetson/ros2_ws/src/install/px4_autonomy_modules/share/px4_autonomy_modules/package.dsv'
[8.950s] INFO:colcon.colcon_core.shell:Creating package script '/home/jetson/ros2_ws/src/install/px4_autonomy_modules/share/px4_autonomy_modules/package.sh'
[8.957s] INFO:colcon.colcon_core.shell:Creating package script '/home/jetson/ros2_ws/src/install/px4_autonomy_modules/share/px4_autonomy_modules/package.bash'
[8.964s] INFO:colcon.colcon_core.shell:Creating package script '/home/jetson/ros2_ws/src/install/px4_autonomy_modules/share/px4_autonomy_modules/package.zsh'
[8.971s] Level 1:colcon.colcon_core.environment:create_file_with_runtime_dependencies(/home/jetson/ros2_ws/src/install/px4_autonomy_modules/share/colcon-core/packages/px4_autonomy_modules)
[8.982s] INFO:colcon.colcon_ros.task.ament_python.build:Building ROS package in '/home/jetson/ros2_ws/src/unit_tester' with build type 'ament_python'
[8.988s] Level 1:colcon.colcon_core.shell:create_environment_hook('unit_tester', 'ament_prefix_path')
[8.993s] INFO:colcon.colcon_core.shell:Creating environment hook '/home/jetson/ros2_ws/src/install/unit_tester/share/unit_tester/hook/ament_prefix_path.ps1'
[8.999s] INFO:colcon.colcon_core.shell:Creating environment descriptor '/home/jetson/ros2_ws/src/install/unit_tester/share/unit_tester/hook/ament_prefix_path.dsv'
[9.006s] INFO:colcon.colcon_core.shell:Creating environment hook '/home/jetson/ros2_ws/src/install/unit_tester/share/unit_tester/hook/ament_prefix_path.sh'
[9.015s] INFO:colcon.colcon_core.shell:Skip shell extension 'powershell' for command environment: Not usable outside of PowerShell
[9.017s] DEBUG:colcon.colcon_core.shell:Skip shell extension 'dsv' for command environment
[11.140s] INFO:colcon.colcon_core.task.python.build:Building Python package in '/home/jetson/ros2_ws/src/unit_tester'
[11.145s] INFO:colcon.colcon_core.shell:Skip shell extension 'powershell' for command environment: Not usable outside of PowerShell
[11.145s] DEBUG:colcon.colcon_core.shell:Skip shell extension 'dsv' for command environment
[11.199s] DEBUG:colcon.colcon_core.event_handler.log_command:Invoking command in '/home/jetson/ros2_ws/src/comm_node': PYTHONPATH=/home/jetson/ros2_ws/src/build/comm_node/prefix_override:/usr/lib/python3/dist-packages/colcon_core/task/python/colcon_distutils_commands:/home/jetson/ros2_ws/src/install/comm_node/lib/python3.8/site-packages:${PYTHONPATH} /usr/bin/python3 -W ignore:setup.py install is deprecated -W ignore:easy_install command is deprecated setup.py egg_info --egg-base ../build/comm_node build --build-base /home/jetson/ros2_ws/src/build/comm_node/build install --record /home/jetson/ros2_ws/src/build/comm_node/install.log --install-scripts $base/lib/comm_node --single-version-externally-managed install_data
[11.312s] DEBUG:colcon.colcon_core.event_handler.log_command:Invoking command in '/home/jetson/ros2_ws/src/realsense2mavros': PYTHONPATH=/home/jetson/ros2_ws/src/build/realsense2mavros/prefix_override:/usr/lib/python3/dist-packages/colcon_core/task/python/colcon_distutils_commands:/home/jetson/ros2_ws/src/install/realsense2mavros/lib/python3.8/site-packages:${PYTHONPATH} /usr/bin/python3 -W ignore:setup.py install is deprecated -W ignore:easy_install command is deprecated setup.py egg_info --egg-base ../build/realsense2mavros build --build-base /home/jetson/ros2_ws/src/build/realsense2mavros/build install --record /home/jetson/ros2_ws/src/build/realsense2mavros/install.log --install-scripts $base/lib/realsense2mavros --single-version-externally-managed install_data
[11.569s] DEBUG:colcon.colcon_core.event_handler.log_command:Invoking command in '/home/jetson/ros2_ws/src/exer2_control': PYTHONPATH=/home/jetson/ros2_ws/src/build/exer2_control/prefix_override:/usr/lib/python3/dist-packages/colcon_core/task/python/colcon_distutils_commands:/home/jetson/ros2_ws/src/install/exer2_control/lib/python3.8/site-packages:${PYTHONPATH} /usr/bin/python3 -W ignore:setup.py install is deprecated -W ignore:easy_install command is deprecated setup.py egg_info --egg-base ../build/exer2_control build --build-base /home/jetson/ros2_ws/src/build/exer2_control/build install --record /home/jetson/ros2_ws/src/build/exer2_control/install.log --install-scripts $base/lib/exer2_control --single-version-externally-managed install_data
[13.447s] Level 1:colcon.colcon_core.environment:checking '/home/jetson/ros2_ws/src/install/comm_node' for CMake module files
[13.451s] DEBUG:colcon.colcon_core.event_handler.log_command:Invoked command in '/home/jetson/ros2_ws/src/comm_node' returned '0': PYTHONPATH=/home/jetson/ros2_ws/src/build/comm_node/prefix_override:/usr/lib/python3/dist-packages/colcon_core/task/python/colcon_distutils_commands:/home/jetson/ros2_ws/src/install/comm_node/lib/python3.8/site-packages:${PYTHONPATH} /usr/bin/python3 -W ignore:setup.py install is deprecated -W ignore:easy_install command is deprecated setup.py egg_info --egg-base ../build/comm_node build --build-base /home/jetson/ros2_ws/src/build/comm_node/build install --record /home/jetson/ros2_ws/src/build/comm_node/install.log --install-scripts $base/lib/comm_node --single-version-externally-managed install_data
[13.453s] Level 1:colcon.colcon_core.environment:checking '/home/jetson/ros2_ws/src/install/comm_node' for CMake config files
[13.457s] Level 1:colcon.colcon_core.environment:checking '/home/jetson/ros2_ws/src/install/comm_node/lib'
[13.459s] Level 1:colcon.colcon_core.environment:checking '/home/jetson/ros2_ws/src/install/comm_node/bin'
[13.459s] Level 1:colcon.colcon_core.environment:checking '/home/jetson/ros2_ws/src/install/comm_node/lib/pkgconfig/comm_node.pc'
[13.462s] Level 1:colcon.colcon_core.environment:checking '/home/jetson/ros2_ws/src/install/comm_node/lib/python3.8/site-packages'
[13.463s] Level 1:colcon.colcon_core.shell:create_environment_hook('comm_node', 'pythonpath')
[13.465s] INFO:colcon.colcon_core.shell:Creating environment hook '/home/jetson/ros2_ws/src/install/comm_node/share/comm_node/hook/pythonpath.ps1'
[13.471s] INFO:colcon.colcon_core.shell:Creating environment descriptor '/home/jetson/ros2_ws/src/install/comm_node/share/comm_node/hook/pythonpath.dsv'
[13.476s] INFO:colcon.colcon_core.shell:Creating environment hook '/home/jetson/ros2_ws/src/install/comm_node/share/comm_node/hook/pythonpath.sh'
[13.480s] Level 1:colcon.colcon_core.environment:checking '/home/jetson/ros2_ws/src/install/comm_node/bin'
[13.482s] Level 1:colcon.colcon_core.environment:create_environment_scripts_only(comm_node)
[13.485s] INFO:colcon.colcon_core.shell:Creating package script '/home/jetson/ros2_ws/src/install/comm_node/share/comm_node/package.ps1'
[13.490s] INFO:colcon.colcon_core.shell:Creating package descriptor '/home/jetson/ros2_ws/src/install/comm_node/share/comm_node/package.dsv'
[13.494s] INFO:colcon.colcon_core.shell:Creating package script '/home/jetson/ros2_ws/src/install/comm_node/share/comm_node/package.sh'
[13.498s] INFO:colcon.colcon_core.shell:Creating package script '/home/jetson/ros2_ws/src/install/comm_node/share/comm_node/package.bash'
[13.502s] INFO:colcon.colcon_core.shell:Creating package script '/home/jetson/ros2_ws/src/install/comm_node/share/comm_node/package.zsh'
[13.507s] Level 1:colcon.colcon_core.environment:create_file_with_runtime_dependencies(/home/jetson/ros2_ws/src/install/comm_node/share/colcon-core/packages/comm_node)
[13.513s] INFO:colcon.colcon_ros.task.ament_python.build:Building ROS package in '/home/jetson/ros2_ws/src/vicon_bridge' with build type 'ament_python'
[13.515s] Level 1:colcon.colcon_core.shell:create_environment_hook('vicon_bridge', 'ament_prefix_path')
[13.517s] INFO:colcon.colcon_core.shell:Creating environment hook '/home/jetson/ros2_ws/src/install/vicon_bridge/share/vicon_bridge/hook/ament_prefix_path.ps1'
[13.521s] INFO:colcon.colcon_core.shell:Creating environment descriptor '/home/jetson/ros2_ws/src/install/vicon_bridge/share/vicon_bridge/hook/ament_prefix_path.dsv'
[13.525s] INFO:colcon.colcon_core.shell:Creating environment hook '/home/jetson/ros2_ws/src/install/vicon_bridge/share/vicon_bridge/hook/ament_prefix_path.sh'
[13.530s] INFO:colcon.colcon_core.shell:Skip shell extension 'powershell' for command environment: Not usable outside of PowerShell
[13.531s] DEBUG:colcon.colcon_core.shell:Skip shell extension 'dsv' for command environment
[15.157s] INFO:colcon.colcon_core.task.python.build:Building Python package in '/home/jetson/ros2_ws/src/vicon_bridge'
[15.160s] INFO:colcon.colcon_core.shell:Skip shell extension 'powershell' for command environment: Not usable outside of PowerShell
[15.161s] DEBUG:colcon.colcon_core.shell:Skip shell extension 'dsv' for command environment
[15.193s] Level 1:colcon.colcon_core.environment:checking '/home/jetson/ros2_ws/src/install/exer2_control' for CMake module files
[15.195s] DEBUG:colcon.colcon_core.event_handler.log_command:Invoked command in '/home/jetson/ros2_ws/src/exer2_control' returned '0': PYTHONPATH=/home/jetson/ros2_ws/src/build/exer2_control/prefix_override:/usr/lib/python3/dist-packages/colcon_core/task/python/colcon_distutils_commands:/home/jetson/ros2_ws/src/install/exer2_control/lib/python3.8/site-packages:${PYTHONPATH} /usr/bin/python3 -W ignore:setup.py install is deprecated -W ignore:easy_install command is deprecated setup.py egg_info --egg-base ../build/exer2_control build --build-base /home/jetson/ros2_ws/src/build/exer2_control/build install --record /home/jetson/ros2_ws/src/build/exer2_control/install.log --install-scripts $base/lib/exer2_control --single-version-externally-managed install_data
[15.197s] Level 1:colcon.colcon_core.environment:checking '/home/jetson/ros2_ws/src/install/exer2_control' for CMake config files
[15.200s] Level 1:colcon.colcon_core.environment:checking '/home/jetson/ros2_ws/src/install/exer2_control/lib'
[15.200s] Level 1:colcon.colcon_core.environment:checking '/home/jetson/ros2_ws/src/install/exer2_control/bin'
[15.200s] Level 1:colcon.colcon_core.environment:checking '/home/jetson/ros2_ws/src/install/exer2_control/lib/pkgconfig/exer2_control.pc'
[15.201s] Level 1:colcon.colcon_core.environment:checking '/home/jetson/ros2_ws/src/install/exer2_control/lib/python3.8/site-packages'
[15.202s] Level 1:colcon.colcon_core.shell:create_environment_hook('exer2_control', 'pythonpath')
[15.203s] INFO:colcon.colcon_core.shell:Creating environment hook '/home/jetson/ros2_ws/src/install/exer2_control/share/exer2_control/hook/pythonpath.ps1'
[15.205s] INFO:colcon.colcon_core.shell:Creating environment descriptor '/home/jetson/ros2_ws/src/install/exer2_control/share/exer2_control/hook/pythonpath.dsv'
[15.207s] INFO:colcon.colcon_core.shell:Creating environment hook '/home/jetson/ros2_ws/src/install/exer2_control/share/exer2_control/hook/pythonpath.sh'
[15.210s] Level 1:colcon.colcon_core.environment:checking '/home/jetson/ros2_ws/src/install/exer2_control/bin'
[15.210s] Level 1:colcon.colcon_core.environment:create_environment_scripts_only(exer2_control)
[15.212s] INFO:colcon.colcon_core.shell:Creating package script '/home/jetson/ros2_ws/src/install/exer2_control/share/exer2_control/package.ps1'
[15.215s] INFO:colcon.colcon_core.shell:Creating package descriptor '/home/jetson/ros2_ws/src/install/exer2_control/share/exer2_control/package.dsv'
[15.217s] INFO:colcon.colcon_core.shell:Creating package script '/home/jetson/ros2_ws/src/install/exer2_control/share/exer2_control/package.sh'
[15.219s] INFO:colcon.colcon_core.shell:Creating package script '/home/jetson/ros2_ws/src/install/exer2_control/share/exer2_control/package.bash'
[15.220s] INFO:colcon.colcon_core.shell:Creating package script '/home/jetson/ros2_ws/src/install/exer2_control/share/exer2_control/package.zsh'
[15.222s] Level 1:colcon.colcon_core.environment:create_file_with_runtime_dependencies(/home/jetson/ros2_ws/src/install/exer2_control/share/colcon-core/packages/exer2_control)
[15.224s] Level 1:colcon.colcon_core.environment:checking '/home/jetson/ros2_ws/src/install/realsense2mavros' for CMake module files
[15.228s] Level 1:colcon.colcon_core.environment:checking '/home/jetson/ros2_ws/src/install/realsense2mavros' for CMake config files
[15.231s] DEBUG:colcon.colcon_core.event_handler.log_command:Invoked command in '/home/jetson/ros2_ws/src/realsense2mavros' returned '0': PYTHONPATH=/home/jetson/ros2_ws/src/build/realsense2mavros/prefix_override:/usr/lib/python3/dist-packages/colcon_core/task/python/colcon_distutils_commands:/home/jetson/ros2_ws/src/install/realsense2mavros/lib/python3.8/site-packages:${PYTHONPATH} /usr/bin/python3 -W ignore:setup.py install is deprecated -W ignore:easy_install command is deprecated setup.py egg_info --egg-base ../build/realsense2mavros build --build-base /home/jetson/ros2_ws/src/build/realsense2mavros/build install --record /home/jetson/ros2_ws/src/build/realsense2mavros/install.log --install-scripts $base/lib/realsense2mavros --single-version-externally-managed install_data
[15.233s] Level 1:colcon.colcon_core.environment:checking '/home/jetson/ros2_ws/src/install/realsense2mavros/lib'
[15.234s] Level 1:colcon.colcon_core.environment:checking '/home/jetson/ros2_ws/src/install/realsense2mavros/bin'
[15.234s] Level 1:colcon.colcon_core.environment:checking '/home/jetson/ros2_ws/src/install/realsense2mavros/lib/pkgconfig/realsense2mavros.pc'
[15.235s] Level 1:colcon.colcon_core.environment:checking '/home/jetson/ros2_ws/src/install/realsense2mavros/lib/python3.8/site-packages'
[15.235s] Level 1:colcon.colcon_core.shell:create_environment_hook('realsense2mavros', 'pythonpath')
[15.237s] INFO:colcon.colcon_core.shell:Creating environment hook '/home/jetson/ros2_ws/src/install/realsense2mavros/share/realsense2mavros/hook/pythonpath.ps1'
[15.239s] INFO:colcon.colcon_core.shell:Creating environment descriptor '/home/jetson/ros2_ws/src/install/realsense2mavros/share/realsense2mavros/hook/pythonpath.dsv'
[15.241s] INFO:colcon.colcon_core.shell:Creating environment hook '/home/jetson/ros2_ws/src/install/realsense2mavros/share/realsense2mavros/hook/pythonpath.sh'
[15.243s] Level 1:colcon.colcon_core.environment:checking '/home/jetson/ros2_ws/src/install/realsense2mavros/bin'
[15.244s] Level 1:colcon.colcon_core.environment:create_environment_scripts_only(realsense2mavros)
[15.245s] INFO:colcon.colcon_core.shell:Creating package script '/home/jetson/ros2_ws/src/install/realsense2mavros/share/realsense2mavros/package.ps1'
[15.248s] INFO:colcon.colcon_core.shell:Creating package descriptor '/home/jetson/ros2_ws/src/install/realsense2mavros/share/realsense2mavros/package.dsv'
[15.250s] INFO:colcon.colcon_core.shell:Creating package script '/home/jetson/ros2_ws/src/install/realsense2mavros/share/realsense2mavros/package.sh'
[15.252s] INFO:colcon.colcon_core.shell:Creating package script '/home/jetson/ros2_ws/src/install/realsense2mavros/share/realsense2mavros/package.bash'
[15.253s] INFO:colcon.colcon_core.shell:Creating package script '/home/jetson/ros2_ws/src/install/realsense2mavros/share/realsense2mavros/package.zsh'
[15.255s] Level 1:colcon.colcon_core.environment:create_file_with_runtime_dependencies(/home/jetson/ros2_ws/src/install/realsense2mavros/share/colcon-core/packages/realsense2mavros)
[15.271s] DEBUG:colcon.colcon_core.event_handler.log_command:Invoking command in '/home/jetson/ros2_ws/src/unit_tester': PYTHONPATH=/home/jetson/ros2_ws/src/build/unit_tester/prefix_override:/usr/lib/python3/dist-packages/colcon_core/task/python/colcon_distutils_commands:/home/jetson/ros2_ws/src/install/unit_tester/lib/python3.8/site-packages:${PYTHONPATH} /usr/bin/python3 -W ignore:setup.py install is deprecated -W ignore:easy_install command is deprecated setup.py egg_info --egg-base ../build/unit_tester build --build-base /home/jetson/ros2_ws/src/build/unit_tester/build install --record /home/jetson/ros2_ws/src/build/unit_tester/install.log --install-scripts $base/lib/unit_tester --single-version-externally-managed install_data
[16.967s] Level 1:colcon.colcon_core.environment:checking '/home/jetson/ros2_ws/src/install/unit_tester' for CMake module files
[16.972s] DEBUG:colcon.colcon_core.event_handler.log_command:Invoked command in '/home/jetson/ros2_ws/src/unit_tester' returned '0': PYTHONPATH=/home/jetson/ros2_ws/src/build/unit_tester/prefix_override:/usr/lib/python3/dist-packages/colcon_core/task/python/colcon_distutils_commands:/home/jetson/ros2_ws/src/install/unit_tester/lib/python3.8/site-packages:${PYTHONPATH} /usr/bin/python3 -W ignore:setup.py install is deprecated -W ignore:easy_install command is deprecated setup.py egg_info --egg-base ../build/unit_tester build --build-base /home/jetson/ros2_ws/src/build/unit_tester/build install --record /home/jetson/ros2_ws/src/build/unit_tester/install.log --install-scripts $base/lib/unit_tester --single-version-externally-managed install_data
[16.974s] Level 1:colcon.colcon_core.environment:checking '/home/jetson/ros2_ws/src/install/unit_tester' for CMake config files
[16.977s] Level 1:colcon.colcon_core.environment:checking '/home/jetson/ros2_ws/src/install/unit_tester/lib'
[16.977s] Level 1:colcon.colcon_core.environment:checking '/home/jetson/ros2_ws/src/install/unit_tester/bin'
[16.978s] Level 1:colcon.colcon_core.environment:checking '/home/jetson/ros2_ws/src/install/unit_tester/lib/pkgconfig/unit_tester.pc'
[16.979s] Level 1:colcon.colcon_core.environment:checking '/home/jetson/ros2_ws/src/install/unit_tester/lib/python3.8/site-packages'
[16.979s] Level 1:colcon.colcon_core.shell:create_environment_hook('unit_tester', 'pythonpath')
[16.981s] INFO:colcon.colcon_core.shell:Creating environment hook '/home/jetson/ros2_ws/src/install/unit_tester/share/unit_tester/hook/pythonpath.ps1'
[16.985s] INFO:colcon.colcon_core.shell:Creating environment descriptor '/home/jetson/ros2_ws/src/install/unit_tester/share/unit_tester/hook/pythonpath.dsv'
[16.988s] INFO:colcon.colcon_core.shell:Creating environment hook '/home/jetson/ros2_ws/src/install/unit_tester/share/unit_tester/hook/pythonpath.sh'
[16.990s] Level 1:colcon.colcon_core.environment:checking '/home/jetson/ros2_ws/src/install/unit_tester/bin'
[16.991s] Level 1:colcon.colcon_core.environment:create_environment_scripts_only(unit_tester)
[16.997s] INFO:colcon.colcon_core.shell:Creating package script '/home/jetson/ros2_ws/src/install/unit_tester/share/unit_tester/package.ps1'
[17.000s] INFO:colcon.colcon_core.shell:Creating package descriptor '/home/jetson/ros2_ws/src/install/unit_tester/share/unit_tester/package.dsv'
[17.003s] INFO:colcon.colcon_core.shell:Creating package script '/home/jetson/ros2_ws/src/install/unit_tester/share/unit_tester/package.sh'
[17.007s] INFO:colcon.colcon_core.shell:Creating package script '/home/jetson/ros2_ws/src/install/unit_tester/share/unit_tester/package.bash'
[17.010s] INFO:colcon.colcon_core.shell:Creating package script '/home/jetson/ros2_ws/src/install/unit_tester/share/unit_tester/package.zsh'
[17.013s] Level 1:colcon.colcon_core.environment:create_file_with_runtime_dependencies(/home/jetson/ros2_ws/src/install/unit_tester/share/colcon-core/packages/unit_tester)
[17.332s] DEBUG:colcon.colcon_core.event_handler.log_command:Invoking command in '/home/jetson/ros2_ws/src/vicon_bridge': PYTHONPATH=/home/jetson/ros2_ws/src/build/vicon_bridge/prefix_override:/usr/lib/python3/dist-packages/colcon_core/task/python/colcon_distutils_commands:/home/jetson/ros2_ws/src/install/vicon_bridge/lib/python3.8/site-packages:${PYTHONPATH} /usr/bin/python3 -W ignore:setup.py install is deprecated -W ignore:easy_install command is deprecated setup.py egg_info --egg-base ../build/vicon_bridge build --build-base /home/jetson/ros2_ws/src/build/vicon_bridge/build install --record /home/jetson/ros2_ws/src/build/vicon_bridge/install.log --install-scripts $base/lib/vicon_bridge --single-version-externally-managed install_data
[18.905s] Level 1:colcon.colcon_core.environment:checking '/home/jetson/ros2_ws/src/install/vicon_bridge' for CMake module files
[18.908s] DEBUG:colcon.colcon_core.event_handler.log_command:Invoked command in '/home/jetson/ros2_ws/src/vicon_bridge' returned '0': PYTHONPATH=/home/jetson/ros2_ws/src/build/vicon_bridge/prefix_override:/usr/lib/python3/dist-packages/colcon_core/task/python/colcon_distutils_commands:/home/jetson/ros2_ws/src/install/vicon_bridge/lib/python3.8/site-packages:${PYTHONPATH} /usr/bin/python3 -W ignore:setup.py install is deprecated -W ignore:easy_install command is deprecated setup.py egg_info --egg-base ../build/vicon_bridge build --build-base /home/jetson/ros2_ws/src/build/vicon_bridge/build install --record /home/jetson/ros2_ws/src/build/vicon_bridge/install.log --install-scripts $base/lib/vicon_bridge --single-version-externally-managed install_data
[18.910s] Level 1:colcon.colcon_core.environment:checking '/home/jetson/ros2_ws/src/install/vicon_bridge' for CMake config files
[18.913s] Level 1:colcon.colcon_core.environment:checking '/home/jetson/ros2_ws/src/install/vicon_bridge/lib'
[18.913s] Level 1:colcon.colcon_core.environment:checking '/home/jetson/ros2_ws/src/install/vicon_bridge/bin'
[18.914s] Level 1:colcon.colcon_core.environment:checking '/home/jetson/ros2_ws/src/install/vicon_bridge/lib/pkgconfig/vicon_bridge.pc'
[18.915s] Level 1:colcon.colcon_core.environment:checking '/home/jetson/ros2_ws/src/install/vicon_bridge/lib/python3.8/site-packages'
[18.915s] Level 1:colcon.colcon_core.shell:create_environment_hook('vicon_bridge', 'pythonpath')
[18.917s] INFO:colcon.colcon_core.shell:Creating environment hook '/home/jetson/ros2_ws/src/install/vicon_bridge/share/vicon_bridge/hook/pythonpath.ps1'
[18.919s] INFO:colcon.colcon_core.shell:Creating environment descriptor '/home/jetson/ros2_ws/src/install/vicon_bridge/share/vicon_bridge/hook/pythonpath.dsv'
[18.922s] INFO:colcon.colcon_core.shell:Creating environment hook '/home/jetson/ros2_ws/src/install/vicon_bridge/share/vicon_bridge/hook/pythonpath.sh'
[18.925s] Level 1:colcon.colcon_core.environment:checking '/home/jetson/ros2_ws/src/install/vicon_bridge/bin'
[18.925s] Level 1:colcon.colcon_core.environment:create_environment_scripts_only(vicon_bridge)
[18.927s] INFO:colcon.colcon_core.shell:Creating package script '/home/jetson/ros2_ws/src/install/vicon_bridge/share/vicon_bridge/package.ps1'
[18.930s] INFO:colcon.colcon_core.shell:Creating package descriptor '/home/jetson/ros2_ws/src/install/vicon_bridge/share/vicon_bridge/package.dsv'
[18.932s] INFO:colcon.colcon_core.shell:Creating package script '/home/jetson/ros2_ws/src/install/vicon_bridge/share/vicon_bridge/package.sh'
[18.934s] INFO:colcon.colcon_core.shell:Creating package script '/home/jetson/ros2_ws/src/install/vicon_bridge/share/vicon_bridge/package.bash'
[18.936s] INFO:colcon.colcon_core.shell:Creating package script '/home/jetson/ros2_ws/src/install/vicon_bridge/share/vicon_bridge/package.zsh'
[18.938s] Level 1:colcon.colcon_core.environment:create_file_with_runtime_dependencies(/home/jetson/ros2_ws/src/install/vicon_bridge/share/colcon-core/packages/vicon_bridge)
[18.940s] DEBUG:colcon.colcon_parallel_executor.executor.parallel:closing loop
[18.941s] DEBUG:colcon.colcon_parallel_executor.executor.parallel:loop closed
[18.942s] DEBUG:colcon.colcon_parallel_executor.executor.parallel:run_until_complete finished with '0'
[18.943s] DEBUG:colcon.colcon_core.event_reactor:joining thread
[18.972s] INFO:colcon.colcon_core.plugin_system:Skipping extension 'colcon_notification.desktop_notification.terminal_notifier': Not used on non-Darwin systems
[18.972s] INFO:colcon.colcon_core.plugin_system:Skipping extension 'colcon_notification.desktop_notification.win32': Not used on non-Windows systems
[18.972s] INFO:colcon.colcon_notification.desktop_notification:Sending desktop notification using 'notify2'
[19.028s] DEBUG:colcon.colcon_core.event_reactor:joined thread
[19.030s] INFO:colcon.colcon_core.shell:Creating prefix script '/home/jetson/ros2_ws/src/install/local_setup.ps1'
[19.035s] INFO:colcon.colcon_core.shell:Creating prefix util module '/home/jetson/ros2_ws/src/install/_local_setup_util_ps1.py'
[19.043s] INFO:colcon.colcon_core.shell:Creating prefix chain script '/home/jetson/ros2_ws/src/install/setup.ps1'
[19.050s] INFO:colcon.colcon_core.shell:Creating prefix script '/home/jetson/ros2_ws/src/install/local_setup.sh'
[19.053s] INFO:colcon.colcon_core.shell:Creating prefix util module '/home/jetson/ros2_ws/src/install/_local_setup_util_sh.py'
[19.056s] INFO:colcon.colcon_core.shell:Creating prefix chain script '/home/jetson/ros2_ws/src/install/setup.sh'
[19.063s] INFO:colcon.colcon_core.shell:Creating prefix script '/home/jetson/ros2_ws/src/install/local_setup.bash'
[19.065s] INFO:colcon.colcon_core.shell:Creating prefix chain script '/home/jetson/ros2_ws/src/install/setup.bash'
[19.072s] INFO:colcon.colcon_core.shell:Creating prefix script '/home/jetson/ros2_ws/src/install/local_setup.zsh'
[19.074s] INFO:colcon.colcon_core.shell:Creating prefix chain script '/home/jetson/ros2_ws/src/install/setup.zsh'
