running egg_info
writing ../build/comm_node/comm_node.egg-info/PKG-INFO
writing dependency_links to ../build/comm_node/comm_node.egg-info/dependency_links.txt
writing entry points to ../build/comm_node/comm_node.egg-info/entry_points.txt
writing requirements to ../build/comm_node/comm_node.egg-info/requires.txt
writing top-level names to ../build/comm_node/comm_node.egg-info/top_level.txt
reading manifest file '../build/comm_node/comm_node.egg-info/SOURCES.txt'
writing manifest file '../build/comm_node/comm_node.egg-info/SOURCES.txt'
running build
running build_py
running install
running install_lib
byte-compiling /home/jetson/ros2_ws/src/install/comm_node/lib/python3.8/site-packages/comm_node/comm.py to comm.cpython-38.pyc
running install_data
running install_egg_info
removing '/home/jetson/ros2_ws/src/install/comm_node/lib/python3.8/site-packages/comm_node-0.0.1-py3.8.egg-info' (and everything under it)
Copying ../build/comm_node/comm_node.egg-info to /home/jetson/ros2_ws/src/install/comm_node/lib/python3.8/site-packages/comm_node-0.0.1-py3.8.egg-info
running install_scripts
Installing comm script to /home/jetson/ros2_ws/src/install/comm_node/lib/comm_node
writing list of installed files to '/home/jetson/ros2_ws/src/build/comm_node/install.log'
