[8.973s] Invoking command in '/home/jetson/ros2_ws/src/exer2_control': PYTHONPATH=/home/jetson/ros2_ws/src/build/exer2_control/prefix_override:/usr/lib/python3/dist-packages/colcon_core/task/python/colcon_distutils_commands:/home/jetson/ros2_ws/src/install/exer2_control/lib/python3.8/site-packages:${PYTHONPATH} /usr/bin/python3 -W ignore:setup.py install is deprecated -W ignore:easy_install command is deprecated setup.py egg_info --egg-base ../build/exer2_control build --build-base /home/jetson/ros2_ws/src/build/exer2_control/build install --record /home/jetson/ros2_ws/src/build/exer2_control/install.log --install-scripts $base/lib/exer2_control --single-version-externally-managed install_data
[11.321s] /usr/local/lib/python3.8/dist-packages/setuptools/dist.py:717: UserWarning: Usage of dash-separated 'script-dir' will not be supported in future versions. Please use the underscore name 'script_dir' instead
[11.321s]   warnings.warn(
[11.619s] running egg_info
[11.647s] writing ../build/exer2_control/exer2_control.egg-info/PKG-INFO
[11.651s] writing dependency_links to ../build/exer2_control/exer2_control.egg-info/dependency_links.txt
[11.654s] writing entry points to ../build/exer2_control/exer2_control.egg-info/entry_points.txt
[11.662s] writing requirements to ../build/exer2_control/exer2_control.egg-info/requires.txt
[11.665s] writing top-level names to ../build/exer2_control/exer2_control.egg-info/top_level.txt
[11.690s] reading manifest file '../build/exer2_control/exer2_control.egg-info/SOURCES.txt'
[11.698s] writing manifest file '../build/exer2_control/exer2_control.egg-info/SOURCES.txt'
[11.699s] running build
[11.701s] running build_py
[11.705s] running install
[11.710s] running install_lib
[11.720s] running install_data
[11.722s] running install_egg_info
[11.738s] removing '/home/jetson/ros2_ws/src/install/exer2_control/lib/python3.8/site-packages/exer2_control-0.0.0-py3.8.egg-info' (and everything under it)
[11.746s] Copying ../build/exer2_control/exer2_control.egg-info to /home/jetson/ros2_ws/src/install/exer2_control/lib/python3.8/site-packages/exer2_control-0.0.0-py3.8.egg-info
[11.769s] running install_scripts
[11.891s] Installing controller script to /home/jetson/ros2_ws/src/install/exer2_control/lib/exer2_control
[11.894s] writing list of installed files to '/home/jetson/ros2_ws/src/build/exer2_control/install.log'
[12.157s] Invoked command in '/home/jetson/ros2_ws/src/exer2_control' returned '0': PYTHONPATH=/home/jetson/ros2_ws/src/build/exer2_control/prefix_override:/usr/lib/python3/dist-packages/colcon_core/task/python/colcon_distutils_commands:/home/jetson/ros2_ws/src/install/exer2_control/lib/python3.8/site-packages:${PYTHONPATH} /usr/bin/python3 -W ignore:setup.py install is deprecated -W ignore:easy_install command is deprecated setup.py egg_info --egg-base ../build/exer2_control build --build-base /home/jetson/ros2_ws/src/build/exer2_control/build install --record /home/jetson/ros2_ws/src/build/exer2_control/install.log --install-scripts $base/lib/exer2_control --single-version-externally-managed install_data
