[7.740s] Invoking command in '/home/jetson/ros2_ws/src/exer2_control': PYTHONPATH=/home/jetson/ros2_ws/build/exer2_control/prefix_override:/usr/lib/python3/dist-packages/colcon_core/task/python/colcon_distutils_commands:/home/jetson/ros2_ws/install/exer2_control/lib/python3.8/site-packages:${PYTHONPATH} /usr/bin/python3 -W ignore:setup.py install is deprecated -W ignore:easy_install command is deprecated setup.py egg_info --egg-base ../../build/exer2_control build --build-base /home/jetson/ros2_ws/build/exer2_control/build install --record /home/jetson/ros2_ws/build/exer2_control/install.log --install-scripts $base/lib/exer2_control --single-version-externally-managed install_data
[9.161s] /usr/local/lib/python3.8/dist-packages/setuptools/dist.py:717: UserWarning: Usage of dash-separated 'script-dir' will not be supported in future versions. Please use the underscore name 'script_dir' instead
[9.165s]   warnings.warn(
[9.353s] running egg_info
[9.361s] writing ../../build/exer2_control/exer2_control.egg-info/PKG-INFO
[9.367s] writing dependency_links to ../../build/exer2_control/exer2_control.egg-info/dependency_links.txt
[9.370s] writing entry points to ../../build/exer2_control/exer2_control.egg-info/entry_points.txt
[9.374s] writing requirements to ../../build/exer2_control/exer2_control.egg-info/requires.txt
[9.379s] writing top-level names to ../../build/exer2_control/exer2_control.egg-info/top_level.txt
[9.402s] reading manifest file '../../build/exer2_control/exer2_control.egg-info/SOURCES.txt'
[9.424s] writing manifest file '../../build/exer2_control/exer2_control.egg-info/SOURCES.txt'
[9.428s] running build
[9.429s] running build_py
[9.434s] running install
[9.444s] running install_lib
[9.454s] running install_data
[9.459s] running install_egg_info
[9.470s] removing '/home/jetson/ros2_ws/install/exer2_control/lib/python3.8/site-packages/exer2_control-0.0.0-py3.8.egg-info' (and everything under it)
[9.489s] Copying ../../build/exer2_control/exer2_control.egg-info to /home/jetson/ros2_ws/install/exer2_control/lib/python3.8/site-packages/exer2_control-0.0.0-py3.8.egg-info
[9.527s] running install_scripts
[9.661s] Installing controller script to /home/jetson/ros2_ws/install/exer2_control/lib/exer2_control
[9.661s] writing list of installed files to '/home/jetson/ros2_ws/build/exer2_control/install.log'
[10.002s] Invoked command in '/home/jetson/ros2_ws/src/exer2_control' returned '0': PYTHONPATH=/home/jetson/ros2_ws/build/exer2_control/prefix_override:/usr/lib/python3/dist-packages/colcon_core/task/python/colcon_distutils_commands:/home/jetson/ros2_ws/install/exer2_control/lib/python3.8/site-packages:${PYTHONPATH} /usr/bin/python3 -W ignore:setup.py install is deprecated -W ignore:easy_install command is deprecated setup.py egg_info --egg-base ../../build/exer2_control build --build-base /home/jetson/ros2_ws/build/exer2_control/build install --record /home/jetson/ros2_ws/build/exer2_control/install.log --install-scripts $base/lib/exer2_control --single-version-externally-managed install_data
