[10.116s] Invoking command in '/home/jetson/ros2_ws/src/image_processor': PYTHONPATH=/home/jetson/ros2_ws/src/build/image_processor/prefix_override:/usr/lib/python3/dist-packages/colcon_core/task/python/colcon_distutils_commands:/home/jetson/ros2_ws/src/install/image_processor/lib/python3.8/site-packages:${PYTHONPATH} /usr/bin/python3 -W ignore:setup.py install is deprecated -W ignore:easy_install command is deprecated setup.py egg_info --egg-base ../build/image_processor build --build-base /home/jetson/ros2_ws/src/build/image_processor/build install --record /home/jetson/ros2_ws/src/build/image_processor/install.log --install-scripts $base/lib/image_processor --single-version-externally-managed install_data
[12.864s] /usr/local/lib/python3.8/dist-packages/setuptools/dist.py:717: UserWarning: Usage of dash-separated 'script-dir' will not be supported in future versions. Please use the underscore name 'script_dir' instead
[12.867s]   warnings.warn(
[13.206s] running egg_info
[13.210s] writing ../build/image_processor/image_processor.egg-info/PKG-INFO
[13.214s] writing dependency_links to ../build/image_processor/image_processor.egg-info/dependency_links.txt
[13.215s] writing entry points to ../build/image_processor/image_processor.egg-info/entry_points.txt
[13.216s] writing requirements to ../build/image_processor/image_processor.egg-info/requires.txt
[13.216s] writing top-level names to ../build/image_processor/image_processor.egg-info/top_level.txt
[13.235s] reading manifest file '../build/image_processor/image_processor.egg-info/SOURCES.txt'
[13.252s] writing manifest file '../build/image_processor/image_processor.egg-info/SOURCES.txt'
[13.256s] running build
[13.256s] running build_py
[13.257s] running install
[13.267s] running install_lib
[13.277s] running install_data
[13.280s] running install_egg_info
[13.295s] removing '/home/jetson/ros2_ws/src/install/image_processor/lib/python3.8/site-packages/image_processor-0.0.0-py3.8.egg-info' (and everything under it)
[13.295s] Copying ../build/image_processor/image_processor.egg-info to /home/jetson/ros2_ws/src/install/image_processor/lib/python3.8/site-packages/image_processor-0.0.0-py3.8.egg-info
[13.304s] running install_scripts
[13.465s] Installing state_machine script to /home/jetson/ros2_ws/src/install/image_processor/lib/image_processor
[13.470s] writing list of installed files to '/home/jetson/ros2_ws/src/build/image_processor/install.log'
[13.639s] Invoked command in '/home/jetson/ros2_ws/src/image_processor' returned '0': PYTHONPATH=/home/jetson/ros2_ws/src/build/image_processor/prefix_override:/usr/lib/python3/dist-packages/colcon_core/task/python/colcon_distutils_commands:/home/jetson/ros2_ws/src/install/image_processor/lib/python3.8/site-packages:${PYTHONPATH} /usr/bin/python3 -W ignore:setup.py install is deprecated -W ignore:easy_install command is deprecated setup.py egg_info --egg-base ../build/image_processor build --build-base /home/jetson/ros2_ws/src/build/image_processor/build install --record /home/jetson/ros2_ws/src/build/image_processor/install.log --install-scripts $base/lib/image_processor --single-version-externally-managed install_data
