/usr/local/lib/python3.8/dist-packages/setuptools/dist.py:717: UserWarning: Usage of dash-separated 'script-dir' will not be supported in future versions. Please use the underscore name 'script_dir' instead
  warnings.warn(
running develop
Removing /home/jetson/ros2_ws/install/vicon_bridge/lib/python3.8/site-packages/vicon-bridge.egg-link (link to .)
/usr/local/lib/python3.8/dist-packages/setuptools/dist.py:717: UserWarning: Usage of dash-separated 'script-dir' will not be supported in future versions. Please use the underscore name 'script_dir' instead
  warnings.warn(
running egg_info
writing ../../build/vicon_bridge/vicon_bridge.egg-info/PKG-INFO
writing dependency_links to ../../build/vicon_bridge/vicon_bridge.egg-info/dependency_links.txt
writing entry points to ../../build/vicon_bridge/vicon_bridge.egg-info/entry_points.txt
writing requirements to ../../build/vicon_bridge/vicon_bridge.egg-info/requires.txt
writing top-level names to ../../build/vicon_bridge/vicon_bridge.egg-info/top_level.txt
reading manifest file '../../build/vicon_bridge/vicon_bridge.egg-info/SOURCES.txt'
writing manifest file '../../build/vicon_bridge/vicon_bridge.egg-info/SOURCES.txt'
running build
running build_py
creating /home/jetson/ros2_ws/build/vicon_bridge/build
creating /home/jetson/ros2_ws/build/vicon_bridge/build/lib
creating /home/jetson/ros2_ws/build/vicon_bridge/build/lib/vicon_bridge
copying vicon_bridge/vicon_bridge.py -> /home/jetson/ros2_ws/build/vicon_bridge/build/lib/vicon_bridge
copying vicon_bridge/__init__.py -> /home/jetson/ros2_ws/build/vicon_bridge/build/lib/vicon_bridge
running install
running install_lib
creating /home/jetson/ros2_ws/install/vicon_bridge/lib/python3.8/site-packages/vicon_bridge
copying /home/jetson/ros2_ws/build/vicon_bridge/build/lib/vicon_bridge/vicon_bridge.py -> /home/jetson/ros2_ws/install/vicon_bridge/lib/python3.8/site-packages/vicon_bridge
copying /home/jetson/ros2_ws/build/vicon_bridge/build/lib/vicon_bridge/__init__.py -> /home/jetson/ros2_ws/install/vicon_bridge/lib/python3.8/site-packages/vicon_bridge
byte-compiling /home/jetson/ros2_ws/install/vicon_bridge/lib/python3.8/site-packages/vicon_bridge/vicon_bridge.py to vicon_bridge.cpython-38.pyc
byte-compiling /home/jetson/ros2_ws/install/vicon_bridge/lib/python3.8/site-packages/vicon_bridge/__init__.py to __init__.cpython-38.pyc
running install_data
copying resource/vicon_bridge -> /home/jetson/ros2_ws/install/vicon_bridge/share/ament_index/resource_index/packages
copying package.xml -> /home/jetson/ros2_ws/install/vicon_bridge/share/vicon_bridge
running install_egg_info
Copying ../../build/vicon_bridge/vicon_bridge.egg-info to /home/jetson/ros2_ws/install/vicon_bridge/lib/python3.8/site-packages/vicon_bridge-0.0.0-py3.8.egg-info
running install_scripts
Installing vicon_bridge script to /home/jetson/ros2_ws/install/vicon_bridge/lib/vicon_bridge
writing list of installed files to '/home/jetson/ros2_ws/build/vicon_bridge/install.log'
