[7.451s] Invoking command in '/home/jetson/ros2_ws/build/vicon_obstacle_republisher': PYTHONPATH=/home/jetson/ros2_ws/build/vicon_obstacle_republisher/prefix_override:/usr/lib/python3/dist-packages/colcon_core/task/python/colcon_distutils_commands:/home/jetson/ros2_ws/install/vicon_obstacle_republisher/lib/python3.8/site-packages:${PYTHONPATH} /usr/bin/python3 -W ignore:setup.py install is deprecated -W ignore:easy_install command is deprecated setup.py develop --editable --build-directory /home/jetson/ros2_ws/build/vicon_obstacle_republisher/build --no-deps symlink_data
[8.933s] /usr/local/lib/python3.8/dist-packages/setuptools/dist.py:717: UserWarning: Usage of dash-separated 'script-dir' will not be supported in future versions. Please use the underscore name 'script_dir' instead
[8.934s]   warnings.warn(
[9.186s] running develop
[10.159s] running egg_info
[10.160s] creating vicon_obstacle_republisher.egg-info
[10.161s] writing vicon_obstacle_republisher.egg-info/PKG-INFO
[10.161s] writing dependency_links to vicon_obstacle_republisher.egg-info/dependency_links.txt
[10.165s] writing entry points to vicon_obstacle_republisher.egg-info/entry_points.txt
[10.165s] writing requirements to vicon_obstacle_republisher.egg-info/requires.txt
[10.165s] writing top-level names to vicon_obstacle_republisher.egg-info/top_level.txt
[10.170s] writing manifest file 'vicon_obstacle_republisher.egg-info/SOURCES.txt'
[10.177s] reading manifest file 'vicon_obstacle_republisher.egg-info/SOURCES.txt'
[10.180s] writing manifest file 'vicon_obstacle_republisher.egg-info/SOURCES.txt'
[10.404s] running build_ext
[10.404s] Creating /home/jetson/ros2_ws/install/vicon_obstacle_republisher/lib/python3.8/site-packages/vicon-obstacle-republisher.egg-link (link to .)
[10.405s] Installing vicon_obstacle_republisher_node script to /home/jetson/ros2_ws/install/vicon_obstacle_republisher/lib/vicon_obstacle_republisher
[10.406s] 
[10.407s] Installed /home/jetson/ros2_ws/build/vicon_obstacle_republisher
[10.407s] running symlink_data
[10.408s] creating /home/jetson/ros2_ws/install/vicon_obstacle_republisher/share/ament_index
[10.408s] creating /home/jetson/ros2_ws/install/vicon_obstacle_republisher/share/ament_index/resource_index
[10.409s] creating /home/jetson/ros2_ws/install/vicon_obstacle_republisher/share/ament_index/resource_index/packages
[10.409s] symbolically linking /home/jetson/ros2_ws/build/vicon_obstacle_republisher/resource/vicon_obstacle_republisher -> /home/jetson/ros2_ws/install/vicon_obstacle_republisher/share/ament_index/resource_index/packages
[10.410s] symbolically linking /home/jetson/ros2_ws/build/vicon_obstacle_republisher/package.xml -> /home/jetson/ros2_ws/install/vicon_obstacle_republisher/share/vicon_obstacle_republisher
[10.550s] Invoked command in '/home/jetson/ros2_ws/build/vicon_obstacle_republisher' returned '0': PYTHONPATH=/home/jetson/ros2_ws/build/vicon_obstacle_republisher/prefix_override:/usr/lib/python3/dist-packages/colcon_core/task/python/colcon_distutils_commands:/home/jetson/ros2_ws/install/vicon_obstacle_republisher/lib/python3.8/site-packages:${PYTHONPATH} /usr/bin/python3 -W ignore:setup.py install is deprecated -W ignore:easy_install command is deprecated setup.py develop --editable --build-directory /home/jetson/ros2_ws/build/vicon_obstacle_republisher/build --no-deps symlink_data
