[8.716s] Invoking command in '/home/jetson/ros2_ws/src/comm_node': PYTHONPATH=/home/jetson/ros2_ws/src/build/comm_node/prefix_override:/usr/lib/python3/dist-packages/colcon_core/task/python/colcon_distutils_commands:/home/jetson/ros2_ws/src/install/comm_node/lib/python3.8/site-packages:${PYTHONPATH} /usr/bin/python3 -W ignore:setup.py install is deprecated -W ignore:easy_install command is deprecated setup.py egg_info --egg-base ../build/comm_node build --build-base /home/jetson/ros2_ws/src/build/comm_node/build install --record /home/jetson/ros2_ws/src/build/comm_node/install.log --install-scripts $base/lib/comm_node --single-version-externally-managed install_data
[10.417s] /usr/local/lib/python3.8/dist-packages/setuptools/dist.py:717: UserWarning: Usage of dash-separated 'script-dir' will not be supported in future versions. Please use the underscore name 'script_dir' instead
[10.421s]   warnings.warn(
[10.625s] running egg_info
[10.636s] writing ../build/comm_node/comm_node.egg-info/PKG-INFO
[10.643s] writing dependency_links to ../build/comm_node/comm_node.egg-info/dependency_links.txt
[10.649s] writing entry points to ../build/comm_node/comm_node.egg-info/entry_points.txt
[10.657s] writing requirements to ../build/comm_node/comm_node.egg-info/requires.txt
[10.662s] writing top-level names to ../build/comm_node/comm_node.egg-info/top_level.txt
[10.708s] reading manifest file '../build/comm_node/comm_node.egg-info/SOURCES.txt'
[10.731s] writing manifest file '../build/comm_node/comm_node.egg-info/SOURCES.txt'
[10.740s] running build
[10.743s] running build_py
[10.746s] copying comm_node/comm.py -> /home/jetson/ros2_ws/src/build/comm_node/build/lib/comm_node
[10.767s] running install
[10.788s] running install_lib
[10.792s] copying /home/jetson/ros2_ws/src/build/comm_node/build/lib/comm_node/comm.py -> /home/jetson/ros2_ws/src/install/comm_node/lib/python3.8/site-packages/comm_node
[10.804s] byte-compiling /home/jetson/ros2_ws/src/install/comm_node/lib/python3.8/site-packages/comm_node/comm.py to comm.cpython-38.pyc
[10.816s] running install_data
[10.819s] running install_egg_info
[10.831s] removing '/home/jetson/ros2_ws/src/install/comm_node/lib/python3.8/site-packages/comm_node-0.0.1-py3.8.egg-info' (and everything under it)
[10.849s] Copying ../build/comm_node/comm_node.egg-info to /home/jetson/ros2_ws/src/install/comm_node/lib/python3.8/site-packages/comm_node-0.0.1-py3.8.egg-info
[10.933s] running install_scripts
[11.116s] Installing comm script to /home/jetson/ros2_ws/src/install/comm_node/lib/comm_node
[11.131s] writing list of installed files to '/home/jetson/ros2_ws/src/build/comm_node/install.log'
[11.421s] Invoked command in '/home/jetson/ros2_ws/src/comm_node' returned '0': PYTHONPATH=/home/jetson/ros2_ws/src/build/comm_node/prefix_override:/usr/lib/python3/dist-packages/colcon_core/task/python/colcon_distutils_commands:/home/jetson/ros2_ws/src/install/comm_node/lib/python3.8/site-packages:${PYTHONPATH} /usr/bin/python3 -W ignore:setup.py install is deprecated -W ignore:easy_install command is deprecated setup.py egg_info --egg-base ../build/comm_node build --build-base /home/jetson/ros2_ws/src/build/comm_node/build install --record /home/jetson/ros2_ws/src/build/comm_node/install.log --install-scripts $base/lib/comm_node --single-version-externally-managed install_data
