[6.931s] Invoking command in '/home/jetson/ros2_ws/src/image_saver': PYTHONPATH=/home/jetson/ros2_ws/src/build/image_saver/prefix_override:/usr/lib/python3/dist-packages/colcon_core/task/python/colcon_distutils_commands:/home/jetson/ros2_ws/src/install/image_saver/lib/python3.8/site-packages:${PYTHONPATH} /usr/bin/python3 -W ignore:setup.py install is deprecated -W ignore:easy_install command is deprecated setup.py egg_info --egg-base ../build/image_saver build --build-base /home/jetson/ros2_ws/src/build/image_saver/build install --record /home/jetson/ros2_ws/src/build/image_saver/install.log --install-scripts $base/lib/image_saver --single-version-externally-managed install_data
[8.761s] /usr/local/lib/python3.8/dist-packages/setuptools/dist.py:717: UserWarning: Usage of dash-separated 'script-dir' will not be supported in future versions. Please use the underscore name 'script_dir' instead
[8.762s]   warnings.warn(
[8.967s] running egg_info
[8.974s] writing ../build/image_saver/image_saver.egg-info/PKG-INFO
[8.975s] writing dependency_links to ../build/image_saver/image_saver.egg-info/dependency_links.txt
[8.975s] writing entry points to ../build/image_saver/image_saver.egg-info/entry_points.txt
[8.976s] writing requirements to ../build/image_saver/image_saver.egg-info/requires.txt
[8.985s] writing top-level names to ../build/image_saver/image_saver.egg-info/top_level.txt
[8.987s] reading manifest file '../build/image_saver/image_saver.egg-info/SOURCES.txt'
[8.992s] writing manifest file '../build/image_saver/image_saver.egg-info/SOURCES.txt'
[8.993s] running build
[8.994s] running build_py
[8.994s] copying image_saver/camera_saver.py -> /home/jetson/ros2_ws/src/build/image_saver/build/lib/image_saver
[8.999s] running install
[9.004s] running install_lib
[9.010s] copying /home/jetson/ros2_ws/src/build/image_saver/build/lib/image_saver/camera_saver.py -> /home/jetson/ros2_ws/src/install/image_saver/lib/python3.8/site-packages/image_saver
[9.016s] byte-compiling /home/jetson/ros2_ws/src/install/image_saver/lib/python3.8/site-packages/image_saver/camera_saver.py to camera_saver.cpython-38.pyc
[9.025s] running install_data
[9.027s] running install_egg_info
[9.036s] removing '/home/jetson/ros2_ws/src/install/image_saver/lib/python3.8/site-packages/image_saver-0.0.0-py3.8.egg-info' (and everything under it)
[9.045s] Copying ../build/image_saver/image_saver.egg-info to /home/jetson/ros2_ws/src/install/image_saver/lib/python3.8/site-packages/image_saver-0.0.0-py3.8.egg-info
[9.064s] running install_scripts
[9.177s] Installing camera_saver script to /home/jetson/ros2_ws/src/install/image_saver/lib/image_saver
[9.178s] writing list of installed files to '/home/jetson/ros2_ws/src/build/image_saver/install.log'
[9.322s] Invoked command in '/home/jetson/ros2_ws/src/image_saver' returned '0': PYTHONPATH=/home/jetson/ros2_ws/src/build/image_saver/prefix_override:/usr/lib/python3/dist-packages/colcon_core/task/python/colcon_distutils_commands:/home/jetson/ros2_ws/src/install/image_saver/lib/python3.8/site-packages:${PYTHONPATH} /usr/bin/python3 -W ignore:setup.py install is deprecated -W ignore:easy_install command is deprecated setup.py egg_info --egg-base ../build/image_saver build --build-base /home/jetson/ros2_ws/src/build/image_saver/build install --record /home/jetson/ros2_ws/src/build/image_saver/install.log --install-scripts $base/lib/image_saver --single-version-externally-managed install_data
