[4.717s] Invoking command in '/home/jetson/ros2_ws/src/vicon_bridge': PYTHONPATH=/home/jetson/ros2_ws/build/vicon_bridge/prefix_override:/usr/lib/python3/dist-packages/colcon_core/task/python/colcon_distutils_commands:/home/jetson/ros2_ws/install/vicon_bridge/lib/python3.8/site-packages:${PYTHONPATH} /usr/bin/python3 -W ignore:setup.py install is deprecated -W ignore:easy_install command is deprecated setup.py egg_info --egg-base ../../build/vicon_bridge build --build-base /home/jetson/ros2_ws/build/vicon_bridge/build install --record /home/jetson/ros2_ws/build/vicon_bridge/install.log --install-scripts $base/lib/vicon_bridge --single-version-externally-managed install_data
[5.785s] /usr/local/lib/python3.8/dist-packages/setuptools/dist.py:717: UserWarning: Usage of dash-separated 'script-dir' will not be supported in future versions. Please use the underscore name 'script_dir' instead
[5.785s]   warnings.warn(
[5.923s] running egg_info
[5.928s] writing ../../build/vicon_bridge/vicon_bridge.egg-info/PKG-INFO
[5.929s] writing dependency_links to ../../build/vicon_bridge/vicon_bridge.egg-info/dependency_links.txt
[5.929s] writing entry points to ../../build/vicon_bridge/vicon_bridge.egg-info/entry_points.txt
[5.929s] writing requirements to ../../build/vicon_bridge/vicon_bridge.egg-info/requires.txt
[5.930s] writing top-level names to ../../build/vicon_bridge/vicon_bridge.egg-info/top_level.txt
[5.940s] reading manifest file '../../build/vicon_bridge/vicon_bridge.egg-info/SOURCES.txt'
[5.945s] writing manifest file '../../build/vicon_bridge/vicon_bridge.egg-info/SOURCES.txt'
[5.945s] running build
[5.946s] running build_py
[5.946s] copying vicon_bridge/vicon_bridge.py -> /home/jetson/ros2_ws/build/vicon_bridge/build/lib/vicon_bridge
[5.947s] running install
[5.950s] running install_lib
[5.956s] copying /home/jetson/ros2_ws/build/vicon_bridge/build/lib/vicon_bridge/vicon_bridge.py -> /home/jetson/ros2_ws/install/vicon_bridge/lib/python3.8/site-packages/vicon_bridge
[5.957s] byte-compiling /home/jetson/ros2_ws/install/vicon_bridge/lib/python3.8/site-packages/vicon_bridge/vicon_bridge.py to vicon_bridge.cpython-38.pyc
[5.959s] running install_data
[5.960s] running install_egg_info
[5.967s] removing '/home/jetson/ros2_ws/install/vicon_bridge/lib/python3.8/site-packages/vicon_bridge-0.0.0-py3.8.egg-info' (and everything under it)
[5.968s] Copying ../../build/vicon_bridge/vicon_bridge.egg-info to /home/jetson/ros2_ws/install/vicon_bridge/lib/python3.8/site-packages/vicon_bridge-0.0.0-py3.8.egg-info
[5.972s] running install_scripts
[6.049s] Installing vicon_bridge script to /home/jetson/ros2_ws/install/vicon_bridge/lib/vicon_bridge
[6.050s] writing list of installed files to '/home/jetson/ros2_ws/build/vicon_bridge/install.log'
[6.148s] Invoked command in '/home/jetson/ros2_ws/src/vicon_bridge' returned '0': PYTHONPATH=/home/jetson/ros2_ws/build/vicon_bridge/prefix_override:/usr/lib/python3/dist-packages/colcon_core/task/python/colcon_distutils_commands:/home/jetson/ros2_ws/install/vicon_bridge/lib/python3.8/site-packages:${PYTHONPATH} /usr/bin/python3 -W ignore:setup.py install is deprecated -W ignore:easy_install command is deprecated setup.py egg_info --egg-base ../../build/vicon_bridge build --build-base /home/jetson/ros2_ws/build/vicon_bridge/build install --record /home/jetson/ros2_ws/build/vicon_bridge/install.log --install-scripts $base/lib/vicon_bridge --single-version-externally-managed install_data
